

================================================================
== Vitis HLS Report for 'VecAdd'
================================================================
* Date:           Wed May  8 14:00:26 2024

* Version:        2022.1 (Build 3526262 on Mon Apr 18 15:47:01 MDT 2022)
* Project:        project
* Solution:       VecAdd (Vivado IP Flow Target)
* Product family: virtexuplus
* Target device:  xcu55c-fsvh2892-2L-e


================================================================
== Performance Estimates
================================================================
+ Timing: 
    * Summary: 
    +--------+---------+----------+------------+
    |  Clock |  Target | Estimated| Uncertainty|
    +--------+---------+----------+------------+
    |ap_clk  |  3.33 ns|  1.000 ns|     0.90 ns|
    +--------+---------+----------+------------+

+ Latency: 
    * Summary: 
    +---------+---------+----------+----------+-----+-----+---------+
    |  Latency (cycles) |  Latency (absolute) |  Interval | Pipeline|
    |   min   |   max   |    min   |    max   | min | max |   Type  |
    +---------+---------+----------+----------+-----+-----+---------+
    |        0|        0|      0 ns|      0 ns|    1|    1|       no|
    +---------+---------+----------+----------+-----+-----+---------+

    + Detail: 
        * Instance: 
        N/A

        * Loop: 
        N/A



================================================================
== Utilization Estimates
================================================================
* Summary: 
+---------------------+---------+------+---------+---------+-----+
|         Name        | BRAM_18K|  DSP |    FF   |   LUT   | URAM|
+---------------------+---------+------+---------+---------+-----+
|DSP                  |        -|     -|        -|        -|    -|
|Expression           |        -|     -|        -|        -|    -|
|FIFO                 |        -|     -|        -|        -|    -|
|Instance             |        0|     -|      316|      552|    0|
|Memory               |        -|     -|        -|        -|    -|
|Multiplexer          |        -|     -|        -|        -|    -|
|Register             |        -|     -|        -|        -|    -|
+---------------------+---------+------+---------+---------+-----+
|Total                |        0|     0|      316|      552|    0|
+---------------------+---------+------+---------+---------+-----+
|Available SLR        |     1344|  3008|   869120|   434560|  320|
+---------------------+---------+------+---------+---------+-----+
|Utilization SLR (%)  |        0|     0|       ~0|       ~0|    0|
+---------------------+---------+------+---------+---------+-----+
|Available            |     4032|  9024|  2607360|  1303680|  960|
+---------------------+---------+------+---------+---------+-----+
|Utilization (%)      |        0|     0|       ~0|       ~0|    0|
+---------------------+---------+------+---------+---------+-----+

+ Detail: 
    * Instance: 
    +-----------------+---------------+---------+----+-----+-----+-----+
    |     Instance    |     Module    | BRAM_18K| DSP|  FF | LUT | URAM|
    +-----------------+---------------+---------+----+-----+-----+-----+
    |control_s_axi_U  |control_s_axi  |        0|   0|  316|  552|    0|
    +-----------------+---------------+---------+----+-----+-----+-----+
    |Total            |               |        0|   0|  316|  552|    0|
    +-----------------+---------------+---------+----+-----+-----+-----+

    * DSP: 
    N/A

    * Memory: 
    N/A

    * FIFO: 
    N/A

    * Expression: 
    N/A

    * Multiplexer: 
    N/A

    * Register: 
    N/A



================================================================
== Interface
================================================================
* Summary: 
+-----------------------+-----+-----+------------+--------------+--------------+
|       RTL Ports       | Dir | Bits|  Protocol  | Source Object|    C Type    |
+-----------------------+-----+-----+------------+--------------+--------------+
|s_axi_control_AWVALID  |   in|    1|       s_axi|       control|        scalar|
|s_axi_control_AWREADY  |  out|    1|       s_axi|       control|        scalar|
|s_axi_control_AWADDR   |   in|    6|       s_axi|       control|        scalar|
|s_axi_control_WVALID   |   in|    1|       s_axi|       control|        scalar|
|s_axi_control_WREADY   |  out|    1|       s_axi|       control|        scalar|
|s_axi_control_WDATA    |   in|   32|       s_axi|       control|        scalar|
|s_axi_control_WSTRB    |   in|    4|       s_axi|       control|        scalar|
|s_axi_control_ARVALID  |   in|    1|       s_axi|       control|        scalar|
|s_axi_control_ARREADY  |  out|    1|       s_axi|       control|        scalar|
|s_axi_control_ARADDR   |   in|    6|       s_axi|       control|        scalar|
|s_axi_control_RVALID   |  out|    1|       s_axi|       control|        scalar|
|s_axi_control_RREADY   |   in|    1|       s_axi|       control|        scalar|
|s_axi_control_RDATA    |  out|   32|       s_axi|       control|        scalar|
|s_axi_control_RRESP    |  out|    2|       s_axi|       control|        scalar|
|s_axi_control_BVALID   |  out|    1|       s_axi|       control|        scalar|
|s_axi_control_BREADY   |   in|    1|       s_axi|       control|        scalar|
|s_axi_control_BRESP    |  out|    2|       s_axi|       control|        scalar|
|ap_clk                 |   in|    1|  ap_ctrl_hs|        VecAdd|  return value|
|ap_rst_n               |   in|    1|  ap_ctrl_hs|        VecAdd|  return value|
|interrupt              |  out|    1|  ap_ctrl_hs|        VecAdd|  return value|
+-----------------------+-----+-----+------------+--------------+--------------+

============================================================
+ Verbose Summary: Synthesis Manager
============================================================
InlineROM: 1
ExposeGlobal: 0
============================================================
+ Verbose Summary: CDFG Model
============================================================
IsTopModel: 1
ResetActiveHigh: 1
IsCombinational: 1
IsDatapathOnly: 2
HasWiredReturn: 1
HasMFsm: 0
HasVarLatency: 0
IsPipeline: 0
IsRtlPipelined: 0
IsInstanceOverlapped: 0
IsDontTouch: 0
HasImplIP: 0
IsGatedGlobalClock: 0


============================================================
+ Verbose Summary: Schedule
============================================================
* Number of FSM states : 1
* Pipeline : 0
* Dataflow Pipeline: 0

* FSM state transitions: 
1 --> 

* FSM state operations: 

State 1 <SV = 0> <Delay = 1.00>
ST_1 : Operation 2 [1/1] (0.00ns)   --->   "%spectopmodule_ln16 = spectopmodule void @_ssdm_op_SpecTopModule, void @empty_7" [/home/nehaprakriya/Documents/tapa/apps/vadd/run/cpp/VecAdd.cpp:16]   --->   Operation 2 'spectopmodule' 'spectopmodule_ln16' <Predicate = true> <Delay = 0.00>
ST_1 : Operation 3 [1/1] (0.00ns)   --->   "%specbitsmap_ln0 = specbitsmap void @_ssdm_op_SpecBitsMap, i64 %a"   --->   Operation 3 'specbitsmap' 'specbitsmap_ln0' <Predicate = true> <Delay = 0.00>
ST_1 : Operation 4 [1/1] (0.00ns)   --->   "%specinterface_ln0 = specinterface void @_ssdm_op_SpecInterface, i64 %a, void @empty, i32 0, i32 0, void @empty_0, i32 0, i32 0, void @empty_1, void @empty_2, void @empty_0, i32 0, i32 0, i32 0, i32 0, void @empty_0, void @empty_0, i32 4294967295, i32 0"   --->   Operation 4 'specinterface' 'specinterface_ln0' <Predicate = true> <Delay = 0.00>
ST_1 : Operation 5 [1/1] (0.00ns)   --->   "%specinterface_ln0 = specinterface void @_ssdm_op_SpecInterface, i64 %a, void @empty_3, i32 0, i32 0, void @empty_0, i32 0, i32 0, void @empty_0, void @empty_0, void @empty_0, i32 0, i32 0, i32 0, i32 0, void @empty_0, void @empty_0, i32 4294967295, i32 0"   --->   Operation 5 'specinterface' 'specinterface_ln0' <Predicate = true> <Delay = 0.00>
ST_1 : Operation 6 [1/1] (0.00ns)   --->   "%specbitsmap_ln0 = specbitsmap void @_ssdm_op_SpecBitsMap, i64 %b"   --->   Operation 6 'specbitsmap' 'specbitsmap_ln0' <Predicate = true> <Delay = 0.00>
ST_1 : Operation 7 [1/1] (0.00ns)   --->   "%specinterface_ln0 = specinterface void @_ssdm_op_SpecInterface, i64 %b, void @empty, i32 0, i32 0, void @empty_0, i32 0, i32 0, void @empty_1, void @empty_4, void @empty_0, i32 0, i32 0, i32 0, i32 0, void @empty_0, void @empty_0, i32 4294967295, i32 0"   --->   Operation 7 'specinterface' 'specinterface_ln0' <Predicate = true> <Delay = 0.00>
ST_1 : Operation 8 [1/1] (0.00ns)   --->   "%specinterface_ln0 = specinterface void @_ssdm_op_SpecInterface, i64 %b, void @empty_3, i32 0, i32 0, void @empty_0, i32 0, i32 0, void @empty_0, void @empty_0, void @empty_0, i32 0, i32 0, i32 0, i32 0, void @empty_0, void @empty_0, i32 4294967295, i32 0"   --->   Operation 8 'specinterface' 'specinterface_ln0' <Predicate = true> <Delay = 0.00>
ST_1 : Operation 9 [1/1] (0.00ns)   --->   "%specbitsmap_ln0 = specbitsmap void @_ssdm_op_SpecBitsMap, i64 %c"   --->   Operation 9 'specbitsmap' 'specbitsmap_ln0' <Predicate = true> <Delay = 0.00>
ST_1 : Operation 10 [1/1] (0.00ns)   --->   "%specinterface_ln0 = specinterface void @_ssdm_op_SpecInterface, i64 %c, void @empty, i32 0, i32 0, void @empty_0, i32 0, i32 0, void @empty_1, void @empty_5, void @empty_0, i32 0, i32 0, i32 0, i32 0, void @empty_0, void @empty_0, i32 4294967295, i32 0"   --->   Operation 10 'specinterface' 'specinterface_ln0' <Predicate = true> <Delay = 0.00>
ST_1 : Operation 11 [1/1] (0.00ns)   --->   "%specinterface_ln0 = specinterface void @_ssdm_op_SpecInterface, i64 %c, void @empty_3, i32 0, i32 0, void @empty_0, i32 0, i32 0, void @empty_0, void @empty_0, void @empty_0, i32 0, i32 0, i32 0, i32 0, void @empty_0, void @empty_0, i32 4294967295, i32 0"   --->   Operation 11 'specinterface' 'specinterface_ln0' <Predicate = true> <Delay = 0.00>
ST_1 : Operation 12 [1/1] (0.00ns)   --->   "%specbitsmap_ln0 = specbitsmap void @_ssdm_op_SpecBitsMap, i64 %n"   --->   Operation 12 'specbitsmap' 'specbitsmap_ln0' <Predicate = true> <Delay = 0.00>
ST_1 : Operation 13 [1/1] (0.00ns)   --->   "%specinterface_ln0 = specinterface void @_ssdm_op_SpecInterface, i64 %n, void @empty, i32 0, i32 0, void @empty_0, i32 0, i32 0, void @empty_1, void @empty_6, void @empty_0, i32 0, i32 0, i32 0, i32 0, void @empty_0, void @empty_0, i32 4294967295, i32 0"   --->   Operation 13 'specinterface' 'specinterface_ln0' <Predicate = true> <Delay = 0.00>
ST_1 : Operation 14 [1/1] (0.00ns)   --->   "%specinterface_ln0 = specinterface void @_ssdm_op_SpecInterface, i64 %n, void @empty_3, i32 0, i32 0, void @empty_0, i32 0, i32 0, void @empty_0, void @empty_0, void @empty_0, i32 0, i32 0, i32 0, i32 0, void @empty_0, void @empty_0, i32 4294967295, i32 0"   --->   Operation 14 'specinterface' 'specinterface_ln0' <Predicate = true> <Delay = 0.00>
ST_1 : Operation 15 [1/1] (0.00ns)   --->   "%specinterface_ln0 = specinterface void @_ssdm_op_SpecInterface, i32 0, void @empty, i32 0, i32 0, void @empty_0, i32 0, i32 0, void @empty_1, void @empty_0, void @empty_0, i32 0, i32 0, i32 0, i32 0, void @empty_0, void @empty_0, i32 4294967295, i32 0"   --->   Operation 15 'specinterface' 'specinterface_ln0' <Predicate = true> <Delay = 0.00>
ST_1 : Operation 16 [1/1] (1.00ns)   --->   "%n_read = read i64 @_ssdm_op_Read.s_axilite.i64, i64 %n"   --->   Operation 16 'read' 'n_read' <Predicate = true> <Delay = 1.00> <CoreInst = "s_axilite">   --->   Core 122 's_axilite' <Latency = 0> <II = 1> <Delay = 1.00> <Adapter> <Opcode : 'read' 'write'>
ST_1 : Operation 17 [1/1] (1.00ns)   --->   "%c_read = read i64 @_ssdm_op_Read.s_axilite.i64, i64 %c"   --->   Operation 17 'read' 'c_read' <Predicate = true> <Delay = 1.00> <CoreInst = "s_axilite">   --->   Core 122 's_axilite' <Latency = 0> <II = 1> <Delay = 1.00> <Adapter> <Opcode : 'read' 'write'>
ST_1 : Operation 18 [1/1] (1.00ns)   --->   "%b_read = read i64 @_ssdm_op_Read.s_axilite.i64, i64 %b"   --->   Operation 18 'read' 'b_read' <Predicate = true> <Delay = 1.00> <CoreInst = "s_axilite">   --->   Core 122 's_axilite' <Latency = 0> <II = 1> <Delay = 1.00> <Adapter> <Opcode : 'read' 'write'>
ST_1 : Operation 19 [1/1] (1.00ns)   --->   "%a_read = read i64 @_ssdm_op_Read.s_axilite.i64, i64 %a"   --->   Operation 19 'read' 'a_read' <Predicate = true> <Delay = 1.00> <CoreInst = "s_axilite">   --->   Core 122 's_axilite' <Latency = 0> <II = 1> <Delay = 1.00> <Adapter> <Opcode : 'read' 'write'>
ST_1 : Operation 20 [1/1] (0.00ns)   --->   "%a_assign = alloca i64 1"   --->   Operation 20 'alloca' 'a_assign' <Predicate = true> <Delay = 0.00>
ST_1 : Operation 21 [1/1] (0.00ns)   --->   "%b_assign = alloca i64 1"   --->   Operation 21 'alloca' 'b_assign' <Predicate = true> <Delay = 0.00>
ST_1 : Operation 22 [1/1] (0.00ns)   --->   "%c_assign = alloca i64 1"   --->   Operation 22 'alloca' 'c_assign' <Predicate = true> <Delay = 0.00>
ST_1 : Operation 23 [1/1] (0.00ns)   --->   "%n_assign = alloca i64 1"   --->   Operation 23 'alloca' 'n_assign' <Predicate = true> <Delay = 0.00>
ST_1 : Operation 24 [1/1] (0.00ns)   --->   "%store_ln0 = store i64 %a_read, i64 %a_assign"   --->   Operation 24 'store' 'store_ln0' <Predicate = true> <Delay = 0.00>
ST_1 : Operation 25 [1/1] (0.00ns)   --->   "%store_ln0 = store i64 %b_read, i64 %b_assign"   --->   Operation 25 'store' 'store_ln0' <Predicate = true> <Delay = 0.00>
ST_1 : Operation 26 [1/1] (0.00ns)   --->   "%store_ln0 = store i64 %c_read, i64 %c_assign"   --->   Operation 26 'store' 'store_ln0' <Predicate = true> <Delay = 0.00>
ST_1 : Operation 27 [1/1] (0.00ns)   --->   "%store_ln0 = store i64 %n_read, i64 %n_assign"   --->   Operation 27 'store' 'store_ln0' <Predicate = true> <Delay = 0.00>
ST_1 : Operation 28 [1/1] (0.00ns)   --->   "%empty = load i64 %a_assign" [/home/nehaprakriya/Documents/tapa/apps/vadd/run/cpp/VecAdd.cpp:20]   --->   Operation 28 'load' 'empty' <Predicate = true> <Delay = 0.00>
ST_1 : Operation 29 [1/1] (0.00ns)   --->   "%empty_10 = load i64 %a_assign" [/home/nehaprakriya/Documents/tapa/apps/vadd/run/cpp/VecAdd.cpp:21]   --->   Operation 29 'load' 'empty_10' <Predicate = true> <Delay = 0.00>
ST_1 : Operation 30 [1/1] (0.00ns)   --->   "%empty_11 = load i64 %b_assign" [/home/nehaprakriya/Documents/tapa/apps/vadd/run/cpp/VecAdd.cpp:24]   --->   Operation 30 'load' 'empty_11' <Predicate = true> <Delay = 0.00>
ST_1 : Operation 31 [1/1] (0.00ns)   --->   "%empty_12 = load i64 %b_assign" [/home/nehaprakriya/Documents/tapa/apps/vadd/run/cpp/VecAdd.cpp:25]   --->   Operation 31 'load' 'empty_12' <Predicate = true> <Delay = 0.00>
ST_1 : Operation 32 [1/1] (0.00ns)   --->   "%empty_13 = load i64 %c_assign" [/home/nehaprakriya/Documents/tapa/apps/vadd/run/cpp/VecAdd.cpp:28]   --->   Operation 32 'load' 'empty_13' <Predicate = true> <Delay = 0.00>
ST_1 : Operation 33 [1/1] (0.00ns)   --->   "%empty_14 = load i64 %c_assign" [/home/nehaprakriya/Documents/tapa/apps/vadd/run/cpp/VecAdd.cpp:29]   --->   Operation 33 'load' 'empty_14' <Predicate = true> <Delay = 0.00>
ST_1 : Operation 34 [1/1] (0.00ns)   --->   "%empty_15 = load i64 %n_assign" [/home/nehaprakriya/Documents/tapa/apps/vadd/run/cpp/VecAdd.cpp:32]   --->   Operation 34 'load' 'empty_15' <Predicate = true> <Delay = 0.00>
ST_1 : Operation 35 [1/1] (0.00ns)   --->   "%ret_ln36 = ret" [/home/nehaprakriya/Documents/tapa/apps/vadd/run/cpp/VecAdd.cpp:36]   --->   Operation 35 'ret' 'ret_ln36' <Predicate = true> <Delay = 0.00>


============================================================
+ Verbose Summary: Binding
============================================================
STG Binding: 
---------------- STG Properties BEGIN ----------------
- Is combinational: 1
- Is one-state seq: 0
- Is datapath-only: 0
- Is pipelined: 0
- Is top level: 1
Port [ Return ] is wired: 1; IO mode=ap_ctrl_hs:ce=0
Port [ a]:  wired=1; compound=0; hidden=0; nouse=0; global=0; static=0; extern=0; dir=0; type=0; pingpong=0; private_global=0; IO mode=ap_none:ce=0
Port [ b]:  wired=1; compound=0; hidden=0; nouse=0; global=0; static=0; extern=0; dir=0; type=0; pingpong=0; private_global=0; IO mode=ap_none:ce=0
Port [ c]:  wired=1; compound=0; hidden=0; nouse=0; global=0; static=0; extern=0; dir=0; type=0; pingpong=0; private_global=0; IO mode=ap_none:ce=0
Port [ n]:  wired=1; compound=0; hidden=0; nouse=0; global=0; static=0; extern=0; dir=0; type=0; pingpong=0; private_global=0; IO mode=ap_none:ce=0
---------------- STG Properties END ------------------

---------------- Datapath Model BEGIN ----------------

<LifeTime>
<method=bitvector/>
spectopmodule_ln16 (spectopmodule) [ 00]
specbitsmap_ln0    (specbitsmap  ) [ 00]
specinterface_ln0  (specinterface) [ 00]
specinterface_ln0  (specinterface) [ 00]
specbitsmap_ln0    (specbitsmap  ) [ 00]
specinterface_ln0  (specinterface) [ 00]
specinterface_ln0  (specinterface) [ 00]
specbitsmap_ln0    (specbitsmap  ) [ 00]
specinterface_ln0  (specinterface) [ 00]
specinterface_ln0  (specinterface) [ 00]
specbitsmap_ln0    (specbitsmap  ) [ 00]
specinterface_ln0  (specinterface) [ 00]
specinterface_ln0  (specinterface) [ 00]
specinterface_ln0  (specinterface) [ 00]
n_read             (read         ) [ 00]
c_read             (read         ) [ 00]
b_read             (read         ) [ 00]
a_read             (read         ) [ 00]
a_assign           (alloca       ) [ 01]
b_assign           (alloca       ) [ 01]
c_assign           (alloca       ) [ 01]
n_assign           (alloca       ) [ 01]
store_ln0          (store        ) [ 00]
store_ln0          (store        ) [ 00]
store_ln0          (store        ) [ 00]
store_ln0          (store        ) [ 00]
empty              (load         ) [ 00]
empty_10           (load         ) [ 00]
empty_11           (load         ) [ 00]
empty_12           (load         ) [ 00]
empty_13           (load         ) [ 00]
empty_14           (load         ) [ 00]
empty_15           (load         ) [ 00]
ret_ln36           (ret          ) [ 00]
</LifeTime>

<model>

<comp_list>
<comp id="0" class="1000" name="a">
<pin_list>
<pin id="1" dir="1" index="0" bw="1" slack="0"/>
</pin_list>
<bind>
<StgValue><ssdm name="a"/></StgValue>
</bind>
</comp>

<comp id="2" class="1000" name="b">
<pin_list>
<pin id="3" dir="1" index="0" bw="1" slack="0"/>
</pin_list>
<bind>
<StgValue><ssdm name="b"/></StgValue>
</bind>
</comp>

<comp id="4" class="1000" name="c">
<pin_list>
<pin id="5" dir="1" index="0" bw="1" slack="0"/>
</pin_list>
<bind>
<StgValue><ssdm name="c"/></StgValue>
</bind>
</comp>

<comp id="6" class="1000" name="n">
<pin_list>
<pin id="7" dir="1" index="0" bw="1" slack="0"/>
</pin_list>
<bind>
<StgValue><ssdm name="n"/></StgValue>
</bind>
</comp>

<comp id="8" class="1001" name="const_8">
<pin_list>
<pin id="9" dir="1" index="0" bw="1" slack="2147483647"/>
</pin_list>
<bind>
<StgValue><ssdm name="_ssdm_op_SpecTopModule"/></StgValue>
</bind>
</comp>

<comp id="10" class="1001" name="const_10">
<pin_list>
<pin id="11" dir="1" index="0" bw="1" slack="2147483647"/>
</pin_list>
<bind>
<StgValue><ssdm name="empty_7"/></StgValue>
</bind>
</comp>

<comp id="12" class="1001" name="const_12">
<pin_list>
<pin id="13" dir="1" index="0" bw="1" slack="2147483647"/>
</pin_list>
<bind>
<StgValue><ssdm name="_ssdm_op_SpecBitsMap"/></StgValue>
</bind>
</comp>

<comp id="14" class="1001" name="const_14">
<pin_list>
<pin id="15" dir="1" index="0" bw="1" slack="2147483647"/>
</pin_list>
<bind>
<StgValue><ssdm name="_ssdm_op_SpecInterface"/></StgValue>
</bind>
</comp>

<comp id="16" class="1001" name="const_16">
<pin_list>
<pin id="17" dir="1" index="0" bw="1" slack="2147483647"/>
</pin_list>
<bind>
<StgValue><ssdm name="empty"/></StgValue>
</bind>
</comp>

<comp id="18" class="1001" name="const_18">
<pin_list>
<pin id="19" dir="1" index="0" bw="1" slack="2147483647"/>
</pin_list>
<bind>
<StgValue><ssdm name=""/></StgValue>
</bind>
</comp>

<comp id="20" class="1001" name="const_20">
<pin_list>
<pin id="21" dir="1" index="0" bw="1" slack="2147483647"/>
</pin_list>
<bind>
<StgValue><ssdm name="empty_0"/></StgValue>
</bind>
</comp>

<comp id="22" class="1001" name="const_22">
<pin_list>
<pin id="23" dir="1" index="0" bw="1" slack="2147483647"/>
</pin_list>
<bind>
<StgValue><ssdm name="empty_1"/></StgValue>
</bind>
</comp>

<comp id="24" class="1001" name="const_24">
<pin_list>
<pin id="25" dir="1" index="0" bw="1" slack="2147483647"/>
</pin_list>
<bind>
<StgValue><ssdm name="empty_2"/></StgValue>
</bind>
</comp>

<comp id="26" class="1001" name="const_26">
<pin_list>
<pin id="27" dir="1" index="0" bw="1" slack="2147483647"/>
</pin_list>
<bind>
<StgValue><ssdm name=""/></StgValue>
</bind>
</comp>

<comp id="28" class="1001" name="const_28">
<pin_list>
<pin id="29" dir="1" index="0" bw="1" slack="2147483647"/>
</pin_list>
<bind>
<StgValue><ssdm name="empty_3"/></StgValue>
</bind>
</comp>

<comp id="30" class="1001" name="const_30">
<pin_list>
<pin id="31" dir="1" index="0" bw="1" slack="2147483647"/>
</pin_list>
<bind>
<StgValue><ssdm name="empty_4"/></StgValue>
</bind>
</comp>

<comp id="32" class="1001" name="const_32">
<pin_list>
<pin id="33" dir="1" index="0" bw="1" slack="2147483647"/>
</pin_list>
<bind>
<StgValue><ssdm name="empty_5"/></StgValue>
</bind>
</comp>

<comp id="34" class="1001" name="const_34">
<pin_list>
<pin id="35" dir="1" index="0" bw="1" slack="2147483647"/>
</pin_list>
<bind>
<StgValue><ssdm name="empty_6"/></StgValue>
</bind>
</comp>

<comp id="36" class="1001" name="const_36">
<pin_list>
<pin id="37" dir="1" index="0" bw="1" slack="0"/>
</pin_list>
<bind>
<StgValue><ssdm name="_ssdm_op_Read.s_axilite.i64"/></StgValue>
</bind>
</comp>

<comp id="38" class="1001" name="const_38">
<pin_list>
<pin id="39" dir="1" index="0" bw="1" slack="0"/>
</pin_list>
<bind>
<StgValue><ssdm name=""/></StgValue>
</bind>
</comp>

<comp id="40" class="1004" name="a_assign_fu_40">
<pin_list>
<pin id="41" dir="0" index="0" bw="1" slack="0"/>
<pin id="42" dir="1" index="1" bw="64" slack="0"/>
</pin_list>
<bind>
<opcode="alloca(26) " fcode="alloca"/>
<opset="a_assign/1 "/>
</bind>
</comp>

<comp id="44" class="1004" name="b_assign_fu_44">
<pin_list>
<pin id="45" dir="0" index="0" bw="1" slack="0"/>
<pin id="46" dir="1" index="1" bw="64" slack="0"/>
</pin_list>
<bind>
<opcode="alloca(26) " fcode="alloca"/>
<opset="b_assign/1 "/>
</bind>
</comp>

<comp id="48" class="1004" name="c_assign_fu_48">
<pin_list>
<pin id="49" dir="0" index="0" bw="1" slack="0"/>
<pin id="50" dir="1" index="1" bw="64" slack="0"/>
</pin_list>
<bind>
<opcode="alloca(26) " fcode="alloca"/>
<opset="c_assign/1 "/>
</bind>
</comp>

<comp id="52" class="1004" name="n_assign_fu_52">
<pin_list>
<pin id="53" dir="0" index="0" bw="1" slack="0"/>
<pin id="54" dir="1" index="1" bw="64" slack="0"/>
</pin_list>
<bind>
<opcode="alloca(26) " fcode="alloca"/>
<opset="n_assign/1 "/>
</bind>
</comp>

<comp id="56" class="1004" name="n_read_read_fu_56">
<pin_list>
<pin id="57" dir="0" index="0" bw="64" slack="0"/>
<pin id="58" dir="0" index="1" bw="64" slack="0"/>
<pin id="59" dir="1" index="2" bw="64" slack="0"/>
</pin_list>
<bind>
<opcode="read(1150) " fcode="read"/>
<opset="n_read/1 "/>
</bind>
</comp>

<comp id="62" class="1004" name="c_read_read_fu_62">
<pin_list>
<pin id="63" dir="0" index="0" bw="64" slack="0"/>
<pin id="64" dir="0" index="1" bw="64" slack="0"/>
<pin id="65" dir="1" index="2" bw="64" slack="0"/>
</pin_list>
<bind>
<opcode="read(1150) " fcode="read"/>
<opset="c_read/1 "/>
</bind>
</comp>

<comp id="68" class="1004" name="b_read_read_fu_68">
<pin_list>
<pin id="69" dir="0" index="0" bw="64" slack="0"/>
<pin id="70" dir="0" index="1" bw="64" slack="0"/>
<pin id="71" dir="1" index="2" bw="64" slack="0"/>
</pin_list>
<bind>
<opcode="read(1150) " fcode="read"/>
<opset="b_read/1 "/>
</bind>
</comp>

<comp id="74" class="1004" name="a_read_read_fu_74">
<pin_list>
<pin id="75" dir="0" index="0" bw="64" slack="0"/>
<pin id="76" dir="0" index="1" bw="64" slack="0"/>
<pin id="77" dir="1" index="2" bw="64" slack="0"/>
</pin_list>
<bind>
<opcode="read(1150) " fcode="read"/>
<opset="a_read/1 "/>
</bind>
</comp>

<comp id="80" class="1004" name="store_ln0_store_fu_80">
<pin_list>
<pin id="81" dir="0" index="0" bw="64" slack="0"/>
<pin id="82" dir="0" index="1" bw="64" slack="0"/>
<pin id="83" dir="1" index="2" bw="0" slack="2147483647"/>
</pin_list>
<bind>
<opcode="store(28) " fcode="store"/>
<opset="store_ln0/1 "/>
</bind>
</comp>

<comp id="85" class="1004" name="store_ln0_store_fu_85">
<pin_list>
<pin id="86" dir="0" index="0" bw="64" slack="0"/>
<pin id="87" dir="0" index="1" bw="64" slack="0"/>
<pin id="88" dir="1" index="2" bw="0" slack="2147483647"/>
</pin_list>
<bind>
<opcode="store(28) " fcode="store"/>
<opset="store_ln0/1 "/>
</bind>
</comp>

<comp id="90" class="1004" name="store_ln0_store_fu_90">
<pin_list>
<pin id="91" dir="0" index="0" bw="64" slack="0"/>
<pin id="92" dir="0" index="1" bw="64" slack="0"/>
<pin id="93" dir="1" index="2" bw="0" slack="2147483647"/>
</pin_list>
<bind>
<opcode="store(28) " fcode="store"/>
<opset="store_ln0/1 "/>
</bind>
</comp>

<comp id="95" class="1004" name="store_ln0_store_fu_95">
<pin_list>
<pin id="96" dir="0" index="0" bw="64" slack="0"/>
<pin id="97" dir="0" index="1" bw="64" slack="0"/>
<pin id="98" dir="1" index="2" bw="0" slack="2147483647"/>
</pin_list>
<bind>
<opcode="store(28) " fcode="store"/>
<opset="store_ln0/1 "/>
</bind>
</comp>

<comp id="100" class="1004" name="empty_load_fu_100">
<pin_list>
<pin id="101" dir="0" index="0" bw="64" slack="0"/>
<pin id="102" dir="1" index="1" bw="64" slack="2147483647"/>
</pin_list>
<bind>
<opcode="load(27) " fcode="load"/>
<opset="empty/1 "/>
</bind>
</comp>

<comp id="103" class="1004" name="empty_10_load_fu_103">
<pin_list>
<pin id="104" dir="0" index="0" bw="64" slack="0"/>
<pin id="105" dir="1" index="1" bw="64" slack="2147483647"/>
</pin_list>
<bind>
<opcode="load(27) " fcode="load"/>
<opset="empty_10/1 "/>
</bind>
</comp>

<comp id="106" class="1004" name="empty_11_load_fu_106">
<pin_list>
<pin id="107" dir="0" index="0" bw="64" slack="0"/>
<pin id="108" dir="1" index="1" bw="64" slack="2147483647"/>
</pin_list>
<bind>
<opcode="load(27) " fcode="load"/>
<opset="empty_11/1 "/>
</bind>
</comp>

<comp id="109" class="1004" name="empty_12_load_fu_109">
<pin_list>
<pin id="110" dir="0" index="0" bw="64" slack="0"/>
<pin id="111" dir="1" index="1" bw="64" slack="2147483647"/>
</pin_list>
<bind>
<opcode="load(27) " fcode="load"/>
<opset="empty_12/1 "/>
</bind>
</comp>

<comp id="112" class="1004" name="empty_13_load_fu_112">
<pin_list>
<pin id="113" dir="0" index="0" bw="64" slack="0"/>
<pin id="114" dir="1" index="1" bw="64" slack="2147483647"/>
</pin_list>
<bind>
<opcode="load(27) " fcode="load"/>
<opset="empty_13/1 "/>
</bind>
</comp>

<comp id="115" class="1004" name="empty_14_load_fu_115">
<pin_list>
<pin id="116" dir="0" index="0" bw="64" slack="0"/>
<pin id="117" dir="1" index="1" bw="64" slack="2147483647"/>
</pin_list>
<bind>
<opcode="load(27) " fcode="load"/>
<opset="empty_14/1 "/>
</bind>
</comp>

<comp id="118" class="1004" name="empty_15_load_fu_118">
<pin_list>
<pin id="119" dir="0" index="0" bw="64" slack="0"/>
<pin id="120" dir="1" index="1" bw="64" slack="2147483647"/>
</pin_list>
<bind>
<opcode="load(27) " fcode="load"/>
<opset="empty_15/1 "/>
</bind>
</comp>

<comp id="121" class="1005" name="a_assign_reg_121">
<pin_list>
<pin id="122" dir="0" index="0" bw="64" slack="0"/>
<pin id="123" dir="1" index="1" bw="64" slack="0"/>
</pin_list>
<bind>
<opset="a_assign "/>
</bind>
</comp>

<comp id="128" class="1005" name="b_assign_reg_128">
<pin_list>
<pin id="129" dir="0" index="0" bw="64" slack="0"/>
<pin id="130" dir="1" index="1" bw="64" slack="0"/>
</pin_list>
<bind>
<opset="b_assign "/>
</bind>
</comp>

<comp id="135" class="1005" name="c_assign_reg_135">
<pin_list>
<pin id="136" dir="0" index="0" bw="64" slack="0"/>
<pin id="137" dir="1" index="1" bw="64" slack="0"/>
</pin_list>
<bind>
<opset="c_assign "/>
</bind>
</comp>

<comp id="142" class="1005" name="n_assign_reg_142">
<pin_list>
<pin id="143" dir="0" index="0" bw="64" slack="0"/>
<pin id="144" dir="1" index="1" bw="64" slack="0"/>
</pin_list>
<bind>
<opset="n_assign "/>
</bind>
</comp>

</comp_list>

<net_list>
<net id="43"><net_src comp="38" pin="0"/><net_sink comp="40" pin=0"/></net>

<net id="47"><net_src comp="38" pin="0"/><net_sink comp="44" pin=0"/></net>

<net id="51"><net_src comp="38" pin="0"/><net_sink comp="48" pin=0"/></net>

<net id="55"><net_src comp="38" pin="0"/><net_sink comp="52" pin=0"/></net>

<net id="60"><net_src comp="36" pin="0"/><net_sink comp="56" pin=0"/></net>

<net id="61"><net_src comp="6" pin="0"/><net_sink comp="56" pin=1"/></net>

<net id="66"><net_src comp="36" pin="0"/><net_sink comp="62" pin=0"/></net>

<net id="67"><net_src comp="4" pin="0"/><net_sink comp="62" pin=1"/></net>

<net id="72"><net_src comp="36" pin="0"/><net_sink comp="68" pin=0"/></net>

<net id="73"><net_src comp="2" pin="0"/><net_sink comp="68" pin=1"/></net>

<net id="78"><net_src comp="36" pin="0"/><net_sink comp="74" pin=0"/></net>

<net id="79"><net_src comp="0" pin="0"/><net_sink comp="74" pin=1"/></net>

<net id="84"><net_src comp="74" pin="2"/><net_sink comp="80" pin=0"/></net>

<net id="89"><net_src comp="68" pin="2"/><net_sink comp="85" pin=0"/></net>

<net id="94"><net_src comp="62" pin="2"/><net_sink comp="90" pin=0"/></net>

<net id="99"><net_src comp="56" pin="2"/><net_sink comp="95" pin=0"/></net>

<net id="124"><net_src comp="40" pin="1"/><net_sink comp="121" pin=0"/></net>

<net id="125"><net_src comp="121" pin="1"/><net_sink comp="80" pin=1"/></net>

<net id="126"><net_src comp="121" pin="1"/><net_sink comp="100" pin=0"/></net>

<net id="127"><net_src comp="121" pin="1"/><net_sink comp="103" pin=0"/></net>

<net id="131"><net_src comp="44" pin="1"/><net_sink comp="128" pin=0"/></net>

<net id="132"><net_src comp="128" pin="1"/><net_sink comp="85" pin=1"/></net>

<net id="133"><net_src comp="128" pin="1"/><net_sink comp="106" pin=0"/></net>

<net id="134"><net_src comp="128" pin="1"/><net_sink comp="109" pin=0"/></net>

<net id="138"><net_src comp="48" pin="1"/><net_sink comp="135" pin=0"/></net>

<net id="139"><net_src comp="135" pin="1"/><net_sink comp="90" pin=1"/></net>

<net id="140"><net_src comp="135" pin="1"/><net_sink comp="112" pin=0"/></net>

<net id="141"><net_src comp="135" pin="1"/><net_sink comp="115" pin=0"/></net>

<net id="145"><net_src comp="52" pin="1"/><net_sink comp="142" pin=0"/></net>

<net id="146"><net_src comp="142" pin="1"/><net_sink comp="95" pin=1"/></net>

<net id="147"><net_src comp="142" pin="1"/><net_sink comp="118" pin=0"/></net>

</net_list>

</model> 
---------------- Datapath Model END ------------------

* FSMD analyzer results:
  - Output states:
 - Input state : 
	Port: VecAdd : a | {1 }
	Port: VecAdd : b | {1 }
	Port: VecAdd : c | {1 }
	Port: VecAdd : n | {1 }
  - Chain level:
	State 1
		store_ln0 : 1
		store_ln0 : 1
		store_ln0 : 1
		store_ln0 : 1
		empty : 1
		empty_10 : 1
		empty_11 : 1
		empty_12 : 1
		empty_13 : 1
		empty_14 : 1
		empty_15 : 1


============================================================
+ Verbose Summary: Datapath Resource usage 
============================================================

* Functional unit list:
|----------|-------------------|
| Operation|  Functional Unit  |
|----------|-------------------|
|          | n_read_read_fu_56 |
|   read   | c_read_read_fu_62 |
|          | b_read_read_fu_68 |
|          | a_read_read_fu_74 |
|----------|-------------------|
|   Total  |                   |
|----------|-------------------|

Memories:
N/A

* Register list:
+----------------+--------+
|                |   FF   |
+----------------+--------+
|a_assign_reg_121|   64   |
|b_assign_reg_128|   64   |
|c_assign_reg_135|   64   |
|n_assign_reg_142|   64   |
+----------------+--------+
|      Total     |   256  |
+----------------+--------+

* Multiplexer (MUX) list: 
|--------|------|------|------|--------|
|  Comp  |  Pin | Size |  BW  | S x BW |
|--------|------|------|------|--------|
|  Total |      |      |      |    0   |
|--------|------|------|------|--------|



* Summary:
+-----------+--------+
|           |   FF   |
+-----------+--------+
|  Function |    -   |
|   Memory  |    -   |
|Multiplexer|    -   |
|  Register |   256  |
+-----------+--------+
|   Total   |   256  |
+-----------+--------+
