

================================================================
== Vitis HLS Report for 'krnl_partialKnn_wrapper_7_Pipeline_VITIS_LOOP_420_1_VITIS_LOOP_421_2'
================================================================
* Date:           Wed May 22 14:57:22 2024

* Version:        2022.1 (Build 3526262 on Mon Apr 18 15:47:01 MDT 2022)
* Project:        project
* Solution:       krnl_partialKnn_wrapper_7 (Vivado IP Flow Target)
* Product family: virtexuplus
* Target device:  xcu55c-fsvh2892-2L-e


================================================================
== Performance Estimates
================================================================
+ Timing: 
    * Summary: 
    +--------+---------+----------+------------+
    |  Clock |  Target | Estimated| Uncertainty|
    +--------+---------+----------+------------+
    |ap_clk  |  3.33 ns|  2.259 ns|     0.90 ns|
    +--------+---------+----------+------------+

+ Latency: 
    * Summary: 
    +---------+---------+----------+----------+-----+-----+---------+
    |  Latency (cycles) |  Latency (absolute) |  Interval | Pipeline|
    |   min   |   max   |    min   |    max   | min | max |   Type  |
    +---------+---------+----------+----------+-----+-----+---------+
    |       82|       82|  0.273 us|  0.273 us|   82|   82|       no|
    +---------+---------+----------+----------+-----+-----+---------+

    + Detail: 
        * Instance: 
        N/A

        * Loop: 
        +-------------------------------------+---------+---------+----------+-----------+-----------+------+----------+
        |                                     |  Latency (cycles) | Iteration|  Initiation Interval  | Trip |          |
        |              Loop Name              |   min   |   max   |  Latency |  achieved |   target  | Count| Pipelined|
        +-------------------------------------+---------+---------+----------+-----------+-----------+------+----------+
        |- VITIS_LOOP_420_1_VITIS_LOOP_421_2  |       80|       80|         1|          1|          1|    80|       yes|
        +-------------------------------------+---------+---------+----------+-----------+-----------+------+----------+

============================================================
+ Verbose Summary: Synthesis Manager
============================================================
InlineROM: 1
ExposeGlobal: 0
============================================================
+ Verbose Summary: CDFG Model
============================================================
IsTopModel: 0
ResetActiveHigh: 1
IsCombinational: 0
IsDatapathOnly: 0
HasWiredReturn: 1
HasMFsm: 2
HasVarLatency: 1
IsPipeline: 0
IsRtlPipelined: 0
IsInstanceOverlapped: 0
IsDontTouch: 0
HasImplIP: 0
IsGatedGlobalClock: 0

+ Individual pipeline summary: 
  * Pipeline-0: initiation interval (II) = 1, depth = 1


============================================================
+ Verbose Summary: Schedule
============================================================
* Number of FSM states : 1
* Pipeline : 1
  Pipeline-0 : II = 1, D = 1, States = { 1 }
* Dataflow Pipeline: 0

* FSM state transitions: 
1 --> 

* FSM state operations: 

State 1 <SV = 0> <Delay = 2.25>
ST_1 : Operation 4 [1/1] (0.00ns)   --->   "%j = alloca i32 1"   --->   Operation 4 'alloca' 'j' <Predicate = true> <Delay = 0.00>
ST_1 : Operation 5 [1/1] (0.00ns)   --->   "%i = alloca i32 1"   --->   Operation 5 'alloca' 'i' <Predicate = true> <Delay = 0.00>
ST_1 : Operation 6 [1/1] (0.00ns)   --->   "%indvar_flatten = alloca i32 1"   --->   Operation 6 'alloca' 'indvar_flatten' <Predicate = true> <Delay = 0.00>
ST_1 : Operation 7 [1/1] (0.38ns)   --->   "%store_ln0 = store i7 0, i7 %indvar_flatten"   --->   Operation 7 'store' 'store_ln0' <Predicate = true> <Delay = 0.38>
ST_1 : Operation 8 [1/1] (0.38ns)   --->   "%store_ln0 = store i4 0, i4 %i"   --->   Operation 8 'store' 'store_ln0' <Predicate = true> <Delay = 0.38>
ST_1 : Operation 9 [1/1] (0.38ns)   --->   "%store_ln0 = store i4 0, i4 %j"   --->   Operation 9 'store' 'store_ln0' <Predicate = true> <Delay = 0.38>
ST_1 : Operation 10 [1/1] (0.00ns)   --->   "%br_ln0 = br void %for.cond32.i"   --->   Operation 10 'br' 'br_ln0' <Predicate = true> <Delay = 0.00>
ST_1 : Operation 11 [1/1] (0.00ns)   --->   "%indvar_flatten_load = load i7 %indvar_flatten" [/home/nehaprakriya/Documents/tapa/regression/knn/src/run_split_check/cpp/krnl_partialKnn_wrapper_7.cpp:420]   --->   Operation 11 'load' 'indvar_flatten_load' <Predicate = true> <Delay = 0.00>
ST_1 : Operation 12 [1/1] (0.59ns)   --->   "%icmp_ln420 = icmp_eq  i7 %indvar_flatten_load, i7 80" [/home/nehaprakriya/Documents/tapa/regression/knn/src/run_split_check/cpp/krnl_partialKnn_wrapper_7.cpp:420]   --->   Operation 12 'icmp' 'icmp_ln420' <Predicate = true> <Delay = 0.59> <CoreInst = "Cmp">   --->   Core 9 'Cmp' <Latency = 0> <II = 1> <Delay = 0.59> <FuncUnit> <Opcode : 'icmp'> <InPorts = 2> <OutPorts = 1>
ST_1 : Operation 13 [1/1] (0.70ns)   --->   "%add_ln420 = add i7 %indvar_flatten_load, i7 1" [/home/nehaprakriya/Documents/tapa/regression/knn/src/run_split_check/cpp/krnl_partialKnn_wrapper_7.cpp:420]   --->   Operation 13 'add' 'add_ln420' <Predicate = true> <Delay = 0.70> <CoreInst = "Adder">   --->   Core 1 'Adder' <Latency = 0> <II = 1> <Delay = 0.70> <FuncUnit> <Opcode : 'add' 'sub'> <InPorts = 2> <OutPorts = 1>
ST_1 : Operation 14 [1/1] (0.00ns)   --->   "%br_ln420 = br i1 %icmp_ln420, void %for.cond.cleanup30.i, void %for.cond.cleanup26.i.exitStub" [/home/nehaprakriya/Documents/tapa/regression/knn/src/run_split_check/cpp/krnl_partialKnn_wrapper_7.cpp:420]   --->   Operation 14 'br' 'br_ln420' <Predicate = true> <Delay = 0.00>
ST_1 : Operation 15 [1/1] (0.00ns)   --->   "%j_load = load i4 %j" [/home/nehaprakriya/Documents/tapa/regression/knn/src/run_split_check/cpp/krnl_partialKnn_wrapper_7.cpp:421]   --->   Operation 15 'load' 'j_load' <Predicate = (!icmp_ln420)> <Delay = 0.00>
ST_1 : Operation 16 [1/1] (0.00ns)   --->   "%i_load = load i4 %i" [/home/nehaprakriya/Documents/tapa/regression/knn/src/run_split_check/cpp/krnl_partialKnn_wrapper_7.cpp:420]   --->   Operation 16 'load' 'i_load' <Predicate = (!icmp_ln420)> <Delay = 0.00>
ST_1 : Operation 17 [1/1] (0.00ns)   --->   "%specloopname_ln0 = specloopname void @_ssdm_op_SpecLoopName, void @VITIS_LOOP_420_1_VITIS_LOOP_421_2_str"   --->   Operation 17 'specloopname' 'specloopname_ln0' <Predicate = (!icmp_ln420)> <Delay = 0.00>
ST_1 : Operation 18 [1/1] (0.00ns)   --->   "%empty = speclooptripcount i32 @_ssdm_op_SpecLoopTripCount, i64 80, i64 80, i64 80"   --->   Operation 18 'speclooptripcount' 'empty' <Predicate = (!icmp_ln420)> <Delay = 0.00>
ST_1 : Operation 19 [1/1] (0.65ns)   --->   "%icmp_ln421 = icmp_eq  i4 %j_load, i4 10" [/home/nehaprakriya/Documents/tapa/regression/knn/src/run_split_check/cpp/krnl_partialKnn_wrapper_7.cpp:421]   --->   Operation 19 'icmp' 'icmp_ln421' <Predicate = (!icmp_ln420)> <Delay = 0.65> <CoreInst = "Cmp">   --->   Core 9 'Cmp' <Latency = 0> <II = 1> <Delay = 0.65> <FuncUnit> <Opcode : 'icmp'> <InPorts = 2> <OutPorts = 1>
ST_1 : Operation 20 [1/1] (0.35ns)   --->   "%select_ln420 = select i1 %icmp_ln421, i4 0, i4 %j_load" [/home/nehaprakriya/Documents/tapa/regression/knn/src/run_split_check/cpp/krnl_partialKnn_wrapper_7.cpp:420]   --->   Operation 20 'select' 'select_ln420' <Predicate = (!icmp_ln420)> <Delay = 0.35> <CoreInst = "Sel">   --->   Core 73 'Sel' <Latency = 0> <II = 1> <Delay = 0.35> <FuncUnit> <Opcode : 'select'> <InPorts = 3> <OutPorts = 1>
ST_1 : Operation 21 [1/1] (0.70ns)   --->   "%add_ln420_1 = add i4 %i_load, i4 1" [/home/nehaprakriya/Documents/tapa/regression/knn/src/run_split_check/cpp/krnl_partialKnn_wrapper_7.cpp:420]   --->   Operation 21 'add' 'add_ln420_1' <Predicate = (!icmp_ln420)> <Delay = 0.70> <CoreInst = "Adder">   --->   Core 1 'Adder' <Latency = 0> <II = 1> <Delay = 0.70> <FuncUnit> <Opcode : 'add' 'sub'> <InPorts = 2> <OutPorts = 1>
ST_1 : Operation 22 [1/1] (0.35ns)   --->   "%select_ln420_1 = select i1 %icmp_ln421, i4 %add_ln420_1, i4 %i_load" [/home/nehaprakriya/Documents/tapa/regression/knn/src/run_split_check/cpp/krnl_partialKnn_wrapper_7.cpp:420]   --->   Operation 22 'select' 'select_ln420_1' <Predicate = (!icmp_ln420)> <Delay = 0.35> <CoreInst = "Sel">   --->   Core 73 'Sel' <Latency = 0> <II = 1> <Delay = 0.35> <FuncUnit> <Opcode : 'select'> <InPorts = 3> <OutPorts = 1>
ST_1 : Operation 23 [1/1] (0.00ns)   --->   "%trunc_ln420 = trunc i4 %select_ln420_1" [/home/nehaprakriya/Documents/tapa/regression/knn/src/run_split_check/cpp/krnl_partialKnn_wrapper_7.cpp:420]   --->   Operation 23 'trunc' 'trunc_ln420' <Predicate = (!icmp_ln420)> <Delay = 0.00>
ST_1 : Operation 24 [1/1] (0.00ns)   --->   "%specpipeline_ln422 = specpipeline void @_ssdm_op_SpecPipeline, i32 1, i32 0, i32 0, i32 0, void @empty_10" [/home/nehaprakriya/Documents/tapa/regression/knn/src/run_split_check/cpp/krnl_partialKnn_wrapper_7.cpp:422]   --->   Operation 24 'specpipeline' 'specpipeline_ln422' <Predicate = (!icmp_ln420)> <Delay = 0.00>
ST_1 : Operation 25 [1/1] (0.00ns)   --->   "%specloopname_ln424 = specloopname void @_ssdm_op_SpecLoopName, void @empty_11" [/home/nehaprakriya/Documents/tapa/regression/knn/src/run_split_check/cpp/krnl_partialKnn_wrapper_7.cpp:424]   --->   Operation 25 'specloopname' 'specloopname_ln424' <Predicate = (!icmp_ln420)> <Delay = 0.00>
ST_1 : Operation 26 [1/1] (0.00ns)   --->   "%lshr_ln = partselect i2 @_ssdm_op_PartSelect.i2.i4.i32.i32, i4 %select_ln420, i32 2, i32 3" [/home/nehaprakriya/Documents/tapa/regression/knn/src/run_split_check/cpp/krnl_partialKnn_wrapper_7.cpp:432]   --->   Operation 26 'partselect' 'lshr_ln' <Predicate = (!icmp_ln420)> <Delay = 0.00>
ST_1 : Operation 27 [1/1] (0.00ns)   --->   "%zext_ln432 = zext i2 %lshr_ln" [/home/nehaprakriya/Documents/tapa/regression/knn/src/run_split_check/cpp/krnl_partialKnn_wrapper_7.cpp:432]   --->   Operation 27 'zext' 'zext_ln432' <Predicate = (!icmp_ln420)> <Delay = 0.00>
ST_1 : Operation 28 [1/1] (0.00ns)   --->   "%zext_ln432_1_cast = bitconcatenate i10 @_ssdm_op_BitConcatenate.i10.i6.i4, i6 32, i4 %zext_ln432" [/home/nehaprakriya/Documents/tapa/regression/knn/src/run_split_check/cpp/krnl_partialKnn_wrapper_7.cpp:432]   --->   Operation 28 'bitconcatenate' 'zext_ln432_1_cast' <Predicate = (!icmp_ln420)> <Delay = 0.00>
ST_1 : Operation 29 [1/1] (0.00ns)   --->   "%zext_ln432_1 = zext i10 %zext_ln432_1_cast" [/home/nehaprakriya/Documents/tapa/regression/knn/src/run_split_check/cpp/krnl_partialKnn_wrapper_7.cpp:432]   --->   Operation 29 'zext' 'zext_ln432_1' <Predicate = (!icmp_ln420)> <Delay = 0.00>
ST_1 : Operation 30 [1/1] (0.00ns)   --->   "%local_distance_0_A_addr = getelementptr i32 %local_distance_0_A, i64 0, i64 %zext_ln432_1" [/home/nehaprakriya/Documents/tapa/regression/knn/src/run_split_check/cpp/krnl_partialKnn_wrapper_7.cpp:432]   --->   Operation 30 'getelementptr' 'local_distance_0_A_addr' <Predicate = (!icmp_ln420)> <Delay = 0.00>
ST_1 : Operation 31 [1/1] (0.00ns)   --->   "%local_distance_0_A_1_addr = getelementptr i32 %local_distance_0_A_1, i64 0, i64 %zext_ln432_1" [/home/nehaprakriya/Documents/tapa/regression/knn/src/run_split_check/cpp/krnl_partialKnn_wrapper_7.cpp:432]   --->   Operation 31 'getelementptr' 'local_distance_0_A_1_addr' <Predicate = (!icmp_ln420)> <Delay = 0.00>
ST_1 : Operation 32 [1/1] (0.00ns)   --->   "%local_distance_0_A_2_addr = getelementptr i32 %local_distance_0_A_2, i64 0, i64 %zext_ln432_1" [/home/nehaprakriya/Documents/tapa/regression/knn/src/run_split_check/cpp/krnl_partialKnn_wrapper_7.cpp:432]   --->   Operation 32 'getelementptr' 'local_distance_0_A_2_addr' <Predicate = (!icmp_ln420)> <Delay = 0.00>
ST_1 : Operation 33 [1/1] (0.00ns)   --->   "%local_distance_0_A_3_addr = getelementptr i32 %local_distance_0_A_3, i64 0, i64 %zext_ln432_1" [/home/nehaprakriya/Documents/tapa/regression/knn/src/run_split_check/cpp/krnl_partialKnn_wrapper_7.cpp:432]   --->   Operation 33 'getelementptr' 'local_distance_0_A_3_addr' <Predicate = (!icmp_ln420)> <Delay = 0.00>
ST_1 : Operation 34 [1/1] (0.00ns)   --->   "%local_distance_0_A_4_addr = getelementptr i32 %local_distance_0_A_4, i64 0, i64 %zext_ln432_1" [/home/nehaprakriya/Documents/tapa/regression/knn/src/run_split_check/cpp/krnl_partialKnn_wrapper_7.cpp:432]   --->   Operation 34 'getelementptr' 'local_distance_0_A_4_addr' <Predicate = (!icmp_ln420)> <Delay = 0.00>
ST_1 : Operation 35 [1/1] (0.00ns)   --->   "%local_distance_0_A_5_addr = getelementptr i32 %local_distance_0_A_5, i64 0, i64 %zext_ln432_1" [/home/nehaprakriya/Documents/tapa/regression/knn/src/run_split_check/cpp/krnl_partialKnn_wrapper_7.cpp:432]   --->   Operation 35 'getelementptr' 'local_distance_0_A_5_addr' <Predicate = (!icmp_ln420)> <Delay = 0.00>
ST_1 : Operation 36 [1/1] (0.00ns)   --->   "%local_distance_0_A_6_addr = getelementptr i32 %local_distance_0_A_6, i64 0, i64 %zext_ln432_1" [/home/nehaprakriya/Documents/tapa/regression/knn/src/run_split_check/cpp/krnl_partialKnn_wrapper_7.cpp:432]   --->   Operation 36 'getelementptr' 'local_distance_0_A_6_addr' <Predicate = (!icmp_ln420)> <Delay = 0.00>
ST_1 : Operation 37 [1/1] (0.00ns)   --->   "%local_distance_0_A_7_addr = getelementptr i32 %local_distance_0_A_7, i64 0, i64 %zext_ln432_1" [/home/nehaprakriya/Documents/tapa/regression/knn/src/run_split_check/cpp/krnl_partialKnn_wrapper_7.cpp:432]   --->   Operation 37 'getelementptr' 'local_distance_0_A_7_addr' <Predicate = (!icmp_ln420)> <Delay = 0.00>
ST_1 : Operation 38 [1/1] (0.00ns)   --->   "%local_distance_0_A_8_addr = getelementptr i32 %local_distance_0_A_8, i64 0, i64 %zext_ln432_1" [/home/nehaprakriya/Documents/tapa/regression/knn/src/run_split_check/cpp/krnl_partialKnn_wrapper_7.cpp:432]   --->   Operation 38 'getelementptr' 'local_distance_0_A_8_addr' <Predicate = (!icmp_ln420)> <Delay = 0.00>
ST_1 : Operation 39 [1/1] (0.00ns)   --->   "%local_distance_0_A_9_addr = getelementptr i32 %local_distance_0_A_9, i64 0, i64 %zext_ln432_1" [/home/nehaprakriya/Documents/tapa/regression/knn/src/run_split_check/cpp/krnl_partialKnn_wrapper_7.cpp:432]   --->   Operation 39 'getelementptr' 'local_distance_0_A_9_addr' <Predicate = (!icmp_ln420)> <Delay = 0.00>
ST_1 : Operation 40 [1/1] (0.00ns)   --->   "%local_distance_0_A_10_addr = getelementptr i32 %local_distance_0_A_10, i64 0, i64 %zext_ln432_1" [/home/nehaprakriya/Documents/tapa/regression/knn/src/run_split_check/cpp/krnl_partialKnn_wrapper_7.cpp:432]   --->   Operation 40 'getelementptr' 'local_distance_0_A_10_addr' <Predicate = (!icmp_ln420)> <Delay = 0.00>
ST_1 : Operation 41 [1/1] (0.00ns)   --->   "%local_distance_0_A_11_addr = getelementptr i32 %local_distance_0_A_11, i64 0, i64 %zext_ln432_1" [/home/nehaprakriya/Documents/tapa/regression/knn/src/run_split_check/cpp/krnl_partialKnn_wrapper_7.cpp:432]   --->   Operation 41 'getelementptr' 'local_distance_0_A_11_addr' <Predicate = (!icmp_ln420)> <Delay = 0.00>
ST_1 : Operation 42 [1/1] (0.00ns)   --->   "%local_distance_0_A_12_addr = getelementptr i32 %local_distance_0_A_12, i64 0, i64 %zext_ln432_1" [/home/nehaprakriya/Documents/tapa/regression/knn/src/run_split_check/cpp/krnl_partialKnn_wrapper_7.cpp:432]   --->   Operation 42 'getelementptr' 'local_distance_0_A_12_addr' <Predicate = (!icmp_ln420)> <Delay = 0.00>
ST_1 : Operation 43 [1/1] (0.00ns)   --->   "%local_distance_0_A_13_addr = getelementptr i32 %local_distance_0_A_13, i64 0, i64 %zext_ln432_1" [/home/nehaprakriya/Documents/tapa/regression/knn/src/run_split_check/cpp/krnl_partialKnn_wrapper_7.cpp:432]   --->   Operation 43 'getelementptr' 'local_distance_0_A_13_addr' <Predicate = (!icmp_ln420)> <Delay = 0.00>
ST_1 : Operation 44 [1/1] (0.00ns)   --->   "%local_distance_0_A_14_addr = getelementptr i32 %local_distance_0_A_14, i64 0, i64 %zext_ln432_1" [/home/nehaprakriya/Documents/tapa/regression/knn/src/run_split_check/cpp/krnl_partialKnn_wrapper_7.cpp:432]   --->   Operation 44 'getelementptr' 'local_distance_0_A_14_addr' <Predicate = (!icmp_ln420)> <Delay = 0.00>
ST_1 : Operation 45 [1/1] (0.00ns)   --->   "%local_distance_0_A_15_addr = getelementptr i32 %local_distance_0_A_15, i64 0, i64 %zext_ln432_1" [/home/nehaprakriya/Documents/tapa/regression/knn/src/run_split_check/cpp/krnl_partialKnn_wrapper_7.cpp:432]   --->   Operation 45 'getelementptr' 'local_distance_0_A_15_addr' <Predicate = (!icmp_ln420)> <Delay = 0.00>
ST_1 : Operation 46 [1/1] (0.00ns)   --->   "%local_distance_0_A_16_addr = getelementptr i32 %local_distance_0_A_16, i64 0, i64 %zext_ln432_1" [/home/nehaprakriya/Documents/tapa/regression/knn/src/run_split_check/cpp/krnl_partialKnn_wrapper_7.cpp:432]   --->   Operation 46 'getelementptr' 'local_distance_0_A_16_addr' <Predicate = (!icmp_ln420)> <Delay = 0.00>
ST_1 : Operation 47 [1/1] (0.00ns)   --->   "%local_distance_0_A_17_addr = getelementptr i32 %local_distance_0_A_17, i64 0, i64 %zext_ln432_1" [/home/nehaprakriya/Documents/tapa/regression/knn/src/run_split_check/cpp/krnl_partialKnn_wrapper_7.cpp:432]   --->   Operation 47 'getelementptr' 'local_distance_0_A_17_addr' <Predicate = (!icmp_ln420)> <Delay = 0.00>
ST_1 : Operation 48 [1/1] (0.00ns)   --->   "%local_distance_0_A_18_addr = getelementptr i32 %local_distance_0_A_18, i64 0, i64 %zext_ln432_1" [/home/nehaprakriya/Documents/tapa/regression/knn/src/run_split_check/cpp/krnl_partialKnn_wrapper_7.cpp:432]   --->   Operation 48 'getelementptr' 'local_distance_0_A_18_addr' <Predicate = (!icmp_ln420)> <Delay = 0.00>
ST_1 : Operation 49 [1/1] (0.00ns)   --->   "%local_distance_0_A_19_addr = getelementptr i32 %local_distance_0_A_19, i64 0, i64 %zext_ln432_1" [/home/nehaprakriya/Documents/tapa/regression/knn/src/run_split_check/cpp/krnl_partialKnn_wrapper_7.cpp:432]   --->   Operation 49 'getelementptr' 'local_distance_0_A_19_addr' <Predicate = (!icmp_ln420)> <Delay = 0.00>
ST_1 : Operation 50 [1/1] (0.00ns)   --->   "%local_distance_0_A_20_addr = getelementptr i32 %local_distance_0_A_20, i64 0, i64 %zext_ln432_1" [/home/nehaprakriya/Documents/tapa/regression/knn/src/run_split_check/cpp/krnl_partialKnn_wrapper_7.cpp:432]   --->   Operation 50 'getelementptr' 'local_distance_0_A_20_addr' <Predicate = (!icmp_ln420)> <Delay = 0.00>
ST_1 : Operation 51 [1/1] (0.00ns)   --->   "%local_distance_0_A_21_addr = getelementptr i32 %local_distance_0_A_21, i64 0, i64 %zext_ln432_1" [/home/nehaprakriya/Documents/tapa/regression/knn/src/run_split_check/cpp/krnl_partialKnn_wrapper_7.cpp:432]   --->   Operation 51 'getelementptr' 'local_distance_0_A_21_addr' <Predicate = (!icmp_ln420)> <Delay = 0.00>
ST_1 : Operation 52 [1/1] (0.00ns)   --->   "%local_distance_0_A_22_addr = getelementptr i32 %local_distance_0_A_22, i64 0, i64 %zext_ln432_1" [/home/nehaprakriya/Documents/tapa/regression/knn/src/run_split_check/cpp/krnl_partialKnn_wrapper_7.cpp:432]   --->   Operation 52 'getelementptr' 'local_distance_0_A_22_addr' <Predicate = (!icmp_ln420)> <Delay = 0.00>
ST_1 : Operation 53 [1/1] (0.00ns)   --->   "%local_distance_0_A_23_addr = getelementptr i32 %local_distance_0_A_23, i64 0, i64 %zext_ln432_1" [/home/nehaprakriya/Documents/tapa/regression/knn/src/run_split_check/cpp/krnl_partialKnn_wrapper_7.cpp:432]   --->   Operation 53 'getelementptr' 'local_distance_0_A_23_addr' <Predicate = (!icmp_ln420)> <Delay = 0.00>
ST_1 : Operation 54 [1/1] (0.00ns)   --->   "%local_distance_0_A_24_addr = getelementptr i32 %local_distance_0_A_24, i64 0, i64 %zext_ln432_1" [/home/nehaprakriya/Documents/tapa/regression/knn/src/run_split_check/cpp/krnl_partialKnn_wrapper_7.cpp:432]   --->   Operation 54 'getelementptr' 'local_distance_0_A_24_addr' <Predicate = (!icmp_ln420)> <Delay = 0.00>
ST_1 : Operation 55 [1/1] (0.00ns)   --->   "%local_distance_0_A_25_addr = getelementptr i32 %local_distance_0_A_25, i64 0, i64 %zext_ln432_1" [/home/nehaprakriya/Documents/tapa/regression/knn/src/run_split_check/cpp/krnl_partialKnn_wrapper_7.cpp:432]   --->   Operation 55 'getelementptr' 'local_distance_0_A_25_addr' <Predicate = (!icmp_ln420)> <Delay = 0.00>
ST_1 : Operation 56 [1/1] (0.00ns)   --->   "%local_distance_0_A_26_addr = getelementptr i32 %local_distance_0_A_26, i64 0, i64 %zext_ln432_1" [/home/nehaprakriya/Documents/tapa/regression/knn/src/run_split_check/cpp/krnl_partialKnn_wrapper_7.cpp:432]   --->   Operation 56 'getelementptr' 'local_distance_0_A_26_addr' <Predicate = (!icmp_ln420)> <Delay = 0.00>
ST_1 : Operation 57 [1/1] (0.00ns)   --->   "%local_distance_0_A_27_addr = getelementptr i32 %local_distance_0_A_27, i64 0, i64 %zext_ln432_1" [/home/nehaprakriya/Documents/tapa/regression/knn/src/run_split_check/cpp/krnl_partialKnn_wrapper_7.cpp:432]   --->   Operation 57 'getelementptr' 'local_distance_0_A_27_addr' <Predicate = (!icmp_ln420)> <Delay = 0.00>
ST_1 : Operation 58 [1/1] (0.00ns)   --->   "%local_distance_0_A_28_addr = getelementptr i32 %local_distance_0_A_28, i64 0, i64 %zext_ln432_1" [/home/nehaprakriya/Documents/tapa/regression/knn/src/run_split_check/cpp/krnl_partialKnn_wrapper_7.cpp:432]   --->   Operation 58 'getelementptr' 'local_distance_0_A_28_addr' <Predicate = (!icmp_ln420)> <Delay = 0.00>
ST_1 : Operation 59 [1/1] (0.00ns)   --->   "%local_distance_0_A_29_addr = getelementptr i32 %local_distance_0_A_29, i64 0, i64 %zext_ln432_1" [/home/nehaprakriya/Documents/tapa/regression/knn/src/run_split_check/cpp/krnl_partialKnn_wrapper_7.cpp:432]   --->   Operation 59 'getelementptr' 'local_distance_0_A_29_addr' <Predicate = (!icmp_ln420)> <Delay = 0.00>
ST_1 : Operation 60 [1/1] (0.00ns)   --->   "%local_distance_0_A_30_addr = getelementptr i32 %local_distance_0_A_30, i64 0, i64 %zext_ln432_1" [/home/nehaprakriya/Documents/tapa/regression/knn/src/run_split_check/cpp/krnl_partialKnn_wrapper_7.cpp:432]   --->   Operation 60 'getelementptr' 'local_distance_0_A_30_addr' <Predicate = (!icmp_ln420)> <Delay = 0.00>
ST_1 : Operation 61 [1/1] (0.00ns)   --->   "%local_distance_0_A_31_addr = getelementptr i32 %local_distance_0_A_31, i64 0, i64 %zext_ln432_1" [/home/nehaprakriya/Documents/tapa/regression/knn/src/run_split_check/cpp/krnl_partialKnn_wrapper_7.cpp:432]   --->   Operation 61 'getelementptr' 'local_distance_0_A_31_addr' <Predicate = (!icmp_ln420)> <Delay = 0.00>
ST_1 : Operation 62 [1/1] (0.00ns)   --->   "%trunc_ln432 = trunc i4 %select_ln420" [/home/nehaprakriya/Documents/tapa/regression/knn/src/run_split_check/cpp/krnl_partialKnn_wrapper_7.cpp:432]   --->   Operation 62 'trunc' 'trunc_ln432' <Predicate = (!icmp_ln420)> <Delay = 0.00>
ST_1 : Operation 63 [1/1] (0.34ns)   --->   "%switch_ln432 = switch i3 %trunc_ln420, void %arrayidx4255.i.case.7, i3 0, void %arrayidx4255.i.case.0, i3 1, void %arrayidx4255.i.case.1, i3 2, void %arrayidx4255.i.case.2, i3 3, void %arrayidx4255.i.case.3, i3 4, void %arrayidx4255.i.case.4, i3 5, void %arrayidx4255.i.case.5, i3 6, void %arrayidx4255.i.case.6" [/home/nehaprakriya/Documents/tapa/regression/knn/src/run_split_check/cpp/krnl_partialKnn_wrapper_7.cpp:432]   --->   Operation 63 'switch' 'switch_ln432' <Predicate = (!icmp_ln420)> <Delay = 0.34>
ST_1 : Operation 64 [1/1] (0.00ns)   --->   "%local_distance_0_B_24_addr = getelementptr i32 %local_distance_0_B_24, i64 0, i64 %zext_ln432_1" [/home/nehaprakriya/Documents/tapa/regression/knn/src/run_split_check/cpp/krnl_partialKnn_wrapper_7.cpp:433]   --->   Operation 64 'getelementptr' 'local_distance_0_B_24_addr' <Predicate = (!icmp_ln420 & trunc_ln420 == 6)> <Delay = 0.00>
ST_1 : Operation 65 [1/1] (0.00ns)   --->   "%local_distance_0_B_25_addr = getelementptr i32 %local_distance_0_B_25, i64 0, i64 %zext_ln432_1" [/home/nehaprakriya/Documents/tapa/regression/knn/src/run_split_check/cpp/krnl_partialKnn_wrapper_7.cpp:433]   --->   Operation 65 'getelementptr' 'local_distance_0_B_25_addr' <Predicate = (!icmp_ln420 & trunc_ln420 == 6)> <Delay = 0.00>
ST_1 : Operation 66 [1/1] (0.00ns)   --->   "%local_distance_0_B_26_addr = getelementptr i32 %local_distance_0_B_26, i64 0, i64 %zext_ln432_1" [/home/nehaprakriya/Documents/tapa/regression/knn/src/run_split_check/cpp/krnl_partialKnn_wrapper_7.cpp:433]   --->   Operation 66 'getelementptr' 'local_distance_0_B_26_addr' <Predicate = (!icmp_ln420 & trunc_ln420 == 6)> <Delay = 0.00>
ST_1 : Operation 67 [1/1] (0.00ns)   --->   "%local_distance_0_B_27_addr = getelementptr i32 %local_distance_0_B_27, i64 0, i64 %zext_ln432_1" [/home/nehaprakriya/Documents/tapa/regression/knn/src/run_split_check/cpp/krnl_partialKnn_wrapper_7.cpp:433]   --->   Operation 67 'getelementptr' 'local_distance_0_B_27_addr' <Predicate = (!icmp_ln420 & trunc_ln420 == 6)> <Delay = 0.00>
ST_1 : Operation 68 [1/1] (0.34ns)   --->   "%switch_ln432 = switch i2 %trunc_ln432, void %arrayidx4255.i.case.3195, i2 0, void %arrayidx4255.i.case.0192, i2 1, void %arrayidx4255.i.case.1193, i2 2, void %arrayidx4255.i.case.2194" [/home/nehaprakriya/Documents/tapa/regression/knn/src/run_split_check/cpp/krnl_partialKnn_wrapper_7.cpp:432]   --->   Operation 68 'switch' 'switch_ln432' <Predicate = (!icmp_ln420 & trunc_ln420 == 6)> <Delay = 0.34>
ST_1 : Operation 69 [1/1] (1.20ns)   --->   "%store_ln432 = store i32 3.40282e+38, i10 %local_distance_0_A_26_addr" [/home/nehaprakriya/Documents/tapa/regression/knn/src/run_split_check/cpp/krnl_partialKnn_wrapper_7.cpp:432]   --->   Operation 69 'store' 'store_ln432' <Predicate = (!icmp_ln420 & trunc_ln420 == 6 & trunc_ln432 == 2)> <Delay = 1.20> <CoreInst = "RAM">   --->   Core 83 'RAM' <Latency = 1> <II = 1> <Delay = 1.20> <Storage> <Opcode : 'load' 'store'> <Ports = 2> <Width = 32> <Depth = 515> <RAM>
ST_1 : Operation 70 [1/1] (1.20ns)   --->   "%store_ln433 = store i32 3.40282e+38, i10 %local_distance_0_B_26_addr" [/home/nehaprakriya/Documents/tapa/regression/knn/src/run_split_check/cpp/krnl_partialKnn_wrapper_7.cpp:433]   --->   Operation 70 'store' 'store_ln433' <Predicate = (!icmp_ln420 & trunc_ln420 == 6 & trunc_ln432 == 2)> <Delay = 1.20> <CoreInst = "RAM">   --->   Core 83 'RAM' <Latency = 1> <II = 1> <Delay = 1.20> <Storage> <Opcode : 'load' 'store'> <Ports = 2> <Width = 32> <Depth = 515> <RAM>
ST_1 : Operation 71 [1/1] (0.00ns)   --->   "%br_ln0 = br void %arrayidx4756.i.exit239"   --->   Operation 71 'br' 'br_ln0' <Predicate = (!icmp_ln420 & trunc_ln420 == 6 & trunc_ln432 == 2)> <Delay = 0.00>
ST_1 : Operation 72 [1/1] (1.20ns)   --->   "%store_ln432 = store i32 3.40282e+38, i10 %local_distance_0_A_25_addr" [/home/nehaprakriya/Documents/tapa/regression/knn/src/run_split_check/cpp/krnl_partialKnn_wrapper_7.cpp:432]   --->   Operation 72 'store' 'store_ln432' <Predicate = (!icmp_ln420 & trunc_ln420 == 6 & trunc_ln432 == 1)> <Delay = 1.20> <CoreInst = "RAM">   --->   Core 83 'RAM' <Latency = 1> <II = 1> <Delay = 1.20> <Storage> <Opcode : 'load' 'store'> <Ports = 2> <Width = 32> <Depth = 515> <RAM>
ST_1 : Operation 73 [1/1] (1.20ns)   --->   "%store_ln433 = store i32 3.40282e+38, i10 %local_distance_0_B_25_addr" [/home/nehaprakriya/Documents/tapa/regression/knn/src/run_split_check/cpp/krnl_partialKnn_wrapper_7.cpp:433]   --->   Operation 73 'store' 'store_ln433' <Predicate = (!icmp_ln420 & trunc_ln420 == 6 & trunc_ln432 == 1)> <Delay = 1.20> <CoreInst = "RAM">   --->   Core 83 'RAM' <Latency = 1> <II = 1> <Delay = 1.20> <Storage> <Opcode : 'load' 'store'> <Ports = 2> <Width = 32> <Depth = 515> <RAM>
ST_1 : Operation 74 [1/1] (0.00ns)   --->   "%br_ln0 = br void %arrayidx4756.i.exit239"   --->   Operation 74 'br' 'br_ln0' <Predicate = (!icmp_ln420 & trunc_ln420 == 6 & trunc_ln432 == 1)> <Delay = 0.00>
ST_1 : Operation 75 [1/1] (1.20ns)   --->   "%store_ln432 = store i32 3.40282e+38, i10 %local_distance_0_A_24_addr" [/home/nehaprakriya/Documents/tapa/regression/knn/src/run_split_check/cpp/krnl_partialKnn_wrapper_7.cpp:432]   --->   Operation 75 'store' 'store_ln432' <Predicate = (!icmp_ln420 & trunc_ln420 == 6 & trunc_ln432 == 0)> <Delay = 1.20> <CoreInst = "RAM">   --->   Core 83 'RAM' <Latency = 1> <II = 1> <Delay = 1.20> <Storage> <Opcode : 'load' 'store'> <Ports = 2> <Width = 32> <Depth = 515> <RAM>
ST_1 : Operation 76 [1/1] (1.20ns)   --->   "%store_ln433 = store i32 3.40282e+38, i10 %local_distance_0_B_24_addr" [/home/nehaprakriya/Documents/tapa/regression/knn/src/run_split_check/cpp/krnl_partialKnn_wrapper_7.cpp:433]   --->   Operation 76 'store' 'store_ln433' <Predicate = (!icmp_ln420 & trunc_ln420 == 6 & trunc_ln432 == 0)> <Delay = 1.20> <CoreInst = "RAM">   --->   Core 83 'RAM' <Latency = 1> <II = 1> <Delay = 1.20> <Storage> <Opcode : 'load' 'store'> <Ports = 2> <Width = 32> <Depth = 515> <RAM>
ST_1 : Operation 77 [1/1] (0.00ns)   --->   "%br_ln0 = br void %arrayidx4756.i.exit239"   --->   Operation 77 'br' 'br_ln0' <Predicate = (!icmp_ln420 & trunc_ln420 == 6 & trunc_ln432 == 0)> <Delay = 0.00>
ST_1 : Operation 78 [1/1] (1.20ns)   --->   "%store_ln432 = store i32 3.40282e+38, i10 %local_distance_0_A_27_addr" [/home/nehaprakriya/Documents/tapa/regression/knn/src/run_split_check/cpp/krnl_partialKnn_wrapper_7.cpp:432]   --->   Operation 78 'store' 'store_ln432' <Predicate = (!icmp_ln420 & trunc_ln420 == 6 & trunc_ln432 == 3)> <Delay = 1.20> <CoreInst = "RAM">   --->   Core 83 'RAM' <Latency = 1> <II = 1> <Delay = 1.20> <Storage> <Opcode : 'load' 'store'> <Ports = 2> <Width = 32> <Depth = 515> <RAM>
ST_1 : Operation 79 [1/1] (1.20ns)   --->   "%store_ln433 = store i32 3.40282e+38, i10 %local_distance_0_B_27_addr" [/home/nehaprakriya/Documents/tapa/regression/knn/src/run_split_check/cpp/krnl_partialKnn_wrapper_7.cpp:433]   --->   Operation 79 'store' 'store_ln433' <Predicate = (!icmp_ln420 & trunc_ln420 == 6 & trunc_ln432 == 3)> <Delay = 1.20> <CoreInst = "RAM">   --->   Core 83 'RAM' <Latency = 1> <II = 1> <Delay = 1.20> <Storage> <Opcode : 'load' 'store'> <Ports = 2> <Width = 32> <Depth = 515> <RAM>
ST_1 : Operation 80 [1/1] (0.00ns)   --->   "%br_ln0 = br void %arrayidx4756.i.exit239"   --->   Operation 80 'br' 'br_ln0' <Predicate = (!icmp_ln420 & trunc_ln420 == 6 & trunc_ln432 == 3)> <Delay = 0.00>
ST_1 : Operation 81 [1/1] (0.00ns)   --->   "%br_ln433 = br void %arrayidx4756.i.exit" [/home/nehaprakriya/Documents/tapa/regression/knn/src/run_split_check/cpp/krnl_partialKnn_wrapper_7.cpp:433]   --->   Operation 81 'br' 'br_ln433' <Predicate = (!icmp_ln420 & trunc_ln420 == 6)> <Delay = 0.00>
ST_1 : Operation 82 [1/1] (0.00ns)   --->   "%local_distance_0_B_20_addr = getelementptr i32 %local_distance_0_B_20, i64 0, i64 %zext_ln432_1" [/home/nehaprakriya/Documents/tapa/regression/knn/src/run_split_check/cpp/krnl_partialKnn_wrapper_7.cpp:433]   --->   Operation 82 'getelementptr' 'local_distance_0_B_20_addr' <Predicate = (!icmp_ln420 & trunc_ln420 == 5)> <Delay = 0.00>
ST_1 : Operation 83 [1/1] (0.00ns)   --->   "%local_distance_0_B_21_addr = getelementptr i32 %local_distance_0_B_21, i64 0, i64 %zext_ln432_1" [/home/nehaprakriya/Documents/tapa/regression/knn/src/run_split_check/cpp/krnl_partialKnn_wrapper_7.cpp:433]   --->   Operation 83 'getelementptr' 'local_distance_0_B_21_addr' <Predicate = (!icmp_ln420 & trunc_ln420 == 5)> <Delay = 0.00>
ST_1 : Operation 84 [1/1] (0.00ns)   --->   "%local_distance_0_B_22_addr = getelementptr i32 %local_distance_0_B_22, i64 0, i64 %zext_ln432_1" [/home/nehaprakriya/Documents/tapa/regression/knn/src/run_split_check/cpp/krnl_partialKnn_wrapper_7.cpp:433]   --->   Operation 84 'getelementptr' 'local_distance_0_B_22_addr' <Predicate = (!icmp_ln420 & trunc_ln420 == 5)> <Delay = 0.00>
ST_1 : Operation 85 [1/1] (0.00ns)   --->   "%local_distance_0_B_23_addr = getelementptr i32 %local_distance_0_B_23, i64 0, i64 %zext_ln432_1" [/home/nehaprakriya/Documents/tapa/regression/knn/src/run_split_check/cpp/krnl_partialKnn_wrapper_7.cpp:433]   --->   Operation 85 'getelementptr' 'local_distance_0_B_23_addr' <Predicate = (!icmp_ln420 & trunc_ln420 == 5)> <Delay = 0.00>
ST_1 : Operation 86 [1/1] (0.34ns)   --->   "%switch_ln432 = switch i2 %trunc_ln432, void %arrayidx4255.i.case.3189, i2 0, void %arrayidx4255.i.case.0186, i2 1, void %arrayidx4255.i.case.1187, i2 2, void %arrayidx4255.i.case.2188" [/home/nehaprakriya/Documents/tapa/regression/knn/src/run_split_check/cpp/krnl_partialKnn_wrapper_7.cpp:432]   --->   Operation 86 'switch' 'switch_ln432' <Predicate = (!icmp_ln420 & trunc_ln420 == 5)> <Delay = 0.34>
ST_1 : Operation 87 [1/1] (1.20ns)   --->   "%store_ln432 = store i32 3.40282e+38, i10 %local_distance_0_A_22_addr" [/home/nehaprakriya/Documents/tapa/regression/knn/src/run_split_check/cpp/krnl_partialKnn_wrapper_7.cpp:432]   --->   Operation 87 'store' 'store_ln432' <Predicate = (!icmp_ln420 & trunc_ln420 == 5 & trunc_ln432 == 2)> <Delay = 1.20> <CoreInst = "RAM">   --->   Core 83 'RAM' <Latency = 1> <II = 1> <Delay = 1.20> <Storage> <Opcode : 'load' 'store'> <Ports = 2> <Width = 32> <Depth = 515> <RAM>
ST_1 : Operation 88 [1/1] (1.20ns)   --->   "%store_ln433 = store i32 3.40282e+38, i10 %local_distance_0_B_22_addr" [/home/nehaprakriya/Documents/tapa/regression/knn/src/run_split_check/cpp/krnl_partialKnn_wrapper_7.cpp:433]   --->   Operation 88 'store' 'store_ln433' <Predicate = (!icmp_ln420 & trunc_ln420 == 5 & trunc_ln432 == 2)> <Delay = 1.20> <CoreInst = "RAM">   --->   Core 83 'RAM' <Latency = 1> <II = 1> <Delay = 1.20> <Storage> <Opcode : 'load' 'store'> <Ports = 2> <Width = 32> <Depth = 515> <RAM>
ST_1 : Operation 89 [1/1] (0.00ns)   --->   "%br_ln0 = br void %arrayidx4756.i.exit233"   --->   Operation 89 'br' 'br_ln0' <Predicate = (!icmp_ln420 & trunc_ln420 == 5 & trunc_ln432 == 2)> <Delay = 0.00>
ST_1 : Operation 90 [1/1] (1.20ns)   --->   "%store_ln432 = store i32 3.40282e+38, i10 %local_distance_0_A_21_addr" [/home/nehaprakriya/Documents/tapa/regression/knn/src/run_split_check/cpp/krnl_partialKnn_wrapper_7.cpp:432]   --->   Operation 90 'store' 'store_ln432' <Predicate = (!icmp_ln420 & trunc_ln420 == 5 & trunc_ln432 == 1)> <Delay = 1.20> <CoreInst = "RAM">   --->   Core 83 'RAM' <Latency = 1> <II = 1> <Delay = 1.20> <Storage> <Opcode : 'load' 'store'> <Ports = 2> <Width = 32> <Depth = 515> <RAM>
ST_1 : Operation 91 [1/1] (1.20ns)   --->   "%store_ln433 = store i32 3.40282e+38, i10 %local_distance_0_B_21_addr" [/home/nehaprakriya/Documents/tapa/regression/knn/src/run_split_check/cpp/krnl_partialKnn_wrapper_7.cpp:433]   --->   Operation 91 'store' 'store_ln433' <Predicate = (!icmp_ln420 & trunc_ln420 == 5 & trunc_ln432 == 1)> <Delay = 1.20> <CoreInst = "RAM">   --->   Core 83 'RAM' <Latency = 1> <II = 1> <Delay = 1.20> <Storage> <Opcode : 'load' 'store'> <Ports = 2> <Width = 32> <Depth = 515> <RAM>
ST_1 : Operation 92 [1/1] (0.00ns)   --->   "%br_ln0 = br void %arrayidx4756.i.exit233"   --->   Operation 92 'br' 'br_ln0' <Predicate = (!icmp_ln420 & trunc_ln420 == 5 & trunc_ln432 == 1)> <Delay = 0.00>
ST_1 : Operation 93 [1/1] (1.20ns)   --->   "%store_ln432 = store i32 3.40282e+38, i10 %local_distance_0_A_20_addr" [/home/nehaprakriya/Documents/tapa/regression/knn/src/run_split_check/cpp/krnl_partialKnn_wrapper_7.cpp:432]   --->   Operation 93 'store' 'store_ln432' <Predicate = (!icmp_ln420 & trunc_ln420 == 5 & trunc_ln432 == 0)> <Delay = 1.20> <CoreInst = "RAM">   --->   Core 83 'RAM' <Latency = 1> <II = 1> <Delay = 1.20> <Storage> <Opcode : 'load' 'store'> <Ports = 2> <Width = 32> <Depth = 515> <RAM>
ST_1 : Operation 94 [1/1] (1.20ns)   --->   "%store_ln433 = store i32 3.40282e+38, i10 %local_distance_0_B_20_addr" [/home/nehaprakriya/Documents/tapa/regression/knn/src/run_split_check/cpp/krnl_partialKnn_wrapper_7.cpp:433]   --->   Operation 94 'store' 'store_ln433' <Predicate = (!icmp_ln420 & trunc_ln420 == 5 & trunc_ln432 == 0)> <Delay = 1.20> <CoreInst = "RAM">   --->   Core 83 'RAM' <Latency = 1> <II = 1> <Delay = 1.20> <Storage> <Opcode : 'load' 'store'> <Ports = 2> <Width = 32> <Depth = 515> <RAM>
ST_1 : Operation 95 [1/1] (0.00ns)   --->   "%br_ln0 = br void %arrayidx4756.i.exit233"   --->   Operation 95 'br' 'br_ln0' <Predicate = (!icmp_ln420 & trunc_ln420 == 5 & trunc_ln432 == 0)> <Delay = 0.00>
ST_1 : Operation 96 [1/1] (1.20ns)   --->   "%store_ln432 = store i32 3.40282e+38, i10 %local_distance_0_A_23_addr" [/home/nehaprakriya/Documents/tapa/regression/knn/src/run_split_check/cpp/krnl_partialKnn_wrapper_7.cpp:432]   --->   Operation 96 'store' 'store_ln432' <Predicate = (!icmp_ln420 & trunc_ln420 == 5 & trunc_ln432 == 3)> <Delay = 1.20> <CoreInst = "RAM">   --->   Core 83 'RAM' <Latency = 1> <II = 1> <Delay = 1.20> <Storage> <Opcode : 'load' 'store'> <Ports = 2> <Width = 32> <Depth = 515> <RAM>
ST_1 : Operation 97 [1/1] (1.20ns)   --->   "%store_ln433 = store i32 3.40282e+38, i10 %local_distance_0_B_23_addr" [/home/nehaprakriya/Documents/tapa/regression/knn/src/run_split_check/cpp/krnl_partialKnn_wrapper_7.cpp:433]   --->   Operation 97 'store' 'store_ln433' <Predicate = (!icmp_ln420 & trunc_ln420 == 5 & trunc_ln432 == 3)> <Delay = 1.20> <CoreInst = "RAM">   --->   Core 83 'RAM' <Latency = 1> <II = 1> <Delay = 1.20> <Storage> <Opcode : 'load' 'store'> <Ports = 2> <Width = 32> <Depth = 515> <RAM>
ST_1 : Operation 98 [1/1] (0.00ns)   --->   "%br_ln0 = br void %arrayidx4756.i.exit233"   --->   Operation 98 'br' 'br_ln0' <Predicate = (!icmp_ln420 & trunc_ln420 == 5 & trunc_ln432 == 3)> <Delay = 0.00>
ST_1 : Operation 99 [1/1] (0.00ns)   --->   "%br_ln433 = br void %arrayidx4756.i.exit" [/home/nehaprakriya/Documents/tapa/regression/knn/src/run_split_check/cpp/krnl_partialKnn_wrapper_7.cpp:433]   --->   Operation 99 'br' 'br_ln433' <Predicate = (!icmp_ln420 & trunc_ln420 == 5)> <Delay = 0.00>
ST_1 : Operation 100 [1/1] (0.00ns)   --->   "%local_distance_0_B_16_addr = getelementptr i32 %local_distance_0_B_16, i64 0, i64 %zext_ln432_1" [/home/nehaprakriya/Documents/tapa/regression/knn/src/run_split_check/cpp/krnl_partialKnn_wrapper_7.cpp:433]   --->   Operation 100 'getelementptr' 'local_distance_0_B_16_addr' <Predicate = (!icmp_ln420 & trunc_ln420 == 4)> <Delay = 0.00>
ST_1 : Operation 101 [1/1] (0.00ns)   --->   "%local_distance_0_B_17_addr = getelementptr i32 %local_distance_0_B_17, i64 0, i64 %zext_ln432_1" [/home/nehaprakriya/Documents/tapa/regression/knn/src/run_split_check/cpp/krnl_partialKnn_wrapper_7.cpp:433]   --->   Operation 101 'getelementptr' 'local_distance_0_B_17_addr' <Predicate = (!icmp_ln420 & trunc_ln420 == 4)> <Delay = 0.00>
ST_1 : Operation 102 [1/1] (0.00ns)   --->   "%local_distance_0_B_18_addr = getelementptr i32 %local_distance_0_B_18, i64 0, i64 %zext_ln432_1" [/home/nehaprakriya/Documents/tapa/regression/knn/src/run_split_check/cpp/krnl_partialKnn_wrapper_7.cpp:433]   --->   Operation 102 'getelementptr' 'local_distance_0_B_18_addr' <Predicate = (!icmp_ln420 & trunc_ln420 == 4)> <Delay = 0.00>
ST_1 : Operation 103 [1/1] (0.00ns)   --->   "%local_distance_0_B_19_addr = getelementptr i32 %local_distance_0_B_19, i64 0, i64 %zext_ln432_1" [/home/nehaprakriya/Documents/tapa/regression/knn/src/run_split_check/cpp/krnl_partialKnn_wrapper_7.cpp:433]   --->   Operation 103 'getelementptr' 'local_distance_0_B_19_addr' <Predicate = (!icmp_ln420 & trunc_ln420 == 4)> <Delay = 0.00>
ST_1 : Operation 104 [1/1] (0.34ns)   --->   "%switch_ln432 = switch i2 %trunc_ln432, void %arrayidx4255.i.case.3183, i2 0, void %arrayidx4255.i.case.0180, i2 1, void %arrayidx4255.i.case.1181, i2 2, void %arrayidx4255.i.case.2182" [/home/nehaprakriya/Documents/tapa/regression/knn/src/run_split_check/cpp/krnl_partialKnn_wrapper_7.cpp:432]   --->   Operation 104 'switch' 'switch_ln432' <Predicate = (!icmp_ln420 & trunc_ln420 == 4)> <Delay = 0.34>
ST_1 : Operation 105 [1/1] (1.20ns)   --->   "%store_ln432 = store i32 3.40282e+38, i10 %local_distance_0_A_18_addr" [/home/nehaprakriya/Documents/tapa/regression/knn/src/run_split_check/cpp/krnl_partialKnn_wrapper_7.cpp:432]   --->   Operation 105 'store' 'store_ln432' <Predicate = (!icmp_ln420 & trunc_ln420 == 4 & trunc_ln432 == 2)> <Delay = 1.20> <CoreInst = "RAM">   --->   Core 83 'RAM' <Latency = 1> <II = 1> <Delay = 1.20> <Storage> <Opcode : 'load' 'store'> <Ports = 2> <Width = 32> <Depth = 515> <RAM>
ST_1 : Operation 106 [1/1] (1.20ns)   --->   "%store_ln433 = store i32 3.40282e+38, i10 %local_distance_0_B_18_addr" [/home/nehaprakriya/Documents/tapa/regression/knn/src/run_split_check/cpp/krnl_partialKnn_wrapper_7.cpp:433]   --->   Operation 106 'store' 'store_ln433' <Predicate = (!icmp_ln420 & trunc_ln420 == 4 & trunc_ln432 == 2)> <Delay = 1.20> <CoreInst = "RAM">   --->   Core 83 'RAM' <Latency = 1> <II = 1> <Delay = 1.20> <Storage> <Opcode : 'load' 'store'> <Ports = 2> <Width = 32> <Depth = 515> <RAM>
ST_1 : Operation 107 [1/1] (0.00ns)   --->   "%br_ln0 = br void %arrayidx4756.i.exit227"   --->   Operation 107 'br' 'br_ln0' <Predicate = (!icmp_ln420 & trunc_ln420 == 4 & trunc_ln432 == 2)> <Delay = 0.00>
ST_1 : Operation 108 [1/1] (1.20ns)   --->   "%store_ln432 = store i32 3.40282e+38, i10 %local_distance_0_A_17_addr" [/home/nehaprakriya/Documents/tapa/regression/knn/src/run_split_check/cpp/krnl_partialKnn_wrapper_7.cpp:432]   --->   Operation 108 'store' 'store_ln432' <Predicate = (!icmp_ln420 & trunc_ln420 == 4 & trunc_ln432 == 1)> <Delay = 1.20> <CoreInst = "RAM">   --->   Core 83 'RAM' <Latency = 1> <II = 1> <Delay = 1.20> <Storage> <Opcode : 'load' 'store'> <Ports = 2> <Width = 32> <Depth = 515> <RAM>
ST_1 : Operation 109 [1/1] (1.20ns)   --->   "%store_ln433 = store i32 3.40282e+38, i10 %local_distance_0_B_17_addr" [/home/nehaprakriya/Documents/tapa/regression/knn/src/run_split_check/cpp/krnl_partialKnn_wrapper_7.cpp:433]   --->   Operation 109 'store' 'store_ln433' <Predicate = (!icmp_ln420 & trunc_ln420 == 4 & trunc_ln432 == 1)> <Delay = 1.20> <CoreInst = "RAM">   --->   Core 83 'RAM' <Latency = 1> <II = 1> <Delay = 1.20> <Storage> <Opcode : 'load' 'store'> <Ports = 2> <Width = 32> <Depth = 515> <RAM>
ST_1 : Operation 110 [1/1] (0.00ns)   --->   "%br_ln0 = br void %arrayidx4756.i.exit227"   --->   Operation 110 'br' 'br_ln0' <Predicate = (!icmp_ln420 & trunc_ln420 == 4 & trunc_ln432 == 1)> <Delay = 0.00>
ST_1 : Operation 111 [1/1] (1.20ns)   --->   "%store_ln432 = store i32 3.40282e+38, i10 %local_distance_0_A_16_addr" [/home/nehaprakriya/Documents/tapa/regression/knn/src/run_split_check/cpp/krnl_partialKnn_wrapper_7.cpp:432]   --->   Operation 111 'store' 'store_ln432' <Predicate = (!icmp_ln420 & trunc_ln420 == 4 & trunc_ln432 == 0)> <Delay = 1.20> <CoreInst = "RAM">   --->   Core 83 'RAM' <Latency = 1> <II = 1> <Delay = 1.20> <Storage> <Opcode : 'load' 'store'> <Ports = 2> <Width = 32> <Depth = 515> <RAM>
ST_1 : Operation 112 [1/1] (1.20ns)   --->   "%store_ln433 = store i32 3.40282e+38, i10 %local_distance_0_B_16_addr" [/home/nehaprakriya/Documents/tapa/regression/knn/src/run_split_check/cpp/krnl_partialKnn_wrapper_7.cpp:433]   --->   Operation 112 'store' 'store_ln433' <Predicate = (!icmp_ln420 & trunc_ln420 == 4 & trunc_ln432 == 0)> <Delay = 1.20> <CoreInst = "RAM">   --->   Core 83 'RAM' <Latency = 1> <II = 1> <Delay = 1.20> <Storage> <Opcode : 'load' 'store'> <Ports = 2> <Width = 32> <Depth = 515> <RAM>
ST_1 : Operation 113 [1/1] (0.00ns)   --->   "%br_ln0 = br void %arrayidx4756.i.exit227"   --->   Operation 113 'br' 'br_ln0' <Predicate = (!icmp_ln420 & trunc_ln420 == 4 & trunc_ln432 == 0)> <Delay = 0.00>
ST_1 : Operation 114 [1/1] (1.20ns)   --->   "%store_ln432 = store i32 3.40282e+38, i10 %local_distance_0_A_19_addr" [/home/nehaprakriya/Documents/tapa/regression/knn/src/run_split_check/cpp/krnl_partialKnn_wrapper_7.cpp:432]   --->   Operation 114 'store' 'store_ln432' <Predicate = (!icmp_ln420 & trunc_ln420 == 4 & trunc_ln432 == 3)> <Delay = 1.20> <CoreInst = "RAM">   --->   Core 83 'RAM' <Latency = 1> <II = 1> <Delay = 1.20> <Storage> <Opcode : 'load' 'store'> <Ports = 2> <Width = 32> <Depth = 515> <RAM>
ST_1 : Operation 115 [1/1] (1.20ns)   --->   "%store_ln433 = store i32 3.40282e+38, i10 %local_distance_0_B_19_addr" [/home/nehaprakriya/Documents/tapa/regression/knn/src/run_split_check/cpp/krnl_partialKnn_wrapper_7.cpp:433]   --->   Operation 115 'store' 'store_ln433' <Predicate = (!icmp_ln420 & trunc_ln420 == 4 & trunc_ln432 == 3)> <Delay = 1.20> <CoreInst = "RAM">   --->   Core 83 'RAM' <Latency = 1> <II = 1> <Delay = 1.20> <Storage> <Opcode : 'load' 'store'> <Ports = 2> <Width = 32> <Depth = 515> <RAM>
ST_1 : Operation 116 [1/1] (0.00ns)   --->   "%br_ln0 = br void %arrayidx4756.i.exit227"   --->   Operation 116 'br' 'br_ln0' <Predicate = (!icmp_ln420 & trunc_ln420 == 4 & trunc_ln432 == 3)> <Delay = 0.00>
ST_1 : Operation 117 [1/1] (0.00ns)   --->   "%br_ln433 = br void %arrayidx4756.i.exit" [/home/nehaprakriya/Documents/tapa/regression/knn/src/run_split_check/cpp/krnl_partialKnn_wrapper_7.cpp:433]   --->   Operation 117 'br' 'br_ln433' <Predicate = (!icmp_ln420 & trunc_ln420 == 4)> <Delay = 0.00>
ST_1 : Operation 118 [1/1] (0.00ns)   --->   "%local_distance_0_B_12_addr = getelementptr i32 %local_distance_0_B_12, i64 0, i64 %zext_ln432_1" [/home/nehaprakriya/Documents/tapa/regression/knn/src/run_split_check/cpp/krnl_partialKnn_wrapper_7.cpp:433]   --->   Operation 118 'getelementptr' 'local_distance_0_B_12_addr' <Predicate = (!icmp_ln420 & trunc_ln420 == 3)> <Delay = 0.00>
ST_1 : Operation 119 [1/1] (0.00ns)   --->   "%local_distance_0_B_13_addr = getelementptr i32 %local_distance_0_B_13, i64 0, i64 %zext_ln432_1" [/home/nehaprakriya/Documents/tapa/regression/knn/src/run_split_check/cpp/krnl_partialKnn_wrapper_7.cpp:433]   --->   Operation 119 'getelementptr' 'local_distance_0_B_13_addr' <Predicate = (!icmp_ln420 & trunc_ln420 == 3)> <Delay = 0.00>
ST_1 : Operation 120 [1/1] (0.00ns)   --->   "%local_distance_0_B_14_addr = getelementptr i32 %local_distance_0_B_14, i64 0, i64 %zext_ln432_1" [/home/nehaprakriya/Documents/tapa/regression/knn/src/run_split_check/cpp/krnl_partialKnn_wrapper_7.cpp:433]   --->   Operation 120 'getelementptr' 'local_distance_0_B_14_addr' <Predicate = (!icmp_ln420 & trunc_ln420 == 3)> <Delay = 0.00>
ST_1 : Operation 121 [1/1] (0.00ns)   --->   "%local_distance_0_B_15_addr = getelementptr i32 %local_distance_0_B_15, i64 0, i64 %zext_ln432_1" [/home/nehaprakriya/Documents/tapa/regression/knn/src/run_split_check/cpp/krnl_partialKnn_wrapper_7.cpp:433]   --->   Operation 121 'getelementptr' 'local_distance_0_B_15_addr' <Predicate = (!icmp_ln420 & trunc_ln420 == 3)> <Delay = 0.00>
ST_1 : Operation 122 [1/1] (0.34ns)   --->   "%switch_ln432 = switch i2 %trunc_ln432, void %arrayidx4255.i.case.3177, i2 0, void %arrayidx4255.i.case.0174, i2 1, void %arrayidx4255.i.case.1175, i2 2, void %arrayidx4255.i.case.2176" [/home/nehaprakriya/Documents/tapa/regression/knn/src/run_split_check/cpp/krnl_partialKnn_wrapper_7.cpp:432]   --->   Operation 122 'switch' 'switch_ln432' <Predicate = (!icmp_ln420 & trunc_ln420 == 3)> <Delay = 0.34>
ST_1 : Operation 123 [1/1] (1.20ns)   --->   "%store_ln432 = store i32 3.40282e+38, i10 %local_distance_0_A_14_addr" [/home/nehaprakriya/Documents/tapa/regression/knn/src/run_split_check/cpp/krnl_partialKnn_wrapper_7.cpp:432]   --->   Operation 123 'store' 'store_ln432' <Predicate = (!icmp_ln420 & trunc_ln420 == 3 & trunc_ln432 == 2)> <Delay = 1.20> <CoreInst = "RAM">   --->   Core 83 'RAM' <Latency = 1> <II = 1> <Delay = 1.20> <Storage> <Opcode : 'load' 'store'> <Ports = 2> <Width = 32> <Depth = 515> <RAM>
ST_1 : Operation 124 [1/1] (1.20ns)   --->   "%store_ln433 = store i32 3.40282e+38, i10 %local_distance_0_B_14_addr" [/home/nehaprakriya/Documents/tapa/regression/knn/src/run_split_check/cpp/krnl_partialKnn_wrapper_7.cpp:433]   --->   Operation 124 'store' 'store_ln433' <Predicate = (!icmp_ln420 & trunc_ln420 == 3 & trunc_ln432 == 2)> <Delay = 1.20> <CoreInst = "RAM">   --->   Core 83 'RAM' <Latency = 1> <II = 1> <Delay = 1.20> <Storage> <Opcode : 'load' 'store'> <Ports = 2> <Width = 32> <Depth = 515> <RAM>
ST_1 : Operation 125 [1/1] (0.00ns)   --->   "%br_ln0 = br void %arrayidx4756.i.exit221"   --->   Operation 125 'br' 'br_ln0' <Predicate = (!icmp_ln420 & trunc_ln420 == 3 & trunc_ln432 == 2)> <Delay = 0.00>
ST_1 : Operation 126 [1/1] (1.20ns)   --->   "%store_ln432 = store i32 3.40282e+38, i10 %local_distance_0_A_13_addr" [/home/nehaprakriya/Documents/tapa/regression/knn/src/run_split_check/cpp/krnl_partialKnn_wrapper_7.cpp:432]   --->   Operation 126 'store' 'store_ln432' <Predicate = (!icmp_ln420 & trunc_ln420 == 3 & trunc_ln432 == 1)> <Delay = 1.20> <CoreInst = "RAM">   --->   Core 83 'RAM' <Latency = 1> <II = 1> <Delay = 1.20> <Storage> <Opcode : 'load' 'store'> <Ports = 2> <Width = 32> <Depth = 515> <RAM>
ST_1 : Operation 127 [1/1] (1.20ns)   --->   "%store_ln433 = store i32 3.40282e+38, i10 %local_distance_0_B_13_addr" [/home/nehaprakriya/Documents/tapa/regression/knn/src/run_split_check/cpp/krnl_partialKnn_wrapper_7.cpp:433]   --->   Operation 127 'store' 'store_ln433' <Predicate = (!icmp_ln420 & trunc_ln420 == 3 & trunc_ln432 == 1)> <Delay = 1.20> <CoreInst = "RAM">   --->   Core 83 'RAM' <Latency = 1> <II = 1> <Delay = 1.20> <Storage> <Opcode : 'load' 'store'> <Ports = 2> <Width = 32> <Depth = 515> <RAM>
ST_1 : Operation 128 [1/1] (0.00ns)   --->   "%br_ln0 = br void %arrayidx4756.i.exit221"   --->   Operation 128 'br' 'br_ln0' <Predicate = (!icmp_ln420 & trunc_ln420 == 3 & trunc_ln432 == 1)> <Delay = 0.00>
ST_1 : Operation 129 [1/1] (1.20ns)   --->   "%store_ln432 = store i32 3.40282e+38, i10 %local_distance_0_A_12_addr" [/home/nehaprakriya/Documents/tapa/regression/knn/src/run_split_check/cpp/krnl_partialKnn_wrapper_7.cpp:432]   --->   Operation 129 'store' 'store_ln432' <Predicate = (!icmp_ln420 & trunc_ln420 == 3 & trunc_ln432 == 0)> <Delay = 1.20> <CoreInst = "RAM">   --->   Core 83 'RAM' <Latency = 1> <II = 1> <Delay = 1.20> <Storage> <Opcode : 'load' 'store'> <Ports = 2> <Width = 32> <Depth = 515> <RAM>
ST_1 : Operation 130 [1/1] (1.20ns)   --->   "%store_ln433 = store i32 3.40282e+38, i10 %local_distance_0_B_12_addr" [/home/nehaprakriya/Documents/tapa/regression/knn/src/run_split_check/cpp/krnl_partialKnn_wrapper_7.cpp:433]   --->   Operation 130 'store' 'store_ln433' <Predicate = (!icmp_ln420 & trunc_ln420 == 3 & trunc_ln432 == 0)> <Delay = 1.20> <CoreInst = "RAM">   --->   Core 83 'RAM' <Latency = 1> <II = 1> <Delay = 1.20> <Storage> <Opcode : 'load' 'store'> <Ports = 2> <Width = 32> <Depth = 515> <RAM>
ST_1 : Operation 131 [1/1] (0.00ns)   --->   "%br_ln0 = br void %arrayidx4756.i.exit221"   --->   Operation 131 'br' 'br_ln0' <Predicate = (!icmp_ln420 & trunc_ln420 == 3 & trunc_ln432 == 0)> <Delay = 0.00>
ST_1 : Operation 132 [1/1] (1.20ns)   --->   "%store_ln432 = store i32 3.40282e+38, i10 %local_distance_0_A_15_addr" [/home/nehaprakriya/Documents/tapa/regression/knn/src/run_split_check/cpp/krnl_partialKnn_wrapper_7.cpp:432]   --->   Operation 132 'store' 'store_ln432' <Predicate = (!icmp_ln420 & trunc_ln420 == 3 & trunc_ln432 == 3)> <Delay = 1.20> <CoreInst = "RAM">   --->   Core 83 'RAM' <Latency = 1> <II = 1> <Delay = 1.20> <Storage> <Opcode : 'load' 'store'> <Ports = 2> <Width = 32> <Depth = 515> <RAM>
ST_1 : Operation 133 [1/1] (1.20ns)   --->   "%store_ln433 = store i32 3.40282e+38, i10 %local_distance_0_B_15_addr" [/home/nehaprakriya/Documents/tapa/regression/knn/src/run_split_check/cpp/krnl_partialKnn_wrapper_7.cpp:433]   --->   Operation 133 'store' 'store_ln433' <Predicate = (!icmp_ln420 & trunc_ln420 == 3 & trunc_ln432 == 3)> <Delay = 1.20> <CoreInst = "RAM">   --->   Core 83 'RAM' <Latency = 1> <II = 1> <Delay = 1.20> <Storage> <Opcode : 'load' 'store'> <Ports = 2> <Width = 32> <Depth = 515> <RAM>
ST_1 : Operation 134 [1/1] (0.00ns)   --->   "%br_ln0 = br void %arrayidx4756.i.exit221"   --->   Operation 134 'br' 'br_ln0' <Predicate = (!icmp_ln420 & trunc_ln420 == 3 & trunc_ln432 == 3)> <Delay = 0.00>
ST_1 : Operation 135 [1/1] (0.00ns)   --->   "%br_ln433 = br void %arrayidx4756.i.exit" [/home/nehaprakriya/Documents/tapa/regression/knn/src/run_split_check/cpp/krnl_partialKnn_wrapper_7.cpp:433]   --->   Operation 135 'br' 'br_ln433' <Predicate = (!icmp_ln420 & trunc_ln420 == 3)> <Delay = 0.00>
ST_1 : Operation 136 [1/1] (0.00ns)   --->   "%local_distance_0_B_8_addr = getelementptr i32 %local_distance_0_B_8, i64 0, i64 %zext_ln432_1" [/home/nehaprakriya/Documents/tapa/regression/knn/src/run_split_check/cpp/krnl_partialKnn_wrapper_7.cpp:433]   --->   Operation 136 'getelementptr' 'local_distance_0_B_8_addr' <Predicate = (!icmp_ln420 & trunc_ln420 == 2)> <Delay = 0.00>
ST_1 : Operation 137 [1/1] (0.00ns)   --->   "%local_distance_0_B_9_addr = getelementptr i32 %local_distance_0_B_9, i64 0, i64 %zext_ln432_1" [/home/nehaprakriya/Documents/tapa/regression/knn/src/run_split_check/cpp/krnl_partialKnn_wrapper_7.cpp:433]   --->   Operation 137 'getelementptr' 'local_distance_0_B_9_addr' <Predicate = (!icmp_ln420 & trunc_ln420 == 2)> <Delay = 0.00>
ST_1 : Operation 138 [1/1] (0.00ns)   --->   "%local_distance_0_B_10_addr = getelementptr i32 %local_distance_0_B_10, i64 0, i64 %zext_ln432_1" [/home/nehaprakriya/Documents/tapa/regression/knn/src/run_split_check/cpp/krnl_partialKnn_wrapper_7.cpp:433]   --->   Operation 138 'getelementptr' 'local_distance_0_B_10_addr' <Predicate = (!icmp_ln420 & trunc_ln420 == 2)> <Delay = 0.00>
ST_1 : Operation 139 [1/1] (0.00ns)   --->   "%local_distance_0_B_11_addr = getelementptr i32 %local_distance_0_B_11, i64 0, i64 %zext_ln432_1" [/home/nehaprakriya/Documents/tapa/regression/knn/src/run_split_check/cpp/krnl_partialKnn_wrapper_7.cpp:433]   --->   Operation 139 'getelementptr' 'local_distance_0_B_11_addr' <Predicate = (!icmp_ln420 & trunc_ln420 == 2)> <Delay = 0.00>
ST_1 : Operation 140 [1/1] (0.34ns)   --->   "%switch_ln432 = switch i2 %trunc_ln432, void %arrayidx4255.i.case.3171, i2 0, void %arrayidx4255.i.case.0168, i2 1, void %arrayidx4255.i.case.1169, i2 2, void %arrayidx4255.i.case.2170" [/home/nehaprakriya/Documents/tapa/regression/knn/src/run_split_check/cpp/krnl_partialKnn_wrapper_7.cpp:432]   --->   Operation 140 'switch' 'switch_ln432' <Predicate = (!icmp_ln420 & trunc_ln420 == 2)> <Delay = 0.34>
ST_1 : Operation 141 [1/1] (1.20ns)   --->   "%store_ln432 = store i32 3.40282e+38, i10 %local_distance_0_A_10_addr" [/home/nehaprakriya/Documents/tapa/regression/knn/src/run_split_check/cpp/krnl_partialKnn_wrapper_7.cpp:432]   --->   Operation 141 'store' 'store_ln432' <Predicate = (!icmp_ln420 & trunc_ln420 == 2 & trunc_ln432 == 2)> <Delay = 1.20> <CoreInst = "RAM">   --->   Core 83 'RAM' <Latency = 1> <II = 1> <Delay = 1.20> <Storage> <Opcode : 'load' 'store'> <Ports = 2> <Width = 32> <Depth = 515> <RAM>
ST_1 : Operation 142 [1/1] (1.20ns)   --->   "%store_ln433 = store i32 3.40282e+38, i10 %local_distance_0_B_10_addr" [/home/nehaprakriya/Documents/tapa/regression/knn/src/run_split_check/cpp/krnl_partialKnn_wrapper_7.cpp:433]   --->   Operation 142 'store' 'store_ln433' <Predicate = (!icmp_ln420 & trunc_ln420 == 2 & trunc_ln432 == 2)> <Delay = 1.20> <CoreInst = "RAM">   --->   Core 83 'RAM' <Latency = 1> <II = 1> <Delay = 1.20> <Storage> <Opcode : 'load' 'store'> <Ports = 2> <Width = 32> <Depth = 515> <RAM>
ST_1 : Operation 143 [1/1] (0.00ns)   --->   "%br_ln0 = br void %arrayidx4756.i.exit215"   --->   Operation 143 'br' 'br_ln0' <Predicate = (!icmp_ln420 & trunc_ln420 == 2 & trunc_ln432 == 2)> <Delay = 0.00>
ST_1 : Operation 144 [1/1] (1.20ns)   --->   "%store_ln432 = store i32 3.40282e+38, i10 %local_distance_0_A_9_addr" [/home/nehaprakriya/Documents/tapa/regression/knn/src/run_split_check/cpp/krnl_partialKnn_wrapper_7.cpp:432]   --->   Operation 144 'store' 'store_ln432' <Predicate = (!icmp_ln420 & trunc_ln420 == 2 & trunc_ln432 == 1)> <Delay = 1.20> <CoreInst = "RAM">   --->   Core 83 'RAM' <Latency = 1> <II = 1> <Delay = 1.20> <Storage> <Opcode : 'load' 'store'> <Ports = 2> <Width = 32> <Depth = 515> <RAM>
ST_1 : Operation 145 [1/1] (1.20ns)   --->   "%store_ln433 = store i32 3.40282e+38, i10 %local_distance_0_B_9_addr" [/home/nehaprakriya/Documents/tapa/regression/knn/src/run_split_check/cpp/krnl_partialKnn_wrapper_7.cpp:433]   --->   Operation 145 'store' 'store_ln433' <Predicate = (!icmp_ln420 & trunc_ln420 == 2 & trunc_ln432 == 1)> <Delay = 1.20> <CoreInst = "RAM">   --->   Core 83 'RAM' <Latency = 1> <II = 1> <Delay = 1.20> <Storage> <Opcode : 'load' 'store'> <Ports = 2> <Width = 32> <Depth = 515> <RAM>
ST_1 : Operation 146 [1/1] (0.00ns)   --->   "%br_ln0 = br void %arrayidx4756.i.exit215"   --->   Operation 146 'br' 'br_ln0' <Predicate = (!icmp_ln420 & trunc_ln420 == 2 & trunc_ln432 == 1)> <Delay = 0.00>
ST_1 : Operation 147 [1/1] (1.20ns)   --->   "%store_ln432 = store i32 3.40282e+38, i10 %local_distance_0_A_8_addr" [/home/nehaprakriya/Documents/tapa/regression/knn/src/run_split_check/cpp/krnl_partialKnn_wrapper_7.cpp:432]   --->   Operation 147 'store' 'store_ln432' <Predicate = (!icmp_ln420 & trunc_ln420 == 2 & trunc_ln432 == 0)> <Delay = 1.20> <CoreInst = "RAM">   --->   Core 83 'RAM' <Latency = 1> <II = 1> <Delay = 1.20> <Storage> <Opcode : 'load' 'store'> <Ports = 2> <Width = 32> <Depth = 515> <RAM>
ST_1 : Operation 148 [1/1] (1.20ns)   --->   "%store_ln433 = store i32 3.40282e+38, i10 %local_distance_0_B_8_addr" [/home/nehaprakriya/Documents/tapa/regression/knn/src/run_split_check/cpp/krnl_partialKnn_wrapper_7.cpp:433]   --->   Operation 148 'store' 'store_ln433' <Predicate = (!icmp_ln420 & trunc_ln420 == 2 & trunc_ln432 == 0)> <Delay = 1.20> <CoreInst = "RAM">   --->   Core 83 'RAM' <Latency = 1> <II = 1> <Delay = 1.20> <Storage> <Opcode : 'load' 'store'> <Ports = 2> <Width = 32> <Depth = 515> <RAM>
ST_1 : Operation 149 [1/1] (0.00ns)   --->   "%br_ln0 = br void %arrayidx4756.i.exit215"   --->   Operation 149 'br' 'br_ln0' <Predicate = (!icmp_ln420 & trunc_ln420 == 2 & trunc_ln432 == 0)> <Delay = 0.00>
ST_1 : Operation 150 [1/1] (1.20ns)   --->   "%store_ln432 = store i32 3.40282e+38, i10 %local_distance_0_A_11_addr" [/home/nehaprakriya/Documents/tapa/regression/knn/src/run_split_check/cpp/krnl_partialKnn_wrapper_7.cpp:432]   --->   Operation 150 'store' 'store_ln432' <Predicate = (!icmp_ln420 & trunc_ln420 == 2 & trunc_ln432 == 3)> <Delay = 1.20> <CoreInst = "RAM">   --->   Core 83 'RAM' <Latency = 1> <II = 1> <Delay = 1.20> <Storage> <Opcode : 'load' 'store'> <Ports = 2> <Width = 32> <Depth = 515> <RAM>
ST_1 : Operation 151 [1/1] (1.20ns)   --->   "%store_ln433 = store i32 3.40282e+38, i10 %local_distance_0_B_11_addr" [/home/nehaprakriya/Documents/tapa/regression/knn/src/run_split_check/cpp/krnl_partialKnn_wrapper_7.cpp:433]   --->   Operation 151 'store' 'store_ln433' <Predicate = (!icmp_ln420 & trunc_ln420 == 2 & trunc_ln432 == 3)> <Delay = 1.20> <CoreInst = "RAM">   --->   Core 83 'RAM' <Latency = 1> <II = 1> <Delay = 1.20> <Storage> <Opcode : 'load' 'store'> <Ports = 2> <Width = 32> <Depth = 515> <RAM>
ST_1 : Operation 152 [1/1] (0.00ns)   --->   "%br_ln0 = br void %arrayidx4756.i.exit215"   --->   Operation 152 'br' 'br_ln0' <Predicate = (!icmp_ln420 & trunc_ln420 == 2 & trunc_ln432 == 3)> <Delay = 0.00>
ST_1 : Operation 153 [1/1] (0.00ns)   --->   "%br_ln433 = br void %arrayidx4756.i.exit" [/home/nehaprakriya/Documents/tapa/regression/knn/src/run_split_check/cpp/krnl_partialKnn_wrapper_7.cpp:433]   --->   Operation 153 'br' 'br_ln433' <Predicate = (!icmp_ln420 & trunc_ln420 == 2)> <Delay = 0.00>
ST_1 : Operation 154 [1/1] (0.00ns)   --->   "%local_distance_0_B_4_addr = getelementptr i32 %local_distance_0_B_4, i64 0, i64 %zext_ln432_1" [/home/nehaprakriya/Documents/tapa/regression/knn/src/run_split_check/cpp/krnl_partialKnn_wrapper_7.cpp:433]   --->   Operation 154 'getelementptr' 'local_distance_0_B_4_addr' <Predicate = (!icmp_ln420 & trunc_ln420 == 1)> <Delay = 0.00>
ST_1 : Operation 155 [1/1] (0.00ns)   --->   "%local_distance_0_B_5_addr = getelementptr i32 %local_distance_0_B_5, i64 0, i64 %zext_ln432_1" [/home/nehaprakriya/Documents/tapa/regression/knn/src/run_split_check/cpp/krnl_partialKnn_wrapper_7.cpp:433]   --->   Operation 155 'getelementptr' 'local_distance_0_B_5_addr' <Predicate = (!icmp_ln420 & trunc_ln420 == 1)> <Delay = 0.00>
ST_1 : Operation 156 [1/1] (0.00ns)   --->   "%local_distance_0_B_6_addr = getelementptr i32 %local_distance_0_B_6, i64 0, i64 %zext_ln432_1" [/home/nehaprakriya/Documents/tapa/regression/knn/src/run_split_check/cpp/krnl_partialKnn_wrapper_7.cpp:433]   --->   Operation 156 'getelementptr' 'local_distance_0_B_6_addr' <Predicate = (!icmp_ln420 & trunc_ln420 == 1)> <Delay = 0.00>
ST_1 : Operation 157 [1/1] (0.00ns)   --->   "%local_distance_0_B_7_addr = getelementptr i32 %local_distance_0_B_7, i64 0, i64 %zext_ln432_1" [/home/nehaprakriya/Documents/tapa/regression/knn/src/run_split_check/cpp/krnl_partialKnn_wrapper_7.cpp:433]   --->   Operation 157 'getelementptr' 'local_distance_0_B_7_addr' <Predicate = (!icmp_ln420 & trunc_ln420 == 1)> <Delay = 0.00>
ST_1 : Operation 158 [1/1] (0.34ns)   --->   "%switch_ln432 = switch i2 %trunc_ln432, void %arrayidx4255.i.case.3165, i2 0, void %arrayidx4255.i.case.0162, i2 1, void %arrayidx4255.i.case.1163, i2 2, void %arrayidx4255.i.case.2164" [/home/nehaprakriya/Documents/tapa/regression/knn/src/run_split_check/cpp/krnl_partialKnn_wrapper_7.cpp:432]   --->   Operation 158 'switch' 'switch_ln432' <Predicate = (!icmp_ln420 & trunc_ln420 == 1)> <Delay = 0.34>
ST_1 : Operation 159 [1/1] (1.20ns)   --->   "%store_ln432 = store i32 3.40282e+38, i10 %local_distance_0_A_6_addr" [/home/nehaprakriya/Documents/tapa/regression/knn/src/run_split_check/cpp/krnl_partialKnn_wrapper_7.cpp:432]   --->   Operation 159 'store' 'store_ln432' <Predicate = (!icmp_ln420 & trunc_ln420 == 1 & trunc_ln432 == 2)> <Delay = 1.20> <CoreInst = "RAM">   --->   Core 83 'RAM' <Latency = 1> <II = 1> <Delay = 1.20> <Storage> <Opcode : 'load' 'store'> <Ports = 2> <Width = 32> <Depth = 515> <RAM>
ST_1 : Operation 160 [1/1] (1.20ns)   --->   "%store_ln433 = store i32 3.40282e+38, i10 %local_distance_0_B_6_addr" [/home/nehaprakriya/Documents/tapa/regression/knn/src/run_split_check/cpp/krnl_partialKnn_wrapper_7.cpp:433]   --->   Operation 160 'store' 'store_ln433' <Predicate = (!icmp_ln420 & trunc_ln420 == 1 & trunc_ln432 == 2)> <Delay = 1.20> <CoreInst = "RAM">   --->   Core 83 'RAM' <Latency = 1> <II = 1> <Delay = 1.20> <Storage> <Opcode : 'load' 'store'> <Ports = 2> <Width = 32> <Depth = 515> <RAM>
ST_1 : Operation 161 [1/1] (0.00ns)   --->   "%br_ln0 = br void %arrayidx4756.i.exit209"   --->   Operation 161 'br' 'br_ln0' <Predicate = (!icmp_ln420 & trunc_ln420 == 1 & trunc_ln432 == 2)> <Delay = 0.00>
ST_1 : Operation 162 [1/1] (1.20ns)   --->   "%store_ln432 = store i32 3.40282e+38, i10 %local_distance_0_A_5_addr" [/home/nehaprakriya/Documents/tapa/regression/knn/src/run_split_check/cpp/krnl_partialKnn_wrapper_7.cpp:432]   --->   Operation 162 'store' 'store_ln432' <Predicate = (!icmp_ln420 & trunc_ln420 == 1 & trunc_ln432 == 1)> <Delay = 1.20> <CoreInst = "RAM">   --->   Core 83 'RAM' <Latency = 1> <II = 1> <Delay = 1.20> <Storage> <Opcode : 'load' 'store'> <Ports = 2> <Width = 32> <Depth = 515> <RAM>
ST_1 : Operation 163 [1/1] (1.20ns)   --->   "%store_ln433 = store i32 3.40282e+38, i10 %local_distance_0_B_5_addr" [/home/nehaprakriya/Documents/tapa/regression/knn/src/run_split_check/cpp/krnl_partialKnn_wrapper_7.cpp:433]   --->   Operation 163 'store' 'store_ln433' <Predicate = (!icmp_ln420 & trunc_ln420 == 1 & trunc_ln432 == 1)> <Delay = 1.20> <CoreInst = "RAM">   --->   Core 83 'RAM' <Latency = 1> <II = 1> <Delay = 1.20> <Storage> <Opcode : 'load' 'store'> <Ports = 2> <Width = 32> <Depth = 515> <RAM>
ST_1 : Operation 164 [1/1] (0.00ns)   --->   "%br_ln0 = br void %arrayidx4756.i.exit209"   --->   Operation 164 'br' 'br_ln0' <Predicate = (!icmp_ln420 & trunc_ln420 == 1 & trunc_ln432 == 1)> <Delay = 0.00>
ST_1 : Operation 165 [1/1] (1.20ns)   --->   "%store_ln432 = store i32 3.40282e+38, i10 %local_distance_0_A_4_addr" [/home/nehaprakriya/Documents/tapa/regression/knn/src/run_split_check/cpp/krnl_partialKnn_wrapper_7.cpp:432]   --->   Operation 165 'store' 'store_ln432' <Predicate = (!icmp_ln420 & trunc_ln420 == 1 & trunc_ln432 == 0)> <Delay = 1.20> <CoreInst = "RAM">   --->   Core 83 'RAM' <Latency = 1> <II = 1> <Delay = 1.20> <Storage> <Opcode : 'load' 'store'> <Ports = 2> <Width = 32> <Depth = 515> <RAM>
ST_1 : Operation 166 [1/1] (1.20ns)   --->   "%store_ln433 = store i32 3.40282e+38, i10 %local_distance_0_B_4_addr" [/home/nehaprakriya/Documents/tapa/regression/knn/src/run_split_check/cpp/krnl_partialKnn_wrapper_7.cpp:433]   --->   Operation 166 'store' 'store_ln433' <Predicate = (!icmp_ln420 & trunc_ln420 == 1 & trunc_ln432 == 0)> <Delay = 1.20> <CoreInst = "RAM">   --->   Core 83 'RAM' <Latency = 1> <II = 1> <Delay = 1.20> <Storage> <Opcode : 'load' 'store'> <Ports = 2> <Width = 32> <Depth = 515> <RAM>
ST_1 : Operation 167 [1/1] (0.00ns)   --->   "%br_ln0 = br void %arrayidx4756.i.exit209"   --->   Operation 167 'br' 'br_ln0' <Predicate = (!icmp_ln420 & trunc_ln420 == 1 & trunc_ln432 == 0)> <Delay = 0.00>
ST_1 : Operation 168 [1/1] (1.20ns)   --->   "%store_ln432 = store i32 3.40282e+38, i10 %local_distance_0_A_7_addr" [/home/nehaprakriya/Documents/tapa/regression/knn/src/run_split_check/cpp/krnl_partialKnn_wrapper_7.cpp:432]   --->   Operation 168 'store' 'store_ln432' <Predicate = (!icmp_ln420 & trunc_ln420 == 1 & trunc_ln432 == 3)> <Delay = 1.20> <CoreInst = "RAM">   --->   Core 83 'RAM' <Latency = 1> <II = 1> <Delay = 1.20> <Storage> <Opcode : 'load' 'store'> <Ports = 2> <Width = 32> <Depth = 515> <RAM>
ST_1 : Operation 169 [1/1] (1.20ns)   --->   "%store_ln433 = store i32 3.40282e+38, i10 %local_distance_0_B_7_addr" [/home/nehaprakriya/Documents/tapa/regression/knn/src/run_split_check/cpp/krnl_partialKnn_wrapper_7.cpp:433]   --->   Operation 169 'store' 'store_ln433' <Predicate = (!icmp_ln420 & trunc_ln420 == 1 & trunc_ln432 == 3)> <Delay = 1.20> <CoreInst = "RAM">   --->   Core 83 'RAM' <Latency = 1> <II = 1> <Delay = 1.20> <Storage> <Opcode : 'load' 'store'> <Ports = 2> <Width = 32> <Depth = 515> <RAM>
ST_1 : Operation 170 [1/1] (0.00ns)   --->   "%br_ln0 = br void %arrayidx4756.i.exit209"   --->   Operation 170 'br' 'br_ln0' <Predicate = (!icmp_ln420 & trunc_ln420 == 1 & trunc_ln432 == 3)> <Delay = 0.00>
ST_1 : Operation 171 [1/1] (0.00ns)   --->   "%br_ln433 = br void %arrayidx4756.i.exit" [/home/nehaprakriya/Documents/tapa/regression/knn/src/run_split_check/cpp/krnl_partialKnn_wrapper_7.cpp:433]   --->   Operation 171 'br' 'br_ln433' <Predicate = (!icmp_ln420 & trunc_ln420 == 1)> <Delay = 0.00>
ST_1 : Operation 172 [1/1] (0.00ns)   --->   "%local_distance_0_B_addr = getelementptr i32 %local_distance_0_B, i64 0, i64 %zext_ln432_1" [/home/nehaprakriya/Documents/tapa/regression/knn/src/run_split_check/cpp/krnl_partialKnn_wrapper_7.cpp:433]   --->   Operation 172 'getelementptr' 'local_distance_0_B_addr' <Predicate = (!icmp_ln420 & trunc_ln420 == 0)> <Delay = 0.00>
ST_1 : Operation 173 [1/1] (0.00ns)   --->   "%local_distance_0_B_1_addr = getelementptr i32 %local_distance_0_B_1, i64 0, i64 %zext_ln432_1" [/home/nehaprakriya/Documents/tapa/regression/knn/src/run_split_check/cpp/krnl_partialKnn_wrapper_7.cpp:433]   --->   Operation 173 'getelementptr' 'local_distance_0_B_1_addr' <Predicate = (!icmp_ln420 & trunc_ln420 == 0)> <Delay = 0.00>
ST_1 : Operation 174 [1/1] (0.00ns)   --->   "%local_distance_0_B_2_addr = getelementptr i32 %local_distance_0_B_2, i64 0, i64 %zext_ln432_1" [/home/nehaprakriya/Documents/tapa/regression/knn/src/run_split_check/cpp/krnl_partialKnn_wrapper_7.cpp:433]   --->   Operation 174 'getelementptr' 'local_distance_0_B_2_addr' <Predicate = (!icmp_ln420 & trunc_ln420 == 0)> <Delay = 0.00>
ST_1 : Operation 175 [1/1] (0.00ns)   --->   "%local_distance_0_B_3_addr = getelementptr i32 %local_distance_0_B_3, i64 0, i64 %zext_ln432_1" [/home/nehaprakriya/Documents/tapa/regression/knn/src/run_split_check/cpp/krnl_partialKnn_wrapper_7.cpp:433]   --->   Operation 175 'getelementptr' 'local_distance_0_B_3_addr' <Predicate = (!icmp_ln420 & trunc_ln420 == 0)> <Delay = 0.00>
ST_1 : Operation 176 [1/1] (0.34ns)   --->   "%switch_ln432 = switch i2 %trunc_ln432, void %arrayidx4255.i.case.3159, i2 0, void %arrayidx4255.i.case.0156, i2 1, void %arrayidx4255.i.case.1157, i2 2, void %arrayidx4255.i.case.2158" [/home/nehaprakriya/Documents/tapa/regression/knn/src/run_split_check/cpp/krnl_partialKnn_wrapper_7.cpp:432]   --->   Operation 176 'switch' 'switch_ln432' <Predicate = (!icmp_ln420 & trunc_ln420 == 0)> <Delay = 0.34>
ST_1 : Operation 177 [1/1] (1.20ns)   --->   "%store_ln432 = store i32 3.40282e+38, i10 %local_distance_0_A_2_addr" [/home/nehaprakriya/Documents/tapa/regression/knn/src/run_split_check/cpp/krnl_partialKnn_wrapper_7.cpp:432]   --->   Operation 177 'store' 'store_ln432' <Predicate = (!icmp_ln420 & trunc_ln420 == 0 & trunc_ln432 == 2)> <Delay = 1.20> <CoreInst = "RAM">   --->   Core 83 'RAM' <Latency = 1> <II = 1> <Delay = 1.20> <Storage> <Opcode : 'load' 'store'> <Ports = 2> <Width = 32> <Depth = 515> <RAM>
ST_1 : Operation 178 [1/1] (1.20ns)   --->   "%store_ln433 = store i32 3.40282e+38, i10 %local_distance_0_B_2_addr" [/home/nehaprakriya/Documents/tapa/regression/knn/src/run_split_check/cpp/krnl_partialKnn_wrapper_7.cpp:433]   --->   Operation 178 'store' 'store_ln433' <Predicate = (!icmp_ln420 & trunc_ln420 == 0 & trunc_ln432 == 2)> <Delay = 1.20> <CoreInst = "RAM">   --->   Core 83 'RAM' <Latency = 1> <II = 1> <Delay = 1.20> <Storage> <Opcode : 'load' 'store'> <Ports = 2> <Width = 32> <Depth = 515> <RAM>
ST_1 : Operation 179 [1/1] (0.00ns)   --->   "%br_ln0 = br void %arrayidx4756.i.exit203"   --->   Operation 179 'br' 'br_ln0' <Predicate = (!icmp_ln420 & trunc_ln420 == 0 & trunc_ln432 == 2)> <Delay = 0.00>
ST_1 : Operation 180 [1/1] (1.20ns)   --->   "%store_ln432 = store i32 3.40282e+38, i10 %local_distance_0_A_1_addr" [/home/nehaprakriya/Documents/tapa/regression/knn/src/run_split_check/cpp/krnl_partialKnn_wrapper_7.cpp:432]   --->   Operation 180 'store' 'store_ln432' <Predicate = (!icmp_ln420 & trunc_ln420 == 0 & trunc_ln432 == 1)> <Delay = 1.20> <CoreInst = "RAM">   --->   Core 83 'RAM' <Latency = 1> <II = 1> <Delay = 1.20> <Storage> <Opcode : 'load' 'store'> <Ports = 2> <Width = 32> <Depth = 515> <RAM>
ST_1 : Operation 181 [1/1] (1.20ns)   --->   "%store_ln433 = store i32 3.40282e+38, i10 %local_distance_0_B_1_addr" [/home/nehaprakriya/Documents/tapa/regression/knn/src/run_split_check/cpp/krnl_partialKnn_wrapper_7.cpp:433]   --->   Operation 181 'store' 'store_ln433' <Predicate = (!icmp_ln420 & trunc_ln420 == 0 & trunc_ln432 == 1)> <Delay = 1.20> <CoreInst = "RAM">   --->   Core 83 'RAM' <Latency = 1> <II = 1> <Delay = 1.20> <Storage> <Opcode : 'load' 'store'> <Ports = 2> <Width = 32> <Depth = 515> <RAM>
ST_1 : Operation 182 [1/1] (0.00ns)   --->   "%br_ln0 = br void %arrayidx4756.i.exit203"   --->   Operation 182 'br' 'br_ln0' <Predicate = (!icmp_ln420 & trunc_ln420 == 0 & trunc_ln432 == 1)> <Delay = 0.00>
ST_1 : Operation 183 [1/1] (1.20ns)   --->   "%store_ln432 = store i32 3.40282e+38, i10 %local_distance_0_A_addr" [/home/nehaprakriya/Documents/tapa/regression/knn/src/run_split_check/cpp/krnl_partialKnn_wrapper_7.cpp:432]   --->   Operation 183 'store' 'store_ln432' <Predicate = (!icmp_ln420 & trunc_ln420 == 0 & trunc_ln432 == 0)> <Delay = 1.20> <CoreInst = "RAM">   --->   Core 83 'RAM' <Latency = 1> <II = 1> <Delay = 1.20> <Storage> <Opcode : 'load' 'store'> <Ports = 2> <Width = 32> <Depth = 515> <RAM>
ST_1 : Operation 184 [1/1] (1.20ns)   --->   "%store_ln433 = store i32 3.40282e+38, i10 %local_distance_0_B_addr" [/home/nehaprakriya/Documents/tapa/regression/knn/src/run_split_check/cpp/krnl_partialKnn_wrapper_7.cpp:433]   --->   Operation 184 'store' 'store_ln433' <Predicate = (!icmp_ln420 & trunc_ln420 == 0 & trunc_ln432 == 0)> <Delay = 1.20> <CoreInst = "RAM">   --->   Core 83 'RAM' <Latency = 1> <II = 1> <Delay = 1.20> <Storage> <Opcode : 'load' 'store'> <Ports = 2> <Width = 32> <Depth = 515> <RAM>
ST_1 : Operation 185 [1/1] (0.00ns)   --->   "%br_ln0 = br void %arrayidx4756.i.exit203"   --->   Operation 185 'br' 'br_ln0' <Predicate = (!icmp_ln420 & trunc_ln420 == 0 & trunc_ln432 == 0)> <Delay = 0.00>
ST_1 : Operation 186 [1/1] (1.20ns)   --->   "%store_ln432 = store i32 3.40282e+38, i10 %local_distance_0_A_3_addr" [/home/nehaprakriya/Documents/tapa/regression/knn/src/run_split_check/cpp/krnl_partialKnn_wrapper_7.cpp:432]   --->   Operation 186 'store' 'store_ln432' <Predicate = (!icmp_ln420 & trunc_ln420 == 0 & trunc_ln432 == 3)> <Delay = 1.20> <CoreInst = "RAM">   --->   Core 83 'RAM' <Latency = 1> <II = 1> <Delay = 1.20> <Storage> <Opcode : 'load' 'store'> <Ports = 2> <Width = 32> <Depth = 515> <RAM>
ST_1 : Operation 187 [1/1] (1.20ns)   --->   "%store_ln433 = store i32 3.40282e+38, i10 %local_distance_0_B_3_addr" [/home/nehaprakriya/Documents/tapa/regression/knn/src/run_split_check/cpp/krnl_partialKnn_wrapper_7.cpp:433]   --->   Operation 187 'store' 'store_ln433' <Predicate = (!icmp_ln420 & trunc_ln420 == 0 & trunc_ln432 == 3)> <Delay = 1.20> <CoreInst = "RAM">   --->   Core 83 'RAM' <Latency = 1> <II = 1> <Delay = 1.20> <Storage> <Opcode : 'load' 'store'> <Ports = 2> <Width = 32> <Depth = 515> <RAM>
ST_1 : Operation 188 [1/1] (0.00ns)   --->   "%br_ln0 = br void %arrayidx4756.i.exit203"   --->   Operation 188 'br' 'br_ln0' <Predicate = (!icmp_ln420 & trunc_ln420 == 0 & trunc_ln432 == 3)> <Delay = 0.00>
ST_1 : Operation 189 [1/1] (0.00ns)   --->   "%br_ln433 = br void %arrayidx4756.i.exit" [/home/nehaprakriya/Documents/tapa/regression/knn/src/run_split_check/cpp/krnl_partialKnn_wrapper_7.cpp:433]   --->   Operation 189 'br' 'br_ln433' <Predicate = (!icmp_ln420 & trunc_ln420 == 0)> <Delay = 0.00>
ST_1 : Operation 190 [1/1] (0.00ns)   --->   "%local_distance_0_B_28_addr = getelementptr i32 %local_distance_0_B_28, i64 0, i64 %zext_ln432_1" [/home/nehaprakriya/Documents/tapa/regression/knn/src/run_split_check/cpp/krnl_partialKnn_wrapper_7.cpp:433]   --->   Operation 190 'getelementptr' 'local_distance_0_B_28_addr' <Predicate = (!icmp_ln420 & trunc_ln420 == 7)> <Delay = 0.00>
ST_1 : Operation 191 [1/1] (0.00ns)   --->   "%local_distance_0_B_29_addr = getelementptr i32 %local_distance_0_B_29, i64 0, i64 %zext_ln432_1" [/home/nehaprakriya/Documents/tapa/regression/knn/src/run_split_check/cpp/krnl_partialKnn_wrapper_7.cpp:433]   --->   Operation 191 'getelementptr' 'local_distance_0_B_29_addr' <Predicate = (!icmp_ln420 & trunc_ln420 == 7)> <Delay = 0.00>
ST_1 : Operation 192 [1/1] (0.00ns)   --->   "%local_distance_0_B_30_addr = getelementptr i32 %local_distance_0_B_30, i64 0, i64 %zext_ln432_1" [/home/nehaprakriya/Documents/tapa/regression/knn/src/run_split_check/cpp/krnl_partialKnn_wrapper_7.cpp:433]   --->   Operation 192 'getelementptr' 'local_distance_0_B_30_addr' <Predicate = (!icmp_ln420 & trunc_ln420 == 7)> <Delay = 0.00>
ST_1 : Operation 193 [1/1] (0.00ns)   --->   "%local_distance_0_B_31_addr = getelementptr i32 %local_distance_0_B_31, i64 0, i64 %zext_ln432_1" [/home/nehaprakriya/Documents/tapa/regression/knn/src/run_split_check/cpp/krnl_partialKnn_wrapper_7.cpp:433]   --->   Operation 193 'getelementptr' 'local_distance_0_B_31_addr' <Predicate = (!icmp_ln420 & trunc_ln420 == 7)> <Delay = 0.00>
ST_1 : Operation 194 [1/1] (0.34ns)   --->   "%switch_ln432 = switch i2 %trunc_ln432, void %arrayidx4255.i.case.3201, i2 0, void %arrayidx4255.i.case.0198, i2 1, void %arrayidx4255.i.case.1199, i2 2, void %arrayidx4255.i.case.2200" [/home/nehaprakriya/Documents/tapa/regression/knn/src/run_split_check/cpp/krnl_partialKnn_wrapper_7.cpp:432]   --->   Operation 194 'switch' 'switch_ln432' <Predicate = (!icmp_ln420 & trunc_ln420 == 7)> <Delay = 0.34>
ST_1 : Operation 195 [1/1] (1.20ns)   --->   "%store_ln432 = store i32 3.40282e+38, i10 %local_distance_0_A_30_addr" [/home/nehaprakriya/Documents/tapa/regression/knn/src/run_split_check/cpp/krnl_partialKnn_wrapper_7.cpp:432]   --->   Operation 195 'store' 'store_ln432' <Predicate = (!icmp_ln420 & trunc_ln420 == 7 & trunc_ln432 == 2)> <Delay = 1.20> <CoreInst = "RAM">   --->   Core 83 'RAM' <Latency = 1> <II = 1> <Delay = 1.20> <Storage> <Opcode : 'load' 'store'> <Ports = 2> <Width = 32> <Depth = 515> <RAM>
ST_1 : Operation 196 [1/1] (1.20ns)   --->   "%store_ln433 = store i32 3.40282e+38, i10 %local_distance_0_B_30_addr" [/home/nehaprakriya/Documents/tapa/regression/knn/src/run_split_check/cpp/krnl_partialKnn_wrapper_7.cpp:433]   --->   Operation 196 'store' 'store_ln433' <Predicate = (!icmp_ln420 & trunc_ln420 == 7 & trunc_ln432 == 2)> <Delay = 1.20> <CoreInst = "RAM">   --->   Core 83 'RAM' <Latency = 1> <II = 1> <Delay = 1.20> <Storage> <Opcode : 'load' 'store'> <Ports = 2> <Width = 32> <Depth = 515> <RAM>
ST_1 : Operation 197 [1/1] (0.00ns)   --->   "%br_ln0 = br void %arrayidx4756.i.exit245"   --->   Operation 197 'br' 'br_ln0' <Predicate = (!icmp_ln420 & trunc_ln420 == 7 & trunc_ln432 == 2)> <Delay = 0.00>
ST_1 : Operation 198 [1/1] (1.20ns)   --->   "%store_ln432 = store i32 3.40282e+38, i10 %local_distance_0_A_29_addr" [/home/nehaprakriya/Documents/tapa/regression/knn/src/run_split_check/cpp/krnl_partialKnn_wrapper_7.cpp:432]   --->   Operation 198 'store' 'store_ln432' <Predicate = (!icmp_ln420 & trunc_ln420 == 7 & trunc_ln432 == 1)> <Delay = 1.20> <CoreInst = "RAM">   --->   Core 83 'RAM' <Latency = 1> <II = 1> <Delay = 1.20> <Storage> <Opcode : 'load' 'store'> <Ports = 2> <Width = 32> <Depth = 515> <RAM>
ST_1 : Operation 199 [1/1] (1.20ns)   --->   "%store_ln433 = store i32 3.40282e+38, i10 %local_distance_0_B_29_addr" [/home/nehaprakriya/Documents/tapa/regression/knn/src/run_split_check/cpp/krnl_partialKnn_wrapper_7.cpp:433]   --->   Operation 199 'store' 'store_ln433' <Predicate = (!icmp_ln420 & trunc_ln420 == 7 & trunc_ln432 == 1)> <Delay = 1.20> <CoreInst = "RAM">   --->   Core 83 'RAM' <Latency = 1> <II = 1> <Delay = 1.20> <Storage> <Opcode : 'load' 'store'> <Ports = 2> <Width = 32> <Depth = 515> <RAM>
ST_1 : Operation 200 [1/1] (0.00ns)   --->   "%br_ln0 = br void %arrayidx4756.i.exit245"   --->   Operation 200 'br' 'br_ln0' <Predicate = (!icmp_ln420 & trunc_ln420 == 7 & trunc_ln432 == 1)> <Delay = 0.00>
ST_1 : Operation 201 [1/1] (1.20ns)   --->   "%store_ln432 = store i32 3.40282e+38, i10 %local_distance_0_A_28_addr" [/home/nehaprakriya/Documents/tapa/regression/knn/src/run_split_check/cpp/krnl_partialKnn_wrapper_7.cpp:432]   --->   Operation 201 'store' 'store_ln432' <Predicate = (!icmp_ln420 & trunc_ln420 == 7 & trunc_ln432 == 0)> <Delay = 1.20> <CoreInst = "RAM">   --->   Core 83 'RAM' <Latency = 1> <II = 1> <Delay = 1.20> <Storage> <Opcode : 'load' 'store'> <Ports = 2> <Width = 32> <Depth = 515> <RAM>
ST_1 : Operation 202 [1/1] (1.20ns)   --->   "%store_ln433 = store i32 3.40282e+38, i10 %local_distance_0_B_28_addr" [/home/nehaprakriya/Documents/tapa/regression/knn/src/run_split_check/cpp/krnl_partialKnn_wrapper_7.cpp:433]   --->   Operation 202 'store' 'store_ln433' <Predicate = (!icmp_ln420 & trunc_ln420 == 7 & trunc_ln432 == 0)> <Delay = 1.20> <CoreInst = "RAM">   --->   Core 83 'RAM' <Latency = 1> <II = 1> <Delay = 1.20> <Storage> <Opcode : 'load' 'store'> <Ports = 2> <Width = 32> <Depth = 515> <RAM>
ST_1 : Operation 203 [1/1] (0.00ns)   --->   "%br_ln0 = br void %arrayidx4756.i.exit245"   --->   Operation 203 'br' 'br_ln0' <Predicate = (!icmp_ln420 & trunc_ln420 == 7 & trunc_ln432 == 0)> <Delay = 0.00>
ST_1 : Operation 204 [1/1] (1.20ns)   --->   "%store_ln432 = store i32 3.40282e+38, i10 %local_distance_0_A_31_addr" [/home/nehaprakriya/Documents/tapa/regression/knn/src/run_split_check/cpp/krnl_partialKnn_wrapper_7.cpp:432]   --->   Operation 204 'store' 'store_ln432' <Predicate = (!icmp_ln420 & trunc_ln420 == 7 & trunc_ln432 == 3)> <Delay = 1.20> <CoreInst = "RAM">   --->   Core 83 'RAM' <Latency = 1> <II = 1> <Delay = 1.20> <Storage> <Opcode : 'load' 'store'> <Ports = 2> <Width = 32> <Depth = 515> <RAM>
ST_1 : Operation 205 [1/1] (1.20ns)   --->   "%store_ln433 = store i32 3.40282e+38, i10 %local_distance_0_B_31_addr" [/home/nehaprakriya/Documents/tapa/regression/knn/src/run_split_check/cpp/krnl_partialKnn_wrapper_7.cpp:433]   --->   Operation 205 'store' 'store_ln433' <Predicate = (!icmp_ln420 & trunc_ln420 == 7 & trunc_ln432 == 3)> <Delay = 1.20> <CoreInst = "RAM">   --->   Core 83 'RAM' <Latency = 1> <II = 1> <Delay = 1.20> <Storage> <Opcode : 'load' 'store'> <Ports = 2> <Width = 32> <Depth = 515> <RAM>
ST_1 : Operation 206 [1/1] (0.00ns)   --->   "%br_ln0 = br void %arrayidx4756.i.exit245"   --->   Operation 206 'br' 'br_ln0' <Predicate = (!icmp_ln420 & trunc_ln420 == 7 & trunc_ln432 == 3)> <Delay = 0.00>
ST_1 : Operation 207 [1/1] (0.00ns)   --->   "%br_ln433 = br void %arrayidx4756.i.exit" [/home/nehaprakriya/Documents/tapa/regression/knn/src/run_split_check/cpp/krnl_partialKnn_wrapper_7.cpp:433]   --->   Operation 207 'br' 'br_ln433' <Predicate = (!icmp_ln420 & trunc_ln420 == 7)> <Delay = 0.00>
ST_1 : Operation 208 [1/1] (0.70ns)   --->   "%add_ln421 = add i4 %select_ln420, i4 1" [/home/nehaprakriya/Documents/tapa/regression/knn/src/run_split_check/cpp/krnl_partialKnn_wrapper_7.cpp:421]   --->   Operation 208 'add' 'add_ln421' <Predicate = (!icmp_ln420)> <Delay = 0.70> <CoreInst = "Adder">   --->   Core 1 'Adder' <Latency = 0> <II = 1> <Delay = 0.70> <FuncUnit> <Opcode : 'add' 'sub'> <InPorts = 2> <OutPorts = 1>
ST_1 : Operation 209 [1/1] (0.38ns)   --->   "%store_ln421 = store i7 %add_ln420, i7 %indvar_flatten" [/home/nehaprakriya/Documents/tapa/regression/knn/src/run_split_check/cpp/krnl_partialKnn_wrapper_7.cpp:421]   --->   Operation 209 'store' 'store_ln421' <Predicate = (!icmp_ln420)> <Delay = 0.38>
ST_1 : Operation 210 [1/1] (0.38ns)   --->   "%store_ln421 = store i4 %select_ln420_1, i4 %i" [/home/nehaprakriya/Documents/tapa/regression/knn/src/run_split_check/cpp/krnl_partialKnn_wrapper_7.cpp:421]   --->   Operation 210 'store' 'store_ln421' <Predicate = (!icmp_ln420)> <Delay = 0.38>
ST_1 : Operation 211 [1/1] (0.38ns)   --->   "%store_ln421 = store i4 %add_ln421, i4 %j" [/home/nehaprakriya/Documents/tapa/regression/knn/src/run_split_check/cpp/krnl_partialKnn_wrapper_7.cpp:421]   --->   Operation 211 'store' 'store_ln421' <Predicate = (!icmp_ln420)> <Delay = 0.38>
ST_1 : Operation 212 [1/1] (0.00ns)   --->   "%br_ln421 = br void %for.cond32.i" [/home/nehaprakriya/Documents/tapa/regression/knn/src/run_split_check/cpp/krnl_partialKnn_wrapper_7.cpp:421]   --->   Operation 212 'br' 'br_ln421' <Predicate = (!icmp_ln420)> <Delay = 0.00>
ST_1 : Operation 213 [1/1] (0.00ns)   --->   "%ret_ln0 = ret"   --->   Operation 213 'ret' 'ret_ln0' <Predicate = (icmp_ln420)> <Delay = 0.00>


============================================================
+ Verbose Summary: Timing violations
============================================================
Target clock period: 3.33ns, clock uncertainty: 0.899ns.

 <State 1>: 2.26ns
The critical path consists of the following:
	'alloca' operation ('j') [65]  (0 ns)
	'load' operation ('j_load', /home/nehaprakriya/Documents/tapa/regression/knn/src/run_split_check/cpp/krnl_partialKnn_wrapper_7.cpp:421) on local variable 'j' [78]  (0 ns)
	'icmp' operation ('icmp_ln421', /home/nehaprakriya/Documents/tapa/regression/knn/src/run_split_check/cpp/krnl_partialKnn_wrapper_7.cpp:421) [82]  (0.656 ns)
	'select' operation ('select_ln420', /home/nehaprakriya/Documents/tapa/regression/knn/src/run_split_check/cpp/krnl_partialKnn_wrapper_7.cpp:420) [83]  (0.351 ns)
	'getelementptr' operation ('local_distance_0_A_25_addr', /home/nehaprakriya/Documents/tapa/regression/knn/src/run_split_check/cpp/krnl_partialKnn_wrapper_7.cpp:432) [118]  (0 ns)
	'store' operation ('store_ln432', /home/nehaprakriya/Documents/tapa/regression/knn/src/run_split_check/cpp/krnl_partialKnn_wrapper_7.cpp:432) of constant 3.40282e+38 on array 'local_distance_0_A_25' [138]  (1.2 ns)
	blocking operation 0.052 ns on control path)


============================================================
+ Verbose Summary: Binding
============================================================
N/A
* FSMD analyzer results:
  - Output states:
 - Input state : 
  - Chain level:
	State 1


============================================================
+ Verbose Summary: Datapath Resource usage 
============================================================
N/A
