

================================================================
== Synthesis Summary Report of 'krnl_partialKnn_wrapper_9'
================================================================
+ General Information: 
    * Date:           Wed May 22 14:58:54 2024
    * Version:        2022.1 (Build 3526262 on Mon Apr 18 15:47:01 MDT 2022)
    * Project:        project
    * Solution:       krnl_partialKnn_wrapper_9 (Vivado IP Flow Target)
    * Product family: virtexuplus
    * Target device:  xcu55c-fsvh2892-2L-e
    

+ Performance & Resource Estimates: 
    
    PS: '+' for module; 'o' for loop; '*' for dataflow
    +-------------------------------------------------------------------------+--------+-------+---------+-----------+----------+---------+------+----------+----------+----------+-------------+------------+---------+
    |                                 Modules                                 |  Issue |       | Latency |  Latency  | Iteration|         | Trip |          |          |          |             |            |         |
    |                                 & Loops                                 |  Type  | Slack | (cycles)|    (ns)   |  Latency | Interval| Count| Pipelined|   BRAM   |    DSP   |      FF     |     LUT    |   URAM  |
    +-------------------------------------------------------------------------+--------+-------+---------+-----------+----------+---------+------+----------+----------+----------+-------------+------------+---------+
    |+ krnl_partialKnn_wrapper_9                                              |  Timing|  -1.42|        -|          -|         -|        -|     -|        no|  128 (3%)|  56 (~0%)|   34358 (1%)|  41127 (3%)|  8 (~0%)|
    | + krnl_partialKnn_wrapper_9_Pipeline_LOAD_QUERY                         |  Timing|  -1.42|        -|          -|         -|        -|     -|        no|         -|         -|    427 (~0%)|  1344 (~0%)|        -|
    |  o LOAD_QUERY                                                           |       -|   2.43|        -|          -|         2|        1|     -|       yes|         -|         -|            -|           -|        -|
    | + krnl_partialKnn_wrapper_9_Pipeline_VITIS_LOOP_437_4                   |       -|   1.34|       10|     33.300|         -|       10|     -|        no|         -|         -|      6 (~0%)|    48 (~0%)|        -|
    |  o VITIS_LOOP_437_4                                                     |       -|   2.43|        8|     26.640|         1|        1|     8|       yes|         -|         -|            -|           -|        -|
    | + krnl_partialKnn_wrapper_9_Pipeline_VITIS_LOOP_420_1_VITIS_LOOP_421_2  |       -|   0.17|       82|    273.060|         -|       82|     -|        no|         -|         -|     17 (~0%)|   128 (~0%)|        -|
    |  o VITIS_LOOP_420_1_VITIS_LOOP_421_2                                    |       -|   2.43|       80|    266.400|         1|        1|    80|       yes|         -|         -|            -|           -|        -|
    | + merge_dual_all_PEs                                                    |       -|   0.08|       25|     83.250|         -|       25|     -|        no|         -|         -|    280 (~0%)|   288 (~0%)|        -|
    |  o VITIS_LOOP_319_1                                                     |      II|   2.43|       23|     76.590|         4|        2|    11|       yes|         -|         -|            -|           -|        -|
    | + merge_dual_all_PEs                                                    |       -|   0.08|       25|     83.250|         -|       25|     -|        no|         -|         -|    280 (~0%)|   288 (~0%)|        -|
    |  o VITIS_LOOP_319_1                                                     |      II|   2.43|       23|     76.590|         4|        2|    11|       yes|         -|         -|            -|           -|        -|
    | + merge_dual_all_PEs                                                    |       -|   0.08|       25|     83.250|         -|       25|     -|        no|         -|         -|    280 (~0%)|   288 (~0%)|        -|
    |  o VITIS_LOOP_319_1                                                     |      II|   2.43|       23|     76.590|         4|        2|    11|       yes|         -|         -|            -|           -|        -|
    | + merge_dual_all_PEs                                                    |       -|   0.08|       25|     83.250|         -|       25|     -|        no|         -|         -|    280 (~0%)|   288 (~0%)|        -|
    |  o VITIS_LOOP_319_1                                                     |      II|   2.43|       23|     76.590|         4|        2|    11|       yes|         -|         -|            -|           -|        -|
    | + krnl_partialKnn_wrapper_9_Pipeline_VITIS_LOOP_319_1                   |       -|   0.08|       26|     86.580|         -|       26|     -|        no|         -|         -|   2679 (~0%)|  1164 (~0%)|        -|
    |  o VITIS_LOOP_319_1                                                     |      II|   2.43|       24|     79.920|         4|        2|    11|       yes|         -|         -|            -|           -|        -|
    | + krnl_partialKnn_wrapper_9_Pipeline_VITIS_LOOP_526_14                  |       -|   1.34|       13|     43.290|         -|       13|     -|        no|         -|         -|    646 (~0%)|   166 (~0%)|        -|
    |  o VITIS_LOOP_526_14                                                    |       -|   2.43|       11|     36.630|         1|        1|    11|       yes|         -|         -|            -|           -|        -|
    | + krnl_partialKnn_wrapper_9_Pipeline_DIST_OUT                           |       -|   1.22|       12|     39.960|         -|       12|     -|        no|         -|         -|     39 (~0%)|   129 (~0%)|        -|
    |  o DIST_OUT                                                             |       -|   2.43|       10|     33.300|         2|        1|    10|       yes|         -|         -|            -|           -|        -|
    | + krnl_partialKnn_wrapper_9_Pipeline_ID_OUT                             |       -|   1.22|       12|     39.960|         -|       12|     -|        no|         -|         -|     39 (~0%)|   129 (~0%)|        -|
    |  o ID_OUT                                                               |       -|   2.43|       10|     33.300|         2|        1|    10|       yes|         -|         -|            -|           -|        -|
    | o VITIS_LOOP_447_7                                                      |       -|   2.43|        -|          -|     12353|        -|     -|        no|         -|         -|            -|           -|        -|
    |  + load                                                                 |  Timing|  -0.28|        -|          -|         -|        -|     -|        no|         -|         -|    385 (~0%)|   281 (~0%)|        -|
    |   + load_Pipeline_VITIS_LOOP_94_1                                       |  Timing|  -0.28|        -|          -|         -|        -|     -|        no|         -|         -|    375 (~0%)|   228 (~0%)|        -|
    |    o VITIS_LOOP_94_1                                                    |       -|   2.43|        -|          -|         2|        1|     -|       yes|         -|         -|            -|           -|        -|
    |  + compute                                                              |       -|   0.04|     4128|  1.375e+04|         -|     4128|     -|        no|         -|  56 (~0%)|   8128 (~0%)|  4947 (~0%)|        -|
    |   + compute_Pipeline_VITIS_LOOP_119_1_VITIS_LOOP_120_2                  |       -|   0.04|     4127|  1.374e+04|         -|     4127|     -|        no|         -|  56 (~0%)|   8125 (~0%)|  4931 (~0%)|        -|
    |    o VITIS_LOOP_119_1_VITIS_LOOP_120_2                                  |       -|   2.43|     4125|  1.374e+04|        31|        1|  4096|       yes|         -|         -|            -|           -|        -|
    |  + sort                                                                 |       -|   0.15|    12351|  4.113e+04|         -|    12351|     -|        no|         -|         -|  14314 (~0%)|  21153 (1%)|        -|
    |   + para_partial_sort                                                   |       -|   0.15|    12350|  4.113e+04|         -|    12350|     -|        no|         -|         -|   1760 (~0%)|  2428 (~0%)|        -|
    |    o VITIS_LOOP_193_1                                                   |      II|   2.43|    12348|  4.112e+04|         7|        6|  2058|       yes|         -|         -|            -|           -|        -|
    |     + compare_with_register                                             |      II|   0.66|        2|      6.660|         -|        1|     -|       yes|         -|         -|     71 (~0%)|    76 (~0%)|        -|
    |     + compare_with_register                                             |      II|   0.66|        2|      6.660|         -|        1|     -|       yes|         -|         -|     71 (~0%)|    76 (~0%)|        -|
    |     + compare_with_register                                             |      II|   0.66|        2|      6.660|         -|        1|     -|       yes|         -|         -|     71 (~0%)|    76 (~0%)|        -|
    |     + compare_with_register                                             |      II|   0.66|        2|      6.660|         -|        1|     -|       yes|         -|         -|     71 (~0%)|    76 (~0%)|        -|
    |     + compare_with_register                                             |      II|   0.66|        2|      6.660|         -|        1|     -|       yes|         -|         -|     71 (~0%)|    76 (~0%)|        -|
    |   + para_partial_sort                                                   |       -|   0.15|    12350|  4.113e+04|         -|    12350|     -|        no|         -|         -|   1760 (~0%)|  2428 (~0%)|        -|
    |    o VITIS_LOOP_193_1                                                   |      II|   2.43|    12348|  4.112e+04|         7|        6|  2058|       yes|         -|         -|            -|           -|        -|
    |     + compare_with_register                                             |      II|   0.66|        2|      6.660|         -|        1|     -|       yes|         -|         -|     71 (~0%)|    76 (~0%)|        -|
    |     + compare_with_register                                             |      II|   0.66|        2|      6.660|         -|        1|     -|       yes|         -|         -|     71 (~0%)|    76 (~0%)|        -|
    |     + compare_with_register                                             |      II|   0.66|        2|      6.660|         -|        1|     -|       yes|         -|         -|     71 (~0%)|    76 (~0%)|        -|
    |     + compare_with_register                                             |      II|   0.66|        2|      6.660|         -|        1|     -|       yes|         -|         -|     71 (~0%)|    76 (~0%)|        -|
    |     + compare_with_register                                             |      II|   0.66|        2|      6.660|         -|        1|     -|       yes|         -|         -|     71 (~0%)|    76 (~0%)|        -|
    |   + para_partial_sort                                                   |       -|   0.15|    12350|  4.113e+04|         -|    12350|     -|        no|         -|         -|   1760 (~0%)|  2428 (~0%)|        -|
    |    o VITIS_LOOP_193_1                                                   |      II|   2.43|    12348|  4.112e+04|         7|        6|  2058|       yes|         -|         -|            -|           -|        -|
    |     + compare_with_register                                             |      II|   0.66|        2|      6.660|         -|        1|     -|       yes|         -|         -|     71 (~0%)|    76 (~0%)|        -|
    |     + compare_with_register                                             |      II|   0.66|        2|      6.660|         -|        1|     -|       yes|         -|         -|     71 (~0%)|    76 (~0%)|        -|
    |     + compare_with_register                                             |      II|   0.66|        2|      6.660|         -|        1|     -|       yes|         -|         -|     71 (~0%)|    76 (~0%)|        -|
    |     + compare_with_register                                             |      II|   0.66|        2|      6.660|         -|        1|     -|       yes|         -|         -|     71 (~0%)|    76 (~0%)|        -|
    |     + compare_with_register                                             |      II|   0.66|        2|      6.660|         -|        1|     -|       yes|         -|         -|     71 (~0%)|    76 (~0%)|        -|
    |   + para_partial_sort                                                   |       -|   0.15|    12350|  4.113e+04|         -|    12350|     -|        no|         -|         -|   1760 (~0%)|  2428 (~0%)|        -|
    |    o VITIS_LOOP_193_1                                                   |      II|   2.43|    12348|  4.112e+04|         7|        6|  2058|       yes|         -|         -|            -|           -|        -|
    |     + compare_with_register                                             |      II|   0.66|        2|      6.660|         -|        1|     -|       yes|         -|         -|     71 (~0%)|    76 (~0%)|        -|
    |     + compare_with_register                                             |      II|   0.66|        2|      6.660|         -|        1|     -|       yes|         -|         -|     71 (~0%)|    76 (~0%)|        -|
    |     + compare_with_register                                             |      II|   0.66|        2|      6.660|         -|        1|     -|       yes|         -|         -|     71 (~0%)|    76 (~0%)|        -|
    |     + compare_with_register                                             |      II|   0.66|        2|      6.660|         -|        1|     -|       yes|         -|         -|     71 (~0%)|    76 (~0%)|        -|
    |     + compare_with_register                                             |      II|   0.66|        2|      6.660|         -|        1|     -|       yes|         -|         -|     71 (~0%)|    76 (~0%)|        -|
    |   + para_partial_sort                                                   |       -|   0.15|    12350|  4.113e+04|         -|    12350|     -|        no|         -|         -|   1760 (~0%)|  2428 (~0%)|        -|
    |    o VITIS_LOOP_193_1                                                   |      II|   2.43|    12348|  4.112e+04|         7|        6|  2058|       yes|         -|         -|            -|           -|        -|
    |     + compare_with_register                                             |      II|   0.66|        2|      6.660|         -|        1|     -|       yes|         -|         -|     71 (~0%)|    76 (~0%)|        -|
    |     + compare_with_register                                             |      II|   0.66|        2|      6.660|         -|        1|     -|       yes|         -|         -|     71 (~0%)|    76 (~0%)|        -|
    |     + compare_with_register                                             |      II|   0.66|        2|      6.660|         -|        1|     -|       yes|         -|         -|     71 (~0%)|    76 (~0%)|        -|
    |     + compare_with_register                                             |      II|   0.66|        2|      6.660|         -|        1|     -|       yes|         -|         -|     71 (~0%)|    76 (~0%)|        -|
    |     + compare_with_register                                             |      II|   0.66|        2|      6.660|         -|        1|     -|       yes|         -|         -|     71 (~0%)|    76 (~0%)|        -|
    |   + para_partial_sort                                                   |       -|   0.15|    12350|  4.113e+04|         -|    12350|     -|        no|         -|         -|   1760 (~0%)|  2428 (~0%)|        -|
    |    o VITIS_LOOP_193_1                                                   |      II|   2.43|    12348|  4.112e+04|         7|        6|  2058|       yes|         -|         -|            -|           -|        -|
    |     + compare_with_register                                             |      II|   0.66|        2|      6.660|         -|        1|     -|       yes|         -|         -|     71 (~0%)|    76 (~0%)|        -|
    |     + compare_with_register                                             |      II|   0.66|        2|      6.660|         -|        1|     -|       yes|         -|         -|     71 (~0%)|    76 (~0%)|        -|
    |     + compare_with_register                                             |      II|   0.66|        2|      6.660|         -|        1|     -|       yes|         -|         -|     71 (~0%)|    76 (~0%)|        -|
    |     + compare_with_register                                             |      II|   0.66|        2|      6.660|         -|        1|     -|       yes|         -|         -|     71 (~0%)|    76 (~0%)|        -|
    |     + compare_with_register                                             |      II|   0.66|        2|      6.660|         -|        1|     -|       yes|         -|         -|     71 (~0%)|    76 (~0%)|        -|
    |   + para_partial_sort                                                   |       -|   0.15|    12350|  4.113e+04|         -|    12350|     -|        no|         -|         -|   1760 (~0%)|  2428 (~0%)|        -|
    |    o VITIS_LOOP_193_1                                                   |      II|   2.43|    12348|  4.112e+04|         7|        6|  2058|       yes|         -|         -|            -|           -|        -|
    |     + compare_with_register                                             |      II|   0.66|        2|      6.660|         -|        1|     -|       yes|         -|         -|     71 (~0%)|    76 (~0%)|        -|
    |     + compare_with_register                                             |      II|   0.66|        2|      6.660|         -|        1|     -|       yes|         -|         -|     71 (~0%)|    76 (~0%)|        -|
    |     + compare_with_register                                             |      II|   0.66|        2|      6.660|         -|        1|     -|       yes|         -|         -|     71 (~0%)|    76 (~0%)|        -|
    |     + compare_with_register                                             |      II|   0.66|        2|      6.660|         -|        1|     -|       yes|         -|         -|     71 (~0%)|    76 (~0%)|        -|
    |     + compare_with_register                                             |      II|   0.66|        2|      6.660|         -|        1|     -|       yes|         -|         -|     71 (~0%)|    76 (~0%)|        -|
    |   + para_partial_sort                                                   |       -|   0.15|    12350|  4.113e+04|         -|    12350|     -|        no|         -|         -|   1760 (~0%)|  2428 (~0%)|        -|
    |    o VITIS_LOOP_193_1                                                   |      II|   2.43|    12348|  4.112e+04|         7|        6|  2058|       yes|         -|         -|            -|           -|        -|
    |     + compare_with_register                                             |      II|   0.66|        2|      6.660|         -|        1|     -|       yes|         -|         -|     71 (~0%)|    76 (~0%)|        -|
    |     + compare_with_register                                             |      II|   0.66|        2|      6.660|         -|        1|     -|       yes|         -|         -|     71 (~0%)|    76 (~0%)|        -|
    |     + compare_with_register                                             |      II|   0.66|        2|      6.660|         -|        1|     -|       yes|         -|         -|     71 (~0%)|    76 (~0%)|        -|
    |     + compare_with_register                                             |      II|   0.66|        2|      6.660|         -|        1|     -|       yes|         -|         -|     71 (~0%)|    76 (~0%)|        -|
    |     + compare_with_register                                             |      II|   0.66|        2|      6.660|         -|        1|     -|       yes|         -|         -|     71 (~0%)|    76 (~0%)|        -|
    +-------------------------------------------------------------------------+--------+-------+---------+-----------+----------+---------+------+----------+----------+----------+-------------+------------+---------+


================================================================
== HW Interfaces
================================================================
* AP_FIFO
+-------------------------------+------------+
| Interface                     | Data Width |
+-------------------------------+------------+
| out_dist                      | 45         |
| out_id                        | 45         |
| searchSpace_0_read_addr       | 65         |
| searchSpace_0_read_data_peek  | 257        |
| searchSpace_0_read_data_s     | 257        |
| searchSpace_0_write_addr      | 65         |
| searchSpace_0_write_data      | 257        |
| searchSpace_0_write_resp_peek | 9          |
| searchSpace_0_write_resp_s    | 9          |
+-------------------------------+------------+

* REGISTER
+------------+---------+----------+
| Interface  | Mode    | Bitwidth |
+------------+---------+----------+
| start_id_0 | ap_none | 32       |
+------------+---------+----------+

* TOP LEVEL CONTROL
+-----------+------------+-----------------------------------+
| Interface | Type       | Ports                             |
+-----------+------------+-----------------------------------+
| ap_clk    | clock      | ap_clk                            |
| ap_rst_n  | reset      | ap_rst_n                          |
| ap_ctrl   | ap_ctrl_hs | ap_done ap_idle ap_ready ap_start |
+-----------+------------+-----------------------------------+


================================================================
== SW I/O Information
================================================================
* Top Function Arguments
+---------------+-----------+--------------------------------------------+
| Argument      | Direction | Datatype                                   |
+---------------+-----------+--------------------------------------------+
| searchSpace_0 | inout     | async_mmap<ap_uint<256> >&                 |
| start_id_0    | in        | int                                        |
| out_dist      | out       | ostream<hls::axis<ap_uint<32>, 0, 0, 0> >& |
| out_id        | out       | ostream<hls::axis<ap_uint<32>, 0, 0, 0> >& |
+---------------+-----------+--------------------------------------------+

* SW-to-HW Mapping
+---------------+-------------------------------+-----------+
| Argument      | HW Interface                  | HW Type   |
+---------------+-------------------------------+-----------+
| searchSpace_0 | searchSpace_0_read_addr       | interface |
| searchSpace_0 | searchSpace_0_read_data_s     | interface |
| searchSpace_0 | searchSpace_0_read_data_peek  | interface |
| searchSpace_0 | searchSpace_0_write_addr      | interface |
| searchSpace_0 | searchSpace_0_write_data      | interface |
| searchSpace_0 | searchSpace_0_write_resp_s    | interface |
| searchSpace_0 | searchSpace_0_write_resp_peek | interface |
| start_id_0    | start_id_0                    | port      |
| out_dist      | out_dist                      | interface |
| out_id        | out_id                        | interface |
+---------------+-------------------------------+-----------+


================================================================
== M_AXI Burst Information
================================================================
 Note: All burst requests might be further partitioned into multiple requests during RTL generation based on max_read_burst_length or max_write_burst_length settings.

  No burst in design

================================================================
== Bind Op Report
================================================================
+-------------------------------------------------------------------------+-----+--------+---------------------+------+---------+---------+
| Name                                                                    | DSP | Pragma | Variable            | Op   | Impl    | Latency |
+-------------------------------------------------------------------------+-----+--------+---------------------+------+---------+---------+
| + krnl_partialKnn_wrapper_9                                             | 56  |        |                     |      |         |         |
|   add_ln454_fu_3593_p2                                                  | -   |        | add_ln454           | add  | fabric  | 0       |
|   i_6_fu_3612_p2                                                        | -   |        | i_6                 | add  | fabric  | 0       |
|   add_ln454_1_fu_3681_p2                                                | -   |        | add_ln454_1         | add  | fabric  | 0       |
|   add_ln459_fu_3699_p2                                                  | -   |        | add_ln459           | add  | fabric  | 0       |
|  + krnl_partialKnn_wrapper_9_Pipeline_LOAD_QUERY                        | 0   |        |                     |      |         |         |
|    sub_ln399_fu_172_p2                                                  | -   |        | sub_ln399           | sub  | fabric  | 0       |
|    sub_ln399_1_fu_192_p2                                                | -   |        | sub_ln399_1         | sub  | fabric  | 0       |
|    add_ln401_fu_249_p2                                                  | -   |        | add_ln401           | add  | fabric  | 0       |
|    sub_ln407_fu_144_p2                                                  | -   |        | sub_ln407           | sub  | fabric  | 0       |
|    sub_ln407_1_fu_299_p2                                                | -   |        | sub_ln407_1         | sub  | fabric  | 0       |
|    i_resp_5_fu_150_p2                                                   | -   |        | i_resp_5            | add  | fabric  | 0       |
|  + krnl_partialKnn_wrapper_9_Pipeline_VITIS_LOOP_437_4                  | 0   |        |                     |      |         |         |
|    add_ln437_fu_410_p2                                                  | -   |        | add_ln437           | add  | fabric  | 0       |
|  + krnl_partialKnn_wrapper_9_Pipeline_VITIS_LOOP_420_1_VITIS_LOOP_421_2 | 0   |        |                     |      |         |         |
|    add_ln420_fu_1124_p2                                                 | -   |        | add_ln420           | add  | fabric  | 0       |
|    add_ln420_1_fu_1150_p2                                               | -   |        | add_ln420_1         | add  | fabric  | 0       |
|    add_ln421_fu_1262_p2                                                 | -   |        | add_ln421           | add  | fabric  | 0       |
|  + load                                                                 | 0   |        |                     |      |         |         |
|   + load_Pipeline_VITIS_LOOP_94_1                                       | 0   |        |                     |      |         |         |
|     addr_fu_159_p2                                                      | -   |        | addr                | add  | fabric  | 0       |
|     add_ln98_fu_193_p2                                                  | -   |        | add_ln98            | add  | fabric  | 0       |
|     i_resp_2_fu_145_p2                                                  | -   |        | i_resp_2            | add  | fabric  | 0       |
|  + compute                                                              | 56  |        |                     |      |         |         |
|   + compute_Pipeline_VITIS_LOOP_119_1_VITIS_LOOP_120_2                  | 56  |        |                     |      |         |         |
|     add_ln119_fu_795_p2                                                 | -   |        | add_ln119           | add  | fabric  | 0       |
|     add_ln119_1_fu_821_p2                                               | -   |        | add_ln119_1         | add  | fabric  | 0       |
|     sum_fu_870_p2                                                       | -   |        | sum                 | add  | fabric  | 0       |
|     fsub_32ns_32ns_32_7_full_dsp_1_U254                                 | 2   |        | input_assign        | fsub | fulldsp | 6       |
|     fmul_32ns_32ns_32_4_max_dsp_1_U270                                  | 3   |        | mul                 | fmul | maxdsp  | 3       |
|     fadd_32ns_32ns_32_7_full_dsp_1_U262                                 | 2   |        | delta_squared_sum   | fadd | fulldsp | 6       |
|     fsub_32ns_32ns_32_7_full_dsp_1_U255                                 | 2   |        | input_assign_1      | fsub | fulldsp | 6       |
|     fmul_32ns_32ns_32_4_max_dsp_1_U274                                  | 3   |        | mul22_s             | fmul | maxdsp  | 3       |
|     fadd_32ns_32ns_32_7_full_dsp_1_U266                                 | 2   |        | delta_squared_sum_1 | fadd | fulldsp | 6       |
|     fsub_32ns_32ns_32_7_full_dsp_1_U256                                 | 2   |        | input_assign_2      | fsub | fulldsp | 6       |
|     fmul_32ns_32ns_32_4_max_dsp_1_U271                                  | 3   |        | mul22_1             | fmul | maxdsp  | 3       |
|     fadd_32ns_32ns_32_7_full_dsp_1_U263                                 | 2   |        | delta_squared_sum_2 | fadd | fulldsp | 6       |
|     fsub_32ns_32ns_32_7_full_dsp_1_U257                                 | 2   |        | input_assign_3      | fsub | fulldsp | 6       |
|     fmul_32ns_32ns_32_4_max_dsp_1_U275                                  | 3   |        | mul22_1_1           | fmul | maxdsp  | 3       |
|     fadd_32ns_32ns_32_7_full_dsp_1_U267                                 | 2   |        | delta_squared_sum_3 | fadd | fulldsp | 6       |
|     fsub_32ns_32ns_32_7_full_dsp_1_U258                                 | 2   |        | input_assign_4      | fsub | fulldsp | 6       |
|     fmul_32ns_32ns_32_4_max_dsp_1_U272                                  | 3   |        | mul22_2             | fmul | maxdsp  | 3       |
|     fadd_32ns_32ns_32_7_full_dsp_1_U264                                 | 2   |        | delta_squared_sum_4 | fadd | fulldsp | 6       |
|     fsub_32ns_32ns_32_7_full_dsp_1_U259                                 | 2   |        | input_assign_5      | fsub | fulldsp | 6       |
|     fmul_32ns_32ns_32_4_max_dsp_1_U276                                  | 3   |        | mul22_2_1           | fmul | maxdsp  | 3       |
|     fadd_32ns_32ns_32_7_full_dsp_1_U268                                 | 2   |        | delta_squared_sum_5 | fadd | fulldsp | 6       |
|     fsub_32ns_32ns_32_7_full_dsp_1_U260                                 | 2   |        | input_assign_6      | fsub | fulldsp | 6       |
|     fmul_32ns_32ns_32_4_max_dsp_1_U273                                  | 3   |        | mul22_3             | fmul | maxdsp  | 3       |
|     fadd_32ns_32ns_32_7_full_dsp_1_U265                                 | 2   |        | delta_squared_sum_6 | fadd | fulldsp | 6       |
|     fsub_32ns_32ns_32_7_full_dsp_1_U261                                 | 2   |        | input_assign_7      | fsub | fulldsp | 6       |
|     fmul_32ns_32ns_32_4_max_dsp_1_U277                                  | 3   |        | mul22_3_1           | fmul | maxdsp  | 3       |
|     fadd_32ns_32ns_32_7_full_dsp_1_U269                                 | 2   |        | delta_squared_sum_7 | fadd | fulldsp | 6       |
|     add_ln120_fu_839_p2                                                 | -   |        | add_ln120           | add  | fabric  | 0       |
|  + sort                                                                 | 0   |        |                     |      |         |         |
|    add_ln249_fu_717_p2                                                  | -   |        | add_ln249           | add  | fabric  | 0       |
|    add_ln249_1_fu_724_p2                                                | -   |        | add_ln249_1         | add  | fabric  | 0       |
|    add_ln249_2_fu_731_p2                                                | -   |        | add_ln249_2         | add  | fabric  | 0       |
|    add_ln249_3_fu_738_p2                                                | -   |        | add_ln249_3         | add  | fabric  | 0       |
|    add_ln249_4_fu_745_p2                                                | -   |        | add_ln249_4         | add  | fabric  | 0       |
|    add_ln249_5_fu_752_p2                                                | -   |        | add_ln249_5         | add  | fabric  | 0       |
|    add_ln249_6_fu_759_p2                                                | -   |        | add_ln249_6         | add  | fabric  | 0       |
|   + para_partial_sort (grp_para_partial_sort_fu_452)                    | 0   |        |                     |      |         |         |
|     add_ln193_fu_504_p2                                                 | -   |        | add_ln193           | add  | fabric  | 0       |
|     add_ln229_fu_576_p2                                                 | -   |        | add_ln229           | add  | fabric  | 0       |
|   + para_partial_sort (grp_para_partial_sort_fu_486)                    | 0   |        |                     |      |         |         |
|     add_ln193_fu_504_p2                                                 | -   |        | add_ln193           | add  | fabric  | 0       |
|     add_ln229_fu_576_p2                                                 | -   |        | add_ln229           | add  | fabric  | 0       |
|   + para_partial_sort (grp_para_partial_sort_fu_519)                    | 0   |        |                     |      |         |         |
|     add_ln193_fu_504_p2                                                 | -   |        | add_ln193           | add  | fabric  | 0       |
|     add_ln229_fu_576_p2                                                 | -   |        | add_ln229           | add  | fabric  | 0       |
|   + para_partial_sort (grp_para_partial_sort_fu_552)                    | 0   |        |                     |      |         |         |
|     add_ln193_fu_504_p2                                                 | -   |        | add_ln193           | add  | fabric  | 0       |
|     add_ln229_fu_576_p2                                                 | -   |        | add_ln229           | add  | fabric  | 0       |
|   + para_partial_sort (grp_para_partial_sort_fu_585)                    | 0   |        |                     |      |         |         |
|     add_ln193_fu_504_p2                                                 | -   |        | add_ln193           | add  | fabric  | 0       |
|     add_ln229_fu_576_p2                                                 | -   |        | add_ln229           | add  | fabric  | 0       |
|   + para_partial_sort (grp_para_partial_sort_fu_618)                    | 0   |        |                     |      |         |         |
|     add_ln193_fu_504_p2                                                 | -   |        | add_ln193           | add  | fabric  | 0       |
|     add_ln229_fu_576_p2                                                 | -   |        | add_ln229           | add  | fabric  | 0       |
|   + para_partial_sort (grp_para_partial_sort_fu_651)                    | 0   |        |                     |      |         |         |
|     add_ln193_fu_504_p2                                                 | -   |        | add_ln193           | add  | fabric  | 0       |
|     add_ln229_fu_576_p2                                                 | -   |        | add_ln229           | add  | fabric  | 0       |
|   + para_partial_sort (grp_para_partial_sort_fu_684)                    | 0   |        |                     |      |         |         |
|     add_ln193_fu_504_p2                                                 | -   |        | add_ln193           | add  | fabric  | 0       |
|     add_ln229_fu_576_p2                                                 | -   |        | add_ln229           | add  | fabric  | 0       |
|  + merge_dual_all_PEs (grp_merge_dual_all_PEs_fu_3434)                  | 0   |        |                     |      |         |         |
|    idx_b_1_fu_293_p2                                                    | -   |        | idx_b_1             | add  | fabric  | 0       |
|    idx_a_1_fu_303_p2                                                    | -   |        | idx_a_1             | add  | fabric  | 0       |
|    add_ln319_fu_200_p2                                                  | -   |        | add_ln319           | add  | fabric  | 0       |
|  + merge_dual_all_PEs (grp_merge_dual_all_PEs_fu_3444)                  | 0   |        |                     |      |         |         |
|    idx_b_1_fu_293_p2                                                    | -   |        | idx_b_1             | add  | fabric  | 0       |
|    idx_a_1_fu_303_p2                                                    | -   |        | idx_a_1             | add  | fabric  | 0       |
|    add_ln319_fu_200_p2                                                  | -   |        | add_ln319           | add  | fabric  | 0       |
|  + merge_dual_all_PEs (grp_merge_dual_all_PEs_fu_3454)                  | 0   |        |                     |      |         |         |
|    idx_b_1_fu_293_p2                                                    | -   |        | idx_b_1             | add  | fabric  | 0       |
|    idx_a_1_fu_303_p2                                                    | -   |        | idx_a_1             | add  | fabric  | 0       |
|    add_ln319_fu_200_p2                                                  | -   |        | add_ln319           | add  | fabric  | 0       |
|  + merge_dual_all_PEs (grp_merge_dual_all_PEs_fu_3464)                  | 0   |        |                     |      |         |         |
|    idx_b_1_fu_293_p2                                                    | -   |        | idx_b_1             | add  | fabric  | 0       |
|    idx_a_1_fu_303_p2                                                    | -   |        | idx_a_1             | add  | fabric  | 0       |
|    add_ln319_fu_200_p2                                                  | -   |        | add_ln319           | add  | fabric  | 0       |
|  + krnl_partialKnn_wrapper_9_Pipeline_VITIS_LOOP_319_1                  | 0   |        |                     |      |         |         |
|    idx_b_2_fu_2118_p2                                                   | -   |        | idx_b_2             | add  | fabric  | 0       |
|    idx_a_2_fu_2132_p2                                                   | -   |        | idx_a_2             | add  | fabric  | 0       |
|    add_ln319_fu_1934_p2                                                 | -   |        | add_ln319           | add  | fabric  | 0       |
|  + krnl_partialKnn_wrapper_9_Pipeline_VITIS_LOOP_526_14                 | 0   |        |                     |      |         |         |
|    add_ln526_fu_506_p2                                                  | -   |        | add_ln526           | add  | fabric  | 0       |
|  + krnl_partialKnn_wrapper_9_Pipeline_DIST_OUT                          | 0   |        |                     |      |         |         |
|    add_ln534_fu_173_p2                                                  | -   |        | add_ln534           | add  | fabric  | 0       |
|  + krnl_partialKnn_wrapper_9_Pipeline_ID_OUT                            | 0   |        |                     |      |         |         |
|    add_ln545_fu_173_p2                                                  | -   |        | add_ln545           | add  | fabric  | 0       |
+-------------------------------------------------------------------------+-----+--------+---------------------+------+---------+---------+


================================================================
== Bind Storage Report
================================================================
+-----------------------------+------+------+--------+-----------------------+---------+--------+---------+
| Name                        | BRAM | URAM | Pragma | Variable              | Storage | Impl   | Latency |
+-----------------------------+------+------+--------+-----------------------+---------+--------+---------+
| + krnl_partialKnn_wrapper_9 | 128  | 8    |        |                       |         |        |         |
|   local_distance_0_A_U      | 2    | -    |        | local_distance_0_A    | ram_1p  | auto   | 1       |
|   local_distance_0_A_1_U    | 2    | -    |        | local_distance_0_A_1  | ram_1p  | auto   | 1       |
|   local_distance_0_A_2_U    | 2    | -    |        | local_distance_0_A_2  | ram_1p  | auto   | 1       |
|   local_distance_0_A_3_U    | 2    | -    |        | local_distance_0_A_3  | ram_1p  | auto   | 1       |
|   local_distance_0_A_4_U    | 2    | -    |        | local_distance_0_A_4  | ram_1p  | auto   | 1       |
|   local_distance_0_A_5_U    | 2    | -    |        | local_distance_0_A_5  | ram_1p  | auto   | 1       |
|   local_distance_0_A_6_U    | 2    | -    |        | local_distance_0_A_6  | ram_1p  | auto   | 1       |
|   local_distance_0_A_7_U    | 2    | -    |        | local_distance_0_A_7  | ram_1p  | auto   | 1       |
|   local_distance_0_A_8_U    | 2    | -    |        | local_distance_0_A_8  | ram_1p  | auto   | 1       |
|   local_distance_0_A_9_U    | 2    | -    |        | local_distance_0_A_9  | ram_1p  | auto   | 1       |
|   local_distance_0_A_10_U   | 2    | -    |        | local_distance_0_A_10 | ram_1p  | auto   | 1       |
|   local_distance_0_A_11_U   | 2    | -    |        | local_distance_0_A_11 | ram_1p  | auto   | 1       |
|   local_distance_0_A_12_U   | 2    | -    |        | local_distance_0_A_12 | ram_1p  | auto   | 1       |
|   local_distance_0_A_13_U   | 2    | -    |        | local_distance_0_A_13 | ram_1p  | auto   | 1       |
|   local_distance_0_A_14_U   | 2    | -    |        | local_distance_0_A_14 | ram_1p  | auto   | 1       |
|   local_distance_0_A_15_U   | 2    | -    |        | local_distance_0_A_15 | ram_1p  | auto   | 1       |
|   local_distance_0_A_16_U   | 2    | -    |        | local_distance_0_A_16 | ram_1p  | auto   | 1       |
|   local_distance_0_A_17_U   | 2    | -    |        | local_distance_0_A_17 | ram_1p  | auto   | 1       |
|   local_distance_0_A_18_U   | 2    | -    |        | local_distance_0_A_18 | ram_1p  | auto   | 1       |
|   local_distance_0_A_19_U   | 2    | -    |        | local_distance_0_A_19 | ram_1p  | auto   | 1       |
|   local_distance_0_A_20_U   | 2    | -    |        | local_distance_0_A_20 | ram_1p  | auto   | 1       |
|   local_distance_0_A_21_U   | 2    | -    |        | local_distance_0_A_21 | ram_1p  | auto   | 1       |
|   local_distance_0_A_22_U   | 2    | -    |        | local_distance_0_A_22 | ram_1p  | auto   | 1       |
|   local_distance_0_A_23_U   | 2    | -    |        | local_distance_0_A_23 | ram_1p  | auto   | 1       |
|   local_distance_0_A_24_U   | 2    | -    |        | local_distance_0_A_24 | ram_1p  | auto   | 1       |
|   local_distance_0_A_25_U   | 2    | -    |        | local_distance_0_A_25 | ram_1p  | auto   | 1       |
|   local_distance_0_A_26_U   | 2    | -    |        | local_distance_0_A_26 | ram_1p  | auto   | 1       |
|   local_distance_0_A_27_U   | 2    | -    |        | local_distance_0_A_27 | ram_1p  | auto   | 1       |
|   local_distance_0_A_28_U   | 2    | -    |        | local_distance_0_A_28 | ram_1p  | auto   | 1       |
|   local_distance_0_A_29_U   | 2    | -    |        | local_distance_0_A_29 | ram_1p  | auto   | 1       |
|   local_distance_0_A_30_U   | 2    | -    |        | local_distance_0_A_30 | ram_1p  | auto   | 1       |
|   local_distance_0_A_31_U   | 2    | -    |        | local_distance_0_A_31 | ram_1p  | auto   | 1       |
|   local_distance_0_B_U      | 2    | -    |        | local_distance_0_B    | ram_1p  | auto   | 1       |
|   local_distance_0_B_1_U    | 2    | -    |        | local_distance_0_B_1  | ram_1p  | auto   | 1       |
|   local_distance_0_B_2_U    | 2    | -    |        | local_distance_0_B_2  | ram_1p  | auto   | 1       |
|   local_distance_0_B_3_U    | 2    | -    |        | local_distance_0_B_3  | ram_1p  | auto   | 1       |
|   local_distance_0_B_4_U    | 2    | -    |        | local_distance_0_B_4  | ram_1p  | auto   | 1       |
|   local_distance_0_B_5_U    | 2    | -    |        | local_distance_0_B_5  | ram_1p  | auto   | 1       |
|   local_distance_0_B_6_U    | 2    | -    |        | local_distance_0_B_6  | ram_1p  | auto   | 1       |
|   local_distance_0_B_7_U    | 2    | -    |        | local_distance_0_B_7  | ram_1p  | auto   | 1       |
|   local_distance_0_B_8_U    | 2    | -    |        | local_distance_0_B_8  | ram_1p  | auto   | 1       |
|   local_distance_0_B_9_U    | 2    | -    |        | local_distance_0_B_9  | ram_1p  | auto   | 1       |
|   local_distance_0_B_10_U   | 2    | -    |        | local_distance_0_B_10 | ram_1p  | auto   | 1       |
|   local_distance_0_B_11_U   | 2    | -    |        | local_distance_0_B_11 | ram_1p  | auto   | 1       |
|   local_distance_0_B_12_U   | 2    | -    |        | local_distance_0_B_12 | ram_1p  | auto   | 1       |
|   local_distance_0_B_13_U   | 2    | -    |        | local_distance_0_B_13 | ram_1p  | auto   | 1       |
|   local_distance_0_B_14_U   | 2    | -    |        | local_distance_0_B_14 | ram_1p  | auto   | 1       |
|   local_distance_0_B_15_U   | 2    | -    |        | local_distance_0_B_15 | ram_1p  | auto   | 1       |
|   local_distance_0_B_16_U   | 2    | -    |        | local_distance_0_B_16 | ram_1p  | auto   | 1       |
|   local_distance_0_B_17_U   | 2    | -    |        | local_distance_0_B_17 | ram_1p  | auto   | 1       |
|   local_distance_0_B_18_U   | 2    | -    |        | local_distance_0_B_18 | ram_1p  | auto   | 1       |
|   local_distance_0_B_19_U   | 2    | -    |        | local_distance_0_B_19 | ram_1p  | auto   | 1       |
|   local_distance_0_B_20_U   | 2    | -    |        | local_distance_0_B_20 | ram_1p  | auto   | 1       |
|   local_distance_0_B_21_U   | 2    | -    |        | local_distance_0_B_21 | ram_1p  | auto   | 1       |
|   local_distance_0_B_22_U   | 2    | -    |        | local_distance_0_B_22 | ram_1p  | auto   | 1       |
|   local_distance_0_B_23_U   | 2    | -    |        | local_distance_0_B_23 | ram_1p  | auto   | 1       |
|   local_distance_0_B_24_U   | 2    | -    |        | local_distance_0_B_24 | ram_1p  | auto   | 1       |
|   local_distance_0_B_25_U   | 2    | -    |        | local_distance_0_B_25 | ram_1p  | auto   | 1       |
|   local_distance_0_B_26_U   | 2    | -    |        | local_distance_0_B_26 | ram_1p  | auto   | 1       |
|   local_distance_0_B_27_U   | 2    | -    |        | local_distance_0_B_27 | ram_1p  | auto   | 1       |
|   local_distance_0_B_28_U   | 2    | -    |        | local_distance_0_B_28 | ram_1p  | auto   | 1       |
|   local_distance_0_B_29_U   | 2    | -    |        | local_distance_0_B_29 | ram_1p  | auto   | 1       |
|   local_distance_0_B_30_U   | 2    | -    |        | local_distance_0_B_30 | ram_1p  | auto   | 1       |
|   local_distance_0_B_31_U   | 2    | -    |        | local_distance_0_B_31 | ram_1p  | auto   | 1       |
|   temp_kNearstDist_U        | -    | -    | yes    | temp_kNearstDist      | ram_1p  | lutram | 1       |
|   temp_kNearstDist_12_U     | -    | -    | yes    | temp_kNearstDist_12   | ram_1p  | lutram | 1       |
|   temp_kNearstDist_13_U     | -    | -    | yes    | temp_kNearstDist_13   | ram_1p  | lutram | 1       |
|   temp_kNearstDist_14_U     | -    | -    | yes    | temp_kNearstDist_14   | ram_1p  | lutram | 1       |
|   temp_kNearstDist_15_U     | -    | -    | yes    | temp_kNearstDist_15   | ram_1p  | lutram | 1       |
|   temp_kNearstDist_16_U     | -    | -    | yes    | temp_kNearstDist_16   | ram_1p  | lutram | 1       |
|   temp_kNearstDist_17_U     | -    | -    | yes    | temp_kNearstDist_17   | ram_1p  | lutram | 1       |
|   temp_kNearstDist_18_U     | -    | -    | yes    | temp_kNearstDist_18   | ram_1p  | lutram | 1       |
|   temp_kNearstDist_19_U     | -    | -    | yes    | temp_kNearstDist_19   | ram_1p  | lutram | 1       |
|   temp_kNearstDist_20_U     | -    | -    | yes    | temp_kNearstDist_20   | ram_1p  | lutram | 1       |
|   temp_kNearstDist_21_U     | -    | -    | yes    | temp_kNearstDist_21   | ram_1p  | lutram | 1       |
|   temp_kNearstDist_22_U     | -    | -    | yes    | temp_kNearstDist_22   | ram_1p  | lutram | 1       |
|   temp_kNearstId_U          | -    | -    | yes    | temp_kNearstId        | ram_1p  | lutram | 1       |
|   temp_kNearstId_12_U       | -    | -    | yes    | temp_kNearstId_12     | ram_1p  | lutram | 1       |
|   temp_kNearstId_13_U       | -    | -    | yes    | temp_kNearstId_13     | ram_1p  | lutram | 1       |
|   temp_kNearstId_14_U       | -    | -    | yes    | temp_kNearstId_14     | ram_1p  | lutram | 1       |
|   temp_kNearstId_15_U       | -    | -    | yes    | temp_kNearstId_15     | ram_1p  | lutram | 1       |
|   temp_kNearstId_16_U       | -    | -    | yes    | temp_kNearstId_16     | ram_1p  | lutram | 1       |
|   temp_kNearstId_17_U       | -    | -    | yes    | temp_kNearstId_17     | ram_1p  | lutram | 1       |
|   temp_kNearstId_18_U       | -    | -    | yes    | temp_kNearstId_18     | ram_1p  | lutram | 1       |
|   temp_kNearstId_19_U       | -    | -    | yes    | temp_kNearstId_19     | ram_1p  | lutram | 1       |
|   temp_kNearstId_20_U       | -    | -    | yes    | temp_kNearstId_20     | ram_1p  | lutram | 1       |
|   temp_kNearstId_21_U       | -    | -    | yes    | temp_kNearstId_21     | ram_1p  | lutram | 1       |
|   temp_kNearstId_22_U       | -    | -    | yes    | temp_kNearstId_22     | ram_1p  | lutram | 1       |
+-----------------------------+------+------+--------+-----------------------+---------+--------+---------+


================================================================
== Pragma Report
================================================================
* Pragmas with Warnings
+----------+----------------------------------------------+------------------------------------------------------------------------------------------------------------------------------------------------------+-----------------------------------------------------------------------------------------+
| Type     | Options                                      | Location                                                                                                                                             | Messages                                                                                |
+----------+----------------------------------------------+------------------------------------------------------------------------------------------------------------------------------------------------------+-----------------------------------------------------------------------------------------+
| resource | variable=local_SP_0_A core=XPM_MEMORY uram   | ../../home/nehaprakriya/Documents/tapa/regression/knn/src/run_split_check/cpp/krnl_partialKnn_wrapper_9.cpp:366 in krnl_partialknn, local_SP_0_A     | 'Resource pragma' is deprecated, use 'bind_op/bind_storage pragma' instead              |
|          |                                              |                                                                                                                                                      | 'xpm_memory' in '#pragma HLS Resource' is deprecated, use 'Bind_Storage Pragma' instead |
| resource | variable=local_SP_0_B core=XPM_MEMORY uram   | ../../home/nehaprakriya/Documents/tapa/regression/knn/src/run_split_check/cpp/krnl_partialKnn_wrapper_9.cpp:368 in krnl_partialknn, local_SP_0_B     | 'Resource pragma' is deprecated, use 'bind_op/bind_storage pragma' instead              |
|          |                                              |                                                                                                                                                      | 'xpm_memory' in '#pragma HLS Resource' is deprecated, use 'Bind_Storage Pragma' instead |
| resource | variable=temp_kNearstDist core=RAM_1P_LUTRAM | ../../home/nehaprakriya/Documents/tapa/regression/knn/src/run_split_check/cpp/krnl_partialKnn_wrapper_9.cpp:469 in krnl_partialknn, temp_kNearstDist | 'Resource pragma' is deprecated, use 'bind_op/bind_storage pragma' instead              |
| resource | variable=temp_kNearstId core=RAM_1P_LUTRAM   | ../../home/nehaprakriya/Documents/tapa/regression/knn/src/run_split_check/cpp/krnl_partialKnn_wrapper_9.cpp:474 in krnl_partialknn, temp_kNearstId   | 'Resource pragma' is deprecated, use 'bind_op/bind_storage pragma' instead              |
+----------+----------------------------------------------+------------------------------------------------------------------------------------------------------------------------------------------------------+-----------------------------------------------------------------------------------------+

* Valid Pragma Syntax
+-----------------+--------------------------------------------------------------+-----------------------------------------------------------------------------------------------------------------------------------------------------------------+
| Type            | Options                                                      | Location                                                                                                                                                        |
+-----------------+--------------------------------------------------------------+-----------------------------------------------------------------------------------------------------------------------------------------------------------------+
| pipeline        |                                                              | ../../home/nehaprakriya/Documents/tapa/regression/knn/src/run_split_check/cpp/krnl_partialKnn_wrapper_9.cpp:80 in compare_with_register                         |
| inline          | off                                                          | ../../home/nehaprakriya/Documents/tapa/regression/knn/src/run_split_check/cpp/krnl_partialKnn_wrapper_9.cpp:81 in compare_with_register                         |
| latency         | min=2 max=2                                                  | ../../home/nehaprakriya/Documents/tapa/regression/knn/src/run_split_check/cpp/krnl_partialKnn_wrapper_9.cpp:82 in compare_with_register                         |
| inline          | OFF                                                          | ../../home/nehaprakriya/Documents/tapa/regression/knn/src/run_split_check/cpp/krnl_partialKnn_wrapper_9.cpp:92 in load                                          |
| pipeline        | II=1                                                         | ../../home/nehaprakriya/Documents/tapa/regression/knn/src/run_split_check/cpp/krnl_partialKnn_wrapper_9.cpp:95 in load                                          |
| inline          | OFF                                                          | ../../home/nehaprakriya/Documents/tapa/regression/knn/src/run_split_check/cpp/krnl_partialKnn_wrapper_9.cpp:116 in compute                                      |
| pipeline        | II=1                                                         | ../../home/nehaprakriya/Documents/tapa/regression/knn/src/run_split_check/cpp/krnl_partialKnn_wrapper_9.cpp:121 in compute                                      |
| unroll          |                                                              | ../../home/nehaprakriya/Documents/tapa/regression/knn/src/run_split_check/cpp/krnl_partialKnn_wrapper_9.cpp:127 in compute                                      |
| inline          |                                                              | ../../home/nehaprakriya/Documents/tapa/regression/knn/src/run_split_check/cpp/krnl_partialKnn_wrapper_9.cpp:169 in swap                                         |
| inline          | OFF                                                          | ../../home/nehaprakriya/Documents/tapa/regression/knn/src/run_split_check/cpp/krnl_partialKnn_wrapper_9.cpp:192 in para_partial_sort                            |
| pipeline        | II=2                                                         | ../../home/nehaprakriya/Documents/tapa/regression/knn/src/run_split_check/cpp/krnl_partialKnn_wrapper_9.cpp:194 in para_partial_sort                            |
| unroll          | FACTOR=D2L_FACTOR_W                                          | ../../home/nehaprakriya/Documents/tapa/regression/knn/src/run_split_check/cpp/krnl_partialKnn_wrapper_9.cpp:195 in para_partial_sort                            |
| unroll          |                                                              | ../../home/nehaprakriya/Documents/tapa/regression/knn/src/run_split_check/cpp/krnl_partialKnn_wrapper_9.cpp:210 in para_partial_sort                            |
| dependence      | variable="local_kNearstDist" inter false                     | ../../home/nehaprakriya/Documents/tapa/regression/knn/src/run_split_check/cpp/krnl_partialKnn_wrapper_9.cpp:211 in para_partial_sort, "local_kNearstDist"       |
| dependence      | variable="local_kNearstId" inter false                       | ../../home/nehaprakriya/Documents/tapa/regression/knn/src/run_split_check/cpp/krnl_partialKnn_wrapper_9.cpp:212 in para_partial_sort, "local_kNearstId"         |
| unroll          |                                                              | ../../home/nehaprakriya/Documents/tapa/regression/knn/src/run_split_check/cpp/krnl_partialKnn_wrapper_9.cpp:225 in para_partial_sort                            |
| dependence      | variable="local_kNearstDist" inter false                     | ../../home/nehaprakriya/Documents/tapa/regression/knn/src/run_split_check/cpp/krnl_partialKnn_wrapper_9.cpp:226 in para_partial_sort, "local_kNearstDist"       |
| dependence      | variable="local_kNearstId" inter false                       | ../../home/nehaprakriya/Documents/tapa/regression/knn/src/run_split_check/cpp/krnl_partialKnn_wrapper_9.cpp:227 in para_partial_sort, "local_kNearstId"         |
| inline          | OFF                                                          | ../../home/nehaprakriya/Documents/tapa/regression/knn/src/run_split_check/cpp/krnl_partialKnn_wrapper_9.cpp:242 in sort                                         |
| array_partition | variable=starting_id complete dim=0                          | ../../home/nehaprakriya/Documents/tapa/regression/knn/src/run_split_check/cpp/krnl_partialKnn_wrapper_9.cpp:245 in sort, starting_id                            |
| unroll          |                                                              | ../../home/nehaprakriya/Documents/tapa/regression/knn/src/run_split_check/cpp/krnl_partialKnn_wrapper_9.cpp:248 in sort                                         |
| pipeline        | II=1                                                         | ../../home/nehaprakriya/Documents/tapa/regression/knn/src/run_split_check/cpp/krnl_partialKnn_wrapper_9.cpp:255 in sort                                         |
| unroll          | FACTOR=L2I_FACTOR_W                                          | ../../home/nehaprakriya/Documents/tapa/regression/knn/src/run_split_check/cpp/krnl_partialKnn_wrapper_9.cpp:256 in sort                                         |
| pipeline        | II=1                                                         | ../../home/nehaprakriya/Documents/tapa/regression/knn/src/run_split_check/cpp/krnl_partialKnn_wrapper_9.cpp:271 in sort                                         |
| unroll          |                                                              | ../../home/nehaprakriya/Documents/tapa/regression/knn/src/run_split_check/cpp/krnl_partialKnn_wrapper_9.cpp:286 in sort                                         |
| unroll          |                                                              | ../../home/nehaprakriya/Documents/tapa/regression/knn/src/run_split_check/cpp/krnl_partialKnn_wrapper_9.cpp:344 in merge_dual_all_pes                           |
| inline          |                                                              | ../../home/nehaprakriya/Documents/tapa/regression/knn/src/run_split_check/cpp/krnl_partialKnn_wrapper_9.cpp:361 in krnl_partialknn                              |
| array_partition | variable=local_Query_0 complete dim=1                        | ../../home/nehaprakriya/Documents/tapa/regression/knn/src/run_split_check/cpp/krnl_partialKnn_wrapper_9.cpp:364 in krnl_partialknn, local_Query_0               |
| array_partition | variable=local_distance_0_A complete dim=1                   | ../../home/nehaprakriya/Documents/tapa/regression/knn/src/run_split_check/cpp/krnl_partialKnn_wrapper_9.cpp:371 in krnl_partialknn, local_distance_0_A          |
| array_partition | variable=local_distance_0_A cyclic factor=L2I_FACTOR_W dim=2 | ../../home/nehaprakriya/Documents/tapa/regression/knn/src/run_split_check/cpp/krnl_partialKnn_wrapper_9.cpp:372 in krnl_partialknn, local_distance_0_A          |
| array_partition | variable=local_distance_0_B complete dim=1                   | ../../home/nehaprakriya/Documents/tapa/regression/knn/src/run_split_check/cpp/krnl_partialKnn_wrapper_9.cpp:374 in krnl_partialknn, local_distance_0_B          |
| array_partition | variable=local_distance_0_B cyclic factor=L2I_FACTOR_W dim=2 | ../../home/nehaprakriya/Documents/tapa/regression/knn/src/run_split_check/cpp/krnl_partialKnn_wrapper_9.cpp:375 in krnl_partialknn, local_distance_0_B          |
| array_partition | variable=local_kNearstDist_partial_0 complete dim=0          | ../../home/nehaprakriya/Documents/tapa/regression/knn/src/run_split_check/cpp/krnl_partialKnn_wrapper_9.cpp:380 in krnl_partialknn, local_kNearstDist_partial_0 |
| array_partition | variable=local_kNearstId_partial_0 complete dim=0            | ../../home/nehaprakriya/Documents/tapa/regression/knn/src/run_split_check/cpp/krnl_partialKnn_wrapper_9.cpp:382 in krnl_partialknn, local_kNearstId_partial_0   |
| array_partition | variable=local_kNearstDist complete dim=0                    | ../../home/nehaprakriya/Documents/tapa/regression/knn/src/run_split_check/cpp/krnl_partialKnn_wrapper_9.cpp:386 in krnl_partialknn, local_kNearstDist           |
| array_partition | variable=local_kNearstId complete dim=0                      | ../../home/nehaprakriya/Documents/tapa/regression/knn/src/run_split_check/cpp/krnl_partialKnn_wrapper_9.cpp:388 in krnl_partialknn, local_kNearstId             |
| array_partition | variable=global_kNearstDist complete                         | ../../home/nehaprakriya/Documents/tapa/regression/knn/src/run_split_check/cpp/krnl_partialKnn_wrapper_9.cpp:392 in krnl_partialknn, global_kNearstDist          |
| array_partition | variable=global_kNearstId complete                           | ../../home/nehaprakriya/Documents/tapa/regression/knn/src/run_split_check/cpp/krnl_partialKnn_wrapper_9.cpp:394 in krnl_partialknn, global_kNearstId            |
| pipeline        | II=1                                                         | ../../home/nehaprakriya/Documents/tapa/regression/knn/src/run_split_check/cpp/krnl_partialKnn_wrapper_9.cpp:397 in krnl_partialknn                              |
| pipeline        | II=1                                                         | ../../home/nehaprakriya/Documents/tapa/regression/knn/src/run_split_check/cpp/krnl_partialKnn_wrapper_9.cpp:422 in krnl_partialknn                              |
| unroll          |                                                              | ../../home/nehaprakriya/Documents/tapa/regression/knn/src/run_split_check/cpp/krnl_partialKnn_wrapper_9.cpp:440 in krnl_partialknn                              |
| array_partition | variable=temp_kNearstDist complete dim=1                     | ../../home/nehaprakriya/Documents/tapa/regression/knn/src/run_split_check/cpp/krnl_partialKnn_wrapper_9.cpp:466 in krnl_partialknn, temp_kNearstDist            |
| array_partition | variable=temp_kNearstDist complete dim=2                     | ../../home/nehaprakriya/Documents/tapa/regression/knn/src/run_split_check/cpp/krnl_partialKnn_wrapper_9.cpp:467 in krnl_partialknn, temp_kNearstDist            |
| array_partition | variable=temp_kNearstDist complete dim=3                     | ../../home/nehaprakriya/Documents/tapa/regression/knn/src/run_split_check/cpp/krnl_partialKnn_wrapper_9.cpp:468 in krnl_partialknn, temp_kNearstDist            |
| array_partition | variable=temp_kNearstId complete dim=1                       | ../../home/nehaprakriya/Documents/tapa/regression/knn/src/run_split_check/cpp/krnl_partialKnn_wrapper_9.cpp:471 in krnl_partialknn, temp_kNearstId              |
| array_partition | variable=temp_kNearstId complete dim=2                       | ../../home/nehaprakriya/Documents/tapa/regression/knn/src/run_split_check/cpp/krnl_partialKnn_wrapper_9.cpp:472 in krnl_partialknn, temp_kNearstId              |
| array_partition | variable=temp_kNearstId complete dim=3                       | ../../home/nehaprakriya/Documents/tapa/regression/knn/src/run_split_check/cpp/krnl_partialKnn_wrapper_9.cpp:473 in krnl_partialknn, temp_kNearstId              |
| unroll          |                                                              | ../../home/nehaprakriya/Documents/tapa/regression/knn/src/run_split_check/cpp/krnl_partialKnn_wrapper_9.cpp:478 in krnl_partialknn                              |
| unroll          |                                                              | ../../home/nehaprakriya/Documents/tapa/regression/knn/src/run_split_check/cpp/krnl_partialKnn_wrapper_9.cpp:481 in krnl_partialknn                              |
| unroll          |                                                              | ../../home/nehaprakriya/Documents/tapa/regression/knn/src/run_split_check/cpp/krnl_partialKnn_wrapper_9.cpp:484 in krnl_partialknn                              |
| unroll          |                                                              | ../../home/nehaprakriya/Documents/tapa/regression/knn/src/run_split_check/cpp/krnl_partialKnn_wrapper_9.cpp:497 in krnl_partialknn                              |
| unroll          |                                                              | ../../home/nehaprakriya/Documents/tapa/regression/knn/src/run_split_check/cpp/krnl_partialKnn_wrapper_9.cpp:506 in krnl_partialknn                              |
| unroll          |                                                              | ../../home/nehaprakriya/Documents/tapa/regression/knn/src/run_split_check/cpp/krnl_partialKnn_wrapper_9.cpp:516 in krnl_partialknn                              |
| pipeline        | II=1                                                         | ../../home/nehaprakriya/Documents/tapa/regression/knn/src/run_split_check/cpp/krnl_partialKnn_wrapper_9.cpp:536 in krnl_partialknn                              |
| pipeline        | II=1                                                         | ../../home/nehaprakriya/Documents/tapa/regression/knn/src/run_split_check/cpp/krnl_partialKnn_wrapper_9.cpp:547 in krnl_partialknn                              |
| disaggregate    | variable = searchSpace_0                                     | ../../home/nehaprakriya/Documents/tapa/regression/knn/src/run_split_check/cpp/krnl_partialKnn_wrapper_9.cpp:635 in krnl_partialknn_wrapper_9                    |
| interface       | ap_fifo port = searchSpace_0.read_addr._                     | ../../home/nehaprakriya/Documents/tapa/regression/knn/src/run_split_check/cpp/krnl_partialKnn_wrapper_9.cpp:636 in krnl_partialknn_wrapper_9                    |
| aggregate       | variable = searchSpace_0.read_addr._ bit                     | ../../home/nehaprakriya/Documents/tapa/regression/knn/src/run_split_check/cpp/krnl_partialKnn_wrapper_9.cpp:637 in krnl_partialknn_wrapper_9                    |
| interface       | ap_fifo port = searchSpace_0.read_data._                     | ../../home/nehaprakriya/Documents/tapa/regression/knn/src/run_split_check/cpp/krnl_partialKnn_wrapper_9.cpp:638 in krnl_partialknn_wrapper_9                    |
| aggregate       | variable = searchSpace_0.read_data._ bit                     | ../../home/nehaprakriya/Documents/tapa/regression/knn/src/run_split_check/cpp/krnl_partialKnn_wrapper_9.cpp:639 in krnl_partialknn_wrapper_9                    |
| interface       | ap_fifo port = searchSpace_0.write_addr._                    | ../../home/nehaprakriya/Documents/tapa/regression/knn/src/run_split_check/cpp/krnl_partialKnn_wrapper_9.cpp:640 in krnl_partialknn_wrapper_9                    |
| aggregate       | variable = searchSpace_0.write_addr._ bit                    | ../../home/nehaprakriya/Documents/tapa/regression/knn/src/run_split_check/cpp/krnl_partialKnn_wrapper_9.cpp:641 in krnl_partialknn_wrapper_9                    |
| interface       | ap_fifo port = searchSpace_0.write_data._                    | ../../home/nehaprakriya/Documents/tapa/regression/knn/src/run_split_check/cpp/krnl_partialKnn_wrapper_9.cpp:642 in krnl_partialknn_wrapper_9                    |
| aggregate       | variable = searchSpace_0.write_data._ bit                    | ../../home/nehaprakriya/Documents/tapa/regression/knn/src/run_split_check/cpp/krnl_partialKnn_wrapper_9.cpp:643 in krnl_partialknn_wrapper_9                    |
| interface       | ap_fifo port = searchSpace_0.write_resp._                    | ../../home/nehaprakriya/Documents/tapa/regression/knn/src/run_split_check/cpp/krnl_partialKnn_wrapper_9.cpp:644 in krnl_partialknn_wrapper_9                    |
| aggregate       | variable = searchSpace_0.write_resp._ bit                    | ../../home/nehaprakriya/Documents/tapa/regression/knn/src/run_split_check/cpp/krnl_partialKnn_wrapper_9.cpp:645 in krnl_partialknn_wrapper_9                    |
| disaggregate    | variable = searchSpace_0 .read_data                          | ../../home/nehaprakriya/Documents/tapa/regression/knn/src/run_split_check/cpp/krnl_partialKnn_wrapper_9.cpp:646 in krnl_partialknn_wrapper_9                    |
| interface       | ap_fifo port = searchSpace_0.read_data._peek                 | ../../home/nehaprakriya/Documents/tapa/regression/knn/src/run_split_check/cpp/krnl_partialKnn_wrapper_9.cpp:647 in krnl_partialknn_wrapper_9                    |
| aggregate       | variable = searchSpace_0.read_data._peek bit                 | ../../home/nehaprakriya/Documents/tapa/regression/knn/src/run_split_check/cpp/krnl_partialKnn_wrapper_9.cpp:648 in krnl_partialknn_wrapper_9                    |
| disaggregate    | variable = searchSpace_0 .write_resp                         | ../../home/nehaprakriya/Documents/tapa/regression/knn/src/run_split_check/cpp/krnl_partialKnn_wrapper_9.cpp:649 in krnl_partialknn_wrapper_9                    |
| interface       | ap_fifo port = searchSpace_0.write_resp._peek                | ../../home/nehaprakriya/Documents/tapa/regression/knn/src/run_split_check/cpp/krnl_partialKnn_wrapper_9.cpp:650 in krnl_partialknn_wrapper_9                    |
| aggregate       | variable = searchSpace_0.write_resp._peek bit                | ../../home/nehaprakriya/Documents/tapa/regression/knn/src/run_split_check/cpp/krnl_partialKnn_wrapper_9.cpp:651 in krnl_partialknn_wrapper_9                    |
| disaggregate    | variable = out_dist                                          | ../../home/nehaprakriya/Documents/tapa/regression/knn/src/run_split_check/cpp/krnl_partialKnn_wrapper_9.cpp:661 in krnl_partialknn_wrapper_9                    |
| interface       | ap_fifo port = out_dist._                                    | ../../home/nehaprakriya/Documents/tapa/regression/knn/src/run_split_check/cpp/krnl_partialKnn_wrapper_9.cpp:662 in krnl_partialknn_wrapper_9                    |
| aggregate       | variable = out_dist._ bit                                    | ../../home/nehaprakriya/Documents/tapa/regression/knn/src/run_split_check/cpp/krnl_partialKnn_wrapper_9.cpp:663 in krnl_partialknn_wrapper_9                    |
| disaggregate    | variable = out_id                                            | ../../home/nehaprakriya/Documents/tapa/regression/knn/src/run_split_check/cpp/krnl_partialKnn_wrapper_9.cpp:666 in krnl_partialknn_wrapper_9                    |
| interface       | ap_fifo port = out_id._                                      | ../../home/nehaprakriya/Documents/tapa/regression/knn/src/run_split_check/cpp/krnl_partialKnn_wrapper_9.cpp:667 in krnl_partialknn_wrapper_9                    |
| aggregate       | variable = out_id._ bit                                      | ../../home/nehaprakriya/Documents/tapa/regression/knn/src/run_split_check/cpp/krnl_partialKnn_wrapper_9.cpp:668 in krnl_partialknn_wrapper_9                    |
| inline          | OFF                                                          | ../../home/nehaprakriya/Documents/tapa/regression/knn/src/run_split_check/cpp/krnl_partialKnn_wrapper_9.cpp:744 in seq_global_merge_l1_l2                       |
| array_partition | variable=idx complete dim=0                                  | ../../home/nehaprakriya/Documents/tapa/regression/knn/src/run_split_check/cpp/krnl_partialKnn_wrapper_9.cpp:746 in seq_global_merge_l1_l2, idx                  |
| unroll          |                                                              | ../../home/nehaprakriya/Documents/tapa/regression/knn/src/run_split_check/cpp/krnl_partialKnn_wrapper_9.cpp:749 in seq_global_merge_l1_l2                       |
| pipeline        | II=1                                                         | ../../home/nehaprakriya/Documents/tapa/regression/knn/src/run_split_check/cpp/krnl_partialKnn_wrapper_9.cpp:758 in seq_global_merge_l1_l2                       |
| inline          | OFF                                                          | ../../home/nehaprakriya/Documents/tapa/regression/knn/src/run_split_check/cpp/krnl_partialKnn_wrapper_9.cpp:786 in seq_global_merge_l3                          |
| array_partition | variable=idx complete dim=0                                  | ../../home/nehaprakriya/Documents/tapa/regression/knn/src/run_split_check/cpp/krnl_partialKnn_wrapper_9.cpp:788 in seq_global_merge_l3, idx                     |
| unroll          |                                                              | ../../home/nehaprakriya/Documents/tapa/regression/knn/src/run_split_check/cpp/krnl_partialKnn_wrapper_9.cpp:791 in seq_global_merge_l3                          |
| pipeline        | II=1                                                         | ../../home/nehaprakriya/Documents/tapa/regression/knn/src/run_split_check/cpp/krnl_partialKnn_wrapper_9.cpp:800 in seq_global_merge_l3                          |
+-----------------+--------------------------------------------------------------+-----------------------------------------------------------------------------------------------------------------------------------------------------------------+


