

================================================================
== Vitis HLS Report for 'krnl_partialKnn_wrapper_6_Pipeline_VITIS_LOOP_437_4'
================================================================
* Date:           Wed May 22 14:57:18 2024

* Version:        2022.1 (Build 3526262 on Mon Apr 18 15:47:01 MDT 2022)
* Project:        project
* Solution:       krnl_partialKnn_wrapper_6 (Vivado IP Flow Target)
* Product family: virtexuplus
* Target device:  xcu55c-fsvh2892-2L-e


================================================================
== Performance Estimates
================================================================
+ Timing: 
    * Summary: 
    +--------+---------+----------+------------+
    |  Clock |  Target | Estimated| Uncertainty|
    +--------+---------+----------+------------+
    |ap_clk  |  3.33 ns|  1.095 ns|     0.90 ns|
    +--------+---------+----------+------------+

+ Latency: 
    * Summary: 
    +---------+---------+-----------+-----------+-----+-----+---------+
    |  Latency (cycles) |   Latency (absolute)  |  Interval | Pipeline|
    |   min   |   max   |    min    |    max    | min | max |   Type  |
    +---------+---------+-----------+-----------+-----+-----+---------+
    |       10|       10|  33.300 ns|  33.300 ns|   10|   10|       no|
    +---------+---------+-----------+-----------+-----+-----+---------+

    + Detail: 
        * Instance: 
        N/A

        * Loop: 
        +--------------------+---------+---------+----------+-----------+-----------+------+----------+
        |                    |  Latency (cycles) | Iteration|  Initiation Interval  | Trip |          |
        |      Loop Name     |   min   |   max   |  Latency |  achieved |   target  | Count| Pipelined|
        +--------------------+---------+---------+----------+-----------+-----------+------+----------+
        |- VITIS_LOOP_437_4  |        8|        8|         1|          1|          1|     8|       yes|
        +--------------------+---------+---------+----------+-----------+-----------+------+----------+

============================================================
+ Verbose Summary: Synthesis Manager
============================================================
InlineROM: 1
ExposeGlobal: 0
============================================================
+ Verbose Summary: CDFG Model
============================================================
IsTopModel: 0
ResetActiveHigh: 1
IsCombinational: 0
IsDatapathOnly: 0
HasWiredReturn: 1
HasMFsm: 2
HasVarLatency: 1
IsPipeline: 0
IsRtlPipelined: 0
IsInstanceOverlapped: 0
IsDontTouch: 0
HasImplIP: 0
IsGatedGlobalClock: 0

+ Individual pipeline summary: 
  * Pipeline-0: initiation interval (II) = 1, depth = 1


============================================================
+ Verbose Summary: Schedule
============================================================
* Number of FSM states : 1
* Pipeline : 1
  Pipeline-0 : II = 1, D = 1, States = { 1 }
* Dataflow Pipeline: 0

* FSM state transitions: 
1 --> 

* FSM state operations: 

State 1 <SV = 0> <Delay = 1.09>
ST_1 : Operation 4 [1/1] (0.00ns)   --->   "%i_1 = alloca i32 1"   --->   Operation 4 'alloca' 'i_1' <Predicate = true> <Delay = 0.00>
ST_1 : Operation 5 [1/1] (0.38ns)   --->   "%store_ln0 = store i4 0, i4 %i_1"   --->   Operation 5 'store' 'store_ln0' <Predicate = true> <Delay = 0.38>
ST_1 : Operation 6 [1/1] (0.00ns)   --->   "%br_ln0 = br void %for.body58.i"   --->   Operation 6 'br' 'br_ln0' <Predicate = true> <Delay = 0.00>
ST_1 : Operation 7 [1/1] (0.00ns)   --->   "%i = load i4 %i_1" [/home/nehaprakriya/Documents/tapa/regression/knn/src/run_split_check/cpp/krnl_partialKnn_wrapper_6.cpp:441]   --->   Operation 7 'load' 'i' <Predicate = true> <Delay = 0.00>
ST_1 : Operation 8 [1/1] (0.00ns)   --->   "%specpipeline_ln0 = specpipeline void @_ssdm_op_SpecPipeline, i32 4294967295, i32 0, i32 1, i32 0, void @p_str"   --->   Operation 8 'specpipeline' 'specpipeline_ln0' <Predicate = true> <Delay = 0.00>
ST_1 : Operation 9 [1/1] (0.65ns)   --->   "%icmp_ln437 = icmp_eq  i4 %i, i4 8" [/home/nehaprakriya/Documents/tapa/regression/knn/src/run_split_check/cpp/krnl_partialKnn_wrapper_6.cpp:437]   --->   Operation 9 'icmp' 'icmp_ln437' <Predicate = true> <Delay = 0.65> <CoreInst = "Cmp">   --->   Core 9 'Cmp' <Latency = 0> <II = 1> <Delay = 0.65> <FuncUnit> <Opcode : 'icmp'> <InPorts = 2> <OutPorts = 1>
ST_1 : Operation 10 [1/1] (0.00ns)   --->   "%empty = speclooptripcount i32 @_ssdm_op_SpecLoopTripCount, i64 8, i64 8, i64 8"   --->   Operation 10 'speclooptripcount' 'empty' <Predicate = true> <Delay = 0.00>
ST_1 : Operation 11 [1/1] (0.70ns)   --->   "%add_ln437 = add i4 %i, i4 1" [/home/nehaprakriya/Documents/tapa/regression/knn/src/run_split_check/cpp/krnl_partialKnn_wrapper_6.cpp:437]   --->   Operation 11 'add' 'add_ln437' <Predicate = true> <Delay = 0.70> <CoreInst = "Adder">   --->   Core 1 'Adder' <Latency = 0> <II = 1> <Delay = 0.70> <FuncUnit> <Opcode : 'add' 'sub'> <InPorts = 2> <OutPorts = 1>
ST_1 : Operation 12 [1/1] (0.00ns)   --->   "%br_ln437 = br i1 %icmp_ln437, void %for.body58.i.split, void %for.cond.cleanup57.i.exitStub" [/home/nehaprakriya/Documents/tapa/regression/knn/src/run_split_check/cpp/krnl_partialKnn_wrapper_6.cpp:437]   --->   Operation 12 'br' 'br_ln437' <Predicate = true> <Delay = 0.00>
ST_1 : Operation 13 [1/1] (0.00ns)   --->   "%specloopname_ln438 = specloopname void @_ssdm_op_SpecLoopName, void @empty_5" [/home/nehaprakriya/Documents/tapa/regression/knn/src/run_split_check/cpp/krnl_partialKnn_wrapper_6.cpp:438]   --->   Operation 13 'specloopname' 'specloopname_ln438' <Predicate = (!icmp_ln437)> <Delay = 0.00>
ST_1 : Operation 14 [1/1] (0.00ns)   --->   "%trunc_ln441 = trunc i4 %i" [/home/nehaprakriya/Documents/tapa/regression/knn/src/run_split_check/cpp/krnl_partialKnn_wrapper_6.cpp:441]   --->   Operation 14 'trunc' 'trunc_ln441' <Predicate = (!icmp_ln437)> <Delay = 0.00>
ST_1 : Operation 15 [1/1] (0.34ns)   --->   "%switch_ln441 = switch i3 %trunc_ln441, void %arrayidx8054.i.10.case.7, i3 0, void %arrayidx8054.i.10.case.0, i3 1, void %arrayidx8054.i.10.case.1, i3 2, void %arrayidx8054.i.10.case.2, i3 3, void %arrayidx8054.i.10.case.3, i3 4, void %arrayidx8054.i.10.case.4, i3 5, void %arrayidx8054.i.10.case.5, i3 6, void %arrayidx8054.i.10.case.6" [/home/nehaprakriya/Documents/tapa/regression/knn/src/run_split_check/cpp/krnl_partialKnn_wrapper_6.cpp:441]   --->   Operation 15 'switch' 'switch_ln441' <Predicate = (!icmp_ln437)> <Delay = 0.34>
ST_1 : Operation 16 [1/1] (0.00ns)   --->   "%store_ln441 = store i32 4294967295, i32 %p_ZZ15krnl_partialKnnILi6EEvRN4tapa10async_mmapI7ap_uintILi256EEEEiRNS0_7ostreamIN3hls4axisIS2_ILi32EELm0ELm0ELm0EEEEESC_E25local_kNearstId_partial_0_6_0" [/home/nehaprakriya/Documents/tapa/regression/knn/src/run_split_check/cpp/krnl_partialKnn_wrapper_6.cpp:441]   --->   Operation 16 'store' 'store_ln441' <Predicate = (!icmp_ln437 & trunc_ln441 == 6)> <Delay = 0.00>
ST_1 : Operation 17 [1/1] (0.00ns)   --->   "%store_ln442 = store i32 3.40282e+38, i32 %p_ZZ15krnl_partialKnnILi6EEvRN4tapa10async_mmapI7ap_uintILi256EEEEiRNS0_7ostreamIN3hls4axisIS2_ILi32EELm0ELm0ELm0EEEEESC_E27local_kNearstDist_partial_0_6_0" [/home/nehaprakriya/Documents/tapa/regression/knn/src/run_split_check/cpp/krnl_partialKnn_wrapper_6.cpp:442]   --->   Operation 17 'store' 'store_ln442' <Predicate = (!icmp_ln437 & trunc_ln441 == 6)> <Delay = 0.00>
ST_1 : Operation 18 [1/1] (0.00ns)   --->   "%store_ln441 = store i32 4294967295, i32 %p_ZZ15krnl_partialKnnILi6EEvRN4tapa10async_mmapI7ap_uintILi256EEEEiRNS0_7ostreamIN3hls4axisIS2_ILi32EELm0ELm0ELm0EEEEESC_E25local_kNearstId_partial_0_6_1" [/home/nehaprakriya/Documents/tapa/regression/knn/src/run_split_check/cpp/krnl_partialKnn_wrapper_6.cpp:441]   --->   Operation 18 'store' 'store_ln441' <Predicate = (!icmp_ln437 & trunc_ln441 == 6)> <Delay = 0.00>
ST_1 : Operation 19 [1/1] (0.00ns)   --->   "%store_ln442 = store i32 3.40282e+38, i32 %p_ZZ15krnl_partialKnnILi6EEvRN4tapa10async_mmapI7ap_uintILi256EEEEiRNS0_7ostreamIN3hls4axisIS2_ILi32EELm0ELm0ELm0EEEEESC_E27local_kNearstDist_partial_0_6_1" [/home/nehaprakriya/Documents/tapa/regression/knn/src/run_split_check/cpp/krnl_partialKnn_wrapper_6.cpp:442]   --->   Operation 19 'store' 'store_ln442' <Predicate = (!icmp_ln437 & trunc_ln441 == 6)> <Delay = 0.00>
ST_1 : Operation 20 [1/1] (0.00ns)   --->   "%store_ln441 = store i32 4294967295, i32 %p_ZZ15krnl_partialKnnILi6EEvRN4tapa10async_mmapI7ap_uintILi256EEEEiRNS0_7ostreamIN3hls4axisIS2_ILi32EELm0ELm0ELm0EEEEESC_E25local_kNearstId_partial_0_6_2" [/home/nehaprakriya/Documents/tapa/regression/knn/src/run_split_check/cpp/krnl_partialKnn_wrapper_6.cpp:441]   --->   Operation 20 'store' 'store_ln441' <Predicate = (!icmp_ln437 & trunc_ln441 == 6)> <Delay = 0.00>
ST_1 : Operation 21 [1/1] (0.00ns)   --->   "%store_ln442 = store i32 3.40282e+38, i32 %p_ZZ15krnl_partialKnnILi6EEvRN4tapa10async_mmapI7ap_uintILi256EEEEiRNS0_7ostreamIN3hls4axisIS2_ILi32EELm0ELm0ELm0EEEEESC_E27local_kNearstDist_partial_0_6_2" [/home/nehaprakriya/Documents/tapa/regression/knn/src/run_split_check/cpp/krnl_partialKnn_wrapper_6.cpp:442]   --->   Operation 21 'store' 'store_ln442' <Predicate = (!icmp_ln437 & trunc_ln441 == 6)> <Delay = 0.00>
ST_1 : Operation 22 [1/1] (0.00ns)   --->   "%store_ln441 = store i32 4294967295, i32 %p_ZZ15krnl_partialKnnILi6EEvRN4tapa10async_mmapI7ap_uintILi256EEEEiRNS0_7ostreamIN3hls4axisIS2_ILi32EELm0ELm0ELm0EEEEESC_E25local_kNearstId_partial_0_6_3" [/home/nehaprakriya/Documents/tapa/regression/knn/src/run_split_check/cpp/krnl_partialKnn_wrapper_6.cpp:441]   --->   Operation 22 'store' 'store_ln441' <Predicate = (!icmp_ln437 & trunc_ln441 == 6)> <Delay = 0.00>
ST_1 : Operation 23 [1/1] (0.00ns)   --->   "%store_ln442 = store i32 3.40282e+38, i32 %p_ZZ15krnl_partialKnnILi6EEvRN4tapa10async_mmapI7ap_uintILi256EEEEiRNS0_7ostreamIN3hls4axisIS2_ILi32EELm0ELm0ELm0EEEEESC_E27local_kNearstDist_partial_0_6_3" [/home/nehaprakriya/Documents/tapa/regression/knn/src/run_split_check/cpp/krnl_partialKnn_wrapper_6.cpp:442]   --->   Operation 23 'store' 'store_ln442' <Predicate = (!icmp_ln437 & trunc_ln441 == 6)> <Delay = 0.00>
ST_1 : Operation 24 [1/1] (0.00ns)   --->   "%store_ln441 = store i32 4294967295, i32 %p_ZZ15krnl_partialKnnILi6EEvRN4tapa10async_mmapI7ap_uintILi256EEEEiRNS0_7ostreamIN3hls4axisIS2_ILi32EELm0ELm0ELm0EEEEESC_E25local_kNearstId_partial_0_6_4" [/home/nehaprakriya/Documents/tapa/regression/knn/src/run_split_check/cpp/krnl_partialKnn_wrapper_6.cpp:441]   --->   Operation 24 'store' 'store_ln441' <Predicate = (!icmp_ln437 & trunc_ln441 == 6)> <Delay = 0.00>
ST_1 : Operation 25 [1/1] (0.00ns)   --->   "%store_ln442 = store i32 3.40282e+38, i32 %p_ZZ15krnl_partialKnnILi6EEvRN4tapa10async_mmapI7ap_uintILi256EEEEiRNS0_7ostreamIN3hls4axisIS2_ILi32EELm0ELm0ELm0EEEEESC_E27local_kNearstDist_partial_0_6_4" [/home/nehaprakriya/Documents/tapa/regression/knn/src/run_split_check/cpp/krnl_partialKnn_wrapper_6.cpp:442]   --->   Operation 25 'store' 'store_ln442' <Predicate = (!icmp_ln437 & trunc_ln441 == 6)> <Delay = 0.00>
ST_1 : Operation 26 [1/1] (0.00ns)   --->   "%store_ln441 = store i32 4294967295, i32 %p_ZZ15krnl_partialKnnILi6EEvRN4tapa10async_mmapI7ap_uintILi256EEEEiRNS0_7ostreamIN3hls4axisIS2_ILi32EELm0ELm0ELm0EEEEESC_E25local_kNearstId_partial_0_6_5" [/home/nehaprakriya/Documents/tapa/regression/knn/src/run_split_check/cpp/krnl_partialKnn_wrapper_6.cpp:441]   --->   Operation 26 'store' 'store_ln441' <Predicate = (!icmp_ln437 & trunc_ln441 == 6)> <Delay = 0.00>
ST_1 : Operation 27 [1/1] (0.00ns)   --->   "%store_ln442 = store i32 3.40282e+38, i32 %p_ZZ15krnl_partialKnnILi6EEvRN4tapa10async_mmapI7ap_uintILi256EEEEiRNS0_7ostreamIN3hls4axisIS2_ILi32EELm0ELm0ELm0EEEEESC_E27local_kNearstDist_partial_0_6_5" [/home/nehaprakriya/Documents/tapa/regression/knn/src/run_split_check/cpp/krnl_partialKnn_wrapper_6.cpp:442]   --->   Operation 27 'store' 'store_ln442' <Predicate = (!icmp_ln437 & trunc_ln441 == 6)> <Delay = 0.00>
ST_1 : Operation 28 [1/1] (0.00ns)   --->   "%store_ln441 = store i32 4294967295, i32 %p_ZZ15krnl_partialKnnILi6EEvRN4tapa10async_mmapI7ap_uintILi256EEEEiRNS0_7ostreamIN3hls4axisIS2_ILi32EELm0ELm0ELm0EEEEESC_E25local_kNearstId_partial_0_6_6" [/home/nehaprakriya/Documents/tapa/regression/knn/src/run_split_check/cpp/krnl_partialKnn_wrapper_6.cpp:441]   --->   Operation 28 'store' 'store_ln441' <Predicate = (!icmp_ln437 & trunc_ln441 == 6)> <Delay = 0.00>
ST_1 : Operation 29 [1/1] (0.00ns)   --->   "%store_ln442 = store i32 3.40282e+38, i32 %p_ZZ15krnl_partialKnnILi6EEvRN4tapa10async_mmapI7ap_uintILi256EEEEiRNS0_7ostreamIN3hls4axisIS2_ILi32EELm0ELm0ELm0EEEEESC_E27local_kNearstDist_partial_0_6_6" [/home/nehaprakriya/Documents/tapa/regression/knn/src/run_split_check/cpp/krnl_partialKnn_wrapper_6.cpp:442]   --->   Operation 29 'store' 'store_ln442' <Predicate = (!icmp_ln437 & trunc_ln441 == 6)> <Delay = 0.00>
ST_1 : Operation 30 [1/1] (0.00ns)   --->   "%store_ln441 = store i32 4294967295, i32 %p_ZZ15krnl_partialKnnILi6EEvRN4tapa10async_mmapI7ap_uintILi256EEEEiRNS0_7ostreamIN3hls4axisIS2_ILi32EELm0ELm0ELm0EEEEESC_E25local_kNearstId_partial_0_6_7" [/home/nehaprakriya/Documents/tapa/regression/knn/src/run_split_check/cpp/krnl_partialKnn_wrapper_6.cpp:441]   --->   Operation 30 'store' 'store_ln441' <Predicate = (!icmp_ln437 & trunc_ln441 == 6)> <Delay = 0.00>
ST_1 : Operation 31 [1/1] (0.00ns)   --->   "%store_ln442 = store i32 3.40282e+38, i32 %p_ZZ15krnl_partialKnnILi6EEvRN4tapa10async_mmapI7ap_uintILi256EEEEiRNS0_7ostreamIN3hls4axisIS2_ILi32EELm0ELm0ELm0EEEEESC_E27local_kNearstDist_partial_0_6_7" [/home/nehaprakriya/Documents/tapa/regression/knn/src/run_split_check/cpp/krnl_partialKnn_wrapper_6.cpp:442]   --->   Operation 31 'store' 'store_ln442' <Predicate = (!icmp_ln437 & trunc_ln441 == 6)> <Delay = 0.00>
ST_1 : Operation 32 [1/1] (0.00ns)   --->   "%store_ln441 = store i32 4294967295, i32 %p_ZZ15krnl_partialKnnILi6EEvRN4tapa10async_mmapI7ap_uintILi256EEEEiRNS0_7ostreamIN3hls4axisIS2_ILi32EELm0ELm0ELm0EEEEESC_E25local_kNearstId_partial_0_6_8" [/home/nehaprakriya/Documents/tapa/regression/knn/src/run_split_check/cpp/krnl_partialKnn_wrapper_6.cpp:441]   --->   Operation 32 'store' 'store_ln441' <Predicate = (!icmp_ln437 & trunc_ln441 == 6)> <Delay = 0.00>
ST_1 : Operation 33 [1/1] (0.00ns)   --->   "%store_ln442 = store i32 3.40282e+38, i32 %p_ZZ15krnl_partialKnnILi6EEvRN4tapa10async_mmapI7ap_uintILi256EEEEiRNS0_7ostreamIN3hls4axisIS2_ILi32EELm0ELm0ELm0EEEEESC_E27local_kNearstDist_partial_0_6_8" [/home/nehaprakriya/Documents/tapa/regression/knn/src/run_split_check/cpp/krnl_partialKnn_wrapper_6.cpp:442]   --->   Operation 33 'store' 'store_ln442' <Predicate = (!icmp_ln437 & trunc_ln441 == 6)> <Delay = 0.00>
ST_1 : Operation 34 [1/1] (0.00ns)   --->   "%store_ln441 = store i32 4294967295, i32 %p_ZZ15krnl_partialKnnILi6EEvRN4tapa10async_mmapI7ap_uintILi256EEEEiRNS0_7ostreamIN3hls4axisIS2_ILi32EELm0ELm0ELm0EEEEESC_E25local_kNearstId_partial_0_6_9" [/home/nehaprakriya/Documents/tapa/regression/knn/src/run_split_check/cpp/krnl_partialKnn_wrapper_6.cpp:441]   --->   Operation 34 'store' 'store_ln441' <Predicate = (!icmp_ln437 & trunc_ln441 == 6)> <Delay = 0.00>
ST_1 : Operation 35 [1/1] (0.00ns)   --->   "%store_ln442 = store i32 3.40282e+38, i32 %p_ZZ15krnl_partialKnnILi6EEvRN4tapa10async_mmapI7ap_uintILi256EEEEiRNS0_7ostreamIN3hls4axisIS2_ILi32EELm0ELm0ELm0EEEEESC_E27local_kNearstDist_partial_0_6_9" [/home/nehaprakriya/Documents/tapa/regression/knn/src/run_split_check/cpp/krnl_partialKnn_wrapper_6.cpp:442]   --->   Operation 35 'store' 'store_ln442' <Predicate = (!icmp_ln437 & trunc_ln441 == 6)> <Delay = 0.00>
ST_1 : Operation 36 [1/1] (0.00ns)   --->   "%store_ln441 = store i32 4294967295, i32 %p_ZZ15krnl_partialKnnILi6EEvRN4tapa10async_mmapI7ap_uintILi256EEEEiRNS0_7ostreamIN3hls4axisIS2_ILi32EELm0ELm0ELm0EEEEESC_E25local_kNearstId_partial_0_6_10" [/home/nehaprakriya/Documents/tapa/regression/knn/src/run_split_check/cpp/krnl_partialKnn_wrapper_6.cpp:441]   --->   Operation 36 'store' 'store_ln441' <Predicate = (!icmp_ln437 & trunc_ln441 == 6)> <Delay = 0.00>
ST_1 : Operation 37 [1/1] (0.00ns)   --->   "%store_ln442 = store i32 3.40282e+38, i32 %p_ZZ15krnl_partialKnnILi6EEvRN4tapa10async_mmapI7ap_uintILi256EEEEiRNS0_7ostreamIN3hls4axisIS2_ILi32EELm0ELm0ELm0EEEEESC_E27local_kNearstDist_partial_0_6_10" [/home/nehaprakriya/Documents/tapa/regression/knn/src/run_split_check/cpp/krnl_partialKnn_wrapper_6.cpp:442]   --->   Operation 37 'store' 'store_ln442' <Predicate = (!icmp_ln437 & trunc_ln441 == 6)> <Delay = 0.00>
ST_1 : Operation 38 [1/1] (0.00ns)   --->   "%br_ln442 = br void %arrayidx8054.i.10.exit" [/home/nehaprakriya/Documents/tapa/regression/knn/src/run_split_check/cpp/krnl_partialKnn_wrapper_6.cpp:442]   --->   Operation 38 'br' 'br_ln442' <Predicate = (!icmp_ln437 & trunc_ln441 == 6)> <Delay = 0.00>
ST_1 : Operation 39 [1/1] (0.00ns)   --->   "%store_ln441 = store i32 4294967295, i32 %p_ZZ15krnl_partialKnnILi6EEvRN4tapa10async_mmapI7ap_uintILi256EEEEiRNS0_7ostreamIN3hls4axisIS2_ILi32EELm0ELm0ELm0EEEEESC_E25local_kNearstId_partial_0_5_0" [/home/nehaprakriya/Documents/tapa/regression/knn/src/run_split_check/cpp/krnl_partialKnn_wrapper_6.cpp:441]   --->   Operation 39 'store' 'store_ln441' <Predicate = (!icmp_ln437 & trunc_ln441 == 5)> <Delay = 0.00>
ST_1 : Operation 40 [1/1] (0.00ns)   --->   "%store_ln442 = store i32 3.40282e+38, i32 %p_ZZ15krnl_partialKnnILi6EEvRN4tapa10async_mmapI7ap_uintILi256EEEEiRNS0_7ostreamIN3hls4axisIS2_ILi32EELm0ELm0ELm0EEEEESC_E27local_kNearstDist_partial_0_5_0" [/home/nehaprakriya/Documents/tapa/regression/knn/src/run_split_check/cpp/krnl_partialKnn_wrapper_6.cpp:442]   --->   Operation 40 'store' 'store_ln442' <Predicate = (!icmp_ln437 & trunc_ln441 == 5)> <Delay = 0.00>
ST_1 : Operation 41 [1/1] (0.00ns)   --->   "%store_ln441 = store i32 4294967295, i32 %p_ZZ15krnl_partialKnnILi6EEvRN4tapa10async_mmapI7ap_uintILi256EEEEiRNS0_7ostreamIN3hls4axisIS2_ILi32EELm0ELm0ELm0EEEEESC_E25local_kNearstId_partial_0_5_1" [/home/nehaprakriya/Documents/tapa/regression/knn/src/run_split_check/cpp/krnl_partialKnn_wrapper_6.cpp:441]   --->   Operation 41 'store' 'store_ln441' <Predicate = (!icmp_ln437 & trunc_ln441 == 5)> <Delay = 0.00>
ST_1 : Operation 42 [1/1] (0.00ns)   --->   "%store_ln442 = store i32 3.40282e+38, i32 %p_ZZ15krnl_partialKnnILi6EEvRN4tapa10async_mmapI7ap_uintILi256EEEEiRNS0_7ostreamIN3hls4axisIS2_ILi32EELm0ELm0ELm0EEEEESC_E27local_kNearstDist_partial_0_5_1" [/home/nehaprakriya/Documents/tapa/regression/knn/src/run_split_check/cpp/krnl_partialKnn_wrapper_6.cpp:442]   --->   Operation 42 'store' 'store_ln442' <Predicate = (!icmp_ln437 & trunc_ln441 == 5)> <Delay = 0.00>
ST_1 : Operation 43 [1/1] (0.00ns)   --->   "%store_ln441 = store i32 4294967295, i32 %p_ZZ15krnl_partialKnnILi6EEvRN4tapa10async_mmapI7ap_uintILi256EEEEiRNS0_7ostreamIN3hls4axisIS2_ILi32EELm0ELm0ELm0EEEEESC_E25local_kNearstId_partial_0_5_2" [/home/nehaprakriya/Documents/tapa/regression/knn/src/run_split_check/cpp/krnl_partialKnn_wrapper_6.cpp:441]   --->   Operation 43 'store' 'store_ln441' <Predicate = (!icmp_ln437 & trunc_ln441 == 5)> <Delay = 0.00>
ST_1 : Operation 44 [1/1] (0.00ns)   --->   "%store_ln442 = store i32 3.40282e+38, i32 %p_ZZ15krnl_partialKnnILi6EEvRN4tapa10async_mmapI7ap_uintILi256EEEEiRNS0_7ostreamIN3hls4axisIS2_ILi32EELm0ELm0ELm0EEEEESC_E27local_kNearstDist_partial_0_5_2" [/home/nehaprakriya/Documents/tapa/regression/knn/src/run_split_check/cpp/krnl_partialKnn_wrapper_6.cpp:442]   --->   Operation 44 'store' 'store_ln442' <Predicate = (!icmp_ln437 & trunc_ln441 == 5)> <Delay = 0.00>
ST_1 : Operation 45 [1/1] (0.00ns)   --->   "%store_ln441 = store i32 4294967295, i32 %p_ZZ15krnl_partialKnnILi6EEvRN4tapa10async_mmapI7ap_uintILi256EEEEiRNS0_7ostreamIN3hls4axisIS2_ILi32EELm0ELm0ELm0EEEEESC_E25local_kNearstId_partial_0_5_3" [/home/nehaprakriya/Documents/tapa/regression/knn/src/run_split_check/cpp/krnl_partialKnn_wrapper_6.cpp:441]   --->   Operation 45 'store' 'store_ln441' <Predicate = (!icmp_ln437 & trunc_ln441 == 5)> <Delay = 0.00>
ST_1 : Operation 46 [1/1] (0.00ns)   --->   "%store_ln442 = store i32 3.40282e+38, i32 %p_ZZ15krnl_partialKnnILi6EEvRN4tapa10async_mmapI7ap_uintILi256EEEEiRNS0_7ostreamIN3hls4axisIS2_ILi32EELm0ELm0ELm0EEEEESC_E27local_kNearstDist_partial_0_5_3" [/home/nehaprakriya/Documents/tapa/regression/knn/src/run_split_check/cpp/krnl_partialKnn_wrapper_6.cpp:442]   --->   Operation 46 'store' 'store_ln442' <Predicate = (!icmp_ln437 & trunc_ln441 == 5)> <Delay = 0.00>
ST_1 : Operation 47 [1/1] (0.00ns)   --->   "%store_ln441 = store i32 4294967295, i32 %p_ZZ15krnl_partialKnnILi6EEvRN4tapa10async_mmapI7ap_uintILi256EEEEiRNS0_7ostreamIN3hls4axisIS2_ILi32EELm0ELm0ELm0EEEEESC_E25local_kNearstId_partial_0_5_4" [/home/nehaprakriya/Documents/tapa/regression/knn/src/run_split_check/cpp/krnl_partialKnn_wrapper_6.cpp:441]   --->   Operation 47 'store' 'store_ln441' <Predicate = (!icmp_ln437 & trunc_ln441 == 5)> <Delay = 0.00>
ST_1 : Operation 48 [1/1] (0.00ns)   --->   "%store_ln442 = store i32 3.40282e+38, i32 %p_ZZ15krnl_partialKnnILi6EEvRN4tapa10async_mmapI7ap_uintILi256EEEEiRNS0_7ostreamIN3hls4axisIS2_ILi32EELm0ELm0ELm0EEEEESC_E27local_kNearstDist_partial_0_5_4" [/home/nehaprakriya/Documents/tapa/regression/knn/src/run_split_check/cpp/krnl_partialKnn_wrapper_6.cpp:442]   --->   Operation 48 'store' 'store_ln442' <Predicate = (!icmp_ln437 & trunc_ln441 == 5)> <Delay = 0.00>
ST_1 : Operation 49 [1/1] (0.00ns)   --->   "%store_ln441 = store i32 4294967295, i32 %p_ZZ15krnl_partialKnnILi6EEvRN4tapa10async_mmapI7ap_uintILi256EEEEiRNS0_7ostreamIN3hls4axisIS2_ILi32EELm0ELm0ELm0EEEEESC_E25local_kNearstId_partial_0_5_5" [/home/nehaprakriya/Documents/tapa/regression/knn/src/run_split_check/cpp/krnl_partialKnn_wrapper_6.cpp:441]   --->   Operation 49 'store' 'store_ln441' <Predicate = (!icmp_ln437 & trunc_ln441 == 5)> <Delay = 0.00>
ST_1 : Operation 50 [1/1] (0.00ns)   --->   "%store_ln442 = store i32 3.40282e+38, i32 %p_ZZ15krnl_partialKnnILi6EEvRN4tapa10async_mmapI7ap_uintILi256EEEEiRNS0_7ostreamIN3hls4axisIS2_ILi32EELm0ELm0ELm0EEEEESC_E27local_kNearstDist_partial_0_5_5" [/home/nehaprakriya/Documents/tapa/regression/knn/src/run_split_check/cpp/krnl_partialKnn_wrapper_6.cpp:442]   --->   Operation 50 'store' 'store_ln442' <Predicate = (!icmp_ln437 & trunc_ln441 == 5)> <Delay = 0.00>
ST_1 : Operation 51 [1/1] (0.00ns)   --->   "%store_ln441 = store i32 4294967295, i32 %p_ZZ15krnl_partialKnnILi6EEvRN4tapa10async_mmapI7ap_uintILi256EEEEiRNS0_7ostreamIN3hls4axisIS2_ILi32EELm0ELm0ELm0EEEEESC_E25local_kNearstId_partial_0_5_6" [/home/nehaprakriya/Documents/tapa/regression/knn/src/run_split_check/cpp/krnl_partialKnn_wrapper_6.cpp:441]   --->   Operation 51 'store' 'store_ln441' <Predicate = (!icmp_ln437 & trunc_ln441 == 5)> <Delay = 0.00>
ST_1 : Operation 52 [1/1] (0.00ns)   --->   "%store_ln442 = store i32 3.40282e+38, i32 %p_ZZ15krnl_partialKnnILi6EEvRN4tapa10async_mmapI7ap_uintILi256EEEEiRNS0_7ostreamIN3hls4axisIS2_ILi32EELm0ELm0ELm0EEEEESC_E27local_kNearstDist_partial_0_5_6" [/home/nehaprakriya/Documents/tapa/regression/knn/src/run_split_check/cpp/krnl_partialKnn_wrapper_6.cpp:442]   --->   Operation 52 'store' 'store_ln442' <Predicate = (!icmp_ln437 & trunc_ln441 == 5)> <Delay = 0.00>
ST_1 : Operation 53 [1/1] (0.00ns)   --->   "%store_ln441 = store i32 4294967295, i32 %p_ZZ15krnl_partialKnnILi6EEvRN4tapa10async_mmapI7ap_uintILi256EEEEiRNS0_7ostreamIN3hls4axisIS2_ILi32EELm0ELm0ELm0EEEEESC_E25local_kNearstId_partial_0_5_7" [/home/nehaprakriya/Documents/tapa/regression/knn/src/run_split_check/cpp/krnl_partialKnn_wrapper_6.cpp:441]   --->   Operation 53 'store' 'store_ln441' <Predicate = (!icmp_ln437 & trunc_ln441 == 5)> <Delay = 0.00>
ST_1 : Operation 54 [1/1] (0.00ns)   --->   "%store_ln442 = store i32 3.40282e+38, i32 %p_ZZ15krnl_partialKnnILi6EEvRN4tapa10async_mmapI7ap_uintILi256EEEEiRNS0_7ostreamIN3hls4axisIS2_ILi32EELm0ELm0ELm0EEEEESC_E27local_kNearstDist_partial_0_5_7" [/home/nehaprakriya/Documents/tapa/regression/knn/src/run_split_check/cpp/krnl_partialKnn_wrapper_6.cpp:442]   --->   Operation 54 'store' 'store_ln442' <Predicate = (!icmp_ln437 & trunc_ln441 == 5)> <Delay = 0.00>
ST_1 : Operation 55 [1/1] (0.00ns)   --->   "%store_ln441 = store i32 4294967295, i32 %p_ZZ15krnl_partialKnnILi6EEvRN4tapa10async_mmapI7ap_uintILi256EEEEiRNS0_7ostreamIN3hls4axisIS2_ILi32EELm0ELm0ELm0EEEEESC_E25local_kNearstId_partial_0_5_8" [/home/nehaprakriya/Documents/tapa/regression/knn/src/run_split_check/cpp/krnl_partialKnn_wrapper_6.cpp:441]   --->   Operation 55 'store' 'store_ln441' <Predicate = (!icmp_ln437 & trunc_ln441 == 5)> <Delay = 0.00>
ST_1 : Operation 56 [1/1] (0.00ns)   --->   "%store_ln442 = store i32 3.40282e+38, i32 %p_ZZ15krnl_partialKnnILi6EEvRN4tapa10async_mmapI7ap_uintILi256EEEEiRNS0_7ostreamIN3hls4axisIS2_ILi32EELm0ELm0ELm0EEEEESC_E27local_kNearstDist_partial_0_5_8" [/home/nehaprakriya/Documents/tapa/regression/knn/src/run_split_check/cpp/krnl_partialKnn_wrapper_6.cpp:442]   --->   Operation 56 'store' 'store_ln442' <Predicate = (!icmp_ln437 & trunc_ln441 == 5)> <Delay = 0.00>
ST_1 : Operation 57 [1/1] (0.00ns)   --->   "%store_ln441 = store i32 4294967295, i32 %p_ZZ15krnl_partialKnnILi6EEvRN4tapa10async_mmapI7ap_uintILi256EEEEiRNS0_7ostreamIN3hls4axisIS2_ILi32EELm0ELm0ELm0EEEEESC_E25local_kNearstId_partial_0_5_9" [/home/nehaprakriya/Documents/tapa/regression/knn/src/run_split_check/cpp/krnl_partialKnn_wrapper_6.cpp:441]   --->   Operation 57 'store' 'store_ln441' <Predicate = (!icmp_ln437 & trunc_ln441 == 5)> <Delay = 0.00>
ST_1 : Operation 58 [1/1] (0.00ns)   --->   "%store_ln442 = store i32 3.40282e+38, i32 %p_ZZ15krnl_partialKnnILi6EEvRN4tapa10async_mmapI7ap_uintILi256EEEEiRNS0_7ostreamIN3hls4axisIS2_ILi32EELm0ELm0ELm0EEEEESC_E27local_kNearstDist_partial_0_5_9" [/home/nehaprakriya/Documents/tapa/regression/knn/src/run_split_check/cpp/krnl_partialKnn_wrapper_6.cpp:442]   --->   Operation 58 'store' 'store_ln442' <Predicate = (!icmp_ln437 & trunc_ln441 == 5)> <Delay = 0.00>
ST_1 : Operation 59 [1/1] (0.00ns)   --->   "%store_ln441 = store i32 4294967295, i32 %p_ZZ15krnl_partialKnnILi6EEvRN4tapa10async_mmapI7ap_uintILi256EEEEiRNS0_7ostreamIN3hls4axisIS2_ILi32EELm0ELm0ELm0EEEEESC_E25local_kNearstId_partial_0_5_10" [/home/nehaprakriya/Documents/tapa/regression/knn/src/run_split_check/cpp/krnl_partialKnn_wrapper_6.cpp:441]   --->   Operation 59 'store' 'store_ln441' <Predicate = (!icmp_ln437 & trunc_ln441 == 5)> <Delay = 0.00>
ST_1 : Operation 60 [1/1] (0.00ns)   --->   "%store_ln442 = store i32 3.40282e+38, i32 %p_ZZ15krnl_partialKnnILi6EEvRN4tapa10async_mmapI7ap_uintILi256EEEEiRNS0_7ostreamIN3hls4axisIS2_ILi32EELm0ELm0ELm0EEEEESC_E27local_kNearstDist_partial_0_5_10" [/home/nehaprakriya/Documents/tapa/regression/knn/src/run_split_check/cpp/krnl_partialKnn_wrapper_6.cpp:442]   --->   Operation 60 'store' 'store_ln442' <Predicate = (!icmp_ln437 & trunc_ln441 == 5)> <Delay = 0.00>
ST_1 : Operation 61 [1/1] (0.00ns)   --->   "%br_ln442 = br void %arrayidx8054.i.10.exit" [/home/nehaprakriya/Documents/tapa/regression/knn/src/run_split_check/cpp/krnl_partialKnn_wrapper_6.cpp:442]   --->   Operation 61 'br' 'br_ln442' <Predicate = (!icmp_ln437 & trunc_ln441 == 5)> <Delay = 0.00>
ST_1 : Operation 62 [1/1] (0.00ns)   --->   "%store_ln441 = store i32 4294967295, i32 %p_ZZ15krnl_partialKnnILi6EEvRN4tapa10async_mmapI7ap_uintILi256EEEEiRNS0_7ostreamIN3hls4axisIS2_ILi32EELm0ELm0ELm0EEEEESC_E25local_kNearstId_partial_0_4_0" [/home/nehaprakriya/Documents/tapa/regression/knn/src/run_split_check/cpp/krnl_partialKnn_wrapper_6.cpp:441]   --->   Operation 62 'store' 'store_ln441' <Predicate = (!icmp_ln437 & trunc_ln441 == 4)> <Delay = 0.00>
ST_1 : Operation 63 [1/1] (0.00ns)   --->   "%store_ln442 = store i32 3.40282e+38, i32 %p_ZZ15krnl_partialKnnILi6EEvRN4tapa10async_mmapI7ap_uintILi256EEEEiRNS0_7ostreamIN3hls4axisIS2_ILi32EELm0ELm0ELm0EEEEESC_E27local_kNearstDist_partial_0_4_0" [/home/nehaprakriya/Documents/tapa/regression/knn/src/run_split_check/cpp/krnl_partialKnn_wrapper_6.cpp:442]   --->   Operation 63 'store' 'store_ln442' <Predicate = (!icmp_ln437 & trunc_ln441 == 4)> <Delay = 0.00>
ST_1 : Operation 64 [1/1] (0.00ns)   --->   "%store_ln441 = store i32 4294967295, i32 %p_ZZ15krnl_partialKnnILi6EEvRN4tapa10async_mmapI7ap_uintILi256EEEEiRNS0_7ostreamIN3hls4axisIS2_ILi32EELm0ELm0ELm0EEEEESC_E25local_kNearstId_partial_0_4_1" [/home/nehaprakriya/Documents/tapa/regression/knn/src/run_split_check/cpp/krnl_partialKnn_wrapper_6.cpp:441]   --->   Operation 64 'store' 'store_ln441' <Predicate = (!icmp_ln437 & trunc_ln441 == 4)> <Delay = 0.00>
ST_1 : Operation 65 [1/1] (0.00ns)   --->   "%store_ln442 = store i32 3.40282e+38, i32 %p_ZZ15krnl_partialKnnILi6EEvRN4tapa10async_mmapI7ap_uintILi256EEEEiRNS0_7ostreamIN3hls4axisIS2_ILi32EELm0ELm0ELm0EEEEESC_E27local_kNearstDist_partial_0_4_1" [/home/nehaprakriya/Documents/tapa/regression/knn/src/run_split_check/cpp/krnl_partialKnn_wrapper_6.cpp:442]   --->   Operation 65 'store' 'store_ln442' <Predicate = (!icmp_ln437 & trunc_ln441 == 4)> <Delay = 0.00>
ST_1 : Operation 66 [1/1] (0.00ns)   --->   "%store_ln441 = store i32 4294967295, i32 %p_ZZ15krnl_partialKnnILi6EEvRN4tapa10async_mmapI7ap_uintILi256EEEEiRNS0_7ostreamIN3hls4axisIS2_ILi32EELm0ELm0ELm0EEEEESC_E25local_kNearstId_partial_0_4_2" [/home/nehaprakriya/Documents/tapa/regression/knn/src/run_split_check/cpp/krnl_partialKnn_wrapper_6.cpp:441]   --->   Operation 66 'store' 'store_ln441' <Predicate = (!icmp_ln437 & trunc_ln441 == 4)> <Delay = 0.00>
ST_1 : Operation 67 [1/1] (0.00ns)   --->   "%store_ln442 = store i32 3.40282e+38, i32 %p_ZZ15krnl_partialKnnILi6EEvRN4tapa10async_mmapI7ap_uintILi256EEEEiRNS0_7ostreamIN3hls4axisIS2_ILi32EELm0ELm0ELm0EEEEESC_E27local_kNearstDist_partial_0_4_2" [/home/nehaprakriya/Documents/tapa/regression/knn/src/run_split_check/cpp/krnl_partialKnn_wrapper_6.cpp:442]   --->   Operation 67 'store' 'store_ln442' <Predicate = (!icmp_ln437 & trunc_ln441 == 4)> <Delay = 0.00>
ST_1 : Operation 68 [1/1] (0.00ns)   --->   "%store_ln441 = store i32 4294967295, i32 %p_ZZ15krnl_partialKnnILi6EEvRN4tapa10async_mmapI7ap_uintILi256EEEEiRNS0_7ostreamIN3hls4axisIS2_ILi32EELm0ELm0ELm0EEEEESC_E25local_kNearstId_partial_0_4_3" [/home/nehaprakriya/Documents/tapa/regression/knn/src/run_split_check/cpp/krnl_partialKnn_wrapper_6.cpp:441]   --->   Operation 68 'store' 'store_ln441' <Predicate = (!icmp_ln437 & trunc_ln441 == 4)> <Delay = 0.00>
ST_1 : Operation 69 [1/1] (0.00ns)   --->   "%store_ln442 = store i32 3.40282e+38, i32 %p_ZZ15krnl_partialKnnILi6EEvRN4tapa10async_mmapI7ap_uintILi256EEEEiRNS0_7ostreamIN3hls4axisIS2_ILi32EELm0ELm0ELm0EEEEESC_E27local_kNearstDist_partial_0_4_3" [/home/nehaprakriya/Documents/tapa/regression/knn/src/run_split_check/cpp/krnl_partialKnn_wrapper_6.cpp:442]   --->   Operation 69 'store' 'store_ln442' <Predicate = (!icmp_ln437 & trunc_ln441 == 4)> <Delay = 0.00>
ST_1 : Operation 70 [1/1] (0.00ns)   --->   "%store_ln441 = store i32 4294967295, i32 %p_ZZ15krnl_partialKnnILi6EEvRN4tapa10async_mmapI7ap_uintILi256EEEEiRNS0_7ostreamIN3hls4axisIS2_ILi32EELm0ELm0ELm0EEEEESC_E25local_kNearstId_partial_0_4_4" [/home/nehaprakriya/Documents/tapa/regression/knn/src/run_split_check/cpp/krnl_partialKnn_wrapper_6.cpp:441]   --->   Operation 70 'store' 'store_ln441' <Predicate = (!icmp_ln437 & trunc_ln441 == 4)> <Delay = 0.00>
ST_1 : Operation 71 [1/1] (0.00ns)   --->   "%store_ln442 = store i32 3.40282e+38, i32 %p_ZZ15krnl_partialKnnILi6EEvRN4tapa10async_mmapI7ap_uintILi256EEEEiRNS0_7ostreamIN3hls4axisIS2_ILi32EELm0ELm0ELm0EEEEESC_E27local_kNearstDist_partial_0_4_4" [/home/nehaprakriya/Documents/tapa/regression/knn/src/run_split_check/cpp/krnl_partialKnn_wrapper_6.cpp:442]   --->   Operation 71 'store' 'store_ln442' <Predicate = (!icmp_ln437 & trunc_ln441 == 4)> <Delay = 0.00>
ST_1 : Operation 72 [1/1] (0.00ns)   --->   "%store_ln441 = store i32 4294967295, i32 %p_ZZ15krnl_partialKnnILi6EEvRN4tapa10async_mmapI7ap_uintILi256EEEEiRNS0_7ostreamIN3hls4axisIS2_ILi32EELm0ELm0ELm0EEEEESC_E25local_kNearstId_partial_0_4_5" [/home/nehaprakriya/Documents/tapa/regression/knn/src/run_split_check/cpp/krnl_partialKnn_wrapper_6.cpp:441]   --->   Operation 72 'store' 'store_ln441' <Predicate = (!icmp_ln437 & trunc_ln441 == 4)> <Delay = 0.00>
ST_1 : Operation 73 [1/1] (0.00ns)   --->   "%store_ln442 = store i32 3.40282e+38, i32 %p_ZZ15krnl_partialKnnILi6EEvRN4tapa10async_mmapI7ap_uintILi256EEEEiRNS0_7ostreamIN3hls4axisIS2_ILi32EELm0ELm0ELm0EEEEESC_E27local_kNearstDist_partial_0_4_5" [/home/nehaprakriya/Documents/tapa/regression/knn/src/run_split_check/cpp/krnl_partialKnn_wrapper_6.cpp:442]   --->   Operation 73 'store' 'store_ln442' <Predicate = (!icmp_ln437 & trunc_ln441 == 4)> <Delay = 0.00>
ST_1 : Operation 74 [1/1] (0.00ns)   --->   "%store_ln441 = store i32 4294967295, i32 %p_ZZ15krnl_partialKnnILi6EEvRN4tapa10async_mmapI7ap_uintILi256EEEEiRNS0_7ostreamIN3hls4axisIS2_ILi32EELm0ELm0ELm0EEEEESC_E25local_kNearstId_partial_0_4_6" [/home/nehaprakriya/Documents/tapa/regression/knn/src/run_split_check/cpp/krnl_partialKnn_wrapper_6.cpp:441]   --->   Operation 74 'store' 'store_ln441' <Predicate = (!icmp_ln437 & trunc_ln441 == 4)> <Delay = 0.00>
ST_1 : Operation 75 [1/1] (0.00ns)   --->   "%store_ln442 = store i32 3.40282e+38, i32 %p_ZZ15krnl_partialKnnILi6EEvRN4tapa10async_mmapI7ap_uintILi256EEEEiRNS0_7ostreamIN3hls4axisIS2_ILi32EELm0ELm0ELm0EEEEESC_E27local_kNearstDist_partial_0_4_6" [/home/nehaprakriya/Documents/tapa/regression/knn/src/run_split_check/cpp/krnl_partialKnn_wrapper_6.cpp:442]   --->   Operation 75 'store' 'store_ln442' <Predicate = (!icmp_ln437 & trunc_ln441 == 4)> <Delay = 0.00>
ST_1 : Operation 76 [1/1] (0.00ns)   --->   "%store_ln441 = store i32 4294967295, i32 %p_ZZ15krnl_partialKnnILi6EEvRN4tapa10async_mmapI7ap_uintILi256EEEEiRNS0_7ostreamIN3hls4axisIS2_ILi32EELm0ELm0ELm0EEEEESC_E25local_kNearstId_partial_0_4_7" [/home/nehaprakriya/Documents/tapa/regression/knn/src/run_split_check/cpp/krnl_partialKnn_wrapper_6.cpp:441]   --->   Operation 76 'store' 'store_ln441' <Predicate = (!icmp_ln437 & trunc_ln441 == 4)> <Delay = 0.00>
ST_1 : Operation 77 [1/1] (0.00ns)   --->   "%store_ln442 = store i32 3.40282e+38, i32 %p_ZZ15krnl_partialKnnILi6EEvRN4tapa10async_mmapI7ap_uintILi256EEEEiRNS0_7ostreamIN3hls4axisIS2_ILi32EELm0ELm0ELm0EEEEESC_E27local_kNearstDist_partial_0_4_7" [/home/nehaprakriya/Documents/tapa/regression/knn/src/run_split_check/cpp/krnl_partialKnn_wrapper_6.cpp:442]   --->   Operation 77 'store' 'store_ln442' <Predicate = (!icmp_ln437 & trunc_ln441 == 4)> <Delay = 0.00>
ST_1 : Operation 78 [1/1] (0.00ns)   --->   "%store_ln441 = store i32 4294967295, i32 %p_ZZ15krnl_partialKnnILi6EEvRN4tapa10async_mmapI7ap_uintILi256EEEEiRNS0_7ostreamIN3hls4axisIS2_ILi32EELm0ELm0ELm0EEEEESC_E25local_kNearstId_partial_0_4_8" [/home/nehaprakriya/Documents/tapa/regression/knn/src/run_split_check/cpp/krnl_partialKnn_wrapper_6.cpp:441]   --->   Operation 78 'store' 'store_ln441' <Predicate = (!icmp_ln437 & trunc_ln441 == 4)> <Delay = 0.00>
ST_1 : Operation 79 [1/1] (0.00ns)   --->   "%store_ln442 = store i32 3.40282e+38, i32 %p_ZZ15krnl_partialKnnILi6EEvRN4tapa10async_mmapI7ap_uintILi256EEEEiRNS0_7ostreamIN3hls4axisIS2_ILi32EELm0ELm0ELm0EEEEESC_E27local_kNearstDist_partial_0_4_8" [/home/nehaprakriya/Documents/tapa/regression/knn/src/run_split_check/cpp/krnl_partialKnn_wrapper_6.cpp:442]   --->   Operation 79 'store' 'store_ln442' <Predicate = (!icmp_ln437 & trunc_ln441 == 4)> <Delay = 0.00>
ST_1 : Operation 80 [1/1] (0.00ns)   --->   "%store_ln441 = store i32 4294967295, i32 %p_ZZ15krnl_partialKnnILi6EEvRN4tapa10async_mmapI7ap_uintILi256EEEEiRNS0_7ostreamIN3hls4axisIS2_ILi32EELm0ELm0ELm0EEEEESC_E25local_kNearstId_partial_0_4_9" [/home/nehaprakriya/Documents/tapa/regression/knn/src/run_split_check/cpp/krnl_partialKnn_wrapper_6.cpp:441]   --->   Operation 80 'store' 'store_ln441' <Predicate = (!icmp_ln437 & trunc_ln441 == 4)> <Delay = 0.00>
ST_1 : Operation 81 [1/1] (0.00ns)   --->   "%store_ln442 = store i32 3.40282e+38, i32 %p_ZZ15krnl_partialKnnILi6EEvRN4tapa10async_mmapI7ap_uintILi256EEEEiRNS0_7ostreamIN3hls4axisIS2_ILi32EELm0ELm0ELm0EEEEESC_E27local_kNearstDist_partial_0_4_9" [/home/nehaprakriya/Documents/tapa/regression/knn/src/run_split_check/cpp/krnl_partialKnn_wrapper_6.cpp:442]   --->   Operation 81 'store' 'store_ln442' <Predicate = (!icmp_ln437 & trunc_ln441 == 4)> <Delay = 0.00>
ST_1 : Operation 82 [1/1] (0.00ns)   --->   "%store_ln441 = store i32 4294967295, i32 %p_ZZ15krnl_partialKnnILi6EEvRN4tapa10async_mmapI7ap_uintILi256EEEEiRNS0_7ostreamIN3hls4axisIS2_ILi32EELm0ELm0ELm0EEEEESC_E25local_kNearstId_partial_0_4_10" [/home/nehaprakriya/Documents/tapa/regression/knn/src/run_split_check/cpp/krnl_partialKnn_wrapper_6.cpp:441]   --->   Operation 82 'store' 'store_ln441' <Predicate = (!icmp_ln437 & trunc_ln441 == 4)> <Delay = 0.00>
ST_1 : Operation 83 [1/1] (0.00ns)   --->   "%store_ln442 = store i32 3.40282e+38, i32 %p_ZZ15krnl_partialKnnILi6EEvRN4tapa10async_mmapI7ap_uintILi256EEEEiRNS0_7ostreamIN3hls4axisIS2_ILi32EELm0ELm0ELm0EEEEESC_E27local_kNearstDist_partial_0_4_10" [/home/nehaprakriya/Documents/tapa/regression/knn/src/run_split_check/cpp/krnl_partialKnn_wrapper_6.cpp:442]   --->   Operation 83 'store' 'store_ln442' <Predicate = (!icmp_ln437 & trunc_ln441 == 4)> <Delay = 0.00>
ST_1 : Operation 84 [1/1] (0.00ns)   --->   "%br_ln442 = br void %arrayidx8054.i.10.exit" [/home/nehaprakriya/Documents/tapa/regression/knn/src/run_split_check/cpp/krnl_partialKnn_wrapper_6.cpp:442]   --->   Operation 84 'br' 'br_ln442' <Predicate = (!icmp_ln437 & trunc_ln441 == 4)> <Delay = 0.00>
ST_1 : Operation 85 [1/1] (0.00ns)   --->   "%store_ln441 = store i32 4294967295, i32 %p_ZZ15krnl_partialKnnILi6EEvRN4tapa10async_mmapI7ap_uintILi256EEEEiRNS0_7ostreamIN3hls4axisIS2_ILi32EELm0ELm0ELm0EEEEESC_E25local_kNearstId_partial_0_3_0" [/home/nehaprakriya/Documents/tapa/regression/knn/src/run_split_check/cpp/krnl_partialKnn_wrapper_6.cpp:441]   --->   Operation 85 'store' 'store_ln441' <Predicate = (!icmp_ln437 & trunc_ln441 == 3)> <Delay = 0.00>
ST_1 : Operation 86 [1/1] (0.00ns)   --->   "%store_ln442 = store i32 3.40282e+38, i32 %p_ZZ15krnl_partialKnnILi6EEvRN4tapa10async_mmapI7ap_uintILi256EEEEiRNS0_7ostreamIN3hls4axisIS2_ILi32EELm0ELm0ELm0EEEEESC_E27local_kNearstDist_partial_0_3_0" [/home/nehaprakriya/Documents/tapa/regression/knn/src/run_split_check/cpp/krnl_partialKnn_wrapper_6.cpp:442]   --->   Operation 86 'store' 'store_ln442' <Predicate = (!icmp_ln437 & trunc_ln441 == 3)> <Delay = 0.00>
ST_1 : Operation 87 [1/1] (0.00ns)   --->   "%store_ln441 = store i32 4294967295, i32 %p_ZZ15krnl_partialKnnILi6EEvRN4tapa10async_mmapI7ap_uintILi256EEEEiRNS0_7ostreamIN3hls4axisIS2_ILi32EELm0ELm0ELm0EEEEESC_E25local_kNearstId_partial_0_3_1" [/home/nehaprakriya/Documents/tapa/regression/knn/src/run_split_check/cpp/krnl_partialKnn_wrapper_6.cpp:441]   --->   Operation 87 'store' 'store_ln441' <Predicate = (!icmp_ln437 & trunc_ln441 == 3)> <Delay = 0.00>
ST_1 : Operation 88 [1/1] (0.00ns)   --->   "%store_ln442 = store i32 3.40282e+38, i32 %p_ZZ15krnl_partialKnnILi6EEvRN4tapa10async_mmapI7ap_uintILi256EEEEiRNS0_7ostreamIN3hls4axisIS2_ILi32EELm0ELm0ELm0EEEEESC_E27local_kNearstDist_partial_0_3_1" [/home/nehaprakriya/Documents/tapa/regression/knn/src/run_split_check/cpp/krnl_partialKnn_wrapper_6.cpp:442]   --->   Operation 88 'store' 'store_ln442' <Predicate = (!icmp_ln437 & trunc_ln441 == 3)> <Delay = 0.00>
ST_1 : Operation 89 [1/1] (0.00ns)   --->   "%store_ln441 = store i32 4294967295, i32 %p_ZZ15krnl_partialKnnILi6EEvRN4tapa10async_mmapI7ap_uintILi256EEEEiRNS0_7ostreamIN3hls4axisIS2_ILi32EELm0ELm0ELm0EEEEESC_E25local_kNearstId_partial_0_3_2" [/home/nehaprakriya/Documents/tapa/regression/knn/src/run_split_check/cpp/krnl_partialKnn_wrapper_6.cpp:441]   --->   Operation 89 'store' 'store_ln441' <Predicate = (!icmp_ln437 & trunc_ln441 == 3)> <Delay = 0.00>
ST_1 : Operation 90 [1/1] (0.00ns)   --->   "%store_ln442 = store i32 3.40282e+38, i32 %p_ZZ15krnl_partialKnnILi6EEvRN4tapa10async_mmapI7ap_uintILi256EEEEiRNS0_7ostreamIN3hls4axisIS2_ILi32EELm0ELm0ELm0EEEEESC_E27local_kNearstDist_partial_0_3_2" [/home/nehaprakriya/Documents/tapa/regression/knn/src/run_split_check/cpp/krnl_partialKnn_wrapper_6.cpp:442]   --->   Operation 90 'store' 'store_ln442' <Predicate = (!icmp_ln437 & trunc_ln441 == 3)> <Delay = 0.00>
ST_1 : Operation 91 [1/1] (0.00ns)   --->   "%store_ln441 = store i32 4294967295, i32 %p_ZZ15krnl_partialKnnILi6EEvRN4tapa10async_mmapI7ap_uintILi256EEEEiRNS0_7ostreamIN3hls4axisIS2_ILi32EELm0ELm0ELm0EEEEESC_E25local_kNearstId_partial_0_3_3" [/home/nehaprakriya/Documents/tapa/regression/knn/src/run_split_check/cpp/krnl_partialKnn_wrapper_6.cpp:441]   --->   Operation 91 'store' 'store_ln441' <Predicate = (!icmp_ln437 & trunc_ln441 == 3)> <Delay = 0.00>
ST_1 : Operation 92 [1/1] (0.00ns)   --->   "%store_ln442 = store i32 3.40282e+38, i32 %p_ZZ15krnl_partialKnnILi6EEvRN4tapa10async_mmapI7ap_uintILi256EEEEiRNS0_7ostreamIN3hls4axisIS2_ILi32EELm0ELm0ELm0EEEEESC_E27local_kNearstDist_partial_0_3_3" [/home/nehaprakriya/Documents/tapa/regression/knn/src/run_split_check/cpp/krnl_partialKnn_wrapper_6.cpp:442]   --->   Operation 92 'store' 'store_ln442' <Predicate = (!icmp_ln437 & trunc_ln441 == 3)> <Delay = 0.00>
ST_1 : Operation 93 [1/1] (0.00ns)   --->   "%store_ln441 = store i32 4294967295, i32 %p_ZZ15krnl_partialKnnILi6EEvRN4tapa10async_mmapI7ap_uintILi256EEEEiRNS0_7ostreamIN3hls4axisIS2_ILi32EELm0ELm0ELm0EEEEESC_E25local_kNearstId_partial_0_3_4" [/home/nehaprakriya/Documents/tapa/regression/knn/src/run_split_check/cpp/krnl_partialKnn_wrapper_6.cpp:441]   --->   Operation 93 'store' 'store_ln441' <Predicate = (!icmp_ln437 & trunc_ln441 == 3)> <Delay = 0.00>
ST_1 : Operation 94 [1/1] (0.00ns)   --->   "%store_ln442 = store i32 3.40282e+38, i32 %p_ZZ15krnl_partialKnnILi6EEvRN4tapa10async_mmapI7ap_uintILi256EEEEiRNS0_7ostreamIN3hls4axisIS2_ILi32EELm0ELm0ELm0EEEEESC_E27local_kNearstDist_partial_0_3_4" [/home/nehaprakriya/Documents/tapa/regression/knn/src/run_split_check/cpp/krnl_partialKnn_wrapper_6.cpp:442]   --->   Operation 94 'store' 'store_ln442' <Predicate = (!icmp_ln437 & trunc_ln441 == 3)> <Delay = 0.00>
ST_1 : Operation 95 [1/1] (0.00ns)   --->   "%store_ln441 = store i32 4294967295, i32 %p_ZZ15krnl_partialKnnILi6EEvRN4tapa10async_mmapI7ap_uintILi256EEEEiRNS0_7ostreamIN3hls4axisIS2_ILi32EELm0ELm0ELm0EEEEESC_E25local_kNearstId_partial_0_3_5" [/home/nehaprakriya/Documents/tapa/regression/knn/src/run_split_check/cpp/krnl_partialKnn_wrapper_6.cpp:441]   --->   Operation 95 'store' 'store_ln441' <Predicate = (!icmp_ln437 & trunc_ln441 == 3)> <Delay = 0.00>
ST_1 : Operation 96 [1/1] (0.00ns)   --->   "%store_ln442 = store i32 3.40282e+38, i32 %p_ZZ15krnl_partialKnnILi6EEvRN4tapa10async_mmapI7ap_uintILi256EEEEiRNS0_7ostreamIN3hls4axisIS2_ILi32EELm0ELm0ELm0EEEEESC_E27local_kNearstDist_partial_0_3_5" [/home/nehaprakriya/Documents/tapa/regression/knn/src/run_split_check/cpp/krnl_partialKnn_wrapper_6.cpp:442]   --->   Operation 96 'store' 'store_ln442' <Predicate = (!icmp_ln437 & trunc_ln441 == 3)> <Delay = 0.00>
ST_1 : Operation 97 [1/1] (0.00ns)   --->   "%store_ln441 = store i32 4294967295, i32 %p_ZZ15krnl_partialKnnILi6EEvRN4tapa10async_mmapI7ap_uintILi256EEEEiRNS0_7ostreamIN3hls4axisIS2_ILi32EELm0ELm0ELm0EEEEESC_E25local_kNearstId_partial_0_3_6" [/home/nehaprakriya/Documents/tapa/regression/knn/src/run_split_check/cpp/krnl_partialKnn_wrapper_6.cpp:441]   --->   Operation 97 'store' 'store_ln441' <Predicate = (!icmp_ln437 & trunc_ln441 == 3)> <Delay = 0.00>
ST_1 : Operation 98 [1/1] (0.00ns)   --->   "%store_ln442 = store i32 3.40282e+38, i32 %p_ZZ15krnl_partialKnnILi6EEvRN4tapa10async_mmapI7ap_uintILi256EEEEiRNS0_7ostreamIN3hls4axisIS2_ILi32EELm0ELm0ELm0EEEEESC_E27local_kNearstDist_partial_0_3_6" [/home/nehaprakriya/Documents/tapa/regression/knn/src/run_split_check/cpp/krnl_partialKnn_wrapper_6.cpp:442]   --->   Operation 98 'store' 'store_ln442' <Predicate = (!icmp_ln437 & trunc_ln441 == 3)> <Delay = 0.00>
ST_1 : Operation 99 [1/1] (0.00ns)   --->   "%store_ln441 = store i32 4294967295, i32 %p_ZZ15krnl_partialKnnILi6EEvRN4tapa10async_mmapI7ap_uintILi256EEEEiRNS0_7ostreamIN3hls4axisIS2_ILi32EELm0ELm0ELm0EEEEESC_E25local_kNearstId_partial_0_3_7" [/home/nehaprakriya/Documents/tapa/regression/knn/src/run_split_check/cpp/krnl_partialKnn_wrapper_6.cpp:441]   --->   Operation 99 'store' 'store_ln441' <Predicate = (!icmp_ln437 & trunc_ln441 == 3)> <Delay = 0.00>
ST_1 : Operation 100 [1/1] (0.00ns)   --->   "%store_ln442 = store i32 3.40282e+38, i32 %p_ZZ15krnl_partialKnnILi6EEvRN4tapa10async_mmapI7ap_uintILi256EEEEiRNS0_7ostreamIN3hls4axisIS2_ILi32EELm0ELm0ELm0EEEEESC_E27local_kNearstDist_partial_0_3_7" [/home/nehaprakriya/Documents/tapa/regression/knn/src/run_split_check/cpp/krnl_partialKnn_wrapper_6.cpp:442]   --->   Operation 100 'store' 'store_ln442' <Predicate = (!icmp_ln437 & trunc_ln441 == 3)> <Delay = 0.00>
ST_1 : Operation 101 [1/1] (0.00ns)   --->   "%store_ln441 = store i32 4294967295, i32 %p_ZZ15krnl_partialKnnILi6EEvRN4tapa10async_mmapI7ap_uintILi256EEEEiRNS0_7ostreamIN3hls4axisIS2_ILi32EELm0ELm0ELm0EEEEESC_E25local_kNearstId_partial_0_3_8" [/home/nehaprakriya/Documents/tapa/regression/knn/src/run_split_check/cpp/krnl_partialKnn_wrapper_6.cpp:441]   --->   Operation 101 'store' 'store_ln441' <Predicate = (!icmp_ln437 & trunc_ln441 == 3)> <Delay = 0.00>
ST_1 : Operation 102 [1/1] (0.00ns)   --->   "%store_ln442 = store i32 3.40282e+38, i32 %p_ZZ15krnl_partialKnnILi6EEvRN4tapa10async_mmapI7ap_uintILi256EEEEiRNS0_7ostreamIN3hls4axisIS2_ILi32EELm0ELm0ELm0EEEEESC_E27local_kNearstDist_partial_0_3_8" [/home/nehaprakriya/Documents/tapa/regression/knn/src/run_split_check/cpp/krnl_partialKnn_wrapper_6.cpp:442]   --->   Operation 102 'store' 'store_ln442' <Predicate = (!icmp_ln437 & trunc_ln441 == 3)> <Delay = 0.00>
ST_1 : Operation 103 [1/1] (0.00ns)   --->   "%store_ln441 = store i32 4294967295, i32 %p_ZZ15krnl_partialKnnILi6EEvRN4tapa10async_mmapI7ap_uintILi256EEEEiRNS0_7ostreamIN3hls4axisIS2_ILi32EELm0ELm0ELm0EEEEESC_E25local_kNearstId_partial_0_3_9" [/home/nehaprakriya/Documents/tapa/regression/knn/src/run_split_check/cpp/krnl_partialKnn_wrapper_6.cpp:441]   --->   Operation 103 'store' 'store_ln441' <Predicate = (!icmp_ln437 & trunc_ln441 == 3)> <Delay = 0.00>
ST_1 : Operation 104 [1/1] (0.00ns)   --->   "%store_ln442 = store i32 3.40282e+38, i32 %p_ZZ15krnl_partialKnnILi6EEvRN4tapa10async_mmapI7ap_uintILi256EEEEiRNS0_7ostreamIN3hls4axisIS2_ILi32EELm0ELm0ELm0EEEEESC_E27local_kNearstDist_partial_0_3_9" [/home/nehaprakriya/Documents/tapa/regression/knn/src/run_split_check/cpp/krnl_partialKnn_wrapper_6.cpp:442]   --->   Operation 104 'store' 'store_ln442' <Predicate = (!icmp_ln437 & trunc_ln441 == 3)> <Delay = 0.00>
ST_1 : Operation 105 [1/1] (0.00ns)   --->   "%store_ln441 = store i32 4294967295, i32 %p_ZZ15krnl_partialKnnILi6EEvRN4tapa10async_mmapI7ap_uintILi256EEEEiRNS0_7ostreamIN3hls4axisIS2_ILi32EELm0ELm0ELm0EEEEESC_E25local_kNearstId_partial_0_3_10" [/home/nehaprakriya/Documents/tapa/regression/knn/src/run_split_check/cpp/krnl_partialKnn_wrapper_6.cpp:441]   --->   Operation 105 'store' 'store_ln441' <Predicate = (!icmp_ln437 & trunc_ln441 == 3)> <Delay = 0.00>
ST_1 : Operation 106 [1/1] (0.00ns)   --->   "%store_ln442 = store i32 3.40282e+38, i32 %p_ZZ15krnl_partialKnnILi6EEvRN4tapa10async_mmapI7ap_uintILi256EEEEiRNS0_7ostreamIN3hls4axisIS2_ILi32EELm0ELm0ELm0EEEEESC_E27local_kNearstDist_partial_0_3_10" [/home/nehaprakriya/Documents/tapa/regression/knn/src/run_split_check/cpp/krnl_partialKnn_wrapper_6.cpp:442]   --->   Operation 106 'store' 'store_ln442' <Predicate = (!icmp_ln437 & trunc_ln441 == 3)> <Delay = 0.00>
ST_1 : Operation 107 [1/1] (0.00ns)   --->   "%br_ln442 = br void %arrayidx8054.i.10.exit" [/home/nehaprakriya/Documents/tapa/regression/knn/src/run_split_check/cpp/krnl_partialKnn_wrapper_6.cpp:442]   --->   Operation 107 'br' 'br_ln442' <Predicate = (!icmp_ln437 & trunc_ln441 == 3)> <Delay = 0.00>
ST_1 : Operation 108 [1/1] (0.00ns)   --->   "%store_ln441 = store i32 4294967295, i32 %p_ZZ15krnl_partialKnnILi6EEvRN4tapa10async_mmapI7ap_uintILi256EEEEiRNS0_7ostreamIN3hls4axisIS2_ILi32EELm0ELm0ELm0EEEEESC_E25local_kNearstId_partial_0_2_0" [/home/nehaprakriya/Documents/tapa/regression/knn/src/run_split_check/cpp/krnl_partialKnn_wrapper_6.cpp:441]   --->   Operation 108 'store' 'store_ln441' <Predicate = (!icmp_ln437 & trunc_ln441 == 2)> <Delay = 0.00>
ST_1 : Operation 109 [1/1] (0.00ns)   --->   "%store_ln442 = store i32 3.40282e+38, i32 %p_ZZ15krnl_partialKnnILi6EEvRN4tapa10async_mmapI7ap_uintILi256EEEEiRNS0_7ostreamIN3hls4axisIS2_ILi32EELm0ELm0ELm0EEEEESC_E27local_kNearstDist_partial_0_2_0" [/home/nehaprakriya/Documents/tapa/regression/knn/src/run_split_check/cpp/krnl_partialKnn_wrapper_6.cpp:442]   --->   Operation 109 'store' 'store_ln442' <Predicate = (!icmp_ln437 & trunc_ln441 == 2)> <Delay = 0.00>
ST_1 : Operation 110 [1/1] (0.00ns)   --->   "%store_ln441 = store i32 4294967295, i32 %p_ZZ15krnl_partialKnnILi6EEvRN4tapa10async_mmapI7ap_uintILi256EEEEiRNS0_7ostreamIN3hls4axisIS2_ILi32EELm0ELm0ELm0EEEEESC_E25local_kNearstId_partial_0_2_1" [/home/nehaprakriya/Documents/tapa/regression/knn/src/run_split_check/cpp/krnl_partialKnn_wrapper_6.cpp:441]   --->   Operation 110 'store' 'store_ln441' <Predicate = (!icmp_ln437 & trunc_ln441 == 2)> <Delay = 0.00>
ST_1 : Operation 111 [1/1] (0.00ns)   --->   "%store_ln442 = store i32 3.40282e+38, i32 %p_ZZ15krnl_partialKnnILi6EEvRN4tapa10async_mmapI7ap_uintILi256EEEEiRNS0_7ostreamIN3hls4axisIS2_ILi32EELm0ELm0ELm0EEEEESC_E27local_kNearstDist_partial_0_2_1" [/home/nehaprakriya/Documents/tapa/regression/knn/src/run_split_check/cpp/krnl_partialKnn_wrapper_6.cpp:442]   --->   Operation 111 'store' 'store_ln442' <Predicate = (!icmp_ln437 & trunc_ln441 == 2)> <Delay = 0.00>
ST_1 : Operation 112 [1/1] (0.00ns)   --->   "%store_ln441 = store i32 4294967295, i32 %p_ZZ15krnl_partialKnnILi6EEvRN4tapa10async_mmapI7ap_uintILi256EEEEiRNS0_7ostreamIN3hls4axisIS2_ILi32EELm0ELm0ELm0EEEEESC_E25local_kNearstId_partial_0_2_2" [/home/nehaprakriya/Documents/tapa/regression/knn/src/run_split_check/cpp/krnl_partialKnn_wrapper_6.cpp:441]   --->   Operation 112 'store' 'store_ln441' <Predicate = (!icmp_ln437 & trunc_ln441 == 2)> <Delay = 0.00>
ST_1 : Operation 113 [1/1] (0.00ns)   --->   "%store_ln442 = store i32 3.40282e+38, i32 %p_ZZ15krnl_partialKnnILi6EEvRN4tapa10async_mmapI7ap_uintILi256EEEEiRNS0_7ostreamIN3hls4axisIS2_ILi32EELm0ELm0ELm0EEEEESC_E27local_kNearstDist_partial_0_2_2" [/home/nehaprakriya/Documents/tapa/regression/knn/src/run_split_check/cpp/krnl_partialKnn_wrapper_6.cpp:442]   --->   Operation 113 'store' 'store_ln442' <Predicate = (!icmp_ln437 & trunc_ln441 == 2)> <Delay = 0.00>
ST_1 : Operation 114 [1/1] (0.00ns)   --->   "%store_ln441 = store i32 4294967295, i32 %p_ZZ15krnl_partialKnnILi6EEvRN4tapa10async_mmapI7ap_uintILi256EEEEiRNS0_7ostreamIN3hls4axisIS2_ILi32EELm0ELm0ELm0EEEEESC_E25local_kNearstId_partial_0_2_3" [/home/nehaprakriya/Documents/tapa/regression/knn/src/run_split_check/cpp/krnl_partialKnn_wrapper_6.cpp:441]   --->   Operation 114 'store' 'store_ln441' <Predicate = (!icmp_ln437 & trunc_ln441 == 2)> <Delay = 0.00>
ST_1 : Operation 115 [1/1] (0.00ns)   --->   "%store_ln442 = store i32 3.40282e+38, i32 %p_ZZ15krnl_partialKnnILi6EEvRN4tapa10async_mmapI7ap_uintILi256EEEEiRNS0_7ostreamIN3hls4axisIS2_ILi32EELm0ELm0ELm0EEEEESC_E27local_kNearstDist_partial_0_2_3" [/home/nehaprakriya/Documents/tapa/regression/knn/src/run_split_check/cpp/krnl_partialKnn_wrapper_6.cpp:442]   --->   Operation 115 'store' 'store_ln442' <Predicate = (!icmp_ln437 & trunc_ln441 == 2)> <Delay = 0.00>
ST_1 : Operation 116 [1/1] (0.00ns)   --->   "%store_ln441 = store i32 4294967295, i32 %p_ZZ15krnl_partialKnnILi6EEvRN4tapa10async_mmapI7ap_uintILi256EEEEiRNS0_7ostreamIN3hls4axisIS2_ILi32EELm0ELm0ELm0EEEEESC_E25local_kNearstId_partial_0_2_4" [/home/nehaprakriya/Documents/tapa/regression/knn/src/run_split_check/cpp/krnl_partialKnn_wrapper_6.cpp:441]   --->   Operation 116 'store' 'store_ln441' <Predicate = (!icmp_ln437 & trunc_ln441 == 2)> <Delay = 0.00>
ST_1 : Operation 117 [1/1] (0.00ns)   --->   "%store_ln442 = store i32 3.40282e+38, i32 %p_ZZ15krnl_partialKnnILi6EEvRN4tapa10async_mmapI7ap_uintILi256EEEEiRNS0_7ostreamIN3hls4axisIS2_ILi32EELm0ELm0ELm0EEEEESC_E27local_kNearstDist_partial_0_2_4" [/home/nehaprakriya/Documents/tapa/regression/knn/src/run_split_check/cpp/krnl_partialKnn_wrapper_6.cpp:442]   --->   Operation 117 'store' 'store_ln442' <Predicate = (!icmp_ln437 & trunc_ln441 == 2)> <Delay = 0.00>
ST_1 : Operation 118 [1/1] (0.00ns)   --->   "%store_ln441 = store i32 4294967295, i32 %p_ZZ15krnl_partialKnnILi6EEvRN4tapa10async_mmapI7ap_uintILi256EEEEiRNS0_7ostreamIN3hls4axisIS2_ILi32EELm0ELm0ELm0EEEEESC_E25local_kNearstId_partial_0_2_5" [/home/nehaprakriya/Documents/tapa/regression/knn/src/run_split_check/cpp/krnl_partialKnn_wrapper_6.cpp:441]   --->   Operation 118 'store' 'store_ln441' <Predicate = (!icmp_ln437 & trunc_ln441 == 2)> <Delay = 0.00>
ST_1 : Operation 119 [1/1] (0.00ns)   --->   "%store_ln442 = store i32 3.40282e+38, i32 %p_ZZ15krnl_partialKnnILi6EEvRN4tapa10async_mmapI7ap_uintILi256EEEEiRNS0_7ostreamIN3hls4axisIS2_ILi32EELm0ELm0ELm0EEEEESC_E27local_kNearstDist_partial_0_2_5" [/home/nehaprakriya/Documents/tapa/regression/knn/src/run_split_check/cpp/krnl_partialKnn_wrapper_6.cpp:442]   --->   Operation 119 'store' 'store_ln442' <Predicate = (!icmp_ln437 & trunc_ln441 == 2)> <Delay = 0.00>
ST_1 : Operation 120 [1/1] (0.00ns)   --->   "%store_ln441 = store i32 4294967295, i32 %p_ZZ15krnl_partialKnnILi6EEvRN4tapa10async_mmapI7ap_uintILi256EEEEiRNS0_7ostreamIN3hls4axisIS2_ILi32EELm0ELm0ELm0EEEEESC_E25local_kNearstId_partial_0_2_6" [/home/nehaprakriya/Documents/tapa/regression/knn/src/run_split_check/cpp/krnl_partialKnn_wrapper_6.cpp:441]   --->   Operation 120 'store' 'store_ln441' <Predicate = (!icmp_ln437 & trunc_ln441 == 2)> <Delay = 0.00>
ST_1 : Operation 121 [1/1] (0.00ns)   --->   "%store_ln442 = store i32 3.40282e+38, i32 %p_ZZ15krnl_partialKnnILi6EEvRN4tapa10async_mmapI7ap_uintILi256EEEEiRNS0_7ostreamIN3hls4axisIS2_ILi32EELm0ELm0ELm0EEEEESC_E27local_kNearstDist_partial_0_2_6" [/home/nehaprakriya/Documents/tapa/regression/knn/src/run_split_check/cpp/krnl_partialKnn_wrapper_6.cpp:442]   --->   Operation 121 'store' 'store_ln442' <Predicate = (!icmp_ln437 & trunc_ln441 == 2)> <Delay = 0.00>
ST_1 : Operation 122 [1/1] (0.00ns)   --->   "%store_ln441 = store i32 4294967295, i32 %p_ZZ15krnl_partialKnnILi6EEvRN4tapa10async_mmapI7ap_uintILi256EEEEiRNS0_7ostreamIN3hls4axisIS2_ILi32EELm0ELm0ELm0EEEEESC_E25local_kNearstId_partial_0_2_7" [/home/nehaprakriya/Documents/tapa/regression/knn/src/run_split_check/cpp/krnl_partialKnn_wrapper_6.cpp:441]   --->   Operation 122 'store' 'store_ln441' <Predicate = (!icmp_ln437 & trunc_ln441 == 2)> <Delay = 0.00>
ST_1 : Operation 123 [1/1] (0.00ns)   --->   "%store_ln442 = store i32 3.40282e+38, i32 %p_ZZ15krnl_partialKnnILi6EEvRN4tapa10async_mmapI7ap_uintILi256EEEEiRNS0_7ostreamIN3hls4axisIS2_ILi32EELm0ELm0ELm0EEEEESC_E27local_kNearstDist_partial_0_2_7" [/home/nehaprakriya/Documents/tapa/regression/knn/src/run_split_check/cpp/krnl_partialKnn_wrapper_6.cpp:442]   --->   Operation 123 'store' 'store_ln442' <Predicate = (!icmp_ln437 & trunc_ln441 == 2)> <Delay = 0.00>
ST_1 : Operation 124 [1/1] (0.00ns)   --->   "%store_ln441 = store i32 4294967295, i32 %p_ZZ15krnl_partialKnnILi6EEvRN4tapa10async_mmapI7ap_uintILi256EEEEiRNS0_7ostreamIN3hls4axisIS2_ILi32EELm0ELm0ELm0EEEEESC_E25local_kNearstId_partial_0_2_8" [/home/nehaprakriya/Documents/tapa/regression/knn/src/run_split_check/cpp/krnl_partialKnn_wrapper_6.cpp:441]   --->   Operation 124 'store' 'store_ln441' <Predicate = (!icmp_ln437 & trunc_ln441 == 2)> <Delay = 0.00>
ST_1 : Operation 125 [1/1] (0.00ns)   --->   "%store_ln442 = store i32 3.40282e+38, i32 %p_ZZ15krnl_partialKnnILi6EEvRN4tapa10async_mmapI7ap_uintILi256EEEEiRNS0_7ostreamIN3hls4axisIS2_ILi32EELm0ELm0ELm0EEEEESC_E27local_kNearstDist_partial_0_2_8" [/home/nehaprakriya/Documents/tapa/regression/knn/src/run_split_check/cpp/krnl_partialKnn_wrapper_6.cpp:442]   --->   Operation 125 'store' 'store_ln442' <Predicate = (!icmp_ln437 & trunc_ln441 == 2)> <Delay = 0.00>
ST_1 : Operation 126 [1/1] (0.00ns)   --->   "%store_ln441 = store i32 4294967295, i32 %p_ZZ15krnl_partialKnnILi6EEvRN4tapa10async_mmapI7ap_uintILi256EEEEiRNS0_7ostreamIN3hls4axisIS2_ILi32EELm0ELm0ELm0EEEEESC_E25local_kNearstId_partial_0_2_9" [/home/nehaprakriya/Documents/tapa/regression/knn/src/run_split_check/cpp/krnl_partialKnn_wrapper_6.cpp:441]   --->   Operation 126 'store' 'store_ln441' <Predicate = (!icmp_ln437 & trunc_ln441 == 2)> <Delay = 0.00>
ST_1 : Operation 127 [1/1] (0.00ns)   --->   "%store_ln442 = store i32 3.40282e+38, i32 %p_ZZ15krnl_partialKnnILi6EEvRN4tapa10async_mmapI7ap_uintILi256EEEEiRNS0_7ostreamIN3hls4axisIS2_ILi32EELm0ELm0ELm0EEEEESC_E27local_kNearstDist_partial_0_2_9" [/home/nehaprakriya/Documents/tapa/regression/knn/src/run_split_check/cpp/krnl_partialKnn_wrapper_6.cpp:442]   --->   Operation 127 'store' 'store_ln442' <Predicate = (!icmp_ln437 & trunc_ln441 == 2)> <Delay = 0.00>
ST_1 : Operation 128 [1/1] (0.00ns)   --->   "%store_ln441 = store i32 4294967295, i32 %p_ZZ15krnl_partialKnnILi6EEvRN4tapa10async_mmapI7ap_uintILi256EEEEiRNS0_7ostreamIN3hls4axisIS2_ILi32EELm0ELm0ELm0EEEEESC_E25local_kNearstId_partial_0_2_10" [/home/nehaprakriya/Documents/tapa/regression/knn/src/run_split_check/cpp/krnl_partialKnn_wrapper_6.cpp:441]   --->   Operation 128 'store' 'store_ln441' <Predicate = (!icmp_ln437 & trunc_ln441 == 2)> <Delay = 0.00>
ST_1 : Operation 129 [1/1] (0.00ns)   --->   "%store_ln442 = store i32 3.40282e+38, i32 %p_ZZ15krnl_partialKnnILi6EEvRN4tapa10async_mmapI7ap_uintILi256EEEEiRNS0_7ostreamIN3hls4axisIS2_ILi32EELm0ELm0ELm0EEEEESC_E27local_kNearstDist_partial_0_2_10" [/home/nehaprakriya/Documents/tapa/regression/knn/src/run_split_check/cpp/krnl_partialKnn_wrapper_6.cpp:442]   --->   Operation 129 'store' 'store_ln442' <Predicate = (!icmp_ln437 & trunc_ln441 == 2)> <Delay = 0.00>
ST_1 : Operation 130 [1/1] (0.00ns)   --->   "%br_ln442 = br void %arrayidx8054.i.10.exit" [/home/nehaprakriya/Documents/tapa/regression/knn/src/run_split_check/cpp/krnl_partialKnn_wrapper_6.cpp:442]   --->   Operation 130 'br' 'br_ln442' <Predicate = (!icmp_ln437 & trunc_ln441 == 2)> <Delay = 0.00>
ST_1 : Operation 131 [1/1] (0.00ns)   --->   "%store_ln441 = store i32 4294967295, i32 %p_ZZ15krnl_partialKnnILi6EEvRN4tapa10async_mmapI7ap_uintILi256EEEEiRNS0_7ostreamIN3hls4axisIS2_ILi32EELm0ELm0ELm0EEEEESC_E25local_kNearstId_partial_0_1_0" [/home/nehaprakriya/Documents/tapa/regression/knn/src/run_split_check/cpp/krnl_partialKnn_wrapper_6.cpp:441]   --->   Operation 131 'store' 'store_ln441' <Predicate = (!icmp_ln437 & trunc_ln441 == 1)> <Delay = 0.00>
ST_1 : Operation 132 [1/1] (0.00ns)   --->   "%store_ln442 = store i32 3.40282e+38, i32 %p_ZZ15krnl_partialKnnILi6EEvRN4tapa10async_mmapI7ap_uintILi256EEEEiRNS0_7ostreamIN3hls4axisIS2_ILi32EELm0ELm0ELm0EEEEESC_E27local_kNearstDist_partial_0_1_0" [/home/nehaprakriya/Documents/tapa/regression/knn/src/run_split_check/cpp/krnl_partialKnn_wrapper_6.cpp:442]   --->   Operation 132 'store' 'store_ln442' <Predicate = (!icmp_ln437 & trunc_ln441 == 1)> <Delay = 0.00>
ST_1 : Operation 133 [1/1] (0.00ns)   --->   "%store_ln441 = store i32 4294967295, i32 %p_ZZ15krnl_partialKnnILi6EEvRN4tapa10async_mmapI7ap_uintILi256EEEEiRNS0_7ostreamIN3hls4axisIS2_ILi32EELm0ELm0ELm0EEEEESC_E25local_kNearstId_partial_0_1_1" [/home/nehaprakriya/Documents/tapa/regression/knn/src/run_split_check/cpp/krnl_partialKnn_wrapper_6.cpp:441]   --->   Operation 133 'store' 'store_ln441' <Predicate = (!icmp_ln437 & trunc_ln441 == 1)> <Delay = 0.00>
ST_1 : Operation 134 [1/1] (0.00ns)   --->   "%store_ln442 = store i32 3.40282e+38, i32 %p_ZZ15krnl_partialKnnILi6EEvRN4tapa10async_mmapI7ap_uintILi256EEEEiRNS0_7ostreamIN3hls4axisIS2_ILi32EELm0ELm0ELm0EEEEESC_E27local_kNearstDist_partial_0_1_1" [/home/nehaprakriya/Documents/tapa/regression/knn/src/run_split_check/cpp/krnl_partialKnn_wrapper_6.cpp:442]   --->   Operation 134 'store' 'store_ln442' <Predicate = (!icmp_ln437 & trunc_ln441 == 1)> <Delay = 0.00>
ST_1 : Operation 135 [1/1] (0.00ns)   --->   "%store_ln441 = store i32 4294967295, i32 %p_ZZ15krnl_partialKnnILi6EEvRN4tapa10async_mmapI7ap_uintILi256EEEEiRNS0_7ostreamIN3hls4axisIS2_ILi32EELm0ELm0ELm0EEEEESC_E25local_kNearstId_partial_0_1_2" [/home/nehaprakriya/Documents/tapa/regression/knn/src/run_split_check/cpp/krnl_partialKnn_wrapper_6.cpp:441]   --->   Operation 135 'store' 'store_ln441' <Predicate = (!icmp_ln437 & trunc_ln441 == 1)> <Delay = 0.00>
ST_1 : Operation 136 [1/1] (0.00ns)   --->   "%store_ln442 = store i32 3.40282e+38, i32 %p_ZZ15krnl_partialKnnILi6EEvRN4tapa10async_mmapI7ap_uintILi256EEEEiRNS0_7ostreamIN3hls4axisIS2_ILi32EELm0ELm0ELm0EEEEESC_E27local_kNearstDist_partial_0_1_2" [/home/nehaprakriya/Documents/tapa/regression/knn/src/run_split_check/cpp/krnl_partialKnn_wrapper_6.cpp:442]   --->   Operation 136 'store' 'store_ln442' <Predicate = (!icmp_ln437 & trunc_ln441 == 1)> <Delay = 0.00>
ST_1 : Operation 137 [1/1] (0.00ns)   --->   "%store_ln441 = store i32 4294967295, i32 %p_ZZ15krnl_partialKnnILi6EEvRN4tapa10async_mmapI7ap_uintILi256EEEEiRNS0_7ostreamIN3hls4axisIS2_ILi32EELm0ELm0ELm0EEEEESC_E25local_kNearstId_partial_0_1_3" [/home/nehaprakriya/Documents/tapa/regression/knn/src/run_split_check/cpp/krnl_partialKnn_wrapper_6.cpp:441]   --->   Operation 137 'store' 'store_ln441' <Predicate = (!icmp_ln437 & trunc_ln441 == 1)> <Delay = 0.00>
ST_1 : Operation 138 [1/1] (0.00ns)   --->   "%store_ln442 = store i32 3.40282e+38, i32 %p_ZZ15krnl_partialKnnILi6EEvRN4tapa10async_mmapI7ap_uintILi256EEEEiRNS0_7ostreamIN3hls4axisIS2_ILi32EELm0ELm0ELm0EEEEESC_E27local_kNearstDist_partial_0_1_3" [/home/nehaprakriya/Documents/tapa/regression/knn/src/run_split_check/cpp/krnl_partialKnn_wrapper_6.cpp:442]   --->   Operation 138 'store' 'store_ln442' <Predicate = (!icmp_ln437 & trunc_ln441 == 1)> <Delay = 0.00>
ST_1 : Operation 139 [1/1] (0.00ns)   --->   "%store_ln441 = store i32 4294967295, i32 %p_ZZ15krnl_partialKnnILi6EEvRN4tapa10async_mmapI7ap_uintILi256EEEEiRNS0_7ostreamIN3hls4axisIS2_ILi32EELm0ELm0ELm0EEEEESC_E25local_kNearstId_partial_0_1_4" [/home/nehaprakriya/Documents/tapa/regression/knn/src/run_split_check/cpp/krnl_partialKnn_wrapper_6.cpp:441]   --->   Operation 139 'store' 'store_ln441' <Predicate = (!icmp_ln437 & trunc_ln441 == 1)> <Delay = 0.00>
ST_1 : Operation 140 [1/1] (0.00ns)   --->   "%store_ln442 = store i32 3.40282e+38, i32 %p_ZZ15krnl_partialKnnILi6EEvRN4tapa10async_mmapI7ap_uintILi256EEEEiRNS0_7ostreamIN3hls4axisIS2_ILi32EELm0ELm0ELm0EEEEESC_E27local_kNearstDist_partial_0_1_4" [/home/nehaprakriya/Documents/tapa/regression/knn/src/run_split_check/cpp/krnl_partialKnn_wrapper_6.cpp:442]   --->   Operation 140 'store' 'store_ln442' <Predicate = (!icmp_ln437 & trunc_ln441 == 1)> <Delay = 0.00>
ST_1 : Operation 141 [1/1] (0.00ns)   --->   "%store_ln441 = store i32 4294967295, i32 %p_ZZ15krnl_partialKnnILi6EEvRN4tapa10async_mmapI7ap_uintILi256EEEEiRNS0_7ostreamIN3hls4axisIS2_ILi32EELm0ELm0ELm0EEEEESC_E25local_kNearstId_partial_0_1_5" [/home/nehaprakriya/Documents/tapa/regression/knn/src/run_split_check/cpp/krnl_partialKnn_wrapper_6.cpp:441]   --->   Operation 141 'store' 'store_ln441' <Predicate = (!icmp_ln437 & trunc_ln441 == 1)> <Delay = 0.00>
ST_1 : Operation 142 [1/1] (0.00ns)   --->   "%store_ln442 = store i32 3.40282e+38, i32 %p_ZZ15krnl_partialKnnILi6EEvRN4tapa10async_mmapI7ap_uintILi256EEEEiRNS0_7ostreamIN3hls4axisIS2_ILi32EELm0ELm0ELm0EEEEESC_E27local_kNearstDist_partial_0_1_5" [/home/nehaprakriya/Documents/tapa/regression/knn/src/run_split_check/cpp/krnl_partialKnn_wrapper_6.cpp:442]   --->   Operation 142 'store' 'store_ln442' <Predicate = (!icmp_ln437 & trunc_ln441 == 1)> <Delay = 0.00>
ST_1 : Operation 143 [1/1] (0.00ns)   --->   "%store_ln441 = store i32 4294967295, i32 %p_ZZ15krnl_partialKnnILi6EEvRN4tapa10async_mmapI7ap_uintILi256EEEEiRNS0_7ostreamIN3hls4axisIS2_ILi32EELm0ELm0ELm0EEEEESC_E25local_kNearstId_partial_0_1_6" [/home/nehaprakriya/Documents/tapa/regression/knn/src/run_split_check/cpp/krnl_partialKnn_wrapper_6.cpp:441]   --->   Operation 143 'store' 'store_ln441' <Predicate = (!icmp_ln437 & trunc_ln441 == 1)> <Delay = 0.00>
ST_1 : Operation 144 [1/1] (0.00ns)   --->   "%store_ln442 = store i32 3.40282e+38, i32 %p_ZZ15krnl_partialKnnILi6EEvRN4tapa10async_mmapI7ap_uintILi256EEEEiRNS0_7ostreamIN3hls4axisIS2_ILi32EELm0ELm0ELm0EEEEESC_E27local_kNearstDist_partial_0_1_6" [/home/nehaprakriya/Documents/tapa/regression/knn/src/run_split_check/cpp/krnl_partialKnn_wrapper_6.cpp:442]   --->   Operation 144 'store' 'store_ln442' <Predicate = (!icmp_ln437 & trunc_ln441 == 1)> <Delay = 0.00>
ST_1 : Operation 145 [1/1] (0.00ns)   --->   "%store_ln441 = store i32 4294967295, i32 %p_ZZ15krnl_partialKnnILi6EEvRN4tapa10async_mmapI7ap_uintILi256EEEEiRNS0_7ostreamIN3hls4axisIS2_ILi32EELm0ELm0ELm0EEEEESC_E25local_kNearstId_partial_0_1_7" [/home/nehaprakriya/Documents/tapa/regression/knn/src/run_split_check/cpp/krnl_partialKnn_wrapper_6.cpp:441]   --->   Operation 145 'store' 'store_ln441' <Predicate = (!icmp_ln437 & trunc_ln441 == 1)> <Delay = 0.00>
ST_1 : Operation 146 [1/1] (0.00ns)   --->   "%store_ln442 = store i32 3.40282e+38, i32 %p_ZZ15krnl_partialKnnILi6EEvRN4tapa10async_mmapI7ap_uintILi256EEEEiRNS0_7ostreamIN3hls4axisIS2_ILi32EELm0ELm0ELm0EEEEESC_E27local_kNearstDist_partial_0_1_7" [/home/nehaprakriya/Documents/tapa/regression/knn/src/run_split_check/cpp/krnl_partialKnn_wrapper_6.cpp:442]   --->   Operation 146 'store' 'store_ln442' <Predicate = (!icmp_ln437 & trunc_ln441 == 1)> <Delay = 0.00>
ST_1 : Operation 147 [1/1] (0.00ns)   --->   "%store_ln441 = store i32 4294967295, i32 %p_ZZ15krnl_partialKnnILi6EEvRN4tapa10async_mmapI7ap_uintILi256EEEEiRNS0_7ostreamIN3hls4axisIS2_ILi32EELm0ELm0ELm0EEEEESC_E25local_kNearstId_partial_0_1_8" [/home/nehaprakriya/Documents/tapa/regression/knn/src/run_split_check/cpp/krnl_partialKnn_wrapper_6.cpp:441]   --->   Operation 147 'store' 'store_ln441' <Predicate = (!icmp_ln437 & trunc_ln441 == 1)> <Delay = 0.00>
ST_1 : Operation 148 [1/1] (0.00ns)   --->   "%store_ln442 = store i32 3.40282e+38, i32 %p_ZZ15krnl_partialKnnILi6EEvRN4tapa10async_mmapI7ap_uintILi256EEEEiRNS0_7ostreamIN3hls4axisIS2_ILi32EELm0ELm0ELm0EEEEESC_E27local_kNearstDist_partial_0_1_8" [/home/nehaprakriya/Documents/tapa/regression/knn/src/run_split_check/cpp/krnl_partialKnn_wrapper_6.cpp:442]   --->   Operation 148 'store' 'store_ln442' <Predicate = (!icmp_ln437 & trunc_ln441 == 1)> <Delay = 0.00>
ST_1 : Operation 149 [1/1] (0.00ns)   --->   "%store_ln441 = store i32 4294967295, i32 %p_ZZ15krnl_partialKnnILi6EEvRN4tapa10async_mmapI7ap_uintILi256EEEEiRNS0_7ostreamIN3hls4axisIS2_ILi32EELm0ELm0ELm0EEEEESC_E25local_kNearstId_partial_0_1_9" [/home/nehaprakriya/Documents/tapa/regression/knn/src/run_split_check/cpp/krnl_partialKnn_wrapper_6.cpp:441]   --->   Operation 149 'store' 'store_ln441' <Predicate = (!icmp_ln437 & trunc_ln441 == 1)> <Delay = 0.00>
ST_1 : Operation 150 [1/1] (0.00ns)   --->   "%store_ln442 = store i32 3.40282e+38, i32 %p_ZZ15krnl_partialKnnILi6EEvRN4tapa10async_mmapI7ap_uintILi256EEEEiRNS0_7ostreamIN3hls4axisIS2_ILi32EELm0ELm0ELm0EEEEESC_E27local_kNearstDist_partial_0_1_9" [/home/nehaprakriya/Documents/tapa/regression/knn/src/run_split_check/cpp/krnl_partialKnn_wrapper_6.cpp:442]   --->   Operation 150 'store' 'store_ln442' <Predicate = (!icmp_ln437 & trunc_ln441 == 1)> <Delay = 0.00>
ST_1 : Operation 151 [1/1] (0.00ns)   --->   "%store_ln441 = store i32 4294967295, i32 %p_ZZ15krnl_partialKnnILi6EEvRN4tapa10async_mmapI7ap_uintILi256EEEEiRNS0_7ostreamIN3hls4axisIS2_ILi32EELm0ELm0ELm0EEEEESC_E25local_kNearstId_partial_0_1_10" [/home/nehaprakriya/Documents/tapa/regression/knn/src/run_split_check/cpp/krnl_partialKnn_wrapper_6.cpp:441]   --->   Operation 151 'store' 'store_ln441' <Predicate = (!icmp_ln437 & trunc_ln441 == 1)> <Delay = 0.00>
ST_1 : Operation 152 [1/1] (0.00ns)   --->   "%store_ln442 = store i32 3.40282e+38, i32 %p_ZZ15krnl_partialKnnILi6EEvRN4tapa10async_mmapI7ap_uintILi256EEEEiRNS0_7ostreamIN3hls4axisIS2_ILi32EELm0ELm0ELm0EEEEESC_E27local_kNearstDist_partial_0_1_10" [/home/nehaprakriya/Documents/tapa/regression/knn/src/run_split_check/cpp/krnl_partialKnn_wrapper_6.cpp:442]   --->   Operation 152 'store' 'store_ln442' <Predicate = (!icmp_ln437 & trunc_ln441 == 1)> <Delay = 0.00>
ST_1 : Operation 153 [1/1] (0.00ns)   --->   "%br_ln442 = br void %arrayidx8054.i.10.exit" [/home/nehaprakriya/Documents/tapa/regression/knn/src/run_split_check/cpp/krnl_partialKnn_wrapper_6.cpp:442]   --->   Operation 153 'br' 'br_ln442' <Predicate = (!icmp_ln437 & trunc_ln441 == 1)> <Delay = 0.00>
ST_1 : Operation 154 [1/1] (0.00ns)   --->   "%store_ln441 = store i32 4294967295, i32 %p_ZZ15krnl_partialKnnILi6EEvRN4tapa10async_mmapI7ap_uintILi256EEEEiRNS0_7ostreamIN3hls4axisIS2_ILi32EELm0ELm0ELm0EEEEESC_E25local_kNearstId_partial_0_0_0" [/home/nehaprakriya/Documents/tapa/regression/knn/src/run_split_check/cpp/krnl_partialKnn_wrapper_6.cpp:441]   --->   Operation 154 'store' 'store_ln441' <Predicate = (!icmp_ln437 & trunc_ln441 == 0)> <Delay = 0.00>
ST_1 : Operation 155 [1/1] (0.00ns)   --->   "%store_ln442 = store i32 3.40282e+38, i32 %p_ZZ15krnl_partialKnnILi6EEvRN4tapa10async_mmapI7ap_uintILi256EEEEiRNS0_7ostreamIN3hls4axisIS2_ILi32EELm0ELm0ELm0EEEEESC_E27local_kNearstDist_partial_0_0_0" [/home/nehaprakriya/Documents/tapa/regression/knn/src/run_split_check/cpp/krnl_partialKnn_wrapper_6.cpp:442]   --->   Operation 155 'store' 'store_ln442' <Predicate = (!icmp_ln437 & trunc_ln441 == 0)> <Delay = 0.00>
ST_1 : Operation 156 [1/1] (0.00ns)   --->   "%store_ln441 = store i32 4294967295, i32 %p_ZZ15krnl_partialKnnILi6EEvRN4tapa10async_mmapI7ap_uintILi256EEEEiRNS0_7ostreamIN3hls4axisIS2_ILi32EELm0ELm0ELm0EEEEESC_E25local_kNearstId_partial_0_0_1" [/home/nehaprakriya/Documents/tapa/regression/knn/src/run_split_check/cpp/krnl_partialKnn_wrapper_6.cpp:441]   --->   Operation 156 'store' 'store_ln441' <Predicate = (!icmp_ln437 & trunc_ln441 == 0)> <Delay = 0.00>
ST_1 : Operation 157 [1/1] (0.00ns)   --->   "%store_ln442 = store i32 3.40282e+38, i32 %p_ZZ15krnl_partialKnnILi6EEvRN4tapa10async_mmapI7ap_uintILi256EEEEiRNS0_7ostreamIN3hls4axisIS2_ILi32EELm0ELm0ELm0EEEEESC_E27local_kNearstDist_partial_0_0_1" [/home/nehaprakriya/Documents/tapa/regression/knn/src/run_split_check/cpp/krnl_partialKnn_wrapper_6.cpp:442]   --->   Operation 157 'store' 'store_ln442' <Predicate = (!icmp_ln437 & trunc_ln441 == 0)> <Delay = 0.00>
ST_1 : Operation 158 [1/1] (0.00ns)   --->   "%store_ln441 = store i32 4294967295, i32 %p_ZZ15krnl_partialKnnILi6EEvRN4tapa10async_mmapI7ap_uintILi256EEEEiRNS0_7ostreamIN3hls4axisIS2_ILi32EELm0ELm0ELm0EEEEESC_E25local_kNearstId_partial_0_0_2" [/home/nehaprakriya/Documents/tapa/regression/knn/src/run_split_check/cpp/krnl_partialKnn_wrapper_6.cpp:441]   --->   Operation 158 'store' 'store_ln441' <Predicate = (!icmp_ln437 & trunc_ln441 == 0)> <Delay = 0.00>
ST_1 : Operation 159 [1/1] (0.00ns)   --->   "%store_ln442 = store i32 3.40282e+38, i32 %p_ZZ15krnl_partialKnnILi6EEvRN4tapa10async_mmapI7ap_uintILi256EEEEiRNS0_7ostreamIN3hls4axisIS2_ILi32EELm0ELm0ELm0EEEEESC_E27local_kNearstDist_partial_0_0_2" [/home/nehaprakriya/Documents/tapa/regression/knn/src/run_split_check/cpp/krnl_partialKnn_wrapper_6.cpp:442]   --->   Operation 159 'store' 'store_ln442' <Predicate = (!icmp_ln437 & trunc_ln441 == 0)> <Delay = 0.00>
ST_1 : Operation 160 [1/1] (0.00ns)   --->   "%store_ln441 = store i32 4294967295, i32 %p_ZZ15krnl_partialKnnILi6EEvRN4tapa10async_mmapI7ap_uintILi256EEEEiRNS0_7ostreamIN3hls4axisIS2_ILi32EELm0ELm0ELm0EEEEESC_E25local_kNearstId_partial_0_0_3" [/home/nehaprakriya/Documents/tapa/regression/knn/src/run_split_check/cpp/krnl_partialKnn_wrapper_6.cpp:441]   --->   Operation 160 'store' 'store_ln441' <Predicate = (!icmp_ln437 & trunc_ln441 == 0)> <Delay = 0.00>
ST_1 : Operation 161 [1/1] (0.00ns)   --->   "%store_ln442 = store i32 3.40282e+38, i32 %p_ZZ15krnl_partialKnnILi6EEvRN4tapa10async_mmapI7ap_uintILi256EEEEiRNS0_7ostreamIN3hls4axisIS2_ILi32EELm0ELm0ELm0EEEEESC_E27local_kNearstDist_partial_0_0_3" [/home/nehaprakriya/Documents/tapa/regression/knn/src/run_split_check/cpp/krnl_partialKnn_wrapper_6.cpp:442]   --->   Operation 161 'store' 'store_ln442' <Predicate = (!icmp_ln437 & trunc_ln441 == 0)> <Delay = 0.00>
ST_1 : Operation 162 [1/1] (0.00ns)   --->   "%store_ln441 = store i32 4294967295, i32 %p_ZZ15krnl_partialKnnILi6EEvRN4tapa10async_mmapI7ap_uintILi256EEEEiRNS0_7ostreamIN3hls4axisIS2_ILi32EELm0ELm0ELm0EEEEESC_E25local_kNearstId_partial_0_0_4" [/home/nehaprakriya/Documents/tapa/regression/knn/src/run_split_check/cpp/krnl_partialKnn_wrapper_6.cpp:441]   --->   Operation 162 'store' 'store_ln441' <Predicate = (!icmp_ln437 & trunc_ln441 == 0)> <Delay = 0.00>
ST_1 : Operation 163 [1/1] (0.00ns)   --->   "%store_ln442 = store i32 3.40282e+38, i32 %p_ZZ15krnl_partialKnnILi6EEvRN4tapa10async_mmapI7ap_uintILi256EEEEiRNS0_7ostreamIN3hls4axisIS2_ILi32EELm0ELm0ELm0EEEEESC_E27local_kNearstDist_partial_0_0_4" [/home/nehaprakriya/Documents/tapa/regression/knn/src/run_split_check/cpp/krnl_partialKnn_wrapper_6.cpp:442]   --->   Operation 163 'store' 'store_ln442' <Predicate = (!icmp_ln437 & trunc_ln441 == 0)> <Delay = 0.00>
ST_1 : Operation 164 [1/1] (0.00ns)   --->   "%store_ln441 = store i32 4294967295, i32 %p_ZZ15krnl_partialKnnILi6EEvRN4tapa10async_mmapI7ap_uintILi256EEEEiRNS0_7ostreamIN3hls4axisIS2_ILi32EELm0ELm0ELm0EEEEESC_E25local_kNearstId_partial_0_0_5" [/home/nehaprakriya/Documents/tapa/regression/knn/src/run_split_check/cpp/krnl_partialKnn_wrapper_6.cpp:441]   --->   Operation 164 'store' 'store_ln441' <Predicate = (!icmp_ln437 & trunc_ln441 == 0)> <Delay = 0.00>
ST_1 : Operation 165 [1/1] (0.00ns)   --->   "%store_ln442 = store i32 3.40282e+38, i32 %p_ZZ15krnl_partialKnnILi6EEvRN4tapa10async_mmapI7ap_uintILi256EEEEiRNS0_7ostreamIN3hls4axisIS2_ILi32EELm0ELm0ELm0EEEEESC_E27local_kNearstDist_partial_0_0_5" [/home/nehaprakriya/Documents/tapa/regression/knn/src/run_split_check/cpp/krnl_partialKnn_wrapper_6.cpp:442]   --->   Operation 165 'store' 'store_ln442' <Predicate = (!icmp_ln437 & trunc_ln441 == 0)> <Delay = 0.00>
ST_1 : Operation 166 [1/1] (0.00ns)   --->   "%store_ln441 = store i32 4294967295, i32 %p_ZZ15krnl_partialKnnILi6EEvRN4tapa10async_mmapI7ap_uintILi256EEEEiRNS0_7ostreamIN3hls4axisIS2_ILi32EELm0ELm0ELm0EEEEESC_E25local_kNearstId_partial_0_0_6" [/home/nehaprakriya/Documents/tapa/regression/knn/src/run_split_check/cpp/krnl_partialKnn_wrapper_6.cpp:441]   --->   Operation 166 'store' 'store_ln441' <Predicate = (!icmp_ln437 & trunc_ln441 == 0)> <Delay = 0.00>
ST_1 : Operation 167 [1/1] (0.00ns)   --->   "%store_ln442 = store i32 3.40282e+38, i32 %p_ZZ15krnl_partialKnnILi6EEvRN4tapa10async_mmapI7ap_uintILi256EEEEiRNS0_7ostreamIN3hls4axisIS2_ILi32EELm0ELm0ELm0EEEEESC_E27local_kNearstDist_partial_0_0_6" [/home/nehaprakriya/Documents/tapa/regression/knn/src/run_split_check/cpp/krnl_partialKnn_wrapper_6.cpp:442]   --->   Operation 167 'store' 'store_ln442' <Predicate = (!icmp_ln437 & trunc_ln441 == 0)> <Delay = 0.00>
ST_1 : Operation 168 [1/1] (0.00ns)   --->   "%store_ln441 = store i32 4294967295, i32 %p_ZZ15krnl_partialKnnILi6EEvRN4tapa10async_mmapI7ap_uintILi256EEEEiRNS0_7ostreamIN3hls4axisIS2_ILi32EELm0ELm0ELm0EEEEESC_E25local_kNearstId_partial_0_0_7" [/home/nehaprakriya/Documents/tapa/regression/knn/src/run_split_check/cpp/krnl_partialKnn_wrapper_6.cpp:441]   --->   Operation 168 'store' 'store_ln441' <Predicate = (!icmp_ln437 & trunc_ln441 == 0)> <Delay = 0.00>
ST_1 : Operation 169 [1/1] (0.00ns)   --->   "%store_ln442 = store i32 3.40282e+38, i32 %p_ZZ15krnl_partialKnnILi6EEvRN4tapa10async_mmapI7ap_uintILi256EEEEiRNS0_7ostreamIN3hls4axisIS2_ILi32EELm0ELm0ELm0EEEEESC_E27local_kNearstDist_partial_0_0_7" [/home/nehaprakriya/Documents/tapa/regression/knn/src/run_split_check/cpp/krnl_partialKnn_wrapper_6.cpp:442]   --->   Operation 169 'store' 'store_ln442' <Predicate = (!icmp_ln437 & trunc_ln441 == 0)> <Delay = 0.00>
ST_1 : Operation 170 [1/1] (0.00ns)   --->   "%store_ln441 = store i32 4294967295, i32 %p_ZZ15krnl_partialKnnILi6EEvRN4tapa10async_mmapI7ap_uintILi256EEEEiRNS0_7ostreamIN3hls4axisIS2_ILi32EELm0ELm0ELm0EEEEESC_E25local_kNearstId_partial_0_0_8" [/home/nehaprakriya/Documents/tapa/regression/knn/src/run_split_check/cpp/krnl_partialKnn_wrapper_6.cpp:441]   --->   Operation 170 'store' 'store_ln441' <Predicate = (!icmp_ln437 & trunc_ln441 == 0)> <Delay = 0.00>
ST_1 : Operation 171 [1/1] (0.00ns)   --->   "%store_ln442 = store i32 3.40282e+38, i32 %p_ZZ15krnl_partialKnnILi6EEvRN4tapa10async_mmapI7ap_uintILi256EEEEiRNS0_7ostreamIN3hls4axisIS2_ILi32EELm0ELm0ELm0EEEEESC_E27local_kNearstDist_partial_0_0_8" [/home/nehaprakriya/Documents/tapa/regression/knn/src/run_split_check/cpp/krnl_partialKnn_wrapper_6.cpp:442]   --->   Operation 171 'store' 'store_ln442' <Predicate = (!icmp_ln437 & trunc_ln441 == 0)> <Delay = 0.00>
ST_1 : Operation 172 [1/1] (0.00ns)   --->   "%store_ln441 = store i32 4294967295, i32 %p_ZZ15krnl_partialKnnILi6EEvRN4tapa10async_mmapI7ap_uintILi256EEEEiRNS0_7ostreamIN3hls4axisIS2_ILi32EELm0ELm0ELm0EEEEESC_E25local_kNearstId_partial_0_0_9" [/home/nehaprakriya/Documents/tapa/regression/knn/src/run_split_check/cpp/krnl_partialKnn_wrapper_6.cpp:441]   --->   Operation 172 'store' 'store_ln441' <Predicate = (!icmp_ln437 & trunc_ln441 == 0)> <Delay = 0.00>
ST_1 : Operation 173 [1/1] (0.00ns)   --->   "%store_ln442 = store i32 3.40282e+38, i32 %p_ZZ15krnl_partialKnnILi6EEvRN4tapa10async_mmapI7ap_uintILi256EEEEiRNS0_7ostreamIN3hls4axisIS2_ILi32EELm0ELm0ELm0EEEEESC_E27local_kNearstDist_partial_0_0_9" [/home/nehaprakriya/Documents/tapa/regression/knn/src/run_split_check/cpp/krnl_partialKnn_wrapper_6.cpp:442]   --->   Operation 173 'store' 'store_ln442' <Predicate = (!icmp_ln437 & trunc_ln441 == 0)> <Delay = 0.00>
ST_1 : Operation 174 [1/1] (0.00ns)   --->   "%store_ln441 = store i32 4294967295, i32 %p_ZZ15krnl_partialKnnILi6EEvRN4tapa10async_mmapI7ap_uintILi256EEEEiRNS0_7ostreamIN3hls4axisIS2_ILi32EELm0ELm0ELm0EEEEESC_E25local_kNearstId_partial_0_0_10" [/home/nehaprakriya/Documents/tapa/regression/knn/src/run_split_check/cpp/krnl_partialKnn_wrapper_6.cpp:441]   --->   Operation 174 'store' 'store_ln441' <Predicate = (!icmp_ln437 & trunc_ln441 == 0)> <Delay = 0.00>
ST_1 : Operation 175 [1/1] (0.00ns)   --->   "%store_ln442 = store i32 3.40282e+38, i32 %p_ZZ15krnl_partialKnnILi6EEvRN4tapa10async_mmapI7ap_uintILi256EEEEiRNS0_7ostreamIN3hls4axisIS2_ILi32EELm0ELm0ELm0EEEEESC_E27local_kNearstDist_partial_0_0_10" [/home/nehaprakriya/Documents/tapa/regression/knn/src/run_split_check/cpp/krnl_partialKnn_wrapper_6.cpp:442]   --->   Operation 175 'store' 'store_ln442' <Predicate = (!icmp_ln437 & trunc_ln441 == 0)> <Delay = 0.00>
ST_1 : Operation 176 [1/1] (0.00ns)   --->   "%br_ln442 = br void %arrayidx8054.i.10.exit" [/home/nehaprakriya/Documents/tapa/regression/knn/src/run_split_check/cpp/krnl_partialKnn_wrapper_6.cpp:442]   --->   Operation 176 'br' 'br_ln442' <Predicate = (!icmp_ln437 & trunc_ln441 == 0)> <Delay = 0.00>
ST_1 : Operation 177 [1/1] (0.00ns)   --->   "%store_ln441 = store i32 4294967295, i32 %p_ZZ15krnl_partialKnnILi6EEvRN4tapa10async_mmapI7ap_uintILi256EEEEiRNS0_7ostreamIN3hls4axisIS2_ILi32EELm0ELm0ELm0EEEEESC_E25local_kNearstId_partial_0_7_0" [/home/nehaprakriya/Documents/tapa/regression/knn/src/run_split_check/cpp/krnl_partialKnn_wrapper_6.cpp:441]   --->   Operation 177 'store' 'store_ln441' <Predicate = (!icmp_ln437 & trunc_ln441 == 7)> <Delay = 0.00>
ST_1 : Operation 178 [1/1] (0.00ns)   --->   "%store_ln442 = store i32 3.40282e+38, i32 %p_ZZ15krnl_partialKnnILi6EEvRN4tapa10async_mmapI7ap_uintILi256EEEEiRNS0_7ostreamIN3hls4axisIS2_ILi32EELm0ELm0ELm0EEEEESC_E27local_kNearstDist_partial_0_7_0" [/home/nehaprakriya/Documents/tapa/regression/knn/src/run_split_check/cpp/krnl_partialKnn_wrapper_6.cpp:442]   --->   Operation 178 'store' 'store_ln442' <Predicate = (!icmp_ln437 & trunc_ln441 == 7)> <Delay = 0.00>
ST_1 : Operation 179 [1/1] (0.00ns)   --->   "%store_ln441 = store i32 4294967295, i32 %p_ZZ15krnl_partialKnnILi6EEvRN4tapa10async_mmapI7ap_uintILi256EEEEiRNS0_7ostreamIN3hls4axisIS2_ILi32EELm0ELm0ELm0EEEEESC_E25local_kNearstId_partial_0_7_1" [/home/nehaprakriya/Documents/tapa/regression/knn/src/run_split_check/cpp/krnl_partialKnn_wrapper_6.cpp:441]   --->   Operation 179 'store' 'store_ln441' <Predicate = (!icmp_ln437 & trunc_ln441 == 7)> <Delay = 0.00>
ST_1 : Operation 180 [1/1] (0.00ns)   --->   "%store_ln442 = store i32 3.40282e+38, i32 %p_ZZ15krnl_partialKnnILi6EEvRN4tapa10async_mmapI7ap_uintILi256EEEEiRNS0_7ostreamIN3hls4axisIS2_ILi32EELm0ELm0ELm0EEEEESC_E27local_kNearstDist_partial_0_7_1" [/home/nehaprakriya/Documents/tapa/regression/knn/src/run_split_check/cpp/krnl_partialKnn_wrapper_6.cpp:442]   --->   Operation 180 'store' 'store_ln442' <Predicate = (!icmp_ln437 & trunc_ln441 == 7)> <Delay = 0.00>
ST_1 : Operation 181 [1/1] (0.00ns)   --->   "%store_ln441 = store i32 4294967295, i32 %p_ZZ15krnl_partialKnnILi6EEvRN4tapa10async_mmapI7ap_uintILi256EEEEiRNS0_7ostreamIN3hls4axisIS2_ILi32EELm0ELm0ELm0EEEEESC_E25local_kNearstId_partial_0_7_2" [/home/nehaprakriya/Documents/tapa/regression/knn/src/run_split_check/cpp/krnl_partialKnn_wrapper_6.cpp:441]   --->   Operation 181 'store' 'store_ln441' <Predicate = (!icmp_ln437 & trunc_ln441 == 7)> <Delay = 0.00>
ST_1 : Operation 182 [1/1] (0.00ns)   --->   "%store_ln442 = store i32 3.40282e+38, i32 %p_ZZ15krnl_partialKnnILi6EEvRN4tapa10async_mmapI7ap_uintILi256EEEEiRNS0_7ostreamIN3hls4axisIS2_ILi32EELm0ELm0ELm0EEEEESC_E27local_kNearstDist_partial_0_7_2" [/home/nehaprakriya/Documents/tapa/regression/knn/src/run_split_check/cpp/krnl_partialKnn_wrapper_6.cpp:442]   --->   Operation 182 'store' 'store_ln442' <Predicate = (!icmp_ln437 & trunc_ln441 == 7)> <Delay = 0.00>
ST_1 : Operation 183 [1/1] (0.00ns)   --->   "%store_ln441 = store i32 4294967295, i32 %p_ZZ15krnl_partialKnnILi6EEvRN4tapa10async_mmapI7ap_uintILi256EEEEiRNS0_7ostreamIN3hls4axisIS2_ILi32EELm0ELm0ELm0EEEEESC_E25local_kNearstId_partial_0_7_3" [/home/nehaprakriya/Documents/tapa/regression/knn/src/run_split_check/cpp/krnl_partialKnn_wrapper_6.cpp:441]   --->   Operation 183 'store' 'store_ln441' <Predicate = (!icmp_ln437 & trunc_ln441 == 7)> <Delay = 0.00>
ST_1 : Operation 184 [1/1] (0.00ns)   --->   "%store_ln442 = store i32 3.40282e+38, i32 %p_ZZ15krnl_partialKnnILi6EEvRN4tapa10async_mmapI7ap_uintILi256EEEEiRNS0_7ostreamIN3hls4axisIS2_ILi32EELm0ELm0ELm0EEEEESC_E27local_kNearstDist_partial_0_7_3" [/home/nehaprakriya/Documents/tapa/regression/knn/src/run_split_check/cpp/krnl_partialKnn_wrapper_6.cpp:442]   --->   Operation 184 'store' 'store_ln442' <Predicate = (!icmp_ln437 & trunc_ln441 == 7)> <Delay = 0.00>
ST_1 : Operation 185 [1/1] (0.00ns)   --->   "%store_ln441 = store i32 4294967295, i32 %p_ZZ15krnl_partialKnnILi6EEvRN4tapa10async_mmapI7ap_uintILi256EEEEiRNS0_7ostreamIN3hls4axisIS2_ILi32EELm0ELm0ELm0EEEEESC_E25local_kNearstId_partial_0_7_4" [/home/nehaprakriya/Documents/tapa/regression/knn/src/run_split_check/cpp/krnl_partialKnn_wrapper_6.cpp:441]   --->   Operation 185 'store' 'store_ln441' <Predicate = (!icmp_ln437 & trunc_ln441 == 7)> <Delay = 0.00>
ST_1 : Operation 186 [1/1] (0.00ns)   --->   "%store_ln442 = store i32 3.40282e+38, i32 %p_ZZ15krnl_partialKnnILi6EEvRN4tapa10async_mmapI7ap_uintILi256EEEEiRNS0_7ostreamIN3hls4axisIS2_ILi32EELm0ELm0ELm0EEEEESC_E27local_kNearstDist_partial_0_7_4" [/home/nehaprakriya/Documents/tapa/regression/knn/src/run_split_check/cpp/krnl_partialKnn_wrapper_6.cpp:442]   --->   Operation 186 'store' 'store_ln442' <Predicate = (!icmp_ln437 & trunc_ln441 == 7)> <Delay = 0.00>
ST_1 : Operation 187 [1/1] (0.00ns)   --->   "%store_ln441 = store i32 4294967295, i32 %p_ZZ15krnl_partialKnnILi6EEvRN4tapa10async_mmapI7ap_uintILi256EEEEiRNS0_7ostreamIN3hls4axisIS2_ILi32EELm0ELm0ELm0EEEEESC_E25local_kNearstId_partial_0_7_5" [/home/nehaprakriya/Documents/tapa/regression/knn/src/run_split_check/cpp/krnl_partialKnn_wrapper_6.cpp:441]   --->   Operation 187 'store' 'store_ln441' <Predicate = (!icmp_ln437 & trunc_ln441 == 7)> <Delay = 0.00>
ST_1 : Operation 188 [1/1] (0.00ns)   --->   "%store_ln442 = store i32 3.40282e+38, i32 %p_ZZ15krnl_partialKnnILi6EEvRN4tapa10async_mmapI7ap_uintILi256EEEEiRNS0_7ostreamIN3hls4axisIS2_ILi32EELm0ELm0ELm0EEEEESC_E27local_kNearstDist_partial_0_7_5" [/home/nehaprakriya/Documents/tapa/regression/knn/src/run_split_check/cpp/krnl_partialKnn_wrapper_6.cpp:442]   --->   Operation 188 'store' 'store_ln442' <Predicate = (!icmp_ln437 & trunc_ln441 == 7)> <Delay = 0.00>
ST_1 : Operation 189 [1/1] (0.00ns)   --->   "%store_ln441 = store i32 4294967295, i32 %p_ZZ15krnl_partialKnnILi6EEvRN4tapa10async_mmapI7ap_uintILi256EEEEiRNS0_7ostreamIN3hls4axisIS2_ILi32EELm0ELm0ELm0EEEEESC_E25local_kNearstId_partial_0_7_6" [/home/nehaprakriya/Documents/tapa/regression/knn/src/run_split_check/cpp/krnl_partialKnn_wrapper_6.cpp:441]   --->   Operation 189 'store' 'store_ln441' <Predicate = (!icmp_ln437 & trunc_ln441 == 7)> <Delay = 0.00>
ST_1 : Operation 190 [1/1] (0.00ns)   --->   "%store_ln442 = store i32 3.40282e+38, i32 %p_ZZ15krnl_partialKnnILi6EEvRN4tapa10async_mmapI7ap_uintILi256EEEEiRNS0_7ostreamIN3hls4axisIS2_ILi32EELm0ELm0ELm0EEEEESC_E27local_kNearstDist_partial_0_7_6" [/home/nehaprakriya/Documents/tapa/regression/knn/src/run_split_check/cpp/krnl_partialKnn_wrapper_6.cpp:442]   --->   Operation 190 'store' 'store_ln442' <Predicate = (!icmp_ln437 & trunc_ln441 == 7)> <Delay = 0.00>
ST_1 : Operation 191 [1/1] (0.00ns)   --->   "%store_ln441 = store i32 4294967295, i32 %p_ZZ15krnl_partialKnnILi6EEvRN4tapa10async_mmapI7ap_uintILi256EEEEiRNS0_7ostreamIN3hls4axisIS2_ILi32EELm0ELm0ELm0EEEEESC_E25local_kNearstId_partial_0_7_7" [/home/nehaprakriya/Documents/tapa/regression/knn/src/run_split_check/cpp/krnl_partialKnn_wrapper_6.cpp:441]   --->   Operation 191 'store' 'store_ln441' <Predicate = (!icmp_ln437 & trunc_ln441 == 7)> <Delay = 0.00>
ST_1 : Operation 192 [1/1] (0.00ns)   --->   "%store_ln442 = store i32 3.40282e+38, i32 %p_ZZ15krnl_partialKnnILi6EEvRN4tapa10async_mmapI7ap_uintILi256EEEEiRNS0_7ostreamIN3hls4axisIS2_ILi32EELm0ELm0ELm0EEEEESC_E27local_kNearstDist_partial_0_7_7" [/home/nehaprakriya/Documents/tapa/regression/knn/src/run_split_check/cpp/krnl_partialKnn_wrapper_6.cpp:442]   --->   Operation 192 'store' 'store_ln442' <Predicate = (!icmp_ln437 & trunc_ln441 == 7)> <Delay = 0.00>
ST_1 : Operation 193 [1/1] (0.00ns)   --->   "%store_ln441 = store i32 4294967295, i32 %p_ZZ15krnl_partialKnnILi6EEvRN4tapa10async_mmapI7ap_uintILi256EEEEiRNS0_7ostreamIN3hls4axisIS2_ILi32EELm0ELm0ELm0EEEEESC_E25local_kNearstId_partial_0_7_8" [/home/nehaprakriya/Documents/tapa/regression/knn/src/run_split_check/cpp/krnl_partialKnn_wrapper_6.cpp:441]   --->   Operation 193 'store' 'store_ln441' <Predicate = (!icmp_ln437 & trunc_ln441 == 7)> <Delay = 0.00>
ST_1 : Operation 194 [1/1] (0.00ns)   --->   "%store_ln442 = store i32 3.40282e+38, i32 %p_ZZ15krnl_partialKnnILi6EEvRN4tapa10async_mmapI7ap_uintILi256EEEEiRNS0_7ostreamIN3hls4axisIS2_ILi32EELm0ELm0ELm0EEEEESC_E27local_kNearstDist_partial_0_7_8" [/home/nehaprakriya/Documents/tapa/regression/knn/src/run_split_check/cpp/krnl_partialKnn_wrapper_6.cpp:442]   --->   Operation 194 'store' 'store_ln442' <Predicate = (!icmp_ln437 & trunc_ln441 == 7)> <Delay = 0.00>
ST_1 : Operation 195 [1/1] (0.00ns)   --->   "%store_ln441 = store i32 4294967295, i32 %p_ZZ15krnl_partialKnnILi6EEvRN4tapa10async_mmapI7ap_uintILi256EEEEiRNS0_7ostreamIN3hls4axisIS2_ILi32EELm0ELm0ELm0EEEEESC_E25local_kNearstId_partial_0_7_9" [/home/nehaprakriya/Documents/tapa/regression/knn/src/run_split_check/cpp/krnl_partialKnn_wrapper_6.cpp:441]   --->   Operation 195 'store' 'store_ln441' <Predicate = (!icmp_ln437 & trunc_ln441 == 7)> <Delay = 0.00>
ST_1 : Operation 196 [1/1] (0.00ns)   --->   "%store_ln442 = store i32 3.40282e+38, i32 %p_ZZ15krnl_partialKnnILi6EEvRN4tapa10async_mmapI7ap_uintILi256EEEEiRNS0_7ostreamIN3hls4axisIS2_ILi32EELm0ELm0ELm0EEEEESC_E27local_kNearstDist_partial_0_7_9" [/home/nehaprakriya/Documents/tapa/regression/knn/src/run_split_check/cpp/krnl_partialKnn_wrapper_6.cpp:442]   --->   Operation 196 'store' 'store_ln442' <Predicate = (!icmp_ln437 & trunc_ln441 == 7)> <Delay = 0.00>
ST_1 : Operation 197 [1/1] (0.00ns)   --->   "%store_ln441 = store i32 4294967295, i32 %p_ZZ15krnl_partialKnnILi6EEvRN4tapa10async_mmapI7ap_uintILi256EEEEiRNS0_7ostreamIN3hls4axisIS2_ILi32EELm0ELm0ELm0EEEEESC_E25local_kNearstId_partial_0_7_10" [/home/nehaprakriya/Documents/tapa/regression/knn/src/run_split_check/cpp/krnl_partialKnn_wrapper_6.cpp:441]   --->   Operation 197 'store' 'store_ln441' <Predicate = (!icmp_ln437 & trunc_ln441 == 7)> <Delay = 0.00>
ST_1 : Operation 198 [1/1] (0.00ns)   --->   "%store_ln442 = store i32 3.40282e+38, i32 %p_ZZ15krnl_partialKnnILi6EEvRN4tapa10async_mmapI7ap_uintILi256EEEEiRNS0_7ostreamIN3hls4axisIS2_ILi32EELm0ELm0ELm0EEEEESC_E27local_kNearstDist_partial_0_7_10" [/home/nehaprakriya/Documents/tapa/regression/knn/src/run_split_check/cpp/krnl_partialKnn_wrapper_6.cpp:442]   --->   Operation 198 'store' 'store_ln442' <Predicate = (!icmp_ln437 & trunc_ln441 == 7)> <Delay = 0.00>
ST_1 : Operation 199 [1/1] (0.00ns)   --->   "%br_ln442 = br void %arrayidx8054.i.10.exit" [/home/nehaprakriya/Documents/tapa/regression/knn/src/run_split_check/cpp/krnl_partialKnn_wrapper_6.cpp:442]   --->   Operation 199 'br' 'br_ln442' <Predicate = (!icmp_ln437 & trunc_ln441 == 7)> <Delay = 0.00>
ST_1 : Operation 200 [1/1] (0.38ns)   --->   "%store_ln437 = store i4 %add_ln437, i4 %i_1" [/home/nehaprakriya/Documents/tapa/regression/knn/src/run_split_check/cpp/krnl_partialKnn_wrapper_6.cpp:437]   --->   Operation 200 'store' 'store_ln437' <Predicate = (!icmp_ln437)> <Delay = 0.38>
ST_1 : Operation 201 [1/1] (0.00ns)   --->   "%br_ln437 = br void %for.body58.i" [/home/nehaprakriya/Documents/tapa/regression/knn/src/run_split_check/cpp/krnl_partialKnn_wrapper_6.cpp:437]   --->   Operation 201 'br' 'br_ln437' <Predicate = (!icmp_ln437)> <Delay = 0.00>
ST_1 : Operation 202 [1/1] (0.00ns)   --->   "%ret_ln0 = ret"   --->   Operation 202 'ret' 'ret_ln0' <Predicate = (icmp_ln437)> <Delay = 0.00>


============================================================
+ Verbose Summary: Timing violations
============================================================
Target clock period: 3.33ns, clock uncertainty: 0.899ns.

 <State 1>: 1.09ns
The critical path consists of the following:
	'alloca' operation ('i') [177]  (0 ns)
	'load' operation ('i', /home/nehaprakriya/Documents/tapa/regression/knn/src/run_split_check/cpp/krnl_partialKnn_wrapper_6.cpp:441) on local variable 'i' [181]  (0 ns)
	'add' operation ('add_ln437', /home/nehaprakriya/Documents/tapa/regression/knn/src/run_split_check/cpp/krnl_partialKnn_wrapper_6.cpp:437) [185]  (0.708 ns)
	'store' operation ('store_ln437', /home/nehaprakriya/Documents/tapa/regression/knn/src/run_split_check/cpp/krnl_partialKnn_wrapper_6.cpp:437) of variable 'add_ln437', /home/nehaprakriya/Documents/tapa/regression/knn/src/run_split_check/cpp/krnl_partialKnn_wrapper_6.cpp:437 on local variable 'i' [384]  (0.387 ns)


============================================================
+ Verbose Summary: Binding
============================================================
N/A
* FSMD analyzer results:
  - Output states:
 - Input state : 
  - Chain level:
	State 1


============================================================
+ Verbose Summary: Datapath Resource usage 
============================================================
N/A
