

================================================================
== Vitis HLS Report for 'krnl_partialKnn_wrapper_6_Pipeline_ID_OUT'
================================================================
* Date:           Wed May 22 14:57:35 2024

* Version:        2022.1 (Build 3526262 on Mon Apr 18 15:47:01 MDT 2022)
* Project:        project
* Solution:       krnl_partialKnn_wrapper_6 (Vivado IP Flow Target)
* Product family: virtexuplus
* Target device:  xcu55c-fsvh2892-2L-e


================================================================
== Performance Estimates
================================================================
+ Timing: 
    * Summary: 
    +--------+---------+----------+------------+
    |  Clock |  Target | Estimated| Uncertainty|
    +--------+---------+----------+------------+
    |ap_clk  |  3.33 ns|  1.215 ns|     0.90 ns|
    +--------+---------+----------+------------+

+ Latency: 
    * Summary: 
    +---------+---------+-----------+-----------+-----+-----+---------+
    |  Latency (cycles) |   Latency (absolute)  |  Interval | Pipeline|
    |   min   |   max   |    min    |    max    | min | max |   Type  |
    +---------+---------+-----------+-----------+-----+-----+---------+
    |       12|       12|  39.960 ns|  39.960 ns|   12|   12|       no|
    +---------+---------+-----------+-----------+-----+-----+---------+

    + Detail: 
        * Instance: 
        N/A

        * Loop: 
        +----------+---------+---------+----------+-----------+-----------+------+----------+
        |          |  Latency (cycles) | Iteration|  Initiation Interval  | Trip |          |
        | Loop Name|   min   |   max   |  Latency |  achieved |   target  | Count| Pipelined|
        +----------+---------+---------+----------+-----------+-----------+------+----------+
        |- ID_OUT  |       10|       10|         2|          1|          1|    10|       yes|
        +----------+---------+---------+----------+-----------+-----------+------+----------+

============================================================
+ Verbose Summary: Synthesis Manager
============================================================
InlineROM: 1
ExposeGlobal: 0
============================================================
+ Verbose Summary: CDFG Model
============================================================
IsTopModel: 0
ResetActiveHigh: 1
IsCombinational: 0
IsDatapathOnly: 0
HasWiredReturn: 1
HasMFsm: 2
HasVarLatency: 1
IsPipeline: 0
IsRtlPipelined: 0
IsInstanceOverlapped: 0
IsDontTouch: 0
HasImplIP: 0
IsGatedGlobalClock: 0

+ Individual pipeline summary: 
  * Pipeline-0: initiation interval (II) = 1, depth = 2


============================================================
+ Verbose Summary: Schedule
============================================================
* Number of FSM states : 2
* Pipeline : 1
  Pipeline-0 : II = 1, D = 2, States = { 1 2 }
* Dataflow Pipeline: 0

* FSM state transitions: 
1 --> 2 
2 --> 

* FSM state operations: 

State 1 <SV = 0> <Delay = 1.09>
ST_1 : Operation 5 [1/1] (0.00ns)   --->   "%i = alloca i32 1"   --->   Operation 5 'alloca' 'i' <Predicate = true> <Delay = 0.00>
ST_1 : Operation 6 [1/1] (0.00ns)   --->   "%specinterface_ln0 = specinterface void @_ssdm_op_SpecInterface, i45 %out_id, void @empty_12, i32 0, i32 0, void @empty_10, i32 0, i32 0, void @empty_10, void @empty_10, void @empty_10, i32 0, i32 0, i32 0, i32 0, void @empty_10, void @empty_10, i32 4294967295, i32 0"   --->   Operation 6 'specinterface' 'specinterface_ln0' <Predicate = true> <Delay = 0.00>
ST_1 : Operation 7 [1/1] (0.00ns)   --->   "%global_kNearstId_reload_read = read i32 @_ssdm_op_Read.ap_auto.i32, i32 %global_kNearstId_reload"   --->   Operation 7 'read' 'global_kNearstId_reload_read' <Predicate = true> <Delay = 0.00>
ST_1 : Operation 8 [1/1] (0.00ns)   --->   "%global_kNearstId_1_reload_read = read i32 @_ssdm_op_Read.ap_auto.i32, i32 %global_kNearstId_1_reload"   --->   Operation 8 'read' 'global_kNearstId_1_reload_read' <Predicate = true> <Delay = 0.00>
ST_1 : Operation 9 [1/1] (0.00ns)   --->   "%global_kNearstId_9_reload_read = read i32 @_ssdm_op_Read.ap_auto.i32, i32 %global_kNearstId_9_reload"   --->   Operation 9 'read' 'global_kNearstId_9_reload_read' <Predicate = true> <Delay = 0.00>
ST_1 : Operation 10 [1/1] (0.00ns)   --->   "%global_kNearstId_8_reload_read = read i32 @_ssdm_op_Read.ap_auto.i32, i32 %global_kNearstId_8_reload"   --->   Operation 10 'read' 'global_kNearstId_8_reload_read' <Predicate = true> <Delay = 0.00>
ST_1 : Operation 11 [1/1] (0.00ns)   --->   "%global_kNearstId_7_reload_read = read i32 @_ssdm_op_Read.ap_auto.i32, i32 %global_kNearstId_7_reload"   --->   Operation 11 'read' 'global_kNearstId_7_reload_read' <Predicate = true> <Delay = 0.00>
ST_1 : Operation 12 [1/1] (0.00ns)   --->   "%global_kNearstId_6_reload_read = read i32 @_ssdm_op_Read.ap_auto.i32, i32 %global_kNearstId_6_reload"   --->   Operation 12 'read' 'global_kNearstId_6_reload_read' <Predicate = true> <Delay = 0.00>
ST_1 : Operation 13 [1/1] (0.00ns)   --->   "%global_kNearstId_5_reload_read = read i32 @_ssdm_op_Read.ap_auto.i32, i32 %global_kNearstId_5_reload"   --->   Operation 13 'read' 'global_kNearstId_5_reload_read' <Predicate = true> <Delay = 0.00>
ST_1 : Operation 14 [1/1] (0.00ns)   --->   "%global_kNearstId_4_reload_read = read i32 @_ssdm_op_Read.ap_auto.i32, i32 %global_kNearstId_4_reload"   --->   Operation 14 'read' 'global_kNearstId_4_reload_read' <Predicate = true> <Delay = 0.00>
ST_1 : Operation 15 [1/1] (0.00ns)   --->   "%global_kNearstId_3_reload_read = read i32 @_ssdm_op_Read.ap_auto.i32, i32 %global_kNearstId_3_reload"   --->   Operation 15 'read' 'global_kNearstId_3_reload_read' <Predicate = true> <Delay = 0.00>
ST_1 : Operation 16 [1/1] (0.00ns)   --->   "%global_kNearstId_2_reload_read = read i32 @_ssdm_op_Read.ap_auto.i32, i32 %global_kNearstId_2_reload"   --->   Operation 16 'read' 'global_kNearstId_2_reload_read' <Predicate = true> <Delay = 0.00>
ST_1 : Operation 17 [1/1] (0.38ns)   --->   "%store_ln0 = store i4 1, i4 %i"   --->   Operation 17 'store' 'store_ln0' <Predicate = true> <Delay = 0.38>
ST_1 : Operation 18 [1/1] (0.00ns)   --->   "%br_ln0 = br void %for.body330.i"   --->   Operation 18 'br' 'br_ln0' <Predicate = true> <Delay = 0.00>
ST_1 : Operation 19 [1/1] (0.00ns)   --->   "%i_4 = load i4 %i" [/home/nehaprakriya/Documents/tapa/regression/knn/src/run_split_check/cpp/krnl_partialKnn_wrapper_6.cpp:545]   --->   Operation 19 'load' 'i_4' <Predicate = true> <Delay = 0.00>
ST_1 : Operation 20 [1/1] (0.65ns)   --->   "%icmp_ln545 = icmp_eq  i4 %i_4, i4 11" [/home/nehaprakriya/Documents/tapa/regression/knn/src/run_split_check/cpp/krnl_partialKnn_wrapper_6.cpp:545]   --->   Operation 20 'icmp' 'icmp_ln545' <Predicate = true> <Delay = 0.65> <CoreInst = "Cmp">   --->   Core 9 'Cmp' <Latency = 0> <II = 1> <Delay = 0.65> <FuncUnit> <Opcode : 'icmp'> <InPorts = 2> <OutPorts = 1>
ST_1 : Operation 21 [1/1] (0.00ns)   --->   "%empty = speclooptripcount i32 @_ssdm_op_SpecLoopTripCount, i64 10, i64 10, i64 10"   --->   Operation 21 'speclooptripcount' 'empty' <Predicate = true> <Delay = 0.00>
ST_1 : Operation 22 [1/1] (0.00ns)   --->   "%br_ln545 = br i1 %icmp_ln545, void %for.body330.i.split, void %_Z15krnl_partialKnnILi6EEvRN4tapa10async_mmapI7ap_uintILi256EEEEiRNS0_7ostreamIN3hls4axisIS2_ILi32EELm0ELm0ELm0EEEEESC_.exit.exitStub" [/home/nehaprakriya/Documents/tapa/regression/knn/src/run_split_check/cpp/krnl_partialKnn_wrapper_6.cpp:545]   --->   Operation 22 'br' 'br_ln545' <Predicate = true> <Delay = 0.00>
ST_1 : Operation 23 [1/1] (0.61ns)   --->   "%v_id_data_V = mux i32 @_ssdm_op_Mux.ap_auto.11i32.i4, i32 0, i32 %global_kNearstId_2_reload_read, i32 %global_kNearstId_3_reload_read, i32 %global_kNearstId_4_reload_read, i32 %global_kNearstId_5_reload_read, i32 %global_kNearstId_6_reload_read, i32 %global_kNearstId_7_reload_read, i32 %global_kNearstId_8_reload_read, i32 %global_kNearstId_9_reload_read, i32 %global_kNearstId_1_reload_read, i32 %global_kNearstId_reload_read, i4 %i_4" [/home/nehaprakriya/Documents/tapa/regression/knn/src/run_split_check/cpp/krnl_partialKnn_wrapper_6.cpp:549]   --->   Operation 23 'mux' 'v_id_data_V' <Predicate = (!icmp_ln545)> <Delay = 0.61> <CoreInst = "Multiplexer">   --->   Core 76 'Multiplexer' <Latency = 0> <II = 1> <Delay = 0.61> <FuncUnit> <Opcode : 'mux'> <InPorts = 2> <OutPorts = 1>
ST_1 : Operation 24 [1/1] (0.70ns)   --->   "%add_ln545 = add i4 %i_4, i4 1" [/home/nehaprakriya/Documents/tapa/regression/knn/src/run_split_check/cpp/krnl_partialKnn_wrapper_6.cpp:545]   --->   Operation 24 'add' 'add_ln545' <Predicate = (!icmp_ln545)> <Delay = 0.70> <CoreInst = "Adder">   --->   Core 1 'Adder' <Latency = 0> <II = 1> <Delay = 0.70> <FuncUnit> <Opcode : 'add' 'sub'> <InPorts = 2> <OutPorts = 1>
ST_1 : Operation 25 [1/1] (0.38ns)   --->   "%store_ln545 = store i4 %add_ln545, i4 %i" [/home/nehaprakriya/Documents/tapa/regression/knn/src/run_split_check/cpp/krnl_partialKnn_wrapper_6.cpp:545]   --->   Operation 25 'store' 'store_ln545' <Predicate = (!icmp_ln545)> <Delay = 0.38>
ST_1 : Operation 32 [1/1] (0.00ns)   --->   "%ret_ln0 = ret"   --->   Operation 32 'ret' 'ret_ln0' <Predicate = (icmp_ln545)> <Delay = 0.00>

State 2 <SV = 1> <Delay = 1.21>
ST_2 : Operation 26 [1/1] (0.00ns)   --->   "%specpipeline_ln547 = specpipeline void @_ssdm_op_SpecPipeline, i32 1, i32 0, i32 0, i32 0, void @empty_10" [/home/nehaprakriya/Documents/tapa/regression/knn/src/run_split_check/cpp/krnl_partialKnn_wrapper_6.cpp:547]   --->   Operation 26 'specpipeline' 'specpipeline_ln547' <Predicate = true> <Delay = 0.00>
ST_2 : Operation 27 [1/1] (0.00ns)   --->   "%specloopname_ln545 = specloopname void @_ssdm_op_SpecLoopName, void @empty_1" [/home/nehaprakriya/Documents/tapa/regression/knn/src/run_split_check/cpp/krnl_partialKnn_wrapper_6.cpp:545]   --->   Operation 27 'specloopname' 'specloopname_ln545' <Predicate = true> <Delay = 0.00>
ST_2 : Operation 28 [1/1] (0.00ns)   --->   "%tmp_1 = bitconcatenate i33 @_ssdm_op_BitConcatenate.i33.i1.i32, i1 0, i32 %v_id_data_V" [/tools/Xilinx/Vitis_HLS/2022.1/common/technology/autopilot/hls_stream_39.h:174]   --->   Operation 28 'bitconcatenate' 'tmp_1' <Predicate = true> <Delay = 0.00>
ST_2 : Operation 29 [1/1] (0.00ns)   --->   "%zext_ln174 = zext i33 %tmp_1" [/tools/Xilinx/Vitis_HLS/2022.1/common/technology/autopilot/hls_stream_39.h:174]   --->   Operation 29 'zext' 'zext_ln174' <Predicate = true> <Delay = 0.00>
ST_2 : Operation 30 [1/1] (1.21ns)   --->   "%write_ln174 = write void @_ssdm_op_Write.ap_fifo.volatile.i45P0A, i45 %out_id, i45 %zext_ln174" [/tools/Xilinx/Vitis_HLS/2022.1/common/technology/autopilot/hls_stream_39.h:174]   --->   Operation 30 'write' 'write_ln174' <Predicate = true> <Delay = 1.21> <CoreInst = "FIFO">   --->   Core 78 'FIFO' <Latency = 0> <II = 1> <Delay = 1.42> <Storage> <Opcode : 'read' 'write' 'nbread' 'nbwrite'> <Ports = 0> <Width = -1> <Depth = -1> <FIFO>
ST_2 : Operation 31 [1/1] (0.00ns)   --->   "%br_ln545 = br void %for.body330.i" [/home/nehaprakriya/Documents/tapa/regression/knn/src/run_split_check/cpp/krnl_partialKnn_wrapper_6.cpp:545]   --->   Operation 31 'br' 'br_ln545' <Predicate = true> <Delay = 0.00>


============================================================
+ Verbose Summary: Timing violations
============================================================
Target clock period: 3.33ns, clock uncertainty: 0.899ns.

 <State 1>: 1.09ns
The critical path consists of the following:
	'alloca' operation ('i') [12]  (0 ns)
	'load' operation ('i', /home/nehaprakriya/Documents/tapa/regression/knn/src/run_split_check/cpp/krnl_partialKnn_wrapper_6.cpp:545) on local variable 'i' [27]  (0 ns)
	'add' operation ('add_ln545', /home/nehaprakriya/Documents/tapa/regression/knn/src/run_split_check/cpp/krnl_partialKnn_wrapper_6.cpp:545) [38]  (0.708 ns)
	'store' operation ('store_ln545', /home/nehaprakriya/Documents/tapa/regression/knn/src/run_split_check/cpp/krnl_partialKnn_wrapper_6.cpp:545) of variable 'add_ln545', /home/nehaprakriya/Documents/tapa/regression/knn/src/run_split_check/cpp/krnl_partialKnn_wrapper_6.cpp:545 on local variable 'i' [39]  (0.387 ns)

 <State 2>: 1.22ns
The critical path consists of the following:
	fifo write operation ('write_ln174', /tools/Xilinx/Vitis_HLS/2022.1/common/technology/autopilot/hls_stream_39.h:174) on port 'out_id' (/tools/Xilinx/Vitis_HLS/2022.1/common/technology/autopilot/hls_stream_39.h:174) [37]  (1.22 ns)


============================================================
+ Verbose Summary: Binding
============================================================
N/A
* FSMD analyzer results:
  - Output states:
 - Input state : 
  - Chain level:
	State 1
	State 2


============================================================
+ Verbose Summary: Datapath Resource usage 
============================================================
N/A
