

================================================================
== Vitis HLS Report for 'krnl_partialKnn_wrapper_6_Pipeline_LOAD_QUERY'
================================================================
* Date:           Wed May 22 14:57:16 2024

* Version:        2022.1 (Build 3526262 on Mon Apr 18 15:47:01 MDT 2022)
* Project:        project
* Solution:       krnl_partialKnn_wrapper_6 (Vivado IP Flow Target)
* Product family: virtexuplus
* Target device:  xcu55c-fsvh2892-2L-e


================================================================
== Performance Estimates
================================================================
+ Timing: 
    * Summary: 
    +--------+---------+----------+------------+
    |  Clock |  Target | Estimated| Uncertainty|
    +--------+---------+----------+------------+
    |ap_clk  |  3.33 ns|  3.847 ns|     0.90 ns|
    +--------+---------+----------+------------+

+ Latency: 
    * Summary: 
    +---------+---------+----------+----------+-----+-----+---------+
    |  Latency (cycles) |  Latency (absolute) |  Interval | Pipeline|
    |   min   |   max   |    min   |    max   | min | max |   Type  |
    +---------+---------+----------+----------+-----+-----+---------+
    |        ?|        ?|         ?|         ?|    ?|    ?|       no|
    +---------+---------+----------+----------+-----+-----+---------+

    + Detail: 
        * Instance: 
        N/A

        * Loop: 
        +--------------+---------+---------+----------+-----------+-----------+------+----------+
        |              |  Latency (cycles) | Iteration|  Initiation Interval  | Trip |          |
        |   Loop Name  |   min   |   max   |  Latency |  achieved |   target  | Count| Pipelined|
        +--------------+---------+---------+----------+-----------+-----------+------+----------+
        |- LOAD_QUERY  |        ?|        ?|         2|          1|          1|     ?|       yes|
        +--------------+---------+---------+----------+-----------+-----------+------+----------+

============================================================
+ Verbose Summary: Synthesis Manager
============================================================
InlineROM: 1
ExposeGlobal: 0
============================================================
+ Verbose Summary: CDFG Model
============================================================
IsTopModel: 0
ResetActiveHigh: 1
IsCombinational: 0
IsDatapathOnly: 0
HasWiredReturn: 1
HasMFsm: 2
HasVarLatency: 1
IsPipeline: 0
IsRtlPipelined: 0
IsInstanceOverlapped: 0
IsDontTouch: 0
HasImplIP: 0
IsGatedGlobalClock: 0

+ Individual pipeline summary: 
  * Pipeline-0: initiation interval (II) = 1, depth = 2


============================================================
+ Verbose Summary: Schedule
============================================================
* Number of FSM states : 2
* Pipeline : 1
  Pipeline-0 : II = 1, D = 2, States = { 1 2 }
* Dataflow Pipeline: 0

* FSM state transitions: 
1 --> 2 
2 --> 

* FSM state operations: 

State 1 <SV = 0> <Delay = 2.06>
ST_1 : Operation 5 [1/1] (0.00ns)   --->   "%i_req = alloca i32 1"   --->   Operation 5 'alloca' 'i_req' <Predicate = true> <Delay = 0.00>
ST_1 : Operation 6 [1/1] (0.00ns)   --->   "%i_resp = alloca i32 1"   --->   Operation 6 'alloca' 'i_resp' <Predicate = true> <Delay = 0.00>
ST_1 : Operation 7 [1/1] (0.00ns)   --->   "%local_Query_0 = alloca i32 1"   --->   Operation 7 'alloca' 'local_Query_0' <Predicate = true> <Delay = 0.00>
ST_1 : Operation 8 [1/1] (0.00ns)   --->   "%local_Query_0_1 = alloca i32 1"   --->   Operation 8 'alloca' 'local_Query_0_1' <Predicate = true> <Delay = 0.00>
ST_1 : Operation 9 [1/1] (0.00ns)   --->   "%specinterface_ln0 = specinterface void @_ssdm_op_SpecInterface, i257 %searchSpace_0_read_data_s, void @empty_12, i32 0, i32 0, void @empty_10, i32 0, i32 0, void @empty_10, void @empty_10, void @empty_10, i32 0, i32 0, i32 0, i32 0, void @empty_10, void @empty_10, i32 4294967295, i32 0"   --->   Operation 9 'specinterface' 'specinterface_ln0' <Predicate = true> <Delay = 0.00>
ST_1 : Operation 10 [1/1] (0.00ns)   --->   "%specinterface_ln0 = specinterface void @_ssdm_op_SpecInterface, i65 %searchSpace_0_read_addr, void @empty_12, i32 0, i32 0, void @empty_10, i32 0, i32 0, void @empty_10, void @empty_10, void @empty_10, i32 0, i32 0, i32 0, i32 0, void @empty_10, void @empty_10, i32 4294967295, i32 0"   --->   Operation 10 'specinterface' 'specinterface_ln0' <Predicate = true> <Delay = 0.00>
ST_1 : Operation 11 [1/1] (0.38ns)   --->   "%store_ln0 = store i32 0, i32 %i_resp"   --->   Operation 11 'store' 'store_ln0' <Predicate = true> <Delay = 0.38>
ST_1 : Operation 12 [1/1] (0.38ns)   --->   "%store_ln0 = store i32 0, i32 %i_req"   --->   Operation 12 'store' 'store_ln0' <Predicate = true> <Delay = 0.38>
ST_1 : Operation 13 [1/1] (0.00ns)   --->   "%br_ln0 = br void %for.cond.i"   --->   Operation 13 'br' 'br_ln0' <Predicate = true> <Delay = 0.00>
ST_1 : Operation 14 [1/1] (0.00ns)   --->   "%i_resp_4 = load i32 %i_resp" [/home/nehaprakriya/Documents/tapa/regression/knn/src/run_split_check/cpp/krnl_partialKnn_wrapper_6.cpp:412]   --->   Operation 14 'load' 'i_resp_4' <Predicate = true> <Delay = 0.00>
ST_1 : Operation 15 [1/1] (0.00ns)   --->   "%trunc_ln396 = trunc i32 %i_resp_4" [/home/nehaprakriya/Documents/tapa/regression/knn/src/run_split_check/cpp/krnl_partialKnn_wrapper_6.cpp:396]   --->   Operation 15 'trunc' 'trunc_ln396' <Predicate = true> <Delay = 0.00>
ST_1 : Operation 16 [1/1] (0.00ns)   --->   "%tmp = partselect i31 @_ssdm_op_PartSelect.i31.i32.i32.i32, i32 %i_resp_4, i32 1, i32 31" [/home/nehaprakriya/Documents/tapa/regression/knn/src/run_split_check/cpp/krnl_partialKnn_wrapper_6.cpp:396]   --->   Operation 16 'partselect' 'tmp' <Predicate = true> <Delay = 0.00>
ST_1 : Operation 17 [1/1] (0.84ns)   --->   "%icmp_ln396 = icmp_slt  i31 %tmp, i31 1" [/home/nehaprakriya/Documents/tapa/regression/knn/src/run_split_check/cpp/krnl_partialKnn_wrapper_6.cpp:396]   --->   Operation 17 'icmp' 'icmp_ln396' <Predicate = true> <Delay = 0.84> <CoreInst = "Cmp">   --->   Core 9 'Cmp' <Latency = 0> <II = 1> <Delay = 0.84> <FuncUnit> <Opcode : 'icmp'> <InPorts = 2> <OutPorts = 1>
ST_1 : Operation 18 [1/1] (0.00ns)   --->   "%br_ln396 = br i1 %icmp_ln396, void %for.cond.cleanup.i.exitStub, void %for.body.i" [/home/nehaprakriya/Documents/tapa/regression/knn/src/run_split_check/cpp/krnl_partialKnn_wrapper_6.cpp:396]   --->   Operation 18 'br' 'br_ln396' <Predicate = true> <Delay = 0.00>
ST_1 : Operation 19 [1/1] (0.00ns)   --->   "%tmp_7 = nbreadreq i1 @_ssdm_op_NbReadReq.ap_fifo.i257P0A, i257 %searchSpace_0_read_data_s, i32 1" [/tools/Xilinx/Vitis_HLS/2022.1/common/technology/autopilot/hls_stream_39.h:136]   --->   Operation 19 'nbreadreq' 'tmp_7' <Predicate = (icmp_ln396)> <Delay = 0.00> <CoreInst = "FIFO">   --->   Core 78 'FIFO' <Latency = 0> <II = 1> <Delay = 1.42> <Storage> <Opcode : 'read' 'write' 'nbread' 'nbwrite'> <Ports = 0> <Width = -1> <Depth = -1> <FIFO>
ST_1 : Operation 20 [1/1] (0.00ns)   --->   "%br_ln405 = br i1 %tmp_7, void %if.end19.i, void %if.then12.i" [/home/nehaprakriya/Documents/tapa/regression/knn/src/run_split_check/cpp/krnl_partialKnn_wrapper_6.cpp:405]   --->   Operation 20 'br' 'br_ln405' <Predicate = (icmp_ln396)> <Delay = 0.00>
ST_1 : Operation 21 [1/1] (1.21ns)   --->   "%searchSpace_0_read_data_s_read = nbread i258 @_ssdm_op_NbRead.ap_fifo.volatile.i257P0A, i257 %searchSpace_0_read_data_s" [/tools/Xilinx/Vitis_HLS/2022.1/common/technology/autopilot/hls_stream_39.h:164]   --->   Operation 21 'nbread' 'searchSpace_0_read_data_s_read' <Predicate = (icmp_ln396 & tmp_7)> <Delay = 1.21> <CoreInst = "FIFO">   --->   Core 78 'FIFO' <Latency = 0> <II = 1> <Delay = 1.42> <Storage> <Opcode : 'read' 'write' 'nbread' 'nbwrite'> <Ports = 0> <Width = -1> <Depth = -1> <FIFO>
ST_1 : Operation 22 [1/1] (0.57ns)   --->   "%sub_ln407 = sub i3 0, i3 %trunc_ln396" [/home/nehaprakriya/Documents/tapa/regression/knn/src/run_split_check/cpp/krnl_partialKnn_wrapper_6.cpp:407]   --->   Operation 22 'sub' 'sub_ln407' <Predicate = (icmp_ln396 & tmp_7)> <Delay = 0.57> <CoreInst = "Adder">   --->   Core 1 'Adder' <Latency = 0> <II = 1> <Delay = 0.57> <FuncUnit> <Opcode : 'add' 'sub'> <InPorts = 2> <OutPorts = 1>
ST_1 : Operation 23 [1/1] (0.88ns)   --->   "%i_resp_5 = add i32 %i_resp_4, i32 1" [/home/nehaprakriya/Documents/tapa/regression/knn/src/run_split_check/cpp/krnl_partialKnn_wrapper_6.cpp:414]   --->   Operation 23 'add' 'i_resp_5' <Predicate = (icmp_ln396 & tmp_7)> <Delay = 0.88> <CoreInst = "Adder">   --->   Core 1 'Adder' <Latency = 0> <II = 1> <Delay = 0.88> <FuncUnit> <Opcode : 'add' 'sub'> <InPorts = 2> <OutPorts = 1>
ST_1 : Operation 24 [1/1] (0.38ns)   --->   "%store_ln415 = store i32 %i_resp_5, i32 %i_resp" [/home/nehaprakriya/Documents/tapa/regression/knn/src/run_split_check/cpp/krnl_partialKnn_wrapper_6.cpp:415]   --->   Operation 24 'store' 'store_ln415' <Predicate = (icmp_ln396 & tmp_7)> <Delay = 0.38>
ST_1 : Operation 25 [1/1] (0.00ns)   --->   "%br_ln396 = br void %for.cond.i" [/home/nehaprakriya/Documents/tapa/regression/knn/src/run_split_check/cpp/krnl_partialKnn_wrapper_6.cpp:396]   --->   Operation 25 'br' 'br_ln396' <Predicate = (icmp_ln396)> <Delay = 0.00>
ST_1 : Operation 68 [1/1] (0.00ns)   --->   "%local_Query_0_load = load i32 %local_Query_0"   --->   Operation 68 'load' 'local_Query_0_load' <Predicate = (!icmp_ln396)> <Delay = 0.00>
ST_1 : Operation 69 [1/1] (0.00ns)   --->   "%local_Query_0_1_load = load i32 %local_Query_0_1"   --->   Operation 69 'load' 'local_Query_0_1_load' <Predicate = (!icmp_ln396)> <Delay = 0.00>
ST_1 : Operation 70 [1/1] (0.00ns)   --->   "%write_ln0 = write void @_ssdm_op_Write.ap_auto.floatP0A, i32 %local_Query_0_1_out, i32 %local_Query_0_1_load"   --->   Operation 70 'write' 'write_ln0' <Predicate = (!icmp_ln396)> <Delay = 0.00>
ST_1 : Operation 71 [1/1] (0.00ns)   --->   "%write_ln0 = write void @_ssdm_op_Write.ap_auto.floatP0A, i32 %local_Query_0_out, i32 %local_Query_0_load"   --->   Operation 71 'write' 'write_ln0' <Predicate = (!icmp_ln396)> <Delay = 0.00>
ST_1 : Operation 72 [1/1] (0.00ns)   --->   "%ret_ln0 = ret"   --->   Operation 72 'ret' 'ret_ln0' <Predicate = (!icmp_ln396)> <Delay = 0.00>

State 2 <SV = 1> <Delay = 3.84>
ST_2 : Operation 26 [1/1] (0.00ns)   --->   "%i_req_load = load i32 %i_req" [/home/nehaprakriya/Documents/tapa/regression/knn/src/run_split_check/cpp/krnl_partialKnn_wrapper_6.cpp:400]   --->   Operation 26 'load' 'i_req_load' <Predicate = true> <Delay = 0.00>
ST_2 : Operation 27 [1/1] (0.00ns)   --->   "%specpipeline_ln397 = specpipeline void @_ssdm_op_SpecPipeline, i32 1, i32 0, i32 0, i32 0, void @empty_10" [/home/nehaprakriya/Documents/tapa/regression/knn/src/run_split_check/cpp/krnl_partialKnn_wrapper_6.cpp:397]   --->   Operation 27 'specpipeline' 'specpipeline_ln397' <Predicate = true> <Delay = 0.00>
ST_2 : Operation 28 [1/1] (0.00ns)   --->   "%specloopname_ln399 = specloopname void @_ssdm_op_SpecLoopName, void @empty_6" [/home/nehaprakriya/Documents/tapa/regression/knn/src/run_split_check/cpp/krnl_partialKnn_wrapper_6.cpp:399]   --->   Operation 28 'specloopname' 'specloopname_ln399' <Predicate = true> <Delay = 0.00>
ST_2 : Operation 29 [1/1] (0.00ns)   --->   "%tmp_5 = bitselect i1 @_ssdm_op_BitSelect.i1.i32.i32, i32 %i_req_load, i32 31" [/home/nehaprakriya/Documents/tapa/regression/knn/src/run_split_check/cpp/krnl_partialKnn_wrapper_6.cpp:399]   --->   Operation 29 'bitselect' 'tmp_5' <Predicate = true> <Delay = 0.00>
ST_2 : Operation 30 [1/1] (0.88ns)   --->   "%sub_ln399 = sub i32 0, i32 %i_req_load" [/home/nehaprakriya/Documents/tapa/regression/knn/src/run_split_check/cpp/krnl_partialKnn_wrapper_6.cpp:399]   --->   Operation 30 'sub' 'sub_ln399' <Predicate = true> <Delay = 0.88> <CoreInst = "Adder">   --->   Core 1 'Adder' <Latency = 0> <II = 1> <Delay = 0.88> <FuncUnit> <Opcode : 'add' 'sub'> <InPorts = 2> <OutPorts = 1>
ST_2 : Operation 31 [1/1] (0.00ns)   --->   "%trunc_ln399_1 = partselect i29 @_ssdm_op_PartSelect.i29.i32.i32.i32, i32 %sub_ln399, i32 3, i32 31" [/home/nehaprakriya/Documents/tapa/regression/knn/src/run_split_check/cpp/krnl_partialKnn_wrapper_6.cpp:399]   --->   Operation 31 'partselect' 'trunc_ln399_1' <Predicate = true> <Delay = 0.00>
ST_2 : Operation 32 [1/1] (0.00ns)   --->   "%zext_ln399 = zext i29 %trunc_ln399_1" [/home/nehaprakriya/Documents/tapa/regression/knn/src/run_split_check/cpp/krnl_partialKnn_wrapper_6.cpp:399]   --->   Operation 32 'zext' 'zext_ln399' <Predicate = true> <Delay = 0.00>
ST_2 : Operation 33 [1/1] (0.86ns)   --->   "%sub_ln399_1 = sub i30 0, i30 %zext_ln399" [/home/nehaprakriya/Documents/tapa/regression/knn/src/run_split_check/cpp/krnl_partialKnn_wrapper_6.cpp:399]   --->   Operation 33 'sub' 'sub_ln399_1' <Predicate = true> <Delay = 0.86> <CoreInst = "Adder">   --->   Core 1 'Adder' <Latency = 0> <II = 1> <Delay = 0.86> <FuncUnit> <Opcode : 'add' 'sub'> <InPorts = 2> <OutPorts = 1>
ST_2 : Operation 34 [1/1] (0.00ns)   --->   "%trunc_ln399_2 = partselect i29 @_ssdm_op_PartSelect.i29.i32.i32.i32, i32 %i_req_load, i32 3, i32 31" [/home/nehaprakriya/Documents/tapa/regression/knn/src/run_split_check/cpp/krnl_partialKnn_wrapper_6.cpp:399]   --->   Operation 34 'partselect' 'trunc_ln399_2' <Predicate = true> <Delay = 0.00>
ST_2 : Operation 35 [1/1] (0.00ns)   --->   "%zext_ln399_1 = zext i29 %trunc_ln399_2" [/home/nehaprakriya/Documents/tapa/regression/knn/src/run_split_check/cpp/krnl_partialKnn_wrapper_6.cpp:399]   --->   Operation 35 'zext' 'zext_ln399_1' <Predicate = true> <Delay = 0.00>
ST_2 : Operation 36 [1/1] (0.27ns)   --->   "%input_rd_idx = select i1 %tmp_5, i30 %sub_ln399_1, i30 %zext_ln399_1" [/home/nehaprakriya/Documents/tapa/regression/knn/src/run_split_check/cpp/krnl_partialKnn_wrapper_6.cpp:399]   --->   Operation 36 'select' 'input_rd_idx' <Predicate = true> <Delay = 0.27> <CoreInst = "Sel">   --->   Core 73 'Sel' <Latency = 0> <II = 1> <Delay = 0.27> <FuncUnit> <Opcode : 'select'> <InPorts = 3> <OutPorts = 1>
ST_2 : Operation 37 [1/1] (0.00ns)   --->   "%tmp_8 = partselect i31 @_ssdm_op_PartSelect.i31.i32.i32.i32, i32 %i_req_load, i32 1, i32 31" [/home/nehaprakriya/Documents/tapa/regression/knn/src/run_split_check/cpp/krnl_partialKnn_wrapper_6.cpp:400]   --->   Operation 37 'partselect' 'tmp_8' <Predicate = true> <Delay = 0.00>
ST_2 : Operation 38 [1/1] (0.84ns)   --->   "%icmp_ln400 = icmp_slt  i31 %tmp_8, i31 1" [/home/nehaprakriya/Documents/tapa/regression/knn/src/run_split_check/cpp/krnl_partialKnn_wrapper_6.cpp:400]   --->   Operation 38 'icmp' 'icmp_ln400' <Predicate = true> <Delay = 0.84> <CoreInst = "Cmp">   --->   Core 9 'Cmp' <Latency = 0> <II = 1> <Delay = 0.84> <FuncUnit> <Opcode : 'icmp'> <InPorts = 2> <OutPorts = 1>
ST_2 : Operation 39 [1/1] (0.00ns)   --->   "%br_ln400 = br i1 %icmp_ln400, void %land.end.i, void %land.rhs.i" [/home/nehaprakriya/Documents/tapa/regression/knn/src/run_split_check/cpp/krnl_partialKnn_wrapper_6.cpp:400]   --->   Operation 39 'br' 'br_ln400' <Predicate = true> <Delay = 0.00>
ST_2 : Operation 40 [1/1] (0.00ns)   --->   "%sext_ln400 = sext i30 %input_rd_idx" [/home/nehaprakriya/Documents/tapa/regression/knn/src/run_split_check/cpp/krnl_partialKnn_wrapper_6.cpp:400]   --->   Operation 40 'sext' 'sext_ln400' <Predicate = (icmp_ln400)> <Delay = 0.00>
ST_2 : Operation 41 [1/1] (0.00ns)   --->   "%p_0 = bitconcatenate i65 @_ssdm_op_BitConcatenate.i65.i1.i64, i1 0, i64 %sext_ln400" [/tools/Xilinx/Vitis_HLS/2022.1/common/technology/autopilot/hls_stream_39.h:185]   --->   Operation 41 'bitconcatenate' 'p_0' <Predicate = (icmp_ln400)> <Delay = 0.00>
ST_2 : Operation 42 [1/1] (1.21ns)   --->   "%tmp_6 = nbwrite i1 @_ssdm_op_NbWrite.ap_fifo.volatile.i65P0A, i65 %searchSpace_0_read_addr, i65 %p_0" [/tools/Xilinx/Vitis_HLS/2022.1/common/technology/autopilot/hls_stream_39.h:185]   --->   Operation 42 'nbwrite' 'tmp_6' <Predicate = (icmp_ln400)> <Delay = 1.21> <CoreInst = "FIFO">   --->   Core 78 'FIFO' <Latency = 0> <II = 1> <Delay = 1.42> <Storage> <Opcode : 'read' 'write' 'nbread' 'nbwrite'> <Ports = 0> <Width = -1> <Depth = -1> <FIFO>
ST_2 : Operation 43 [1/1] (0.88ns)   --->   "%add_ln401 = add i32 %i_req_load, i32 1" [/home/nehaprakriya/Documents/tapa/regression/knn/src/run_split_check/cpp/krnl_partialKnn_wrapper_6.cpp:401]   --->   Operation 43 'add' 'add_ln401' <Predicate = (icmp_ln400)> <Delay = 0.88> <CoreInst = "Adder">   --->   Core 1 'Adder' <Latency = 0> <II = 1> <Delay = 0.88> <FuncUnit> <Opcode : 'add' 'sub'> <InPorts = 2> <OutPorts = 1>
ST_2 : Operation 44 [1/1] (0.22ns)   --->   "%select_ln400 = select i1 %tmp_6, i32 %add_ln401, i32 %i_req_load" [/home/nehaprakriya/Documents/tapa/regression/knn/src/run_split_check/cpp/krnl_partialKnn_wrapper_6.cpp:400]   --->   Operation 44 'select' 'select_ln400' <Predicate = (icmp_ln400)> <Delay = 0.22> <CoreInst = "Sel">   --->   Core 73 'Sel' <Latency = 0> <II = 1> <Delay = 0.22> <FuncUnit> <Opcode : 'select'> <InPorts = 3> <OutPorts = 1>
ST_2 : Operation 45 [1/1] (0.38ns)   --->   "%store_ln400 = store i32 %select_ln400, i32 %i_req" [/home/nehaprakriya/Documents/tapa/regression/knn/src/run_split_check/cpp/krnl_partialKnn_wrapper_6.cpp:400]   --->   Operation 45 'store' 'store_ln400' <Predicate = (icmp_ln400)> <Delay = 0.38>
ST_2 : Operation 46 [1/1] (0.00ns)   --->   "%br_ln400 = br void %land.end.i" [/home/nehaprakriya/Documents/tapa/regression/knn/src/run_split_check/cpp/krnl_partialKnn_wrapper_6.cpp:400]   --->   Operation 46 'br' 'br_ln400' <Predicate = (icmp_ln400)> <Delay = 0.00>
ST_2 : Operation 47 [1/1] (0.00ns)   --->   "%local_Query_0_load_1 = load i32 %local_Query_0" [/home/nehaprakriya/Documents/tapa/regression/knn/src/run_split_check/cpp/krnl_partialKnn_wrapper_6.cpp:412]   --->   Operation 47 'load' 'local_Query_0_load_1' <Predicate = (tmp_7)> <Delay = 0.00>
ST_2 : Operation 48 [1/1] (0.00ns)   --->   "%local_Query_0_1_load_1 = load i32 %local_Query_0_1" [/home/nehaprakriya/Documents/tapa/regression/knn/src/run_split_check/cpp/krnl_partialKnn_wrapper_6.cpp:412]   --->   Operation 48 'load' 'local_Query_0_1_load_1' <Predicate = (tmp_7)> <Delay = 0.00>
ST_2 : Operation 49 [1/1] (0.00ns) (grouped into LUT with out node lshr_ln674)   --->   "%p_s = extractvalue i258 %searchSpace_0_read_data_s_read" [/tools/Xilinx/Vitis_HLS/2022.1/common/technology/autopilot/hls_stream_39.h:164]   --->   Operation 49 'extractvalue' 'p_s' <Predicate = (tmp_7)> <Delay = 0.00>
ST_2 : Operation 50 [1/1] (0.00ns) (grouped into LUT with out node lshr_ln674)   --->   "%elem_val_V = trunc i257 %p_s" [/tools/Xilinx/Vitis_HLS/2022.1/common/technology/autopilot/hls_stream_39.h:164]   --->   Operation 50 'trunc' 'elem_val_V' <Predicate = (tmp_7)> <Delay = 0.00>
ST_2 : Operation 51 [1/1] (0.00ns) (grouped into LUT with out node lshr_ln674)   --->   "%tmp_9 = bitselect i1 @_ssdm_op_BitSelect.i1.i32.i32, i32 %i_resp_4, i32 31" [/home/nehaprakriya/Documents/tapa/regression/knn/src/run_split_check/cpp/krnl_partialKnn_wrapper_6.cpp:407]   --->   Operation 51 'bitselect' 'tmp_9' <Predicate = (tmp_7)> <Delay = 0.00>
ST_2 : Operation 52 [1/1] (0.00ns)   --->   "%p_and_t = bitconcatenate i4 @_ssdm_op_BitConcatenate.i4.i1.i3, i1 0, i3 %sub_ln407" [/home/nehaprakriya/Documents/tapa/regression/knn/src/run_split_check/cpp/krnl_partialKnn_wrapper_6.cpp:407]   --->   Operation 52 'bitconcatenate' 'p_and_t' <Predicate = (tmp_7)> <Delay = 0.00>
ST_2 : Operation 53 [1/1] (0.00ns)   --->   "%zext_ln407 = zext i4 %p_and_t" [/home/nehaprakriya/Documents/tapa/regression/knn/src/run_split_check/cpp/krnl_partialKnn_wrapper_6.cpp:407]   --->   Operation 53 'zext' 'zext_ln407' <Predicate = (tmp_7)> <Delay = 0.00>
ST_2 : Operation 54 [1/1] (0.70ns)   --->   "%sub_ln407_1 = sub i5 0, i5 %zext_ln407" [/home/nehaprakriya/Documents/tapa/regression/knn/src/run_split_check/cpp/krnl_partialKnn_wrapper_6.cpp:407]   --->   Operation 54 'sub' 'sub_ln407_1' <Predicate = (tmp_7)> <Delay = 0.70> <CoreInst = "Adder">   --->   Core 1 'Adder' <Latency = 0> <II = 1> <Delay = 0.70> <FuncUnit> <Opcode : 'add' 'sub'> <InPorts = 2> <OutPorts = 1>
ST_2 : Operation 55 [1/1] (0.00ns) (grouped into LUT with out node lshr_ln674)   --->   "%trunc_ln407 = trunc i5 %sub_ln407_1" [/home/nehaprakriya/Documents/tapa/regression/knn/src/run_split_check/cpp/krnl_partialKnn_wrapper_6.cpp:407]   --->   Operation 55 'trunc' 'trunc_ln407' <Predicate = (tmp_7)> <Delay = 0.00>
ST_2 : Operation 56 [1/1] (0.00ns) (grouped into LUT with out node lshr_ln674)   --->   "%select_ln407 = select i1 %tmp_9, i3 %trunc_ln407, i3 %trunc_ln396" [/home/nehaprakriya/Documents/tapa/regression/knn/src/run_split_check/cpp/krnl_partialKnn_wrapper_6.cpp:407]   --->   Operation 56 'select' 'select_ln407' <Predicate = (tmp_7)> <Delay = 0.00> <CoreInst = "Sel">   --->   Core 73 'Sel' <Latency = 0> <II = 1> <Delay = 0.27> <FuncUnit> <Opcode : 'select'> <InPorts = 3> <OutPorts = 1>
ST_2 : Operation 57 [1/1] (0.00ns) (grouped into LUT with out node lshr_ln674)   --->   "%tmp_10 = bitconcatenate i8 @_ssdm_op_BitConcatenate.i8.i3.i5, i3 %select_ln407, i5 0"   --->   Operation 57 'bitconcatenate' 'tmp_10' <Predicate = (tmp_7)> <Delay = 0.00>
ST_2 : Operation 58 [1/1] (0.00ns) (grouped into LUT with out node lshr_ln674)   --->   "%zext_ln674 = zext i8 %tmp_10"   --->   Operation 58 'zext' 'zext_ln674' <Predicate = (tmp_7)> <Delay = 0.00>
ST_2 : Operation 59 [1/1] (1.20ns) (out node of the LUT)   --->   "%lshr_ln674 = lshr i256 %elem_val_V, i256 %zext_ln674"   --->   Operation 59 'lshr' 'lshr_ln674' <Predicate = (tmp_7)> <Delay = 1.20> <CoreInst = "Shifter">   --->   Core 75 'Shifter' <Latency = 0> <II = 1> <Delay = 1.20> <FuncUnit> <Opcode : 'shl' 'lshr' 'ashr'> <InPorts = 2> <OutPorts = 1>
ST_2 : Operation 60 [1/1] (0.00ns)   --->   "%tmp_11 = trunc i256 %lshr_ln674"   --->   Operation 60 'trunc' 'tmp_11' <Predicate = (tmp_7)> <Delay = 0.00>
ST_2 : Operation 61 [1/1] (0.00ns)   --->   "%bitcast_ln412 = bitcast i32 %tmp_11" [/home/nehaprakriya/Documents/tapa/regression/knn/src/run_split_check/cpp/krnl_partialKnn_wrapper_6.cpp:412]   --->   Operation 61 'bitcast' 'bitcast_ln412' <Predicate = (tmp_7)> <Delay = 0.00>
ST_2 : Operation 62 [1/1] (0.00ns)   --->   "%trunc_ln412 = trunc i32 %i_resp_4" [/home/nehaprakriya/Documents/tapa/regression/knn/src/run_split_check/cpp/krnl_partialKnn_wrapper_6.cpp:412]   --->   Operation 62 'trunc' 'trunc_ln412' <Predicate = (tmp_7)> <Delay = 0.00>
ST_2 : Operation 63 [1/1] (0.22ns)   --->   "%local_Query_0_2 = select i1 %trunc_ln412, i32 %local_Query_0_1_load_1, i32 %bitcast_ln412" [/home/nehaprakriya/Documents/tapa/regression/knn/src/run_split_check/cpp/krnl_partialKnn_wrapper_6.cpp:412]   --->   Operation 63 'select' 'local_Query_0_2' <Predicate = (tmp_7)> <Delay = 0.22> <CoreInst = "Sel">   --->   Core 73 'Sel' <Latency = 0> <II = 1> <Delay = 0.22> <FuncUnit> <Opcode : 'select'> <InPorts = 3> <OutPorts = 1>
ST_2 : Operation 64 [1/1] (0.22ns)   --->   "%local_Query_0_3 = select i1 %trunc_ln412, i32 %bitcast_ln412, i32 %local_Query_0_load_1" [/home/nehaprakriya/Documents/tapa/regression/knn/src/run_split_check/cpp/krnl_partialKnn_wrapper_6.cpp:412]   --->   Operation 64 'select' 'local_Query_0_3' <Predicate = (tmp_7)> <Delay = 0.22> <CoreInst = "Sel">   --->   Core 73 'Sel' <Latency = 0> <II = 1> <Delay = 0.22> <FuncUnit> <Opcode : 'select'> <InPorts = 3> <OutPorts = 1>
ST_2 : Operation 65 [1/1] (0.00ns)   --->   "%store_ln415 = store i32 %local_Query_0_2, i32 %local_Query_0_1" [/home/nehaprakriya/Documents/tapa/regression/knn/src/run_split_check/cpp/krnl_partialKnn_wrapper_6.cpp:415]   --->   Operation 65 'store' 'store_ln415' <Predicate = (tmp_7)> <Delay = 0.00>
ST_2 : Operation 66 [1/1] (0.00ns)   --->   "%store_ln415 = store i32 %local_Query_0_3, i32 %local_Query_0" [/home/nehaprakriya/Documents/tapa/regression/knn/src/run_split_check/cpp/krnl_partialKnn_wrapper_6.cpp:415]   --->   Operation 66 'store' 'store_ln415' <Predicate = (tmp_7)> <Delay = 0.00>
ST_2 : Operation 67 [1/1] (0.00ns)   --->   "%br_ln415 = br void %if.end19.i" [/home/nehaprakriya/Documents/tapa/regression/knn/src/run_split_check/cpp/krnl_partialKnn_wrapper_6.cpp:415]   --->   Operation 67 'br' 'br_ln415' <Predicate = (tmp_7)> <Delay = 0.00>


============================================================
+ Verbose Summary: Binding
============================================================
STG Binding: 
---------------- STG Properties BEGIN ----------------
- Is combinational: 0
- Is one-state seq: 0
- Is datapath-only: 0
- Is pipelined: 0
- Is top level: 0
Port [ Return ] is wired: 1; IO mode=ap_ctrl_hs:ce=0
Port [ searchSpace_0_read_data_s]:  wired=1; compound=1; hidden=0; nouse=0; global=0; static=0; extern=0; dir=0; type=3; pingpong=0; private_global=0; IO mode=ap_fifo:ce=0
Port [ searchSpace_0_read_addr]:  wired=1; compound=1; hidden=0; nouse=0; global=0; static=0; extern=0; dir=1; type=3; pingpong=0; private_global=0; IO mode=ap_fifo:ce=0
Port [ local_Query_0_1_out]:  wired=1; compound=0; hidden=0; nouse=0; global=0; static=0; extern=0; dir=1; type=0; pingpong=0; private_global=0; IO mode=ap_vld:ce=0
Port [ local_Query_0_out]:  wired=1; compound=0; hidden=0; nouse=0; global=0; static=0; extern=0; dir=1; type=0; pingpong=0; private_global=0; IO mode=ap_vld:ce=0
---------------- STG Properties END ------------------

---------------- Datapath Model BEGIN ----------------

<LifeTime>
<method=bitvector/>
i_req                          (alloca        ) [ 011]
i_resp                         (alloca        ) [ 010]
local_Query_0                  (alloca        ) [ 011]
local_Query_0_1                (alloca        ) [ 011]
specinterface_ln0              (specinterface ) [ 000]
specinterface_ln0              (specinterface ) [ 000]
store_ln0                      (store         ) [ 000]
store_ln0                      (store         ) [ 000]
br_ln0                         (br            ) [ 000]
i_resp_4                       (load          ) [ 011]
trunc_ln396                    (trunc         ) [ 011]
tmp                            (partselect    ) [ 000]
icmp_ln396                     (icmp          ) [ 010]
br_ln396                       (br            ) [ 000]
tmp_7                          (nbreadreq     ) [ 011]
br_ln405                       (br            ) [ 000]
searchSpace_0_read_data_s_read (nbread        ) [ 011]
sub_ln407                      (sub           ) [ 011]
i_resp_5                       (add           ) [ 000]
store_ln415                    (store         ) [ 000]
br_ln396                       (br            ) [ 000]
i_req_load                     (load          ) [ 000]
specpipeline_ln397             (specpipeline  ) [ 000]
specloopname_ln399             (specloopname  ) [ 000]
tmp_5                          (bitselect     ) [ 000]
sub_ln399                      (sub           ) [ 000]
trunc_ln399_1                  (partselect    ) [ 000]
zext_ln399                     (zext          ) [ 000]
sub_ln399_1                    (sub           ) [ 000]
trunc_ln399_2                  (partselect    ) [ 000]
zext_ln399_1                   (zext          ) [ 000]
input_rd_idx                   (select        ) [ 000]
tmp_8                          (partselect    ) [ 000]
icmp_ln400                     (icmp          ) [ 011]
br_ln400                       (br            ) [ 000]
sext_ln400                     (sext          ) [ 000]
p_0                            (bitconcatenate) [ 000]
tmp_6                          (nbwrite       ) [ 000]
add_ln401                      (add           ) [ 000]
select_ln400                   (select        ) [ 000]
store_ln400                    (store         ) [ 000]
br_ln400                       (br            ) [ 000]
local_Query_0_load_1           (load          ) [ 000]
local_Query_0_1_load_1         (load          ) [ 000]
p_s                            (extractvalue  ) [ 000]
elem_val_V                     (trunc         ) [ 000]
tmp_9                          (bitselect     ) [ 000]
p_and_t                        (bitconcatenate) [ 000]
zext_ln407                     (zext          ) [ 000]
sub_ln407_1                    (sub           ) [ 000]
trunc_ln407                    (trunc         ) [ 000]
select_ln407                   (select        ) [ 000]
tmp_10                         (bitconcatenate) [ 000]
zext_ln674                     (zext          ) [ 000]
lshr_ln674                     (lshr          ) [ 000]
tmp_11                         (trunc         ) [ 000]
bitcast_ln412                  (bitcast       ) [ 000]
trunc_ln412                    (trunc         ) [ 000]
local_Query_0_2                (select        ) [ 000]
local_Query_0_3                (select        ) [ 000]
store_ln415                    (store         ) [ 000]
store_ln415                    (store         ) [ 000]
br_ln415                       (br            ) [ 000]
local_Query_0_load             (load          ) [ 000]
local_Query_0_1_load           (load          ) [ 000]
write_ln0                      (write         ) [ 000]
write_ln0                      (write         ) [ 000]
ret_ln0                        (ret           ) [ 000]
</LifeTime>

<model>

<comp_list>
<comp id="0" class="1000" name="searchSpace_0_read_data_s">
<pin_list>
<pin id="1" dir="1" index="0" bw="1" slack="0"/>
</pin_list>
<bind>
<StgValue><ssdm name="searchSpace_0_read_data_s"/></StgValue>
</bind>
</comp>

<comp id="2" class="1000" name="searchSpace_0_read_addr">
<pin_list>
<pin id="3" dir="1" index="0" bw="1" slack="0"/>
</pin_list>
<bind>
<StgValue><ssdm name="searchSpace_0_read_addr"/></StgValue>
</bind>
</comp>

<comp id="4" class="1000" name="local_Query_0_1_out">
<pin_list>
<pin id="5" dir="1" index="0" bw="1" slack="0"/>
</pin_list>
<bind>
<StgValue><ssdm name="local_Query_0_1_out"/></StgValue>
</bind>
</comp>

<comp id="6" class="1000" name="local_Query_0_out">
<pin_list>
<pin id="7" dir="1" index="0" bw="1" slack="0"/>
</pin_list>
<bind>
<StgValue><ssdm name="local_Query_0_out"/></StgValue>
</bind>
</comp>

<comp id="8" class="1001" name="const_8">
<pin_list>
<pin id="9" dir="1" index="0" bw="1" slack="0"/>
</pin_list>
<bind>
<StgValue><ssdm name=""/></StgValue>
</bind>
</comp>

<comp id="10" class="1001" name="const_10">
<pin_list>
<pin id="11" dir="1" index="0" bw="1" slack="2147483647"/>
</pin_list>
<bind>
<StgValue><ssdm name="_ssdm_op_SpecInterface"/></StgValue>
</bind>
</comp>

<comp id="12" class="1001" name="const_12">
<pin_list>
<pin id="13" dir="1" index="0" bw="1" slack="2147483647"/>
</pin_list>
<bind>
<StgValue><ssdm name="empty_12"/></StgValue>
</bind>
</comp>

<comp id="14" class="1001" name="const_14">
<pin_list>
<pin id="15" dir="1" index="0" bw="1" slack="0"/>
</pin_list>
<bind>
<StgValue><ssdm name=""/></StgValue>
</bind>
</comp>

<comp id="16" class="1001" name="const_16">
<pin_list>
<pin id="17" dir="1" index="0" bw="1" slack="2147483647"/>
</pin_list>
<bind>
<StgValue><ssdm name="empty_10"/></StgValue>
</bind>
</comp>

<comp id="18" class="1001" name="const_18">
<pin_list>
<pin id="19" dir="1" index="0" bw="1" slack="2147483647"/>
</pin_list>
<bind>
<StgValue><ssdm name=""/></StgValue>
</bind>
</comp>

<comp id="20" class="1001" name="const_20">
<pin_list>
<pin id="21" dir="1" index="0" bw="1" slack="0"/>
</pin_list>
<bind>
<StgValue><ssdm name="_ssdm_op_PartSelect.i31.i32.i32.i32"/></StgValue>
</bind>
</comp>

<comp id="22" class="1001" name="const_22">
<pin_list>
<pin id="23" dir="1" index="0" bw="1" slack="0"/>
</pin_list>
<bind>
<StgValue><ssdm name=""/></StgValue>
</bind>
</comp>

<comp id="24" class="1001" name="const_24">
<pin_list>
<pin id="25" dir="1" index="0" bw="1" slack="0"/>
</pin_list>
<bind>
<StgValue><ssdm name=""/></StgValue>
</bind>
</comp>

<comp id="26" class="1001" name="const_26">
<pin_list>
<pin id="27" dir="1" index="0" bw="1" slack="0"/>
</pin_list>
<bind>
<StgValue><ssdm name="_ssdm_op_NbReadReq.ap_fifo.i257P0A"/></StgValue>
</bind>
</comp>

<comp id="28" class="1001" name="const_28">
<pin_list>
<pin id="29" dir="1" index="0" bw="1" slack="0"/>
</pin_list>
<bind>
<StgValue><ssdm name="_ssdm_op_NbRead.ap_fifo.volatile.i257P0A"/></StgValue>
</bind>
</comp>

<comp id="30" class="1001" name="const_30">
<pin_list>
<pin id="31" dir="1" index="0" bw="1" slack="0"/>
</pin_list>
<bind>
<StgValue><ssdm name=""/></StgValue>
</bind>
</comp>

<comp id="32" class="1001" name="const_32">
<pin_list>
<pin id="33" dir="1" index="0" bw="1" slack="2147483647"/>
</pin_list>
<bind>
<StgValue><ssdm name="_ssdm_op_SpecPipeline"/></StgValue>
</bind>
</comp>

<comp id="34" class="1001" name="const_34">
<pin_list>
<pin id="35" dir="1" index="0" bw="1" slack="2147483647"/>
</pin_list>
<bind>
<StgValue><ssdm name="_ssdm_op_SpecLoopName"/></StgValue>
</bind>
</comp>

<comp id="36" class="1001" name="const_36">
<pin_list>
<pin id="37" dir="1" index="0" bw="1" slack="2147483647"/>
</pin_list>
<bind>
<StgValue><ssdm name="empty_6"/></StgValue>
</bind>
</comp>

<comp id="38" class="1001" name="const_38">
<pin_list>
<pin id="39" dir="1" index="0" bw="1" slack="0"/>
</pin_list>
<bind>
<StgValue><ssdm name="_ssdm_op_BitSelect.i1.i32.i32"/></StgValue>
</bind>
</comp>

<comp id="40" class="1001" name="const_40">
<pin_list>
<pin id="41" dir="1" index="0" bw="1" slack="0"/>
</pin_list>
<bind>
<StgValue><ssdm name="_ssdm_op_PartSelect.i29.i32.i32.i32"/></StgValue>
</bind>
</comp>

<comp id="42" class="1001" name="const_42">
<pin_list>
<pin id="43" dir="1" index="0" bw="1" slack="0"/>
</pin_list>
<bind>
<StgValue><ssdm name=""/></StgValue>
</bind>
</comp>

<comp id="44" class="1001" name="const_44">
<pin_list>
<pin id="45" dir="1" index="0" bw="1" slack="0"/>
</pin_list>
<bind>
<StgValue><ssdm name=""/></StgValue>
</bind>
</comp>

<comp id="46" class="1001" name="const_46">
<pin_list>
<pin id="47" dir="1" index="0" bw="1" slack="0"/>
</pin_list>
<bind>
<StgValue><ssdm name="_ssdm_op_BitConcatenate.i65.i1.i64"/></StgValue>
</bind>
</comp>

<comp id="48" class="1001" name="const_48">
<pin_list>
<pin id="49" dir="1" index="0" bw="1" slack="0"/>
</pin_list>
<bind>
<StgValue><ssdm name=""/></StgValue>
</bind>
</comp>

<comp id="50" class="1001" name="const_50">
<pin_list>
<pin id="51" dir="1" index="0" bw="1" slack="0"/>
</pin_list>
<bind>
<StgValue><ssdm name="_ssdm_op_NbWrite.ap_fifo.volatile.i65P0A"/></StgValue>
</bind>
</comp>

<comp id="52" class="1001" name="const_52">
<pin_list>
<pin id="53" dir="1" index="0" bw="1" slack="0"/>
</pin_list>
<bind>
<StgValue><ssdm name="_ssdm_op_BitConcatenate.i4.i1.i3"/></StgValue>
</bind>
</comp>

<comp id="54" class="1001" name="const_54">
<pin_list>
<pin id="55" dir="1" index="0" bw="1" slack="0"/>
</pin_list>
<bind>
<StgValue><ssdm name=""/></StgValue>
</bind>
</comp>

<comp id="56" class="1001" name="const_56">
<pin_list>
<pin id="57" dir="1" index="0" bw="1" slack="0"/>
</pin_list>
<bind>
<StgValue><ssdm name="_ssdm_op_BitConcatenate.i8.i3.i5"/></StgValue>
</bind>
</comp>

<comp id="58" class="1001" name="const_58">
<pin_list>
<pin id="59" dir="1" index="0" bw="1" slack="0"/>
</pin_list>
<bind>
<StgValue><ssdm name="_ssdm_op_Write.ap_auto.floatP0A"/></StgValue>
</bind>
</comp>

<comp id="60" class="1004" name="i_req_fu_60">
<pin_list>
<pin id="61" dir="0" index="0" bw="1" slack="0"/>
<pin id="62" dir="1" index="1" bw="32" slack="0"/>
</pin_list>
<bind>
<opcode="alloca(26) " fcode="alloca"/>
<opset="i_req/1 "/>
</bind>
</comp>

<comp id="64" class="1004" name="i_resp_fu_64">
<pin_list>
<pin id="65" dir="0" index="0" bw="1" slack="0"/>
<pin id="66" dir="1" index="1" bw="32" slack="0"/>
</pin_list>
<bind>
<opcode="alloca(26) " fcode="alloca"/>
<opset="i_resp/1 "/>
</bind>
</comp>

<comp id="68" class="1004" name="local_Query_0_fu_68">
<pin_list>
<pin id="69" dir="0" index="0" bw="1" slack="0"/>
<pin id="70" dir="1" index="1" bw="32" slack="0"/>
</pin_list>
<bind>
<opcode="alloca(26) " fcode="alloca"/>
<opset="local_Query_0/1 "/>
</bind>
</comp>

<comp id="72" class="1004" name="local_Query_0_1_fu_72">
<pin_list>
<pin id="73" dir="0" index="0" bw="1" slack="0"/>
<pin id="74" dir="1" index="1" bw="32" slack="0"/>
</pin_list>
<bind>
<opcode="alloca(26) " fcode="alloca"/>
<opset="local_Query_0_1/1 "/>
</bind>
</comp>

<comp id="76" class="1004" name="tmp_7_nbreadreq_fu_76">
<pin_list>
<pin id="77" dir="0" index="0" bw="1" slack="0"/>
<pin id="78" dir="0" index="1" bw="257" slack="0"/>
<pin id="79" dir="0" index="2" bw="1" slack="0"/>
<pin id="80" dir="1" index="3" bw="1" slack="1"/>
</pin_list>
<bind>
<opcode="nbreadreq(1156) " fcode="nbreadreq"/>
<opset="tmp_7/1 "/>
</bind>
</comp>

<comp id="84" class="1004" name="searchSpace_0_read_data_s_read_nbread_fu_84">
<pin_list>
<pin id="85" dir="0" index="0" bw="258" slack="0"/>
<pin id="86" dir="0" index="1" bw="257" slack="0"/>
<pin id="87" dir="1" index="2" bw="258" slack="1"/>
</pin_list>
<bind>
<opcode="nbread(1152) " fcode="nbread"/>
<opset="searchSpace_0_read_data_s_read/1 "/>
</bind>
</comp>

<comp id="90" class="1004" name="tmp_6_nbwrite_fu_90">
<pin_list>
<pin id="91" dir="0" index="0" bw="1" slack="0"/>
<pin id="92" dir="0" index="1" bw="65" slack="0"/>
<pin id="93" dir="0" index="2" bw="65" slack="0"/>
<pin id="94" dir="1" index="3" bw="1" slack="0"/>
</pin_list>
<bind>
<opcode="nbwrite(1153) " fcode="nbwrite"/>
<opset="tmp_6/2 "/>
</bind>
</comp>

<comp id="97" class="1004" name="write_ln0_write_fu_97">
<pin_list>
<pin id="98" dir="0" index="0" bw="0" slack="0"/>
<pin id="99" dir="0" index="1" bw="32" slack="0"/>
<pin id="100" dir="0" index="2" bw="32" slack="0"/>
<pin id="101" dir="1" index="3" bw="0" slack="2147483647"/>
</pin_list>
<bind>
<opcode="write(1151) " fcode="write"/>
<opset="write_ln0/1 "/>
</bind>
</comp>

<comp id="104" class="1004" name="write_ln0_write_fu_104">
<pin_list>
<pin id="105" dir="0" index="0" bw="0" slack="0"/>
<pin id="106" dir="0" index="1" bw="32" slack="0"/>
<pin id="107" dir="0" index="2" bw="32" slack="0"/>
<pin id="108" dir="1" index="3" bw="0" slack="2147483647"/>
</pin_list>
<bind>
<opcode="write(1151) " fcode="write"/>
<opset="write_ln0/1 "/>
</bind>
</comp>

<comp id="111" class="1004" name="store_ln0_store_fu_111">
<pin_list>
<pin id="112" dir="0" index="0" bw="1" slack="0"/>
<pin id="113" dir="0" index="1" bw="32" slack="0"/>
<pin id="114" dir="1" index="2" bw="0" slack="2147483647"/>
</pin_list>
<bind>
<opcode="store(28) " fcode="store"/>
<opset="store_ln0/1 "/>
</bind>
</comp>

<comp id="116" class="1004" name="store_ln0_store_fu_116">
<pin_list>
<pin id="117" dir="0" index="0" bw="1" slack="0"/>
<pin id="118" dir="0" index="1" bw="32" slack="0"/>
<pin id="119" dir="1" index="2" bw="0" slack="2147483647"/>
</pin_list>
<bind>
<opcode="store(28) " fcode="store"/>
<opset="store_ln0/1 "/>
</bind>
</comp>

<comp id="121" class="1004" name="i_resp_4_load_fu_121">
<pin_list>
<pin id="122" dir="0" index="0" bw="32" slack="0"/>
<pin id="123" dir="1" index="1" bw="32" slack="0"/>
</pin_list>
<bind>
<opcode="load(27) " fcode="load"/>
<opset="i_resp_4/1 "/>
</bind>
</comp>

<comp id="124" class="1004" name="trunc_ln396_fu_124">
<pin_list>
<pin id="125" dir="0" index="0" bw="32" slack="0"/>
<pin id="126" dir="1" index="1" bw="3" slack="0"/>
</pin_list>
<bind>
<opcode="trunc(33) " fcode="trunc"/>
<opset="trunc_ln396/1 "/>
</bind>
</comp>

<comp id="128" class="1004" name="tmp_fu_128">
<pin_list>
<pin id="129" dir="0" index="0" bw="31" slack="0"/>
<pin id="130" dir="0" index="1" bw="32" slack="0"/>
<pin id="131" dir="0" index="2" bw="1" slack="0"/>
<pin id="132" dir="0" index="3" bw="6" slack="0"/>
<pin id="133" dir="1" index="4" bw="31" slack="0"/>
</pin_list>
<bind>
<opcode="partselect(1002) " fcode="partselect"/>
<opset="tmp/1 "/>
</bind>
</comp>

<comp id="138" class="1004" name="icmp_ln396_fu_138">
<pin_list>
<pin id="139" dir="0" index="0" bw="31" slack="0"/>
<pin id="140" dir="0" index="1" bw="1" slack="0"/>
<pin id="141" dir="1" index="2" bw="1" slack="2147483647"/>
</pin_list>
<bind>
<opcode="icmp(45) " fcode="icmp"/>
<opset="icmp_ln396/1 "/>
</bind>
</comp>

<comp id="144" class="1004" name="sub_ln407_fu_144">
<pin_list>
<pin id="145" dir="0" index="0" bw="1" slack="0"/>
<pin id="146" dir="0" index="1" bw="3" slack="0"/>
<pin id="147" dir="1" index="2" bw="3" slack="1"/>
</pin_list>
<bind>
<opcode="sub(10) " fcode="sub"/>
<opset="sub_ln407/1 "/>
</bind>
</comp>

<comp id="150" class="1004" name="i_resp_5_fu_150">
<pin_list>
<pin id="151" dir="0" index="0" bw="32" slack="0"/>
<pin id="152" dir="0" index="1" bw="1" slack="0"/>
<pin id="153" dir="1" index="2" bw="32" slack="0"/>
</pin_list>
<bind>
<opcode="add(8) " fcode="add"/>
<opset="i_resp_5/1 "/>
</bind>
</comp>

<comp id="156" class="1004" name="store_ln415_store_fu_156">
<pin_list>
<pin id="157" dir="0" index="0" bw="32" slack="0"/>
<pin id="158" dir="0" index="1" bw="32" slack="0"/>
<pin id="159" dir="1" index="2" bw="0" slack="2147483647"/>
</pin_list>
<bind>
<opcode="store(28) " fcode="store"/>
<opset="store_ln415/1 "/>
</bind>
</comp>

<comp id="161" class="1004" name="i_req_load_load_fu_161">
<pin_list>
<pin id="162" dir="0" index="0" bw="32" slack="1"/>
<pin id="163" dir="1" index="1" bw="32" slack="0"/>
</pin_list>
<bind>
<opcode="load(27) " fcode="load"/>
<opset="i_req_load/2 "/>
</bind>
</comp>

<comp id="164" class="1004" name="tmp_5_fu_164">
<pin_list>
<pin id="165" dir="0" index="0" bw="1" slack="0"/>
<pin id="166" dir="0" index="1" bw="32" slack="0"/>
<pin id="167" dir="0" index="2" bw="6" slack="0"/>
<pin id="168" dir="1" index="3" bw="1" slack="0"/>
</pin_list>
<bind>
<opcode="bitselect(1000) " fcode="bitselect"/>
<opset="tmp_5/2 "/>
</bind>
</comp>

<comp id="172" class="1004" name="sub_ln399_fu_172">
<pin_list>
<pin id="173" dir="0" index="0" bw="1" slack="0"/>
<pin id="174" dir="0" index="1" bw="32" slack="0"/>
<pin id="175" dir="1" index="2" bw="32" slack="0"/>
</pin_list>
<bind>
<opcode="sub(10) " fcode="sub"/>
<opset="sub_ln399/2 "/>
</bind>
</comp>

<comp id="178" class="1004" name="trunc_ln399_1_fu_178">
<pin_list>
<pin id="179" dir="0" index="0" bw="29" slack="0"/>
<pin id="180" dir="0" index="1" bw="32" slack="0"/>
<pin id="181" dir="0" index="2" bw="3" slack="0"/>
<pin id="182" dir="0" index="3" bw="6" slack="0"/>
<pin id="183" dir="1" index="4" bw="29" slack="0"/>
</pin_list>
<bind>
<opcode="partselect(1002) " fcode="partselect"/>
<opset="trunc_ln399_1/2 "/>
</bind>
</comp>

<comp id="188" class="1004" name="zext_ln399_fu_188">
<pin_list>
<pin id="189" dir="0" index="0" bw="29" slack="0"/>
<pin id="190" dir="1" index="1" bw="30" slack="0"/>
</pin_list>
<bind>
<opcode="zext(34) " fcode="zext"/>
<opset="zext_ln399/2 "/>
</bind>
</comp>

<comp id="192" class="1004" name="sub_ln399_1_fu_192">
<pin_list>
<pin id="193" dir="0" index="0" bw="1" slack="0"/>
<pin id="194" dir="0" index="1" bw="29" slack="0"/>
<pin id="195" dir="1" index="2" bw="30" slack="0"/>
</pin_list>
<bind>
<opcode="sub(10) " fcode="sub"/>
<opset="sub_ln399_1/2 "/>
</bind>
</comp>

<comp id="198" class="1004" name="trunc_ln399_2_fu_198">
<pin_list>
<pin id="199" dir="0" index="0" bw="29" slack="0"/>
<pin id="200" dir="0" index="1" bw="32" slack="0"/>
<pin id="201" dir="0" index="2" bw="3" slack="0"/>
<pin id="202" dir="0" index="3" bw="6" slack="0"/>
<pin id="203" dir="1" index="4" bw="29" slack="0"/>
</pin_list>
<bind>
<opcode="partselect(1002) " fcode="partselect"/>
<opset="trunc_ln399_2/2 "/>
</bind>
</comp>

<comp id="208" class="1004" name="zext_ln399_1_fu_208">
<pin_list>
<pin id="209" dir="0" index="0" bw="29" slack="0"/>
<pin id="210" dir="1" index="1" bw="30" slack="0"/>
</pin_list>
<bind>
<opcode="zext(34) " fcode="zext"/>
<opset="zext_ln399_1/2 "/>
</bind>
</comp>

<comp id="212" class="1004" name="input_rd_idx_fu_212">
<pin_list>
<pin id="213" dir="0" index="0" bw="1" slack="0"/>
<pin id="214" dir="0" index="1" bw="30" slack="0"/>
<pin id="215" dir="0" index="2" bw="29" slack="0"/>
<pin id="216" dir="1" index="3" bw="30" slack="0"/>
</pin_list>
<bind>
<opcode="select(49) " fcode="select"/>
<opset="input_rd_idx/2 "/>
</bind>
</comp>

<comp id="220" class="1004" name="tmp_8_fu_220">
<pin_list>
<pin id="221" dir="0" index="0" bw="31" slack="0"/>
<pin id="222" dir="0" index="1" bw="32" slack="0"/>
<pin id="223" dir="0" index="2" bw="1" slack="0"/>
<pin id="224" dir="0" index="3" bw="6" slack="0"/>
<pin id="225" dir="1" index="4" bw="31" slack="0"/>
</pin_list>
<bind>
<opcode="partselect(1002) " fcode="partselect"/>
<opset="tmp_8/2 "/>
</bind>
</comp>

<comp id="230" class="1004" name="icmp_ln400_fu_230">
<pin_list>
<pin id="231" dir="0" index="0" bw="31" slack="0"/>
<pin id="232" dir="0" index="1" bw="1" slack="0"/>
<pin id="233" dir="1" index="2" bw="1" slack="2147483647"/>
</pin_list>
<bind>
<opcode="icmp(45) " fcode="icmp"/>
<opset="icmp_ln400/2 "/>
</bind>
</comp>

<comp id="236" class="1004" name="sext_ln400_fu_236">
<pin_list>
<pin id="237" dir="0" index="0" bw="30" slack="0"/>
<pin id="238" dir="1" index="1" bw="64" slack="0"/>
</pin_list>
<bind>
<opcode="sext(35) " fcode="sext"/>
<opset="sext_ln400/2 "/>
</bind>
</comp>

<comp id="240" class="1004" name="p_0_fu_240">
<pin_list>
<pin id="241" dir="0" index="0" bw="65" slack="0"/>
<pin id="242" dir="0" index="1" bw="1" slack="0"/>
<pin id="243" dir="0" index="2" bw="30" slack="0"/>
<pin id="244" dir="1" index="3" bw="65" slack="0"/>
</pin_list>
<bind>
<opcode="bitconcatenate(1004) " fcode="bitconcatenate"/>
<opset="p_0/2 "/>
</bind>
</comp>

<comp id="249" class="1004" name="add_ln401_fu_249">
<pin_list>
<pin id="250" dir="0" index="0" bw="32" slack="0"/>
<pin id="251" dir="0" index="1" bw="1" slack="0"/>
<pin id="252" dir="1" index="2" bw="32" slack="0"/>
</pin_list>
<bind>
<opcode="add(8) " fcode="add"/>
<opset="add_ln401/2 "/>
</bind>
</comp>

<comp id="255" class="1004" name="select_ln400_fu_255">
<pin_list>
<pin id="256" dir="0" index="0" bw="1" slack="0"/>
<pin id="257" dir="0" index="1" bw="32" slack="0"/>
<pin id="258" dir="0" index="2" bw="32" slack="0"/>
<pin id="259" dir="1" index="3" bw="32" slack="0"/>
</pin_list>
<bind>
<opcode="select(49) " fcode="select"/>
<opset="select_ln400/2 "/>
</bind>
</comp>

<comp id="263" class="1004" name="store_ln400_store_fu_263">
<pin_list>
<pin id="264" dir="0" index="0" bw="32" slack="0"/>
<pin id="265" dir="0" index="1" bw="32" slack="1"/>
<pin id="266" dir="1" index="2" bw="0" slack="2147483647"/>
</pin_list>
<bind>
<opcode="store(28) " fcode="store"/>
<opset="store_ln400/2 "/>
</bind>
</comp>

<comp id="268" class="1004" name="local_Query_0_load_1_load_fu_268">
<pin_list>
<pin id="269" dir="0" index="0" bw="32" slack="1"/>
<pin id="270" dir="1" index="1" bw="32" slack="0"/>
</pin_list>
<bind>
<opcode="load(27) " fcode="load"/>
<opset="local_Query_0_load_1/2 "/>
</bind>
</comp>

<comp id="271" class="1004" name="local_Query_0_1_load_1_load_fu_271">
<pin_list>
<pin id="272" dir="0" index="0" bw="32" slack="1"/>
<pin id="273" dir="1" index="1" bw="32" slack="0"/>
</pin_list>
<bind>
<opcode="load(27) " fcode="load"/>
<opset="local_Query_0_1_load_1/2 "/>
</bind>
</comp>

<comp id="274" class="1004" name="p_s_fu_274">
<pin_list>
<pin id="275" dir="0" index="0" bw="258" slack="1"/>
<pin id="276" dir="1" index="1" bw="257" slack="0"/>
</pin_list>
<bind>
<opcode="extractvalue(56) " fcode="extractvalue"/>
<opset="p_s/2 "/>
</bind>
</comp>

<comp id="277" class="1004" name="elem_val_V_fu_277">
<pin_list>
<pin id="278" dir="0" index="0" bw="257" slack="0"/>
<pin id="279" dir="1" index="1" bw="256" slack="0"/>
</pin_list>
<bind>
<opcode="trunc(33) " fcode="trunc"/>
<opset="elem_val_V/2 "/>
</bind>
</comp>

<comp id="281" class="1004" name="tmp_9_fu_281">
<pin_list>
<pin id="282" dir="0" index="0" bw="1" slack="0"/>
<pin id="283" dir="0" index="1" bw="32" slack="1"/>
<pin id="284" dir="0" index="2" bw="6" slack="0"/>
<pin id="285" dir="1" index="3" bw="1" slack="0"/>
</pin_list>
<bind>
<opcode="bitselect(1000) " fcode="bitselect"/>
<opset="tmp_9/2 "/>
</bind>
</comp>

<comp id="288" class="1004" name="p_and_t_fu_288">
<pin_list>
<pin id="289" dir="0" index="0" bw="4" slack="0"/>
<pin id="290" dir="0" index="1" bw="1" slack="0"/>
<pin id="291" dir="0" index="2" bw="3" slack="1"/>
<pin id="292" dir="1" index="3" bw="4" slack="0"/>
</pin_list>
<bind>
<opcode="bitconcatenate(1004) " fcode="bitconcatenate"/>
<opset="p_and_t/2 "/>
</bind>
</comp>

<comp id="295" class="1004" name="zext_ln407_fu_295">
<pin_list>
<pin id="296" dir="0" index="0" bw="4" slack="0"/>
<pin id="297" dir="1" index="1" bw="5" slack="0"/>
</pin_list>
<bind>
<opcode="zext(34) " fcode="zext"/>
<opset="zext_ln407/2 "/>
</bind>
</comp>

<comp id="299" class="1004" name="sub_ln407_1_fu_299">
<pin_list>
<pin id="300" dir="0" index="0" bw="1" slack="0"/>
<pin id="301" dir="0" index="1" bw="4" slack="0"/>
<pin id="302" dir="1" index="2" bw="5" slack="0"/>
</pin_list>
<bind>
<opcode="sub(10) " fcode="sub"/>
<opset="sub_ln407_1/2 "/>
</bind>
</comp>

<comp id="305" class="1004" name="trunc_ln407_fu_305">
<pin_list>
<pin id="306" dir="0" index="0" bw="5" slack="0"/>
<pin id="307" dir="1" index="1" bw="3" slack="0"/>
</pin_list>
<bind>
<opcode="trunc(33) " fcode="trunc"/>
<opset="trunc_ln407/2 "/>
</bind>
</comp>

<comp id="309" class="1004" name="select_ln407_fu_309">
<pin_list>
<pin id="310" dir="0" index="0" bw="1" slack="0"/>
<pin id="311" dir="0" index="1" bw="3" slack="0"/>
<pin id="312" dir="0" index="2" bw="3" slack="1"/>
<pin id="313" dir="1" index="3" bw="3" slack="0"/>
</pin_list>
<bind>
<opcode="select(49) " fcode="select"/>
<opset="select_ln407/2 "/>
</bind>
</comp>

<comp id="316" class="1004" name="tmp_10_fu_316">
<pin_list>
<pin id="317" dir="0" index="0" bw="8" slack="0"/>
<pin id="318" dir="0" index="1" bw="3" slack="0"/>
<pin id="319" dir="0" index="2" bw="1" slack="0"/>
<pin id="320" dir="1" index="3" bw="8" slack="0"/>
</pin_list>
<bind>
<opcode="bitconcatenate(1004) " fcode="bitconcatenate"/>
<opset="tmp_10/2 "/>
</bind>
</comp>

<comp id="324" class="1004" name="zext_ln674_fu_324">
<pin_list>
<pin id="325" dir="0" index="0" bw="8" slack="0"/>
<pin id="326" dir="1" index="1" bw="256" slack="0"/>
</pin_list>
<bind>
<opcode="zext(34) " fcode="zext"/>
<opset="zext_ln674/2 "/>
</bind>
</comp>

<comp id="328" class="1004" name="lshr_ln674_fu_328">
<pin_list>
<pin id="329" dir="0" index="0" bw="256" slack="0"/>
<pin id="330" dir="0" index="1" bw="8" slack="0"/>
<pin id="331" dir="1" index="2" bw="256" slack="0"/>
</pin_list>
<bind>
<opcode="lshr(21) " fcode="lshr"/>
<opset="lshr_ln674/2 "/>
</bind>
</comp>

<comp id="334" class="1004" name="tmp_11_fu_334">
<pin_list>
<pin id="335" dir="0" index="0" bw="256" slack="0"/>
<pin id="336" dir="1" index="1" bw="32" slack="0"/>
</pin_list>
<bind>
<opcode="trunc(33) " fcode="trunc"/>
<opset="tmp_11/2 "/>
</bind>
</comp>

<comp id="338" class="1004" name="bitcast_ln412_fu_338">
<pin_list>
<pin id="339" dir="0" index="0" bw="32" slack="0"/>
<pin id="340" dir="1" index="1" bw="32" slack="0"/>
</pin_list>
<bind>
<opcode="bitcast(44) " fcode="bitcast"/>
<opset="bitcast_ln412/2 "/>
</bind>
</comp>

<comp id="342" class="1004" name="trunc_ln412_fu_342">
<pin_list>
<pin id="343" dir="0" index="0" bw="32" slack="1"/>
<pin id="344" dir="1" index="1" bw="1" slack="0"/>
</pin_list>
<bind>
<opcode="trunc(33) " fcode="trunc"/>
<opset="trunc_ln412/2 "/>
</bind>
</comp>

<comp id="345" class="1004" name="local_Query_0_2_fu_345">
<pin_list>
<pin id="346" dir="0" index="0" bw="1" slack="0"/>
<pin id="347" dir="0" index="1" bw="32" slack="0"/>
<pin id="348" dir="0" index="2" bw="32" slack="0"/>
<pin id="349" dir="1" index="3" bw="32" slack="0"/>
</pin_list>
<bind>
<opcode="select(49) " fcode="select"/>
<opset="local_Query_0_2/2 "/>
</bind>
</comp>

<comp id="353" class="1004" name="local_Query_0_3_fu_353">
<pin_list>
<pin id="354" dir="0" index="0" bw="1" slack="0"/>
<pin id="355" dir="0" index="1" bw="32" slack="0"/>
<pin id="356" dir="0" index="2" bw="32" slack="0"/>
<pin id="357" dir="1" index="3" bw="32" slack="0"/>
</pin_list>
<bind>
<opcode="select(49) " fcode="select"/>
<opset="local_Query_0_3/2 "/>
</bind>
</comp>

<comp id="361" class="1004" name="store_ln415_store_fu_361">
<pin_list>
<pin id="362" dir="0" index="0" bw="32" slack="0"/>
<pin id="363" dir="0" index="1" bw="32" slack="1"/>
<pin id="364" dir="1" index="2" bw="0" slack="2147483647"/>
</pin_list>
<bind>
<opcode="store(28) " fcode="store"/>
<opset="store_ln415/2 "/>
</bind>
</comp>

<comp id="366" class="1004" name="store_ln415_store_fu_366">
<pin_list>
<pin id="367" dir="0" index="0" bw="32" slack="0"/>
<pin id="368" dir="0" index="1" bw="32" slack="1"/>
<pin id="369" dir="1" index="2" bw="0" slack="2147483647"/>
</pin_list>
<bind>
<opcode="store(28) " fcode="store"/>
<opset="store_ln415/2 "/>
</bind>
</comp>

<comp id="371" class="1004" name="local_Query_0_load_load_fu_371">
<pin_list>
<pin id="372" dir="0" index="0" bw="32" slack="0"/>
<pin id="373" dir="1" index="1" bw="32" slack="0"/>
</pin_list>
<bind>
<opcode="load(27) " fcode="load"/>
<opset="local_Query_0_load/1 "/>
</bind>
</comp>

<comp id="375" class="1004" name="local_Query_0_1_load_load_fu_375">
<pin_list>
<pin id="376" dir="0" index="0" bw="32" slack="0"/>
<pin id="377" dir="1" index="1" bw="32" slack="0"/>
</pin_list>
<bind>
<opcode="load(27) " fcode="load"/>
<opset="local_Query_0_1_load/1 "/>
</bind>
</comp>

<comp id="379" class="1005" name="i_req_reg_379">
<pin_list>
<pin id="380" dir="0" index="0" bw="32" slack="0"/>
<pin id="381" dir="1" index="1" bw="32" slack="0"/>
</pin_list>
<bind>
<opset="i_req "/>
</bind>
</comp>

<comp id="386" class="1005" name="i_resp_reg_386">
<pin_list>
<pin id="387" dir="0" index="0" bw="32" slack="0"/>
<pin id="388" dir="1" index="1" bw="32" slack="0"/>
</pin_list>
<bind>
<opset="i_resp "/>
</bind>
</comp>

<comp id="393" class="1005" name="local_Query_0_reg_393">
<pin_list>
<pin id="394" dir="0" index="0" bw="32" slack="0"/>
<pin id="395" dir="1" index="1" bw="32" slack="0"/>
</pin_list>
<bind>
<opset="local_Query_0 "/>
</bind>
</comp>

<comp id="400" class="1005" name="local_Query_0_1_reg_400">
<pin_list>
<pin id="401" dir="0" index="0" bw="32" slack="0"/>
<pin id="402" dir="1" index="1" bw="32" slack="0"/>
</pin_list>
<bind>
<opset="local_Query_0_1 "/>
</bind>
</comp>

<comp id="407" class="1005" name="i_resp_4_reg_407">
<pin_list>
<pin id="408" dir="0" index="0" bw="32" slack="1"/>
<pin id="409" dir="1" index="1" bw="32" slack="1"/>
</pin_list>
<bind>
<opset="i_resp_4 "/>
</bind>
</comp>

<comp id="413" class="1005" name="trunc_ln396_reg_413">
<pin_list>
<pin id="414" dir="0" index="0" bw="3" slack="1"/>
<pin id="415" dir="1" index="1" bw="3" slack="1"/>
</pin_list>
<bind>
<opset="trunc_ln396 "/>
</bind>
</comp>

<comp id="421" class="1005" name="tmp_7_reg_421">
<pin_list>
<pin id="422" dir="0" index="0" bw="1" slack="1"/>
<pin id="423" dir="1" index="1" bw="1" slack="2147483647"/>
</pin_list>
<bind>
<opset="tmp_7 "/>
</bind>
</comp>

<comp id="425" class="1005" name="searchSpace_0_read_data_s_read_reg_425">
<pin_list>
<pin id="426" dir="0" index="0" bw="258" slack="1"/>
<pin id="427" dir="1" index="1" bw="258" slack="1"/>
</pin_list>
<bind>
<opset="searchSpace_0_read_data_s_read "/>
</bind>
</comp>

<comp id="430" class="1005" name="sub_ln407_reg_430">
<pin_list>
<pin id="431" dir="0" index="0" bw="3" slack="1"/>
<pin id="432" dir="1" index="1" bw="3" slack="1"/>
</pin_list>
<bind>
<opset="sub_ln407 "/>
</bind>
</comp>

</comp_list>

<net_list>
<net id="63"><net_src comp="8" pin="0"/><net_sink comp="60" pin=0"/></net>

<net id="67"><net_src comp="8" pin="0"/><net_sink comp="64" pin=0"/></net>

<net id="71"><net_src comp="8" pin="0"/><net_sink comp="68" pin=0"/></net>

<net id="75"><net_src comp="8" pin="0"/><net_sink comp="72" pin=0"/></net>

<net id="81"><net_src comp="26" pin="0"/><net_sink comp="76" pin=0"/></net>

<net id="82"><net_src comp="0" pin="0"/><net_sink comp="76" pin=1"/></net>

<net id="83"><net_src comp="8" pin="0"/><net_sink comp="76" pin=2"/></net>

<net id="88"><net_src comp="28" pin="0"/><net_sink comp="84" pin=0"/></net>

<net id="89"><net_src comp="0" pin="0"/><net_sink comp="84" pin=1"/></net>

<net id="95"><net_src comp="50" pin="0"/><net_sink comp="90" pin=0"/></net>

<net id="96"><net_src comp="2" pin="0"/><net_sink comp="90" pin=1"/></net>

<net id="102"><net_src comp="58" pin="0"/><net_sink comp="97" pin=0"/></net>

<net id="103"><net_src comp="4" pin="0"/><net_sink comp="97" pin=1"/></net>

<net id="109"><net_src comp="58" pin="0"/><net_sink comp="104" pin=0"/></net>

<net id="110"><net_src comp="6" pin="0"/><net_sink comp="104" pin=1"/></net>

<net id="115"><net_src comp="14" pin="0"/><net_sink comp="111" pin=0"/></net>

<net id="120"><net_src comp="14" pin="0"/><net_sink comp="116" pin=0"/></net>

<net id="127"><net_src comp="121" pin="1"/><net_sink comp="124" pin=0"/></net>

<net id="134"><net_src comp="20" pin="0"/><net_sink comp="128" pin=0"/></net>

<net id="135"><net_src comp="121" pin="1"/><net_sink comp="128" pin=1"/></net>

<net id="136"><net_src comp="8" pin="0"/><net_sink comp="128" pin=2"/></net>

<net id="137"><net_src comp="22" pin="0"/><net_sink comp="128" pin=3"/></net>

<net id="142"><net_src comp="128" pin="4"/><net_sink comp="138" pin=0"/></net>

<net id="143"><net_src comp="24" pin="0"/><net_sink comp="138" pin=1"/></net>

<net id="148"><net_src comp="30" pin="0"/><net_sink comp="144" pin=0"/></net>

<net id="149"><net_src comp="124" pin="1"/><net_sink comp="144" pin=1"/></net>

<net id="154"><net_src comp="121" pin="1"/><net_sink comp="150" pin=0"/></net>

<net id="155"><net_src comp="8" pin="0"/><net_sink comp="150" pin=1"/></net>

<net id="160"><net_src comp="150" pin="2"/><net_sink comp="156" pin=0"/></net>

<net id="169"><net_src comp="38" pin="0"/><net_sink comp="164" pin=0"/></net>

<net id="170"><net_src comp="161" pin="1"/><net_sink comp="164" pin=1"/></net>

<net id="171"><net_src comp="22" pin="0"/><net_sink comp="164" pin=2"/></net>

<net id="176"><net_src comp="14" pin="0"/><net_sink comp="172" pin=0"/></net>

<net id="177"><net_src comp="161" pin="1"/><net_sink comp="172" pin=1"/></net>

<net id="184"><net_src comp="40" pin="0"/><net_sink comp="178" pin=0"/></net>

<net id="185"><net_src comp="172" pin="2"/><net_sink comp="178" pin=1"/></net>

<net id="186"><net_src comp="42" pin="0"/><net_sink comp="178" pin=2"/></net>

<net id="187"><net_src comp="22" pin="0"/><net_sink comp="178" pin=3"/></net>

<net id="191"><net_src comp="178" pin="4"/><net_sink comp="188" pin=0"/></net>

<net id="196"><net_src comp="44" pin="0"/><net_sink comp="192" pin=0"/></net>

<net id="197"><net_src comp="188" pin="1"/><net_sink comp="192" pin=1"/></net>

<net id="204"><net_src comp="40" pin="0"/><net_sink comp="198" pin=0"/></net>

<net id="205"><net_src comp="161" pin="1"/><net_sink comp="198" pin=1"/></net>

<net id="206"><net_src comp="42" pin="0"/><net_sink comp="198" pin=2"/></net>

<net id="207"><net_src comp="22" pin="0"/><net_sink comp="198" pin=3"/></net>

<net id="211"><net_src comp="198" pin="4"/><net_sink comp="208" pin=0"/></net>

<net id="217"><net_src comp="164" pin="3"/><net_sink comp="212" pin=0"/></net>

<net id="218"><net_src comp="192" pin="2"/><net_sink comp="212" pin=1"/></net>

<net id="219"><net_src comp="208" pin="1"/><net_sink comp="212" pin=2"/></net>

<net id="226"><net_src comp="20" pin="0"/><net_sink comp="220" pin=0"/></net>

<net id="227"><net_src comp="161" pin="1"/><net_sink comp="220" pin=1"/></net>

<net id="228"><net_src comp="8" pin="0"/><net_sink comp="220" pin=2"/></net>

<net id="229"><net_src comp="22" pin="0"/><net_sink comp="220" pin=3"/></net>

<net id="234"><net_src comp="220" pin="4"/><net_sink comp="230" pin=0"/></net>

<net id="235"><net_src comp="24" pin="0"/><net_sink comp="230" pin=1"/></net>

<net id="239"><net_src comp="212" pin="3"/><net_sink comp="236" pin=0"/></net>

<net id="245"><net_src comp="46" pin="0"/><net_sink comp="240" pin=0"/></net>

<net id="246"><net_src comp="48" pin="0"/><net_sink comp="240" pin=1"/></net>

<net id="247"><net_src comp="236" pin="1"/><net_sink comp="240" pin=2"/></net>

<net id="248"><net_src comp="240" pin="3"/><net_sink comp="90" pin=2"/></net>

<net id="253"><net_src comp="161" pin="1"/><net_sink comp="249" pin=0"/></net>

<net id="254"><net_src comp="8" pin="0"/><net_sink comp="249" pin=1"/></net>

<net id="260"><net_src comp="90" pin="3"/><net_sink comp="255" pin=0"/></net>

<net id="261"><net_src comp="249" pin="2"/><net_sink comp="255" pin=1"/></net>

<net id="262"><net_src comp="161" pin="1"/><net_sink comp="255" pin=2"/></net>

<net id="267"><net_src comp="255" pin="3"/><net_sink comp="263" pin=0"/></net>

<net id="280"><net_src comp="274" pin="1"/><net_sink comp="277" pin=0"/></net>

<net id="286"><net_src comp="38" pin="0"/><net_sink comp="281" pin=0"/></net>

<net id="287"><net_src comp="22" pin="0"/><net_sink comp="281" pin=2"/></net>

<net id="293"><net_src comp="52" pin="0"/><net_sink comp="288" pin=0"/></net>

<net id="294"><net_src comp="48" pin="0"/><net_sink comp="288" pin=1"/></net>

<net id="298"><net_src comp="288" pin="3"/><net_sink comp="295" pin=0"/></net>

<net id="303"><net_src comp="54" pin="0"/><net_sink comp="299" pin=0"/></net>

<net id="304"><net_src comp="295" pin="1"/><net_sink comp="299" pin=1"/></net>

<net id="308"><net_src comp="299" pin="2"/><net_sink comp="305" pin=0"/></net>

<net id="314"><net_src comp="281" pin="3"/><net_sink comp="309" pin=0"/></net>

<net id="315"><net_src comp="305" pin="1"/><net_sink comp="309" pin=1"/></net>

<net id="321"><net_src comp="56" pin="0"/><net_sink comp="316" pin=0"/></net>

<net id="322"><net_src comp="309" pin="3"/><net_sink comp="316" pin=1"/></net>

<net id="323"><net_src comp="54" pin="0"/><net_sink comp="316" pin=2"/></net>

<net id="327"><net_src comp="316" pin="3"/><net_sink comp="324" pin=0"/></net>

<net id="332"><net_src comp="277" pin="1"/><net_sink comp="328" pin=0"/></net>

<net id="333"><net_src comp="324" pin="1"/><net_sink comp="328" pin=1"/></net>

<net id="337"><net_src comp="328" pin="2"/><net_sink comp="334" pin=0"/></net>

<net id="341"><net_src comp="334" pin="1"/><net_sink comp="338" pin=0"/></net>

<net id="350"><net_src comp="342" pin="1"/><net_sink comp="345" pin=0"/></net>

<net id="351"><net_src comp="271" pin="1"/><net_sink comp="345" pin=1"/></net>

<net id="352"><net_src comp="338" pin="1"/><net_sink comp="345" pin=2"/></net>

<net id="358"><net_src comp="342" pin="1"/><net_sink comp="353" pin=0"/></net>

<net id="359"><net_src comp="338" pin="1"/><net_sink comp="353" pin=1"/></net>

<net id="360"><net_src comp="268" pin="1"/><net_sink comp="353" pin=2"/></net>

<net id="365"><net_src comp="345" pin="3"/><net_sink comp="361" pin=0"/></net>

<net id="370"><net_src comp="353" pin="3"/><net_sink comp="366" pin=0"/></net>

<net id="374"><net_src comp="371" pin="1"/><net_sink comp="104" pin=2"/></net>

<net id="378"><net_src comp="375" pin="1"/><net_sink comp="97" pin=2"/></net>

<net id="382"><net_src comp="60" pin="1"/><net_sink comp="379" pin=0"/></net>

<net id="383"><net_src comp="379" pin="1"/><net_sink comp="116" pin=1"/></net>

<net id="384"><net_src comp="379" pin="1"/><net_sink comp="161" pin=0"/></net>

<net id="385"><net_src comp="379" pin="1"/><net_sink comp="263" pin=1"/></net>

<net id="389"><net_src comp="64" pin="1"/><net_sink comp="386" pin=0"/></net>

<net id="390"><net_src comp="386" pin="1"/><net_sink comp="111" pin=1"/></net>

<net id="391"><net_src comp="386" pin="1"/><net_sink comp="121" pin=0"/></net>

<net id="392"><net_src comp="386" pin="1"/><net_sink comp="156" pin=1"/></net>

<net id="396"><net_src comp="68" pin="1"/><net_sink comp="393" pin=0"/></net>

<net id="397"><net_src comp="393" pin="1"/><net_sink comp="268" pin=0"/></net>

<net id="398"><net_src comp="393" pin="1"/><net_sink comp="366" pin=1"/></net>

<net id="399"><net_src comp="393" pin="1"/><net_sink comp="371" pin=0"/></net>

<net id="403"><net_src comp="72" pin="1"/><net_sink comp="400" pin=0"/></net>

<net id="404"><net_src comp="400" pin="1"/><net_sink comp="271" pin=0"/></net>

<net id="405"><net_src comp="400" pin="1"/><net_sink comp="361" pin=1"/></net>

<net id="406"><net_src comp="400" pin="1"/><net_sink comp="375" pin=0"/></net>

<net id="410"><net_src comp="121" pin="1"/><net_sink comp="407" pin=0"/></net>

<net id="411"><net_src comp="407" pin="1"/><net_sink comp="281" pin=1"/></net>

<net id="412"><net_src comp="407" pin="1"/><net_sink comp="342" pin=0"/></net>

<net id="416"><net_src comp="124" pin="1"/><net_sink comp="413" pin=0"/></net>

<net id="417"><net_src comp="413" pin="1"/><net_sink comp="309" pin=2"/></net>

<net id="424"><net_src comp="76" pin="3"/><net_sink comp="421" pin=0"/></net>

<net id="428"><net_src comp="84" pin="2"/><net_sink comp="425" pin=0"/></net>

<net id="429"><net_src comp="425" pin="1"/><net_sink comp="274" pin=0"/></net>

<net id="433"><net_src comp="144" pin="2"/><net_sink comp="430" pin=0"/></net>

<net id="434"><net_src comp="430" pin="1"/><net_sink comp="288" pin=2"/></net>

</net_list>

</model> 
---------------- Datapath Model END ------------------

* FSMD analyzer results:
  - Output states:
	Port: searchSpace_0_read_addr | {2 }
	Port: local_Query_0_1_out | {1 }
	Port: local_Query_0_out | {1 }
 - Input state : 
	Port: krnl_partialKnn_wrapper_6_Pipeline_LOAD_QUERY : searchSpace_0_read_data_s | {1 }
  - Chain level:
	State 1
		store_ln0 : 1
		store_ln0 : 1
		i_resp_4 : 1
		trunc_ln396 : 2
		tmp : 2
		icmp_ln396 : 3
		br_ln396 : 4
		sub_ln407 : 3
		i_resp_5 : 2
		store_ln415 : 3
		local_Query_0_load : 1
		local_Query_0_1_load : 1
		write_ln0 : 2
		write_ln0 : 2
	State 2
		tmp_5 : 1
		sub_ln399 : 1
		trunc_ln399_1 : 2
		zext_ln399 : 3
		sub_ln399_1 : 4
		trunc_ln399_2 : 1
		zext_ln399_1 : 2
		input_rd_idx : 5
		tmp_8 : 1
		icmp_ln400 : 2
		br_ln400 : 3
		sext_ln400 : 6
		p_0 : 7
		tmp_6 : 8
		add_ln401 : 1
		select_ln400 : 8
		store_ln400 : 9
		elem_val_V : 1
		zext_ln407 : 1
		sub_ln407_1 : 2
		trunc_ln407 : 3
		select_ln407 : 4
		tmp_10 : 5
		zext_ln674 : 6
		lshr_ln674 : 7
		tmp_11 : 8
		bitcast_ln412 : 9
		local_Query_0_2 : 10
		local_Query_0_3 : 10
		store_ln415 : 11
		store_ln415 : 11


============================================================
+ Verbose Summary: Datapath Resource usage 
============================================================

* Functional unit list:
|----------|---------------------------------------------|---------|---------|
| Operation|               Functional Unit               |    FF   |   LUT   |
|----------|---------------------------------------------|---------|---------|
|   lshr   |              lshr_ln674_fu_328              |    0    |   950   |
|----------|---------------------------------------------|---------|---------|
|          |             input_rd_idx_fu_212             |    0    |    30   |
|          |             select_ln400_fu_255             |    0    |    32   |
|  select  |             select_ln407_fu_309             |    0    |    3    |
|          |            local_Query_0_2_fu_345           |    0    |    32   |
|          |            local_Query_0_3_fu_353           |    0    |    32   |
|----------|---------------------------------------------|---------|---------|
|          |               sub_ln407_fu_144              |    0    |    10   |
|    sub   |               sub_ln399_fu_172              |    0    |    39   |
|          |              sub_ln399_1_fu_192             |    0    |    36   |
|          |              sub_ln407_1_fu_299             |    0    |    12   |
|----------|---------------------------------------------|---------|---------|
|    add   |               i_resp_5_fu_150               |    0    |    39   |
|          |               add_ln401_fu_249              |    0    |    39   |
|----------|---------------------------------------------|---------|---------|
|   icmp   |              icmp_ln396_fu_138              |    0    |    19   |
|          |              icmp_ln400_fu_230              |    0    |    19   |
|----------|---------------------------------------------|---------|---------|
| nbreadreq|            tmp_7_nbreadreq_fu_76            |    0    |    0    |
|----------|---------------------------------------------|---------|---------|
|  nbread  | searchSpace_0_read_data_s_read_nbread_fu_84 |    0    |    0    |
|----------|---------------------------------------------|---------|---------|
|  nbwrite |             tmp_6_nbwrite_fu_90             |    0    |    0    |
|----------|---------------------------------------------|---------|---------|
|   write  |            write_ln0_write_fu_97            |    0    |    0    |
|          |            write_ln0_write_fu_104           |    0    |    0    |
|----------|---------------------------------------------|---------|---------|
|          |              trunc_ln396_fu_124             |    0    |    0    |
|          |              elem_val_V_fu_277              |    0    |    0    |
|   trunc  |              trunc_ln407_fu_305             |    0    |    0    |
|          |                tmp_11_fu_334                |    0    |    0    |
|          |              trunc_ln412_fu_342             |    0    |    0    |
|----------|---------------------------------------------|---------|---------|
|          |                  tmp_fu_128                 |    0    |    0    |
|partselect|             trunc_ln399_1_fu_178            |    0    |    0    |
|          |             trunc_ln399_2_fu_198            |    0    |    0    |
|          |                 tmp_8_fu_220                |    0    |    0    |
|----------|---------------------------------------------|---------|---------|
| bitselect|                 tmp_5_fu_164                |    0    |    0    |
|          |                 tmp_9_fu_281                |    0    |    0    |
|----------|---------------------------------------------|---------|---------|
|          |              zext_ln399_fu_188              |    0    |    0    |
|   zext   |             zext_ln399_1_fu_208             |    0    |    0    |
|          |              zext_ln407_fu_295              |    0    |    0    |
|          |              zext_ln674_fu_324              |    0    |    0    |
|----------|---------------------------------------------|---------|---------|
|   sext   |              sext_ln400_fu_236              |    0    |    0    |
|----------|---------------------------------------------|---------|---------|
|          |                  p_0_fu_240                 |    0    |    0    |
|bitconcatenate|                p_and_t_fu_288               |    0    |    0    |
|          |                tmp_10_fu_316                |    0    |    0    |
|----------|---------------------------------------------|---------|---------|
|extractvalue|                  p_s_fu_274                 |    0    |    0    |
|----------|---------------------------------------------|---------|---------|
|   Total  |                                             |    0    |   1292  |
|----------|---------------------------------------------|---------|---------|

Memories:
N/A

* Register list:
+--------------------------------------+--------+
|                                      |   FF   |
+--------------------------------------+--------+
|             i_req_reg_379            |   32   |
|           i_resp_4_reg_407           |   32   |
|            i_resp_reg_386            |   32   |
|        local_Query_0_1_reg_400       |   32   |
|         local_Query_0_reg_393        |   32   |
|searchSpace_0_read_data_s_read_reg_425|   258  |
|           sub_ln407_reg_430          |    3   |
|             tmp_7_reg_421            |    1   |
|          trunc_ln396_reg_413         |    3   |
+--------------------------------------+--------+
|                 Total                |   425  |
+--------------------------------------+--------+

* Multiplexer (MUX) list: 
|--------|------|------|------|--------|
|  Comp  |  Pin | Size |  BW  | S x BW |
|--------|------|------|------|--------|
|  Total |      |      |      |    0   |
|--------|------|------|------|--------|



* Summary:
+-----------+--------+--------+
|           |   FF   |   LUT  |
+-----------+--------+--------+
|  Function |    0   |  1292  |
|   Memory  |    -   |    -   |
|Multiplexer|    -   |    -   |
|  Register |   425  |    -   |
+-----------+--------+--------+
|   Total   |   425  |  1292  |
+-----------+--------+--------+
