

================================================================
== Vitis HLS Report for 'Mmap2Stream'
================================================================
* Date:           Wed May  8 14:03:53 2024

* Version:        2022.1 (Build 3526262 on Mon Apr 18 15:47:01 MDT 2022)
* Project:        project
* Solution:       Mmap2Stream (Vivado IP Flow Target)
* Product family: virtexuplus
* Target device:  xcu55c-fsvh2892-2L-e


================================================================
== Performance Estimates
================================================================
+ Timing: 
    * Summary: 
    +--------+---------+----------+------------+
    |  Clock |  Target | Estimated| Uncertainty|
    +--------+---------+----------+------------+
    |ap_clk  |  3.33 ns|  2.431 ns|     0.90 ns|
    +--------+---------+----------+------------+

+ Latency: 
    * Summary: 
    +---------+---------+----------+----------+-----+-----+---------+
    |  Latency (cycles) |  Latency (absolute) |  Interval | Pipeline|
    |   min   |   max   |    min   |    max   | min | max |   Type  |
    +---------+---------+----------+----------+-----+-----+---------+
    |        ?|        ?|         ?|         ?|    ?|    ?|       no|
    +---------+---------+----------+----------+-----+-----+---------+

    + Detail: 
        * Instance: 
        +------------------------------------------------+--------------------------------------+---------+---------+----------+----------+-----+-----+---------+
        |                                                |                                      |  Latency (cycles) |  Latency (absolute) |  Interval | Pipeline|
        |                    Instance                    |                Module                |   min   |   max   |    min   |    max   | min | max |   Type  |
        +------------------------------------------------+--------------------------------------+---------+---------+----------+----------+-----+-----+---------+
        |grp_Mmap2Stream_Pipeline_VITIS_LOOP_18_1_fu_82  |Mmap2Stream_Pipeline_VITIS_LOOP_18_1  |        ?|        ?|         ?|         ?|    ?|    ?|       no|
        +------------------------------------------------+--------------------------------------+---------+---------+----------+----------+-----+-----+---------+

        * Loop: 
        N/A

============================================================
+ Verbose Summary: Synthesis Manager
============================================================
InlineROM: 1
ExposeGlobal: 0
============================================================
+ Verbose Summary: CDFG Model
============================================================
IsTopModel: 1
ResetActiveHigh: 1
IsCombinational: 0
IsDatapathOnly: 0
HasWiredReturn: 1
HasMFsm: 0
HasVarLatency: 1
IsPipeline: 0
IsRtlPipelined: 0
IsInstanceOverlapped: 0
IsDontTouch: 0
HasImplIP: 0
IsGatedGlobalClock: 0


============================================================
+ Verbose Summary: Schedule
============================================================
* Number of FSM states : 10
* Pipeline : 0
* Dataflow Pipeline: 0

* FSM state transitions: 
1 --> 2 
2 --> 3 10 
3 --> 4 
4 --> 5 
5 --> 6 
6 --> 7 
7 --> 8 
8 --> 9 
9 --> 10 
10 --> 

* FSM state operations: 

State 1 <SV = 0> <Delay = 1.06>
ST_1 : Operation 11 [1/1] (0.00ns)   --->   "%n_read = read i64 @_ssdm_op_Read.ap_auto.i64, i64 %n" [/home/nehaprakriya/Documents/tapa/apps/vadd/run/cpp/Mmap2Stream.cpp:8]   --->   Operation 11 'read' 'n_read' <Predicate = true> <Delay = 0.00>
ST_1 : Operation 12 [1/1] (0.00ns)   --->   "%empty = nbwritereq i1 @_ssdm_op_NbWriteReq.ap_fifo.i33P0A, i33 %stream, i32 1" [/tools/Xilinx/Vitis_HLS/2022.1/common/technology/autopilot/hls_stream_39.h:140]   --->   Operation 12 'nbwritereq' 'empty' <Predicate = true> <Delay = 0.00> <CoreInst = "FIFO">   --->   Core 78 'FIFO' <Latency = 0> <II = 1> <Delay = 1.42> <Storage> <Opcode : 'read' 'write' 'nbread' 'nbwrite'> <Ports = 0> <Width = -1> <Depth = -1> <FIFO>
ST_1 : Operation 13 [1/1] (1.06ns)   --->   "%icmp_ln18 = icmp_eq  i64 %n_read, i64 0" [/home/nehaprakriya/Documents/tapa/apps/vadd/run/cpp/Mmap2Stream.cpp:18]   --->   Operation 13 'icmp' 'icmp_ln18' <Predicate = true> <Delay = 1.06> <CoreInst = "Cmp">   --->   Core 9 'Cmp' <Latency = 0> <II = 1> <Delay = 1.06> <FuncUnit> <Opcode : 'icmp'> <InPorts = 2> <OutPorts = 1>

State 2 <SV = 1> <Delay = 2.43>
ST_2 : Operation 14 [1/1] (0.00ns)   --->   "%spectopmodule_ln8 = spectopmodule void @_ssdm_op_SpecTopModule, void @empty_6" [/home/nehaprakriya/Documents/tapa/apps/vadd/run/cpp/Mmap2Stream.cpp:8]   --->   Operation 14 'spectopmodule' 'spectopmodule_ln8' <Predicate = true> <Delay = 0.00>
ST_2 : Operation 15 [1/1] (0.00ns)   --->   "%specinterface_ln0 = specinterface void @_ssdm_op_SpecInterface, i32 %mmap, void @empty, i32 0, i32 0, void @empty_0, i32 0, i32 0, void @empty_1, void @empty_2, void @empty_0, i32 16, i32 16, i32 16, i32 16, void @empty_0, void @empty_0, i32 4294967295, i32 0"   --->   Operation 15 'specinterface' 'specinterface_ln0' <Predicate = true> <Delay = 0.00>
ST_2 : Operation 16 [1/1] (0.00ns)   --->   "%specbitsmap_ln0 = specbitsmap void @_ssdm_op_SpecBitsMap, i32 %mmap"   --->   Operation 16 'specbitsmap' 'specbitsmap_ln0' <Predicate = true> <Delay = 0.00>
ST_2 : Operation 17 [1/1] (0.00ns)   --->   "%specinterface_ln0 = specinterface void @_ssdm_op_SpecInterface, i64 %mmap_offset, void @empty_3, i32 0, i32 0, void @empty_0, i32 0, i32 0, void @empty_0, void @empty_0, void @empty_0, i32 0, i32 0, i32 0, i32 0, void @empty_0, void @empty_4, i32 4294967295, i32 0"   --->   Operation 17 'specinterface' 'specinterface_ln0' <Predicate = true> <Delay = 0.00>
ST_2 : Operation 18 [1/1] (0.00ns)   --->   "%specbitsmap_ln0 = specbitsmap void @_ssdm_op_SpecBitsMap, i64 %n"   --->   Operation 18 'specbitsmap' 'specbitsmap_ln0' <Predicate = true> <Delay = 0.00>
ST_2 : Operation 19 [1/1] (0.00ns)   --->   "%specinterface_ln0 = specinterface void @_ssdm_op_SpecInterface, i64 %n, void @empty_3, i32 0, i32 0, void @empty_0, i32 0, i32 0, void @empty_0, void @empty_0, void @empty_0, i32 0, i32 0, i32 0, i32 0, void @empty_0, void @empty_0, i32 4294967295, i32 0"   --->   Operation 19 'specinterface' 'specinterface_ln0' <Predicate = true> <Delay = 0.00>
ST_2 : Operation 20 [1/1] (0.00ns)   --->   "%specinterface_ln0 = specinterface void @_ssdm_op_SpecInterface, i33 %stream, void @empty_5, i32 0, i32 0, void @empty_0, i32 0, i32 0, void @empty_0, void @empty_0, void @empty_0, i32 0, i32 0, i32 0, i32 0, void @empty_0, void @empty_0, i32 4294967295, i32 0"   --->   Operation 20 'specinterface' 'specinterface_ln0' <Predicate = true> <Delay = 0.00>
ST_2 : Operation 21 [1/1] (0.00ns)   --->   "%specbitsmap_ln0 = specbitsmap void @_ssdm_op_SpecBitsMap, i33 %stream"   --->   Operation 21 'specbitsmap' 'specbitsmap_ln0' <Predicate = true> <Delay = 0.00>
ST_2 : Operation 22 [1/1] (0.00ns)   --->   "%mmap_offset_read = read i64 @_ssdm_op_Read.ap_auto.i64, i64 %mmap_offset" [/home/nehaprakriya/Documents/tapa/apps/vadd/run/cpp/Mmap2Stream.cpp:8]   --->   Operation 22 'read' 'mmap_offset_read' <Predicate = true> <Delay = 0.00>
ST_2 : Operation 23 [1/1] (0.00ns)   --->   "%br_ln18 = br i1 %icmp_ln18, void %for.body.lr.ph, void %for.end" [/home/nehaprakriya/Documents/tapa/apps/vadd/run/cpp/Mmap2Stream.cpp:18]   --->   Operation 23 'br' 'br_ln18' <Predicate = true> <Delay = 0.00>
ST_2 : Operation 24 [1/1] (0.00ns)   --->   "%trunc_ln18_1 = partselect i62 @_ssdm_op_PartSelect.i62.i64.i32.i32, i64 %mmap_offset_read, i32 2, i32 63" [/home/nehaprakriya/Documents/tapa/apps/vadd/run/cpp/Mmap2Stream.cpp:18]   --->   Operation 24 'partselect' 'trunc_ln18_1' <Predicate = (!icmp_ln18)> <Delay = 0.00>
ST_2 : Operation 25 [1/1] (0.00ns)   --->   "%sext_ln18 = sext i62 %trunc_ln18_1" [/home/nehaprakriya/Documents/tapa/apps/vadd/run/cpp/Mmap2Stream.cpp:18]   --->   Operation 25 'sext' 'sext_ln18' <Predicate = (!icmp_ln18)> <Delay = 0.00>
ST_2 : Operation 26 [1/1] (0.00ns)   --->   "%mmap_addr = getelementptr i32 %mmap, i64 %sext_ln18" [/home/nehaprakriya/Documents/tapa/apps/vadd/run/cpp/Mmap2Stream.cpp:18]   --->   Operation 26 'getelementptr' 'mmap_addr' <Predicate = (!icmp_ln18)> <Delay = 0.00>
ST_2 : Operation 27 [1/1] (0.00ns)   --->   "%trunc_ln18 = trunc i64 %n_read" [/home/nehaprakriya/Documents/tapa/apps/vadd/run/cpp/Mmap2Stream.cpp:18]   --->   Operation 27 'trunc' 'trunc_ln18' <Predicate = (!icmp_ln18)> <Delay = 0.00>
ST_2 : Operation 28 [7/7] (2.43ns)   --->   "%empty_18 = readreq i1 @_ssdm_op_ReadReq.m_axi.p1i32, i32 %mmap_addr, i32 %trunc_ln18" [/home/nehaprakriya/Documents/tapa/apps/vadd/run/cpp/Mmap2Stream.cpp:18]   --->   Operation 28 'readreq' 'empty_18' <Predicate = (!icmp_ln18)> <Delay = 2.43> <CoreInst = "m_axi">   --->   Core 121 'm_axi' <Latency = 0> <II = 1> <Delay = 1.00> <Adapter> <Opcode : 'read' 'write' 'readreq' 'writereq' 'writeresp'>

State 3 <SV = 2> <Delay = 2.43>
ST_3 : Operation 29 [6/7] (2.43ns)   --->   "%empty_18 = readreq i1 @_ssdm_op_ReadReq.m_axi.p1i32, i32 %mmap_addr, i32 %trunc_ln18" [/home/nehaprakriya/Documents/tapa/apps/vadd/run/cpp/Mmap2Stream.cpp:18]   --->   Operation 29 'readreq' 'empty_18' <Predicate = true> <Delay = 2.43> <CoreInst = "m_axi">   --->   Core 121 'm_axi' <Latency = 0> <II = 1> <Delay = 1.00> <Adapter> <Opcode : 'read' 'write' 'readreq' 'writereq' 'writeresp'>

State 4 <SV = 3> <Delay = 2.43>
ST_4 : Operation 30 [5/7] (2.43ns)   --->   "%empty_18 = readreq i1 @_ssdm_op_ReadReq.m_axi.p1i32, i32 %mmap_addr, i32 %trunc_ln18" [/home/nehaprakriya/Documents/tapa/apps/vadd/run/cpp/Mmap2Stream.cpp:18]   --->   Operation 30 'readreq' 'empty_18' <Predicate = true> <Delay = 2.43> <CoreInst = "m_axi">   --->   Core 121 'm_axi' <Latency = 0> <II = 1> <Delay = 1.00> <Adapter> <Opcode : 'read' 'write' 'readreq' 'writereq' 'writeresp'>

State 5 <SV = 4> <Delay = 2.43>
ST_5 : Operation 31 [4/7] (2.43ns)   --->   "%empty_18 = readreq i1 @_ssdm_op_ReadReq.m_axi.p1i32, i32 %mmap_addr, i32 %trunc_ln18" [/home/nehaprakriya/Documents/tapa/apps/vadd/run/cpp/Mmap2Stream.cpp:18]   --->   Operation 31 'readreq' 'empty_18' <Predicate = true> <Delay = 2.43> <CoreInst = "m_axi">   --->   Core 121 'm_axi' <Latency = 0> <II = 1> <Delay = 1.00> <Adapter> <Opcode : 'read' 'write' 'readreq' 'writereq' 'writeresp'>

State 6 <SV = 5> <Delay = 2.43>
ST_6 : Operation 32 [3/7] (2.43ns)   --->   "%empty_18 = readreq i1 @_ssdm_op_ReadReq.m_axi.p1i32, i32 %mmap_addr, i32 %trunc_ln18" [/home/nehaprakriya/Documents/tapa/apps/vadd/run/cpp/Mmap2Stream.cpp:18]   --->   Operation 32 'readreq' 'empty_18' <Predicate = true> <Delay = 2.43> <CoreInst = "m_axi">   --->   Core 121 'm_axi' <Latency = 0> <II = 1> <Delay = 1.00> <Adapter> <Opcode : 'read' 'write' 'readreq' 'writereq' 'writeresp'>

State 7 <SV = 6> <Delay = 2.43>
ST_7 : Operation 33 [2/7] (2.43ns)   --->   "%empty_18 = readreq i1 @_ssdm_op_ReadReq.m_axi.p1i32, i32 %mmap_addr, i32 %trunc_ln18" [/home/nehaprakriya/Documents/tapa/apps/vadd/run/cpp/Mmap2Stream.cpp:18]   --->   Operation 33 'readreq' 'empty_18' <Predicate = true> <Delay = 2.43> <CoreInst = "m_axi">   --->   Core 121 'm_axi' <Latency = 0> <II = 1> <Delay = 1.00> <Adapter> <Opcode : 'read' 'write' 'readreq' 'writereq' 'writeresp'>

State 8 <SV = 7> <Delay = 2.43>
ST_8 : Operation 34 [1/7] (2.43ns)   --->   "%empty_18 = readreq i1 @_ssdm_op_ReadReq.m_axi.p1i32, i32 %mmap_addr, i32 %trunc_ln18" [/home/nehaprakriya/Documents/tapa/apps/vadd/run/cpp/Mmap2Stream.cpp:18]   --->   Operation 34 'readreq' 'empty_18' <Predicate = true> <Delay = 2.43> <CoreInst = "m_axi">   --->   Core 121 'm_axi' <Latency = 0> <II = 1> <Delay = 1.00> <Adapter> <Opcode : 'read' 'write' 'readreq' 'writereq' 'writeresp'>

State 9 <SV = 8> <Delay = 0.00>
ST_9 : Operation 35 [1/1] (0.00ns)   --->   "%empty_19 = wait i32 @_ssdm_op_Wait"   --->   Operation 35 'wait' 'empty_19' <Predicate = true> <Delay = 0.00>
ST_9 : Operation 36 [2/2] (0.00ns)   --->   "%call_ln18 = call void @Mmap2Stream_Pipeline_VITIS_LOOP_18_1, i32 %mmap, i62 %trunc_ln18_1, i64 %n_read, i33 %stream" [/home/nehaprakriya/Documents/tapa/apps/vadd/run/cpp/Mmap2Stream.cpp:18]   --->   Operation 36 'call' 'call_ln18' <Predicate = true> <Delay = 0.00> <CoreType = "Generic">   --->   Core 0 '' <Latency = 0> <II = 1> <Delay = 1.00> <Generic> <Opcode : >

State 10 <SV = 9> <Delay = 0.00>
ST_10 : Operation 37 [1/2] (0.00ns)   --->   "%call_ln18 = call void @Mmap2Stream_Pipeline_VITIS_LOOP_18_1, i32 %mmap, i62 %trunc_ln18_1, i64 %n_read, i33 %stream" [/home/nehaprakriya/Documents/tapa/apps/vadd/run/cpp/Mmap2Stream.cpp:18]   --->   Operation 37 'call' 'call_ln18' <Predicate = (!icmp_ln18)> <Delay = 0.00> <CoreType = "Generic">   --->   Core 0 '' <Latency = 0> <II = 1> <Delay = 1.00> <Generic> <Opcode : >
ST_10 : Operation 38 [1/1] (0.00ns)   --->   "%br_ln0 = br void %for.end"   --->   Operation 38 'br' 'br_ln0' <Predicate = (!icmp_ln18)> <Delay = 0.00>
ST_10 : Operation 39 [1/1] (0.00ns)   --->   "%ret_ln21 = ret" [/home/nehaprakriya/Documents/tapa/apps/vadd/run/cpp/Mmap2Stream.cpp:21]   --->   Operation 39 'ret' 'ret_ln21' <Predicate = true> <Delay = 0.00>


============================================================
+ Verbose Summary: Binding
============================================================
STG Binding: 
---------------- STG Properties BEGIN ----------------
- Is combinational: 0
- Is one-state seq: 0
- Is datapath-only: 0
- Is pipelined: 0
- Is top level: 1
Port [ Return ] is wired: 1; IO mode=ap_ctrl_hs:ce=0
Port [ mmap]:  wired=1; compound=1; hidden=0; nouse=0; global=0; static=0; extern=0; dir=0; type=4; pingpong=0; private_global=0; IO mode=m_axi:ce=0
Port [ mmap_offset]:  wired=1; compound=0; hidden=0; nouse=0; global=0; static=0; extern=0; dir=0; type=0; pingpong=0; private_global=0; IO mode=ap_none:ce=0
Port [ n]:  wired=1; compound=0; hidden=0; nouse=0; global=0; static=0; extern=0; dir=0; type=0; pingpong=0; private_global=0; IO mode=ap_none:ce=0
Port [ stream]:  wired=1; compound=1; hidden=0; nouse=0; global=0; static=0; extern=0; dir=1; type=3; pingpong=0; private_global=0; IO mode=ap_fifo:ce=0
---------------- STG Properties END ------------------

---------------- Datapath Model BEGIN ----------------

<LifeTime>
<method=bitvector/>
n_read            (read         ) [ 00111111111]
empty             (nbwritereq   ) [ 00000000000]
icmp_ln18         (icmp         ) [ 00111111111]
spectopmodule_ln8 (spectopmodule) [ 00000000000]
specinterface_ln0 (specinterface) [ 00000000000]
specbitsmap_ln0   (specbitsmap  ) [ 00000000000]
specinterface_ln0 (specinterface) [ 00000000000]
specbitsmap_ln0   (specbitsmap  ) [ 00000000000]
specinterface_ln0 (specinterface) [ 00000000000]
specinterface_ln0 (specinterface) [ 00000000000]
specbitsmap_ln0   (specbitsmap  ) [ 00000000000]
mmap_offset_read  (read         ) [ 00000000000]
br_ln18           (br           ) [ 00000000000]
trunc_ln18_1      (partselect   ) [ 00011111111]
sext_ln18         (sext         ) [ 00000000000]
mmap_addr         (getelementptr) [ 00011111100]
trunc_ln18        (trunc        ) [ 00011111100]
empty_18          (readreq      ) [ 00000000000]
empty_19          (wait         ) [ 00000000000]
call_ln18         (call         ) [ 00000000000]
br_ln0            (br           ) [ 00000000000]
ret_ln21          (ret          ) [ 00000000000]
</LifeTime>

<model>

<comp_list>
<comp id="0" class="1000" name="mmap">
<pin_list>
<pin id="1" dir="1" index="0" bw="1" slack="0"/>
</pin_list>
<bind>
<StgValue><ssdm name="mmap"/></StgValue>
</bind>
</comp>

<comp id="2" class="1000" name="mmap_offset">
<pin_list>
<pin id="3" dir="1" index="0" bw="1" slack="0"/>
</pin_list>
<bind>
<StgValue><ssdm name="mmap_offset"/></StgValue>
</bind>
</comp>

<comp id="4" class="1000" name="n">
<pin_list>
<pin id="5" dir="1" index="0" bw="1" slack="0"/>
</pin_list>
<bind>
<StgValue><ssdm name="n"/></StgValue>
</bind>
</comp>

<comp id="6" class="1000" name="stream">
<pin_list>
<pin id="7" dir="1" index="0" bw="1" slack="0"/>
</pin_list>
<bind>
<StgValue><ssdm name="stream"/></StgValue>
</bind>
</comp>

<comp id="8" class="1001" name="const_8">
<pin_list>
<pin id="9" dir="1" index="0" bw="1" slack="0"/>
</pin_list>
<bind>
<StgValue><ssdm name="_ssdm_op_Read.ap_auto.i64"/></StgValue>
</bind>
</comp>

<comp id="10" class="1001" name="const_10">
<pin_list>
<pin id="11" dir="1" index="0" bw="1" slack="0"/>
</pin_list>
<bind>
<StgValue><ssdm name="_ssdm_op_NbWriteReq.ap_fifo.i33P0A"/></StgValue>
</bind>
</comp>

<comp id="12" class="1001" name="const_12">
<pin_list>
<pin id="13" dir="1" index="0" bw="1" slack="0"/>
</pin_list>
<bind>
<StgValue><ssdm name=""/></StgValue>
</bind>
</comp>

<comp id="14" class="1001" name="const_14">
<pin_list>
<pin id="15" dir="1" index="0" bw="1" slack="0"/>
</pin_list>
<bind>
<StgValue><ssdm name=""/></StgValue>
</bind>
</comp>

<comp id="16" class="1001" name="const_16">
<pin_list>
<pin id="17" dir="1" index="0" bw="1" slack="2147483647"/>
</pin_list>
<bind>
<StgValue><ssdm name="_ssdm_op_SpecTopModule"/></StgValue>
</bind>
</comp>

<comp id="18" class="1001" name="const_18">
<pin_list>
<pin id="19" dir="1" index="0" bw="1" slack="2147483647"/>
</pin_list>
<bind>
<StgValue><ssdm name="empty_6"/></StgValue>
</bind>
</comp>

<comp id="20" class="1001" name="const_20">
<pin_list>
<pin id="21" dir="1" index="0" bw="1" slack="2147483647"/>
</pin_list>
<bind>
<StgValue><ssdm name="_ssdm_op_SpecInterface"/></StgValue>
</bind>
</comp>

<comp id="22" class="1001" name="const_22">
<pin_list>
<pin id="23" dir="1" index="0" bw="1" slack="2147483647"/>
</pin_list>
<bind>
<StgValue><ssdm name="empty"/></StgValue>
</bind>
</comp>

<comp id="24" class="1001" name="const_24">
<pin_list>
<pin id="25" dir="1" index="0" bw="1" slack="2147483647"/>
</pin_list>
<bind>
<StgValue><ssdm name=""/></StgValue>
</bind>
</comp>

<comp id="26" class="1001" name="const_26">
<pin_list>
<pin id="27" dir="1" index="0" bw="1" slack="2147483647"/>
</pin_list>
<bind>
<StgValue><ssdm name="empty_0"/></StgValue>
</bind>
</comp>

<comp id="28" class="1001" name="const_28">
<pin_list>
<pin id="29" dir="1" index="0" bw="1" slack="2147483647"/>
</pin_list>
<bind>
<StgValue><ssdm name="empty_1"/></StgValue>
</bind>
</comp>

<comp id="30" class="1001" name="const_30">
<pin_list>
<pin id="31" dir="1" index="0" bw="1" slack="2147483647"/>
</pin_list>
<bind>
<StgValue><ssdm name="empty_2"/></StgValue>
</bind>
</comp>

<comp id="32" class="1001" name="const_32">
<pin_list>
<pin id="33" dir="1" index="0" bw="1" slack="2147483647"/>
</pin_list>
<bind>
<StgValue><ssdm name=""/></StgValue>
</bind>
</comp>

<comp id="34" class="1001" name="const_34">
<pin_list>
<pin id="35" dir="1" index="0" bw="1" slack="2147483647"/>
</pin_list>
<bind>
<StgValue><ssdm name=""/></StgValue>
</bind>
</comp>

<comp id="36" class="1001" name="const_36">
<pin_list>
<pin id="37" dir="1" index="0" bw="1" slack="2147483647"/>
</pin_list>
<bind>
<StgValue><ssdm name="_ssdm_op_SpecBitsMap"/></StgValue>
</bind>
</comp>

<comp id="38" class="1001" name="const_38">
<pin_list>
<pin id="39" dir="1" index="0" bw="1" slack="2147483647"/>
</pin_list>
<bind>
<StgValue><ssdm name="empty_3"/></StgValue>
</bind>
</comp>

<comp id="40" class="1001" name="const_40">
<pin_list>
<pin id="41" dir="1" index="0" bw="1" slack="2147483647"/>
</pin_list>
<bind>
<StgValue><ssdm name="empty_4"/></StgValue>
</bind>
</comp>

<comp id="42" class="1001" name="const_42">
<pin_list>
<pin id="43" dir="1" index="0" bw="1" slack="2147483647"/>
</pin_list>
<bind>
<StgValue><ssdm name="empty_5"/></StgValue>
</bind>
</comp>

<comp id="44" class="1001" name="const_44">
<pin_list>
<pin id="45" dir="1" index="0" bw="1" slack="0"/>
</pin_list>
<bind>
<StgValue><ssdm name="_ssdm_op_PartSelect.i62.i64.i32.i32"/></StgValue>
</bind>
</comp>

<comp id="46" class="1001" name="const_46">
<pin_list>
<pin id="47" dir="1" index="0" bw="1" slack="0"/>
</pin_list>
<bind>
<StgValue><ssdm name=""/></StgValue>
</bind>
</comp>

<comp id="48" class="1001" name="const_48">
<pin_list>
<pin id="49" dir="1" index="0" bw="1" slack="0"/>
</pin_list>
<bind>
<StgValue><ssdm name=""/></StgValue>
</bind>
</comp>

<comp id="50" class="1001" name="const_50">
<pin_list>
<pin id="51" dir="1" index="0" bw="1" slack="0"/>
</pin_list>
<bind>
<StgValue><ssdm name="_ssdm_op_ReadReq.m_axi.p1i32"/></StgValue>
</bind>
</comp>

<comp id="52" class="1001" name="const_52">
<pin_list>
<pin id="53" dir="1" index="0" bw="1" slack="2147483647"/>
</pin_list>
<bind>
<StgValue><ssdm name="_ssdm_op_Wait"/></StgValue>
</bind>
</comp>

<comp id="54" class="1001" name="const_54">
<pin_list>
<pin id="55" dir="1" index="0" bw="1" slack="0"/>
</pin_list>
<bind>
<StgValue><ssdm name="Mmap2Stream_Pipeline_VITIS_LOOP_18_1"/></StgValue>
</bind>
</comp>

<comp id="56" class="1004" name="n_read_read_fu_56">
<pin_list>
<pin id="57" dir="0" index="0" bw="64" slack="0"/>
<pin id="58" dir="0" index="1" bw="64" slack="0"/>
<pin id="59" dir="1" index="2" bw="64" slack="0"/>
</pin_list>
<bind>
<opcode="read(1150) " fcode="read"/>
<opset="n_read/1 "/>
</bind>
</comp>

<comp id="62" class="1004" name="empty_nbwritereq_fu_62">
<pin_list>
<pin id="63" dir="0" index="0" bw="1" slack="0"/>
<pin id="64" dir="0" index="1" bw="33" slack="0"/>
<pin id="65" dir="0" index="2" bw="1" slack="0"/>
<pin id="66" dir="1" index="3" bw="1" slack="2147483647"/>
</pin_list>
<bind>
<opcode="nbwritereq(1157) " fcode="nbwritereq"/>
<opset="empty/1 "/>
</bind>
</comp>

<comp id="70" class="1004" name="mmap_offset_read_read_fu_70">
<pin_list>
<pin id="71" dir="0" index="0" bw="64" slack="0"/>
<pin id="72" dir="0" index="1" bw="64" slack="0"/>
<pin id="73" dir="1" index="2" bw="64" slack="0"/>
</pin_list>
<bind>
<opcode="read(1150) " fcode="read"/>
<opset="mmap_offset_read/2 "/>
</bind>
</comp>

<comp id="76" class="1004" name="grp_readreq_fu_76">
<pin_list>
<pin id="77" dir="0" index="0" bw="1" slack="0"/>
<pin id="78" dir="0" index="1" bw="32" slack="0"/>
<pin id="79" dir="0" index="2" bw="32" slack="0"/>
<pin id="80" dir="1" index="3" bw="1" slack="2147483647"/>
</pin_list>
<bind>
<opcode="readreq(1154) " fcode="readreq"/>
<opset="empty_18/2 "/>
</bind>
</comp>

<comp id="82" class="1004" name="grp_Mmap2Stream_Pipeline_VITIS_LOOP_18_1_fu_82">
<pin_list>
<pin id="83" dir="0" index="0" bw="0" slack="0"/>
<pin id="84" dir="0" index="1" bw="32" slack="0"/>
<pin id="85" dir="0" index="2" bw="62" slack="7"/>
<pin id="86" dir="0" index="3" bw="64" slack="8"/>
<pin id="87" dir="0" index="4" bw="33" slack="0"/>
<pin id="88" dir="1" index="5" bw="0" slack="2147483647"/>
</pin_list>
<bind>
<opcode="call(48) " fcode="call"/>
<opset="call_ln18/9 "/>
</bind>
</comp>

<comp id="92" class="1004" name="icmp_ln18_fu_92">
<pin_list>
<pin id="93" dir="0" index="0" bw="64" slack="0"/>
<pin id="94" dir="0" index="1" bw="1" slack="0"/>
<pin id="95" dir="1" index="2" bw="1" slack="1"/>
</pin_list>
<bind>
<opcode="icmp(45) " fcode="icmp"/>
<opset="icmp_ln18/1 "/>
</bind>
</comp>

<comp id="98" class="1004" name="trunc_ln18_1_fu_98">
<pin_list>
<pin id="99" dir="0" index="0" bw="62" slack="0"/>
<pin id="100" dir="0" index="1" bw="64" slack="0"/>
<pin id="101" dir="0" index="2" bw="3" slack="0"/>
<pin id="102" dir="0" index="3" bw="7" slack="0"/>
<pin id="103" dir="1" index="4" bw="62" slack="0"/>
</pin_list>
<bind>
<opcode="partselect(1002) " fcode="partselect"/>
<opset="trunc_ln18_1/2 "/>
</bind>
</comp>

<comp id="108" class="1004" name="sext_ln18_fu_108">
<pin_list>
<pin id="109" dir="0" index="0" bw="62" slack="0"/>
<pin id="110" dir="1" index="1" bw="64" slack="0"/>
</pin_list>
<bind>
<opcode="sext(35) " fcode="sext"/>
<opset="sext_ln18/2 "/>
</bind>
</comp>

<comp id="112" class="1004" name="mmap_addr_fu_112">
<pin_list>
<pin id="113" dir="0" index="0" bw="32" slack="0"/>
<pin id="114" dir="0" index="1" bw="62" slack="0"/>
<pin id="115" dir="1" index="2" bw="32" slack="0"/>
</pin_list>
<bind>
<opcode="getelementptr(29) " fcode="getelementptr"/>
<opset="mmap_addr/2 "/>
</bind>
</comp>

<comp id="119" class="1004" name="trunc_ln18_fu_119">
<pin_list>
<pin id="120" dir="0" index="0" bw="64" slack="1"/>
<pin id="121" dir="1" index="1" bw="32" slack="0"/>
</pin_list>
<bind>
<opcode="trunc(33) " fcode="trunc"/>
<opset="trunc_ln18/2 "/>
</bind>
</comp>

<comp id="123" class="1005" name="n_read_reg_123">
<pin_list>
<pin id="124" dir="0" index="0" bw="64" slack="1"/>
<pin id="125" dir="1" index="1" bw="64" slack="1"/>
</pin_list>
<bind>
<opset="n_read "/>
</bind>
</comp>

<comp id="129" class="1005" name="icmp_ln18_reg_129">
<pin_list>
<pin id="130" dir="0" index="0" bw="1" slack="1"/>
<pin id="131" dir="1" index="1" bw="1" slack="2147483647"/>
</pin_list>
<bind>
<opset="icmp_ln18 "/>
</bind>
</comp>

<comp id="133" class="1005" name="trunc_ln18_1_reg_133">
<pin_list>
<pin id="134" dir="0" index="0" bw="62" slack="7"/>
<pin id="135" dir="1" index="1" bw="62" slack="7"/>
</pin_list>
<bind>
<opset="trunc_ln18_1 "/>
</bind>
</comp>

<comp id="138" class="1005" name="mmap_addr_reg_138">
<pin_list>
<pin id="139" dir="0" index="0" bw="32" slack="1"/>
<pin id="140" dir="1" index="1" bw="32" slack="1"/>
</pin_list>
<bind>
<opset="mmap_addr "/>
</bind>
</comp>

<comp id="143" class="1005" name="trunc_ln18_reg_143">
<pin_list>
<pin id="144" dir="0" index="0" bw="32" slack="1"/>
<pin id="145" dir="1" index="1" bw="32" slack="1"/>
</pin_list>
<bind>
<opset="trunc_ln18 "/>
</bind>
</comp>

</comp_list>

<net_list>
<net id="60"><net_src comp="8" pin="0"/><net_sink comp="56" pin=0"/></net>

<net id="61"><net_src comp="4" pin="0"/><net_sink comp="56" pin=1"/></net>

<net id="67"><net_src comp="10" pin="0"/><net_sink comp="62" pin=0"/></net>

<net id="68"><net_src comp="6" pin="0"/><net_sink comp="62" pin=1"/></net>

<net id="69"><net_src comp="12" pin="0"/><net_sink comp="62" pin=2"/></net>

<net id="74"><net_src comp="8" pin="0"/><net_sink comp="70" pin=0"/></net>

<net id="75"><net_src comp="2" pin="0"/><net_sink comp="70" pin=1"/></net>

<net id="81"><net_src comp="50" pin="0"/><net_sink comp="76" pin=0"/></net>

<net id="89"><net_src comp="54" pin="0"/><net_sink comp="82" pin=0"/></net>

<net id="90"><net_src comp="0" pin="0"/><net_sink comp="82" pin=1"/></net>

<net id="91"><net_src comp="6" pin="0"/><net_sink comp="82" pin=4"/></net>

<net id="96"><net_src comp="56" pin="2"/><net_sink comp="92" pin=0"/></net>

<net id="97"><net_src comp="14" pin="0"/><net_sink comp="92" pin=1"/></net>

<net id="104"><net_src comp="44" pin="0"/><net_sink comp="98" pin=0"/></net>

<net id="105"><net_src comp="70" pin="2"/><net_sink comp="98" pin=1"/></net>

<net id="106"><net_src comp="46" pin="0"/><net_sink comp="98" pin=2"/></net>

<net id="107"><net_src comp="48" pin="0"/><net_sink comp="98" pin=3"/></net>

<net id="111"><net_src comp="98" pin="4"/><net_sink comp="108" pin=0"/></net>

<net id="116"><net_src comp="0" pin="0"/><net_sink comp="112" pin=0"/></net>

<net id="117"><net_src comp="108" pin="1"/><net_sink comp="112" pin=1"/></net>

<net id="118"><net_src comp="112" pin="2"/><net_sink comp="76" pin=1"/></net>

<net id="122"><net_src comp="119" pin="1"/><net_sink comp="76" pin=2"/></net>

<net id="126"><net_src comp="56" pin="2"/><net_sink comp="123" pin=0"/></net>

<net id="127"><net_src comp="123" pin="1"/><net_sink comp="119" pin=0"/></net>

<net id="128"><net_src comp="123" pin="1"/><net_sink comp="82" pin=3"/></net>

<net id="132"><net_src comp="92" pin="2"/><net_sink comp="129" pin=0"/></net>

<net id="136"><net_src comp="98" pin="4"/><net_sink comp="133" pin=0"/></net>

<net id="137"><net_src comp="133" pin="1"/><net_sink comp="82" pin=2"/></net>

<net id="141"><net_src comp="112" pin="2"/><net_sink comp="138" pin=0"/></net>

<net id="142"><net_src comp="138" pin="1"/><net_sink comp="76" pin=1"/></net>

<net id="146"><net_src comp="119" pin="1"/><net_sink comp="143" pin=0"/></net>

<net id="147"><net_src comp="143" pin="1"/><net_sink comp="76" pin=2"/></net>

</net_list>

</model> 
---------------- Datapath Model END ------------------

* FSMD analyzer results:
  - Output states:
	Port: stream | {1 9 10 }
 - Input state : 
	Port: Mmap2Stream : mmap | {2 3 4 5 6 7 8 9 10 }
	Port: Mmap2Stream : mmap_offset | {2 }
	Port: Mmap2Stream : n | {1 }
  - Chain level:
	State 1
	State 2
		sext_ln18 : 1
		mmap_addr : 2
		empty_18 : 3
	State 3
	State 4
	State 5
	State 6
	State 7
	State 8
	State 9
	State 10


============================================================
+ Verbose Summary: Datapath Resource usage 
============================================================

* Functional unit list:
|----------|------------------------------------------------|---------|---------|
| Operation|                 Functional Unit                |    FF   |   LUT   |
|----------|------------------------------------------------|---------|---------|
|   call   | grp_Mmap2Stream_Pipeline_VITIS_LOOP_18_1_fu_82 |   225   |   100   |
|----------|------------------------------------------------|---------|---------|
|   icmp   |                 icmp_ln18_fu_92                |    0    |    29   |
|----------|------------------------------------------------|---------|---------|
|   read   |                n_read_read_fu_56               |    0    |    0    |
|          |           mmap_offset_read_read_fu_70          |    0    |    0    |
|----------|------------------------------------------------|---------|---------|
|nbwritereq|             empty_nbwritereq_fu_62             |    0    |    0    |
|----------|------------------------------------------------|---------|---------|
|  readreq |                grp_readreq_fu_76               |    0    |    0    |
|----------|------------------------------------------------|---------|---------|
|partselect|               trunc_ln18_1_fu_98               |    0    |    0    |
|----------|------------------------------------------------|---------|---------|
|   sext   |                sext_ln18_fu_108                |    0    |    0    |
|----------|------------------------------------------------|---------|---------|
|   trunc  |                trunc_ln18_fu_119               |    0    |    0    |
|----------|------------------------------------------------|---------|---------|
|   Total  |                                                |   225   |   129   |
|----------|------------------------------------------------|---------|---------|

Memories:
N/A

* Register list:
+--------------------+--------+
|                    |   FF   |
+--------------------+--------+
|  icmp_ln18_reg_129 |    1   |
|  mmap_addr_reg_138 |   32   |
|   n_read_reg_123   |   64   |
|trunc_ln18_1_reg_133|   62   |
| trunc_ln18_reg_143 |   32   |
+--------------------+--------+
|        Total       |   191  |
+--------------------+--------+

* Multiplexer (MUX) list: 
|-------------------|------|------|------|--------||---------||---------|
|        Comp       |  Pin | Size |  BW  | S x BW ||  Delay  ||   LUT   |
|-------------------|------|------|------|--------||---------||---------|
| grp_readreq_fu_76 |  p1  |   2  |  32  |   64   ||    9    |
| grp_readreq_fu_76 |  p2  |   2  |  32  |   64   ||    9    |
|-------------------|------|------|------|--------||---------||---------|
|       Total       |      |      |      |   128  ||  0.774  ||    18   |
|-------------------|------|------|------|--------||---------||---------|



* Summary:
+-----------+--------+--------+--------+
|           |  Delay |   FF   |   LUT  |
+-----------+--------+--------+--------+
|  Function |    -   |   225  |   129  |
|   Memory  |    -   |    -   |    -   |
|Multiplexer|    0   |    -   |   18   |
|  Register |    -   |   191  |    -   |
+-----------+--------+--------+--------+
|   Total   |    0   |   416  |   147  |
+-----------+--------+--------+--------+
