

================================================================
== Vitis HLS Report for 'Mmap2Stream'
================================================================
* Date:           Wed May  8 14:03:53 2024

* Version:        2022.1 (Build 3526262 on Mon Apr 18 15:47:01 MDT 2022)
* Project:        project
* Solution:       Mmap2Stream (Vivado IP Flow Target)
* Product family: virtexuplus
* Target device:  xcu55c-fsvh2892-2L-e


================================================================
== Performance Estimates
================================================================
+ Timing: 
    * Summary: 
    +--------+---------+----------+------------+
    |  Clock |  Target | Estimated| Uncertainty|
    +--------+---------+----------+------------+
    |ap_clk  |  3.33 ns|  2.431 ns|     0.90 ns|
    +--------+---------+----------+------------+

+ Latency: 
    * Summary: 
    +---------+---------+----------+----------+-----+-----+---------+
    |  Latency (cycles) |  Latency (absolute) |  Interval | Pipeline|
    |   min   |   max   |    min   |    max   | min | max |   Type  |
    +---------+---------+----------+----------+-----+-----+---------+
    |        ?|        ?|         ?|         ?|    ?|    ?|       no|
    +---------+---------+----------+----------+-----+-----+---------+

    + Detail: 
        * Instance: 
        N/A

        * Loop: 
        N/A

============================================================
+ Verbose Summary: Synthesis Manager
============================================================
InlineROM: 1
ExposeGlobal: 0
============================================================
+ Verbose Summary: CDFG Model
============================================================
IsTopModel: 1
ResetActiveHigh: 1
IsCombinational: 0
IsDatapathOnly: 0
HasWiredReturn: 1
HasMFsm: 0
HasVarLatency: 1
IsPipeline: 0
IsRtlPipelined: 0
IsInstanceOverlapped: 0
IsDontTouch: 0
HasImplIP: 0
IsGatedGlobalClock: 0


============================================================
+ Verbose Summary: Schedule
============================================================
* Number of FSM states : 10
* Pipeline : 0
* Dataflow Pipeline: 0

* FSM state transitions: 
1 --> 2 
2 --> 3 10 
3 --> 4 
4 --> 5 
5 --> 6 
6 --> 7 
7 --> 8 
8 --> 9 
9 --> 10 
10 --> 

* FSM state operations: 

State 1 <SV = 0> <Delay = 1.06>
ST_1 : Operation 11 [1/1] (0.00ns)   --->   "%n_read = read i64 @_ssdm_op_Read.ap_auto.i64, i64 %n" [/home/nehaprakriya/Documents/tapa/apps/vadd/run/cpp/Mmap2Stream.cpp:8]   --->   Operation 11 'read' 'n_read' <Predicate = true> <Delay = 0.00>
ST_1 : Operation 12 [1/1] (0.00ns)   --->   "%empty = nbwritereq i1 @_ssdm_op_NbWriteReq.ap_fifo.i33P0A, i33 %stream, i32 1" [/tools/Xilinx/Vitis_HLS/2022.1/common/technology/autopilot/hls_stream_39.h:140]   --->   Operation 12 'nbwritereq' 'empty' <Predicate = true> <Delay = 0.00> <CoreInst = "FIFO">   --->   Core 78 'FIFO' <Latency = 0> <II = 1> <Delay = 1.42> <Storage> <Opcode : 'read' 'write' 'nbread' 'nbwrite'> <Ports = 0> <Width = -1> <Depth = -1> <FIFO>
ST_1 : Operation 13 [1/1] (1.06ns)   --->   "%icmp_ln18 = icmp_eq  i64 %n_read, i64 0" [/home/nehaprakriya/Documents/tapa/apps/vadd/run/cpp/Mmap2Stream.cpp:18]   --->   Operation 13 'icmp' 'icmp_ln18' <Predicate = true> <Delay = 1.06> <CoreInst = "Cmp">   --->   Core 9 'Cmp' <Latency = 0> <II = 1> <Delay = 1.06> <FuncUnit> <Opcode : 'icmp'> <InPorts = 2> <OutPorts = 1>

State 2 <SV = 1> <Delay = 2.43>
ST_2 : Operation 14 [1/1] (0.00ns)   --->   "%spectopmodule_ln8 = spectopmodule void @_ssdm_op_SpecTopModule, void @empty_6" [/home/nehaprakriya/Documents/tapa/apps/vadd/run/cpp/Mmap2Stream.cpp:8]   --->   Operation 14 'spectopmodule' 'spectopmodule_ln8' <Predicate = true> <Delay = 0.00>
ST_2 : Operation 15 [1/1] (0.00ns)   --->   "%specinterface_ln0 = specinterface void @_ssdm_op_SpecInterface, i32 %mmap, void @empty, i32 0, i32 0, void @empty_0, i32 0, i32 0, void @empty_1, void @empty_2, void @empty_0, i32 16, i32 16, i32 16, i32 16, void @empty_0, void @empty_0, i32 4294967295, i32 0"   --->   Operation 15 'specinterface' 'specinterface_ln0' <Predicate = true> <Delay = 0.00>
ST_2 : Operation 16 [1/1] (0.00ns)   --->   "%specbitsmap_ln0 = specbitsmap void @_ssdm_op_SpecBitsMap, i32 %mmap"   --->   Operation 16 'specbitsmap' 'specbitsmap_ln0' <Predicate = true> <Delay = 0.00>
ST_2 : Operation 17 [1/1] (0.00ns)   --->   "%specinterface_ln0 = specinterface void @_ssdm_op_SpecInterface, i64 %mmap_offset, void @empty_3, i32 0, i32 0, void @empty_0, i32 0, i32 0, void @empty_0, void @empty_0, void @empty_0, i32 0, i32 0, i32 0, i32 0, void @empty_0, void @empty_4, i32 4294967295, i32 0"   --->   Operation 17 'specinterface' 'specinterface_ln0' <Predicate = true> <Delay = 0.00>
ST_2 : Operation 18 [1/1] (0.00ns)   --->   "%specbitsmap_ln0 = specbitsmap void @_ssdm_op_SpecBitsMap, i64 %n"   --->   Operation 18 'specbitsmap' 'specbitsmap_ln0' <Predicate = true> <Delay = 0.00>
ST_2 : Operation 19 [1/1] (0.00ns)   --->   "%specinterface_ln0 = specinterface void @_ssdm_op_SpecInterface, i64 %n, void @empty_3, i32 0, i32 0, void @empty_0, i32 0, i32 0, void @empty_0, void @empty_0, void @empty_0, i32 0, i32 0, i32 0, i32 0, void @empty_0, void @empty_0, i32 4294967295, i32 0"   --->   Operation 19 'specinterface' 'specinterface_ln0' <Predicate = true> <Delay = 0.00>
ST_2 : Operation 20 [1/1] (0.00ns)   --->   "%specinterface_ln0 = specinterface void @_ssdm_op_SpecInterface, i33 %stream, void @empty_5, i32 0, i32 0, void @empty_0, i32 0, i32 0, void @empty_0, void @empty_0, void @empty_0, i32 0, i32 0, i32 0, i32 0, void @empty_0, void @empty_0, i32 4294967295, i32 0"   --->   Operation 20 'specinterface' 'specinterface_ln0' <Predicate = true> <Delay = 0.00>
ST_2 : Operation 21 [1/1] (0.00ns)   --->   "%specbitsmap_ln0 = specbitsmap void @_ssdm_op_SpecBitsMap, i33 %stream"   --->   Operation 21 'specbitsmap' 'specbitsmap_ln0' <Predicate = true> <Delay = 0.00>
ST_2 : Operation 22 [1/1] (0.00ns)   --->   "%mmap_offset_read = read i64 @_ssdm_op_Read.ap_auto.i64, i64 %mmap_offset" [/home/nehaprakriya/Documents/tapa/apps/vadd/run/cpp/Mmap2Stream.cpp:8]   --->   Operation 22 'read' 'mmap_offset_read' <Predicate = true> <Delay = 0.00>
ST_2 : Operation 23 [1/1] (0.00ns)   --->   "%br_ln18 = br i1 %icmp_ln18, void %for.body.lr.ph, void %for.end" [/home/nehaprakriya/Documents/tapa/apps/vadd/run/cpp/Mmap2Stream.cpp:18]   --->   Operation 23 'br' 'br_ln18' <Predicate = true> <Delay = 0.00>
ST_2 : Operation 24 [1/1] (0.00ns)   --->   "%trunc_ln18_1 = partselect i62 @_ssdm_op_PartSelect.i62.i64.i32.i32, i64 %mmap_offset_read, i32 2, i32 63" [/home/nehaprakriya/Documents/tapa/apps/vadd/run/cpp/Mmap2Stream.cpp:18]   --->   Operation 24 'partselect' 'trunc_ln18_1' <Predicate = (!icmp_ln18)> <Delay = 0.00>
ST_2 : Operation 25 [1/1] (0.00ns)   --->   "%sext_ln18 = sext i62 %trunc_ln18_1" [/home/nehaprakriya/Documents/tapa/apps/vadd/run/cpp/Mmap2Stream.cpp:18]   --->   Operation 25 'sext' 'sext_ln18' <Predicate = (!icmp_ln18)> <Delay = 0.00>
ST_2 : Operation 26 [1/1] (0.00ns)   --->   "%mmap_addr = getelementptr i32 %mmap, i64 %sext_ln18" [/home/nehaprakriya/Documents/tapa/apps/vadd/run/cpp/Mmap2Stream.cpp:18]   --->   Operation 26 'getelementptr' 'mmap_addr' <Predicate = (!icmp_ln18)> <Delay = 0.00>
ST_2 : Operation 27 [1/1] (0.00ns)   --->   "%trunc_ln18 = trunc i64 %n_read" [/home/nehaprakriya/Documents/tapa/apps/vadd/run/cpp/Mmap2Stream.cpp:18]   --->   Operation 27 'trunc' 'trunc_ln18' <Predicate = (!icmp_ln18)> <Delay = 0.00>
ST_2 : Operation 28 [7/7] (2.43ns)   --->   "%empty_18 = readreq i1 @_ssdm_op_ReadReq.m_axi.p1i32, i32 %mmap_addr, i32 %trunc_ln18" [/home/nehaprakriya/Documents/tapa/apps/vadd/run/cpp/Mmap2Stream.cpp:18]   --->   Operation 28 'readreq' 'empty_18' <Predicate = (!icmp_ln18)> <Delay = 2.43> <CoreInst = "m_axi">   --->   Core 121 'm_axi' <Latency = 0> <II = 1> <Delay = 1.00> <Adapter> <Opcode : 'read' 'write' 'readreq' 'writereq' 'writeresp'>

State 3 <SV = 2> <Delay = 2.43>
ST_3 : Operation 29 [6/7] (2.43ns)   --->   "%empty_18 = readreq i1 @_ssdm_op_ReadReq.m_axi.p1i32, i32 %mmap_addr, i32 %trunc_ln18" [/home/nehaprakriya/Documents/tapa/apps/vadd/run/cpp/Mmap2Stream.cpp:18]   --->   Operation 29 'readreq' 'empty_18' <Predicate = true> <Delay = 2.43> <CoreInst = "m_axi">   --->   Core 121 'm_axi' <Latency = 0> <II = 1> <Delay = 1.00> <Adapter> <Opcode : 'read' 'write' 'readreq' 'writereq' 'writeresp'>

State 4 <SV = 3> <Delay = 2.43>
ST_4 : Operation 30 [5/7] (2.43ns)   --->   "%empty_18 = readreq i1 @_ssdm_op_ReadReq.m_axi.p1i32, i32 %mmap_addr, i32 %trunc_ln18" [/home/nehaprakriya/Documents/tapa/apps/vadd/run/cpp/Mmap2Stream.cpp:18]   --->   Operation 30 'readreq' 'empty_18' <Predicate = true> <Delay = 2.43> <CoreInst = "m_axi">   --->   Core 121 'm_axi' <Latency = 0> <II = 1> <Delay = 1.00> <Adapter> <Opcode : 'read' 'write' 'readreq' 'writereq' 'writeresp'>

State 5 <SV = 4> <Delay = 2.43>
ST_5 : Operation 31 [4/7] (2.43ns)   --->   "%empty_18 = readreq i1 @_ssdm_op_ReadReq.m_axi.p1i32, i32 %mmap_addr, i32 %trunc_ln18" [/home/nehaprakriya/Documents/tapa/apps/vadd/run/cpp/Mmap2Stream.cpp:18]   --->   Operation 31 'readreq' 'empty_18' <Predicate = true> <Delay = 2.43> <CoreInst = "m_axi">   --->   Core 121 'm_axi' <Latency = 0> <II = 1> <Delay = 1.00> <Adapter> <Opcode : 'read' 'write' 'readreq' 'writereq' 'writeresp'>

State 6 <SV = 5> <Delay = 2.43>
ST_6 : Operation 32 [3/7] (2.43ns)   --->   "%empty_18 = readreq i1 @_ssdm_op_ReadReq.m_axi.p1i32, i32 %mmap_addr, i32 %trunc_ln18" [/home/nehaprakriya/Documents/tapa/apps/vadd/run/cpp/Mmap2Stream.cpp:18]   --->   Operation 32 'readreq' 'empty_18' <Predicate = true> <Delay = 2.43> <CoreInst = "m_axi">   --->   Core 121 'm_axi' <Latency = 0> <II = 1> <Delay = 1.00> <Adapter> <Opcode : 'read' 'write' 'readreq' 'writereq' 'writeresp'>

State 7 <SV = 6> <Delay = 2.43>
ST_7 : Operation 33 [2/7] (2.43ns)   --->   "%empty_18 = readreq i1 @_ssdm_op_ReadReq.m_axi.p1i32, i32 %mmap_addr, i32 %trunc_ln18" [/home/nehaprakriya/Documents/tapa/apps/vadd/run/cpp/Mmap2Stream.cpp:18]   --->   Operation 33 'readreq' 'empty_18' <Predicate = true> <Delay = 2.43> <CoreInst = "m_axi">   --->   Core 121 'm_axi' <Latency = 0> <II = 1> <Delay = 1.00> <Adapter> <Opcode : 'read' 'write' 'readreq' 'writereq' 'writeresp'>

State 8 <SV = 7> <Delay = 2.43>
ST_8 : Operation 34 [1/7] (2.43ns)   --->   "%empty_18 = readreq i1 @_ssdm_op_ReadReq.m_axi.p1i32, i32 %mmap_addr, i32 %trunc_ln18" [/home/nehaprakriya/Documents/tapa/apps/vadd/run/cpp/Mmap2Stream.cpp:18]   --->   Operation 34 'readreq' 'empty_18' <Predicate = true> <Delay = 2.43> <CoreInst = "m_axi">   --->   Core 121 'm_axi' <Latency = 0> <II = 1> <Delay = 1.00> <Adapter> <Opcode : 'read' 'write' 'readreq' 'writereq' 'writeresp'>

State 9 <SV = 8> <Delay = 0.00>
ST_9 : Operation 35 [1/1] (0.00ns)   --->   "%empty_19 = wait i32 @_ssdm_op_Wait"   --->   Operation 35 'wait' 'empty_19' <Predicate = true> <Delay = 0.00>
ST_9 : Operation 36 [2/2] (0.00ns)   --->   "%call_ln18 = call void @Mmap2Stream_Pipeline_VITIS_LOOP_18_1, i32 %mmap, i62 %trunc_ln18_1, i64 %n_read, i33 %stream" [/home/nehaprakriya/Documents/tapa/apps/vadd/run/cpp/Mmap2Stream.cpp:18]   --->   Operation 36 'call' 'call_ln18' <Predicate = true> <Delay = 0.00> <CoreType = "Generic">   --->   Core 0 '' <Latency = 0> <II = 1> <Delay = 1.00> <Generic> <Opcode : >

State 10 <SV = 9> <Delay = 0.00>
ST_10 : Operation 37 [1/2] (0.00ns)   --->   "%call_ln18 = call void @Mmap2Stream_Pipeline_VITIS_LOOP_18_1, i32 %mmap, i62 %trunc_ln18_1, i64 %n_read, i33 %stream" [/home/nehaprakriya/Documents/tapa/apps/vadd/run/cpp/Mmap2Stream.cpp:18]   --->   Operation 37 'call' 'call_ln18' <Predicate = (!icmp_ln18)> <Delay = 0.00> <CoreType = "Generic">   --->   Core 0 '' <Latency = 0> <II = 1> <Delay = 1.00> <Generic> <Opcode : >
ST_10 : Operation 38 [1/1] (0.00ns)   --->   "%br_ln0 = br void %for.end"   --->   Operation 38 'br' 'br_ln0' <Predicate = (!icmp_ln18)> <Delay = 0.00>
ST_10 : Operation 39 [1/1] (0.00ns)   --->   "%ret_ln21 = ret" [/home/nehaprakriya/Documents/tapa/apps/vadd/run/cpp/Mmap2Stream.cpp:21]   --->   Operation 39 'ret' 'ret_ln21' <Predicate = true> <Delay = 0.00>


============================================================
+ Verbose Summary: Timing violations
============================================================
Target clock period: 3.33ns, clock uncertainty: 0.899ns.

 <State 1>: 1.06ns
The critical path consists of the following:
	wire read operation ('n_read', /home/nehaprakriya/Documents/tapa/apps/vadd/run/cpp/Mmap2Stream.cpp:8) on port 'n' (/home/nehaprakriya/Documents/tapa/apps/vadd/run/cpp/Mmap2Stream.cpp:8) [13]  (0 ns)
	'icmp' operation ('icmp_ln18', /home/nehaprakriya/Documents/tapa/apps/vadd/run/cpp/Mmap2Stream.cpp:18) [16]  (1.06 ns)

 <State 2>: 2.43ns
The critical path consists of the following:
	wire read operation ('mmap_offset_read', /home/nehaprakriya/Documents/tapa/apps/vadd/run/cpp/Mmap2Stream.cpp:8) on port 'mmap_offset' (/home/nehaprakriya/Documents/tapa/apps/vadd/run/cpp/Mmap2Stream.cpp:8) [14]  (0 ns)
	'getelementptr' operation ('mmap_addr', /home/nehaprakriya/Documents/tapa/apps/vadd/run/cpp/Mmap2Stream.cpp:18) [21]  (0 ns)
	bus request operation ('empty_18', /home/nehaprakriya/Documents/tapa/apps/vadd/run/cpp/Mmap2Stream.cpp:18) on port 'mmap' (/home/nehaprakriya/Documents/tapa/apps/vadd/run/cpp/Mmap2Stream.cpp:18) [23]  (2.43 ns)

 <State 3>: 2.43ns
The critical path consists of the following:
	bus request operation ('empty_18', /home/nehaprakriya/Documents/tapa/apps/vadd/run/cpp/Mmap2Stream.cpp:18) on port 'mmap' (/home/nehaprakriya/Documents/tapa/apps/vadd/run/cpp/Mmap2Stream.cpp:18) [23]  (2.43 ns)

 <State 4>: 2.43ns
The critical path consists of the following:
	bus request operation ('empty_18', /home/nehaprakriya/Documents/tapa/apps/vadd/run/cpp/Mmap2Stream.cpp:18) on port 'mmap' (/home/nehaprakriya/Documents/tapa/apps/vadd/run/cpp/Mmap2Stream.cpp:18) [23]  (2.43 ns)

 <State 5>: 2.43ns
The critical path consists of the following:
	bus request operation ('empty_18', /home/nehaprakriya/Documents/tapa/apps/vadd/run/cpp/Mmap2Stream.cpp:18) on port 'mmap' (/home/nehaprakriya/Documents/tapa/apps/vadd/run/cpp/Mmap2Stream.cpp:18) [23]  (2.43 ns)

 <State 6>: 2.43ns
The critical path consists of the following:
	bus request operation ('empty_18', /home/nehaprakriya/Documents/tapa/apps/vadd/run/cpp/Mmap2Stream.cpp:18) on port 'mmap' (/home/nehaprakriya/Documents/tapa/apps/vadd/run/cpp/Mmap2Stream.cpp:18) [23]  (2.43 ns)

 <State 7>: 2.43ns
The critical path consists of the following:
	bus request operation ('empty_18', /home/nehaprakriya/Documents/tapa/apps/vadd/run/cpp/Mmap2Stream.cpp:18) on port 'mmap' (/home/nehaprakriya/Documents/tapa/apps/vadd/run/cpp/Mmap2Stream.cpp:18) [23]  (2.43 ns)

 <State 8>: 2.43ns
The critical path consists of the following:
	bus request operation ('empty_18', /home/nehaprakriya/Documents/tapa/apps/vadd/run/cpp/Mmap2Stream.cpp:18) on port 'mmap' (/home/nehaprakriya/Documents/tapa/apps/vadd/run/cpp/Mmap2Stream.cpp:18) [23]  (2.43 ns)

 <State 9>: 0ns
The critical path consists of the following:

 <State 10>: 0ns
The critical path consists of the following:


============================================================
+ Verbose Summary: Binding
============================================================
N/A
* FSMD analyzer results:
  - Output states:
 - Input state : 
  - Chain level:
	State 1
	State 2
	State 3
	State 4
	State 5
	State 6
	State 7
	State 8
	State 9
	State 10


============================================================
+ Verbose Summary: Datapath Resource usage 
============================================================
N/A
