

================================================================
== Synthesis Summary Report of 'krnl_globalSort_L3'
================================================================
+ General Information: 
    * Date:           Wed May 22 14:54:29 2024
    * Version:        2022.1 (Build 3526262 on Mon Apr 18 15:47:01 MDT 2022)
    * Project:        project
    * Solution:       krnl_globalSort_L3 (Vivado IP Flow Target)
    * Product family: virtexuplus
    * Target device:  xcu55c-fsvh2892-2L-e
    

+ Performance & Resource Estimates: 
    
    PS: '+' for module; 'o' for loop; '*' for dataflow
    +----------------------------------------------------+--------+-------+---------+---------+----------+---------+------+----------+------+----+------------+------------+-----+
    |                       Modules                      |  Issue |       | Latency | Latency | Iteration|         | Trip |          |      |    |            |            |     |
    |                       & Loops                      |  Type  | Slack | (cycles)|   (ns)  |  Latency | Interval| Count| Pipelined| BRAM | DSP|     FF     |     LUT    | URAM|
    +----------------------------------------------------+--------+-------+---------+---------+----------+---------+------+----------+------+----+------------+------------+-----+
    |+ krnl_globalSort_L3                                |  Timing|  -0.76|        -|        -|         -|        -|     -|        no|     -|   -|  3038 (~0%)|  1380 (~0%)|    -|
    | + krnl_globalSort_L3_Pipeline_VITIS_LOOP_875_1     |       -|   1.22|       12|   39.960|         -|       12|     -|        no|     -|   -|   651 (~0%)|    81 (~0%)|    -|
    |  o VITIS_LOOP_875_1                                |       -|   2.43|       10|   33.300|         2|        1|    10|       yes|     -|   -|           -|           -|    -|
    | + krnl_globalSort_L3_Pipeline_VITIS_LOOP_885_2     |       -|   1.22|       12|   39.960|         -|       12|     -|        no|     -|   -|   651 (~0%)|    81 (~0%)|    -|
    |  o VITIS_LOOP_885_2                                |       -|   2.43|       10|   33.300|         2|        1|    10|       yes|     -|   -|           -|           -|    -|
    | + seq_global_merge_L3                              |       -|   0.05|       81|  269.730|         -|       81|     -|        no|     -|   -|   952 (~0%)|   628 (~0%)|    -|
    |  o VITIS_LOOP_756_2                                |       -|   2.43|       80|  266.400|         8|        -|    10|        no|     -|   -|           -|           -|    -|
    |   + seq_global_merge_L3_Pipeline_VITIS_LOOP_760_3  |       -|   0.05|        5|   16.650|         -|        5|     -|        no|     -|   -|   174 (~0%)|   334 (~0%)|    -|
    |    o VITIS_LOOP_760_3                              |       -|   2.43|        3|    9.990|         3|        1|     2|       yes|     -|   -|           -|           -|    -|
    | + krnl_globalSort_L3_Pipeline_VITIS_LOOP_895_3     |  Timing|  -0.76|        -|        -|         -|        -|     -|        no|     -|   -|   131 (~0%)|   446 (~0%)|    -|
    |  o VITIS_LOOP_895_3                                |       -|   2.43|        -|        -|         1|        1|     -|       yes|     -|   -|           -|           -|    -|
    +----------------------------------------------------+--------+-------+---------+---------+----------+---------+------+----------+------+----+------------+------------+-----+


================================================================
== HW Interfaces
================================================================
* AP_FIFO
+--------------------------------+------------+
| Interface                      | Data Width |
+--------------------------------+------------+
| in_dist0_peek                  | 45         |
| in_dist0_s                     | 45         |
| in_dist1_peek                  | 45         |
| in_dist1_s                     | 45         |
| in_id0_peek                    | 45         |
| in_id0_s                       | 45         |
| in_id1_peek                    | 45         |
| in_id1_s                       | 45         |
| output_knnDist_read_addr       | 65         |
| output_knnDist_read_data_peek  | 33         |
| output_knnDist_read_data_s     | 33         |
| output_knnDist_write_addr      | 65         |
| output_knnDist_write_data      | 33         |
| output_knnDist_write_resp_peek | 9          |
| output_knnDist_write_resp_s    | 9          |
| output_knnId_read_addr         | 65         |
| output_knnId_read_data_peek    | 33         |
| output_knnId_read_data_s       | 33         |
| output_knnId_write_addr        | 65         |
| output_knnId_write_data        | 33         |
| output_knnId_write_resp_peek   | 9          |
| output_knnId_write_resp_s      | 9          |
+--------------------------------+------------+

* TOP LEVEL CONTROL
+-----------+------------+-----------------------------------+
| Interface | Type       | Ports                             |
+-----------+------------+-----------------------------------+
| ap_clk    | clock      | ap_clk                            |
| ap_rst_n  | reset      | ap_rst_n                          |
| ap_ctrl   | ap_ctrl_hs | ap_done ap_idle ap_ready ap_start |
+-----------+------------+-----------------------------------+


================================================================
== SW I/O Information
================================================================
* Top Function Arguments
+----------------+-----------+--------------------------------------------+
| Argument       | Direction | Datatype                                   |
+----------------+-----------+--------------------------------------------+
| in_dist0       | in        | istream<hls::axis<ap_uint<32>, 0, 0, 0> >& |
| in_id0         | in        | istream<hls::axis<ap_uint<32>, 0, 0, 0> >& |
| in_dist1       | in        | istream<hls::axis<ap_uint<32>, 0, 0, 0> >& |
| in_id1         | in        | istream<hls::axis<ap_uint<32>, 0, 0, 0> >& |
| output_knnDist | inout     | async_mmap<float>&                         |
| output_knnId   | inout     | async_mmap<int>&                           |
+----------------+-----------+--------------------------------------------+

* SW-to-HW Mapping
+----------------+--------------------------------+-----------+
| Argument       | HW Interface                   | HW Type   |
+----------------+--------------------------------+-----------+
| in_dist0       | in_dist0_s                     | interface |
| in_dist0       | in_dist0_peek                  | interface |
| in_id0         | in_id0_s                       | interface |
| in_id0         | in_id0_peek                    | interface |
| in_dist1       | in_dist1_s                     | interface |
| in_dist1       | in_dist1_peek                  | interface |
| in_id1         | in_id1_s                       | interface |
| in_id1         | in_id1_peek                    | interface |
| output_knnDist | output_knnDist_read_addr       | interface |
| output_knnDist | output_knnDist_read_data_s     | interface |
| output_knnDist | output_knnDist_read_data_peek  | interface |
| output_knnDist | output_knnDist_write_addr      | interface |
| output_knnDist | output_knnDist_write_data      | interface |
| output_knnDist | output_knnDist_write_resp_s    | interface |
| output_knnDist | output_knnDist_write_resp_peek | interface |
| output_knnId   | output_knnId_read_addr         | interface |
| output_knnId   | output_knnId_read_data_s       | interface |
| output_knnId   | output_knnId_read_data_peek    | interface |
| output_knnId   | output_knnId_write_addr        | interface |
| output_knnId   | output_knnId_write_data        | interface |
| output_knnId   | output_knnId_write_resp_s      | interface |
| output_knnId   | output_knnId_write_resp_peek   | interface |
+----------------+--------------------------------+-----------+


================================================================
== M_AXI Burst Information
================================================================
 Note: All burst requests might be further partitioned into multiple requests during RTL generation based on max_read_burst_length or max_write_burst_length settings.

  No burst in design

================================================================
== Bind Op Report
================================================================
+---------------------------------------------------+-----+--------+---------------+-----+--------+---------+
| Name                                              | DSP | Pragma | Variable      | Op  | Impl   | Latency |
+---------------------------------------------------+-----+--------+---------------+-----+--------+---------+
| + krnl_globalSort_L3                              | 0   |        |               |     |        |         |
|  + krnl_globalSort_L3_Pipeline_VITIS_LOOP_875_1   | 0   |        |               |     |        |         |
|    add_ln875_fu_340_p2                            | -   |        | add_ln875     | add | fabric | 0       |
|  + krnl_globalSort_L3_Pipeline_VITIS_LOOP_885_2   | 0   |        |               |     |        |         |
|    add_ln885_fu_340_p2                            | -   |        | add_ln885     | add | fabric | 0       |
|  + seq_global_merge_L3                            | 0   |        |               |     |        |         |
|    idx_2_fu_875_p2                                | -   |        | idx_2         | add | fabric | 0       |
|    add_ln756_fu_901_p2                            | -   |        | add_ln756     | add | fabric | 0       |
|   + seq_global_merge_L3_Pipeline_VITIS_LOOP_760_3 | 0   |        |               |     |        |         |
|     add_ln760_fu_284_p2                           | -   |        | add_ln760     | add | fabric | 0       |
|  + krnl_globalSort_L3_Pipeline_VITIS_LOOP_895_3   | 0   |        |               |     |        |         |
|    i_req_dist_1_fu_420_p2                         | -   |        | i_req_dist_1  | add | fabric | 0       |
|    add_ln910_fu_443_p2                            | -   |        | add_ln910     | add | fabric | 0       |
|    i_resp_dist_2_fu_453_p2                        | -   |        | i_resp_dist_2 | add | fabric | 0       |
|    i_req_id_1_fu_514_p2                           | -   |        | i_req_id_1    | add | fabric | 0       |
|    add_ln925_fu_537_p2                            | -   |        | add_ln925     | add | fabric | 0       |
|    i_resp_id_2_fu_547_p2                          | -   |        | i_resp_id_2   | add | fabric | 0       |
+---------------------------------------------------+-----+--------+---------------+-----+--------+---------+


================================================================
== Bind Storage Report
================================================================
  No bind storage info in design

================================================================
== Pragma Report
================================================================
* Pragmas with Warnings
+----------+----------------------------------------------+-----------------------------------------------------------------------------------------------------------------------------------------------+-----------------------------------------------------------------------------------------+
| Type     | Options                                      | Location                                                                                                                                      | Messages                                                                                |
+----------+----------------------------------------------+-----------------------------------------------------------------------------------------------------------------------------------------------+-----------------------------------------------------------------------------------------+
| resource | variable=local_SP_0_A core=XPM_MEMORY uram   | ../../home/nehaprakriya/Documents/tapa/regression/knn/src/run_split_check/cpp/krnl_globalSort_L3.cpp:366 in krnl_partialknn, local_SP_0_A     | 'Resource pragma' is deprecated, use 'bind_op/bind_storage pragma' instead              |
|          |                                              |                                                                                                                                               | 'xpm_memory' in '#pragma HLS Resource' is deprecated, use 'Bind_Storage Pragma' instead |
| resource | variable=local_SP_0_B core=XPM_MEMORY uram   | ../../home/nehaprakriya/Documents/tapa/regression/knn/src/run_split_check/cpp/krnl_globalSort_L3.cpp:368 in krnl_partialknn, local_SP_0_B     | 'Resource pragma' is deprecated, use 'bind_op/bind_storage pragma' instead              |
|          |                                              |                                                                                                                                               | 'xpm_memory' in '#pragma HLS Resource' is deprecated, use 'Bind_Storage Pragma' instead |
| resource | variable=temp_kNearstDist core=RAM_1P_LUTRAM | ../../home/nehaprakriya/Documents/tapa/regression/knn/src/run_split_check/cpp/krnl_globalSort_L3.cpp:469 in krnl_partialknn, temp_kNearstDist | 'Resource pragma' is deprecated, use 'bind_op/bind_storage pragma' instead              |
| resource | variable=temp_kNearstId core=RAM_1P_LUTRAM   | ../../home/nehaprakriya/Documents/tapa/regression/knn/src/run_split_check/cpp/krnl_globalSort_L3.cpp:474 in krnl_partialknn, temp_kNearstId   | 'Resource pragma' is deprecated, use 'bind_op/bind_storage pragma' instead              |
+----------+----------------------------------------------+-----------------------------------------------------------------------------------------------------------------------------------------------+-----------------------------------------------------------------------------------------+

* Valid Pragma Syntax
+-----------------+--------------------------------------------------------------+-----------------------------------------------------------------------------------------------------------------------------------------------------------+
| Type            | Options                                                      | Location                                                                                                                                                  |
+-----------------+--------------------------------------------------------------+-----------------------------------------------------------------------------------------------------------------------------------------------------------+
| pipeline        |                                                              | ../../home/nehaprakriya/Documents/tapa/regression/knn/src/run_split_check/cpp/krnl_globalSort_L3.cpp:80 in compare_with_register                          |
| inline          | off                                                          | ../../home/nehaprakriya/Documents/tapa/regression/knn/src/run_split_check/cpp/krnl_globalSort_L3.cpp:81 in compare_with_register                          |
| latency         | min=2 max=2                                                  | ../../home/nehaprakriya/Documents/tapa/regression/knn/src/run_split_check/cpp/krnl_globalSort_L3.cpp:82 in compare_with_register                          |
| inline          | OFF                                                          | ../../home/nehaprakriya/Documents/tapa/regression/knn/src/run_split_check/cpp/krnl_globalSort_L3.cpp:92 in load                                           |
| pipeline        | II=1                                                         | ../../home/nehaprakriya/Documents/tapa/regression/knn/src/run_split_check/cpp/krnl_globalSort_L3.cpp:95 in load                                           |
| inline          | OFF                                                          | ../../home/nehaprakriya/Documents/tapa/regression/knn/src/run_split_check/cpp/krnl_globalSort_L3.cpp:116 in compute                                       |
| pipeline        | II=1                                                         | ../../home/nehaprakriya/Documents/tapa/regression/knn/src/run_split_check/cpp/krnl_globalSort_L3.cpp:121 in compute                                       |
| unroll          |                                                              | ../../home/nehaprakriya/Documents/tapa/regression/knn/src/run_split_check/cpp/krnl_globalSort_L3.cpp:127 in compute                                       |
| inline          |                                                              | ../../home/nehaprakriya/Documents/tapa/regression/knn/src/run_split_check/cpp/krnl_globalSort_L3.cpp:169 in swap                                          |
| inline          | OFF                                                          | ../../home/nehaprakriya/Documents/tapa/regression/knn/src/run_split_check/cpp/krnl_globalSort_L3.cpp:192 in para_partial_sort                             |
| pipeline        | II=2                                                         | ../../home/nehaprakriya/Documents/tapa/regression/knn/src/run_split_check/cpp/krnl_globalSort_L3.cpp:194 in para_partial_sort                             |
| unroll          | FACTOR=D2L_FACTOR_W                                          | ../../home/nehaprakriya/Documents/tapa/regression/knn/src/run_split_check/cpp/krnl_globalSort_L3.cpp:195 in para_partial_sort                             |
| unroll          |                                                              | ../../home/nehaprakriya/Documents/tapa/regression/knn/src/run_split_check/cpp/krnl_globalSort_L3.cpp:210 in para_partial_sort                             |
| dependence      | variable="local_kNearstDist" inter false                     | ../../home/nehaprakriya/Documents/tapa/regression/knn/src/run_split_check/cpp/krnl_globalSort_L3.cpp:211 in para_partial_sort, "local_kNearstDist"        |
| dependence      | variable="local_kNearstId" inter false                       | ../../home/nehaprakriya/Documents/tapa/regression/knn/src/run_split_check/cpp/krnl_globalSort_L3.cpp:212 in para_partial_sort, "local_kNearstId"          |
| unroll          |                                                              | ../../home/nehaprakriya/Documents/tapa/regression/knn/src/run_split_check/cpp/krnl_globalSort_L3.cpp:225 in para_partial_sort                             |
| dependence      | variable="local_kNearstDist" inter false                     | ../../home/nehaprakriya/Documents/tapa/regression/knn/src/run_split_check/cpp/krnl_globalSort_L3.cpp:226 in para_partial_sort, "local_kNearstDist"        |
| dependence      | variable="local_kNearstId" inter false                       | ../../home/nehaprakriya/Documents/tapa/regression/knn/src/run_split_check/cpp/krnl_globalSort_L3.cpp:227 in para_partial_sort, "local_kNearstId"          |
| inline          | OFF                                                          | ../../home/nehaprakriya/Documents/tapa/regression/knn/src/run_split_check/cpp/krnl_globalSort_L3.cpp:242 in sort                                          |
| array_partition | variable=starting_id complete dim=0                          | ../../home/nehaprakriya/Documents/tapa/regression/knn/src/run_split_check/cpp/krnl_globalSort_L3.cpp:245 in sort, starting_id                             |
| unroll          |                                                              | ../../home/nehaprakriya/Documents/tapa/regression/knn/src/run_split_check/cpp/krnl_globalSort_L3.cpp:248 in sort                                          |
| pipeline        | II=1                                                         | ../../home/nehaprakriya/Documents/tapa/regression/knn/src/run_split_check/cpp/krnl_globalSort_L3.cpp:255 in sort                                          |
| unroll          | FACTOR=L2I_FACTOR_W                                          | ../../home/nehaprakriya/Documents/tapa/regression/knn/src/run_split_check/cpp/krnl_globalSort_L3.cpp:256 in sort                                          |
| pipeline        | II=1                                                         | ../../home/nehaprakriya/Documents/tapa/regression/knn/src/run_split_check/cpp/krnl_globalSort_L3.cpp:271 in sort                                          |
| unroll          |                                                              | ../../home/nehaprakriya/Documents/tapa/regression/knn/src/run_split_check/cpp/krnl_globalSort_L3.cpp:286 in sort                                          |
| unroll          |                                                              | ../../home/nehaprakriya/Documents/tapa/regression/knn/src/run_split_check/cpp/krnl_globalSort_L3.cpp:344 in merge_dual_all_pes                            |
| inline          |                                                              | ../../home/nehaprakriya/Documents/tapa/regression/knn/src/run_split_check/cpp/krnl_globalSort_L3.cpp:361 in krnl_partialknn                               |
| array_partition | variable=local_Query_0 complete dim=1                        | ../../home/nehaprakriya/Documents/tapa/regression/knn/src/run_split_check/cpp/krnl_globalSort_L3.cpp:364 in krnl_partialknn, local_Query_0                |
| array_partition | variable=local_distance_0_A complete dim=1                   | ../../home/nehaprakriya/Documents/tapa/regression/knn/src/run_split_check/cpp/krnl_globalSort_L3.cpp:371 in krnl_partialknn, local_distance_0_A           |
| array_partition | variable=local_distance_0_A cyclic factor=L2I_FACTOR_W dim=2 | ../../home/nehaprakriya/Documents/tapa/regression/knn/src/run_split_check/cpp/krnl_globalSort_L3.cpp:372 in krnl_partialknn, local_distance_0_A           |
| array_partition | variable=local_distance_0_B complete dim=1                   | ../../home/nehaprakriya/Documents/tapa/regression/knn/src/run_split_check/cpp/krnl_globalSort_L3.cpp:374 in krnl_partialknn, local_distance_0_B           |
| array_partition | variable=local_distance_0_B cyclic factor=L2I_FACTOR_W dim=2 | ../../home/nehaprakriya/Documents/tapa/regression/knn/src/run_split_check/cpp/krnl_globalSort_L3.cpp:375 in krnl_partialknn, local_distance_0_B           |
| array_partition | variable=local_kNearstDist_partial_0 complete dim=0          | ../../home/nehaprakriya/Documents/tapa/regression/knn/src/run_split_check/cpp/krnl_globalSort_L3.cpp:380 in krnl_partialknn, local_kNearstDist_partial_0  |
| array_partition | variable=local_kNearstId_partial_0 complete dim=0            | ../../home/nehaprakriya/Documents/tapa/regression/knn/src/run_split_check/cpp/krnl_globalSort_L3.cpp:382 in krnl_partialknn, local_kNearstId_partial_0    |
| array_partition | variable=local_kNearstDist complete dim=0                    | ../../home/nehaprakriya/Documents/tapa/regression/knn/src/run_split_check/cpp/krnl_globalSort_L3.cpp:386 in krnl_partialknn, local_kNearstDist            |
| array_partition | variable=local_kNearstId complete dim=0                      | ../../home/nehaprakriya/Documents/tapa/regression/knn/src/run_split_check/cpp/krnl_globalSort_L3.cpp:388 in krnl_partialknn, local_kNearstId              |
| array_partition | variable=global_kNearstDist complete                         | ../../home/nehaprakriya/Documents/tapa/regression/knn/src/run_split_check/cpp/krnl_globalSort_L3.cpp:392 in krnl_partialknn, global_kNearstDist           |
| array_partition | variable=global_kNearstId complete                           | ../../home/nehaprakriya/Documents/tapa/regression/knn/src/run_split_check/cpp/krnl_globalSort_L3.cpp:394 in krnl_partialknn, global_kNearstId             |
| pipeline        | II=1                                                         | ../../home/nehaprakriya/Documents/tapa/regression/knn/src/run_split_check/cpp/krnl_globalSort_L3.cpp:397 in krnl_partialknn                               |
| pipeline        | II=1                                                         | ../../home/nehaprakriya/Documents/tapa/regression/knn/src/run_split_check/cpp/krnl_globalSort_L3.cpp:422 in krnl_partialknn                               |
| unroll          |                                                              | ../../home/nehaprakriya/Documents/tapa/regression/knn/src/run_split_check/cpp/krnl_globalSort_L3.cpp:440 in krnl_partialknn                               |
| array_partition | variable=temp_kNearstDist complete dim=1                     | ../../home/nehaprakriya/Documents/tapa/regression/knn/src/run_split_check/cpp/krnl_globalSort_L3.cpp:466 in krnl_partialknn, temp_kNearstDist             |
| array_partition | variable=temp_kNearstDist complete dim=2                     | ../../home/nehaprakriya/Documents/tapa/regression/knn/src/run_split_check/cpp/krnl_globalSort_L3.cpp:467 in krnl_partialknn, temp_kNearstDist             |
| array_partition | variable=temp_kNearstDist complete dim=3                     | ../../home/nehaprakriya/Documents/tapa/regression/knn/src/run_split_check/cpp/krnl_globalSort_L3.cpp:468 in krnl_partialknn, temp_kNearstDist             |
| array_partition | variable=temp_kNearstId complete dim=1                       | ../../home/nehaprakriya/Documents/tapa/regression/knn/src/run_split_check/cpp/krnl_globalSort_L3.cpp:471 in krnl_partialknn, temp_kNearstId               |
| array_partition | variable=temp_kNearstId complete dim=2                       | ../../home/nehaprakriya/Documents/tapa/regression/knn/src/run_split_check/cpp/krnl_globalSort_L3.cpp:472 in krnl_partialknn, temp_kNearstId               |
| array_partition | variable=temp_kNearstId complete dim=3                       | ../../home/nehaprakriya/Documents/tapa/regression/knn/src/run_split_check/cpp/krnl_globalSort_L3.cpp:473 in krnl_partialknn, temp_kNearstId               |
| unroll          |                                                              | ../../home/nehaprakriya/Documents/tapa/regression/knn/src/run_split_check/cpp/krnl_globalSort_L3.cpp:478 in krnl_partialknn                               |
| unroll          |                                                              | ../../home/nehaprakriya/Documents/tapa/regression/knn/src/run_split_check/cpp/krnl_globalSort_L3.cpp:481 in krnl_partialknn                               |
| unroll          |                                                              | ../../home/nehaprakriya/Documents/tapa/regression/knn/src/run_split_check/cpp/krnl_globalSort_L3.cpp:484 in krnl_partialknn                               |
| unroll          |                                                              | ../../home/nehaprakriya/Documents/tapa/regression/knn/src/run_split_check/cpp/krnl_globalSort_L3.cpp:497 in krnl_partialknn                               |
| unroll          |                                                              | ../../home/nehaprakriya/Documents/tapa/regression/knn/src/run_split_check/cpp/krnl_globalSort_L3.cpp:506 in krnl_partialknn                               |
| unroll          |                                                              | ../../home/nehaprakriya/Documents/tapa/regression/knn/src/run_split_check/cpp/krnl_globalSort_L3.cpp:516 in krnl_partialknn                               |
| pipeline        | II=1                                                         | ../../home/nehaprakriya/Documents/tapa/regression/knn/src/run_split_check/cpp/krnl_globalSort_L3.cpp:536 in krnl_partialknn                               |
| pipeline        | II=1                                                         | ../../home/nehaprakriya/Documents/tapa/regression/knn/src/run_split_check/cpp/krnl_globalSort_L3.cpp:547 in krnl_partialknn                               |
| inline          | OFF                                                          | ../../home/nehaprakriya/Documents/tapa/regression/knn/src/run_split_check/cpp/krnl_globalSort_L3.cpp:706 in seq_global_merge_l1_l2                        |
| array_partition | variable=idx complete dim=0                                  | ../../home/nehaprakriya/Documents/tapa/regression/knn/src/run_split_check/cpp/krnl_globalSort_L3.cpp:708 in seq_global_merge_l1_l2, idx                   |
| unroll          |                                                              | ../../home/nehaprakriya/Documents/tapa/regression/knn/src/run_split_check/cpp/krnl_globalSort_L3.cpp:711 in seq_global_merge_l1_l2                        |
| pipeline        | II=1                                                         | ../../home/nehaprakriya/Documents/tapa/regression/knn/src/run_split_check/cpp/krnl_globalSort_L3.cpp:720 in seq_global_merge_l1_l2                        |
| inline          | OFF                                                          | ../../home/nehaprakriya/Documents/tapa/regression/knn/src/run_split_check/cpp/krnl_globalSort_L3.cpp:748 in seq_global_merge_l3                           |
| array_partition | variable=idx complete dim=0                                  | ../../home/nehaprakriya/Documents/tapa/regression/knn/src/run_split_check/cpp/krnl_globalSort_L3.cpp:750 in seq_global_merge_l3, idx                      |
| unroll          |                                                              | ../../home/nehaprakriya/Documents/tapa/regression/knn/src/run_split_check/cpp/krnl_globalSort_L3.cpp:753 in seq_global_merge_l3                           |
| pipeline        | II=1                                                         | ../../home/nehaprakriya/Documents/tapa/regression/knn/src/run_split_check/cpp/krnl_globalSort_L3.cpp:762 in seq_global_merge_l3                           |
| disaggregate    | variable = in_dist0                                          | ../../home/nehaprakriya/Documents/tapa/regression/knn/src/run_split_check/cpp/krnl_globalSort_L3.cpp:782 in krnl_globalsort_l3                            |
| interface       | ap_fifo port = in_dist0._                                    | ../../home/nehaprakriya/Documents/tapa/regression/knn/src/run_split_check/cpp/krnl_globalSort_L3.cpp:783 in krnl_globalsort_l3                            |
| aggregate       | variable = in_dist0._ bit                                    | ../../home/nehaprakriya/Documents/tapa/regression/knn/src/run_split_check/cpp/krnl_globalSort_L3.cpp:784 in krnl_globalsort_l3                            |
| interface       | ap_fifo port = in_dist0._peek                                | ../../home/nehaprakriya/Documents/tapa/regression/knn/src/run_split_check/cpp/krnl_globalSort_L3.cpp:785 in krnl_globalsort_l3                            |
| aggregate       | variable = in_dist0._peek bit                                | ../../home/nehaprakriya/Documents/tapa/regression/knn/src/run_split_check/cpp/krnl_globalSort_L3.cpp:786 in krnl_globalsort_l3                            |
| disaggregate    | variable = in_id0                                            | ../../home/nehaprakriya/Documents/tapa/regression/knn/src/run_split_check/cpp/krnl_globalSort_L3.cpp:790 in krnl_globalsort_l3                            |
| interface       | ap_fifo port = in_id0._                                      | ../../home/nehaprakriya/Documents/tapa/regression/knn/src/run_split_check/cpp/krnl_globalSort_L3.cpp:791 in krnl_globalsort_l3                            |
| aggregate       | variable = in_id0._ bit                                      | ../../home/nehaprakriya/Documents/tapa/regression/knn/src/run_split_check/cpp/krnl_globalSort_L3.cpp:792 in krnl_globalsort_l3                            |
| interface       | ap_fifo port = in_id0._peek                                  | ../../home/nehaprakriya/Documents/tapa/regression/knn/src/run_split_check/cpp/krnl_globalSort_L3.cpp:793 in krnl_globalsort_l3                            |
| aggregate       | variable = in_id0._peek bit                                  | ../../home/nehaprakriya/Documents/tapa/regression/knn/src/run_split_check/cpp/krnl_globalSort_L3.cpp:794 in krnl_globalsort_l3                            |
| disaggregate    | variable = in_dist1                                          | ../../home/nehaprakriya/Documents/tapa/regression/knn/src/run_split_check/cpp/krnl_globalSort_L3.cpp:798 in krnl_globalsort_l3                            |
| interface       | ap_fifo port = in_dist1._                                    | ../../home/nehaprakriya/Documents/tapa/regression/knn/src/run_split_check/cpp/krnl_globalSort_L3.cpp:799 in krnl_globalsort_l3                            |
| aggregate       | variable = in_dist1._ bit                                    | ../../home/nehaprakriya/Documents/tapa/regression/knn/src/run_split_check/cpp/krnl_globalSort_L3.cpp:800 in krnl_globalsort_l3                            |
| interface       | ap_fifo port = in_dist1._peek                                | ../../home/nehaprakriya/Documents/tapa/regression/knn/src/run_split_check/cpp/krnl_globalSort_L3.cpp:801 in krnl_globalsort_l3                            |
| aggregate       | variable = in_dist1._peek bit                                | ../../home/nehaprakriya/Documents/tapa/regression/knn/src/run_split_check/cpp/krnl_globalSort_L3.cpp:802 in krnl_globalsort_l3                            |
| disaggregate    | variable = in_id1                                            | ../../home/nehaprakriya/Documents/tapa/regression/knn/src/run_split_check/cpp/krnl_globalSort_L3.cpp:806 in krnl_globalsort_l3                            |
| interface       | ap_fifo port = in_id1._                                      | ../../home/nehaprakriya/Documents/tapa/regression/knn/src/run_split_check/cpp/krnl_globalSort_L3.cpp:807 in krnl_globalsort_l3                            |
| aggregate       | variable = in_id1._ bit                                      | ../../home/nehaprakriya/Documents/tapa/regression/knn/src/run_split_check/cpp/krnl_globalSort_L3.cpp:808 in krnl_globalsort_l3                            |
| interface       | ap_fifo port = in_id1._peek                                  | ../../home/nehaprakriya/Documents/tapa/regression/knn/src/run_split_check/cpp/krnl_globalSort_L3.cpp:809 in krnl_globalsort_l3                            |
| aggregate       | variable = in_id1._peek bit                                  | ../../home/nehaprakriya/Documents/tapa/regression/knn/src/run_split_check/cpp/krnl_globalSort_L3.cpp:810 in krnl_globalsort_l3                            |
| disaggregate    | variable = output_knnDist                                    | ../../home/nehaprakriya/Documents/tapa/regression/knn/src/run_split_check/cpp/krnl_globalSort_L3.cpp:814 in krnl_globalsort_l3                            |
| interface       | ap_fifo port = output_knnDist.read_addr._                    | ../../home/nehaprakriya/Documents/tapa/regression/knn/src/run_split_check/cpp/krnl_globalSort_L3.cpp:815 in krnl_globalsort_l3                            |
| aggregate       | variable = output_knnDist.read_addr._ bit                    | ../../home/nehaprakriya/Documents/tapa/regression/knn/src/run_split_check/cpp/krnl_globalSort_L3.cpp:816 in krnl_globalsort_l3                            |
| interface       | ap_fifo port = output_knnDist.read_data._                    | ../../home/nehaprakriya/Documents/tapa/regression/knn/src/run_split_check/cpp/krnl_globalSort_L3.cpp:817 in krnl_globalsort_l3                            |
| aggregate       | variable = output_knnDist.read_data._ bit                    | ../../home/nehaprakriya/Documents/tapa/regression/knn/src/run_split_check/cpp/krnl_globalSort_L3.cpp:818 in krnl_globalsort_l3                            |
| interface       | ap_fifo port = output_knnDist.write_addr._                   | ../../home/nehaprakriya/Documents/tapa/regression/knn/src/run_split_check/cpp/krnl_globalSort_L3.cpp:819 in krnl_globalsort_l3                            |
| aggregate       | variable = output_knnDist.write_addr._ bit                   | ../../home/nehaprakriya/Documents/tapa/regression/knn/src/run_split_check/cpp/krnl_globalSort_L3.cpp:820 in krnl_globalsort_l3                            |
| interface       | ap_fifo port = output_knnDist.write_data._                   | ../../home/nehaprakriya/Documents/tapa/regression/knn/src/run_split_check/cpp/krnl_globalSort_L3.cpp:821 in krnl_globalsort_l3                            |
| aggregate       | variable = output_knnDist.write_data._ bit                   | ../../home/nehaprakriya/Documents/tapa/regression/knn/src/run_split_check/cpp/krnl_globalSort_L3.cpp:822 in krnl_globalsort_l3                            |
| interface       | ap_fifo port = output_knnDist.write_resp._                   | ../../home/nehaprakriya/Documents/tapa/regression/knn/src/run_split_check/cpp/krnl_globalSort_L3.cpp:823 in krnl_globalsort_l3                            |
| aggregate       | variable = output_knnDist.write_resp._ bit                   | ../../home/nehaprakriya/Documents/tapa/regression/knn/src/run_split_check/cpp/krnl_globalSort_L3.cpp:824 in krnl_globalsort_l3                            |
| disaggregate    | variable = output_knnDist .read_data                         | ../../home/nehaprakriya/Documents/tapa/regression/knn/src/run_split_check/cpp/krnl_globalSort_L3.cpp:825 in krnl_globalsort_l3                            |
| interface       | ap_fifo port = output_knnDist.read_data._peek                | ../../home/nehaprakriya/Documents/tapa/regression/knn/src/run_split_check/cpp/krnl_globalSort_L3.cpp:826 in krnl_globalsort_l3                            |
| aggregate       | variable = output_knnDist.read_data._peek bit                | ../../home/nehaprakriya/Documents/tapa/regression/knn/src/run_split_check/cpp/krnl_globalSort_L3.cpp:827 in krnl_globalsort_l3                            |
| disaggregate    | variable = output_knnDist .write_resp                        | ../../home/nehaprakriya/Documents/tapa/regression/knn/src/run_split_check/cpp/krnl_globalSort_L3.cpp:828 in krnl_globalsort_l3                            |
| interface       | ap_fifo port = output_knnDist.write_resp._peek               | ../../home/nehaprakriya/Documents/tapa/regression/knn/src/run_split_check/cpp/krnl_globalSort_L3.cpp:829 in krnl_globalsort_l3                            |
| aggregate       | variable = output_knnDist.write_resp._peek bit               | ../../home/nehaprakriya/Documents/tapa/regression/knn/src/run_split_check/cpp/krnl_globalSort_L3.cpp:830 in krnl_globalsort_l3                            |
| disaggregate    | variable = output_knnId                                      | ../../home/nehaprakriya/Documents/tapa/regression/knn/src/run_split_check/cpp/krnl_globalSort_L3.cpp:839 in krnl_globalsort_l3                            |
| interface       | ap_fifo port = output_knnId.read_addr._                      | ../../home/nehaprakriya/Documents/tapa/regression/knn/src/run_split_check/cpp/krnl_globalSort_L3.cpp:840 in krnl_globalsort_l3                            |
| aggregate       | variable = output_knnId.read_addr._ bit                      | ../../home/nehaprakriya/Documents/tapa/regression/knn/src/run_split_check/cpp/krnl_globalSort_L3.cpp:841 in krnl_globalsort_l3                            |
| interface       | ap_fifo port = output_knnId.read_data._                      | ../../home/nehaprakriya/Documents/tapa/regression/knn/src/run_split_check/cpp/krnl_globalSort_L3.cpp:842 in krnl_globalsort_l3                            |
| aggregate       | variable = output_knnId.read_data._ bit                      | ../../home/nehaprakriya/Documents/tapa/regression/knn/src/run_split_check/cpp/krnl_globalSort_L3.cpp:843 in krnl_globalsort_l3                            |
| interface       | ap_fifo port = output_knnId.write_addr._                     | ../../home/nehaprakriya/Documents/tapa/regression/knn/src/run_split_check/cpp/krnl_globalSort_L3.cpp:844 in krnl_globalsort_l3                            |
| aggregate       | variable = output_knnId.write_addr._ bit                     | ../../home/nehaprakriya/Documents/tapa/regression/knn/src/run_split_check/cpp/krnl_globalSort_L3.cpp:845 in krnl_globalsort_l3                            |
| interface       | ap_fifo port = output_knnId.write_data._                     | ../../home/nehaprakriya/Documents/tapa/regression/knn/src/run_split_check/cpp/krnl_globalSort_L3.cpp:846 in krnl_globalsort_l3                            |
| aggregate       | variable = output_knnId.write_data._ bit                     | ../../home/nehaprakriya/Documents/tapa/regression/knn/src/run_split_check/cpp/krnl_globalSort_L3.cpp:847 in krnl_globalsort_l3                            |
| interface       | ap_fifo port = output_knnId.write_resp._                     | ../../home/nehaprakriya/Documents/tapa/regression/knn/src/run_split_check/cpp/krnl_globalSort_L3.cpp:848 in krnl_globalsort_l3                            |
| aggregate       | variable = output_knnId.write_resp._ bit                     | ../../home/nehaprakriya/Documents/tapa/regression/knn/src/run_split_check/cpp/krnl_globalSort_L3.cpp:849 in krnl_globalsort_l3                            |
| disaggregate    | variable = output_knnId .read_data                           | ../../home/nehaprakriya/Documents/tapa/regression/knn/src/run_split_check/cpp/krnl_globalSort_L3.cpp:850 in krnl_globalsort_l3                            |
| interface       | ap_fifo port = output_knnId.read_data._peek                  | ../../home/nehaprakriya/Documents/tapa/regression/knn/src/run_split_check/cpp/krnl_globalSort_L3.cpp:851 in krnl_globalsort_l3                            |
| aggregate       | variable = output_knnId.read_data._peek bit                  | ../../home/nehaprakriya/Documents/tapa/regression/knn/src/run_split_check/cpp/krnl_globalSort_L3.cpp:852 in krnl_globalsort_l3                            |
| disaggregate    | variable = output_knnId .write_resp                          | ../../home/nehaprakriya/Documents/tapa/regression/knn/src/run_split_check/cpp/krnl_globalSort_L3.cpp:853 in krnl_globalsort_l3                            |
| interface       | ap_fifo port = output_knnId.write_resp._peek                 | ../../home/nehaprakriya/Documents/tapa/regression/knn/src/run_split_check/cpp/krnl_globalSort_L3.cpp:854 in krnl_globalsort_l3                            |
| aggregate       | variable = output_knnId.write_resp._peek bit                 | ../../home/nehaprakriya/Documents/tapa/regression/knn/src/run_split_check/cpp/krnl_globalSort_L3.cpp:855 in krnl_globalsort_l3                            |
| array_partition | variable=local_kNearstDist_partial complete dim=0            | ../../home/nehaprakriya/Documents/tapa/regression/knn/src/run_split_check/cpp/krnl_globalSort_L3.cpp:866 in krnl_globalsort_l3, local_kNearstDist_partial |
| array_partition | variable=local_kNearstId_partial complete dim=0              | ../../home/nehaprakriya/Documents/tapa/regression/knn/src/run_split_check/cpp/krnl_globalSort_L3.cpp:868 in krnl_globalsort_l3, local_kNearstId_partial   |
| array_partition | variable=output_dist complete                                | ../../home/nehaprakriya/Documents/tapa/regression/knn/src/run_split_check/cpp/krnl_globalSort_L3.cpp:871 in krnl_globalsort_l3, output_dist               |
| array_partition | variable=output_id complete                                  | ../../home/nehaprakriya/Documents/tapa/regression/knn/src/run_split_check/cpp/krnl_globalSort_L3.cpp:873 in krnl_globalsort_l3, output_id                 |
| pipeline        | II=1                                                         | ../../home/nehaprakriya/Documents/tapa/regression/knn/src/run_split_check/cpp/krnl_globalSort_L3.cpp:876 in krnl_globalsort_l3                            |
| pipeline        | II=1                                                         | ../../home/nehaprakriya/Documents/tapa/regression/knn/src/run_split_check/cpp/krnl_globalSort_L3.cpp:886 in krnl_globalsort_l3                            |
| pipeline        | II=1                                                         | ../../home/nehaprakriya/Documents/tapa/regression/knn/src/run_split_check/cpp/krnl_globalSort_L3.cpp:896 in krnl_globalsort_l3                            |
+-----------------+--------------------------------------------------------------+-----------------------------------------------------------------------------------------------------------------------------------------------------------+


