

================================================================
== Vitis HLS Report for 'merge_dual_all_PEs'
================================================================
* Date:           Wed May 22 14:56:01 2024

* Version:        2022.1 (Build 3526262 on Mon Apr 18 15:47:01 MDT 2022)
* Project:        project
* Solution:       krnl_partialKnn_wrapper_14 (Vivado IP Flow Target)
* Product family: virtexuplus
* Target device:  xcu55c-fsvh2892-2L-e


================================================================
== Performance Estimates
================================================================
+ Timing: 
    * Summary: 
    +--------+---------+----------+------------+
    |  Clock |  Target | Estimated| Uncertainty|
    +--------+---------+----------+------------+
    |ap_clk  |  3.33 ns|  2.348 ns|     0.90 ns|
    +--------+---------+----------+------------+

+ Latency: 
    * Summary: 
    +---------+---------+-----------+-----------+-----+-----+---------+
    |  Latency (cycles) |   Latency (absolute)  |  Interval | Pipeline|
    |   min   |   max   |    min    |    max    | min | max |   Type  |
    +---------+---------+-----------+-----------+-----+-----+---------+
    |       25|       25|  83.250 ns|  83.250 ns|   25|   25|       no|
    +---------+---------+-----------+-----------+-----+-----+---------+

    + Detail: 
        * Instance: 
        N/A

        * Loop: 
        +--------------------+---------+---------+----------+-----------+-----------+------+----------+
        |                    |  Latency (cycles) | Iteration|  Initiation Interval  | Trip |          |
        |      Loop Name     |   min   |   max   |  Latency |  achieved |   target  | Count| Pipelined|
        +--------------------+---------+---------+----------+-----------+-----------+------+----------+
        |- VITIS_LOOP_319_1  |       23|       23|         4|          2|          1|    11|       yes|
        +--------------------+---------+---------+----------+-----------+-----------+------+----------+



================================================================
== Utilization Estimates
================================================================
* Summary: 
+---------------------+---------+------+---------+---------+-----+
|         Name        | BRAM_18K|  DSP |    FF   |   LUT   | URAM|
+---------------------+---------+------+---------+---------+-----+
|DSP                  |        -|     -|        -|        -|    -|
|Expression           |        -|     -|        0|      156|    -|
|FIFO                 |        -|     -|        -|        -|    -|
|Instance             |        -|     -|        -|        -|    -|
|Memory               |        -|     -|        -|        -|    -|
|Multiplexer          |        -|     -|        -|      132|    -|
|Register             |        -|     -|      280|        -|    -|
+---------------------+---------+------+---------+---------+-----+
|Total                |        0|     0|      280|      288|    0|
+---------------------+---------+------+---------+---------+-----+
|Available SLR        |     1344|  3008|   869120|   434560|  320|
+---------------------+---------+------+---------+---------+-----+
|Utilization SLR (%)  |        0|     0|       ~0|       ~0|    0|
+---------------------+---------+------+---------+---------+-----+
|Available            |     4032|  9024|  2607360|  1303680|  960|
+---------------------+---------+------+---------+---------+-----+
|Utilization (%)      |        0|     0|       ~0|       ~0|    0|
+---------------------+---------+------+---------+---------+-----+

+ Detail: 
    * Instance: 
    +----------------------------------+-----------------------------+---------+----+---+----+-----+
    |             Instance             |            Module           | BRAM_18K| DSP| FF| LUT| URAM|
    +----------------------------------+-----------------------------+---------+----+---+----+-----+
    |fcmp_32ns_32ns_1_2_no_dsp_1_U601  |fcmp_32ns_32ns_1_2_no_dsp_1  |        0|   0|  0|   0|    0|
    +----------------------------------+-----------------------------+---------+----+---+----+-----+
    |Total                             |                             |        0|   0|  0|   0|    0|
    +----------------------------------+-----------------------------+---------+----+---+----+-----+

    * DSP: 
    N/A

    * Memory: 
    N/A

    * FIFO: 
    N/A

    * Expression: 
    +------------------------+----------+----+---+----+------------+------------+
    |      Variable Name     | Operation| DSP| FF| LUT| Bitwidth P0| Bitwidth P1|
    +------------------------+----------+----+---+----+------------+------------+
    |add_ln319_fu_200_p2     |         +|   0|  0|  12|           5|           2|
    |idx_a_1_fu_303_p2       |         +|   0|  0|  39|          32|           2|
    |idx_b_1_fu_293_p2       |         +|   0|  0|  39|          32|           2|
    |and_ln321_1_fu_287_p2   |       and|   0|  0|   2|           1|           1|
    |and_ln321_fu_281_p2     |       and|   0|  0|   2|           1|           1|
    |ap_condition_162        |       and|   0|  0|   2|           1|           1|
    |icmp_ln321_1_fu_251_p2  |      icmp|   0|  0|  16|          23|           1|
    |icmp_ln321_2_fu_263_p2  |      icmp|   0|  0|  11|           8|           2|
    |icmp_ln321_3_fu_269_p2  |      icmp|   0|  0|  16|          23|           1|
    |icmp_ln321_fu_245_p2    |      icmp|   0|  0|  11|           8|           2|
    |or_ln321_1_fu_275_p2    |        or|   0|  0|   2|           1|           1|
    |or_ln321_fu_257_p2      |        or|   0|  0|   2|           1|           1|
    |ap_enable_pp0           |       xor|   0|  0|   2|           1|           2|
    +------------------------+----------+----+---+----+------------+------------+
    |Total                   |          |   0|  0| 156|         137|          19|
    +------------------------+----------+----+---+----+------------+------------+

    * Multiplexer: 
    +----------------------------------+----+-----------+-----+-----------+
    |               Name               | LUT| Input Size| Bits| Total Bits|
    +----------------------------------+----+-----------+-----+-----------+
    |ap_NS_fsm                         |  14|          3|    1|          3|
    |ap_done_int                       |   9|          2|    1|          2|
    |ap_enable_reg_pp0_iter0           |   9|          2|    1|          2|
    |ap_enable_reg_pp0_iter1           |   9|          2|    1|          2|
    |ap_enable_reg_pp0_iter2           |   9|          2|    1|          2|
    |ap_loop_exit_ready_pp0_iter1_reg  |   9|          2|    1|          2|
    |ap_sig_allocacmp_idx_a_load       |   9|          2|   32|         64|
    |ap_sig_allocacmp_idx_b_load       |   9|          2|   32|         64|
    |dist_d0                           |  14|          3|   32|         96|
    |i_fu_60                           |   9|          2|    5|         10|
    |id_d0                             |  14|          3|   32|         96|
    |idx_a_fu_64                       |   9|          2|   32|         64|
    |idx_b_fu_68                       |   9|          2|   32|         64|
    +----------------------------------+----+-----------+-----+-----------+
    |Total                             | 132|         29|  203|        471|
    +----------------------------------+----+-----------+-----+-----------+

    * Register: 
    +------------------------------------------+----+----+-----+-----------+
    |                   Name                   | FF | LUT| Bits| Const Bits|
    +------------------------------------------+----+----+-----+-----------+
    |and_ln321_1_reg_392                       |   1|   0|    1|          0|
    |ap_CS_fsm                                 |   2|   0|    2|          0|
    |ap_done_reg                               |   1|   0|    1|          0|
    |ap_enable_reg_pp0_iter0_reg               |   1|   0|    1|          0|
    |ap_enable_reg_pp0_iter1                   |   1|   0|    1|          0|
    |ap_enable_reg_pp0_iter2                   |   1|   0|    1|          0|
    |ap_loop_exit_ready_pp0_iter1_reg          |   1|   0|    1|          0|
    |i_2_reg_339                               |   5|   0|    5|          0|
    |i_2_reg_339_pp0_iter1_reg                 |   5|   0|    5|          0|
    |i_fu_60                                   |   5|   0|    5|          0|
    |idx_a_fu_64                               |  32|   0|   32|          0|
    |idx_a_load_reg_348                        |  32|   0|   32|          0|
    |idx_b_fu_68                               |  32|   0|   32|          0|
    |idx_b_load_reg_353                        |  32|   0|   32|          0|
    |local_kNearstDist_partial_a_load_reg_378  |  32|   0|   32|          0|
    |local_kNearstDist_partial_b_load_reg_385  |  32|   0|   32|          0|
    |tmp_3_reg_344                             |   1|   0|    1|          0|
    |zext_ln321_1_reg_368                      |  32|   0|   64|         32|
    |zext_ln321_reg_358                        |  32|   0|   64|         32|
    +------------------------------------------+----+----+-----+-----------+
    |Total                                     | 280|   0|  344|         64|
    +------------------------------------------+----+----+-----+-----------+



================================================================
== Interface
================================================================
* Summary: 
+--------------------------------------+-----+-----+------------+-----------------------------+--------------+
|               RTL Ports              | Dir | Bits|  Protocol  |        Source Object        |    C Type    |
+--------------------------------------+-----+-----+------------+-----------------------------+--------------+
|ap_clk                                |   in|    1|  ap_ctrl_hs|           merge_dual_all_PEs|  return value|
|ap_rst                                |   in|    1|  ap_ctrl_hs|           merge_dual_all_PEs|  return value|
|ap_start                              |   in|    1|  ap_ctrl_hs|           merge_dual_all_PEs|  return value|
|ap_done                               |  out|    1|  ap_ctrl_hs|           merge_dual_all_PEs|  return value|
|ap_idle                               |  out|    1|  ap_ctrl_hs|           merge_dual_all_PEs|  return value|
|ap_ready                              |  out|    1|  ap_ctrl_hs|           merge_dual_all_PEs|  return value|
|local_kNearstDist_partial_a_address0  |  out|    4|   ap_memory|  local_kNearstDist_partial_a|         array|
|local_kNearstDist_partial_a_ce0       |  out|    1|   ap_memory|  local_kNearstDist_partial_a|         array|
|local_kNearstDist_partial_a_q0        |   in|   32|   ap_memory|  local_kNearstDist_partial_a|         array|
|local_kNearstDist_partial_b_address0  |  out|    4|   ap_memory|  local_kNearstDist_partial_b|         array|
|local_kNearstDist_partial_b_ce0       |  out|    1|   ap_memory|  local_kNearstDist_partial_b|         array|
|local_kNearstDist_partial_b_q0        |   in|   32|   ap_memory|  local_kNearstDist_partial_b|         array|
|local_kNearstId_partial_a_address0    |  out|    4|   ap_memory|    local_kNearstId_partial_a|         array|
|local_kNearstId_partial_a_ce0         |  out|    1|   ap_memory|    local_kNearstId_partial_a|         array|
|local_kNearstId_partial_a_q0          |   in|   32|   ap_memory|    local_kNearstId_partial_a|         array|
|local_kNearstId_partial_b_address0    |  out|    4|   ap_memory|    local_kNearstId_partial_b|         array|
|local_kNearstId_partial_b_ce0         |  out|    1|   ap_memory|    local_kNearstId_partial_b|         array|
|local_kNearstId_partial_b_q0          |   in|   32|   ap_memory|    local_kNearstId_partial_b|         array|
|dist_address0                         |  out|    4|   ap_memory|                         dist|         array|
|dist_ce0                              |  out|    1|   ap_memory|                         dist|         array|
|dist_we0                              |  out|    1|   ap_memory|                         dist|         array|
|dist_d0                               |  out|   32|   ap_memory|                         dist|         array|
|id_address0                           |  out|    4|   ap_memory|                           id|         array|
|id_ce0                                |  out|    1|   ap_memory|                           id|         array|
|id_we0                                |  out|    1|   ap_memory|                           id|         array|
|id_d0                                 |  out|   32|   ap_memory|                           id|         array|
+--------------------------------------+-----+-----+------------+-----------------------------+--------------+

============================================================
+ Verbose Summary: Synthesis Manager
============================================================
InlineROM: 1
ExposeGlobal: 0
============================================================
+ Verbose Summary: CDFG Model
============================================================
IsTopModel: 0
ResetActiveHigh: 1
IsCombinational: 2
IsDatapathOnly: 2
HasWiredReturn: 1
HasMFsm: 2
HasVarLatency: 1
IsPipeline: 0
IsRtlPipelined: 0
IsInstanceOverlapped: 0
IsDontTouch: 0
HasImplIP: 0
IsGatedGlobalClock: 0

+ Individual pipeline summary: 
  * Pipeline-0: initiation interval (II) = 2, depth = 5


============================================================
+ Verbose Summary: Schedule
============================================================
* Number of FSM states : 5
* Pipeline : 1
  Pipeline-0 : II = 2, D = 5, States = { 1 2 3 4 5 }
* Dataflow Pipeline: 0

* FSM state transitions: 
1 --> 2 
2 --> 3 
3 --> 4 
4 --> 5 
5 --> 

* FSM state operations: 

State 1 <SV = 0> <Delay = 0.38>
ST_1 : Operation 7 [1/1] (0.00ns)   --->   "%i = alloca i32 1"   --->   Operation 7 'alloca' 'i' <Predicate = true> <Delay = 0.00>
ST_1 : Operation 8 [1/1] (0.00ns)   --->   "%idx_a = alloca i32 1"   --->   Operation 8 'alloca' 'idx_a' <Predicate = true> <Delay = 0.00>
ST_1 : Operation 9 [1/1] (0.00ns)   --->   "%idx_b = alloca i32 1"   --->   Operation 9 'alloca' 'idx_b' <Predicate = true> <Delay = 0.00>
ST_1 : Operation 10 [1/1] (0.00ns)   --->   "%specmemcore_ln0 = specmemcore void @_ssdm_op_SpecMemCore, i32 %id, i64 666, i64 19, i64 18446744073709551615"   --->   Operation 10 'specmemcore' 'specmemcore_ln0' <Predicate = true> <Delay = 0.00>
ST_1 : Operation 11 [1/1] (0.00ns)   --->   "%specmemcore_ln0 = specmemcore void @_ssdm_op_SpecMemCore, i32 %local_kNearstId_partial_a, i64 666, i64 19, i64 18446744073709551615"   --->   Operation 11 'specmemcore' 'specmemcore_ln0' <Predicate = true> <Delay = 0.00>
ST_1 : Operation 12 [1/1] (0.00ns)   --->   "%specmemcore_ln0 = specmemcore void @_ssdm_op_SpecMemCore, i32 %local_kNearstId_partial_b, i64 666, i64 19, i64 18446744073709551615"   --->   Operation 12 'specmemcore' 'specmemcore_ln0' <Predicate = true> <Delay = 0.00>
ST_1 : Operation 13 [1/1] (0.00ns)   --->   "%specmemcore_ln0 = specmemcore void @_ssdm_op_SpecMemCore, i32 %dist, i64 666, i64 19, i64 18446744073709551615"   --->   Operation 13 'specmemcore' 'specmemcore_ln0' <Predicate = true> <Delay = 0.00>
ST_1 : Operation 14 [1/1] (0.00ns)   --->   "%specmemcore_ln0 = specmemcore void @_ssdm_op_SpecMemCore, i32 %local_kNearstDist_partial_a, i64 666, i64 19, i64 18446744073709551615"   --->   Operation 14 'specmemcore' 'specmemcore_ln0' <Predicate = true> <Delay = 0.00>
ST_1 : Operation 15 [1/1] (0.00ns)   --->   "%specmemcore_ln0 = specmemcore void @_ssdm_op_SpecMemCore, i32 %local_kNearstDist_partial_b, i64 666, i64 19, i64 18446744073709551615"   --->   Operation 15 'specmemcore' 'specmemcore_ln0' <Predicate = true> <Delay = 0.00>
ST_1 : Operation 16 [1/1] (0.38ns)   --->   "%store_ln319 = store i32 10, i32 %idx_b" [/home/nehaprakriya/Documents/tapa/regression/knn/src/run_split_check/cpp/krnl_partialKnn_wrapper_14.cpp:319]   --->   Operation 16 'store' 'store_ln319' <Predicate = true> <Delay = 0.38>
ST_1 : Operation 17 [1/1] (0.38ns)   --->   "%store_ln319 = store i32 10, i32 %idx_a" [/home/nehaprakriya/Documents/tapa/regression/knn/src/run_split_check/cpp/krnl_partialKnn_wrapper_14.cpp:319]   --->   Operation 17 'store' 'store_ln319' <Predicate = true> <Delay = 0.38>
ST_1 : Operation 18 [1/1] (0.38ns)   --->   "%store_ln319 = store i5 10, i5 %i" [/home/nehaprakriya/Documents/tapa/regression/knn/src/run_split_check/cpp/krnl_partialKnn_wrapper_14.cpp:319]   --->   Operation 18 'store' 'store_ln319' <Predicate = true> <Delay = 0.38>
ST_1 : Operation 19 [1/1] (0.00ns)   --->   "%br_ln319 = br void %for.body.i" [/home/nehaprakriya/Documents/tapa/regression/knn/src/run_split_check/cpp/krnl_partialKnn_wrapper_14.cpp:319]   --->   Operation 19 'br' 'br_ln319' <Predicate = true> <Delay = 0.00>

State 2 <SV = 1> <Delay = 1.09>
ST_2 : Operation 20 [1/1] (0.00ns)   --->   "%i_2 = load i5 %i" [/home/nehaprakriya/Documents/tapa/regression/knn/src/run_split_check/cpp/krnl_partialKnn_wrapper_14.cpp:319]   --->   Operation 20 'load' 'i_2' <Predicate = true> <Delay = 0.00>
ST_2 : Operation 21 [1/1] (0.00ns)   --->   "%specpipeline_ln0 = specpipeline void @_ssdm_op_SpecPipeline, i32 4294967295, i32 0, i32 1, i32 0, void @p_str"   --->   Operation 21 'specpipeline' 'specpipeline_ln0' <Predicate = true> <Delay = 0.00>
ST_2 : Operation 22 [1/1] (0.00ns)   --->   "%tmp_3 = bitselect i1 @_ssdm_op_BitSelect.i1.i5.i32, i5 %i_2, i32 4" [/home/nehaprakriya/Documents/tapa/regression/knn/src/run_split_check/cpp/krnl_partialKnn_wrapper_14.cpp:319]   --->   Operation 22 'bitselect' 'tmp_3' <Predicate = true> <Delay = 0.00>
ST_2 : Operation 23 [1/1] (0.00ns)   --->   "%empty = speclooptripcount i32 @_ssdm_op_SpecLoopTripCount, i64 11, i64 11, i64 11"   --->   Operation 23 'speclooptripcount' 'empty' <Predicate = true> <Delay = 0.00>
ST_2 : Operation 24 [1/1] (0.00ns)   --->   "%br_ln319 = br i1 %tmp_3, void %for.body.i.split, void %_Z10merge_dualPfS_PiS0_S_S0_.exit" [/home/nehaprakriya/Documents/tapa/regression/knn/src/run_split_check/cpp/krnl_partialKnn_wrapper_14.cpp:319]   --->   Operation 24 'br' 'br_ln319' <Predicate = true> <Delay = 0.00>
ST_2 : Operation 25 [1/1] (0.00ns)   --->   "%idx_a_load = load i32 %idx_a" [/home/nehaprakriya/Documents/tapa/regression/knn/src/run_split_check/cpp/krnl_partialKnn_wrapper_14.cpp:321]   --->   Operation 25 'load' 'idx_a_load' <Predicate = (!tmp_3)> <Delay = 0.00>
ST_2 : Operation 26 [1/1] (0.00ns)   --->   "%idx_b_load = load i32 %idx_b" [/home/nehaprakriya/Documents/tapa/regression/knn/src/run_split_check/cpp/krnl_partialKnn_wrapper_14.cpp:321]   --->   Operation 26 'load' 'idx_b_load' <Predicate = (!tmp_3)> <Delay = 0.00>
ST_2 : Operation 27 [1/1] (0.00ns)   --->   "%zext_ln321 = zext i32 %idx_a_load" [/home/nehaprakriya/Documents/tapa/regression/knn/src/run_split_check/cpp/krnl_partialKnn_wrapper_14.cpp:321]   --->   Operation 27 'zext' 'zext_ln321' <Predicate = (!tmp_3)> <Delay = 0.00>
ST_2 : Operation 28 [1/1] (0.00ns)   --->   "%local_kNearstDist_partial_a_addr = getelementptr i32 %local_kNearstDist_partial_a, i64 0, i64 %zext_ln321" [/home/nehaprakriya/Documents/tapa/regression/knn/src/run_split_check/cpp/krnl_partialKnn_wrapper_14.cpp:321]   --->   Operation 28 'getelementptr' 'local_kNearstDist_partial_a_addr' <Predicate = (!tmp_3)> <Delay = 0.00>
ST_2 : Operation 29 [2/2] (0.69ns)   --->   "%local_kNearstDist_partial_a_load = load i4 %local_kNearstDist_partial_a_addr" [/home/nehaprakriya/Documents/tapa/regression/knn/src/run_split_check/cpp/krnl_partialKnn_wrapper_14.cpp:321]   --->   Operation 29 'load' 'local_kNearstDist_partial_a_load' <Predicate = (!tmp_3)> <Delay = 0.69> <CoreInst = "RAM_1P_LUTRAM">   --->   Core 89 'RAM_1P_LUTRAM' <Latency = 1> <II = 1> <Delay = 0.69> <Storage> <Opcode : 'load' 'store'> <Ports = 1> <Width = 32> <Depth = 11> <RAM>
ST_2 : Operation 30 [1/1] (0.00ns)   --->   "%zext_ln321_1 = zext i32 %idx_b_load" [/home/nehaprakriya/Documents/tapa/regression/knn/src/run_split_check/cpp/krnl_partialKnn_wrapper_14.cpp:321]   --->   Operation 30 'zext' 'zext_ln321_1' <Predicate = (!tmp_3)> <Delay = 0.00>
ST_2 : Operation 31 [1/1] (0.00ns)   --->   "%local_kNearstDist_partial_b_addr = getelementptr i32 %local_kNearstDist_partial_b, i64 0, i64 %zext_ln321_1" [/home/nehaprakriya/Documents/tapa/regression/knn/src/run_split_check/cpp/krnl_partialKnn_wrapper_14.cpp:321]   --->   Operation 31 'getelementptr' 'local_kNearstDist_partial_b_addr' <Predicate = (!tmp_3)> <Delay = 0.00>
ST_2 : Operation 32 [2/2] (0.69ns)   --->   "%local_kNearstDist_partial_b_load = load i4 %local_kNearstDist_partial_b_addr" [/home/nehaprakriya/Documents/tapa/regression/knn/src/run_split_check/cpp/krnl_partialKnn_wrapper_14.cpp:321]   --->   Operation 32 'load' 'local_kNearstDist_partial_b_load' <Predicate = (!tmp_3)> <Delay = 0.69> <CoreInst = "RAM_1P_LUTRAM">   --->   Core 89 'RAM_1P_LUTRAM' <Latency = 1> <II = 1> <Delay = 0.69> <Storage> <Opcode : 'load' 'store'> <Ports = 1> <Width = 32> <Depth = 11> <RAM>
ST_2 : Operation 33 [1/1] (0.70ns)   --->   "%add_ln319 = add i5 %i_2, i5 31" [/home/nehaprakriya/Documents/tapa/regression/knn/src/run_split_check/cpp/krnl_partialKnn_wrapper_14.cpp:319]   --->   Operation 33 'add' 'add_ln319' <Predicate = (!tmp_3)> <Delay = 0.70> <CoreInst = "Adder">   --->   Core 1 'Adder' <Latency = 0> <II = 1> <Delay = 0.70> <FuncUnit> <Opcode : 'add' 'sub'> <InPorts = 2> <OutPorts = 1>
ST_2 : Operation 34 [1/1] (0.38ns)   --->   "%store_ln319 = store i5 %add_ln319, i5 %i" [/home/nehaprakriya/Documents/tapa/regression/knn/src/run_split_check/cpp/krnl_partialKnn_wrapper_14.cpp:319]   --->   Operation 34 'store' 'store_ln319' <Predicate = (!tmp_3)> <Delay = 0.38>
ST_2 : Operation 35 [1/1] (0.00ns)   --->   "%br_ln319 = br void %for.body.i" [/home/nehaprakriya/Documents/tapa/regression/knn/src/run_split_check/cpp/krnl_partialKnn_wrapper_14.cpp:319]   --->   Operation 35 'br' 'br_ln319' <Predicate = (!tmp_3)> <Delay = 0.00>

State 3 <SV = 2> <Delay = 2.34>
ST_3 : Operation 36 [1/2] (0.69ns)   --->   "%local_kNearstDist_partial_a_load = load i4 %local_kNearstDist_partial_a_addr" [/home/nehaprakriya/Documents/tapa/regression/knn/src/run_split_check/cpp/krnl_partialKnn_wrapper_14.cpp:321]   --->   Operation 36 'load' 'local_kNearstDist_partial_a_load' <Predicate = (!tmp_3)> <Delay = 0.69> <CoreInst = "RAM_1P_LUTRAM">   --->   Core 89 'RAM_1P_LUTRAM' <Latency = 1> <II = 1> <Delay = 0.69> <Storage> <Opcode : 'load' 'store'> <Ports = 1> <Width = 32> <Depth = 11> <RAM>
ST_3 : Operation 37 [1/2] (0.69ns)   --->   "%local_kNearstDist_partial_b_load = load i4 %local_kNearstDist_partial_b_addr" [/home/nehaprakriya/Documents/tapa/regression/knn/src/run_split_check/cpp/krnl_partialKnn_wrapper_14.cpp:321]   --->   Operation 37 'load' 'local_kNearstDist_partial_b_load' <Predicate = (!tmp_3)> <Delay = 0.69> <CoreInst = "RAM_1P_LUTRAM">   --->   Core 89 'RAM_1P_LUTRAM' <Latency = 1> <II = 1> <Delay = 0.69> <Storage> <Opcode : 'load' 'store'> <Ports = 1> <Width = 32> <Depth = 11> <RAM>
ST_3 : Operation 38 [2/2] (1.64ns)   --->   "%tmp_2 = fcmp_olt  i32 %local_kNearstDist_partial_a_load, i32 %local_kNearstDist_partial_b_load" [/home/nehaprakriya/Documents/tapa/regression/knn/src/run_split_check/cpp/krnl_partialKnn_wrapper_14.cpp:321]   --->   Operation 38 'fcmp' 'tmp_2' <Predicate = (!tmp_3)> <Delay = 1.64> <CoreInst = "FCompare">   --->   Core 19 'FCompare' <Latency = 1> <II = 1> <Delay = 1.64> <FuncUnit> <Opcode : 'fcmp'> <InPorts = 2> <OutPorts = 1>
ST_3 : Operation 75 [1/1] (0.00ns)   --->   "%ret_ln352 = ret" [/home/nehaprakriya/Documents/tapa/regression/knn/src/run_split_check/cpp/krnl_partialKnn_wrapper_14.cpp:352]   --->   Operation 75 'ret' 'ret_ln352' <Predicate = (tmp_3)> <Delay = 0.00>

State 4 <SV = 3> <Delay = 2.15>
ST_4 : Operation 39 [1/1] (0.00ns)   --->   "%bitcast_ln321 = bitcast i32 %local_kNearstDist_partial_a_load" [/home/nehaprakriya/Documents/tapa/regression/knn/src/run_split_check/cpp/krnl_partialKnn_wrapper_14.cpp:321]   --->   Operation 39 'bitcast' 'bitcast_ln321' <Predicate = true> <Delay = 0.00>
ST_4 : Operation 40 [1/1] (0.00ns)   --->   "%tmp = partselect i8 @_ssdm_op_PartSelect.i8.i32.i32.i32, i32 %bitcast_ln321, i32 23, i32 30" [/home/nehaprakriya/Documents/tapa/regression/knn/src/run_split_check/cpp/krnl_partialKnn_wrapper_14.cpp:321]   --->   Operation 40 'partselect' 'tmp' <Predicate = true> <Delay = 0.00>
ST_4 : Operation 41 [1/1] (0.00ns)   --->   "%trunc_ln321 = trunc i32 %bitcast_ln321" [/home/nehaprakriya/Documents/tapa/regression/knn/src/run_split_check/cpp/krnl_partialKnn_wrapper_14.cpp:321]   --->   Operation 41 'trunc' 'trunc_ln321' <Predicate = true> <Delay = 0.00>
ST_4 : Operation 42 [1/1] (0.00ns)   --->   "%bitcast_ln321_1 = bitcast i32 %local_kNearstDist_partial_b_load" [/home/nehaprakriya/Documents/tapa/regression/knn/src/run_split_check/cpp/krnl_partialKnn_wrapper_14.cpp:321]   --->   Operation 42 'bitcast' 'bitcast_ln321_1' <Predicate = true> <Delay = 0.00>
ST_4 : Operation 43 [1/1] (0.00ns)   --->   "%tmp_1 = partselect i8 @_ssdm_op_PartSelect.i8.i32.i32.i32, i32 %bitcast_ln321_1, i32 23, i32 30" [/home/nehaprakriya/Documents/tapa/regression/knn/src/run_split_check/cpp/krnl_partialKnn_wrapper_14.cpp:321]   --->   Operation 43 'partselect' 'tmp_1' <Predicate = true> <Delay = 0.00>
ST_4 : Operation 44 [1/1] (0.00ns)   --->   "%trunc_ln321_1 = trunc i32 %bitcast_ln321_1" [/home/nehaprakriya/Documents/tapa/regression/knn/src/run_split_check/cpp/krnl_partialKnn_wrapper_14.cpp:321]   --->   Operation 44 'trunc' 'trunc_ln321_1' <Predicate = true> <Delay = 0.00>
ST_4 : Operation 45 [1/1] (0.58ns)   --->   "%icmp_ln321 = icmp_ne  i8 %tmp, i8 255" [/home/nehaprakriya/Documents/tapa/regression/knn/src/run_split_check/cpp/krnl_partialKnn_wrapper_14.cpp:321]   --->   Operation 45 'icmp' 'icmp_ln321' <Predicate = true> <Delay = 0.58> <CoreInst = "Cmp">   --->   Core 9 'Cmp' <Latency = 0> <II = 1> <Delay = 0.58> <FuncUnit> <Opcode : 'icmp'> <InPorts = 2> <OutPorts = 1>
ST_4 : Operation 46 [1/1] (0.75ns)   --->   "%icmp_ln321_1 = icmp_eq  i23 %trunc_ln321, i23 0" [/home/nehaprakriya/Documents/tapa/regression/knn/src/run_split_check/cpp/krnl_partialKnn_wrapper_14.cpp:321]   --->   Operation 46 'icmp' 'icmp_ln321_1' <Predicate = true> <Delay = 0.75> <CoreInst = "Cmp">   --->   Core 9 'Cmp' <Latency = 0> <II = 1> <Delay = 0.75> <FuncUnit> <Opcode : 'icmp'> <InPorts = 2> <OutPorts = 1>
ST_4 : Operation 47 [1/1] (0.00ns) (grouped into LUT with out node and_ln321_1)   --->   "%or_ln321 = or i1 %icmp_ln321_1, i1 %icmp_ln321" [/home/nehaprakriya/Documents/tapa/regression/knn/src/run_split_check/cpp/krnl_partialKnn_wrapper_14.cpp:321]   --->   Operation 47 'or' 'or_ln321' <Predicate = true> <Delay = 0.00> <CoreInst = "LogicGate">   --->   Core 74 'LogicGate' <Latency = 0> <II = 1> <Delay = 0.12> <FuncUnit> <Opcode : 'and' 'or' 'xor'> <InPorts = 2> <OutPorts = 1>
ST_4 : Operation 48 [1/1] (0.58ns)   --->   "%icmp_ln321_2 = icmp_ne  i8 %tmp_1, i8 255" [/home/nehaprakriya/Documents/tapa/regression/knn/src/run_split_check/cpp/krnl_partialKnn_wrapper_14.cpp:321]   --->   Operation 48 'icmp' 'icmp_ln321_2' <Predicate = true> <Delay = 0.58> <CoreInst = "Cmp">   --->   Core 9 'Cmp' <Latency = 0> <II = 1> <Delay = 0.58> <FuncUnit> <Opcode : 'icmp'> <InPorts = 2> <OutPorts = 1>
ST_4 : Operation 49 [1/1] (0.75ns)   --->   "%icmp_ln321_3 = icmp_eq  i23 %trunc_ln321_1, i23 0" [/home/nehaprakriya/Documents/tapa/regression/knn/src/run_split_check/cpp/krnl_partialKnn_wrapper_14.cpp:321]   --->   Operation 49 'icmp' 'icmp_ln321_3' <Predicate = true> <Delay = 0.75> <CoreInst = "Cmp">   --->   Core 9 'Cmp' <Latency = 0> <II = 1> <Delay = 0.75> <FuncUnit> <Opcode : 'icmp'> <InPorts = 2> <OutPorts = 1>
ST_4 : Operation 50 [1/1] (0.00ns) (grouped into LUT with out node and_ln321_1)   --->   "%or_ln321_1 = or i1 %icmp_ln321_3, i1 %icmp_ln321_2" [/home/nehaprakriya/Documents/tapa/regression/knn/src/run_split_check/cpp/krnl_partialKnn_wrapper_14.cpp:321]   --->   Operation 50 'or' 'or_ln321_1' <Predicate = true> <Delay = 0.00> <CoreInst = "LogicGate">   --->   Core 74 'LogicGate' <Latency = 0> <II = 1> <Delay = 0.12> <FuncUnit> <Opcode : 'and' 'or' 'xor'> <InPorts = 2> <OutPorts = 1>
ST_4 : Operation 51 [1/2] (1.64ns)   --->   "%tmp_2 = fcmp_olt  i32 %local_kNearstDist_partial_a_load, i32 %local_kNearstDist_partial_b_load" [/home/nehaprakriya/Documents/tapa/regression/knn/src/run_split_check/cpp/krnl_partialKnn_wrapper_14.cpp:321]   --->   Operation 51 'fcmp' 'tmp_2' <Predicate = true> <Delay = 1.64> <CoreInst = "FCompare">   --->   Core 19 'FCompare' <Latency = 1> <II = 1> <Delay = 1.64> <FuncUnit> <Opcode : 'fcmp'> <InPorts = 2> <OutPorts = 1>
ST_4 : Operation 52 [1/1] (0.00ns) (grouped into LUT with out node and_ln321_1)   --->   "%and_ln321 = and i1 %or_ln321, i1 %or_ln321_1" [/home/nehaprakriya/Documents/tapa/regression/knn/src/run_split_check/cpp/krnl_partialKnn_wrapper_14.cpp:321]   --->   Operation 52 'and' 'and_ln321' <Predicate = true> <Delay = 0.00> <CoreInst = "LogicGate">   --->   Core 74 'LogicGate' <Latency = 0> <II = 1> <Delay = 0.12> <FuncUnit> <Opcode : 'and' 'or' 'xor'> <InPorts = 2> <OutPorts = 1>
ST_4 : Operation 53 [1/1] (0.12ns) (out node of the LUT)   --->   "%and_ln321_1 = and i1 %and_ln321, i1 %tmp_2" [/home/nehaprakriya/Documents/tapa/regression/knn/src/run_split_check/cpp/krnl_partialKnn_wrapper_14.cpp:321]   --->   Operation 53 'and' 'and_ln321_1' <Predicate = true> <Delay = 0.12> <CoreInst = "LogicGate">   --->   Core 74 'LogicGate' <Latency = 0> <II = 1> <Delay = 0.12> <FuncUnit> <Opcode : 'and' 'or' 'xor'> <InPorts = 2> <OutPorts = 1>
ST_4 : Operation 54 [1/1] (0.00ns)   --->   "%br_ln321 = br i1 %and_ln321_1, void %if.else.i, void %if.then.i" [/home/nehaprakriya/Documents/tapa/regression/knn/src/run_split_check/cpp/krnl_partialKnn_wrapper_14.cpp:321]   --->   Operation 54 'br' 'br_ln321' <Predicate = true> <Delay = 0.00>
ST_4 : Operation 55 [1/1] (0.00ns)   --->   "%local_kNearstId_partial_b_addr = getelementptr i32 %local_kNearstId_partial_b, i64 0, i64 %zext_ln321_1" [/home/nehaprakriya/Documents/tapa/regression/knn/src/run_split_check/cpp/krnl_partialKnn_wrapper_14.cpp:330]   --->   Operation 55 'getelementptr' 'local_kNearstId_partial_b_addr' <Predicate = (!and_ln321_1)> <Delay = 0.00>
ST_4 : Operation 56 [2/2] (0.69ns)   --->   "%local_kNearstId_partial_b_load = load i4 %local_kNearstId_partial_b_addr" [/home/nehaprakriya/Documents/tapa/regression/knn/src/run_split_check/cpp/krnl_partialKnn_wrapper_14.cpp:330]   --->   Operation 56 'load' 'local_kNearstId_partial_b_load' <Predicate = (!and_ln321_1)> <Delay = 0.69> <CoreInst = "RAM_1P_LUTRAM">   --->   Core 89 'RAM_1P_LUTRAM' <Latency = 1> <II = 1> <Delay = 0.69> <Storage> <Opcode : 'load' 'store'> <Ports = 1> <Width = 32> <Depth = 11> <RAM>
ST_4 : Operation 57 [1/1] (0.88ns)   --->   "%idx_b_1 = add i32 %idx_b_load, i32 4294967295" [/home/nehaprakriya/Documents/tapa/regression/knn/src/run_split_check/cpp/krnl_partialKnn_wrapper_14.cpp:331]   --->   Operation 57 'add' 'idx_b_1' <Predicate = (!and_ln321_1)> <Delay = 0.88> <CoreInst = "Adder">   --->   Core 1 'Adder' <Latency = 0> <II = 1> <Delay = 0.88> <FuncUnit> <Opcode : 'add' 'sub'> <InPorts = 2> <OutPorts = 1>
ST_4 : Operation 58 [1/1] (0.38ns)   --->   "%store_ln331 = store i32 %idx_b_1, i32 %idx_b" [/home/nehaprakriya/Documents/tapa/regression/knn/src/run_split_check/cpp/krnl_partialKnn_wrapper_14.cpp:331]   --->   Operation 58 'store' 'store_ln331' <Predicate = (!and_ln321_1)> <Delay = 0.38>
ST_4 : Operation 59 [1/1] (0.00ns)   --->   "%local_kNearstId_partial_a_addr = getelementptr i32 %local_kNearstId_partial_a, i64 0, i64 %zext_ln321" [/home/nehaprakriya/Documents/tapa/regression/knn/src/run_split_check/cpp/krnl_partialKnn_wrapper_14.cpp:324]   --->   Operation 59 'getelementptr' 'local_kNearstId_partial_a_addr' <Predicate = (and_ln321_1)> <Delay = 0.00>
ST_4 : Operation 60 [2/2] (0.69ns)   --->   "%local_kNearstId_partial_a_load = load i4 %local_kNearstId_partial_a_addr" [/home/nehaprakriya/Documents/tapa/regression/knn/src/run_split_check/cpp/krnl_partialKnn_wrapper_14.cpp:324]   --->   Operation 60 'load' 'local_kNearstId_partial_a_load' <Predicate = (and_ln321_1)> <Delay = 0.69> <CoreInst = "RAM_1P_LUTRAM">   --->   Core 89 'RAM_1P_LUTRAM' <Latency = 1> <II = 1> <Delay = 0.69> <Storage> <Opcode : 'load' 'store'> <Ports = 1> <Width = 32> <Depth = 11> <RAM>
ST_4 : Operation 61 [1/1] (0.88ns)   --->   "%idx_a_1 = add i32 %idx_a_load, i32 4294967295" [/home/nehaprakriya/Documents/tapa/regression/knn/src/run_split_check/cpp/krnl_partialKnn_wrapper_14.cpp:325]   --->   Operation 61 'add' 'idx_a_1' <Predicate = (and_ln321_1)> <Delay = 0.88> <CoreInst = "Adder">   --->   Core 1 'Adder' <Latency = 0> <II = 1> <Delay = 0.88> <FuncUnit> <Opcode : 'add' 'sub'> <InPorts = 2> <OutPorts = 1>
ST_4 : Operation 62 [1/1] (0.38ns)   --->   "%store_ln326 = store i32 %idx_a_1, i32 %idx_a" [/home/nehaprakriya/Documents/tapa/regression/knn/src/run_split_check/cpp/krnl_partialKnn_wrapper_14.cpp:326]   --->   Operation 62 'store' 'store_ln326' <Predicate = (and_ln321_1)> <Delay = 0.38>

State 5 <SV = 4> <Delay = 1.39>
ST_5 : Operation 63 [1/1] (0.00ns)   --->   "%i_cast = zext i5 %i_2" [/home/nehaprakriya/Documents/tapa/regression/knn/src/run_split_check/cpp/krnl_partialKnn_wrapper_14.cpp:319]   --->   Operation 63 'zext' 'i_cast' <Predicate = true> <Delay = 0.00>
ST_5 : Operation 64 [1/1] (0.00ns)   --->   "%specloopname_ln314 = specloopname void @_ssdm_op_SpecLoopName, void @empty_4" [/home/nehaprakriya/Documents/tapa/regression/knn/src/run_split_check/cpp/krnl_partialKnn_wrapper_14.cpp:314]   --->   Operation 64 'specloopname' 'specloopname_ln314' <Predicate = true> <Delay = 0.00>
ST_5 : Operation 65 [1/1] (0.00ns)   --->   "%dist_addr = getelementptr i32 %dist, i64 0, i64 %i_cast" [/home/nehaprakriya/Documents/tapa/regression/knn/src/run_split_check/cpp/krnl_partialKnn_wrapper_14.cpp:323]   --->   Operation 65 'getelementptr' 'dist_addr' <Predicate = true> <Delay = 0.00>
ST_5 : Operation 66 [1/1] (0.00ns)   --->   "%id_addr = getelementptr i32 %id, i64 0, i64 %i_cast" [/home/nehaprakriya/Documents/tapa/regression/knn/src/run_split_check/cpp/krnl_partialKnn_wrapper_14.cpp:324]   --->   Operation 66 'getelementptr' 'id_addr' <Predicate = true> <Delay = 0.00>
ST_5 : Operation 67 [1/1] (0.69ns)   --->   "%store_ln329 = store i32 %local_kNearstDist_partial_b_load, i4 %dist_addr" [/home/nehaprakriya/Documents/tapa/regression/knn/src/run_split_check/cpp/krnl_partialKnn_wrapper_14.cpp:329]   --->   Operation 67 'store' 'store_ln329' <Predicate = (!and_ln321_1)> <Delay = 0.69> <CoreInst = "RAM_1P_LUTRAM">   --->   Core 89 'RAM_1P_LUTRAM' <Latency = 1> <II = 1> <Delay = 0.69> <Storage> <Opcode : 'load' 'store'> <Ports = 1> <Width = 32> <Depth = 11> <RAM>
ST_5 : Operation 68 [1/2] (0.69ns)   --->   "%local_kNearstId_partial_b_load = load i4 %local_kNearstId_partial_b_addr" [/home/nehaprakriya/Documents/tapa/regression/knn/src/run_split_check/cpp/krnl_partialKnn_wrapper_14.cpp:330]   --->   Operation 68 'load' 'local_kNearstId_partial_b_load' <Predicate = (!and_ln321_1)> <Delay = 0.69> <CoreInst = "RAM_1P_LUTRAM">   --->   Core 89 'RAM_1P_LUTRAM' <Latency = 1> <II = 1> <Delay = 0.69> <Storage> <Opcode : 'load' 'store'> <Ports = 1> <Width = 32> <Depth = 11> <RAM>
ST_5 : Operation 69 [1/1] (0.69ns)   --->   "%store_ln330 = store i32 %local_kNearstId_partial_b_load, i4 %id_addr" [/home/nehaprakriya/Documents/tapa/regression/knn/src/run_split_check/cpp/krnl_partialKnn_wrapper_14.cpp:330]   --->   Operation 69 'store' 'store_ln330' <Predicate = (!and_ln321_1)> <Delay = 0.69> <CoreInst = "RAM_1P_LUTRAM">   --->   Core 89 'RAM_1P_LUTRAM' <Latency = 1> <II = 1> <Delay = 0.69> <Storage> <Opcode : 'load' 'store'> <Ports = 1> <Width = 32> <Depth = 11> <RAM>
ST_5 : Operation 70 [1/1] (0.00ns)   --->   "%br_ln0 = br void %for.inc.i"   --->   Operation 70 'br' 'br_ln0' <Predicate = (!and_ln321_1)> <Delay = 0.00>
ST_5 : Operation 71 [1/1] (0.69ns)   --->   "%store_ln323 = store i32 %local_kNearstDist_partial_a_load, i4 %dist_addr" [/home/nehaprakriya/Documents/tapa/regression/knn/src/run_split_check/cpp/krnl_partialKnn_wrapper_14.cpp:323]   --->   Operation 71 'store' 'store_ln323' <Predicate = (and_ln321_1)> <Delay = 0.69> <CoreInst = "RAM_1P_LUTRAM">   --->   Core 89 'RAM_1P_LUTRAM' <Latency = 1> <II = 1> <Delay = 0.69> <Storage> <Opcode : 'load' 'store'> <Ports = 1> <Width = 32> <Depth = 11> <RAM>
ST_5 : Operation 72 [1/2] (0.69ns)   --->   "%local_kNearstId_partial_a_load = load i4 %local_kNearstId_partial_a_addr" [/home/nehaprakriya/Documents/tapa/regression/knn/src/run_split_check/cpp/krnl_partialKnn_wrapper_14.cpp:324]   --->   Operation 72 'load' 'local_kNearstId_partial_a_load' <Predicate = (and_ln321_1)> <Delay = 0.69> <CoreInst = "RAM_1P_LUTRAM">   --->   Core 89 'RAM_1P_LUTRAM' <Latency = 1> <II = 1> <Delay = 0.69> <Storage> <Opcode : 'load' 'store'> <Ports = 1> <Width = 32> <Depth = 11> <RAM>
ST_5 : Operation 73 [1/1] (0.69ns)   --->   "%store_ln324 = store i32 %local_kNearstId_partial_a_load, i4 %id_addr" [/home/nehaprakriya/Documents/tapa/regression/knn/src/run_split_check/cpp/krnl_partialKnn_wrapper_14.cpp:324]   --->   Operation 73 'store' 'store_ln324' <Predicate = (and_ln321_1)> <Delay = 0.69> <CoreInst = "RAM_1P_LUTRAM">   --->   Core 89 'RAM_1P_LUTRAM' <Latency = 1> <II = 1> <Delay = 0.69> <Storage> <Opcode : 'load' 'store'> <Ports = 1> <Width = 32> <Depth = 11> <RAM>
ST_5 : Operation 74 [1/1] (0.00ns)   --->   "%br_ln326 = br void %for.inc.i" [/home/nehaprakriya/Documents/tapa/regression/knn/src/run_split_check/cpp/krnl_partialKnn_wrapper_14.cpp:326]   --->   Operation 74 'br' 'br_ln326' <Predicate = (and_ln321_1)> <Delay = 0.00>


============================================================
+ Verbose Summary: Binding
============================================================
STG Binding: 
---------------- STG Properties BEGIN ----------------
- Is combinational: 0
- Is one-state seq: 0
- Is datapath-only: 0
- Is pipelined: 0
- Is top level: 0
Port [ Return ] is wired: 1; IO mode=ap_ctrl_hs:ce=0
Port [ local_kNearstDist_partial_a]:  wired=1; compound=1; hidden=0; nouse=0; global=0; static=0; extern=0; dir=0; type=1; pingpong=0; private_global=0; MemPort=[1]; IO mode=ap_memory:ce=0
Port [ local_kNearstDist_partial_b]:  wired=1; compound=1; hidden=0; nouse=0; global=0; static=0; extern=0; dir=0; type=1; pingpong=0; private_global=0; MemPort=[1]; IO mode=ap_memory:ce=0
Port [ local_kNearstId_partial_a]:  wired=1; compound=1; hidden=0; nouse=0; global=0; static=0; extern=0; dir=0; type=1; pingpong=0; private_global=0; MemPort=[1]; IO mode=ap_memory:ce=0
Port [ local_kNearstId_partial_b]:  wired=1; compound=1; hidden=0; nouse=0; global=0; static=0; extern=0; dir=0; type=1; pingpong=0; private_global=0; MemPort=[1]; IO mode=ap_memory:ce=0
Port [ dist]:  wired=1; compound=1; hidden=0; nouse=0; global=0; static=0; extern=0; dir=1; type=1; pingpong=0; private_global=0; MemPort=[0]; IO mode=ap_memory:ce=0
Port [ id]:  wired=1; compound=1; hidden=0; nouse=0; global=0; static=0; extern=0; dir=1; type=1; pingpong=0; private_global=0; MemPort=[0]; IO mode=ap_memory:ce=0
---------------- STG Properties END ------------------

---------------- Datapath Model BEGIN ----------------

<LifeTime>
<method=bitvector/>
i                                (alloca           ) [ 011000]
idx_a                            (alloca           ) [ 011110]
idx_b                            (alloca           ) [ 011110]
specmemcore_ln0                  (specmemcore      ) [ 000000]
specmemcore_ln0                  (specmemcore      ) [ 000000]
specmemcore_ln0                  (specmemcore      ) [ 000000]
specmemcore_ln0                  (specmemcore      ) [ 000000]
specmemcore_ln0                  (specmemcore      ) [ 000000]
specmemcore_ln0                  (specmemcore      ) [ 000000]
store_ln319                      (store            ) [ 000000]
store_ln319                      (store            ) [ 000000]
store_ln319                      (store            ) [ 000000]
br_ln319                         (br               ) [ 000000]
i_2                              (load             ) [ 011111]
specpipeline_ln0                 (specpipeline     ) [ 000000]
tmp_3                            (bitselect        ) [ 011100]
empty                            (speclooptripcount) [ 000000]
br_ln319                         (br               ) [ 000000]
idx_a_load                       (load             ) [ 011110]
idx_b_load                       (load             ) [ 011110]
zext_ln321                       (zext             ) [ 011110]
local_kNearstDist_partial_a_addr (getelementptr    ) [ 010100]
zext_ln321_1                     (zext             ) [ 011110]
local_kNearstDist_partial_b_addr (getelementptr    ) [ 010100]
add_ln319                        (add              ) [ 000000]
store_ln319                      (store            ) [ 000000]
br_ln319                         (br               ) [ 000000]
local_kNearstDist_partial_a_load (load             ) [ 011011]
local_kNearstDist_partial_b_load (load             ) [ 011011]
bitcast_ln321                    (bitcast          ) [ 000000]
tmp                              (partselect       ) [ 000000]
trunc_ln321                      (trunc            ) [ 000000]
bitcast_ln321_1                  (bitcast          ) [ 000000]
tmp_1                            (partselect       ) [ 000000]
trunc_ln321_1                    (trunc            ) [ 000000]
icmp_ln321                       (icmp             ) [ 000000]
icmp_ln321_1                     (icmp             ) [ 000000]
or_ln321                         (or               ) [ 000000]
icmp_ln321_2                     (icmp             ) [ 000000]
icmp_ln321_3                     (icmp             ) [ 000000]
or_ln321_1                       (or               ) [ 000000]
tmp_2                            (fcmp             ) [ 000000]
and_ln321                        (and              ) [ 000000]
and_ln321_1                      (and              ) [ 011011]
br_ln321                         (br               ) [ 000000]
local_kNearstId_partial_b_addr   (getelementptr    ) [ 010001]
idx_b_1                          (add              ) [ 000000]
store_ln331                      (store            ) [ 000000]
local_kNearstId_partial_a_addr   (getelementptr    ) [ 010001]
idx_a_1                          (add              ) [ 000000]
store_ln326                      (store            ) [ 000000]
i_cast                           (zext             ) [ 000000]
specloopname_ln314               (specloopname     ) [ 000000]
dist_addr                        (getelementptr    ) [ 000000]
id_addr                          (getelementptr    ) [ 000000]
store_ln329                      (store            ) [ 000000]
local_kNearstId_partial_b_load   (load             ) [ 000000]
store_ln330                      (store            ) [ 000000]
br_ln0                           (br               ) [ 000000]
store_ln323                      (store            ) [ 000000]
local_kNearstId_partial_a_load   (load             ) [ 000000]
store_ln324                      (store            ) [ 000000]
br_ln326                         (br               ) [ 000000]
ret_ln352                        (ret              ) [ 000000]
</LifeTime>

<model>

<comp_list>
<comp id="0" class="1000" name="local_kNearstDist_partial_a">
<pin_list>
<pin id="1" dir="1" index="0" bw="1" slack="0"/>
</pin_list>
<bind>
<StgValue><ssdm name="local_kNearstDist_partial_a"/><MemPortTyVec>1 </MemPortTyVec>
</StgValue>
</bind>
</comp>

<comp id="2" class="1000" name="local_kNearstDist_partial_b">
<pin_list>
<pin id="3" dir="1" index="0" bw="1" slack="0"/>
</pin_list>
<bind>
<StgValue><ssdm name="local_kNearstDist_partial_b"/><MemPortTyVec>1 </MemPortTyVec>
</StgValue>
</bind>
</comp>

<comp id="4" class="1000" name="local_kNearstId_partial_a">
<pin_list>
<pin id="5" dir="1" index="0" bw="1" slack="0"/>
</pin_list>
<bind>
<StgValue><ssdm name="local_kNearstId_partial_a"/><MemPortTyVec>1 </MemPortTyVec>
</StgValue>
</bind>
</comp>

<comp id="6" class="1000" name="local_kNearstId_partial_b">
<pin_list>
<pin id="7" dir="1" index="0" bw="1" slack="0"/>
</pin_list>
<bind>
<StgValue><ssdm name="local_kNearstId_partial_b"/><MemPortTyVec>1 </MemPortTyVec>
</StgValue>
</bind>
</comp>

<comp id="8" class="1000" name="dist">
<pin_list>
<pin id="9" dir="1" index="0" bw="1" slack="0"/>
</pin_list>
<bind>
<StgValue><ssdm name="dist"/><MemPortTyVec>0 </MemPortTyVec>
</StgValue>
</bind>
</comp>

<comp id="10" class="1000" name="id">
<pin_list>
<pin id="11" dir="1" index="0" bw="1" slack="0"/>
</pin_list>
<bind>
<StgValue><ssdm name="id"/><MemPortTyVec>0 </MemPortTyVec>
</StgValue>
</bind>
</comp>

<comp id="12" class="1001" name="const_12">
<pin_list>
<pin id="13" dir="1" index="0" bw="1" slack="0"/>
</pin_list>
<bind>
<StgValue><ssdm name=""/></StgValue>
</bind>
</comp>

<comp id="14" class="1001" name="const_14">
<pin_list>
<pin id="15" dir="1" index="0" bw="1" slack="2147483647"/>
</pin_list>
<bind>
<StgValue><ssdm name="_ssdm_op_SpecMemCore"/></StgValue>
</bind>
</comp>

<comp id="16" class="1001" name="const_16">
<pin_list>
<pin id="17" dir="1" index="0" bw="1" slack="2147483647"/>
</pin_list>
<bind>
<StgValue><ssdm name=""/></StgValue>
</bind>
</comp>

<comp id="18" class="1001" name="const_18">
<pin_list>
<pin id="19" dir="1" index="0" bw="1" slack="2147483647"/>
</pin_list>
<bind>
<StgValue><ssdm name=""/></StgValue>
</bind>
</comp>

<comp id="20" class="1001" name="const_20">
<pin_list>
<pin id="21" dir="1" index="0" bw="1" slack="2147483647"/>
</pin_list>
<bind>
<StgValue><ssdm name=""/></StgValue>
</bind>
</comp>

<comp id="22" class="1001" name="const_22">
<pin_list>
<pin id="23" dir="1" index="0" bw="1" slack="0"/>
</pin_list>
<bind>
<StgValue><ssdm name=""/></StgValue>
</bind>
</comp>

<comp id="24" class="1001" name="const_24">
<pin_list>
<pin id="25" dir="1" index="0" bw="1" slack="0"/>
</pin_list>
<bind>
<StgValue><ssdm name=""/></StgValue>
</bind>
</comp>

<comp id="26" class="1001" name="const_26">
<pin_list>
<pin id="27" dir="1" index="0" bw="1" slack="2147483647"/>
</pin_list>
<bind>
<StgValue><ssdm name="_ssdm_op_SpecPipeline"/></StgValue>
</bind>
</comp>

<comp id="28" class="1001" name="const_28">
<pin_list>
<pin id="29" dir="1" index="0" bw="1" slack="0"/>
</pin_list>
<bind>
<StgValue><ssdm name=""/></StgValue>
</bind>
</comp>

<comp id="30" class="1001" name="const_30">
<pin_list>
<pin id="31" dir="1" index="0" bw="1" slack="2147483647"/>
</pin_list>
<bind>
<StgValue><ssdm name=""/></StgValue>
</bind>
</comp>

<comp id="32" class="1001" name="const_32">
<pin_list>
<pin id="33" dir="1" index="0" bw="1" slack="2147483647"/>
</pin_list>
<bind>
<StgValue><ssdm name="p_str"/></StgValue>
</bind>
</comp>

<comp id="34" class="1001" name="const_34">
<pin_list>
<pin id="35" dir="1" index="0" bw="1" slack="0"/>
</pin_list>
<bind>
<StgValue><ssdm name="_ssdm_op_BitSelect.i1.i5.i32"/></StgValue>
</bind>
</comp>

<comp id="36" class="1001" name="const_36">
<pin_list>
<pin id="37" dir="1" index="0" bw="1" slack="0"/>
</pin_list>
<bind>
<StgValue><ssdm name=""/></StgValue>
</bind>
</comp>

<comp id="38" class="1001" name="const_38">
<pin_list>
<pin id="39" dir="1" index="0" bw="1" slack="2147483647"/>
</pin_list>
<bind>
<StgValue><ssdm name="_ssdm_op_SpecLoopTripCount"/></StgValue>
</bind>
</comp>

<comp id="40" class="1001" name="const_40">
<pin_list>
<pin id="41" dir="1" index="0" bw="1" slack="2147483647"/>
</pin_list>
<bind>
<StgValue><ssdm name=""/></StgValue>
</bind>
</comp>

<comp id="42" class="1001" name="const_42">
<pin_list>
<pin id="43" dir="1" index="0" bw="1" slack="0"/>
</pin_list>
<bind>
<StgValue><ssdm name=""/></StgValue>
</bind>
</comp>

<comp id="44" class="1001" name="const_44">
<pin_list>
<pin id="45" dir="1" index="0" bw="1" slack="0"/>
</pin_list>
<bind>
<StgValue><ssdm name=""/></StgValue>
</bind>
</comp>

<comp id="46" class="1001" name="const_46">
<pin_list>
<pin id="47" dir="1" index="0" bw="1" slack="0"/>
</pin_list>
<bind>
<StgValue><ssdm name="_ssdm_op_PartSelect.i8.i32.i32.i32"/></StgValue>
</bind>
</comp>

<comp id="48" class="1001" name="const_48">
<pin_list>
<pin id="49" dir="1" index="0" bw="1" slack="0"/>
</pin_list>
<bind>
<StgValue><ssdm name=""/></StgValue>
</bind>
</comp>

<comp id="50" class="1001" name="const_50">
<pin_list>
<pin id="51" dir="1" index="0" bw="1" slack="0"/>
</pin_list>
<bind>
<StgValue><ssdm name=""/></StgValue>
</bind>
</comp>

<comp id="52" class="1001" name="const_52">
<pin_list>
<pin id="53" dir="1" index="0" bw="1" slack="0"/>
</pin_list>
<bind>
<StgValue><ssdm name=""/></StgValue>
</bind>
</comp>

<comp id="54" class="1001" name="const_54">
<pin_list>
<pin id="55" dir="1" index="0" bw="1" slack="0"/>
</pin_list>
<bind>
<StgValue><ssdm name=""/></StgValue>
</bind>
</comp>

<comp id="56" class="1001" name="const_56">
<pin_list>
<pin id="57" dir="1" index="0" bw="1" slack="2147483647"/>
</pin_list>
<bind>
<StgValue><ssdm name="_ssdm_op_SpecLoopName"/></StgValue>
</bind>
</comp>

<comp id="58" class="1001" name="const_58">
<pin_list>
<pin id="59" dir="1" index="0" bw="1" slack="2147483647"/>
</pin_list>
<bind>
<StgValue><ssdm name="empty_4"/></StgValue>
</bind>
</comp>

<comp id="60" class="1004" name="i_fu_60">
<pin_list>
<pin id="61" dir="0" index="0" bw="1" slack="0"/>
<pin id="62" dir="1" index="1" bw="5" slack="0"/>
</pin_list>
<bind>
<opcode="alloca(26) " fcode="alloca"/>
<opset="i/1 "/>
</bind>
</comp>

<comp id="64" class="1004" name="idx_a_fu_64">
<pin_list>
<pin id="65" dir="0" index="0" bw="1" slack="0"/>
<pin id="66" dir="1" index="1" bw="32" slack="0"/>
</pin_list>
<bind>
<opcode="alloca(26) " fcode="alloca"/>
<opset="idx_a/1 "/>
</bind>
</comp>

<comp id="68" class="1004" name="idx_b_fu_68">
<pin_list>
<pin id="69" dir="0" index="0" bw="1" slack="0"/>
<pin id="70" dir="1" index="1" bw="32" slack="0"/>
</pin_list>
<bind>
<opcode="alloca(26) " fcode="alloca"/>
<opset="idx_b/1 "/>
</bind>
</comp>

<comp id="72" class="1004" name="local_kNearstDist_partial_a_addr_gep_fu_72">
<pin_list>
<pin id="73" dir="0" index="0" bw="32" slack="0"/>
<pin id="74" dir="0" index="1" bw="1" slack="0"/>
<pin id="75" dir="0" index="2" bw="32" slack="0"/>
<pin id="76" dir="1" index="3" bw="4" slack="0"/>
</pin_list>
<bind>
<opcode="getelementptr(29) " fcode="getelementptr"/>
<opset="local_kNearstDist_partial_a_addr/2 "/>
</bind>
</comp>

<comp id="79" class="1004" name="grp_access_fu_79">
<pin_list>
<pin id="80" dir="0" index="0" bw="4" slack="0"/>
<pin id="81" dir="0" index="1" bw="32" slack="2147483647"/>
<pin id="82" dir="0" index="2" bw="0" slack="2147483647"/>
<pin id="83" dir="1" index="3" bw="32" slack="0"/>
</pin_list>
<bind>
<opcode="load(27) " fcode="load"/>
<opset="local_kNearstDist_partial_a_load/2 "/>
</bind>
</comp>

<comp id="85" class="1004" name="local_kNearstDist_partial_b_addr_gep_fu_85">
<pin_list>
<pin id="86" dir="0" index="0" bw="32" slack="0"/>
<pin id="87" dir="0" index="1" bw="1" slack="0"/>
<pin id="88" dir="0" index="2" bw="32" slack="0"/>
<pin id="89" dir="1" index="3" bw="4" slack="0"/>
</pin_list>
<bind>
<opcode="getelementptr(29) " fcode="getelementptr"/>
<opset="local_kNearstDist_partial_b_addr/2 "/>
</bind>
</comp>

<comp id="92" class="1004" name="grp_access_fu_92">
<pin_list>
<pin id="93" dir="0" index="0" bw="4" slack="0"/>
<pin id="94" dir="0" index="1" bw="32" slack="2147483647"/>
<pin id="95" dir="0" index="2" bw="0" slack="2147483647"/>
<pin id="96" dir="1" index="3" bw="32" slack="0"/>
</pin_list>
<bind>
<opcode="load(27) " fcode="load"/>
<opset="local_kNearstDist_partial_b_load/2 "/>
</bind>
</comp>

<comp id="98" class="1004" name="local_kNearstId_partial_b_addr_gep_fu_98">
<pin_list>
<pin id="99" dir="0" index="0" bw="32" slack="0"/>
<pin id="100" dir="0" index="1" bw="1" slack="0"/>
<pin id="101" dir="0" index="2" bw="32" slack="2"/>
<pin id="102" dir="1" index="3" bw="4" slack="0"/>
</pin_list>
<bind>
<opcode="getelementptr(29) " fcode="getelementptr"/>
<opset="local_kNearstId_partial_b_addr/4 "/>
</bind>
</comp>

<comp id="105" class="1004" name="grp_access_fu_105">
<pin_list>
<pin id="106" dir="0" index="0" bw="4" slack="0"/>
<pin id="107" dir="0" index="1" bw="32" slack="2147483647"/>
<pin id="108" dir="0" index="2" bw="0" slack="2147483647"/>
<pin id="109" dir="1" index="3" bw="32" slack="0"/>
</pin_list>
<bind>
<opcode="load(27) " fcode="load"/>
<opset="local_kNearstId_partial_b_load/4 "/>
</bind>
</comp>

<comp id="111" class="1004" name="local_kNearstId_partial_a_addr_gep_fu_111">
<pin_list>
<pin id="112" dir="0" index="0" bw="32" slack="0"/>
<pin id="113" dir="0" index="1" bw="1" slack="0"/>
<pin id="114" dir="0" index="2" bw="32" slack="2"/>
<pin id="115" dir="1" index="3" bw="4" slack="0"/>
</pin_list>
<bind>
<opcode="getelementptr(29) " fcode="getelementptr"/>
<opset="local_kNearstId_partial_a_addr/4 "/>
</bind>
</comp>

<comp id="118" class="1004" name="grp_access_fu_118">
<pin_list>
<pin id="119" dir="0" index="0" bw="4" slack="0"/>
<pin id="120" dir="0" index="1" bw="32" slack="2147483647"/>
<pin id="121" dir="0" index="2" bw="0" slack="2147483647"/>
<pin id="122" dir="1" index="3" bw="32" slack="0"/>
</pin_list>
<bind>
<opcode="load(27) " fcode="load"/>
<opset="local_kNearstId_partial_a_load/4 "/>
</bind>
</comp>

<comp id="124" class="1004" name="dist_addr_gep_fu_124">
<pin_list>
<pin id="125" dir="0" index="0" bw="32" slack="0"/>
<pin id="126" dir="0" index="1" bw="1" slack="0"/>
<pin id="127" dir="0" index="2" bw="5" slack="0"/>
<pin id="128" dir="1" index="3" bw="4" slack="0"/>
</pin_list>
<bind>
<opcode="getelementptr(29) " fcode="getelementptr"/>
<opset="dist_addr/5 "/>
</bind>
</comp>

<comp id="131" class="1004" name="id_addr_gep_fu_131">
<pin_list>
<pin id="132" dir="0" index="0" bw="32" slack="0"/>
<pin id="133" dir="0" index="1" bw="1" slack="0"/>
<pin id="134" dir="0" index="2" bw="5" slack="0"/>
<pin id="135" dir="1" index="3" bw="4" slack="0"/>
</pin_list>
<bind>
<opcode="getelementptr(29) " fcode="getelementptr"/>
<opset="id_addr/5 "/>
</bind>
</comp>

<comp id="138" class="1004" name="grp_access_fu_138">
<pin_list>
<pin id="139" dir="0" index="0" bw="4" slack="0"/>
<pin id="140" dir="0" index="1" bw="32" slack="2"/>
<pin id="141" dir="0" index="2" bw="0" slack="2147483647"/>
<pin id="142" dir="1" index="3" bw="32" slack="2147483647"/>
</pin_list>
<bind>
<opcode="store(28) " fcode="store"/>
<opset="store_ln329/5 store_ln323/5 "/>
</bind>
</comp>

<comp id="144" class="1004" name="grp_access_fu_144">
<pin_list>
<pin id="145" dir="0" index="0" bw="4" slack="0"/>
<pin id="146" dir="0" index="1" bw="32" slack="0"/>
<pin id="147" dir="0" index="2" bw="0" slack="2147483647"/>
<pin id="148" dir="1" index="3" bw="32" slack="2147483647"/>
</pin_list>
<bind>
<opcode="store(28) " fcode="store"/>
<opset="store_ln330/5 store_ln324/5 "/>
</bind>
</comp>

<comp id="152" class="1004" name="grp_fu_152">
<pin_list>
<pin id="153" dir="0" index="0" bw="32" slack="0"/>
<pin id="154" dir="0" index="1" bw="32" slack="0"/>
<pin id="155" dir="1" index="2" bw="1" slack="0"/>
</pin_list>
<bind>
<opcode="fcmp(46) " fcode="fcmp"/>
<opset="tmp_2/3 "/>
</bind>
</comp>

<comp id="158" class="1004" name="store_ln319_store_fu_158">
<pin_list>
<pin id="159" dir="0" index="0" bw="5" slack="0"/>
<pin id="160" dir="0" index="1" bw="32" slack="0"/>
<pin id="161" dir="1" index="2" bw="0" slack="2147483647"/>
</pin_list>
<bind>
<opcode="store(28) " fcode="store"/>
<opset="store_ln319/1 "/>
</bind>
</comp>

<comp id="163" class="1004" name="store_ln319_store_fu_163">
<pin_list>
<pin id="164" dir="0" index="0" bw="5" slack="0"/>
<pin id="165" dir="0" index="1" bw="32" slack="0"/>
<pin id="166" dir="1" index="2" bw="0" slack="2147483647"/>
</pin_list>
<bind>
<opcode="store(28) " fcode="store"/>
<opset="store_ln319/1 "/>
</bind>
</comp>

<comp id="168" class="1004" name="store_ln319_store_fu_168">
<pin_list>
<pin id="169" dir="0" index="0" bw="5" slack="0"/>
<pin id="170" dir="0" index="1" bw="5" slack="0"/>
<pin id="171" dir="1" index="2" bw="0" slack="2147483647"/>
</pin_list>
<bind>
<opcode="store(28) " fcode="store"/>
<opset="store_ln319/1 "/>
</bind>
</comp>

<comp id="173" class="1004" name="i_2_load_fu_173">
<pin_list>
<pin id="174" dir="0" index="0" bw="5" slack="1"/>
<pin id="175" dir="1" index="1" bw="5" slack="0"/>
</pin_list>
<bind>
<opcode="load(27) " fcode="load"/>
<opset="i_2/2 "/>
</bind>
</comp>

<comp id="176" class="1004" name="tmp_3_fu_176">
<pin_list>
<pin id="177" dir="0" index="0" bw="1" slack="0"/>
<pin id="178" dir="0" index="1" bw="5" slack="0"/>
<pin id="179" dir="0" index="2" bw="4" slack="0"/>
<pin id="180" dir="1" index="3" bw="1" slack="1"/>
</pin_list>
<bind>
<opcode="bitselect(1000) " fcode="bitselect"/>
<opset="tmp_3/2 "/>
</bind>
</comp>

<comp id="184" class="1004" name="idx_a_load_load_fu_184">
<pin_list>
<pin id="185" dir="0" index="0" bw="32" slack="1"/>
<pin id="186" dir="1" index="1" bw="32" slack="0"/>
</pin_list>
<bind>
<opcode="load(27) " fcode="load"/>
<opset="idx_a_load/2 "/>
</bind>
</comp>

<comp id="187" class="1004" name="idx_b_load_load_fu_187">
<pin_list>
<pin id="188" dir="0" index="0" bw="32" slack="1"/>
<pin id="189" dir="1" index="1" bw="32" slack="0"/>
</pin_list>
<bind>
<opcode="load(27) " fcode="load"/>
<opset="idx_b_load/2 "/>
</bind>
</comp>

<comp id="190" class="1004" name="zext_ln321_fu_190">
<pin_list>
<pin id="191" dir="0" index="0" bw="32" slack="0"/>
<pin id="192" dir="1" index="1" bw="64" slack="0"/>
</pin_list>
<bind>
<opcode="zext(34) " fcode="zext"/>
<opset="zext_ln321/2 "/>
</bind>
</comp>

<comp id="195" class="1004" name="zext_ln321_1_fu_195">
<pin_list>
<pin id="196" dir="0" index="0" bw="32" slack="0"/>
<pin id="197" dir="1" index="1" bw="64" slack="0"/>
</pin_list>
<bind>
<opcode="zext(34) " fcode="zext"/>
<opset="zext_ln321_1/2 "/>
</bind>
</comp>

<comp id="200" class="1004" name="add_ln319_fu_200">
<pin_list>
<pin id="201" dir="0" index="0" bw="5" slack="0"/>
<pin id="202" dir="0" index="1" bw="1" slack="0"/>
<pin id="203" dir="1" index="2" bw="5" slack="0"/>
</pin_list>
<bind>
<opcode="add(8) " fcode="add"/>
<opset="add_ln319/2 "/>
</bind>
</comp>

<comp id="206" class="1004" name="store_ln319_store_fu_206">
<pin_list>
<pin id="207" dir="0" index="0" bw="5" slack="0"/>
<pin id="208" dir="0" index="1" bw="5" slack="1"/>
<pin id="209" dir="1" index="2" bw="0" slack="2147483647"/>
</pin_list>
<bind>
<opcode="store(28) " fcode="store"/>
<opset="store_ln319/2 "/>
</bind>
</comp>

<comp id="211" class="1004" name="bitcast_ln321_fu_211">
<pin_list>
<pin id="212" dir="0" index="0" bw="32" slack="1"/>
<pin id="213" dir="1" index="1" bw="32" slack="0"/>
</pin_list>
<bind>
<opcode="bitcast(44) " fcode="bitcast"/>
<opset="bitcast_ln321/4 "/>
</bind>
</comp>

<comp id="214" class="1004" name="tmp_fu_214">
<pin_list>
<pin id="215" dir="0" index="0" bw="8" slack="0"/>
<pin id="216" dir="0" index="1" bw="32" slack="0"/>
<pin id="217" dir="0" index="2" bw="6" slack="0"/>
<pin id="218" dir="0" index="3" bw="6" slack="0"/>
<pin id="219" dir="1" index="4" bw="8" slack="0"/>
</pin_list>
<bind>
<opcode="partselect(1002) " fcode="partselect"/>
<opset="tmp/4 "/>
</bind>
</comp>

<comp id="224" class="1004" name="trunc_ln321_fu_224">
<pin_list>
<pin id="225" dir="0" index="0" bw="32" slack="0"/>
<pin id="226" dir="1" index="1" bw="23" slack="0"/>
</pin_list>
<bind>
<opcode="trunc(33) " fcode="trunc"/>
<opset="trunc_ln321/4 "/>
</bind>
</comp>

<comp id="228" class="1004" name="bitcast_ln321_1_fu_228">
<pin_list>
<pin id="229" dir="0" index="0" bw="32" slack="1"/>
<pin id="230" dir="1" index="1" bw="32" slack="0"/>
</pin_list>
<bind>
<opcode="bitcast(44) " fcode="bitcast"/>
<opset="bitcast_ln321_1/4 "/>
</bind>
</comp>

<comp id="231" class="1004" name="tmp_1_fu_231">
<pin_list>
<pin id="232" dir="0" index="0" bw="8" slack="0"/>
<pin id="233" dir="0" index="1" bw="32" slack="0"/>
<pin id="234" dir="0" index="2" bw="6" slack="0"/>
<pin id="235" dir="0" index="3" bw="6" slack="0"/>
<pin id="236" dir="1" index="4" bw="8" slack="0"/>
</pin_list>
<bind>
<opcode="partselect(1002) " fcode="partselect"/>
<opset="tmp_1/4 "/>
</bind>
</comp>

<comp id="241" class="1004" name="trunc_ln321_1_fu_241">
<pin_list>
<pin id="242" dir="0" index="0" bw="32" slack="0"/>
<pin id="243" dir="1" index="1" bw="23" slack="0"/>
</pin_list>
<bind>
<opcode="trunc(33) " fcode="trunc"/>
<opset="trunc_ln321_1/4 "/>
</bind>
</comp>

<comp id="245" class="1004" name="icmp_ln321_fu_245">
<pin_list>
<pin id="246" dir="0" index="0" bw="8" slack="0"/>
<pin id="247" dir="0" index="1" bw="8" slack="0"/>
<pin id="248" dir="1" index="2" bw="1" slack="0"/>
</pin_list>
<bind>
<opcode="icmp(45) " fcode="icmp"/>
<opset="icmp_ln321/4 "/>
</bind>
</comp>

<comp id="251" class="1004" name="icmp_ln321_1_fu_251">
<pin_list>
<pin id="252" dir="0" index="0" bw="23" slack="0"/>
<pin id="253" dir="0" index="1" bw="23" slack="0"/>
<pin id="254" dir="1" index="2" bw="1" slack="0"/>
</pin_list>
<bind>
<opcode="icmp(45) " fcode="icmp"/>
<opset="icmp_ln321_1/4 "/>
</bind>
</comp>

<comp id="257" class="1004" name="or_ln321_fu_257">
<pin_list>
<pin id="258" dir="0" index="0" bw="1" slack="0"/>
<pin id="259" dir="0" index="1" bw="1" slack="0"/>
<pin id="260" dir="1" index="2" bw="1" slack="0"/>
</pin_list>
<bind>
<opcode="or(24) " fcode="or"/>
<opset="or_ln321/4 "/>
</bind>
</comp>

<comp id="263" class="1004" name="icmp_ln321_2_fu_263">
<pin_list>
<pin id="264" dir="0" index="0" bw="8" slack="0"/>
<pin id="265" dir="0" index="1" bw="8" slack="0"/>
<pin id="266" dir="1" index="2" bw="1" slack="0"/>
</pin_list>
<bind>
<opcode="icmp(45) " fcode="icmp"/>
<opset="icmp_ln321_2/4 "/>
</bind>
</comp>

<comp id="269" class="1004" name="icmp_ln321_3_fu_269">
<pin_list>
<pin id="270" dir="0" index="0" bw="23" slack="0"/>
<pin id="271" dir="0" index="1" bw="23" slack="0"/>
<pin id="272" dir="1" index="2" bw="1" slack="0"/>
</pin_list>
<bind>
<opcode="icmp(45) " fcode="icmp"/>
<opset="icmp_ln321_3/4 "/>
</bind>
</comp>

<comp id="275" class="1004" name="or_ln321_1_fu_275">
<pin_list>
<pin id="276" dir="0" index="0" bw="1" slack="0"/>
<pin id="277" dir="0" index="1" bw="1" slack="0"/>
<pin id="278" dir="1" index="2" bw="1" slack="0"/>
</pin_list>
<bind>
<opcode="or(24) " fcode="or"/>
<opset="or_ln321_1/4 "/>
</bind>
</comp>

<comp id="281" class="1004" name="and_ln321_fu_281">
<pin_list>
<pin id="282" dir="0" index="0" bw="1" slack="0"/>
<pin id="283" dir="0" index="1" bw="1" slack="0"/>
<pin id="284" dir="1" index="2" bw="1" slack="0"/>
</pin_list>
<bind>
<opcode="and(23) " fcode="and"/>
<opset="and_ln321/4 "/>
</bind>
</comp>

<comp id="287" class="1004" name="and_ln321_1_fu_287">
<pin_list>
<pin id="288" dir="0" index="0" bw="1" slack="0"/>
<pin id="289" dir="0" index="1" bw="1" slack="0"/>
<pin id="290" dir="1" index="2" bw="1" slack="1"/>
</pin_list>
<bind>
<opcode="and(23) " fcode="and"/>
<opset="and_ln321_1/4 "/>
</bind>
</comp>

<comp id="293" class="1004" name="idx_b_1_fu_293">
<pin_list>
<pin id="294" dir="0" index="0" bw="32" slack="2"/>
<pin id="295" dir="0" index="1" bw="1" slack="0"/>
<pin id="296" dir="1" index="2" bw="32" slack="0"/>
</pin_list>
<bind>
<opcode="add(8) " fcode="add"/>
<opset="idx_b_1/4 "/>
</bind>
</comp>

<comp id="298" class="1004" name="store_ln331_store_fu_298">
<pin_list>
<pin id="299" dir="0" index="0" bw="32" slack="0"/>
<pin id="300" dir="0" index="1" bw="32" slack="3"/>
<pin id="301" dir="1" index="2" bw="0" slack="2147483647"/>
</pin_list>
<bind>
<opcode="store(28) " fcode="store"/>
<opset="store_ln331/4 "/>
</bind>
</comp>

<comp id="303" class="1004" name="idx_a_1_fu_303">
<pin_list>
<pin id="304" dir="0" index="0" bw="32" slack="2"/>
<pin id="305" dir="0" index="1" bw="1" slack="0"/>
<pin id="306" dir="1" index="2" bw="32" slack="0"/>
</pin_list>
<bind>
<opcode="add(8) " fcode="add"/>
<opset="idx_a_1/4 "/>
</bind>
</comp>

<comp id="308" class="1004" name="store_ln326_store_fu_308">
<pin_list>
<pin id="309" dir="0" index="0" bw="32" slack="0"/>
<pin id="310" dir="0" index="1" bw="32" slack="3"/>
<pin id="311" dir="1" index="2" bw="0" slack="2147483647"/>
</pin_list>
<bind>
<opcode="store(28) " fcode="store"/>
<opset="store_ln326/4 "/>
</bind>
</comp>

<comp id="313" class="1004" name="i_cast_fu_313">
<pin_list>
<pin id="314" dir="0" index="0" bw="5" slack="3"/>
<pin id="315" dir="1" index="1" bw="64" slack="0"/>
</pin_list>
<bind>
<opcode="zext(34) " fcode="zext"/>
<opset="i_cast/5 "/>
</bind>
</comp>

<comp id="318" class="1005" name="i_reg_318">
<pin_list>
<pin id="319" dir="0" index="0" bw="5" slack="0"/>
<pin id="320" dir="1" index="1" bw="5" slack="0"/>
</pin_list>
<bind>
<opset="i "/>
</bind>
</comp>

<comp id="325" class="1005" name="idx_a_reg_325">
<pin_list>
<pin id="326" dir="0" index="0" bw="32" slack="0"/>
<pin id="327" dir="1" index="1" bw="32" slack="0"/>
</pin_list>
<bind>
<opset="idx_a "/>
</bind>
</comp>

<comp id="332" class="1005" name="idx_b_reg_332">
<pin_list>
<pin id="333" dir="0" index="0" bw="32" slack="0"/>
<pin id="334" dir="1" index="1" bw="32" slack="0"/>
</pin_list>
<bind>
<opset="idx_b "/>
</bind>
</comp>

<comp id="339" class="1005" name="i_2_reg_339">
<pin_list>
<pin id="340" dir="0" index="0" bw="5" slack="3"/>
<pin id="341" dir="1" index="1" bw="5" slack="3"/>
</pin_list>
<bind>
<opset="i_2 "/>
</bind>
</comp>

<comp id="344" class="1005" name="tmp_3_reg_344">
<pin_list>
<pin id="345" dir="0" index="0" bw="1" slack="1"/>
<pin id="346" dir="1" index="1" bw="1" slack="2147483647"/>
</pin_list>
<bind>
<opset="tmp_3 "/>
</bind>
</comp>

<comp id="348" class="1005" name="idx_a_load_reg_348">
<pin_list>
<pin id="349" dir="0" index="0" bw="32" slack="2"/>
<pin id="350" dir="1" index="1" bw="32" slack="2"/>
</pin_list>
<bind>
<opset="idx_a_load "/>
</bind>
</comp>

<comp id="353" class="1005" name="idx_b_load_reg_353">
<pin_list>
<pin id="354" dir="0" index="0" bw="32" slack="2"/>
<pin id="355" dir="1" index="1" bw="32" slack="2"/>
</pin_list>
<bind>
<opset="idx_b_load "/>
</bind>
</comp>

<comp id="358" class="1005" name="zext_ln321_reg_358">
<pin_list>
<pin id="359" dir="0" index="0" bw="64" slack="2"/>
<pin id="360" dir="1" index="1" bw="64" slack="2"/>
</pin_list>
<bind>
<opset="zext_ln321 "/>
</bind>
</comp>

<comp id="363" class="1005" name="local_kNearstDist_partial_a_addr_reg_363">
<pin_list>
<pin id="364" dir="0" index="0" bw="4" slack="1"/>
<pin id="365" dir="1" index="1" bw="4" slack="1"/>
</pin_list>
<bind>
<opset="local_kNearstDist_partial_a_addr "/>
</bind>
</comp>

<comp id="368" class="1005" name="zext_ln321_1_reg_368">
<pin_list>
<pin id="369" dir="0" index="0" bw="64" slack="2"/>
<pin id="370" dir="1" index="1" bw="64" slack="2"/>
</pin_list>
<bind>
<opset="zext_ln321_1 "/>
</bind>
</comp>

<comp id="373" class="1005" name="local_kNearstDist_partial_b_addr_reg_373">
<pin_list>
<pin id="374" dir="0" index="0" bw="4" slack="1"/>
<pin id="375" dir="1" index="1" bw="4" slack="1"/>
</pin_list>
<bind>
<opset="local_kNearstDist_partial_b_addr "/>
</bind>
</comp>

<comp id="378" class="1005" name="local_kNearstDist_partial_a_load_reg_378">
<pin_list>
<pin id="379" dir="0" index="0" bw="32" slack="1"/>
<pin id="380" dir="1" index="1" bw="32" slack="1"/>
</pin_list>
<bind>
<opset="local_kNearstDist_partial_a_load "/>
</bind>
</comp>

<comp id="385" class="1005" name="local_kNearstDist_partial_b_load_reg_385">
<pin_list>
<pin id="386" dir="0" index="0" bw="32" slack="1"/>
<pin id="387" dir="1" index="1" bw="32" slack="1"/>
</pin_list>
<bind>
<opset="local_kNearstDist_partial_b_load "/>
</bind>
</comp>

<comp id="392" class="1005" name="and_ln321_1_reg_392">
<pin_list>
<pin id="393" dir="0" index="0" bw="1" slack="1"/>
<pin id="394" dir="1" index="1" bw="1" slack="2147483647"/>
</pin_list>
<bind>
<opset="and_ln321_1 "/>
</bind>
</comp>

<comp id="396" class="1005" name="local_kNearstId_partial_b_addr_reg_396">
<pin_list>
<pin id="397" dir="0" index="0" bw="4" slack="1"/>
<pin id="398" dir="1" index="1" bw="4" slack="1"/>
</pin_list>
<bind>
<opset="local_kNearstId_partial_b_addr "/>
</bind>
</comp>

<comp id="401" class="1005" name="local_kNearstId_partial_a_addr_reg_401">
<pin_list>
<pin id="402" dir="0" index="0" bw="4" slack="1"/>
<pin id="403" dir="1" index="1" bw="4" slack="1"/>
</pin_list>
<bind>
<opset="local_kNearstId_partial_a_addr "/>
</bind>
</comp>

</comp_list>

<net_list>
<net id="63"><net_src comp="12" pin="0"/><net_sink comp="60" pin=0"/></net>

<net id="67"><net_src comp="12" pin="0"/><net_sink comp="64" pin=0"/></net>

<net id="71"><net_src comp="12" pin="0"/><net_sink comp="68" pin=0"/></net>

<net id="77"><net_src comp="0" pin="0"/><net_sink comp="72" pin=0"/></net>

<net id="78"><net_src comp="42" pin="0"/><net_sink comp="72" pin=1"/></net>

<net id="84"><net_src comp="72" pin="3"/><net_sink comp="79" pin=0"/></net>

<net id="90"><net_src comp="2" pin="0"/><net_sink comp="85" pin=0"/></net>

<net id="91"><net_src comp="42" pin="0"/><net_sink comp="85" pin=1"/></net>

<net id="97"><net_src comp="85" pin="3"/><net_sink comp="92" pin=0"/></net>

<net id="103"><net_src comp="6" pin="0"/><net_sink comp="98" pin=0"/></net>

<net id="104"><net_src comp="42" pin="0"/><net_sink comp="98" pin=1"/></net>

<net id="110"><net_src comp="98" pin="3"/><net_sink comp="105" pin=0"/></net>

<net id="116"><net_src comp="4" pin="0"/><net_sink comp="111" pin=0"/></net>

<net id="117"><net_src comp="42" pin="0"/><net_sink comp="111" pin=1"/></net>

<net id="123"><net_src comp="111" pin="3"/><net_sink comp="118" pin=0"/></net>

<net id="129"><net_src comp="8" pin="0"/><net_sink comp="124" pin=0"/></net>

<net id="130"><net_src comp="42" pin="0"/><net_sink comp="124" pin=1"/></net>

<net id="136"><net_src comp="10" pin="0"/><net_sink comp="131" pin=0"/></net>

<net id="137"><net_src comp="42" pin="0"/><net_sink comp="131" pin=1"/></net>

<net id="143"><net_src comp="124" pin="3"/><net_sink comp="138" pin=0"/></net>

<net id="149"><net_src comp="105" pin="3"/><net_sink comp="144" pin=1"/></net>

<net id="150"><net_src comp="131" pin="3"/><net_sink comp="144" pin=0"/></net>

<net id="151"><net_src comp="118" pin="3"/><net_sink comp="144" pin=1"/></net>

<net id="156"><net_src comp="79" pin="3"/><net_sink comp="152" pin=0"/></net>

<net id="157"><net_src comp="92" pin="3"/><net_sink comp="152" pin=1"/></net>

<net id="162"><net_src comp="22" pin="0"/><net_sink comp="158" pin=0"/></net>

<net id="167"><net_src comp="22" pin="0"/><net_sink comp="163" pin=0"/></net>

<net id="172"><net_src comp="24" pin="0"/><net_sink comp="168" pin=0"/></net>

<net id="181"><net_src comp="34" pin="0"/><net_sink comp="176" pin=0"/></net>

<net id="182"><net_src comp="173" pin="1"/><net_sink comp="176" pin=1"/></net>

<net id="183"><net_src comp="36" pin="0"/><net_sink comp="176" pin=2"/></net>

<net id="193"><net_src comp="184" pin="1"/><net_sink comp="190" pin=0"/></net>

<net id="194"><net_src comp="190" pin="1"/><net_sink comp="72" pin=2"/></net>

<net id="198"><net_src comp="187" pin="1"/><net_sink comp="195" pin=0"/></net>

<net id="199"><net_src comp="195" pin="1"/><net_sink comp="85" pin=2"/></net>

<net id="204"><net_src comp="173" pin="1"/><net_sink comp="200" pin=0"/></net>

<net id="205"><net_src comp="44" pin="0"/><net_sink comp="200" pin=1"/></net>

<net id="210"><net_src comp="200" pin="2"/><net_sink comp="206" pin=0"/></net>

<net id="220"><net_src comp="46" pin="0"/><net_sink comp="214" pin=0"/></net>

<net id="221"><net_src comp="211" pin="1"/><net_sink comp="214" pin=1"/></net>

<net id="222"><net_src comp="48" pin="0"/><net_sink comp="214" pin=2"/></net>

<net id="223"><net_src comp="50" pin="0"/><net_sink comp="214" pin=3"/></net>

<net id="227"><net_src comp="211" pin="1"/><net_sink comp="224" pin=0"/></net>

<net id="237"><net_src comp="46" pin="0"/><net_sink comp="231" pin=0"/></net>

<net id="238"><net_src comp="228" pin="1"/><net_sink comp="231" pin=1"/></net>

<net id="239"><net_src comp="48" pin="0"/><net_sink comp="231" pin=2"/></net>

<net id="240"><net_src comp="50" pin="0"/><net_sink comp="231" pin=3"/></net>

<net id="244"><net_src comp="228" pin="1"/><net_sink comp="241" pin=0"/></net>

<net id="249"><net_src comp="214" pin="4"/><net_sink comp="245" pin=0"/></net>

<net id="250"><net_src comp="52" pin="0"/><net_sink comp="245" pin=1"/></net>

<net id="255"><net_src comp="224" pin="1"/><net_sink comp="251" pin=0"/></net>

<net id="256"><net_src comp="54" pin="0"/><net_sink comp="251" pin=1"/></net>

<net id="261"><net_src comp="251" pin="2"/><net_sink comp="257" pin=0"/></net>

<net id="262"><net_src comp="245" pin="2"/><net_sink comp="257" pin=1"/></net>

<net id="267"><net_src comp="231" pin="4"/><net_sink comp="263" pin=0"/></net>

<net id="268"><net_src comp="52" pin="0"/><net_sink comp="263" pin=1"/></net>

<net id="273"><net_src comp="241" pin="1"/><net_sink comp="269" pin=0"/></net>

<net id="274"><net_src comp="54" pin="0"/><net_sink comp="269" pin=1"/></net>

<net id="279"><net_src comp="269" pin="2"/><net_sink comp="275" pin=0"/></net>

<net id="280"><net_src comp="263" pin="2"/><net_sink comp="275" pin=1"/></net>

<net id="285"><net_src comp="257" pin="2"/><net_sink comp="281" pin=0"/></net>

<net id="286"><net_src comp="275" pin="2"/><net_sink comp="281" pin=1"/></net>

<net id="291"><net_src comp="281" pin="2"/><net_sink comp="287" pin=0"/></net>

<net id="292"><net_src comp="152" pin="2"/><net_sink comp="287" pin=1"/></net>

<net id="297"><net_src comp="28" pin="0"/><net_sink comp="293" pin=1"/></net>

<net id="302"><net_src comp="293" pin="2"/><net_sink comp="298" pin=0"/></net>

<net id="307"><net_src comp="28" pin="0"/><net_sink comp="303" pin=1"/></net>

<net id="312"><net_src comp="303" pin="2"/><net_sink comp="308" pin=0"/></net>

<net id="316"><net_src comp="313" pin="1"/><net_sink comp="124" pin=2"/></net>

<net id="317"><net_src comp="313" pin="1"/><net_sink comp="131" pin=2"/></net>

<net id="321"><net_src comp="60" pin="1"/><net_sink comp="318" pin=0"/></net>

<net id="322"><net_src comp="318" pin="1"/><net_sink comp="168" pin=1"/></net>

<net id="323"><net_src comp="318" pin="1"/><net_sink comp="173" pin=0"/></net>

<net id="324"><net_src comp="318" pin="1"/><net_sink comp="206" pin=1"/></net>

<net id="328"><net_src comp="64" pin="1"/><net_sink comp="325" pin=0"/></net>

<net id="329"><net_src comp="325" pin="1"/><net_sink comp="163" pin=1"/></net>

<net id="330"><net_src comp="325" pin="1"/><net_sink comp="184" pin=0"/></net>

<net id="331"><net_src comp="325" pin="1"/><net_sink comp="308" pin=1"/></net>

<net id="335"><net_src comp="68" pin="1"/><net_sink comp="332" pin=0"/></net>

<net id="336"><net_src comp="332" pin="1"/><net_sink comp="158" pin=1"/></net>

<net id="337"><net_src comp="332" pin="1"/><net_sink comp="187" pin=0"/></net>

<net id="338"><net_src comp="332" pin="1"/><net_sink comp="298" pin=1"/></net>

<net id="342"><net_src comp="173" pin="1"/><net_sink comp="339" pin=0"/></net>

<net id="343"><net_src comp="339" pin="1"/><net_sink comp="313" pin=0"/></net>

<net id="347"><net_src comp="176" pin="3"/><net_sink comp="344" pin=0"/></net>

<net id="351"><net_src comp="184" pin="1"/><net_sink comp="348" pin=0"/></net>

<net id="352"><net_src comp="348" pin="1"/><net_sink comp="303" pin=0"/></net>

<net id="356"><net_src comp="187" pin="1"/><net_sink comp="353" pin=0"/></net>

<net id="357"><net_src comp="353" pin="1"/><net_sink comp="293" pin=0"/></net>

<net id="361"><net_src comp="190" pin="1"/><net_sink comp="358" pin=0"/></net>

<net id="362"><net_src comp="358" pin="1"/><net_sink comp="111" pin=2"/></net>

<net id="366"><net_src comp="72" pin="3"/><net_sink comp="363" pin=0"/></net>

<net id="367"><net_src comp="363" pin="1"/><net_sink comp="79" pin=0"/></net>

<net id="371"><net_src comp="195" pin="1"/><net_sink comp="368" pin=0"/></net>

<net id="372"><net_src comp="368" pin="1"/><net_sink comp="98" pin=2"/></net>

<net id="376"><net_src comp="85" pin="3"/><net_sink comp="373" pin=0"/></net>

<net id="377"><net_src comp="373" pin="1"/><net_sink comp="92" pin=0"/></net>

<net id="381"><net_src comp="79" pin="3"/><net_sink comp="378" pin=0"/></net>

<net id="382"><net_src comp="378" pin="1"/><net_sink comp="211" pin=0"/></net>

<net id="383"><net_src comp="378" pin="1"/><net_sink comp="152" pin=0"/></net>

<net id="384"><net_src comp="378" pin="1"/><net_sink comp="138" pin=1"/></net>

<net id="388"><net_src comp="92" pin="3"/><net_sink comp="385" pin=0"/></net>

<net id="389"><net_src comp="385" pin="1"/><net_sink comp="228" pin=0"/></net>

<net id="390"><net_src comp="385" pin="1"/><net_sink comp="152" pin=1"/></net>

<net id="391"><net_src comp="385" pin="1"/><net_sink comp="138" pin=1"/></net>

<net id="395"><net_src comp="287" pin="2"/><net_sink comp="392" pin=0"/></net>

<net id="399"><net_src comp="98" pin="3"/><net_sink comp="396" pin=0"/></net>

<net id="400"><net_src comp="396" pin="1"/><net_sink comp="105" pin=0"/></net>

<net id="404"><net_src comp="111" pin="3"/><net_sink comp="401" pin=0"/></net>

<net id="405"><net_src comp="401" pin="1"/><net_sink comp="118" pin=0"/></net>

</net_list>

</model> 
---------------- Datapath Model END ------------------

* FSMD analyzer results:
  - Output states:
	Port: dist | {5 }
	Port: id | {5 }
 - Input state : 
	Port: merge_dual_all_PEs : local_kNearstDist_partial_a | {2 3 }
	Port: merge_dual_all_PEs : local_kNearstDist_partial_b | {2 3 }
	Port: merge_dual_all_PEs : local_kNearstId_partial_a | {4 5 }
	Port: merge_dual_all_PEs : local_kNearstId_partial_b | {4 5 }
  - Chain level:
	State 1
		store_ln319 : 1
		store_ln319 : 1
		store_ln319 : 1
	State 2
		tmp_3 : 1
		br_ln319 : 2
		zext_ln321 : 1
		local_kNearstDist_partial_a_addr : 2
		local_kNearstDist_partial_a_load : 3
		zext_ln321_1 : 1
		local_kNearstDist_partial_b_addr : 2
		local_kNearstDist_partial_b_load : 3
		add_ln319 : 1
		store_ln319 : 2
	State 3
		tmp_2 : 1
	State 4
		tmp : 1
		trunc_ln321 : 1
		tmp_1 : 1
		trunc_ln321_1 : 1
		icmp_ln321 : 2
		icmp_ln321_1 : 2
		or_ln321 : 3
		icmp_ln321_2 : 2
		icmp_ln321_3 : 2
		or_ln321_1 : 3
		and_ln321 : 3
		and_ln321_1 : 3
		br_ln321 : 3
		local_kNearstId_partial_b_load : 1
		store_ln331 : 1
		local_kNearstId_partial_a_load : 1
		store_ln326 : 1
	State 5
		dist_addr : 1
		id_addr : 1
		store_ln329 : 2
		store_ln330 : 2
		store_ln323 : 2
		store_ln324 : 2


============================================================
+ Verbose Summary: Datapath Resource usage 
============================================================

* Functional unit list:
|----------|----------------------|---------|---------|
| Operation|    Functional Unit   |    FF   |   LUT   |
|----------|----------------------|---------|---------|
|          |   add_ln319_fu_200   |    0    |    12   |
|    add   |    idx_b_1_fu_293    |    0    |    39   |
|          |    idx_a_1_fu_303    |    0    |    39   |
|----------|----------------------|---------|---------|
|          |   icmp_ln321_fu_245  |    0    |    11   |
|   icmp   |  icmp_ln321_1_fu_251 |    0    |    16   |
|          |  icmp_ln321_2_fu_263 |    0    |    11   |
|          |  icmp_ln321_3_fu_269 |    0    |    16   |
|----------|----------------------|---------|---------|
|    or    |    or_ln321_fu_257   |    0    |    2    |
|          |   or_ln321_1_fu_275  |    0    |    2    |
|----------|----------------------|---------|---------|
|    and   |   and_ln321_fu_281   |    0    |    2    |
|          |  and_ln321_1_fu_287  |    0    |    2    |
|----------|----------------------|---------|---------|
|   fcmp   |      grp_fu_152      |    0    |    0    |
|----------|----------------------|---------|---------|
| bitselect|     tmp_3_fu_176     |    0    |    0    |
|----------|----------------------|---------|---------|
|          |   zext_ln321_fu_190  |    0    |    0    |
|   zext   |  zext_ln321_1_fu_195 |    0    |    0    |
|          |     i_cast_fu_313    |    0    |    0    |
|----------|----------------------|---------|---------|
|partselect|      tmp_fu_214      |    0    |    0    |
|          |     tmp_1_fu_231     |    0    |    0    |
|----------|----------------------|---------|---------|
|   trunc  |  trunc_ln321_fu_224  |    0    |    0    |
|          | trunc_ln321_1_fu_241 |    0    |    0    |
|----------|----------------------|---------|---------|
|   Total  |                      |    0    |   152   |
|----------|----------------------|---------|---------|

Memories:
N/A

* Register list:
+----------------------------------------+--------+
|                                        |   FF   |
+----------------------------------------+--------+
|           and_ln321_1_reg_392          |    1   |
|               i_2_reg_339              |    5   |
|                i_reg_318               |    5   |
|           idx_a_load_reg_348           |   32   |
|              idx_a_reg_325             |   32   |
|           idx_b_load_reg_353           |   32   |
|              idx_b_reg_332             |   32   |
|local_kNearstDist_partial_a_addr_reg_363|    4   |
|local_kNearstDist_partial_a_load_reg_378|   32   |
|local_kNearstDist_partial_b_addr_reg_373|    4   |
|local_kNearstDist_partial_b_load_reg_385|   32   |
| local_kNearstId_partial_a_addr_reg_401 |    4   |
| local_kNearstId_partial_b_addr_reg_396 |    4   |
|              tmp_3_reg_344             |    1   |
|          zext_ln321_1_reg_368          |   64   |
|           zext_ln321_reg_358           |   64   |
+----------------------------------------+--------+
|                  Total                 |   348  |
+----------------------------------------+--------+

* Multiplexer (MUX) list: 
|-------------------|------|------|------|--------||---------||---------|
|        Comp       |  Pin | Size |  BW  | S x BW ||  Delay  ||   LUT   |
|-------------------|------|------|------|--------||---------||---------|
|  grp_access_fu_79 |  p0  |   2  |   4  |    8   ||    9    |
|  grp_access_fu_92 |  p0  |   2  |   4  |    8   ||    9    |
| grp_access_fu_105 |  p0  |   2  |   4  |    8   ||    9    |
| grp_access_fu_118 |  p0  |   2  |   4  |    8   ||    9    |
| grp_access_fu_138 |  p1  |   2  |  32  |   64   ||    9    |
| grp_access_fu_144 |  p1  |   2  |  32  |   64   ||    9    |
|     grp_fu_152    |  p0  |   2  |  32  |   64   ||    9    |
|     grp_fu_152    |  p1  |   2  |  32  |   64   ||    9    |
|-------------------|------|------|------|--------||---------||---------|
|       Total       |      |      |      |   288  ||  3.096  ||    72   |
|-------------------|------|------|------|--------||---------||---------|



* Summary:
+-----------+--------+--------+--------+
|           |  Delay |   FF   |   LUT  |
+-----------+--------+--------+--------+
|  Function |    -   |    0   |   152  |
|   Memory  |    -   |    -   |    -   |
|Multiplexer|    3   |    -   |   72   |
|  Register |    -   |   348  |    -   |
+-----------+--------+--------+--------+
|   Total   |    3   |   348  |   224  |
+-----------+--------+--------+--------+
