

================================================================
== Vitis HLS Report for 'merge_dual_all_PEs'
================================================================
* Date:           Wed May 22 14:55:31 2024

* Version:        2022.1 (Build 3526262 on Mon Apr 18 15:47:01 MDT 2022)
* Project:        project
* Solution:       krnl_partialKnn_wrapper_15 (Vivado IP Flow Target)
* Product family: virtexuplus
* Target device:  xcu55c-fsvh2892-2L-e


================================================================
== Performance Estimates
================================================================
+ Timing: 
    * Summary: 
    +--------+---------+----------+------------+
    |  Clock |  Target | Estimated| Uncertainty|
    +--------+---------+----------+------------+
    |ap_clk  |  3.33 ns|  2.348 ns|     0.90 ns|
    +--------+---------+----------+------------+

+ Latency: 
    * Summary: 
    +---------+---------+-----------+-----------+-----+-----+---------+
    |  Latency (cycles) |   Latency (absolute)  |  Interval | Pipeline|
    |   min   |   max   |    min    |    max    | min | max |   Type  |
    +---------+---------+-----------+-----------+-----+-----+---------+
    |       25|       25|  83.250 ns|  83.250 ns|   25|   25|       no|
    +---------+---------+-----------+-----------+-----+-----+---------+

    + Detail: 
        * Instance: 
        N/A

        * Loop: 
        +--------------------+---------+---------+----------+-----------+-----------+------+----------+
        |                    |  Latency (cycles) | Iteration|  Initiation Interval  | Trip |          |
        |      Loop Name     |   min   |   max   |  Latency |  achieved |   target  | Count| Pipelined|
        +--------------------+---------+---------+----------+-----------+-----------+------+----------+
        |- VITIS_LOOP_319_1  |       23|       23|         4|          2|          1|    11|       yes|
        +--------------------+---------+---------+----------+-----------+-----------+------+----------+

============================================================
+ Verbose Summary: Synthesis Manager
============================================================
InlineROM: 1
ExposeGlobal: 0
============================================================
+ Verbose Summary: CDFG Model
============================================================
IsTopModel: 0
ResetActiveHigh: 1
IsCombinational: 0
IsDatapathOnly: 0
HasWiredReturn: 1
HasMFsm: 2
HasVarLatency: 1
IsPipeline: 0
IsRtlPipelined: 0
IsInstanceOverlapped: 0
IsDontTouch: 0
HasImplIP: 0
IsGatedGlobalClock: 0

+ Individual pipeline summary: 
  * Pipeline-0: initiation interval (II) = 2, depth = 5


============================================================
+ Verbose Summary: Schedule
============================================================
* Number of FSM states : 5
* Pipeline : 1
  Pipeline-0 : II = 2, D = 5, States = { 1 2 3 4 5 }
* Dataflow Pipeline: 0

* FSM state transitions: 
1 --> 2 
2 --> 3 
3 --> 4 
4 --> 5 
5 --> 

* FSM state operations: 

State 1 <SV = 0> <Delay = 0.38>
ST_1 : Operation 7 [1/1] (0.00ns)   --->   "%i = alloca i32 1"   --->   Operation 7 'alloca' 'i' <Predicate = true> <Delay = 0.00>
ST_1 : Operation 8 [1/1] (0.00ns)   --->   "%idx_a = alloca i32 1"   --->   Operation 8 'alloca' 'idx_a' <Predicate = true> <Delay = 0.00>
ST_1 : Operation 9 [1/1] (0.00ns)   --->   "%idx_b = alloca i32 1"   --->   Operation 9 'alloca' 'idx_b' <Predicate = true> <Delay = 0.00>
ST_1 : Operation 10 [1/1] (0.00ns)   --->   "%specmemcore_ln0 = specmemcore void @_ssdm_op_SpecMemCore, i32 %id, i64 666, i64 19, i64 18446744073709551615"   --->   Operation 10 'specmemcore' 'specmemcore_ln0' <Predicate = true> <Delay = 0.00>
ST_1 : Operation 11 [1/1] (0.00ns)   --->   "%specmemcore_ln0 = specmemcore void @_ssdm_op_SpecMemCore, i32 %local_kNearstId_partial_a, i64 666, i64 19, i64 18446744073709551615"   --->   Operation 11 'specmemcore' 'specmemcore_ln0' <Predicate = true> <Delay = 0.00>
ST_1 : Operation 12 [1/1] (0.00ns)   --->   "%specmemcore_ln0 = specmemcore void @_ssdm_op_SpecMemCore, i32 %local_kNearstId_partial_b, i64 666, i64 19, i64 18446744073709551615"   --->   Operation 12 'specmemcore' 'specmemcore_ln0' <Predicate = true> <Delay = 0.00>
ST_1 : Operation 13 [1/1] (0.00ns)   --->   "%specmemcore_ln0 = specmemcore void @_ssdm_op_SpecMemCore, i32 %dist, i64 666, i64 19, i64 18446744073709551615"   --->   Operation 13 'specmemcore' 'specmemcore_ln0' <Predicate = true> <Delay = 0.00>
ST_1 : Operation 14 [1/1] (0.00ns)   --->   "%specmemcore_ln0 = specmemcore void @_ssdm_op_SpecMemCore, i32 %local_kNearstDist_partial_a, i64 666, i64 19, i64 18446744073709551615"   --->   Operation 14 'specmemcore' 'specmemcore_ln0' <Predicate = true> <Delay = 0.00>
ST_1 : Operation 15 [1/1] (0.00ns)   --->   "%specmemcore_ln0 = specmemcore void @_ssdm_op_SpecMemCore, i32 %local_kNearstDist_partial_b, i64 666, i64 19, i64 18446744073709551615"   --->   Operation 15 'specmemcore' 'specmemcore_ln0' <Predicate = true> <Delay = 0.00>
ST_1 : Operation 16 [1/1] (0.38ns)   --->   "%store_ln319 = store i32 10, i32 %idx_b" [/home/nehaprakriya/Documents/tapa/regression/knn/src/run_split_check/cpp/krnl_partialKnn_wrapper_15.cpp:319]   --->   Operation 16 'store' 'store_ln319' <Predicate = true> <Delay = 0.38>
ST_1 : Operation 17 [1/1] (0.38ns)   --->   "%store_ln319 = store i32 10, i32 %idx_a" [/home/nehaprakriya/Documents/tapa/regression/knn/src/run_split_check/cpp/krnl_partialKnn_wrapper_15.cpp:319]   --->   Operation 17 'store' 'store_ln319' <Predicate = true> <Delay = 0.38>
ST_1 : Operation 18 [1/1] (0.38ns)   --->   "%store_ln319 = store i5 10, i5 %i" [/home/nehaprakriya/Documents/tapa/regression/knn/src/run_split_check/cpp/krnl_partialKnn_wrapper_15.cpp:319]   --->   Operation 18 'store' 'store_ln319' <Predicate = true> <Delay = 0.38>
ST_1 : Operation 19 [1/1] (0.00ns)   --->   "%br_ln319 = br void %for.body.i" [/home/nehaprakriya/Documents/tapa/regression/knn/src/run_split_check/cpp/krnl_partialKnn_wrapper_15.cpp:319]   --->   Operation 19 'br' 'br_ln319' <Predicate = true> <Delay = 0.00>

State 2 <SV = 1> <Delay = 1.09>
ST_2 : Operation 20 [1/1] (0.00ns)   --->   "%i_2 = load i5 %i" [/home/nehaprakriya/Documents/tapa/regression/knn/src/run_split_check/cpp/krnl_partialKnn_wrapper_15.cpp:319]   --->   Operation 20 'load' 'i_2' <Predicate = true> <Delay = 0.00>
ST_2 : Operation 21 [1/1] (0.00ns)   --->   "%specpipeline_ln0 = specpipeline void @_ssdm_op_SpecPipeline, i32 4294967295, i32 0, i32 1, i32 0, void @p_str"   --->   Operation 21 'specpipeline' 'specpipeline_ln0' <Predicate = true> <Delay = 0.00>
ST_2 : Operation 22 [1/1] (0.00ns)   --->   "%tmp_3 = bitselect i1 @_ssdm_op_BitSelect.i1.i5.i32, i5 %i_2, i32 4" [/home/nehaprakriya/Documents/tapa/regression/knn/src/run_split_check/cpp/krnl_partialKnn_wrapper_15.cpp:319]   --->   Operation 22 'bitselect' 'tmp_3' <Predicate = true> <Delay = 0.00>
ST_2 : Operation 23 [1/1] (0.00ns)   --->   "%empty = speclooptripcount i32 @_ssdm_op_SpecLoopTripCount, i64 11, i64 11, i64 11"   --->   Operation 23 'speclooptripcount' 'empty' <Predicate = true> <Delay = 0.00>
ST_2 : Operation 24 [1/1] (0.00ns)   --->   "%br_ln319 = br i1 %tmp_3, void %for.body.i.split, void %_Z10merge_dualPfS_PiS0_S_S0_.exit" [/home/nehaprakriya/Documents/tapa/regression/knn/src/run_split_check/cpp/krnl_partialKnn_wrapper_15.cpp:319]   --->   Operation 24 'br' 'br_ln319' <Predicate = true> <Delay = 0.00>
ST_2 : Operation 25 [1/1] (0.00ns)   --->   "%idx_a_load = load i32 %idx_a" [/home/nehaprakriya/Documents/tapa/regression/knn/src/run_split_check/cpp/krnl_partialKnn_wrapper_15.cpp:321]   --->   Operation 25 'load' 'idx_a_load' <Predicate = (!tmp_3)> <Delay = 0.00>
ST_2 : Operation 26 [1/1] (0.00ns)   --->   "%idx_b_load = load i32 %idx_b" [/home/nehaprakriya/Documents/tapa/regression/knn/src/run_split_check/cpp/krnl_partialKnn_wrapper_15.cpp:321]   --->   Operation 26 'load' 'idx_b_load' <Predicate = (!tmp_3)> <Delay = 0.00>
ST_2 : Operation 27 [1/1] (0.00ns)   --->   "%zext_ln321 = zext i32 %idx_a_load" [/home/nehaprakriya/Documents/tapa/regression/knn/src/run_split_check/cpp/krnl_partialKnn_wrapper_15.cpp:321]   --->   Operation 27 'zext' 'zext_ln321' <Predicate = (!tmp_3)> <Delay = 0.00>
ST_2 : Operation 28 [1/1] (0.00ns)   --->   "%local_kNearstDist_partial_a_addr = getelementptr i32 %local_kNearstDist_partial_a, i64 0, i64 %zext_ln321" [/home/nehaprakriya/Documents/tapa/regression/knn/src/run_split_check/cpp/krnl_partialKnn_wrapper_15.cpp:321]   --->   Operation 28 'getelementptr' 'local_kNearstDist_partial_a_addr' <Predicate = (!tmp_3)> <Delay = 0.00>
ST_2 : Operation 29 [2/2] (0.69ns)   --->   "%local_kNearstDist_partial_a_load = load i4 %local_kNearstDist_partial_a_addr" [/home/nehaprakriya/Documents/tapa/regression/knn/src/run_split_check/cpp/krnl_partialKnn_wrapper_15.cpp:321]   --->   Operation 29 'load' 'local_kNearstDist_partial_a_load' <Predicate = (!tmp_3)> <Delay = 0.69> <CoreInst = "RAM_1P_LUTRAM">   --->   Core 89 'RAM_1P_LUTRAM' <Latency = 1> <II = 1> <Delay = 0.69> <Storage> <Opcode : 'load' 'store'> <Ports = 1> <Width = 32> <Depth = 11> <RAM>
ST_2 : Operation 30 [1/1] (0.00ns)   --->   "%zext_ln321_1 = zext i32 %idx_b_load" [/home/nehaprakriya/Documents/tapa/regression/knn/src/run_split_check/cpp/krnl_partialKnn_wrapper_15.cpp:321]   --->   Operation 30 'zext' 'zext_ln321_1' <Predicate = (!tmp_3)> <Delay = 0.00>
ST_2 : Operation 31 [1/1] (0.00ns)   --->   "%local_kNearstDist_partial_b_addr = getelementptr i32 %local_kNearstDist_partial_b, i64 0, i64 %zext_ln321_1" [/home/nehaprakriya/Documents/tapa/regression/knn/src/run_split_check/cpp/krnl_partialKnn_wrapper_15.cpp:321]   --->   Operation 31 'getelementptr' 'local_kNearstDist_partial_b_addr' <Predicate = (!tmp_3)> <Delay = 0.00>
ST_2 : Operation 32 [2/2] (0.69ns)   --->   "%local_kNearstDist_partial_b_load = load i4 %local_kNearstDist_partial_b_addr" [/home/nehaprakriya/Documents/tapa/regression/knn/src/run_split_check/cpp/krnl_partialKnn_wrapper_15.cpp:321]   --->   Operation 32 'load' 'local_kNearstDist_partial_b_load' <Predicate = (!tmp_3)> <Delay = 0.69> <CoreInst = "RAM_1P_LUTRAM">   --->   Core 89 'RAM_1P_LUTRAM' <Latency = 1> <II = 1> <Delay = 0.69> <Storage> <Opcode : 'load' 'store'> <Ports = 1> <Width = 32> <Depth = 11> <RAM>
ST_2 : Operation 33 [1/1] (0.70ns)   --->   "%add_ln319 = add i5 %i_2, i5 31" [/home/nehaprakriya/Documents/tapa/regression/knn/src/run_split_check/cpp/krnl_partialKnn_wrapper_15.cpp:319]   --->   Operation 33 'add' 'add_ln319' <Predicate = (!tmp_3)> <Delay = 0.70> <CoreInst = "Adder">   --->   Core 1 'Adder' <Latency = 0> <II = 1> <Delay = 0.70> <FuncUnit> <Opcode : 'add' 'sub'> <InPorts = 2> <OutPorts = 1>
ST_2 : Operation 34 [1/1] (0.38ns)   --->   "%store_ln319 = store i5 %add_ln319, i5 %i" [/home/nehaprakriya/Documents/tapa/regression/knn/src/run_split_check/cpp/krnl_partialKnn_wrapper_15.cpp:319]   --->   Operation 34 'store' 'store_ln319' <Predicate = (!tmp_3)> <Delay = 0.38>
ST_2 : Operation 35 [1/1] (0.00ns)   --->   "%br_ln319 = br void %for.body.i" [/home/nehaprakriya/Documents/tapa/regression/knn/src/run_split_check/cpp/krnl_partialKnn_wrapper_15.cpp:319]   --->   Operation 35 'br' 'br_ln319' <Predicate = (!tmp_3)> <Delay = 0.00>

State 3 <SV = 2> <Delay = 2.34>
ST_3 : Operation 36 [1/2] (0.69ns)   --->   "%local_kNearstDist_partial_a_load = load i4 %local_kNearstDist_partial_a_addr" [/home/nehaprakriya/Documents/tapa/regression/knn/src/run_split_check/cpp/krnl_partialKnn_wrapper_15.cpp:321]   --->   Operation 36 'load' 'local_kNearstDist_partial_a_load' <Predicate = (!tmp_3)> <Delay = 0.69> <CoreInst = "RAM_1P_LUTRAM">   --->   Core 89 'RAM_1P_LUTRAM' <Latency = 1> <II = 1> <Delay = 0.69> <Storage> <Opcode : 'load' 'store'> <Ports = 1> <Width = 32> <Depth = 11> <RAM>
ST_3 : Operation 37 [1/2] (0.69ns)   --->   "%local_kNearstDist_partial_b_load = load i4 %local_kNearstDist_partial_b_addr" [/home/nehaprakriya/Documents/tapa/regression/knn/src/run_split_check/cpp/krnl_partialKnn_wrapper_15.cpp:321]   --->   Operation 37 'load' 'local_kNearstDist_partial_b_load' <Predicate = (!tmp_3)> <Delay = 0.69> <CoreInst = "RAM_1P_LUTRAM">   --->   Core 89 'RAM_1P_LUTRAM' <Latency = 1> <II = 1> <Delay = 0.69> <Storage> <Opcode : 'load' 'store'> <Ports = 1> <Width = 32> <Depth = 11> <RAM>
ST_3 : Operation 38 [2/2] (1.64ns)   --->   "%tmp_2 = fcmp_olt  i32 %local_kNearstDist_partial_a_load, i32 %local_kNearstDist_partial_b_load" [/home/nehaprakriya/Documents/tapa/regression/knn/src/run_split_check/cpp/krnl_partialKnn_wrapper_15.cpp:321]   --->   Operation 38 'fcmp' 'tmp_2' <Predicate = (!tmp_3)> <Delay = 1.64> <CoreInst = "FCompare">   --->   Core 19 'FCompare' <Latency = 1> <II = 1> <Delay = 1.64> <FuncUnit> <Opcode : 'fcmp'> <InPorts = 2> <OutPorts = 1>
ST_3 : Operation 75 [1/1] (0.00ns)   --->   "%ret_ln352 = ret" [/home/nehaprakriya/Documents/tapa/regression/knn/src/run_split_check/cpp/krnl_partialKnn_wrapper_15.cpp:352]   --->   Operation 75 'ret' 'ret_ln352' <Predicate = (tmp_3)> <Delay = 0.00>

State 4 <SV = 3> <Delay = 2.15>
ST_4 : Operation 39 [1/1] (0.00ns)   --->   "%bitcast_ln321 = bitcast i32 %local_kNearstDist_partial_a_load" [/home/nehaprakriya/Documents/tapa/regression/knn/src/run_split_check/cpp/krnl_partialKnn_wrapper_15.cpp:321]   --->   Operation 39 'bitcast' 'bitcast_ln321' <Predicate = true> <Delay = 0.00>
ST_4 : Operation 40 [1/1] (0.00ns)   --->   "%tmp = partselect i8 @_ssdm_op_PartSelect.i8.i32.i32.i32, i32 %bitcast_ln321, i32 23, i32 30" [/home/nehaprakriya/Documents/tapa/regression/knn/src/run_split_check/cpp/krnl_partialKnn_wrapper_15.cpp:321]   --->   Operation 40 'partselect' 'tmp' <Predicate = true> <Delay = 0.00>
ST_4 : Operation 41 [1/1] (0.00ns)   --->   "%trunc_ln321 = trunc i32 %bitcast_ln321" [/home/nehaprakriya/Documents/tapa/regression/knn/src/run_split_check/cpp/krnl_partialKnn_wrapper_15.cpp:321]   --->   Operation 41 'trunc' 'trunc_ln321' <Predicate = true> <Delay = 0.00>
ST_4 : Operation 42 [1/1] (0.00ns)   --->   "%bitcast_ln321_1 = bitcast i32 %local_kNearstDist_partial_b_load" [/home/nehaprakriya/Documents/tapa/regression/knn/src/run_split_check/cpp/krnl_partialKnn_wrapper_15.cpp:321]   --->   Operation 42 'bitcast' 'bitcast_ln321_1' <Predicate = true> <Delay = 0.00>
ST_4 : Operation 43 [1/1] (0.00ns)   --->   "%tmp_1 = partselect i8 @_ssdm_op_PartSelect.i8.i32.i32.i32, i32 %bitcast_ln321_1, i32 23, i32 30" [/home/nehaprakriya/Documents/tapa/regression/knn/src/run_split_check/cpp/krnl_partialKnn_wrapper_15.cpp:321]   --->   Operation 43 'partselect' 'tmp_1' <Predicate = true> <Delay = 0.00>
ST_4 : Operation 44 [1/1] (0.00ns)   --->   "%trunc_ln321_1 = trunc i32 %bitcast_ln321_1" [/home/nehaprakriya/Documents/tapa/regression/knn/src/run_split_check/cpp/krnl_partialKnn_wrapper_15.cpp:321]   --->   Operation 44 'trunc' 'trunc_ln321_1' <Predicate = true> <Delay = 0.00>
ST_4 : Operation 45 [1/1] (0.58ns)   --->   "%icmp_ln321 = icmp_ne  i8 %tmp, i8 255" [/home/nehaprakriya/Documents/tapa/regression/knn/src/run_split_check/cpp/krnl_partialKnn_wrapper_15.cpp:321]   --->   Operation 45 'icmp' 'icmp_ln321' <Predicate = true> <Delay = 0.58> <CoreInst = "Cmp">   --->   Core 9 'Cmp' <Latency = 0> <II = 1> <Delay = 0.58> <FuncUnit> <Opcode : 'icmp'> <InPorts = 2> <OutPorts = 1>
ST_4 : Operation 46 [1/1] (0.75ns)   --->   "%icmp_ln321_1 = icmp_eq  i23 %trunc_ln321, i23 0" [/home/nehaprakriya/Documents/tapa/regression/knn/src/run_split_check/cpp/krnl_partialKnn_wrapper_15.cpp:321]   --->   Operation 46 'icmp' 'icmp_ln321_1' <Predicate = true> <Delay = 0.75> <CoreInst = "Cmp">   --->   Core 9 'Cmp' <Latency = 0> <II = 1> <Delay = 0.75> <FuncUnit> <Opcode : 'icmp'> <InPorts = 2> <OutPorts = 1>
ST_4 : Operation 47 [1/1] (0.00ns) (grouped into LUT with out node and_ln321_1)   --->   "%or_ln321 = or i1 %icmp_ln321_1, i1 %icmp_ln321" [/home/nehaprakriya/Documents/tapa/regression/knn/src/run_split_check/cpp/krnl_partialKnn_wrapper_15.cpp:321]   --->   Operation 47 'or' 'or_ln321' <Predicate = true> <Delay = 0.00> <CoreInst = "LogicGate">   --->   Core 74 'LogicGate' <Latency = 0> <II = 1> <Delay = 0.12> <FuncUnit> <Opcode : 'and' 'or' 'xor'> <InPorts = 2> <OutPorts = 1>
ST_4 : Operation 48 [1/1] (0.58ns)   --->   "%icmp_ln321_2 = icmp_ne  i8 %tmp_1, i8 255" [/home/nehaprakriya/Documents/tapa/regression/knn/src/run_split_check/cpp/krnl_partialKnn_wrapper_15.cpp:321]   --->   Operation 48 'icmp' 'icmp_ln321_2' <Predicate = true> <Delay = 0.58> <CoreInst = "Cmp">   --->   Core 9 'Cmp' <Latency = 0> <II = 1> <Delay = 0.58> <FuncUnit> <Opcode : 'icmp'> <InPorts = 2> <OutPorts = 1>
ST_4 : Operation 49 [1/1] (0.75ns)   --->   "%icmp_ln321_3 = icmp_eq  i23 %trunc_ln321_1, i23 0" [/home/nehaprakriya/Documents/tapa/regression/knn/src/run_split_check/cpp/krnl_partialKnn_wrapper_15.cpp:321]   --->   Operation 49 'icmp' 'icmp_ln321_3' <Predicate = true> <Delay = 0.75> <CoreInst = "Cmp">   --->   Core 9 'Cmp' <Latency = 0> <II = 1> <Delay = 0.75> <FuncUnit> <Opcode : 'icmp'> <InPorts = 2> <OutPorts = 1>
ST_4 : Operation 50 [1/1] (0.00ns) (grouped into LUT with out node and_ln321_1)   --->   "%or_ln321_1 = or i1 %icmp_ln321_3, i1 %icmp_ln321_2" [/home/nehaprakriya/Documents/tapa/regression/knn/src/run_split_check/cpp/krnl_partialKnn_wrapper_15.cpp:321]   --->   Operation 50 'or' 'or_ln321_1' <Predicate = true> <Delay = 0.00> <CoreInst = "LogicGate">   --->   Core 74 'LogicGate' <Latency = 0> <II = 1> <Delay = 0.12> <FuncUnit> <Opcode : 'and' 'or' 'xor'> <InPorts = 2> <OutPorts = 1>
ST_4 : Operation 51 [1/2] (1.64ns)   --->   "%tmp_2 = fcmp_olt  i32 %local_kNearstDist_partial_a_load, i32 %local_kNearstDist_partial_b_load" [/home/nehaprakriya/Documents/tapa/regression/knn/src/run_split_check/cpp/krnl_partialKnn_wrapper_15.cpp:321]   --->   Operation 51 'fcmp' 'tmp_2' <Predicate = true> <Delay = 1.64> <CoreInst = "FCompare">   --->   Core 19 'FCompare' <Latency = 1> <II = 1> <Delay = 1.64> <FuncUnit> <Opcode : 'fcmp'> <InPorts = 2> <OutPorts = 1>
ST_4 : Operation 52 [1/1] (0.00ns) (grouped into LUT with out node and_ln321_1)   --->   "%and_ln321 = and i1 %or_ln321, i1 %or_ln321_1" [/home/nehaprakriya/Documents/tapa/regression/knn/src/run_split_check/cpp/krnl_partialKnn_wrapper_15.cpp:321]   --->   Operation 52 'and' 'and_ln321' <Predicate = true> <Delay = 0.00> <CoreInst = "LogicGate">   --->   Core 74 'LogicGate' <Latency = 0> <II = 1> <Delay = 0.12> <FuncUnit> <Opcode : 'and' 'or' 'xor'> <InPorts = 2> <OutPorts = 1>
ST_4 : Operation 53 [1/1] (0.12ns) (out node of the LUT)   --->   "%and_ln321_1 = and i1 %and_ln321, i1 %tmp_2" [/home/nehaprakriya/Documents/tapa/regression/knn/src/run_split_check/cpp/krnl_partialKnn_wrapper_15.cpp:321]   --->   Operation 53 'and' 'and_ln321_1' <Predicate = true> <Delay = 0.12> <CoreInst = "LogicGate">   --->   Core 74 'LogicGate' <Latency = 0> <II = 1> <Delay = 0.12> <FuncUnit> <Opcode : 'and' 'or' 'xor'> <InPorts = 2> <OutPorts = 1>
ST_4 : Operation 54 [1/1] (0.00ns)   --->   "%br_ln321 = br i1 %and_ln321_1, void %if.else.i, void %if.then.i" [/home/nehaprakriya/Documents/tapa/regression/knn/src/run_split_check/cpp/krnl_partialKnn_wrapper_15.cpp:321]   --->   Operation 54 'br' 'br_ln321' <Predicate = true> <Delay = 0.00>
ST_4 : Operation 55 [1/1] (0.00ns)   --->   "%local_kNearstId_partial_b_addr = getelementptr i32 %local_kNearstId_partial_b, i64 0, i64 %zext_ln321_1" [/home/nehaprakriya/Documents/tapa/regression/knn/src/run_split_check/cpp/krnl_partialKnn_wrapper_15.cpp:330]   --->   Operation 55 'getelementptr' 'local_kNearstId_partial_b_addr' <Predicate = (!and_ln321_1)> <Delay = 0.00>
ST_4 : Operation 56 [2/2] (0.69ns)   --->   "%local_kNearstId_partial_b_load = load i4 %local_kNearstId_partial_b_addr" [/home/nehaprakriya/Documents/tapa/regression/knn/src/run_split_check/cpp/krnl_partialKnn_wrapper_15.cpp:330]   --->   Operation 56 'load' 'local_kNearstId_partial_b_load' <Predicate = (!and_ln321_1)> <Delay = 0.69> <CoreInst = "RAM_1P_LUTRAM">   --->   Core 89 'RAM_1P_LUTRAM' <Latency = 1> <II = 1> <Delay = 0.69> <Storage> <Opcode : 'load' 'store'> <Ports = 1> <Width = 32> <Depth = 11> <RAM>
ST_4 : Operation 57 [1/1] (0.88ns)   --->   "%idx_b_1 = add i32 %idx_b_load, i32 4294967295" [/home/nehaprakriya/Documents/tapa/regression/knn/src/run_split_check/cpp/krnl_partialKnn_wrapper_15.cpp:331]   --->   Operation 57 'add' 'idx_b_1' <Predicate = (!and_ln321_1)> <Delay = 0.88> <CoreInst = "Adder">   --->   Core 1 'Adder' <Latency = 0> <II = 1> <Delay = 0.88> <FuncUnit> <Opcode : 'add' 'sub'> <InPorts = 2> <OutPorts = 1>
ST_4 : Operation 58 [1/1] (0.38ns)   --->   "%store_ln331 = store i32 %idx_b_1, i32 %idx_b" [/home/nehaprakriya/Documents/tapa/regression/knn/src/run_split_check/cpp/krnl_partialKnn_wrapper_15.cpp:331]   --->   Operation 58 'store' 'store_ln331' <Predicate = (!and_ln321_1)> <Delay = 0.38>
ST_4 : Operation 59 [1/1] (0.00ns)   --->   "%local_kNearstId_partial_a_addr = getelementptr i32 %local_kNearstId_partial_a, i64 0, i64 %zext_ln321" [/home/nehaprakriya/Documents/tapa/regression/knn/src/run_split_check/cpp/krnl_partialKnn_wrapper_15.cpp:324]   --->   Operation 59 'getelementptr' 'local_kNearstId_partial_a_addr' <Predicate = (and_ln321_1)> <Delay = 0.00>
ST_4 : Operation 60 [2/2] (0.69ns)   --->   "%local_kNearstId_partial_a_load = load i4 %local_kNearstId_partial_a_addr" [/home/nehaprakriya/Documents/tapa/regression/knn/src/run_split_check/cpp/krnl_partialKnn_wrapper_15.cpp:324]   --->   Operation 60 'load' 'local_kNearstId_partial_a_load' <Predicate = (and_ln321_1)> <Delay = 0.69> <CoreInst = "RAM_1P_LUTRAM">   --->   Core 89 'RAM_1P_LUTRAM' <Latency = 1> <II = 1> <Delay = 0.69> <Storage> <Opcode : 'load' 'store'> <Ports = 1> <Width = 32> <Depth = 11> <RAM>
ST_4 : Operation 61 [1/1] (0.88ns)   --->   "%idx_a_1 = add i32 %idx_a_load, i32 4294967295" [/home/nehaprakriya/Documents/tapa/regression/knn/src/run_split_check/cpp/krnl_partialKnn_wrapper_15.cpp:325]   --->   Operation 61 'add' 'idx_a_1' <Predicate = (and_ln321_1)> <Delay = 0.88> <CoreInst = "Adder">   --->   Core 1 'Adder' <Latency = 0> <II = 1> <Delay = 0.88> <FuncUnit> <Opcode : 'add' 'sub'> <InPorts = 2> <OutPorts = 1>
ST_4 : Operation 62 [1/1] (0.38ns)   --->   "%store_ln326 = store i32 %idx_a_1, i32 %idx_a" [/home/nehaprakriya/Documents/tapa/regression/knn/src/run_split_check/cpp/krnl_partialKnn_wrapper_15.cpp:326]   --->   Operation 62 'store' 'store_ln326' <Predicate = (and_ln321_1)> <Delay = 0.38>

State 5 <SV = 4> <Delay = 1.39>
ST_5 : Operation 63 [1/1] (0.00ns)   --->   "%i_cast = zext i5 %i_2" [/home/nehaprakriya/Documents/tapa/regression/knn/src/run_split_check/cpp/krnl_partialKnn_wrapper_15.cpp:319]   --->   Operation 63 'zext' 'i_cast' <Predicate = true> <Delay = 0.00>
ST_5 : Operation 64 [1/1] (0.00ns)   --->   "%specloopname_ln314 = specloopname void @_ssdm_op_SpecLoopName, void @empty_4" [/home/nehaprakriya/Documents/tapa/regression/knn/src/run_split_check/cpp/krnl_partialKnn_wrapper_15.cpp:314]   --->   Operation 64 'specloopname' 'specloopname_ln314' <Predicate = true> <Delay = 0.00>
ST_5 : Operation 65 [1/1] (0.00ns)   --->   "%dist_addr = getelementptr i32 %dist, i64 0, i64 %i_cast" [/home/nehaprakriya/Documents/tapa/regression/knn/src/run_split_check/cpp/krnl_partialKnn_wrapper_15.cpp:323]   --->   Operation 65 'getelementptr' 'dist_addr' <Predicate = true> <Delay = 0.00>
ST_5 : Operation 66 [1/1] (0.00ns)   --->   "%id_addr = getelementptr i32 %id, i64 0, i64 %i_cast" [/home/nehaprakriya/Documents/tapa/regression/knn/src/run_split_check/cpp/krnl_partialKnn_wrapper_15.cpp:324]   --->   Operation 66 'getelementptr' 'id_addr' <Predicate = true> <Delay = 0.00>
ST_5 : Operation 67 [1/1] (0.69ns)   --->   "%store_ln329 = store i32 %local_kNearstDist_partial_b_load, i4 %dist_addr" [/home/nehaprakriya/Documents/tapa/regression/knn/src/run_split_check/cpp/krnl_partialKnn_wrapper_15.cpp:329]   --->   Operation 67 'store' 'store_ln329' <Predicate = (!and_ln321_1)> <Delay = 0.69> <CoreInst = "RAM_1P_LUTRAM">   --->   Core 89 'RAM_1P_LUTRAM' <Latency = 1> <II = 1> <Delay = 0.69> <Storage> <Opcode : 'load' 'store'> <Ports = 1> <Width = 32> <Depth = 11> <RAM>
ST_5 : Operation 68 [1/2] (0.69ns)   --->   "%local_kNearstId_partial_b_load = load i4 %local_kNearstId_partial_b_addr" [/home/nehaprakriya/Documents/tapa/regression/knn/src/run_split_check/cpp/krnl_partialKnn_wrapper_15.cpp:330]   --->   Operation 68 'load' 'local_kNearstId_partial_b_load' <Predicate = (!and_ln321_1)> <Delay = 0.69> <CoreInst = "RAM_1P_LUTRAM">   --->   Core 89 'RAM_1P_LUTRAM' <Latency = 1> <II = 1> <Delay = 0.69> <Storage> <Opcode : 'load' 'store'> <Ports = 1> <Width = 32> <Depth = 11> <RAM>
ST_5 : Operation 69 [1/1] (0.69ns)   --->   "%store_ln330 = store i32 %local_kNearstId_partial_b_load, i4 %id_addr" [/home/nehaprakriya/Documents/tapa/regression/knn/src/run_split_check/cpp/krnl_partialKnn_wrapper_15.cpp:330]   --->   Operation 69 'store' 'store_ln330' <Predicate = (!and_ln321_1)> <Delay = 0.69> <CoreInst = "RAM_1P_LUTRAM">   --->   Core 89 'RAM_1P_LUTRAM' <Latency = 1> <II = 1> <Delay = 0.69> <Storage> <Opcode : 'load' 'store'> <Ports = 1> <Width = 32> <Depth = 11> <RAM>
ST_5 : Operation 70 [1/1] (0.00ns)   --->   "%br_ln0 = br void %for.inc.i"   --->   Operation 70 'br' 'br_ln0' <Predicate = (!and_ln321_1)> <Delay = 0.00>
ST_5 : Operation 71 [1/1] (0.69ns)   --->   "%store_ln323 = store i32 %local_kNearstDist_partial_a_load, i4 %dist_addr" [/home/nehaprakriya/Documents/tapa/regression/knn/src/run_split_check/cpp/krnl_partialKnn_wrapper_15.cpp:323]   --->   Operation 71 'store' 'store_ln323' <Predicate = (and_ln321_1)> <Delay = 0.69> <CoreInst = "RAM_1P_LUTRAM">   --->   Core 89 'RAM_1P_LUTRAM' <Latency = 1> <II = 1> <Delay = 0.69> <Storage> <Opcode : 'load' 'store'> <Ports = 1> <Width = 32> <Depth = 11> <RAM>
ST_5 : Operation 72 [1/2] (0.69ns)   --->   "%local_kNearstId_partial_a_load = load i4 %local_kNearstId_partial_a_addr" [/home/nehaprakriya/Documents/tapa/regression/knn/src/run_split_check/cpp/krnl_partialKnn_wrapper_15.cpp:324]   --->   Operation 72 'load' 'local_kNearstId_partial_a_load' <Predicate = (and_ln321_1)> <Delay = 0.69> <CoreInst = "RAM_1P_LUTRAM">   --->   Core 89 'RAM_1P_LUTRAM' <Latency = 1> <II = 1> <Delay = 0.69> <Storage> <Opcode : 'load' 'store'> <Ports = 1> <Width = 32> <Depth = 11> <RAM>
ST_5 : Operation 73 [1/1] (0.69ns)   --->   "%store_ln324 = store i32 %local_kNearstId_partial_a_load, i4 %id_addr" [/home/nehaprakriya/Documents/tapa/regression/knn/src/run_split_check/cpp/krnl_partialKnn_wrapper_15.cpp:324]   --->   Operation 73 'store' 'store_ln324' <Predicate = (and_ln321_1)> <Delay = 0.69> <CoreInst = "RAM_1P_LUTRAM">   --->   Core 89 'RAM_1P_LUTRAM' <Latency = 1> <II = 1> <Delay = 0.69> <Storage> <Opcode : 'load' 'store'> <Ports = 1> <Width = 32> <Depth = 11> <RAM>
ST_5 : Operation 74 [1/1] (0.00ns)   --->   "%br_ln326 = br void %for.inc.i" [/home/nehaprakriya/Documents/tapa/regression/knn/src/run_split_check/cpp/krnl_partialKnn_wrapper_15.cpp:326]   --->   Operation 74 'br' 'br_ln326' <Predicate = (and_ln321_1)> <Delay = 0.00>


============================================================
+ Verbose Summary: Timing violations
============================================================
Target clock period: 3.33ns, clock uncertainty: 0.899ns.

 <State 1>: 0.387ns
The critical path consists of the following:
	'alloca' operation ('idx_b') [9]  (0 ns)
	'store' operation ('store_ln319', /home/nehaprakriya/Documents/tapa/regression/knn/src/run_split_check/cpp/krnl_partialKnn_wrapper_15.cpp:319) of constant 10 on local variable 'idx_b' [16]  (0.387 ns)

 <State 2>: 1.09ns
The critical path consists of the following:
	'load' operation ('i', /home/nehaprakriya/Documents/tapa/regression/knn/src/run_split_check/cpp/krnl_partialKnn_wrapper_15.cpp:319) on local variable 'i' [21]  (0 ns)
	'add' operation ('add_ln319', /home/nehaprakriya/Documents/tapa/regression/knn/src/run_split_check/cpp/krnl_partialKnn_wrapper_15.cpp:319) [72]  (0.707 ns)
	'store' operation ('store_ln319', /home/nehaprakriya/Documents/tapa/regression/knn/src/run_split_check/cpp/krnl_partialKnn_wrapper_15.cpp:319) of variable 'add_ln319', /home/nehaprakriya/Documents/tapa/regression/knn/src/run_split_check/cpp/krnl_partialKnn_wrapper_15.cpp:319 on local variable 'i' [73]  (0.387 ns)

 <State 3>: 2.35ns
The critical path consists of the following:
	'load' operation ('local_kNearstDist_partial_a_load', /home/nehaprakriya/Documents/tapa/regression/knn/src/run_split_check/cpp/krnl_partialKnn_wrapper_15.cpp:321) on array 'local_kNearstDist_partial_a' [33]  (0.699 ns)
	'fcmp' operation ('tmp_2', /home/nehaprakriya/Documents/tapa/regression/knn/src/run_split_check/cpp/krnl_partialKnn_wrapper_15.cpp:321) [49]  (1.65 ns)

 <State 4>: 2.16ns
The critical path consists of the following:
	'fcmp' operation ('tmp_2', /home/nehaprakriya/Documents/tapa/regression/knn/src/run_split_check/cpp/krnl_partialKnn_wrapper_15.cpp:321) [49]  (1.65 ns)
	'and' operation ('and_ln321_1', /home/nehaprakriya/Documents/tapa/regression/knn/src/run_split_check/cpp/krnl_partialKnn_wrapper_15.cpp:321) [51]  (0.122 ns)
	blocking operation 0.387 ns on control path)

 <State 5>: 1.4ns
The critical path consists of the following:
	'load' operation ('local_kNearstId_partial_b_load', /home/nehaprakriya/Documents/tapa/regression/knn/src/run_split_check/cpp/krnl_partialKnn_wrapper_15.cpp:330) on array 'local_kNearstId_partial_b' [58]  (0.699 ns)
	'store' operation ('store_ln330', /home/nehaprakriya/Documents/tapa/regression/knn/src/run_split_check/cpp/krnl_partialKnn_wrapper_15.cpp:330) of variable 'local_kNearstId_partial_b_load', /home/nehaprakriya/Documents/tapa/regression/knn/src/run_split_check/cpp/krnl_partialKnn_wrapper_15.cpp:330 on array 'id' [59]  (0.699 ns)


============================================================
+ Verbose Summary: Binding
============================================================
N/A
* FSMD analyzer results:
  - Output states:
 - Input state : 
  - Chain level:
	State 1
	State 2
	State 3
	State 4
	State 5


============================================================
+ Verbose Summary: Datapath Resource usage 
============================================================
N/A
