

================================================================
== Vitis HLS Report for 'seq_global_merge_L3'
================================================================
* Date:           Wed May 22 14:54:25 2024

* Version:        2022.1 (Build 3526262 on Mon Apr 18 15:47:01 MDT 2022)
* Project:        project
* Solution:       krnl_globalSort_L3 (Vivado IP Flow Target)
* Product family: virtexuplus
* Target device:  xcu55c-fsvh2892-2L-e


================================================================
== Performance Estimates
================================================================
+ Timing: 
    * Summary: 
    +--------+---------+----------+------------+
    |  Clock |  Target | Estimated| Uncertainty|
    +--------+---------+----------+------------+
    |ap_clk  |  3.33 ns|  2.385 ns|     0.90 ns|
    +--------+---------+----------+------------+

+ Latency: 
    * Summary: 
    +---------+---------+----------+----------+-----+-----+---------+
    |  Latency (cycles) |  Latency (absolute) |  Interval | Pipeline|
    |   min   |   max   |    min   |    max   | min | max |   Type  |
    +---------+---------+----------+----------+-----+-----+---------+
    |       81|       81|  0.270 us|  0.270 us|   81|   81|       no|
    +---------+---------+----------+----------+-----+-----+---------+

    + Detail: 
        * Instance: 
        N/A

        * Loop: 
        +--------------------+---------+---------+----------+-----------+-----------+------+----------+
        |                    |  Latency (cycles) | Iteration|  Initiation Interval  | Trip |          |
        |      Loop Name     |   min   |   max   |  Latency |  achieved |   target  | Count| Pipelined|
        +--------------------+---------+---------+----------+-----------+-----------+------+----------+
        |- VITIS_LOOP_756_2  |       80|       80|         8|          -|          -|    10|        no|
        +--------------------+---------+---------+----------+-----------+-----------+------+----------+

============================================================
+ Verbose Summary: Synthesis Manager
============================================================
InlineROM: 1
ExposeGlobal: 0
============================================================
+ Verbose Summary: CDFG Model
============================================================
IsTopModel: 0
ResetActiveHigh: 1
IsCombinational: 0
IsDatapathOnly: 0
HasWiredReturn: 1
HasMFsm: 0
HasVarLatency: 1
IsPipeline: 0
IsRtlPipelined: 0
IsInstanceOverlapped: 0
IsDontTouch: 0
HasImplIP: 0
IsGatedGlobalClock: 0


============================================================
+ Verbose Summary: Schedule
============================================================
* Number of FSM states : 4
* Pipeline : 0
* Dataflow Pipeline: 0

* FSM state transitions: 
1 --> 2 
2 --> 3 
3 --> 4 
4 --> 2 

* FSM state operations: 

State 1 <SV = 0> <Delay = 0.38>
ST_1 : Operation 5 [1/1] (0.00ns)   --->   "%i = alloca i32 1"   --->   Operation 5 'alloca' 'i' <Predicate = true> <Delay = 0.00>
ST_1 : Operation 6 [1/1] (0.00ns)   --->   "%idx = alloca i32 1"   --->   Operation 6 'alloca' 'idx' <Predicate = true> <Delay = 0.00>
ST_1 : Operation 7 [1/1] (0.00ns)   --->   "%idx_1 = alloca i32 1"   --->   Operation 7 'alloca' 'idx_1' <Predicate = true> <Delay = 0.00>
ST_1 : Operation 8 [1/1] (0.00ns)   --->   "%id_9_060 = alloca i32 1"   --->   Operation 8 'alloca' 'id_9_060' <Predicate = true> <Delay = 0.00>
ST_1 : Operation 9 [1/1] (0.00ns)   --->   "%id_8_061 = alloca i32 1"   --->   Operation 9 'alloca' 'id_8_061' <Predicate = true> <Delay = 0.00>
ST_1 : Operation 10 [1/1] (0.00ns)   --->   "%dist_0_062 = alloca i32 1"   --->   Operation 10 'alloca' 'dist_0_062' <Predicate = true> <Delay = 0.00>
ST_1 : Operation 11 [1/1] (0.00ns)   --->   "%id_7_063 = alloca i32 1"   --->   Operation 11 'alloca' 'id_7_063' <Predicate = true> <Delay = 0.00>
ST_1 : Operation 12 [1/1] (0.00ns)   --->   "%id_6_064 = alloca i32 1"   --->   Operation 12 'alloca' 'id_6_064' <Predicate = true> <Delay = 0.00>
ST_1 : Operation 13 [1/1] (0.00ns)   --->   "%dist_1_065 = alloca i32 1"   --->   Operation 13 'alloca' 'dist_1_065' <Predicate = true> <Delay = 0.00>
ST_1 : Operation 14 [1/1] (0.00ns)   --->   "%id_5_066 = alloca i32 1"   --->   Operation 14 'alloca' 'id_5_066' <Predicate = true> <Delay = 0.00>
ST_1 : Operation 15 [1/1] (0.00ns)   --->   "%id_4_067 = alloca i32 1"   --->   Operation 15 'alloca' 'id_4_067' <Predicate = true> <Delay = 0.00>
ST_1 : Operation 16 [1/1] (0.00ns)   --->   "%dist_2_068 = alloca i32 1"   --->   Operation 16 'alloca' 'dist_2_068' <Predicate = true> <Delay = 0.00>
ST_1 : Operation 17 [1/1] (0.00ns)   --->   "%id_3_069 = alloca i32 1"   --->   Operation 17 'alloca' 'id_3_069' <Predicate = true> <Delay = 0.00>
ST_1 : Operation 18 [1/1] (0.00ns)   --->   "%id_2_070 = alloca i32 1"   --->   Operation 18 'alloca' 'id_2_070' <Predicate = true> <Delay = 0.00>
ST_1 : Operation 19 [1/1] (0.00ns)   --->   "%dist_3_071 = alloca i32 1"   --->   Operation 19 'alloca' 'dist_3_071' <Predicate = true> <Delay = 0.00>
ST_1 : Operation 20 [1/1] (0.00ns)   --->   "%id_1_072 = alloca i32 1"   --->   Operation 20 'alloca' 'id_1_072' <Predicate = true> <Delay = 0.00>
ST_1 : Operation 21 [1/1] (0.00ns)   --->   "%id_0_073 = alloca i32 1"   --->   Operation 21 'alloca' 'id_0_073' <Predicate = true> <Delay = 0.00>
ST_1 : Operation 22 [1/1] (0.00ns)   --->   "%dist_4_074 = alloca i32 1"   --->   Operation 22 'alloca' 'dist_4_074' <Predicate = true> <Delay = 0.00>
ST_1 : Operation 23 [1/1] (0.00ns)   --->   "%dist_9_075 = alloca i32 1"   --->   Operation 23 'alloca' 'dist_9_075' <Predicate = true> <Delay = 0.00>
ST_1 : Operation 24 [1/1] (0.00ns)   --->   "%dist_8_076 = alloca i32 1"   --->   Operation 24 'alloca' 'dist_8_076' <Predicate = true> <Delay = 0.00>
ST_1 : Operation 25 [1/1] (0.00ns)   --->   "%dist_5_077 = alloca i32 1"   --->   Operation 25 'alloca' 'dist_5_077' <Predicate = true> <Delay = 0.00>
ST_1 : Operation 26 [1/1] (0.00ns)   --->   "%dist_7_078 = alloca i32 1"   --->   Operation 26 'alloca' 'dist_7_078' <Predicate = true> <Delay = 0.00>
ST_1 : Operation 27 [1/1] (0.00ns)   --->   "%dist_6_079 = alloca i32 1"   --->   Operation 27 'alloca' 'dist_6_079' <Predicate = true> <Delay = 0.00>
ST_1 : Operation 28 [1/1] (0.00ns)   --->   "%p_read_21 = read i32 @_ssdm_op_Read.ap_auto.i32, i32 %p_read39"   --->   Operation 28 'read' 'p_read_21' <Predicate = true> <Delay = 0.00>
ST_1 : Operation 29 [1/1] (0.00ns)   --->   "%p_read_22 = read i32 @_ssdm_op_Read.ap_auto.i32, i32 %p_read38"   --->   Operation 29 'read' 'p_read_22' <Predicate = true> <Delay = 0.00>
ST_1 : Operation 30 [1/1] (0.00ns)   --->   "%p_read_23 = read i32 @_ssdm_op_Read.ap_auto.i32, i32 %p_read37"   --->   Operation 30 'read' 'p_read_23' <Predicate = true> <Delay = 0.00>
ST_1 : Operation 31 [1/1] (0.00ns)   --->   "%p_read_24 = read i32 @_ssdm_op_Read.ap_auto.i32, i32 %p_read36"   --->   Operation 31 'read' 'p_read_24' <Predicate = true> <Delay = 0.00>
ST_1 : Operation 32 [1/1] (0.00ns)   --->   "%p_read_25 = read i32 @_ssdm_op_Read.ap_auto.i32, i32 %p_read35"   --->   Operation 32 'read' 'p_read_25' <Predicate = true> <Delay = 0.00>
ST_1 : Operation 33 [1/1] (0.00ns)   --->   "%p_read_26 = read i32 @_ssdm_op_Read.ap_auto.i32, i32 %p_read34"   --->   Operation 33 'read' 'p_read_26' <Predicate = true> <Delay = 0.00>
ST_1 : Operation 34 [1/1] (0.00ns)   --->   "%p_read_27 = read i32 @_ssdm_op_Read.ap_auto.i32, i32 %p_read33"   --->   Operation 34 'read' 'p_read_27' <Predicate = true> <Delay = 0.00>
ST_1 : Operation 35 [1/1] (0.00ns)   --->   "%p_read_28 = read i32 @_ssdm_op_Read.ap_auto.i32, i32 %p_read32"   --->   Operation 35 'read' 'p_read_28' <Predicate = true> <Delay = 0.00>
ST_1 : Operation 36 [1/1] (0.00ns)   --->   "%p_read_29 = read i32 @_ssdm_op_Read.ap_auto.i32, i32 %p_read31"   --->   Operation 36 'read' 'p_read_29' <Predicate = true> <Delay = 0.00>
ST_1 : Operation 37 [1/1] (0.00ns)   --->   "%p_read_30 = read i32 @_ssdm_op_Read.ap_auto.i32, i32 %p_read30"   --->   Operation 37 'read' 'p_read_30' <Predicate = true> <Delay = 0.00>
ST_1 : Operation 38 [1/1] (0.00ns)   --->   "%p_read_31 = read i32 @_ssdm_op_Read.ap_auto.i32, i32 %p_read29"   --->   Operation 38 'read' 'p_read_31' <Predicate = true> <Delay = 0.00>
ST_1 : Operation 39 [1/1] (0.00ns)   --->   "%p_read_32 = read i32 @_ssdm_op_Read.ap_auto.i32, i32 %p_read28"   --->   Operation 39 'read' 'p_read_32' <Predicate = true> <Delay = 0.00>
ST_1 : Operation 40 [1/1] (0.00ns)   --->   "%p_read_33 = read i32 @_ssdm_op_Read.ap_auto.i32, i32 %p_read27"   --->   Operation 40 'read' 'p_read_33' <Predicate = true> <Delay = 0.00>
ST_1 : Operation 41 [1/1] (0.00ns)   --->   "%p_read_34 = read i32 @_ssdm_op_Read.ap_auto.i32, i32 %p_read26"   --->   Operation 41 'read' 'p_read_34' <Predicate = true> <Delay = 0.00>
ST_1 : Operation 42 [1/1] (0.00ns)   --->   "%p_read_35 = read i32 @_ssdm_op_Read.ap_auto.i32, i32 %p_read25"   --->   Operation 42 'read' 'p_read_35' <Predicate = true> <Delay = 0.00>
ST_1 : Operation 43 [1/1] (0.00ns)   --->   "%p_read_36 = read i32 @_ssdm_op_Read.ap_auto.i32, i32 %p_read24"   --->   Operation 43 'read' 'p_read_36' <Predicate = true> <Delay = 0.00>
ST_1 : Operation 44 [1/1] (0.00ns)   --->   "%p_read_37 = read i32 @_ssdm_op_Read.ap_auto.i32, i32 %p_read23"   --->   Operation 44 'read' 'p_read_37' <Predicate = true> <Delay = 0.00>
ST_1 : Operation 45 [1/1] (0.00ns)   --->   "%p_read_38 = read i32 @_ssdm_op_Read.ap_auto.i32, i32 %p_read22"   --->   Operation 45 'read' 'p_read_38' <Predicate = true> <Delay = 0.00>
ST_1 : Operation 46 [1/1] (0.00ns)   --->   "%p_read_39 = read i32 @_ssdm_op_Read.ap_auto.i32, i32 %p_read21"   --->   Operation 46 'read' 'p_read_39' <Predicate = true> <Delay = 0.00>
ST_1 : Operation 47 [1/1] (0.00ns)   --->   "%p_read_40 = read i32 @_ssdm_op_Read.ap_auto.i32, i32 %p_read20"   --->   Operation 47 'read' 'p_read_40' <Predicate = true> <Delay = 0.00>
ST_1 : Operation 48 [1/1] (0.00ns)   --->   "%p_read_41 = read i32 @_ssdm_op_Read.ap_auto.float, i32 %p_read19"   --->   Operation 48 'read' 'p_read_41' <Predicate = true> <Delay = 0.00>
ST_1 : Operation 49 [1/1] (0.00ns)   --->   "%p_read_42 = read i32 @_ssdm_op_Read.ap_auto.float, i32 %p_read18"   --->   Operation 49 'read' 'p_read_42' <Predicate = true> <Delay = 0.00>
ST_1 : Operation 50 [1/1] (0.00ns)   --->   "%p_read_43 = read i32 @_ssdm_op_Read.ap_auto.float, i32 %p_read17"   --->   Operation 50 'read' 'p_read_43' <Predicate = true> <Delay = 0.00>
ST_1 : Operation 51 [1/1] (0.00ns)   --->   "%p_read_44 = read i32 @_ssdm_op_Read.ap_auto.float, i32 %p_read16"   --->   Operation 51 'read' 'p_read_44' <Predicate = true> <Delay = 0.00>
ST_1 : Operation 52 [1/1] (0.00ns)   --->   "%p_read_45 = read i32 @_ssdm_op_Read.ap_auto.float, i32 %p_read15"   --->   Operation 52 'read' 'p_read_45' <Predicate = true> <Delay = 0.00>
ST_1 : Operation 53 [1/1] (0.00ns)   --->   "%p_read_46 = read i32 @_ssdm_op_Read.ap_auto.float, i32 %p_read14"   --->   Operation 53 'read' 'p_read_46' <Predicate = true> <Delay = 0.00>
ST_1 : Operation 54 [1/1] (0.00ns)   --->   "%p_read_47 = read i32 @_ssdm_op_Read.ap_auto.float, i32 %p_read13"   --->   Operation 54 'read' 'p_read_47' <Predicate = true> <Delay = 0.00>
ST_1 : Operation 55 [1/1] (0.00ns)   --->   "%p_read_48 = read i32 @_ssdm_op_Read.ap_auto.float, i32 %p_read12"   --->   Operation 55 'read' 'p_read_48' <Predicate = true> <Delay = 0.00>
ST_1 : Operation 56 [1/1] (0.00ns)   --->   "%p_read_49 = read i32 @_ssdm_op_Read.ap_auto.float, i32 %p_read11"   --->   Operation 56 'read' 'p_read_49' <Predicate = true> <Delay = 0.00>
ST_1 : Operation 57 [1/1] (0.00ns)   --->   "%p_read_50 = read i32 @_ssdm_op_Read.ap_auto.float, i32 %p_read10"   --->   Operation 57 'read' 'p_read_50' <Predicate = true> <Delay = 0.00>
ST_1 : Operation 58 [1/1] (0.00ns)   --->   "%p_read949 = read i32 @_ssdm_op_Read.ap_auto.float, i32 %p_read9"   --->   Operation 58 'read' 'p_read949' <Predicate = true> <Delay = 0.00>
ST_1 : Operation 59 [1/1] (0.00ns)   --->   "%p_read848 = read i32 @_ssdm_op_Read.ap_auto.float, i32 %p_read8"   --->   Operation 59 'read' 'p_read848' <Predicate = true> <Delay = 0.00>
ST_1 : Operation 60 [1/1] (0.00ns)   --->   "%p_read747 = read i32 @_ssdm_op_Read.ap_auto.float, i32 %p_read7"   --->   Operation 60 'read' 'p_read747' <Predicate = true> <Delay = 0.00>
ST_1 : Operation 61 [1/1] (0.00ns)   --->   "%p_read646 = read i32 @_ssdm_op_Read.ap_auto.float, i32 %p_read6"   --->   Operation 61 'read' 'p_read646' <Predicate = true> <Delay = 0.00>
ST_1 : Operation 62 [1/1] (0.00ns)   --->   "%p_read545 = read i32 @_ssdm_op_Read.ap_auto.float, i32 %p_read5"   --->   Operation 62 'read' 'p_read545' <Predicate = true> <Delay = 0.00>
ST_1 : Operation 63 [1/1] (0.00ns)   --->   "%p_read444 = read i32 @_ssdm_op_Read.ap_auto.float, i32 %p_read4"   --->   Operation 63 'read' 'p_read444' <Predicate = true> <Delay = 0.00>
ST_1 : Operation 64 [1/1] (0.00ns)   --->   "%p_read343 = read i32 @_ssdm_op_Read.ap_auto.float, i32 %p_read3"   --->   Operation 64 'read' 'p_read343' <Predicate = true> <Delay = 0.00>
ST_1 : Operation 65 [1/1] (0.00ns)   --->   "%p_read242 = read i32 @_ssdm_op_Read.ap_auto.float, i32 %p_read2"   --->   Operation 65 'read' 'p_read242' <Predicate = true> <Delay = 0.00>
ST_1 : Operation 66 [1/1] (0.00ns)   --->   "%p_read141 = read i32 @_ssdm_op_Read.ap_auto.float, i32 %p_read1"   --->   Operation 66 'read' 'p_read141' <Predicate = true> <Delay = 0.00>
ST_1 : Operation 67 [1/1] (0.00ns)   --->   "%p_read_51 = read i32 @_ssdm_op_Read.ap_auto.float, i32 %p_read"   --->   Operation 67 'read' 'p_read_51' <Predicate = true> <Delay = 0.00>
ST_1 : Operation 68 [1/1] (0.00ns)   --->   "%min_value_loc = alloca i64 1"   --->   Operation 68 'alloca' 'min_value_loc' <Predicate = true> <Delay = 0.00>
ST_1 : Operation 69 [1/1] (0.00ns)   --->   "%min_idx_loc = alloca i64 1"   --->   Operation 69 'alloca' 'min_idx_loc' <Predicate = true> <Delay = 0.00>
ST_1 : Operation 70 [1/1] (0.38ns)   --->   "%store_ln756 = store i32 9, i32 %idx_1" [/home/nehaprakriya/Documents/tapa/regression/knn/src/run_split_check/cpp/krnl_globalSort_L3.cpp:756]   --->   Operation 70 'store' 'store_ln756' <Predicate = true> <Delay = 0.38>
ST_1 : Operation 71 [1/1] (0.38ns)   --->   "%store_ln756 = store i32 9, i32 %idx" [/home/nehaprakriya/Documents/tapa/regression/knn/src/run_split_check/cpp/krnl_globalSort_L3.cpp:756]   --->   Operation 71 'store' 'store_ln756' <Predicate = true> <Delay = 0.38>
ST_1 : Operation 72 [1/1] (0.38ns)   --->   "%store_ln756 = store i5 9, i5 %i" [/home/nehaprakriya/Documents/tapa/regression/knn/src/run_split_check/cpp/krnl_globalSort_L3.cpp:756]   --->   Operation 72 'store' 'store_ln756' <Predicate = true> <Delay = 0.38>
ST_1 : Operation 73 [1/1] (0.00ns)   --->   "%br_ln756 = br void %VITIS_LOOP_760_3" [/home/nehaprakriya/Documents/tapa/regression/knn/src/run_split_check/cpp/krnl_globalSort_L3.cpp:756]   --->   Operation 73 'br' 'br_ln756' <Predicate = true> <Delay = 0.00>

State 2 <SV = 1> <Delay = 1.39>
ST_2 : Operation 74 [1/1] (0.00ns)   --->   "%i_1 = load i5 %i" [/home/nehaprakriya/Documents/tapa/regression/knn/src/run_split_check/cpp/krnl_globalSort_L3.cpp:768]   --->   Operation 74 'load' 'i_1' <Predicate = true> <Delay = 0.00>
ST_2 : Operation 75 [1/1] (0.00ns)   --->   "%tmp_3 = bitselect i1 @_ssdm_op_BitSelect.i1.i5.i32, i5 %i_1, i32 4" [/home/nehaprakriya/Documents/tapa/regression/knn/src/run_split_check/cpp/krnl_globalSort_L3.cpp:756]   --->   Operation 75 'bitselect' 'tmp_3' <Predicate = true> <Delay = 0.00>
ST_2 : Operation 76 [1/1] (0.00ns)   --->   "%empty = speclooptripcount i32 @_ssdm_op_SpecLoopTripCount, i64 10, i64 10, i64 10"   --->   Operation 76 'speclooptripcount' 'empty' <Predicate = true> <Delay = 0.00>
ST_2 : Operation 77 [1/1] (0.00ns)   --->   "%br_ln756 = br i1 %tmp_3, void %VITIS_LOOP_760_3.split, void %for.end41" [/home/nehaprakriya/Documents/tapa/regression/knn/src/run_split_check/cpp/krnl_globalSort_L3.cpp:756]   --->   Operation 77 'br' 'br_ln756' <Predicate = true> <Delay = 0.00>
ST_2 : Operation 78 [1/1] (0.00ns)   --->   "%idx_load = load i32 %idx"   --->   Operation 78 'load' 'idx_load' <Predicate = (!tmp_3)> <Delay = 0.00>
ST_2 : Operation 79 [1/1] (0.00ns)   --->   "%idx_1_load = load i32 %idx_1"   --->   Operation 79 'load' 'idx_1_load' <Predicate = (!tmp_3)> <Delay = 0.00>
ST_2 : Operation 80 [2/2] (1.39ns)   --->   "%call_ln0 = call void @seq_global_merge_L3_Pipeline_VITIS_LOOP_760_3, i32 %idx_load, i32 %idx_1_load, i32 %p_read_51, i32 %p_read141, i32 %p_read242, i32 %p_read343, i32 %p_read444, i32 %p_read545, i32 %p_read646, i32 %p_read747, i32 %p_read848, i32 %p_read949, i32 %p_read_50, i32 %p_read_49, i32 %p_read_48, i32 %p_read_47, i32 %p_read_46, i32 %p_read_45, i32 %p_read_44, i32 %p_read_43, i32 %p_read_42, i32 %p_read_41, i32 %min_idx_loc, i32 %min_value_loc"   --->   Operation 80 'call' 'call_ln0' <Predicate = (!tmp_3)> <Delay = 1.39> <CoreType = "Generic">   --->   Core 0 '' <Latency = 0> <II = 1> <Delay = 1.00> <Generic> <Opcode : >
ST_2 : Operation 81 [1/1] (0.00ns)   --->   "%id_9_060_load = load i32 %id_9_060" [/home/nehaprakriya/Documents/tapa/regression/knn/src/run_split_check/cpp/krnl_globalSort_L3.cpp:772]   --->   Operation 81 'load' 'id_9_060_load' <Predicate = (tmp_3)> <Delay = 0.00>
ST_2 : Operation 82 [1/1] (0.00ns)   --->   "%id_8_061_load = load i32 %id_8_061" [/home/nehaprakriya/Documents/tapa/regression/knn/src/run_split_check/cpp/krnl_globalSort_L3.cpp:772]   --->   Operation 82 'load' 'id_8_061_load' <Predicate = (tmp_3)> <Delay = 0.00>
ST_2 : Operation 83 [1/1] (0.00ns)   --->   "%dist_0_062_load = load i32 %dist_0_062" [/home/nehaprakriya/Documents/tapa/regression/knn/src/run_split_check/cpp/krnl_globalSort_L3.cpp:772]   --->   Operation 83 'load' 'dist_0_062_load' <Predicate = (tmp_3)> <Delay = 0.00>
ST_2 : Operation 84 [1/1] (0.00ns)   --->   "%id_7_063_load = load i32 %id_7_063" [/home/nehaprakriya/Documents/tapa/regression/knn/src/run_split_check/cpp/krnl_globalSort_L3.cpp:772]   --->   Operation 84 'load' 'id_7_063_load' <Predicate = (tmp_3)> <Delay = 0.00>
ST_2 : Operation 85 [1/1] (0.00ns)   --->   "%id_6_064_load = load i32 %id_6_064" [/home/nehaprakriya/Documents/tapa/regression/knn/src/run_split_check/cpp/krnl_globalSort_L3.cpp:772]   --->   Operation 85 'load' 'id_6_064_load' <Predicate = (tmp_3)> <Delay = 0.00>
ST_2 : Operation 86 [1/1] (0.00ns)   --->   "%dist_1_065_load = load i32 %dist_1_065" [/home/nehaprakriya/Documents/tapa/regression/knn/src/run_split_check/cpp/krnl_globalSort_L3.cpp:772]   --->   Operation 86 'load' 'dist_1_065_load' <Predicate = (tmp_3)> <Delay = 0.00>
ST_2 : Operation 87 [1/1] (0.00ns)   --->   "%id_5_066_load = load i32 %id_5_066" [/home/nehaprakriya/Documents/tapa/regression/knn/src/run_split_check/cpp/krnl_globalSort_L3.cpp:772]   --->   Operation 87 'load' 'id_5_066_load' <Predicate = (tmp_3)> <Delay = 0.00>
ST_2 : Operation 88 [1/1] (0.00ns)   --->   "%id_4_067_load = load i32 %id_4_067" [/home/nehaprakriya/Documents/tapa/regression/knn/src/run_split_check/cpp/krnl_globalSort_L3.cpp:772]   --->   Operation 88 'load' 'id_4_067_load' <Predicate = (tmp_3)> <Delay = 0.00>
ST_2 : Operation 89 [1/1] (0.00ns)   --->   "%dist_2_068_load = load i32 %dist_2_068" [/home/nehaprakriya/Documents/tapa/regression/knn/src/run_split_check/cpp/krnl_globalSort_L3.cpp:772]   --->   Operation 89 'load' 'dist_2_068_load' <Predicate = (tmp_3)> <Delay = 0.00>
ST_2 : Operation 90 [1/1] (0.00ns)   --->   "%id_3_069_load = load i32 %id_3_069" [/home/nehaprakriya/Documents/tapa/regression/knn/src/run_split_check/cpp/krnl_globalSort_L3.cpp:772]   --->   Operation 90 'load' 'id_3_069_load' <Predicate = (tmp_3)> <Delay = 0.00>
ST_2 : Operation 91 [1/1] (0.00ns)   --->   "%id_2_070_load = load i32 %id_2_070" [/home/nehaprakriya/Documents/tapa/regression/knn/src/run_split_check/cpp/krnl_globalSort_L3.cpp:772]   --->   Operation 91 'load' 'id_2_070_load' <Predicate = (tmp_3)> <Delay = 0.00>
ST_2 : Operation 92 [1/1] (0.00ns)   --->   "%dist_3_071_load = load i32 %dist_3_071" [/home/nehaprakriya/Documents/tapa/regression/knn/src/run_split_check/cpp/krnl_globalSort_L3.cpp:772]   --->   Operation 92 'load' 'dist_3_071_load' <Predicate = (tmp_3)> <Delay = 0.00>
ST_2 : Operation 93 [1/1] (0.00ns)   --->   "%id_1_072_load = load i32 %id_1_072" [/home/nehaprakriya/Documents/tapa/regression/knn/src/run_split_check/cpp/krnl_globalSort_L3.cpp:772]   --->   Operation 93 'load' 'id_1_072_load' <Predicate = (tmp_3)> <Delay = 0.00>
ST_2 : Operation 94 [1/1] (0.00ns)   --->   "%id_0_073_load = load i32 %id_0_073" [/home/nehaprakriya/Documents/tapa/regression/knn/src/run_split_check/cpp/krnl_globalSort_L3.cpp:772]   --->   Operation 94 'load' 'id_0_073_load' <Predicate = (tmp_3)> <Delay = 0.00>
ST_2 : Operation 95 [1/1] (0.00ns)   --->   "%dist_4_074_load = load i32 %dist_4_074" [/home/nehaprakriya/Documents/tapa/regression/knn/src/run_split_check/cpp/krnl_globalSort_L3.cpp:772]   --->   Operation 95 'load' 'dist_4_074_load' <Predicate = (tmp_3)> <Delay = 0.00>
ST_2 : Operation 96 [1/1] (0.00ns)   --->   "%dist_9_075_load = load i32 %dist_9_075" [/home/nehaprakriya/Documents/tapa/regression/knn/src/run_split_check/cpp/krnl_globalSort_L3.cpp:772]   --->   Operation 96 'load' 'dist_9_075_load' <Predicate = (tmp_3)> <Delay = 0.00>
ST_2 : Operation 97 [1/1] (0.00ns)   --->   "%dist_8_076_load = load i32 %dist_8_076" [/home/nehaprakriya/Documents/tapa/regression/knn/src/run_split_check/cpp/krnl_globalSort_L3.cpp:772]   --->   Operation 97 'load' 'dist_8_076_load' <Predicate = (tmp_3)> <Delay = 0.00>
ST_2 : Operation 98 [1/1] (0.00ns)   --->   "%dist_5_077_load = load i32 %dist_5_077" [/home/nehaprakriya/Documents/tapa/regression/knn/src/run_split_check/cpp/krnl_globalSort_L3.cpp:772]   --->   Operation 98 'load' 'dist_5_077_load' <Predicate = (tmp_3)> <Delay = 0.00>
ST_2 : Operation 99 [1/1] (0.00ns)   --->   "%dist_7_078_load = load i32 %dist_7_078" [/home/nehaprakriya/Documents/tapa/regression/knn/src/run_split_check/cpp/krnl_globalSort_L3.cpp:772]   --->   Operation 99 'load' 'dist_7_078_load' <Predicate = (tmp_3)> <Delay = 0.00>
ST_2 : Operation 100 [1/1] (0.00ns)   --->   "%dist_6_079_load = load i32 %dist_6_079" [/home/nehaprakriya/Documents/tapa/regression/knn/src/run_split_check/cpp/krnl_globalSort_L3.cpp:772]   --->   Operation 100 'load' 'dist_6_079_load' <Predicate = (tmp_3)> <Delay = 0.00>
ST_2 : Operation 101 [1/1] (0.00ns)   --->   "%mrv = insertvalue i640 <undef>, i32 %dist_0_062_load" [/home/nehaprakriya/Documents/tapa/regression/knn/src/run_split_check/cpp/krnl_globalSort_L3.cpp:772]   --->   Operation 101 'insertvalue' 'mrv' <Predicate = (tmp_3)> <Delay = 0.00>
ST_2 : Operation 102 [1/1] (0.00ns)   --->   "%mrv_1 = insertvalue i640 %mrv, i32 %dist_1_065_load" [/home/nehaprakriya/Documents/tapa/regression/knn/src/run_split_check/cpp/krnl_globalSort_L3.cpp:772]   --->   Operation 102 'insertvalue' 'mrv_1' <Predicate = (tmp_3)> <Delay = 0.00>
ST_2 : Operation 103 [1/1] (0.00ns)   --->   "%mrv_2 = insertvalue i640 %mrv_1, i32 %dist_2_068_load" [/home/nehaprakriya/Documents/tapa/regression/knn/src/run_split_check/cpp/krnl_globalSort_L3.cpp:772]   --->   Operation 103 'insertvalue' 'mrv_2' <Predicate = (tmp_3)> <Delay = 0.00>
ST_2 : Operation 104 [1/1] (0.00ns)   --->   "%mrv_3 = insertvalue i640 %mrv_2, i32 %dist_3_071_load" [/home/nehaprakriya/Documents/tapa/regression/knn/src/run_split_check/cpp/krnl_globalSort_L3.cpp:772]   --->   Operation 104 'insertvalue' 'mrv_3' <Predicate = (tmp_3)> <Delay = 0.00>
ST_2 : Operation 105 [1/1] (0.00ns)   --->   "%mrv_4 = insertvalue i640 %mrv_3, i32 %dist_4_074_load" [/home/nehaprakriya/Documents/tapa/regression/knn/src/run_split_check/cpp/krnl_globalSort_L3.cpp:772]   --->   Operation 105 'insertvalue' 'mrv_4' <Predicate = (tmp_3)> <Delay = 0.00>
ST_2 : Operation 106 [1/1] (0.00ns)   --->   "%mrv_5 = insertvalue i640 %mrv_4, i32 %dist_5_077_load" [/home/nehaprakriya/Documents/tapa/regression/knn/src/run_split_check/cpp/krnl_globalSort_L3.cpp:772]   --->   Operation 106 'insertvalue' 'mrv_5' <Predicate = (tmp_3)> <Delay = 0.00>
ST_2 : Operation 107 [1/1] (0.00ns)   --->   "%mrv_6 = insertvalue i640 %mrv_5, i32 %dist_6_079_load" [/home/nehaprakriya/Documents/tapa/regression/knn/src/run_split_check/cpp/krnl_globalSort_L3.cpp:772]   --->   Operation 107 'insertvalue' 'mrv_6' <Predicate = (tmp_3)> <Delay = 0.00>
ST_2 : Operation 108 [1/1] (0.00ns)   --->   "%mrv_7 = insertvalue i640 %mrv_6, i32 %dist_7_078_load" [/home/nehaprakriya/Documents/tapa/regression/knn/src/run_split_check/cpp/krnl_globalSort_L3.cpp:772]   --->   Operation 108 'insertvalue' 'mrv_7' <Predicate = (tmp_3)> <Delay = 0.00>
ST_2 : Operation 109 [1/1] (0.00ns)   --->   "%mrv_8 = insertvalue i640 %mrv_7, i32 %dist_8_076_load" [/home/nehaprakriya/Documents/tapa/regression/knn/src/run_split_check/cpp/krnl_globalSort_L3.cpp:772]   --->   Operation 109 'insertvalue' 'mrv_8' <Predicate = (tmp_3)> <Delay = 0.00>
ST_2 : Operation 110 [1/1] (0.00ns)   --->   "%mrv_9 = insertvalue i640 %mrv_8, i32 %dist_9_075_load" [/home/nehaprakriya/Documents/tapa/regression/knn/src/run_split_check/cpp/krnl_globalSort_L3.cpp:772]   --->   Operation 110 'insertvalue' 'mrv_9' <Predicate = (tmp_3)> <Delay = 0.00>
ST_2 : Operation 111 [1/1] (0.00ns)   --->   "%mrv_s = insertvalue i640 %mrv_9, i32 %id_0_073_load" [/home/nehaprakriya/Documents/tapa/regression/knn/src/run_split_check/cpp/krnl_globalSort_L3.cpp:772]   --->   Operation 111 'insertvalue' 'mrv_s' <Predicate = (tmp_3)> <Delay = 0.00>
ST_2 : Operation 112 [1/1] (0.00ns)   --->   "%mrv_10 = insertvalue i640 %mrv_s, i32 %id_1_072_load" [/home/nehaprakriya/Documents/tapa/regression/knn/src/run_split_check/cpp/krnl_globalSort_L3.cpp:772]   --->   Operation 112 'insertvalue' 'mrv_10' <Predicate = (tmp_3)> <Delay = 0.00>
ST_2 : Operation 113 [1/1] (0.00ns)   --->   "%mrv_11 = insertvalue i640 %mrv_10, i32 %id_2_070_load" [/home/nehaprakriya/Documents/tapa/regression/knn/src/run_split_check/cpp/krnl_globalSort_L3.cpp:772]   --->   Operation 113 'insertvalue' 'mrv_11' <Predicate = (tmp_3)> <Delay = 0.00>
ST_2 : Operation 114 [1/1] (0.00ns)   --->   "%mrv_12 = insertvalue i640 %mrv_11, i32 %id_3_069_load" [/home/nehaprakriya/Documents/tapa/regression/knn/src/run_split_check/cpp/krnl_globalSort_L3.cpp:772]   --->   Operation 114 'insertvalue' 'mrv_12' <Predicate = (tmp_3)> <Delay = 0.00>
ST_2 : Operation 115 [1/1] (0.00ns)   --->   "%mrv_13 = insertvalue i640 %mrv_12, i32 %id_4_067_load" [/home/nehaprakriya/Documents/tapa/regression/knn/src/run_split_check/cpp/krnl_globalSort_L3.cpp:772]   --->   Operation 115 'insertvalue' 'mrv_13' <Predicate = (tmp_3)> <Delay = 0.00>
ST_2 : Operation 116 [1/1] (0.00ns)   --->   "%mrv_14 = insertvalue i640 %mrv_13, i32 %id_5_066_load" [/home/nehaprakriya/Documents/tapa/regression/knn/src/run_split_check/cpp/krnl_globalSort_L3.cpp:772]   --->   Operation 116 'insertvalue' 'mrv_14' <Predicate = (tmp_3)> <Delay = 0.00>
ST_2 : Operation 117 [1/1] (0.00ns)   --->   "%mrv_15 = insertvalue i640 %mrv_14, i32 %id_6_064_load" [/home/nehaprakriya/Documents/tapa/regression/knn/src/run_split_check/cpp/krnl_globalSort_L3.cpp:772]   --->   Operation 117 'insertvalue' 'mrv_15' <Predicate = (tmp_3)> <Delay = 0.00>
ST_2 : Operation 118 [1/1] (0.00ns)   --->   "%mrv_16 = insertvalue i640 %mrv_15, i32 %id_7_063_load" [/home/nehaprakriya/Documents/tapa/regression/knn/src/run_split_check/cpp/krnl_globalSort_L3.cpp:772]   --->   Operation 118 'insertvalue' 'mrv_16' <Predicate = (tmp_3)> <Delay = 0.00>
ST_2 : Operation 119 [1/1] (0.00ns)   --->   "%mrv_17 = insertvalue i640 %mrv_16, i32 %id_8_061_load" [/home/nehaprakriya/Documents/tapa/regression/knn/src/run_split_check/cpp/krnl_globalSort_L3.cpp:772]   --->   Operation 119 'insertvalue' 'mrv_17' <Predicate = (tmp_3)> <Delay = 0.00>
ST_2 : Operation 120 [1/1] (0.00ns)   --->   "%mrv_18 = insertvalue i640 %mrv_17, i32 %id_9_060_load" [/home/nehaprakriya/Documents/tapa/regression/knn/src/run_split_check/cpp/krnl_globalSort_L3.cpp:772]   --->   Operation 120 'insertvalue' 'mrv_18' <Predicate = (tmp_3)> <Delay = 0.00>
ST_2 : Operation 121 [1/1] (0.00ns)   --->   "%ret_ln772 = ret i640 %mrv_18" [/home/nehaprakriya/Documents/tapa/regression/knn/src/run_split_check/cpp/krnl_globalSort_L3.cpp:772]   --->   Operation 121 'ret' 'ret_ln772' <Predicate = (tmp_3)> <Delay = 0.00>

State 3 <SV = 2> <Delay = 0.00>
ST_3 : Operation 122 [1/2] (0.00ns)   --->   "%call_ln0 = call void @seq_global_merge_L3_Pipeline_VITIS_LOOP_760_3, i32 %idx_load, i32 %idx_1_load, i32 %p_read_51, i32 %p_read141, i32 %p_read242, i32 %p_read343, i32 %p_read444, i32 %p_read545, i32 %p_read646, i32 %p_read747, i32 %p_read848, i32 %p_read949, i32 %p_read_50, i32 %p_read_49, i32 %p_read_48, i32 %p_read_47, i32 %p_read_46, i32 %p_read_45, i32 %p_read_44, i32 %p_read_43, i32 %p_read_42, i32 %p_read_41, i32 %min_idx_loc, i32 %min_value_loc"   --->   Operation 122 'call' 'call_ln0' <Predicate = true> <Delay = 0.00> <CoreType = "Generic">   --->   Core 0 '' <Latency = 0> <II = 1> <Delay = 1.00> <Generic> <Opcode : >

State 4 <SV = 3> <Delay = 1.88>
ST_4 : Operation 123 [1/1] (0.00ns)   --->   "%specloopname_ln749 = specloopname void @_ssdm_op_SpecLoopName, void @empty_6" [/home/nehaprakriya/Documents/tapa/regression/knn/src/run_split_check/cpp/krnl_globalSort_L3.cpp:749]   --->   Operation 123 'specloopname' 'specloopname_ln749' <Predicate = true> <Delay = 0.00>
ST_4 : Operation 124 [1/1] (0.00ns)   --->   "%min_idx_loc_load = load i32 %min_idx_loc"   --->   Operation 124 'load' 'min_idx_loc_load' <Predicate = true> <Delay = 0.00>
ST_4 : Operation 125 [1/1] (0.00ns)   --->   "%min_value_loc_load = load i32 %min_value_loc"   --->   Operation 125 'load' 'min_value_loc_load' <Predicate = true> <Delay = 0.00>
ST_4 : Operation 126 [1/1] (0.00ns)   --->   "%trunc_ln768 = trunc i5 %i_1" [/home/nehaprakriya/Documents/tapa/regression/knn/src/run_split_check/cpp/krnl_globalSort_L3.cpp:768]   --->   Operation 126 'trunc' 'trunc_ln768' <Predicate = true> <Delay = 0.00>
ST_4 : Operation 127 [1/1] (0.38ns)   --->   "%tmp = mux i32 @_ssdm_op_Mux.ap_auto.2i32.i32, i32 %idx_load, i32 %idx_1_load, i32 %min_idx_loc_load" [/home/nehaprakriya/Documents/tapa/regression/knn/src/run_split_check/cpp/krnl_globalSort_L3.cpp:769]   --->   Operation 127 'mux' 'tmp' <Predicate = true> <Delay = 0.38> <CoreInst = "Multiplexer">   --->   Core 76 'Multiplexer' <Latency = 0> <II = 1> <Delay = 0.38> <FuncUnit> <Opcode : 'mux'> <InPorts = 2> <OutPorts = 1>
ST_4 : Operation 128 [1/1] (0.61ns)   --->   "%tmp_1 = mux i32 @_ssdm_op_Mux.ap_auto.10i32.i32, i32 %p_read_40, i32 %p_read_39, i32 %p_read_38, i32 %p_read_37, i32 %p_read_36, i32 %p_read_35, i32 %p_read_34, i32 %p_read_33, i32 %p_read_32, i32 %p_read_31, i32 %tmp" [/home/nehaprakriya/Documents/tapa/regression/knn/src/run_split_check/cpp/krnl_globalSort_L3.cpp:769]   --->   Operation 128 'mux' 'tmp_1' <Predicate = true> <Delay = 0.61> <CoreInst = "Multiplexer">   --->   Core 76 'Multiplexer' <Latency = 0> <II = 1> <Delay = 0.61> <FuncUnit> <Opcode : 'mux'> <InPorts = 2> <OutPorts = 1>
ST_4 : Operation 129 [1/1] (0.61ns)   --->   "%tmp_2 = mux i32 @_ssdm_op_Mux.ap_auto.10i32.i32, i32 %p_read_30, i32 %p_read_29, i32 %p_read_28, i32 %p_read_27, i32 %p_read_26, i32 %p_read_25, i32 %p_read_24, i32 %p_read_23, i32 %p_read_22, i32 %p_read_21, i32 %tmp" [/home/nehaprakriya/Documents/tapa/regression/knn/src/run_split_check/cpp/krnl_globalSort_L3.cpp:769]   --->   Operation 129 'mux' 'tmp_2' <Predicate = true> <Delay = 0.61> <CoreInst = "Multiplexer">   --->   Core 76 'Multiplexer' <Latency = 0> <II = 1> <Delay = 0.61> <FuncUnit> <Opcode : 'mux'> <InPorts = 2> <OutPorts = 1>
ST_4 : Operation 130 [1/1] (0.38ns)   --->   "%id_0 = mux i32 @_ssdm_op_Mux.ap_auto.2i32.i32, i32 %tmp_1, i32 %tmp_2, i32 %min_idx_loc_load" [/home/nehaprakriya/Documents/tapa/regression/knn/src/run_split_check/cpp/krnl_globalSort_L3.cpp:769]   --->   Operation 130 'mux' 'id_0' <Predicate = true> <Delay = 0.38> <CoreInst = "Multiplexer">   --->   Core 76 'Multiplexer' <Latency = 0> <II = 1> <Delay = 0.38> <FuncUnit> <Opcode : 'mux'> <InPorts = 2> <OutPorts = 1>
ST_4 : Operation 131 [1/1] (0.34ns)   --->   "%switch_ln768 = switch i4 %trunc_ln768, void %arrayidx354.case.9, i4 0, void %VITIS_LOOP_760_3.split.arrayidx354.exit_crit_edge, i4 1, void %arrayidx354.case.1, i4 2, void %arrayidx354.case.2, i4 3, void %arrayidx354.case.3, i4 4, void %arrayidx354.case.4, i4 5, void %arrayidx354.case.5, i4 6, void %arrayidx354.case.6, i4 7, void %arrayidx354.case.7, i4 8, void %arrayidx354.case.8" [/home/nehaprakriya/Documents/tapa/regression/knn/src/run_split_check/cpp/krnl_globalSort_L3.cpp:768]   --->   Operation 131 'switch' 'switch_ln768' <Predicate = true> <Delay = 0.34>
ST_4 : Operation 132 [1/1] (0.00ns)   --->   "%store_ln769 = store i32 %min_value_loc_load, i32 %dist_8_076" [/home/nehaprakriya/Documents/tapa/regression/knn/src/run_split_check/cpp/krnl_globalSort_L3.cpp:769]   --->   Operation 132 'store' 'store_ln769' <Predicate = (trunc_ln768 == 8)> <Delay = 0.00>
ST_4 : Operation 133 [1/1] (0.00ns)   --->   "%store_ln769 = store i32 %id_0, i32 %id_8_061" [/home/nehaprakriya/Documents/tapa/regression/knn/src/run_split_check/cpp/krnl_globalSort_L3.cpp:769]   --->   Operation 133 'store' 'store_ln769' <Predicate = (trunc_ln768 == 8)> <Delay = 0.00>
ST_4 : Operation 134 [1/1] (0.00ns)   --->   "%br_ln769 = br void %arrayidx354.exit" [/home/nehaprakriya/Documents/tapa/regression/knn/src/run_split_check/cpp/krnl_globalSort_L3.cpp:769]   --->   Operation 134 'br' 'br_ln769' <Predicate = (trunc_ln768 == 8)> <Delay = 0.00>
ST_4 : Operation 135 [1/1] (0.00ns)   --->   "%store_ln769 = store i32 %min_value_loc_load, i32 %dist_7_078" [/home/nehaprakriya/Documents/tapa/regression/knn/src/run_split_check/cpp/krnl_globalSort_L3.cpp:769]   --->   Operation 135 'store' 'store_ln769' <Predicate = (trunc_ln768 == 7)> <Delay = 0.00>
ST_4 : Operation 136 [1/1] (0.00ns)   --->   "%store_ln769 = store i32 %id_0, i32 %id_7_063" [/home/nehaprakriya/Documents/tapa/regression/knn/src/run_split_check/cpp/krnl_globalSort_L3.cpp:769]   --->   Operation 136 'store' 'store_ln769' <Predicate = (trunc_ln768 == 7)> <Delay = 0.00>
ST_4 : Operation 137 [1/1] (0.00ns)   --->   "%br_ln769 = br void %arrayidx354.exit" [/home/nehaprakriya/Documents/tapa/regression/knn/src/run_split_check/cpp/krnl_globalSort_L3.cpp:769]   --->   Operation 137 'br' 'br_ln769' <Predicate = (trunc_ln768 == 7)> <Delay = 0.00>
ST_4 : Operation 138 [1/1] (0.00ns)   --->   "%store_ln769 = store i32 %min_value_loc_load, i32 %dist_6_079" [/home/nehaprakriya/Documents/tapa/regression/knn/src/run_split_check/cpp/krnl_globalSort_L3.cpp:769]   --->   Operation 138 'store' 'store_ln769' <Predicate = (trunc_ln768 == 6)> <Delay = 0.00>
ST_4 : Operation 139 [1/1] (0.00ns)   --->   "%store_ln769 = store i32 %id_0, i32 %id_6_064" [/home/nehaprakriya/Documents/tapa/regression/knn/src/run_split_check/cpp/krnl_globalSort_L3.cpp:769]   --->   Operation 139 'store' 'store_ln769' <Predicate = (trunc_ln768 == 6)> <Delay = 0.00>
ST_4 : Operation 140 [1/1] (0.00ns)   --->   "%br_ln769 = br void %arrayidx354.exit" [/home/nehaprakriya/Documents/tapa/regression/knn/src/run_split_check/cpp/krnl_globalSort_L3.cpp:769]   --->   Operation 140 'br' 'br_ln769' <Predicate = (trunc_ln768 == 6)> <Delay = 0.00>
ST_4 : Operation 141 [1/1] (0.00ns)   --->   "%store_ln769 = store i32 %min_value_loc_load, i32 %dist_5_077" [/home/nehaprakriya/Documents/tapa/regression/knn/src/run_split_check/cpp/krnl_globalSort_L3.cpp:769]   --->   Operation 141 'store' 'store_ln769' <Predicate = (trunc_ln768 == 5)> <Delay = 0.00>
ST_4 : Operation 142 [1/1] (0.00ns)   --->   "%store_ln769 = store i32 %id_0, i32 %id_5_066" [/home/nehaprakriya/Documents/tapa/regression/knn/src/run_split_check/cpp/krnl_globalSort_L3.cpp:769]   --->   Operation 142 'store' 'store_ln769' <Predicate = (trunc_ln768 == 5)> <Delay = 0.00>
ST_4 : Operation 143 [1/1] (0.00ns)   --->   "%br_ln769 = br void %arrayidx354.exit" [/home/nehaprakriya/Documents/tapa/regression/knn/src/run_split_check/cpp/krnl_globalSort_L3.cpp:769]   --->   Operation 143 'br' 'br_ln769' <Predicate = (trunc_ln768 == 5)> <Delay = 0.00>
ST_4 : Operation 144 [1/1] (0.00ns)   --->   "%store_ln769 = store i32 %min_value_loc_load, i32 %dist_4_074" [/home/nehaprakriya/Documents/tapa/regression/knn/src/run_split_check/cpp/krnl_globalSort_L3.cpp:769]   --->   Operation 144 'store' 'store_ln769' <Predicate = (trunc_ln768 == 4)> <Delay = 0.00>
ST_4 : Operation 145 [1/1] (0.00ns)   --->   "%store_ln769 = store i32 %id_0, i32 %id_4_067" [/home/nehaprakriya/Documents/tapa/regression/knn/src/run_split_check/cpp/krnl_globalSort_L3.cpp:769]   --->   Operation 145 'store' 'store_ln769' <Predicate = (trunc_ln768 == 4)> <Delay = 0.00>
ST_4 : Operation 146 [1/1] (0.00ns)   --->   "%br_ln769 = br void %arrayidx354.exit" [/home/nehaprakriya/Documents/tapa/regression/knn/src/run_split_check/cpp/krnl_globalSort_L3.cpp:769]   --->   Operation 146 'br' 'br_ln769' <Predicate = (trunc_ln768 == 4)> <Delay = 0.00>
ST_4 : Operation 147 [1/1] (0.00ns)   --->   "%store_ln769 = store i32 %min_value_loc_load, i32 %dist_3_071" [/home/nehaprakriya/Documents/tapa/regression/knn/src/run_split_check/cpp/krnl_globalSort_L3.cpp:769]   --->   Operation 147 'store' 'store_ln769' <Predicate = (trunc_ln768 == 3)> <Delay = 0.00>
ST_4 : Operation 148 [1/1] (0.00ns)   --->   "%store_ln769 = store i32 %id_0, i32 %id_3_069" [/home/nehaprakriya/Documents/tapa/regression/knn/src/run_split_check/cpp/krnl_globalSort_L3.cpp:769]   --->   Operation 148 'store' 'store_ln769' <Predicate = (trunc_ln768 == 3)> <Delay = 0.00>
ST_4 : Operation 149 [1/1] (0.00ns)   --->   "%br_ln769 = br void %arrayidx354.exit" [/home/nehaprakriya/Documents/tapa/regression/knn/src/run_split_check/cpp/krnl_globalSort_L3.cpp:769]   --->   Operation 149 'br' 'br_ln769' <Predicate = (trunc_ln768 == 3)> <Delay = 0.00>
ST_4 : Operation 150 [1/1] (0.00ns)   --->   "%store_ln769 = store i32 %id_0, i32 %id_2_070" [/home/nehaprakriya/Documents/tapa/regression/knn/src/run_split_check/cpp/krnl_globalSort_L3.cpp:769]   --->   Operation 150 'store' 'store_ln769' <Predicate = (trunc_ln768 == 2)> <Delay = 0.00>
ST_4 : Operation 151 [1/1] (0.00ns)   --->   "%store_ln769 = store i32 %min_value_loc_load, i32 %dist_2_068" [/home/nehaprakriya/Documents/tapa/regression/knn/src/run_split_check/cpp/krnl_globalSort_L3.cpp:769]   --->   Operation 151 'store' 'store_ln769' <Predicate = (trunc_ln768 == 2)> <Delay = 0.00>
ST_4 : Operation 152 [1/1] (0.00ns)   --->   "%br_ln769 = br void %arrayidx354.exit" [/home/nehaprakriya/Documents/tapa/regression/knn/src/run_split_check/cpp/krnl_globalSort_L3.cpp:769]   --->   Operation 152 'br' 'br_ln769' <Predicate = (trunc_ln768 == 2)> <Delay = 0.00>
ST_4 : Operation 153 [1/1] (0.00ns)   --->   "%store_ln769 = store i32 %id_0, i32 %id_1_072" [/home/nehaprakriya/Documents/tapa/regression/knn/src/run_split_check/cpp/krnl_globalSort_L3.cpp:769]   --->   Operation 153 'store' 'store_ln769' <Predicate = (trunc_ln768 == 1)> <Delay = 0.00>
ST_4 : Operation 154 [1/1] (0.00ns)   --->   "%store_ln769 = store i32 %min_value_loc_load, i32 %dist_1_065" [/home/nehaprakriya/Documents/tapa/regression/knn/src/run_split_check/cpp/krnl_globalSort_L3.cpp:769]   --->   Operation 154 'store' 'store_ln769' <Predicate = (trunc_ln768 == 1)> <Delay = 0.00>
ST_4 : Operation 155 [1/1] (0.00ns)   --->   "%br_ln769 = br void %arrayidx354.exit" [/home/nehaprakriya/Documents/tapa/regression/knn/src/run_split_check/cpp/krnl_globalSort_L3.cpp:769]   --->   Operation 155 'br' 'br_ln769' <Predicate = (trunc_ln768 == 1)> <Delay = 0.00>
ST_4 : Operation 156 [1/1] (0.00ns)   --->   "%store_ln768 = store i32 %id_0, i32 %id_0_073" [/home/nehaprakriya/Documents/tapa/regression/knn/src/run_split_check/cpp/krnl_globalSort_L3.cpp:768]   --->   Operation 156 'store' 'store_ln768' <Predicate = (trunc_ln768 == 0)> <Delay = 0.00>
ST_4 : Operation 157 [1/1] (0.00ns)   --->   "%store_ln768 = store i32 %min_value_loc_load, i32 %dist_0_062" [/home/nehaprakriya/Documents/tapa/regression/knn/src/run_split_check/cpp/krnl_globalSort_L3.cpp:768]   --->   Operation 157 'store' 'store_ln768' <Predicate = (trunc_ln768 == 0)> <Delay = 0.00>
ST_4 : Operation 158 [1/1] (0.00ns)   --->   "%br_ln768 = br void %arrayidx354.exit" [/home/nehaprakriya/Documents/tapa/regression/knn/src/run_split_check/cpp/krnl_globalSort_L3.cpp:768]   --->   Operation 158 'br' 'br_ln768' <Predicate = (trunc_ln768 == 0)> <Delay = 0.00>
ST_4 : Operation 159 [1/1] (0.00ns)   --->   "%store_ln769 = store i32 %min_value_loc_load, i32 %dist_9_075" [/home/nehaprakriya/Documents/tapa/regression/knn/src/run_split_check/cpp/krnl_globalSort_L3.cpp:769]   --->   Operation 159 'store' 'store_ln769' <Predicate = (trunc_ln768 == 15) | (trunc_ln768 == 14) | (trunc_ln768 == 13) | (trunc_ln768 == 12) | (trunc_ln768 == 11) | (trunc_ln768 == 10) | (trunc_ln768 == 9)> <Delay = 0.00>
ST_4 : Operation 160 [1/1] (0.00ns)   --->   "%store_ln769 = store i32 %id_0, i32 %id_9_060" [/home/nehaprakriya/Documents/tapa/regression/knn/src/run_split_check/cpp/krnl_globalSort_L3.cpp:769]   --->   Operation 160 'store' 'store_ln769' <Predicate = (trunc_ln768 == 15) | (trunc_ln768 == 14) | (trunc_ln768 == 13) | (trunc_ln768 == 12) | (trunc_ln768 == 11) | (trunc_ln768 == 10) | (trunc_ln768 == 9)> <Delay = 0.00>
ST_4 : Operation 161 [1/1] (0.00ns)   --->   "%br_ln769 = br void %arrayidx354.exit" [/home/nehaprakriya/Documents/tapa/regression/knn/src/run_split_check/cpp/krnl_globalSort_L3.cpp:769]   --->   Operation 161 'br' 'br_ln769' <Predicate = (trunc_ln768 == 15) | (trunc_ln768 == 14) | (trunc_ln768 == 13) | (trunc_ln768 == 12) | (trunc_ln768 == 11) | (trunc_ln768 == 10) | (trunc_ln768 == 9)> <Delay = 0.00>
ST_4 : Operation 162 [1/1] (0.00ns)   --->   "%idx_load_1 = load i32 %idx" [/home/nehaprakriya/Documents/tapa/regression/knn/src/run_split_check/cpp/krnl_globalSort_L3.cpp:770]   --->   Operation 162 'load' 'idx_load_1' <Predicate = true> <Delay = 0.00>
ST_4 : Operation 163 [1/1] (0.00ns)   --->   "%idx_1_load_1 = load i32 %idx_1" [/home/nehaprakriya/Documents/tapa/regression/knn/src/run_split_check/cpp/krnl_globalSort_L3.cpp:770]   --->   Operation 163 'load' 'idx_1_load_1' <Predicate = true> <Delay = 0.00>
ST_4 : Operation 164 [1/1] (0.88ns)   --->   "%idx_2 = add i32 %tmp, i32 4294967295" [/home/nehaprakriya/Documents/tapa/regression/knn/src/run_split_check/cpp/krnl_globalSort_L3.cpp:770]   --->   Operation 164 'add' 'idx_2' <Predicate = true> <Delay = 0.88> <CoreInst = "Adder">   --->   Core 1 'Adder' <Latency = 0> <II = 1> <Delay = 0.88> <FuncUnit> <Opcode : 'add' 'sub'> <InPorts = 2> <OutPorts = 1>
ST_4 : Operation 165 [1/1] (0.00ns)   --->   "%trunc_ln770 = trunc i32 %min_idx_loc_load" [/home/nehaprakriya/Documents/tapa/regression/knn/src/run_split_check/cpp/krnl_globalSort_L3.cpp:770]   --->   Operation 165 'trunc' 'trunc_ln770' <Predicate = true> <Delay = 0.00>
ST_4 : Operation 166 [1/1] (0.22ns)   --->   "%idx_3 = select i1 %trunc_ln770, i32 %idx_2, i32 %idx_1_load_1" [/home/nehaprakriya/Documents/tapa/regression/knn/src/run_split_check/cpp/krnl_globalSort_L3.cpp:770]   --->   Operation 166 'select' 'idx_3' <Predicate = true> <Delay = 0.22> <CoreInst = "Sel">   --->   Core 73 'Sel' <Latency = 0> <II = 1> <Delay = 0.22> <FuncUnit> <Opcode : 'select'> <InPorts = 3> <OutPorts = 1>
ST_4 : Operation 167 [1/1] (0.22ns)   --->   "%idx_4 = select i1 %trunc_ln770, i32 %idx_load_1, i32 %idx_2" [/home/nehaprakriya/Documents/tapa/regression/knn/src/run_split_check/cpp/krnl_globalSort_L3.cpp:770]   --->   Operation 167 'select' 'idx_4' <Predicate = true> <Delay = 0.22> <CoreInst = "Sel">   --->   Core 73 'Sel' <Latency = 0> <II = 1> <Delay = 0.22> <FuncUnit> <Opcode : 'select'> <InPorts = 3> <OutPorts = 1>
ST_4 : Operation 168 [1/1] (0.70ns)   --->   "%add_ln756 = add i5 %i_1, i5 31" [/home/nehaprakriya/Documents/tapa/regression/knn/src/run_split_check/cpp/krnl_globalSort_L3.cpp:756]   --->   Operation 168 'add' 'add_ln756' <Predicate = true> <Delay = 0.70> <CoreInst = "Adder">   --->   Core 1 'Adder' <Latency = 0> <II = 1> <Delay = 0.70> <FuncUnit> <Opcode : 'add' 'sub'> <InPorts = 2> <OutPorts = 1>
ST_4 : Operation 169 [1/1] (0.38ns)   --->   "%store_ln756 = store i32 %idx_3, i32 %idx_1" [/home/nehaprakriya/Documents/tapa/regression/knn/src/run_split_check/cpp/krnl_globalSort_L3.cpp:756]   --->   Operation 169 'store' 'store_ln756' <Predicate = true> <Delay = 0.38>
ST_4 : Operation 170 [1/1] (0.38ns)   --->   "%store_ln756 = store i32 %idx_4, i32 %idx" [/home/nehaprakriya/Documents/tapa/regression/knn/src/run_split_check/cpp/krnl_globalSort_L3.cpp:756]   --->   Operation 170 'store' 'store_ln756' <Predicate = true> <Delay = 0.38>
ST_4 : Operation 171 [1/1] (0.38ns)   --->   "%store_ln756 = store i5 %add_ln756, i5 %i" [/home/nehaprakriya/Documents/tapa/regression/knn/src/run_split_check/cpp/krnl_globalSort_L3.cpp:756]   --->   Operation 171 'store' 'store_ln756' <Predicate = true> <Delay = 0.38>
ST_4 : Operation 172 [1/1] (0.00ns)   --->   "%br_ln756 = br void %VITIS_LOOP_760_3" [/home/nehaprakriya/Documents/tapa/regression/knn/src/run_split_check/cpp/krnl_globalSort_L3.cpp:756]   --->   Operation 172 'br' 'br_ln756' <Predicate = true> <Delay = 0.00>


============================================================
+ Verbose Summary: Timing violations
============================================================
Target clock period: 3.33ns, clock uncertainty: 0.899ns.

 <State 1>: 0.387ns
The critical path consists of the following:
	'alloca' operation ('idx') [43]  (0 ns)
	'store' operation ('store_ln756', /home/nehaprakriya/Documents/tapa/regression/knn/src/run_split_check/cpp/krnl_globalSort_L3.cpp:756) of constant 9 on local variable 'idx' [106]  (0.387 ns)

 <State 2>: 1.39ns
The critical path consists of the following:
	'load' operation ('idx_load') on local variable 'idx' [116]  (0 ns)
	'call' operation ('call_ln0') to 'seq_global_merge_L3_Pipeline_VITIS_LOOP_760_3' [119]  (1.39 ns)

 <State 3>: 0ns
The critical path consists of the following:

 <State 4>: 1.88ns
The critical path consists of the following:
	'load' operation ('min_idx_loc_load') on local variable 'min_idx_loc' [120]  (0 ns)
	'mux' operation ('tmp', /home/nehaprakriya/Documents/tapa/regression/knn/src/run_split_check/cpp/krnl_globalSort_L3.cpp:769) [123]  (0.387 ns)
	'add' operation ('idx', /home/nehaprakriya/Documents/tapa/regression/knn/src/run_split_check/cpp/krnl_globalSort_L3.cpp:770) [171]  (0.88 ns)
	'select' operation ('idx', /home/nehaprakriya/Documents/tapa/regression/knn/src/run_split_check/cpp/krnl_globalSort_L3.cpp:770) [173]  (0.227 ns)
	'store' operation ('store_ln756', /home/nehaprakriya/Documents/tapa/regression/knn/src/run_split_check/cpp/krnl_globalSort_L3.cpp:756) of variable 'idx', /home/nehaprakriya/Documents/tapa/regression/knn/src/run_split_check/cpp/krnl_globalSort_L3.cpp:770 on local variable 'idx' [176]  (0.387 ns)


============================================================
+ Verbose Summary: Binding
============================================================
N/A
* FSMD analyzer results:
  - Output states:
 - Input state : 
  - Chain level:
	State 1
	State 2
	State 3
	State 4


============================================================
+ Verbose Summary: Datapath Resource usage 
============================================================
N/A
