

================================================================
== Vitis HLS Report for 'para_partial_sort'
================================================================
* Date:           Wed May 22 14:57:27 2024

* Version:        2022.1 (Build 3526262 on Mon Apr 18 15:47:01 MDT 2022)
* Project:        project
* Solution:       krnl_partialKnn_wrapper_4 (Vivado IP Flow Target)
* Product family: virtexuplus
* Target device:  xcu55c-fsvh2892-2L-e


================================================================
== Performance Estimates
================================================================
+ Timing: 
    * Summary: 
    +--------+---------+----------+------------+
    |  Clock |  Target | Estimated| Uncertainty|
    +--------+---------+----------+------------+
    |ap_clk  |  3.33 ns|  2.277 ns|     0.90 ns|
    +--------+---------+----------+------------+

+ Latency: 
    * Summary: 
    +---------+---------+-----------+-----------+-------+-------+---------+
    |  Latency (cycles) |   Latency (absolute)  |    Interval   | Pipeline|
    |   min   |   max   |    min    |    max    |  min  |  max  |   Type  |
    +---------+---------+-----------+-----------+-------+-------+---------+
    |    12350|    12350|  41.125 us|  41.125 us|  12350|  12350|       no|
    +---------+---------+-----------+-----------+-------+-------+---------+

    + Detail: 
        * Instance: 
        +----------------------------------+-----------------------+---------+---------+----------+----------+-----+-----+---------+
        |                                  |                       |  Latency (cycles) |  Latency (absolute) |  Interval | Pipeline|
        |             Instance             |         Module        |   min   |   max   |    min   |    max   | min | max |   Type  |
        +----------------------------------+-----------------------+---------+---------+----------+----------+-----+-----+---------+
        |grp_compare_with_register_fu_360  |compare_with_register  |        2|        2|  6.660 ns|  6.660 ns|    1|    1|      yes|
        |grp_compare_with_register_fu_366  |compare_with_register  |        2|        2|  6.660 ns|  6.660 ns|    1|    1|      yes|
        |grp_compare_with_register_fu_372  |compare_with_register  |        2|        2|  6.660 ns|  6.660 ns|    1|    1|      yes|
        |grp_compare_with_register_fu_378  |compare_with_register  |        2|        2|  6.660 ns|  6.660 ns|    1|    1|      yes|
        |grp_compare_with_register_fu_384  |compare_with_register  |        2|        2|  6.660 ns|  6.660 ns|    1|    1|      yes|
        +----------------------------------+-----------------------+---------+---------+----------+----------+-----+-----+---------+

        * Loop: 
        +--------------------+---------+---------+----------+-----------+-----------+------+----------+
        |                    |  Latency (cycles) | Iteration|  Initiation Interval  | Trip |          |
        |      Loop Name     |   min   |   max   |  Latency |  achieved |   target  | Count| Pipelined|
        +--------------------+---------+---------+----------+-----------+-----------+------+----------+
        |- VITIS_LOOP_193_1  |    12348|    12348|         7|          6|          2|  2058|       yes|
        +--------------------+---------+---------+----------+-----------+-----------+------+----------+



================================================================
== Utilization Estimates
================================================================
* Summary: 
+---------------------+---------+------+---------+---------+-----+
|         Name        | BRAM_18K|  DSP |    FF   |   LUT   | URAM|
+---------------------+---------+------+---------+---------+-----+
|DSP                  |        -|     -|        -|        -|    -|
|Expression           |        -|     -|        0|     1356|    -|
|FIFO                 |        -|     -|        -|        -|    -|
|Instance             |        -|     -|      355|      400|    -|
|Memory               |        -|     -|        -|        -|    -|
|Multiplexer          |        -|     -|        -|      672|    -|
|Register             |        -|     -|     1405|        -|    -|
+---------------------+---------+------+---------+---------+-----+
|Total                |        0|     0|     1760|     2428|    0|
+---------------------+---------+------+---------+---------+-----+
|Available SLR        |     1344|  3008|   869120|   434560|  320|
+---------------------+---------+------+---------+---------+-----+
|Utilization SLR (%)  |        0|     0|       ~0|       ~0|    0|
+---------------------+---------+------+---------+---------+-----+
|Available            |     4032|  9024|  2607360|  1303680|  960|
+---------------------+---------+------+---------+---------+-----+
|Utilization (%)      |        0|     0|       ~0|       ~0|    0|
+---------------------+---------+------+---------+---------+-----+

+ Detail: 
    * Instance: 
    +----------------------------------+-----------------------+---------+----+----+----+-----+
    |             Instance             |         Module        | BRAM_18K| DSP| FF | LUT| URAM|
    +----------------------------------+-----------------------+---------+----+----+----+-----+
    |grp_compare_with_register_fu_360  |compare_with_register  |        0|   0|  71|  76|    0|
    |grp_compare_with_register_fu_366  |compare_with_register  |        0|   0|  71|  76|    0|
    |grp_compare_with_register_fu_372  |compare_with_register  |        0|   0|  71|  76|    0|
    |grp_compare_with_register_fu_378  |compare_with_register  |        0|   0|  71|  76|    0|
    |grp_compare_with_register_fu_384  |compare_with_register  |        0|   0|  71|  76|    0|
    |mux_42_32_1_1_U364                |mux_42_32_1_1          |        0|   0|   0|  20|    0|
    +----------------------------------+-----------------------+---------+----+----+----+-----+
    |Total                             |                       |        0|   0| 355| 400|    0|
    +----------------------------------+-----------------------+---------+----+----+----+-----+

    * DSP: 
    N/A

    * Memory: 
    N/A

    * FIFO: 
    N/A

    * Expression: 
    +---------------------------+----------+----+---+----+------------+------------+
    |       Variable Name       | Operation| DSP| FF| LUT| Bitwidth P0| Bitwidth P1|
    +---------------------------+----------+----+---+----+------------+------------+
    |add_ln193_fu_504_p2        |         +|   0|  0|  19|          12|           1|
    |add_ln229_fu_576_p2        |         +|   0|  0|  39|          32|          32|
    |ap_condition_2004          |       and|   0|  0|   2|           1|           1|
    |ap_condition_2008          |       and|   0|  0|   2|           1|           1|
    |icmp_ln193_fu_498_p2       |      icmp|   0|  0|  12|          12|          12|
    |select_ln215_5_fu_662_p3   |    select|   0|  0|  32|           1|          32|
    |select_ln215_7_fu_766_p3   |    select|   0|  0|  32|           1|          32|
    |select_ln229_10_fu_839_p3  |    select|   0|  0|  32|           1|          32|
    |select_ln229_11_fu_847_p3  |    select|   0|  0|  32|           1|          32|
    |select_ln229_12_fu_855_p3  |    select|   0|  0|  32|           1|          32|
    |select_ln229_13_fu_861_p3  |    select|   0|  0|  32|           1|          32|
    |select_ln229_14_fu_867_p3  |    select|   0|  0|  32|           1|          32|
    |select_ln229_15_fu_875_p3  |    select|   0|  0|  32|           1|          32|
    |select_ln229_16_fu_883_p3  |    select|   0|  0|  32|           1|          32|
    |select_ln229_17_fu_889_p3  |    select|   0|  0|  32|           1|          32|
    |select_ln229_18_fu_895_p3  |    select|   0|  0|  32|           1|          32|
    |select_ln229_19_fu_903_p3  |    select|   0|  0|  32|           1|          32|
    |select_ln229_1_fu_779_p3   |    select|   0|  0|  32|           1|          32|
    |select_ln229_2_fu_786_p3   |    select|   0|  0|  32|           1|          32|
    |select_ln229_3_fu_793_p3   |    select|   0|  0|  32|           1|          32|
    |select_ln229_4_fu_799_p3   |    select|   0|  0|  32|           1|          32|
    |select_ln229_5_fu_805_p3   |    select|   0|  0|  32|           1|          32|
    |select_ln229_6_fu_811_p3   |    select|   0|  0|  32|           1|          32|
    |select_ln229_7_fu_819_p3   |    select|   0|  0|  32|           1|          32|
    |select_ln229_8_fu_827_p3   |    select|   0|  0|  32|           1|          32|
    |select_ln229_9_fu_833_p3   |    select|   0|  0|  32|           1|          32|
    |select_ln229_fu_773_p3     |    select|   0|  0|  32|           1|          32|
    |tmpdist_a_5_fu_606_p3      |    select|   0|  0|  32|           1|          32|
    |tmpdist_a_6_fu_613_p3      |    select|   0|  0|  32|           1|          32|
    |tmpdist_a_7_fu_627_p3      |    select|   0|  0|  32|           1|          32|
    |tmpdist_a_8_fu_641_p3      |    select|   0|  0|  32|           1|          32|
    |tmpdist_a_9_fu_655_p3      |    select|   0|  0|  32|           1|          32|
    |tmpdist_b_6_fu_599_p3      |    select|   0|  0|  32|           1|          32|
    |tmpdist_b_7_fu_620_p3      |    select|   0|  0|  32|           1|          32|
    |tmpdist_b_8_fu_634_p3      |    select|   0|  0|  32|           1|          32|
    |tmpdist_b_9_fu_648_p3      |    select|   0|  0|  32|           1|          32|
    |tmpid_x_5_fu_703_p3        |    select|   0|  0|  32|           1|          32|
    |tmpid_x_6_fu_717_p3        |    select|   0|  0|  32|           1|          32|
    |tmpid_x_7_fu_731_p3        |    select|   0|  0|  32|           1|          32|
    |tmpid_x_8_fu_745_p3        |    select|   0|  0|  32|           1|          32|
    |tmpid_x_9_fu_759_p3        |    select|   0|  0|  32|           1|          32|
    |tmpid_y_5_fu_710_p3        |    select|   0|  0|  32|           1|          32|
    |tmpid_y_6_fu_724_p3        |    select|   0|  0|  32|           1|          32|
    |tmpid_y_7_fu_738_p3        |    select|   0|  0|  32|           1|          32|
    |tmpid_y_8_fu_752_p3        |    select|   0|  0|  32|           1|          32|
    |ap_enable_pp0              |       xor|   0|  0|   2|           1|           2|
    +---------------------------+----------+----+---+----+------------+------------+
    |Total                      |          |   0|  0|1356|          99|        1329|
    +---------------------------+----------+----+---+----+------------+------------+

    * Multiplexer: 
    +---------------------------------------------+----+-----------+-----+-----------+
    |                     Name                    | LUT| Input Size| Bits| Total Bits|
    +---------------------------------------------+----+-----------+-----+-----------+
    |ap_NS_fsm                                    |  37|          7|    1|          7|
    |ap_done_int                                  |   9|          2|    1|          2|
    |ap_enable_reg_pp0_iter0                      |   9|          2|    1|          2|
    |ap_enable_reg_pp0_iter0_reg                  |   9|          2|    1|          2|
    |ap_enable_reg_pp0_iter1                      |   9|          2|    1|          2|
    |ap_sig_allocacmp_local_kNearstDist_0_0_load  |   9|          2|   32|         64|
    |ap_sig_allocacmp_local_kNearstId_0_0_load    |   9|          2|   32|         64|
    |ap_sig_allocacmp_tmpdist_a_1_load            |   9|          2|   32|         64|
    |ap_sig_allocacmp_tmpdist_a_1_load_1          |   9|          2|   32|         64|
    |ap_sig_allocacmp_tmpdist_a_2_load            |   9|          2|   32|         64|
    |ap_sig_allocacmp_tmpdist_a_2_load_1          |   9|          2|   32|         64|
    |ap_sig_allocacmp_tmpdist_a_3_load            |   9|          2|   32|         64|
    |ap_sig_allocacmp_tmpdist_a_3_load_1          |   9|          2|   32|         64|
    |ap_sig_allocacmp_tmpdist_a_4_load            |   9|          2|   32|         64|
    |ap_sig_allocacmp_tmpdist_a_4_load_1          |   9|          2|   32|         64|
    |ap_sig_allocacmp_tmpdist_a_load              |   9|          2|   32|         64|
    |ap_sig_allocacmp_tmpdist_a_load_1            |   9|          2|   32|         64|
    |ap_sig_allocacmp_tmpdist_b_1_load            |   9|          2|   32|         64|
    |ap_sig_allocacmp_tmpdist_b_1_load_1          |   9|          2|   32|         64|
    |ap_sig_allocacmp_tmpdist_b_3_load            |   9|          2|   32|         64|
    |ap_sig_allocacmp_tmpdist_b_3_load_1          |   9|          2|   32|         64|
    |ap_sig_allocacmp_tmpdist_b_4_load            |   9|          2|   32|         64|
    |ap_sig_allocacmp_tmpdist_b_4_load_1          |   9|          2|   32|         64|
    |ap_sig_allocacmp_tmpdist_b_load              |   9|          2|   32|         64|
    |ap_sig_allocacmp_tmpdist_b_load_1            |   9|          2|   32|         64|
    |ap_sig_allocacmp_tmpid_x_1_load              |   9|          2|   32|         64|
    |ap_sig_allocacmp_tmpid_x_2_load              |   9|          2|   32|         64|
    |ap_sig_allocacmp_tmpid_x_3_load              |   9|          2|   32|         64|
    |ap_sig_allocacmp_tmpid_x_4_load              |   9|          2|   32|         64|
    |ap_sig_allocacmp_tmpid_x_load                |   9|          2|   32|         64|
    |ap_sig_allocacmp_tmpid_y_1_load              |   9|          2|   32|         64|
    |ap_sig_allocacmp_tmpid_y_2_load              |   9|          2|   32|         64|
    |ap_sig_allocacmp_tmpid_y_3_load              |   9|          2|   32|         64|
    |ap_sig_allocacmp_tmpid_y_4_load              |   9|          2|   32|         64|
    |ap_sig_allocacmp_tmpid_y_load                |   9|          2|   32|         64|
    |grp_compare_with_register_fu_360_in_1        |  14|          3|   32|         96|
    |grp_compare_with_register_fu_360_in_2        |  14|          3|   32|         96|
    |grp_compare_with_register_fu_366_in_1        |  14|          3|   32|         96|
    |grp_compare_with_register_fu_366_in_2        |  14|          3|   32|         96|
    |grp_compare_with_register_fu_372_in_1        |  14|          3|   32|         96|
    |grp_compare_with_register_fu_372_in_2        |  14|          3|   32|         96|
    |grp_compare_with_register_fu_378_in_1        |  14|          3|   32|         96|
    |grp_compare_with_register_fu_378_in_2        |  14|          3|   32|         96|
    |grp_compare_with_register_fu_384_in_1        |  14|          3|   32|         96|
    |grp_compare_with_register_fu_384_in_2        |  14|          3|   32|         96|
    |i_fu_98                                      |   9|          2|   12|         24|
    |tmpdist_a_1_fu_174                           |   9|          2|   32|         64|
    |tmpdist_a_2_fu_150                           |   9|          2|   32|         64|
    |tmpdist_a_3_fu_166                           |   9|          2|   32|         64|
    |tmpdist_a_4_fu_142                           |   9|          2|   32|         64|
    |tmpdist_a_fu_158                             |   9|          2|   32|         64|
    |tmpdist_b_1_fu_170                           |   9|          2|   32|         64|
    |tmpdist_b_2_fu_146                           |   9|          2|   32|         64|
    |tmpdist_b_3_fu_162                           |   9|          2|   32|         64|
    |tmpdist_b_4_fu_178                           |   9|          2|   32|         64|
    |tmpdist_b_fu_154                             |   9|          2|   32|         64|
    |tmpid_x_1_fu_130                             |   9|          2|   32|         64|
    |tmpid_x_2_fu_106                             |   9|          2|   32|         64|
    |tmpid_x_3_fu_122                             |   9|          2|   32|         64|
    |tmpid_x_4_fu_138                             |   9|          2|   32|         64|
    |tmpid_x_fu_114                               |   9|          2|   32|         64|
    |tmpid_y_1_fu_126                             |   9|          2|   32|         64|
    |tmpid_y_2_fu_102                             |   9|          2|   32|         64|
    |tmpid_y_3_fu_118                             |   9|          2|   32|         64|
    |tmpid_y_4_fu_134                             |   9|          2|   32|         64|
    |tmpid_y_fu_110                               |   9|          2|   32|         64|
    +---------------------------------------------+----+-----------+-----+-----------+
    |Total                                        | 672|        147| 1937|       4199|
    +---------------------------------------------+----+-----------+-----+-----------+

    * Register: 
    +-----------------------------+----+----+-----+-----------+
    |             Name            | FF | LUT| Bits| Const Bits|
    +-----------------------------+----+----+-----+-----------+
    |add_ln229_reg_1497           |  32|   0|   32|          0|
    |ap_CS_fsm                    |   6|   0|    6|          0|
    |ap_done_reg                  |   1|   0|    1|          0|
    |ap_enable_reg_pp0_iter0_reg  |   1|   0|    1|          0|
    |ap_enable_reg_pp0_iter1      |   1|   0|    1|          0|
    |fcmp_1_reg_1530              |   1|   0|    1|          0|
    |fcmp_2_reg_1550              |   1|   0|    1|          0|
    |fcmp_3_reg_1570              |   1|   0|    1|          0|
    |fcmp_4_reg_1590              |   1|   0|    1|          0|
    |fcmp_reg_1510                |   1|   0|    1|          0|
    |i_fu_98                      |  12|   0|   12|          0|
    |icmp_ln193_reg_1398          |   1|   0|    1|          0|
    |local_kNearstDist_0_0_fu_90  |  32|   0|   32|          0|
    |local_kNearstId_0_0_fu_94    |  32|   0|   32|          0|
    |tmpdist_a_1_fu_174           |  32|   0|   32|          0|
    |tmpdist_a_1_load_1_reg_1458  |  32|   0|   32|          0|
    |tmpdist_a_2_fu_150           |  32|   0|   32|          0|
    |tmpdist_a_2_load_1_reg_1416  |  32|   0|   32|          0|
    |tmpdist_a_3_fu_166           |  32|   0|   32|          0|
    |tmpdist_a_3_load_1_reg_1444  |  32|   0|   32|          0|
    |tmpdist_a_4_fu_142           |  32|   0|   32|          0|
    |tmpdist_a_4_load_1_reg_1402  |  32|   0|   32|          0|
    |tmpdist_a_5_reg_1523         |  32|   0|   32|          0|
    |tmpdist_a_6_reg_1536         |  32|   0|   32|          0|
    |tmpdist_a_7_reg_1556         |  32|   0|   32|          0|
    |tmpdist_a_8_reg_1576         |  32|   0|   32|          0|
    |tmpdist_a_9_reg_1596         |  32|   0|   32|          0|
    |tmpdist_a_fu_158             |  32|   0|   32|          0|
    |tmpdist_a_load_1_reg_1430    |  32|   0|   32|          0|
    |tmpdist_b_10_reg_1503        |  32|   0|   32|          0|
    |tmpdist_b_1_fu_170           |  32|   0|   32|          0|
    |tmpdist_b_1_load_1_reg_1451  |  32|   0|   32|          0|
    |tmpdist_b_2_fu_146           |  32|   0|   32|          0|
    |tmpdist_b_2_load_1_reg_1409  |  32|   0|   32|          0|
    |tmpdist_b_3_fu_162           |  32|   0|   32|          0|
    |tmpdist_b_3_load_1_reg_1437  |  32|   0|   32|          0|
    |tmpdist_b_4_fu_178           |  32|   0|   32|          0|
    |tmpdist_b_4_load_1_reg_1465  |  32|   0|   32|          0|
    |tmpdist_b_6_reg_1516         |  32|   0|   32|          0|
    |tmpdist_b_7_reg_1543         |  32|   0|   32|          0|
    |tmpdist_b_8_reg_1563         |  32|   0|   32|          0|
    |tmpdist_b_9_reg_1583         |  32|   0|   32|          0|
    |tmpdist_b_fu_154             |  32|   0|   32|          0|
    |tmpdist_b_load_1_reg_1423    |  32|   0|   32|          0|
    |tmpid_x_1_fu_130             |  32|   0|   32|          0|
    |tmpid_x_2_fu_106             |  32|   0|   32|          0|
    |tmpid_x_3_fu_122             |  32|   0|   32|          0|
    |tmpid_x_4_fu_138             |  32|   0|   32|          0|
    |tmpid_x_fu_114               |  32|   0|   32|          0|
    |tmpid_y_1_fu_126             |  32|   0|   32|          0|
    |tmpid_y_2_fu_102             |  32|   0|   32|          0|
    |tmpid_y_3_fu_118             |  32|   0|   32|          0|
    |tmpid_y_4_fu_134             |  32|   0|   32|          0|
    |tmpid_y_fu_110               |  32|   0|   32|          0|
    |trunc_ln175_reg_1472         |   2|   0|    2|          0|
    +-----------------------------+----+----+-----+-----------+
    |Total                        |1405|   0| 1405|          0|
    +-----------------------------+----+----+-----+-----------+



================================================================
== Interface
================================================================
* Summary: 
+---------------------------+-----+-----+------------+-------------------+--------------+
|         RTL Ports         | Dir | Bits|  Protocol  |   Source Object   |    C Type    |
+---------------------------+-----+-----+------------+-------------------+--------------+
|ap_clk                     |   in|    1|  ap_ctrl_hs|  para_partial_sort|  return value|
|ap_rst                     |   in|    1|  ap_ctrl_hs|  para_partial_sort|  return value|
|ap_start                   |   in|    1|  ap_ctrl_hs|  para_partial_sort|  return value|
|ap_done                    |  out|    1|  ap_ctrl_hs|  para_partial_sort|  return value|
|ap_idle                    |  out|    1|  ap_ctrl_hs|  para_partial_sort|  return value|
|ap_ready                   |  out|    1|  ap_ctrl_hs|  para_partial_sort|  return value|
|ap_return_0                |  out|   32|  ap_ctrl_hs|  para_partial_sort|  return value|
|ap_return_1                |  out|   32|  ap_ctrl_hs|  para_partial_sort|  return value|
|ap_return_2                |  out|   32|  ap_ctrl_hs|  para_partial_sort|  return value|
|ap_return_3                |  out|   32|  ap_ctrl_hs|  para_partial_sort|  return value|
|ap_return_4                |  out|   32|  ap_ctrl_hs|  para_partial_sort|  return value|
|ap_return_5                |  out|   32|  ap_ctrl_hs|  para_partial_sort|  return value|
|ap_return_6                |  out|   32|  ap_ctrl_hs|  para_partial_sort|  return value|
|ap_return_7                |  out|   32|  ap_ctrl_hs|  para_partial_sort|  return value|
|ap_return_8                |  out|   32|  ap_ctrl_hs|  para_partial_sort|  return value|
|ap_return_9                |  out|   32|  ap_ctrl_hs|  para_partial_sort|  return value|
|ap_return_10               |  out|   32|  ap_ctrl_hs|  para_partial_sort|  return value|
|ap_return_11               |  out|   32|  ap_ctrl_hs|  para_partial_sort|  return value|
|ap_return_12               |  out|   32|  ap_ctrl_hs|  para_partial_sort|  return value|
|ap_return_13               |  out|   32|  ap_ctrl_hs|  para_partial_sort|  return value|
|ap_return_14               |  out|   32|  ap_ctrl_hs|  para_partial_sort|  return value|
|ap_return_15               |  out|   32|  ap_ctrl_hs|  para_partial_sort|  return value|
|ap_return_16               |  out|   32|  ap_ctrl_hs|  para_partial_sort|  return value|
|ap_return_17               |  out|   32|  ap_ctrl_hs|  para_partial_sort|  return value|
|ap_return_18               |  out|   32|  ap_ctrl_hs|  para_partial_sort|  return value|
|ap_return_19               |  out|   32|  ap_ctrl_hs|  para_partial_sort|  return value|
|ap_return_20               |  out|   32|  ap_ctrl_hs|  para_partial_sort|  return value|
|ap_return_21               |  out|   32|  ap_ctrl_hs|  para_partial_sort|  return value|
|local_distance_0_address0  |  out|   10|   ap_memory|   local_distance_0|         array|
|local_distance_0_ce0       |  out|    1|   ap_memory|   local_distance_0|         array|
|local_distance_0_q0        |   in|   32|   ap_memory|   local_distance_0|         array|
|local_distance_1_address0  |  out|   10|   ap_memory|   local_distance_1|         array|
|local_distance_1_ce0       |  out|    1|   ap_memory|   local_distance_1|         array|
|local_distance_1_q0        |   in|   32|   ap_memory|   local_distance_1|         array|
|local_distance_2_address0  |  out|   10|   ap_memory|   local_distance_2|         array|
|local_distance_2_ce0       |  out|    1|   ap_memory|   local_distance_2|         array|
|local_distance_2_q0        |   in|   32|   ap_memory|   local_distance_2|         array|
|local_distance_3_address0  |  out|   10|   ap_memory|   local_distance_3|         array|
|local_distance_3_ce0       |  out|    1|   ap_memory|   local_distance_3|         array|
|local_distance_3_q0        |   in|   32|   ap_memory|   local_distance_3|         array|
|start_id                   |   in|   32|     ap_none|           start_id|        scalar|
|p_read1                    |   in|   32|     ap_none|            p_read1|        scalar|
|p_read2                    |   in|   32|     ap_none|            p_read2|        scalar|
|p_read3                    |   in|   32|     ap_none|            p_read3|        scalar|
|p_read4                    |   in|   32|     ap_none|            p_read4|        scalar|
|p_read5                    |   in|   32|     ap_none|            p_read5|        scalar|
|p_read6                    |   in|   32|     ap_none|            p_read6|        scalar|
|p_read7                    |   in|   32|     ap_none|            p_read7|        scalar|
|p_read8                    |   in|   32|     ap_none|            p_read8|        scalar|
|p_read9                    |   in|   32|     ap_none|            p_read9|        scalar|
|p_read10                   |   in|   32|     ap_none|           p_read10|        scalar|
|p_read12                   |   in|   32|     ap_none|           p_read12|        scalar|
|p_read13                   |   in|   32|     ap_none|           p_read13|        scalar|
|p_read14                   |   in|   32|     ap_none|           p_read14|        scalar|
|p_read15                   |   in|   32|     ap_none|           p_read15|        scalar|
|p_read16                   |   in|   32|     ap_none|           p_read16|        scalar|
|p_read17                   |   in|   32|     ap_none|           p_read17|        scalar|
|p_read18                   |   in|   32|     ap_none|           p_read18|        scalar|
|p_read19                   |   in|   32|     ap_none|           p_read19|        scalar|
|p_read20                   |   in|   32|     ap_none|           p_read20|        scalar|
|p_read21                   |   in|   32|     ap_none|           p_read21|        scalar|
+---------------------------+-----+-----+------------+-------------------+--------------+

