

================================================================
== Vitis HLS Report for 'Mmap2Stream'
================================================================
* Date:           Wed May  8 14:03:53 2024

* Version:        2022.1 (Build 3526262 on Mon Apr 18 15:47:01 MDT 2022)
* Project:        project
* Solution:       Mmap2Stream (Vivado IP Flow Target)
* Product family: virtexuplus
* Target device:  xcu55c-fsvh2892-2L-e


================================================================
== Performance Estimates
================================================================
+ Timing: 
    * Summary: 
    +--------+---------+----------+------------+
    |  Clock |  Target | Estimated| Uncertainty|
    +--------+---------+----------+------------+
    |ap_clk  |  3.33 ns|  2.431 ns|     0.90 ns|
    +--------+---------+----------+------------+

+ Latency: 
    * Summary: 
    +---------+---------+----------+----------+-----+-----+---------+
    |  Latency (cycles) |  Latency (absolute) |  Interval | Pipeline|
    |   min   |   max   |    min   |    max   | min | max |   Type  |
    +---------+---------+----------+----------+-----+-----+---------+
    |        ?|        ?|         ?|         ?|    ?|    ?|       no|
    +---------+---------+----------+----------+-----+-----+---------+

    + Detail: 
        * Instance: 
        +------------------------------------------------+--------------------------------------+---------+---------+----------+----------+-----+-----+---------+
        |                                                |                                      |  Latency (cycles) |  Latency (absolute) |  Interval | Pipeline|
        |                    Instance                    |                Module                |   min   |   max   |    min   |    max   | min | max |   Type  |
        +------------------------------------------------+--------------------------------------+---------+---------+----------+----------+-----+-----+---------+
        |grp_Mmap2Stream_Pipeline_VITIS_LOOP_18_1_fu_82  |Mmap2Stream_Pipeline_VITIS_LOOP_18_1  |        ?|        ?|         ?|         ?|    ?|    ?|       no|
        +------------------------------------------------+--------------------------------------+---------+---------+----------+----------+-----+-----+---------+

        * Loop: 
        N/A



================================================================
== Utilization Estimates
================================================================
* Summary: 
+---------------------+---------+------+---------+---------+-----+
|         Name        | BRAM_18K|  DSP |    FF   |   LUT   | URAM|
+---------------------+---------+------+---------+---------+-----+
|DSP                  |        -|     -|        -|        -|    -|
|Expression           |        -|     -|        0|       33|    -|
|FIFO                 |        -|     -|        -|        -|    -|
|Instance             |        0|     -|      867|     1278|    -|
|Memory               |        -|     -|        -|        -|    -|
|Multiplexer          |        -|     -|        -|      128|    -|
|Register             |        -|     -|       74|        -|    -|
+---------------------+---------+------+---------+---------+-----+
|Total                |        0|     0|      941|     1439|    0|
+---------------------+---------+------+---------+---------+-----+
|Available SLR        |     1344|  3008|   869120|   434560|  320|
+---------------------+---------+------+---------+---------+-----+
|Utilization SLR (%)  |        0|     0|       ~0|       ~0|    0|
+---------------------+---------+------+---------+---------+-----+
|Available            |     4032|  9024|  2607360|  1303680|  960|
+---------------------+---------+------+---------+---------+-----+
|Utilization (%)      |        0|     0|       ~0|       ~0|    0|
+---------------------+---------+------+---------+---------+-----+

+ Detail: 
    * Instance: 
    +------------------------------------------------+--------------------------------------+---------+----+-----+------+-----+
    |                    Instance                    |                Module                | BRAM_18K| DSP|  FF |  LUT | URAM|
    +------------------------------------------------+--------------------------------------+---------+----+-----+------+-----+
    |grp_Mmap2Stream_Pipeline_VITIS_LOOP_18_1_fu_82  |Mmap2Stream_Pipeline_VITIS_LOOP_18_1  |        0|   0|  103|   160|    0|
    |mmap_m_axi_U                                    |mmap_m_axi                            |        0|   0|  764|  1118|    0|
    +------------------------------------------------+--------------------------------------+---------+----+-----+------+-----+
    |Total                                           |                                      |        0|   0|  867|  1278|    0|
    +------------------------------------------------+--------------------------------------+---------+----+-----+------+-----+

    * DSP: 
    N/A

    * Memory: 
    N/A

    * FIFO: 
    N/A

    * Expression: 
    +----------------------------------+----------+----+---+----+------------+------------+
    |           Variable Name          | Operation| DSP| FF| LUT| Bitwidth P0| Bitwidth P1|
    +----------------------------------+----------+----+---+----+------------+------------+
    |ap_block_state10_on_subcall_done  |       and|   0|  0|   2|           1|           1|
    |ap_block_state2_io                |       and|   0|  0|   2|           1|           1|
    |icmp_ln18_fu_92_p2                |      icmp|   0|  0|  29|          64|           1|
    +----------------------------------+----------+----+---+----+------------+------------+
    |Total                             |          |   0|  0|  33|          66|           3|
    +----------------------------------+----------+----+---+----+------------+------------+

    * Multiplexer: 
    +---------------+----+-----------+-----+-----------+
    |      Name     | LUT| Input Size| Bits| Total Bits|
    +---------------+----+-----------+-----+-----------+
    |ap_NS_fsm      |  59|         11|    1|         11|
    |mmap_ARADDR    |  14|          3|   64|        192|
    |mmap_ARLEN     |  14|          3|   32|         96|
    |mmap_ARVALID   |  14|          3|    1|          3|
    |mmap_RREADY    |   9|          2|    1|          2|
    |mmap_blk_n_AR  |   9|          2|    1|          2|
    |stream_write   |   9|          2|    1|          2|
    +---------------+----+-----------+-----+-----------+
    |Total          | 128|         26|  101|        308|
    +---------------+----+-----------+-----+-----------+

    * Register: 
    +-------------------------------------------------------------+----+----+-----+-----------+
    |                             Name                            | FF | LUT| Bits| Const Bits|
    +-------------------------------------------------------------+----+----+-----+-----------+
    |ap_CS_fsm                                                    |  10|   0|   10|          0|
    |grp_Mmap2Stream_Pipeline_VITIS_LOOP_18_1_fu_82_ap_start_reg  |   1|   0|    1|          0|
    |icmp_ln18_reg_129                                            |   1|   0|    1|          0|
    |trunc_ln18_1_reg_133                                         |  62|   0|   62|          0|
    +-------------------------------------------------------------+----+----+-----+-----------+
    |Total                                                        |  74|   0|   74|          0|
    +-------------------------------------------------------------+----+----+-----+-----------+



================================================================
== Interface
================================================================
* Summary: 
+---------------------+-----+-----+------------+--------------+--------------+
|      RTL Ports      | Dir | Bits|  Protocol  | Source Object|    C Type    |
+---------------------+-----+-----+------------+--------------+--------------+
|ap_clk               |   in|    1|  ap_ctrl_hs|   Mmap2Stream|  return value|
|ap_rst_n             |   in|    1|  ap_ctrl_hs|   Mmap2Stream|  return value|
|ap_start             |   in|    1|  ap_ctrl_hs|   Mmap2Stream|  return value|
|ap_done              |  out|    1|  ap_ctrl_hs|   Mmap2Stream|  return value|
|ap_idle              |  out|    1|  ap_ctrl_hs|   Mmap2Stream|  return value|
|ap_ready             |  out|    1|  ap_ctrl_hs|   Mmap2Stream|  return value|
|m_axi_mmap_AWVALID   |  out|    1|       m_axi|          mmap|       pointer|
|m_axi_mmap_AWREADY   |   in|    1|       m_axi|          mmap|       pointer|
|m_axi_mmap_AWADDR    |  out|   64|       m_axi|          mmap|       pointer|
|m_axi_mmap_AWID      |  out|    1|       m_axi|          mmap|       pointer|
|m_axi_mmap_AWLEN     |  out|    8|       m_axi|          mmap|       pointer|
|m_axi_mmap_AWSIZE    |  out|    3|       m_axi|          mmap|       pointer|
|m_axi_mmap_AWBURST   |  out|    2|       m_axi|          mmap|       pointer|
|m_axi_mmap_AWLOCK    |  out|    2|       m_axi|          mmap|       pointer|
|m_axi_mmap_AWCACHE   |  out|    4|       m_axi|          mmap|       pointer|
|m_axi_mmap_AWPROT    |  out|    3|       m_axi|          mmap|       pointer|
|m_axi_mmap_AWQOS     |  out|    4|       m_axi|          mmap|       pointer|
|m_axi_mmap_AWREGION  |  out|    4|       m_axi|          mmap|       pointer|
|m_axi_mmap_AWUSER    |  out|    1|       m_axi|          mmap|       pointer|
|m_axi_mmap_WVALID    |  out|    1|       m_axi|          mmap|       pointer|
|m_axi_mmap_WREADY    |   in|    1|       m_axi|          mmap|       pointer|
|m_axi_mmap_WDATA     |  out|   32|       m_axi|          mmap|       pointer|
|m_axi_mmap_WSTRB     |  out|    4|       m_axi|          mmap|       pointer|
|m_axi_mmap_WLAST     |  out|    1|       m_axi|          mmap|       pointer|
|m_axi_mmap_WID       |  out|    1|       m_axi|          mmap|       pointer|
|m_axi_mmap_WUSER     |  out|    1|       m_axi|          mmap|       pointer|
|m_axi_mmap_ARVALID   |  out|    1|       m_axi|          mmap|       pointer|
|m_axi_mmap_ARREADY   |   in|    1|       m_axi|          mmap|       pointer|
|m_axi_mmap_ARADDR    |  out|   64|       m_axi|          mmap|       pointer|
|m_axi_mmap_ARID      |  out|    1|       m_axi|          mmap|       pointer|
|m_axi_mmap_ARLEN     |  out|    8|       m_axi|          mmap|       pointer|
|m_axi_mmap_ARSIZE    |  out|    3|       m_axi|          mmap|       pointer|
|m_axi_mmap_ARBURST   |  out|    2|       m_axi|          mmap|       pointer|
|m_axi_mmap_ARLOCK    |  out|    2|       m_axi|          mmap|       pointer|
|m_axi_mmap_ARCACHE   |  out|    4|       m_axi|          mmap|       pointer|
|m_axi_mmap_ARPROT    |  out|    3|       m_axi|          mmap|       pointer|
|m_axi_mmap_ARQOS     |  out|    4|       m_axi|          mmap|       pointer|
|m_axi_mmap_ARREGION  |  out|    4|       m_axi|          mmap|       pointer|
|m_axi_mmap_ARUSER    |  out|    1|       m_axi|          mmap|       pointer|
|m_axi_mmap_RVALID    |   in|    1|       m_axi|          mmap|       pointer|
|m_axi_mmap_RREADY    |  out|    1|       m_axi|          mmap|       pointer|
|m_axi_mmap_RDATA     |   in|   32|       m_axi|          mmap|       pointer|
|m_axi_mmap_RLAST     |   in|    1|       m_axi|          mmap|       pointer|
|m_axi_mmap_RID       |   in|    1|       m_axi|          mmap|       pointer|
|m_axi_mmap_RUSER     |   in|    1|       m_axi|          mmap|       pointer|
|m_axi_mmap_RRESP     |   in|    2|       m_axi|          mmap|       pointer|
|m_axi_mmap_BVALID    |   in|    1|       m_axi|          mmap|       pointer|
|m_axi_mmap_BREADY    |  out|    1|       m_axi|          mmap|       pointer|
|m_axi_mmap_BRESP     |   in|    2|       m_axi|          mmap|       pointer|
|m_axi_mmap_BID       |   in|    1|       m_axi|          mmap|       pointer|
|m_axi_mmap_BUSER     |   in|    1|       m_axi|          mmap|       pointer|
|mmap_offset          |   in|   64|     ap_none|   mmap_offset|        scalar|
|n                    |   in|   64|     ap_none|             n|        scalar|
|stream_din           |  out|   33|     ap_fifo|        stream|       pointer|
|stream_full_n        |   in|    1|     ap_fifo|        stream|       pointer|
|stream_write         |  out|    1|     ap_fifo|        stream|       pointer|
+---------------------+-----+-----+------------+--------------+--------------+

