
****** Vitis HLS - High-Level Synthesis from C, C++ and OpenCL v2022.1 (64-bit)
  **** SW Build 3526262 on Mon Apr 18 15:47:01 MDT 2022
  **** IP Build 3524634 on Mon Apr 18 20:55:01 MDT 2022
    ** Copyright 1986-2022 Xilinx, Inc. All Rights Reserved.

source /tools/Xilinx/Vitis_HLS/2022.1/scripts/vitis_hls/hls.tcl -notrace
INFO: [HLS 200-10] Running '/tools/Xilinx/Vitis_HLS/2022.1/bin/unwrapped/lnx64.o/vitis_hls'
INFO: [HLS 200-10] For user 'ubuntu' on host 'ip-172-31-21-244.ec2.internal' (Linux_x86_64 version 5.11.0-1028-aws) on Tue May 09 20:41:57 UTC 2023
INFO: [HLS 200-10] On os Ubuntu 20.04.3 LTS
INFO: [HLS 200-10] In directory '/tmp/run-hls-Module3Func2-ph337z7v'
Sourcing Tcl script '/tmp/run-hls-Module3Func2-ph337z7v/commands.tcl'
INFO: [HLS 200-1510] Running: open_project project 
INFO: [HLS 200-10] Creating and opening project '/tmp/run-hls-Module3Func2-ph337z7v/project'.
INFO: [HLS 200-1510] Running: set_top Module3Func2 
INFO: [HLS 200-1510] Running: add_files /home/ubuntu/tapa_m/apps/jacobi/jacobi.xilinx_u55c_gen3x16_xdma_3_202210_1.hw.xo.tapa/cpp/Module3Func2.cpp -cflags -std=c++17 -std=c++17 -isystem /tools/Xilinx/Vitis_HLS/2022.1/include/../tps/lnx64/gcc-6.2.0/include/c++/6.2.0 -DTAPA_TARGET_=XILINX_HLS 
INFO: [HLS 200-10] Adding design file '/home/ubuntu/tapa_m/apps/jacobi/jacobi.xilinx_u55c_gen3x16_xdma_3_202210_1.hw.xo.tapa/cpp/Module3Func2.cpp' to the project
INFO: [HLS 200-1510] Running: open_solution Module3Func2 
INFO: [HLS 200-10] Creating and opening solution '/tmp/run-hls-Module3Func2-ph337z7v/project/Module3Func2'.
INFO: [HLS 200-1505] Using default flow_target 'vivado'
Resolution: For help on HLS 200-1505 see www.xilinx.com/cgi-bin/docs/rdoc?v=2022.1;t=hls+guidance;d=200-1505.html
INFO: [HLS 200-435] Setting 'open_solution -flow_target vivado' configuration: config_interface -m_axi_latency=0
INFO: [HLS 200-1510] Running: set_part xcu55c-fsvh2892-2L-e 
INFO: [HLS 200-1611] Setting target device to 'xcu55c-fsvh2892-2L-e'
INFO: [HLS 200-1510] Running: create_clock -period 3.333333 -name default 
INFO: [SYN 201-201] Setting up clock 'default' with a period of 3.333ns.
INFO: [HLS 200-1510] Running: config_compile -name_max_length 253 
INFO: [XFORM 203-1161] The maximum of name length is set to 253.
INFO: [HLS 200-1510] Running: config_interface -m_axi_addr64 
INFO: [HLS 200-1510] Running: config_rtl -reset_level low -module_auto_prefix 
INFO: [HLS 200-1510] Running: csynth_design 
INFO: [HLS 200-111] Finished File checks and directory preparation: CPU user time: 0.02 seconds. CPU system time: 0 seconds. Elapsed time: 0.02 seconds; current allocated memory: 1.458 GB.
INFO: [HLS 200-10] Analyzing design file '/home/ubuntu/tapa_m/apps/jacobi/jacobi.xilinx_u55c_gen3x16_xdma_3_202210_1.hw.xo.tapa/cpp/Module3Func2.cpp' ... 
INFO: [HLS 200-111] Finished Source Code Analysis and Preprocessing: CPU user time: 3.13 seconds. CPU system time: 0.58 seconds. Elapsed time: 3.51 seconds; current allocated memory: 460.359 MB.
INFO: [HLS 200-777] Using interface defaults for 'Vivado' flow target.
INFO: [HLS 214-131] Inlining function 'tapa::istream<float>::empty() const' into 'tapa::istream<float>::try_eot(bool&) const' (/usr/local/include/tapa/xilinx/hls/stream.h:27:30)
INFO: [HLS 214-131] Inlining function 'tapa::istream<float>::try_eot(bool&) const' into 'tapa::istream<float>::eot(bool&) const' (/usr/local/include/tapa/xilinx/hls/stream.h:35:18)
INFO: [HLS 214-131] Inlining function 'tapa::ostream<float>::close()' into 'Module3Func2(tapa::ostream<float>&, tapa::istream<float>&, tapa::istream<float>&)' (/home/ubuntu/tapa_m/apps/jacobi/jacobi.xilinx_u55c_gen3x16_xdma_3_202210_1.hw.xo.tapa/cpp/Module3Func2.cpp:60:13)
INFO: [HLS 214-131] Inlining function 'tapa::ostream<float>::write(float const&)' into 'Module3Func2(tapa::ostream<float>&, tapa::istream<float>&, tapa::istream<float>&)' (/home/ubuntu/tapa_m/apps/jacobi/jacobi.xilinx_u55c_gen3x16_xdma_3_202210_1.hw.xo.tapa/cpp/Module3Func2.cpp:55:15)
INFO: [HLS 214-131] Inlining function 'tapa::istream<float>::read(std::nullptr_t)' into 'Module3Func2(tapa::ostream<float>&, tapa::istream<float>&, tapa::istream<float>&)' (/home/ubuntu/tapa_m/apps/jacobi/jacobi.xilinx_u55c_gen3x16_xdma_3_202210_1.hw.xo.tapa/cpp/Module3Func2.cpp:54:34)
INFO: [HLS 214-131] Inlining function 'tapa::istream<float>::read(std::nullptr_t)' into 'Module3Func2(tapa::ostream<float>&, tapa::istream<float>&, tapa::istream<float>&)' (/home/ubuntu/tapa_m/apps/jacobi/jacobi.xilinx_u55c_gen3x16_xdma_3_202210_1.hw.xo.tapa/cpp/Module3Func2.cpp:52:30)
INFO: [HLS 214-131] Inlining function 'tapa::istream<float>::eot(bool&) const' into 'Module3Func2(tapa::ostream<float>&, tapa::istream<float>&, tapa::istream<float>&)' (/home/ubuntu/tapa_m/apps/jacobi/jacobi.xilinx_u55c_gen3x16_xdma_3_202210_1.hw.xo.tapa/cpp/Module3Func2.cpp:48:136)
INFO: [HLS 214-131] Inlining function 'tapa::istream<float>::eot(bool&) const' into 'Module3Func2(tapa::ostream<float>&, tapa::istream<float>&, tapa::istream<float>&)' (/home/ubuntu/tapa_m/apps/jacobi/jacobi.xilinx_u55c_gen3x16_xdma_3_202210_1.hw.xo.tapa/cpp/Module3Func2.cpp:48:69)
INFO: [HLS 214-210] Disaggregating variable 'fifo_st_0' (/home/ubuntu/tapa_m/apps/jacobi/jacobi.xilinx_u55c_gen3x16_xdma_3_202210_1.hw.xo.tapa/cpp/Module3Func2.cpp:23:0)
INFO: [HLS 214-210] Disaggregating variable 'fifo_ld_0' (/home/ubuntu/tapa_m/apps/jacobi/jacobi.xilinx_u55c_gen3x16_xdma_3_202210_1.hw.xo.tapa/cpp/Module3Func2.cpp:23:0)
INFO: [HLS 214-210] Disaggregating variable 'fifo_ld_1' (/home/ubuntu/tapa_m/apps/jacobi/jacobi.xilinx_u55c_gen3x16_xdma_3_202210_1.hw.xo.tapa/cpp/Module3Func2.cpp:23:0)
INFO: [HLS 214-241] Aggregating fifo (hls::stream) variable 'fifo_st_0' with compact=bit mode in 33-bits (/home/ubuntu/tapa_m/apps/jacobi/jacobi.xilinx_u55c_gen3x16_xdma_3_202210_1.hw.xo.tapa/cpp/Module3Func2.cpp:23:0)
INFO: [HLS 214-241] Aggregating fifo (hls::stream) variable 'fifo_ld_0__' with compact=bit mode in 33-bits (/home/ubuntu/tapa_m/apps/jacobi/jacobi.xilinx_u55c_gen3x16_xdma_3_202210_1.hw.xo.tapa/cpp/Module3Func2.cpp:23:0)
INFO: [HLS 214-241] Aggregating fifo (hls::stream) variable 'fifo_ld_0__peek' with compact=bit mode in 33-bits (/home/ubuntu/tapa_m/apps/jacobi/jacobi.xilinx_u55c_gen3x16_xdma_3_202210_1.hw.xo.tapa/cpp/Module3Func2.cpp:23:0)
INFO: [HLS 214-241] Aggregating fifo (hls::stream) variable 'fifo_ld_1__' with compact=bit mode in 33-bits (/home/ubuntu/tapa_m/apps/jacobi/jacobi.xilinx_u55c_gen3x16_xdma_3_202210_1.hw.xo.tapa/cpp/Module3Func2.cpp:23:0)
INFO: [HLS 214-241] Aggregating fifo (hls::stream) variable 'fifo_ld_1__peek' with compact=bit mode in 33-bits (/home/ubuntu/tapa_m/apps/jacobi/jacobi.xilinx_u55c_gen3x16_xdma_3_202210_1.hw.xo.tapa/cpp/Module3Func2.cpp:23:0)
INFO: [HLS 214-131] Inlining function '_llvm.fpga.pack.none.i64.sl_f32i1s' into '_llvm.fpga.unpack.bits.s_struct.tapa::internal::elem_t<float>s.i33.1'
INFO: [HLS 214-131] Inlining function '_llvm.fpga.pack.none.i128.sl_i1i33s' into 'Module3Func2(tapa::ostream<float>&, tapa::istream<float>&, tapa::istream<float>&)' (/tools/Xilinx/Vitis_HLS/2022.1/common/technology/autopilot/hls_stream_39.h:164:13)
INFO: [HLS 214-131] Inlining function '_llvm.fpga.pack.bits.i33.s_struct.tapa::internal::elem_t<float>s.1' into 'Module3Func2(tapa::ostream<float>&, tapa::istream<float>&, tapa::istream<float>&)' (/tools/Xilinx/Vitis_HLS/2022.1/common/technology/autopilot/hls_stream_39.h:174:9)
INFO: [HLS 214-131] Inlining function '_llvm.fpga.unpack.bits.s_struct.tapa::internal::elem_t<float>s.i33.1' into 'Module3Func2(tapa::ostream<float>&, tapa::istream<float>&, tapa::istream<float>&)' (/tools/Xilinx/Vitis_HLS/2022.1/common/technology/autopilot/hls_stream_39.h:164:13)
INFO: [HLS 214-131] Inlining function '_llvm.fpga.pack.none.i64.s_struct.tapa::internal::elem_t<float>s' into 'Module3Func2(tapa::ostream<float>&, tapa::istream<float>&, tapa::istream<float>&)' (/tools/Xilinx/Vitis_HLS/2022.1/common/technology/autopilot/hls_stream_39.h:174:9)
INFO: [HLS 200-111] Finished Compiling Optimization and Transform: CPU user time: 5.11 seconds. CPU system time: 0.5 seconds. Elapsed time: 5.63 seconds; current allocated memory: 461.762 MB.
INFO: [HLS 200-111] Finished Checking Pragmas: CPU user time: 0 seconds. CPU system time: 0 seconds. Elapsed time: 0 seconds; current allocated memory: 461.762 MB.
INFO: [HLS 200-10] Starting code transformations ...
INFO: [HLS 200-111] Finished Standard Transforms: CPU user time: 0.02 seconds. CPU system time: 0 seconds. Elapsed time: 0.02 seconds; current allocated memory: 462.371 MB.
INFO: [HLS 200-10] Checking synthesizability ...
INFO: [HLS 200-111] Finished Checking Synthesizability: CPU user time: 0.01 seconds. CPU system time: 0.01 seconds. Elapsed time: 0.02 seconds; current allocated memory: 462.418 MB.
INFO: [HLS 200-111] Finished Loop, function and other optimizations: CPU user time: 0.05 seconds. CPU system time: 0.01 seconds. Elapsed time: 0.05 seconds; current allocated memory: 483.617 MB.
INFO: [HLS 200-111] Finished Architecture Synthesis: CPU user time: 0.04 seconds. CPU system time: 0 seconds. Elapsed time: 0.03 seconds; current allocated memory: 483.617 MB.
INFO: [HLS 200-10] Starting hardware synthesis ...
INFO: [HLS 200-10] Synthesizing 'Module3Func2' ...
INFO: [HLS 200-10] ----------------------------------------------------------------
INFO: [HLS 200-42] -- Implementing module 'Module3Func2_Pipeline_module_3_2_epoch' 
INFO: [HLS 200-10] ----------------------------------------------------------------
INFO: [SCHED 204-11] Starting scheduling ...
INFO: [SCHED 204-61] Pipelining loop 'module_3_2_epoch'.
INFO: [HLS 200-1470] Pipelining result : Target II = 1, Final II = 1, Depth = 8, loop 'module_3_2_epoch'
WARNING: [HLS 200-871] Estimated clock period (3.55854ns) exceeds the target (target clock period: 3.333ns, clock uncertainty: 0.89991ns, effective delay budget: 2.43309ns).
Resolution: For help on HLS 200-871 see www.xilinx.com/cgi-bin/docs/rdoc?v=2022.1;t=hls+guidance;d=200-871.html
WARNING: [HLS 200-1016] The critical path in module 'Module3Func2_Pipeline_module_3_2_epoch' consists of the following:	'fadd' operation ('add', /home/ubuntu/tapa_m/apps/jacobi/jacobi.xilinx_u55c_gen3x16_xdma_3_202210_1.hw.xo.tapa/cpp/Module3Func2.cpp:55) [68]  (2.34 ns)
	fifo write operation ('fifo_st_0_write_ln174', /tools/Xilinx/Vitis_HLS/2022.1/common/technology/autopilot/hls_stream_39.h:174) on port 'fifo_st_0' (/tools/Xilinx/Vitis_HLS/2022.1/common/technology/autopilot/hls_stream_39.h:174) [71]  (1.22 ns)

Resolution: For help on HLS 200-1016 see www.xilinx.com/cgi-bin/docs/rdoc?v=2022.1;t=hls+guidance;d=200-1016.html
INFO: [SCHED 204-11] Finished scheduling.
INFO: [HLS 200-111] Finished Scheduling: CPU user time: 0.09 seconds. CPU system time: 0.02 seconds. Elapsed time: 0.11 seconds; current allocated memory: 485.035 MB.
INFO: [BIND 205-100] Starting micro-architecture generation ...
INFO: [BIND 205-101] Performing variable lifetime analysis.
INFO: [BIND 205-101] Exploring resource sharing.
INFO: [BIND 205-101] Binding ...
INFO: [BIND 205-100] Finished micro-architecture generation.
INFO: [HLS 200-111] Finished Binding: CPU user time: 0.09 seconds. CPU system time: 0 seconds. Elapsed time: 0.09 seconds; current allocated memory: 485.035 MB.
INFO: [HLS 200-10] ----------------------------------------------------------------
INFO: [HLS 200-42] -- Implementing module 'Module3Func2' 
INFO: [HLS 200-10] ----------------------------------------------------------------
INFO: [SCHED 204-11] Starting scheduling ...
INFO: [SCHED 204-11] Finished scheduling.
INFO: [HLS 200-111] Finished Scheduling: CPU user time: 0.1 seconds. CPU system time: 0 seconds. Elapsed time: 0.11 seconds; current allocated memory: 485.141 MB.
INFO: [BIND 205-100] Starting micro-architecture generation ...
INFO: [BIND 205-101] Performing variable lifetime analysis.
INFO: [BIND 205-101] Exploring resource sharing.
INFO: [BIND 205-101] Binding ...
INFO: [BIND 205-100] Finished micro-architecture generation.
INFO: [HLS 200-111] Finished Binding: CPU user time: 0.05 seconds. CPU system time: 0.01 seconds. Elapsed time: 0.05 seconds; current allocated memory: 485.141 MB.
INFO: [HLS 200-10] ----------------------------------------------------------------
INFO: [HLS 200-10] -- Generating RTL for module 'Module3Func2_Pipeline_module_3_2_epoch' 
INFO: [HLS 200-10] ----------------------------------------------------------------
INFO: [HLS 200-1030] Apply Unified Pipeline Control on module 'Module3Func2_Pipeline_module_3_2_epoch' pipeline 'module_3_2_epoch' pipeline type 'loop pipeline'
INFO: [RTGEN 206-100] Generating core module 'fadd_32ns_32ns_32_7_full_dsp_1': 1 instance(s).
INFO: [RTGEN 206-100] Finished creating RTL model for 'Module3Func2_Pipeline_module_3_2_epoch'.
INFO: [HLS 200-111] Finished Creating RTL model: CPU user time: 0.07 seconds. CPU system time: 0 seconds. Elapsed time: 0.08 seconds; current allocated memory: 485.141 MB.
INFO: [HLS 200-10] ----------------------------------------------------------------
INFO: [HLS 200-10] -- Generating RTL for module 'Module3Func2' 
INFO: [HLS 200-10] ----------------------------------------------------------------
INFO: [RTGEN 206-500] Setting interface mode on port 'Module3Func2/fifo_st_0' to 'ap_fifo'.
INFO: [RTGEN 206-500] Setting interface mode on port 'Module3Func2/fifo_ld_0_s' to 'ap_fifo'.
INFO: [RTGEN 206-500] Setting interface mode on port 'Module3Func2/fifo_ld_0_peek' to 'ap_fifo'.
INFO: [RTGEN 206-500] Setting interface mode on port 'Module3Func2/fifo_ld_1_s' to 'ap_fifo'.
INFO: [RTGEN 206-500] Setting interface mode on port 'Module3Func2/fifo_ld_1_peek' to 'ap_fifo'.
INFO: [RTGEN 206-500] Setting interface mode on function 'Module3Func2' to 'ap_ctrl_hs'.
INFO: [RTGEN 206-100] Finished creating RTL model for 'Module3Func2'.
INFO: [HLS 200-111] Finished Creating RTL model: CPU user time: 0.28 seconds. CPU system time: 0.01 seconds. Elapsed time: 0.29 seconds; current allocated memory: 486.438 MB.
INFO: [HLS 200-111] Finished Generating all RTL models: CPU user time: 0.36 seconds. CPU system time: 0.01 seconds. Elapsed time: 0.37 seconds; current allocated memory: 491.066 MB.
INFO: [HLS 200-111] Finished Updating report files: CPU user time: 0.34 seconds. CPU system time: 0.03 seconds. Elapsed time: 0.37 seconds; current allocated memory: 491.770 MB.
INFO: [VHDL 208-304] Generating VHDL RTL for Module3Func2.
INFO: [VLOG 209-307] Generating Verilog RTL for Module3Func2.
INFO: [HLS 200-790] **** Loop Constraint Status: All loop constraints were satisfied.
INFO: [HLS 200-789] **** Estimated Fmax: 281.01 MHz
INFO: [HLS 200-111] Finished Command csynth_design CPU user time: 9.77 seconds. CPU system time: 1.18 seconds. Elapsed time: 10.78 seconds; current allocated memory: -1000.863 MB.
INFO: [HLS 200-112] Total CPU user time: 16.12 seconds. Total CPU system time: 2.27 seconds. Total elapsed time: 14.88 seconds; peak allocated memory: 1.458 GB.
INFO: [Common 17-206] Exiting vitis_hls at Tue May  9 20:42:11 2023...
