
****** Vitis HLS - High-Level Synthesis from C, C++ and OpenCL v2022.1 (64-bit)
  **** SW Build 3526262 on Mon Apr 18 15:47:01 MDT 2022
  **** IP Build 3524634 on Mon Apr 18 20:55:01 MDT 2022
    ** Copyright 1986-2022 Xilinx, Inc. All Rights Reserved.

source /tools/Xilinx/Vitis_HLS/2022.1/scripts/vitis_hls/hls.tcl -notrace
INFO: [HLS 200-10] Running '/tools/Xilinx/Vitis_HLS/2022.1/bin/unwrapped/lnx64.o/vitis_hls'
INFO: [HLS 200-10] For user 'ubuntu' on host 'ip-172-31-21-244.ec2.internal' (Linux_x86_64 version 5.11.0-1028-aws) on Tue May 09 20:41:57 UTC 2023
INFO: [HLS 200-10] On os Ubuntu 20.04.3 LTS
INFO: [HLS 200-10] In directory '/tmp/run-hls-Module8Func-mvy1_2w4'
Sourcing Tcl script '/tmp/run-hls-Module8Func-mvy1_2w4/commands.tcl'
INFO: [HLS 200-1510] Running: open_project project 
INFO: [HLS 200-10] Creating and opening project '/tmp/run-hls-Module8Func-mvy1_2w4/project'.
INFO: [HLS 200-1510] Running: set_top Module8Func 
INFO: [HLS 200-1510] Running: add_files /home/ubuntu/tapa_m/apps/jacobi/jacobi.xilinx_u55c_gen3x16_xdma_3_202210_1.hw.xo.tapa/cpp/Module8Func.cpp -cflags -std=c++17 -std=c++17 -isystem /tools/Xilinx/Vitis_HLS/2022.1/include/../tps/lnx64/gcc-6.2.0/include/c++/6.2.0 -DTAPA_TARGET_=XILINX_HLS 
INFO: [HLS 200-10] Adding design file '/home/ubuntu/tapa_m/apps/jacobi/jacobi.xilinx_u55c_gen3x16_xdma_3_202210_1.hw.xo.tapa/cpp/Module8Func.cpp' to the project
INFO: [HLS 200-1510] Running: open_solution Module8Func 
INFO: [HLS 200-10] Creating and opening solution '/tmp/run-hls-Module8Func-mvy1_2w4/project/Module8Func'.
INFO: [HLS 200-1505] Using default flow_target 'vivado'
Resolution: For help on HLS 200-1505 see www.xilinx.com/cgi-bin/docs/rdoc?v=2022.1;t=hls+guidance;d=200-1505.html
INFO: [HLS 200-435] Setting 'open_solution -flow_target vivado' configuration: config_interface -m_axi_latency=0
INFO: [HLS 200-1510] Running: set_part xcu55c-fsvh2892-2L-e 
INFO: [HLS 200-1611] Setting target device to 'xcu55c-fsvh2892-2L-e'
INFO: [HLS 200-1510] Running: create_clock -period 3.333333 -name default 
INFO: [SYN 201-201] Setting up clock 'default' with a period of 3.333ns.
INFO: [HLS 200-1510] Running: config_compile -name_max_length 253 
INFO: [XFORM 203-1161] The maximum of name length is set to 253.
INFO: [HLS 200-1510] Running: config_interface -m_axi_addr64 
INFO: [HLS 200-1510] Running: config_rtl -reset_level low -module_auto_prefix 
INFO: [HLS 200-1510] Running: csynth_design 
INFO: [HLS 200-111] Finished File checks and directory preparation: CPU user time: 0.01 seconds. CPU system time: 0 seconds. Elapsed time: 0.01 seconds; current allocated memory: 1.458 GB.
INFO: [HLS 200-10] Analyzing design file '/home/ubuntu/tapa_m/apps/jacobi/jacobi.xilinx_u55c_gen3x16_xdma_3_202210_1.hw.xo.tapa/cpp/Module8Func.cpp' ... 
INFO: [HLS 200-111] Finished Source Code Analysis and Preprocessing: CPU user time: 4.25 seconds. CPU system time: 0.65 seconds. Elapsed time: 3.85 seconds; current allocated memory: 460.422 MB.
INFO: [HLS 200-777] Using interface defaults for 'Vivado' flow target.
INFO: [HLS 214-131] Inlining function 'tapa::istream<float>::empty() const' into 'tapa::istream<float>::try_eot(bool&) const' (/usr/local/include/tapa/xilinx/hls/stream.h:27:30)
INFO: [HLS 214-131] Inlining function 'tapa::istream<float>::try_eot(bool&) const' into 'tapa::istream<float>::eot(bool&) const' (/usr/local/include/tapa/xilinx/hls/stream.h:35:18)
INFO: [HLS 214-131] Inlining function 'tapa::vec_t<float, 2>::operator[](int)' into 'tapa::vec_t<float, 2>::set(int, float const&)' (/usr/local/include/tapa/xilinx/hls/vec.h:59:2)
INFO: [HLS 214-131] Inlining function 'tapa::ostream<tapa::vec_t<float, 2> >::close()' into 'Module8Func(tapa::ostream<tapa::vec_t<float, 2> >&, tapa::istream<float>&, tapa::istream<float>&)' (/home/ubuntu/tapa_m/apps/jacobi/jacobi.xilinx_u55c_gen3x16_xdma_3_202210_1.hw.xo.tapa/cpp/Module8Func.cpp:65:23)
INFO: [HLS 214-131] Inlining function 'tapa::ostream<tapa::vec_t<float, 2> >::write(tapa::vec_t<float, 2> const&)' into 'Module8Func(tapa::ostream<tapa::vec_t<float, 2> >&, tapa::istream<float>&, tapa::istream<float>&)' (/home/ubuntu/tapa_m/apps/jacobi/jacobi.xilinx_u55c_gen3x16_xdma_3_202210_1.hw.xo.tapa/cpp/Module8Func.cpp:63:25)
INFO: [HLS 214-131] Inlining function 'tapa::vec_t<float, 2>::set(int, float const&)' into 'Module8Func(tapa::ostream<tapa::vec_t<float, 2> >&, tapa::istream<float>&, tapa::istream<float>&)' (/home/ubuntu/tapa_m/apps/jacobi/jacobi.xilinx_u55c_gen3x16_xdma_3_202210_1.hw.xo.tapa/cpp/Module8Func.cpp:62:9)
INFO: [HLS 214-131] Inlining function 'tapa::istream<float>::read(std::nullptr_t)' into 'Module8Func(tapa::ostream<tapa::vec_t<float, 2> >&, tapa::istream<float>&, tapa::istream<float>&)' (/home/ubuntu/tapa_m/apps/jacobi/jacobi.xilinx_u55c_gen3x16_xdma_3_202210_1.hw.xo.tapa/cpp/Module8Func.cpp:62:26)
INFO: [HLS 214-131] Inlining function 'tapa::vec_t<float, 2>::set(int, float const&)' into 'Module8Func(tapa::ostream<tapa::vec_t<float, 2> >&, tapa::istream<float>&, tapa::istream<float>&)' (/home/ubuntu/tapa_m/apps/jacobi/jacobi.xilinx_u55c_gen3x16_xdma_3_202210_1.hw.xo.tapa/cpp/Module8Func.cpp:61:9)
INFO: [HLS 214-131] Inlining function 'tapa::istream<float>::read(std::nullptr_t)' into 'Module8Func(tapa::ostream<tapa::vec_t<float, 2> >&, tapa::istream<float>&, tapa::istream<float>&)' (/home/ubuntu/tapa_m/apps/jacobi/jacobi.xilinx_u55c_gen3x16_xdma_3_202210_1.hw.xo.tapa/cpp/Module8Func.cpp:61:26)
INFO: [HLS 214-131] Inlining function 'tapa::istream<float>::eot(bool&) const' into 'Module8Func(tapa::ostream<tapa::vec_t<float, 2> >&, tapa::istream<float>&, tapa::istream<float>&)' (/home/ubuntu/tapa_m/apps/jacobi/jacobi.xilinx_u55c_gen3x16_xdma_3_202210_1.hw.xo.tapa/cpp/Module8Func.cpp:59:136)
INFO: [HLS 214-131] Inlining function 'tapa::istream<float>::eot(bool&) const' into 'Module8Func(tapa::ostream<tapa::vec_t<float, 2> >&, tapa::istream<float>&, tapa::istream<float>&)' (/home/ubuntu/tapa_m/apps/jacobi/jacobi.xilinx_u55c_gen3x16_xdma_3_202210_1.hw.xo.tapa/cpp/Module8Func.cpp:59:69)
INFO: [HLS 214-210] Disaggregating variable 'dram_t0_bank_0_fifo' (/home/ubuntu/tapa_m/apps/jacobi/jacobi.xilinx_u55c_gen3x16_xdma_3_202210_1.hw.xo.tapa/cpp/Module8Func.cpp:36:0)
INFO: [HLS 214-210] Disaggregating variable 'fifo_ld_0' (/home/ubuntu/tapa_m/apps/jacobi/jacobi.xilinx_u55c_gen3x16_xdma_3_202210_1.hw.xo.tapa/cpp/Module8Func.cpp:36:0)
INFO: [HLS 214-210] Disaggregating variable 'fifo_ld_1' (/home/ubuntu/tapa_m/apps/jacobi/jacobi.xilinx_u55c_gen3x16_xdma_3_202210_1.hw.xo.tapa/cpp/Module8Func.cpp:36:0)
INFO: [HLS 214-178] Inlining function 'std::__array_traits<float, 2ul>::_S_ref(float const (&) [2], unsigned long)' into 'std::array<float, 2ul>::operator[](unsigned long)' (/tools/Xilinx/Vitis_HLS/2022.1/include/../tps/lnx64/gcc-6.2.0/include/c++/6.2.0/array:182:0)
INFO: [HLS 214-178] Inlining function 'std::array<float, 2ul>::operator[](unsigned long)' into 'Module8Func(tapa::ostream<tapa::vec_t<float, 2> >&, tapa::istream<float>&, tapa::istream<float>&)' (/home/ubuntu/tapa_m/apps/jacobi/jacobi.xilinx_u55c_gen3x16_xdma_3_202210_1.hw.xo.tapa/cpp/Module8Func.cpp:36:0)
INFO: [HLS 214-241] Aggregating fifo (hls::stream) variable 'dram_t0_bank_0_fifo' with compact=bit mode in 65-bits (/home/ubuntu/tapa_m/apps/jacobi/jacobi.xilinx_u55c_gen3x16_xdma_3_202210_1.hw.xo.tapa/cpp/Module8Func.cpp:36:0)
INFO: [HLS 214-241] Aggregating fifo (hls::stream) variable 'fifo_ld_0__' with compact=bit mode in 33-bits (/home/ubuntu/tapa_m/apps/jacobi/jacobi.xilinx_u55c_gen3x16_xdma_3_202210_1.hw.xo.tapa/cpp/Module8Func.cpp:36:0)
INFO: [HLS 214-241] Aggregating fifo (hls::stream) variable 'fifo_ld_0__peek' with compact=bit mode in 33-bits (/home/ubuntu/tapa_m/apps/jacobi/jacobi.xilinx_u55c_gen3x16_xdma_3_202210_1.hw.xo.tapa/cpp/Module8Func.cpp:36:0)
INFO: [HLS 214-241] Aggregating fifo (hls::stream) variable 'fifo_ld_1__' with compact=bit mode in 33-bits (/home/ubuntu/tapa_m/apps/jacobi/jacobi.xilinx_u55c_gen3x16_xdma_3_202210_1.hw.xo.tapa/cpp/Module8Func.cpp:36:0)
INFO: [HLS 214-241] Aggregating fifo (hls::stream) variable 'fifo_ld_1__peek' with compact=bit mode in 33-bits (/home/ubuntu/tapa_m/apps/jacobi/jacobi.xilinx_u55c_gen3x16_xdma_3_202210_1.hw.xo.tapa/cpp/Module8Func.cpp:36:0)
INFO: [HLS 214-131] Inlining function '_llvm.fpga.pack.none.i64.sl_f32i1s' into '_llvm.fpga.unpack.bits.s_struct.tapa::internal::elem_t<float>s.i33.1'
INFO: [HLS 214-131] Inlining function '_llvm.fpga.pack.none.i128.sl_i1i33s' into 'Module8Func(tapa::ostream<tapa::vec_t<float, 2> >&, tapa::istream<float>&, tapa::istream<float>&)' (/tools/Xilinx/Vitis_HLS/2022.1/common/technology/autopilot/hls_stream_39.h:164:13)
INFO: [HLS 214-131] Inlining function '_llvm.fpga.pack.bits.i65.s_struct.tapa::internal::elem_t<tapa::vec_t<float, 2> >s.1' into 'Module8Func(tapa::ostream<tapa::vec_t<float, 2> >&, tapa::istream<float>&, tapa::istream<float>&)' (/tools/Xilinx/Vitis_HLS/2022.1/common/technology/autopilot/hls_stream_39.h:174:9)
INFO: [HLS 214-131] Inlining function '_llvm.fpga.unpack.bits.s_struct.tapa::internal::elem_t<float>s.i33.1' into 'Module8Func(tapa::ostream<tapa::vec_t<float, 2> >&, tapa::istream<float>&, tapa::istream<float>&)' (/tools/Xilinx/Vitis_HLS/2022.1/common/technology/autopilot/hls_stream_39.h:164:13)
INFO: [HLS 214-131] Inlining function '_llvm.fpga.pack.none.i96.s_struct.tapa::internal::elem_t<tapa::vec_t<float, 2> >s' into 'Module8Func(tapa::ostream<tapa::vec_t<float, 2> >&, tapa::istream<float>&, tapa::istream<float>&)' (/tools/Xilinx/Vitis_HLS/2022.1/common/technology/autopilot/hls_stream_39.h:174:9)
INFO: [HLS 200-111] Finished Compiling Optimization and Transform: CPU user time: 5.26 seconds. CPU system time: 0.53 seconds. Elapsed time: 5.8 seconds; current allocated memory: 461.844 MB.
INFO: [HLS 200-111] Finished Checking Pragmas: CPU user time: 0 seconds. CPU system time: 0 seconds. Elapsed time: 0 seconds; current allocated memory: 461.844 MB.
INFO: [HLS 200-10] Starting code transformations ...
INFO: [HLS 200-111] Finished Standard Transforms: CPU user time: 0.01 seconds. CPU system time: 0.01 seconds. Elapsed time: 0.01 seconds; current allocated memory: 462.438 MB.
INFO: [HLS 200-10] Checking synthesizability ...
INFO: [HLS 200-111] Finished Checking Synthesizability: CPU user time: 0.02 seconds. CPU system time: 0 seconds. Elapsed time: 0.01 seconds; current allocated memory: 462.539 MB.
INFO: [HLS 200-111] Finished Loop, function and other optimizations: CPU user time: 0.05 seconds. CPU system time: 0.01 seconds. Elapsed time: 0.06 seconds; current allocated memory: 483.699 MB.
INFO: [HLS 200-111] Finished Architecture Synthesis: CPU user time: 0.04 seconds. CPU system time: 0 seconds. Elapsed time: 0.05 seconds; current allocated memory: 483.730 MB.
INFO: [HLS 200-10] Starting hardware synthesis ...
INFO: [HLS 200-10] Synthesizing 'Module8Func' ...
INFO: [HLS 200-10] ----------------------------------------------------------------
INFO: [HLS 200-42] -- Implementing module 'Module8Func_Pipeline_module_8_epoch' 
INFO: [HLS 200-10] ----------------------------------------------------------------
INFO: [SCHED 204-11] Starting scheduling ...
INFO: [SCHED 204-61] Pipelining loop 'module_8_epoch'.
INFO: [HLS 200-1470] Pipelining result : Target II = 1, Final II = 1, Depth = 2, loop 'module_8_epoch'
WARNING: [HLS 200-871] Estimated clock period (3.18609ns) exceeds the target (target clock period: 3.333ns, clock uncertainty: 0.89991ns, effective delay budget: 2.43309ns).
Resolution: For help on HLS 200-871 see www.xilinx.com/cgi-bin/docs/rdoc?v=2022.1;t=hls+guidance;d=200-871.html
WARNING: [HLS 200-1016] The critical path in module 'Module8Func_Pipeline_module_8_epoch' consists of the following:	fifo read operation ('fifo_ld_0_peek_read', /tools/Xilinx/Vitis_HLS/2022.1/common/technology/autopilot/hls_stream_39.h:164) on port 'fifo_ld_0_peek' (/tools/Xilinx/Vitis_HLS/2022.1/common/technology/autopilot/hls_stream_39.h:164) [18]  (1.22 ns)
	'xor' operation ('phitmp1', /tools/Xilinx/Vitis_HLS/2022.1/common/technology/autopilot/hls_stream_39.h:164) [23]  (0.122 ns)
	multiplexor before 'phi' operation ('phi_ln59_1', /home/ubuntu/tapa_m/apps/jacobi/jacobi.xilinx_u55c_gen3x16_xdma_3_202210_1.hw.xo.tapa/cpp/Module8Func.cpp:59) with incoming values : ('phitmp1', /tools/Xilinx/Vitis_HLS/2022.1/common/technology/autopilot/hls_stream_39.h:164) [27]  (0.387 ns)
	'phi' operation ('phi_ln59_1', /home/ubuntu/tapa_m/apps/jacobi/jacobi.xilinx_u55c_gen3x16_xdma_3_202210_1.hw.xo.tapa/cpp/Module8Func.cpp:59) with incoming values : ('phitmp1', /tools/Xilinx/Vitis_HLS/2022.1/common/technology/autopilot/hls_stream_39.h:164) [27]  (0 ns)
	'or' operation ('or_ln59_2', /home/ubuntu/tapa_m/apps/jacobi/jacobi.xilinx_u55c_gen3x16_xdma_3_202210_1.hw.xo.tapa/cpp/Module8Func.cpp:59) [47]  (0.122 ns)
	blocking operation 1.34 ns on control path)

Resolution: For help on HLS 200-1016 see www.xilinx.com/cgi-bin/docs/rdoc?v=2022.1;t=hls+guidance;d=200-1016.html
INFO: [SCHED 204-11] Finished scheduling.
INFO: [HLS 200-111] Finished Scheduling: CPU user time: 0.06 seconds. CPU system time: 0.02 seconds. Elapsed time: 0.08 seconds; current allocated memory: 485.262 MB.
INFO: [BIND 205-100] Starting micro-architecture generation ...
INFO: [BIND 205-101] Performing variable lifetime analysis.
INFO: [BIND 205-101] Exploring resource sharing.
INFO: [BIND 205-101] Binding ...
INFO: [BIND 205-100] Finished micro-architecture generation.
INFO: [HLS 200-111] Finished Binding: CPU user time: 0.04 seconds. CPU system time: 0.01 seconds. Elapsed time: 0.04 seconds; current allocated memory: 485.262 MB.
INFO: [HLS 200-10] ----------------------------------------------------------------
INFO: [HLS 200-42] -- Implementing module 'Module8Func' 
INFO: [HLS 200-10] ----------------------------------------------------------------
INFO: [SCHED 204-11] Starting scheduling ...
INFO: [SCHED 204-11] Finished scheduling.
INFO: [HLS 200-111] Finished Scheduling: CPU user time: 0.07 seconds. CPU system time: 0 seconds. Elapsed time: 0.07 seconds; current allocated memory: 485.422 MB.
INFO: [BIND 205-100] Starting micro-architecture generation ...
INFO: [BIND 205-101] Performing variable lifetime analysis.
INFO: [BIND 205-101] Exploring resource sharing.
INFO: [BIND 205-101] Binding ...
INFO: [BIND 205-100] Finished micro-architecture generation.
INFO: [HLS 200-111] Finished Binding: CPU user time: 0.04 seconds. CPU system time: 0 seconds. Elapsed time: 0.04 seconds; current allocated memory: 485.422 MB.
INFO: [HLS 200-10] ----------------------------------------------------------------
INFO: [HLS 200-10] -- Generating RTL for module 'Module8Func_Pipeline_module_8_epoch' 
INFO: [HLS 200-10] ----------------------------------------------------------------
INFO: [HLS 200-1030] Apply Unified Pipeline Control on module 'Module8Func_Pipeline_module_8_epoch' pipeline 'module_8_epoch' pipeline type 'loop pipeline'
INFO: [RTGEN 206-100] Finished creating RTL model for 'Module8Func_Pipeline_module_8_epoch'.
INFO: [HLS 200-111] Finished Creating RTL model: CPU user time: 0.06 seconds. CPU system time: 0.01 seconds. Elapsed time: 0.06 seconds; current allocated memory: 485.422 MB.
INFO: [HLS 200-10] ----------------------------------------------------------------
INFO: [HLS 200-10] -- Generating RTL for module 'Module8Func' 
INFO: [HLS 200-10] ----------------------------------------------------------------
INFO: [RTGEN 206-500] Setting interface mode on port 'Module8Func/dram_t0_bank_0_fifo' to 'ap_fifo'.
INFO: [RTGEN 206-500] Setting interface mode on port 'Module8Func/fifo_ld_0_s' to 'ap_fifo'.
INFO: [RTGEN 206-500] Setting interface mode on port 'Module8Func/fifo_ld_0_peek' to 'ap_fifo'.
INFO: [RTGEN 206-500] Setting interface mode on port 'Module8Func/fifo_ld_1_s' to 'ap_fifo'.
INFO: [RTGEN 206-500] Setting interface mode on port 'Module8Func/fifo_ld_1_peek' to 'ap_fifo'.
INFO: [RTGEN 206-500] Setting interface mode on function 'Module8Func' to 'ap_ctrl_hs'.
INFO: [RTGEN 206-100] Finished creating RTL model for 'Module8Func'.
INFO: [HLS 200-111] Finished Creating RTL model: CPU user time: 0.19 seconds. CPU system time: 0 seconds. Elapsed time: 0.19 seconds; current allocated memory: 486.148 MB.
INFO: [HLS 200-111] Finished Generating all RTL models: CPU user time: 0.32 seconds. CPU system time: 0.03 seconds. Elapsed time: 0.35 seconds; current allocated memory: 490.723 MB.
INFO: [HLS 200-111] Finished Updating report files: CPU user time: 0.36 seconds. CPU system time: 0.02 seconds. Elapsed time: 0.39 seconds; current allocated memory: 491.426 MB.
INFO: [VHDL 208-304] Generating VHDL RTL for Module8Func.
INFO: [VLOG 209-307] Generating Verilog RTL for Module8Func.
INFO: [HLS 200-790] **** Loop Constraint Status: All loop constraints were satisfied.
INFO: [HLS 200-789] **** Estimated Fmax: 313.86 MHz
INFO: [HLS 200-111] Finished Command csynth_design CPU user time: 10.8 seconds. CPU system time: 1.3 seconds. Elapsed time: 11.06 seconds; current allocated memory: -1001.266 MB.
INFO: [HLS 200-112] Total CPU user time: 15.43 seconds. Total CPU system time: 2.36 seconds. Total elapsed time: 14.31 seconds; peak allocated memory: 1.458 GB.
INFO: [Common 17-206] Exiting vitis_hls at Tue May  9 20:42:11 2023...
