

================================================================
== Vitis HLS Report for 'Mmap2Stream_Pipeline_VITIS_LOOP_13_1'
================================================================
* Date:           Tue May  9 20:42:09 2023

* Version:        2022.1 (Build 3526262 on Mon Apr 18 15:47:01 MDT 2022)
* Project:        project
* Solution:       Mmap2Stream (Vivado IP Flow Target)
* Product family: virtexuplus
* Target device:  xcu55c-fsvh2892-2L-e


================================================================
== Performance Estimates
================================================================
+ Timing: 
    * Summary: 
    +--------+---------+----------+------------+
    |  Clock |  Target | Estimated| Uncertainty|
    +--------+---------+----------+------------+
    |ap_clk  |  3.33 ns|  2.433 ns|     0.90 ns|
    +--------+---------+----------+------------+

+ Latency: 
    * Summary: 
    +---------+---------+----------+----------+-----+-----+---------+
    |  Latency (cycles) |  Latency (absolute) |  Interval | Pipeline|
    |   min   |   max   |    min   |    max   | min | max |   Type  |
    +---------+---------+----------+----------+-----+-----+---------+
    |        ?|        ?|         ?|         ?|    ?|    ?|       no|
    +---------+---------+----------+----------+-----+-----+---------+

    + Detail: 
        * Instance: 
        N/A

        * Loop: 
        +-------------------+---------+---------+----------+-----------+-----------+------+----------+
        |                   |  Latency (cycles) | Iteration|  Initiation Interval  | Trip |          |
        |     Loop Name     |   min   |   max   |  Latency |  achieved |   target  | Count| Pipelined|
        +-------------------+---------+---------+----------+-----------+-----------+------+----------+
        |- VITIS_LOOP_13_1  |        ?|        ?|         4|          2|          2|     ?|       yes|
        +-------------------+---------+---------+----------+-----------+-----------+------+----------+

============================================================
+ Verbose Summary: Synthesis Manager
============================================================
InlineROM: 1
ExposeGlobal: 0
============================================================
+ Verbose Summary: CDFG Model
============================================================
IsTopModel: 0
ResetActiveHigh: 1
IsCombinational: 0
IsDatapathOnly: 0
HasWiredReturn: 1
HasMFsm: 2
HasVarLatency: 1
IsPipeline: 0
IsRtlPipelined: 0
IsInstanceOverlapped: 0
IsDontTouch: 0
HasImplIP: 0
IsGatedGlobalClock: 0

+ Individual pipeline summary: 
  * Pipeline-0: initiation interval (II) = 2, depth = 5


============================================================
+ Verbose Summary: Schedule
============================================================
* Number of FSM states : 5
* Pipeline : 1
  Pipeline-0 : II = 2, D = 5, States = { 1 2 3 4 5 }
* Dataflow Pipeline: 0

* FSM state transitions: 
1 --> 2 
2 --> 3 
3 --> 4 
4 --> 5 
5 --> 

* FSM state operations: 

State 1 <SV = 0> <Delay = 0.38>
ST_1 : Operation 7 [1/1] (0.00ns)   --->   "%i = alloca i32 1"   --->   Operation 7 'alloca' 'i' <Predicate = true> <Delay = 0.00>
ST_1 : Operation 8 [1/1] (0.00ns)   --->   "%n_read = read i64 @_ssdm_op_Read.ap_auto.i64, i64 %n"   --->   Operation 8 'read' 'n_read' <Predicate = true> <Delay = 0.00>
ST_1 : Operation 9 [1/1] (0.00ns)   --->   "%sext_ln13_read = read i62 @_ssdm_op_Read.ap_auto.i62, i62 %sext_ln13"   --->   Operation 9 'read' 'sext_ln13_read' <Predicate = true> <Delay = 0.00>
ST_1 : Operation 10 [1/1] (0.00ns)   --->   "%sext_ln13_cast = sext i62 %sext_ln13_read"   --->   Operation 10 'sext' 'sext_ln13_cast' <Predicate = true> <Delay = 0.00>
ST_1 : Operation 11 [1/1] (0.00ns)   --->   "%specinterface_ln0 = specinterface void @_ssdm_op_SpecInterface, i65 %stream, void @empty_5, i32 0, i32 0, void @empty_0, i32 0, i32 0, void @empty_0, void @empty_0, void @empty_0, i32 0, i32 0, i32 0, i32 0, void @empty_0, void @empty_0, i32 4294967295, i32 0"   --->   Operation 11 'specinterface' 'specinterface_ln0' <Predicate = true> <Delay = 0.00>
ST_1 : Operation 12 [1/1] (0.00ns)   --->   "%specinterface_ln0 = specinterface void @_ssdm_op_SpecInterface, i32 %mmap, void @empty, i32 0, i32 0, void @empty_0, i32 0, i32 0, void @empty_1, void @empty_2, void @empty_0, i32 16, i32 16, i32 16, i32 16, void @empty_0, void @empty_0, i32 4294967295, i32 0"   --->   Operation 12 'specinterface' 'specinterface_ln0' <Predicate = true> <Delay = 0.00>
ST_1 : Operation 13 [1/1] (0.38ns)   --->   "%store_ln0 = store i64 0, i64 %i"   --->   Operation 13 'store' 'store_ln0' <Predicate = true> <Delay = 0.38>
ST_1 : Operation 14 [1/1] (0.00ns)   --->   "%br_ln0 = br void %for.inc"   --->   Operation 14 'br' 'br_ln0' <Predicate = true> <Delay = 0.00>

State 2 <SV = 1> <Delay = 1.53>
ST_2 : Operation 15 [1/1] (0.00ns)   --->   "%i_1 = load i64 %i" [/home/ubuntu/tapa_m/apps/jacobi/jacobi.xilinx_u55c_gen3x16_xdma_3_202210_1.hw.xo.tapa/cpp/Mmap2Stream.cpp:13]   --->   Operation 15 'load' 'i_1' <Predicate = true> <Delay = 0.00>
ST_2 : Operation 16 [1/1] (1.06ns)   --->   "%icmp_ln13 = icmp_eq  i64 %i_1, i64 %n_read" [/home/ubuntu/tapa_m/apps/jacobi/jacobi.xilinx_u55c_gen3x16_xdma_3_202210_1.hw.xo.tapa/cpp/Mmap2Stream.cpp:13]   --->   Operation 16 'icmp' 'icmp_ln13' <Predicate = true> <Delay = 1.06> <CoreInst = "Cmp">   --->   Core 9 'Cmp' <Latency = 0> <II = 1> <Delay = 1.06> <FuncUnit> <Opcode : 'icmp'> <InPorts = 2> <OutPorts = 1>
ST_2 : Operation 17 [1/1] (1.14ns)   --->   "%i_2 = add i64 %i_1, i64 1" [/home/ubuntu/tapa_m/apps/jacobi/jacobi.xilinx_u55c_gen3x16_xdma_3_202210_1.hw.xo.tapa/cpp/Mmap2Stream.cpp:13]   --->   Operation 17 'add' 'i_2' <Predicate = true> <Delay = 1.14> <CoreInst = "Adder">   --->   Core 1 'Adder' <Latency = 0> <II = 1> <Delay = 1.14> <FuncUnit> <Opcode : 'add' 'sub'> <InPorts = 2> <OutPorts = 1>
ST_2 : Operation 18 [1/1] (0.00ns)   --->   "%br_ln13 = br i1 %icmp_ln13, void %for.inc.split, void %for.end.loopexit.exitStub" [/home/ubuntu/tapa_m/apps/jacobi/jacobi.xilinx_u55c_gen3x16_xdma_3_202210_1.hw.xo.tapa/cpp/Mmap2Stream.cpp:13]   --->   Operation 18 'br' 'br_ln13' <Predicate = true> <Delay = 0.00>
ST_2 : Operation 19 [1/1] (0.38ns)   --->   "%store_ln13 = store i64 %i_2, i64 %i" [/home/ubuntu/tapa_m/apps/jacobi/jacobi.xilinx_u55c_gen3x16_xdma_3_202210_1.hw.xo.tapa/cpp/Mmap2Stream.cpp:13]   --->   Operation 19 'store' 'store_ln13' <Predicate = (!icmp_ln13)> <Delay = 0.38>

State 3 <SV = 2> <Delay = 2.43>
ST_3 : Operation 20 [1/1] (0.00ns)   --->   "%specbitsmap_ln0 = specbitsmap void @_ssdm_op_SpecBitsMap, i32 %mmap"   --->   Operation 20 'specbitsmap' 'specbitsmap_ln0' <Predicate = true> <Delay = 0.00>
ST_3 : Operation 21 [1/1] (0.00ns)   --->   "%mmap_addr = getelementptr i32 %mmap, i64 %sext_ln13_cast" [/home/ubuntu/tapa_m/apps/jacobi/jacobi.xilinx_u55c_gen3x16_xdma_3_202210_1.hw.xo.tapa/cpp/Mmap2Stream.cpp:13]   --->   Operation 21 'getelementptr' 'mmap_addr' <Predicate = true> <Delay = 0.00>
ST_3 : Operation 22 [1/1] (2.43ns)   --->   "%mmap_addr_read = read i32 @_ssdm_op_Read.m_axi.p1i32, i32 %mmap_addr" [/usr/local/include/tapa/xilinx/hls/vec.h:59]   --->   Operation 22 'read' 'mmap_addr_read' <Predicate = (!icmp_ln13)> <Delay = 2.43> <CoreInst = "m_axi">   --->   Core 121 'm_axi' <Latency = 0> <II = 1> <Delay = 1.00> <Adapter> <Opcode : 'read' 'write' 'readreq' 'writereq' 'writeresp'>
ST_3 : Operation 29 [1/1] (0.00ns)   --->   "%ret_ln0 = ret"   --->   Operation 29 'ret' 'ret_ln0' <Predicate = (icmp_ln13)> <Delay = 0.00>

State 4 <SV = 3> <Delay = 2.43>
ST_4 : Operation 23 [1/1] (2.43ns)   --->   "%mmap_addr_read_1 = read i32 @_ssdm_op_Read.m_axi.p1i32, i32 %mmap_addr" [/usr/local/include/tapa/xilinx/hls/vec.h:59]   --->   Operation 23 'read' 'mmap_addr_read_1' <Predicate = true> <Delay = 2.43> <CoreInst = "m_axi">   --->   Core 121 'm_axi' <Latency = 0> <II = 1> <Delay = 1.00> <Adapter> <Opcode : 'read' 'write' 'readreq' 'writereq' 'writeresp'>

State 5 <SV = 4> <Delay = 1.21>
ST_5 : Operation 24 [1/1] (0.00ns)   --->   "%specpipeline_ln14 = specpipeline void @_ssdm_op_SpecPipeline, i32 2, i32 0, i32 0, i32 0, void @empty_0" [/home/ubuntu/tapa_m/apps/jacobi/jacobi.xilinx_u55c_gen3x16_xdma_3_202210_1.hw.xo.tapa/cpp/Mmap2Stream.cpp:14]   --->   Operation 24 'specpipeline' 'specpipeline_ln14' <Predicate = true> <Delay = 0.00>
ST_5 : Operation 25 [1/1] (0.00ns)   --->   "%specloopname_ln13 = specloopname void @_ssdm_op_SpecLoopName, void @empty_7" [/home/ubuntu/tapa_m/apps/jacobi/jacobi.xilinx_u55c_gen3x16_xdma_3_202210_1.hw.xo.tapa/cpp/Mmap2Stream.cpp:13]   --->   Operation 25 'specloopname' 'specloopname_ln13' <Predicate = true> <Delay = 0.00>
ST_5 : Operation 26 [1/1] (0.00ns)   --->   "%p_0 = bitconcatenate i65 @_ssdm_op_BitConcatenate.i65.i1.i32.i32, i1 0, i32 %mmap_addr_read_1, i32 %mmap_addr_read" [/tools/Xilinx/Vitis_HLS/2022.1/common/technology/autopilot/hls_stream_39.h:174]   --->   Operation 26 'bitconcatenate' 'p_0' <Predicate = true> <Delay = 0.00>
ST_5 : Operation 27 [1/1] (1.21ns)   --->   "%write_ln174 = write void @_ssdm_op_Write.ap_fifo.volatile.i65P0A, i65 %stream, i65 %p_0" [/tools/Xilinx/Vitis_HLS/2022.1/common/technology/autopilot/hls_stream_39.h:174]   --->   Operation 27 'write' 'write_ln174' <Predicate = true> <Delay = 1.21> <CoreInst = "FIFO">   --->   Core 78 'FIFO' <Latency = 0> <II = 1> <Delay = 1.42> <Storage> <Opcode : 'read' 'write' 'nbread' 'nbwrite'> <Ports = 0> <Width = -1> <Depth = -1> <FIFO>
ST_5 : Operation 28 [1/1] (0.00ns)   --->   "%br_ln13 = br void %for.inc" [/home/ubuntu/tapa_m/apps/jacobi/jacobi.xilinx_u55c_gen3x16_xdma_3_202210_1.hw.xo.tapa/cpp/Mmap2Stream.cpp:13]   --->   Operation 28 'br' 'br_ln13' <Predicate = true> <Delay = 0.00>


============================================================
+ Verbose Summary: Timing violations
============================================================
Target clock period: 3.33ns, clock uncertainty: 0.9ns.

 <State 1>: 0.387ns
The critical path consists of the following:
	'alloca' operation ('i') [5]  (0 ns)
	'store' operation ('store_ln0') of constant 0 on local variable 'i' [11]  (0.387 ns)

 <State 2>: 1.53ns
The critical path consists of the following:
	'load' operation ('i', /home/ubuntu/tapa_m/apps/jacobi/jacobi.xilinx_u55c_gen3x16_xdma_3_202210_1.hw.xo.tapa/cpp/Mmap2Stream.cpp:13) on local variable 'i' [14]  (0 ns)
	'add' operation ('i', /home/ubuntu/tapa_m/apps/jacobi/jacobi.xilinx_u55c_gen3x16_xdma_3_202210_1.hw.xo.tapa/cpp/Mmap2Stream.cpp:13) [18]  (1.15 ns)
	'store' operation ('store_ln13', /home/ubuntu/tapa_m/apps/jacobi/jacobi.xilinx_u55c_gen3x16_xdma_3_202210_1.hw.xo.tapa/cpp/Mmap2Stream.cpp:13) of variable 'i', /home/ubuntu/tapa_m/apps/jacobi/jacobi.xilinx_u55c_gen3x16_xdma_3_202210_1.hw.xo.tapa/cpp/Mmap2Stream.cpp:13 on local variable 'i' [27]  (0.387 ns)

 <State 3>: 2.43ns
The critical path consists of the following:
	'getelementptr' operation ('mmap_addr', /home/ubuntu/tapa_m/apps/jacobi/jacobi.xilinx_u55c_gen3x16_xdma_3_202210_1.hw.xo.tapa/cpp/Mmap2Stream.cpp:13) [16]  (0 ns)
	bus read operation ('mmap_addr_read', /usr/local/include/tapa/xilinx/hls/vec.h:59) on port 'mmap' (/usr/local/include/tapa/xilinx/hls/vec.h:59) [23]  (2.43 ns)

 <State 4>: 2.43ns
The critical path consists of the following:
	bus read operation ('mmap_addr_read_1', /usr/local/include/tapa/xilinx/hls/vec.h:59) on port 'mmap' (/usr/local/include/tapa/xilinx/hls/vec.h:59) [24]  (2.43 ns)

 <State 5>: 1.22ns
The critical path consists of the following:
	fifo write operation ('write_ln174', /tools/Xilinx/Vitis_HLS/2022.1/common/technology/autopilot/hls_stream_39.h:174) on port 'stream' (/tools/Xilinx/Vitis_HLS/2022.1/common/technology/autopilot/hls_stream_39.h:174) [26]  (1.22 ns)


============================================================
+ Verbose Summary: Binding
============================================================
N/A
* FSMD analyzer results:
  - Output states:
 - Input state : 
  - Chain level:
	State 1
	State 2
	State 3
	State 4
	State 5


============================================================
+ Verbose Summary: Datapath Resource usage 
============================================================
N/A
