

================================================================
== Vitis HLS Report for 'Mmap2Stream_Pipeline_VITIS_LOOP_13_1'
================================================================
* Date:           Tue May  9 20:42:10 2023

* Version:        2022.1 (Build 3526262 on Mon Apr 18 15:47:01 MDT 2022)
* Project:        project
* Solution:       Mmap2Stream (Vivado IP Flow Target)
* Product family: virtexuplus
* Target device:  xcu55c-fsvh2892-2L-e


================================================================
== Performance Estimates
================================================================
+ Timing: 
    * Summary: 
    +--------+---------+----------+------------+
    |  Clock |  Target | Estimated| Uncertainty|
    +--------+---------+----------+------------+
    |ap_clk  |  3.33 ns|  2.433 ns|     0.90 ns|
    +--------+---------+----------+------------+

+ Latency: 
    * Summary: 
    +---------+---------+----------+----------+-----+-----+---------+
    |  Latency (cycles) |  Latency (absolute) |  Interval | Pipeline|
    |   min   |   max   |    min   |    max   | min | max |   Type  |
    +---------+---------+----------+----------+-----+-----+---------+
    |        ?|        ?|         ?|         ?|    ?|    ?|       no|
    +---------+---------+----------+----------+-----+-----+---------+

    + Detail: 
        * Instance: 
        N/A

        * Loop: 
        +-------------------+---------+---------+----------+-----------+-----------+------+----------+
        |                   |  Latency (cycles) | Iteration|  Initiation Interval  | Trip |          |
        |     Loop Name     |   min   |   max   |  Latency |  achieved |   target  | Count| Pipelined|
        +-------------------+---------+---------+----------+-----------+-----------+------+----------+
        |- VITIS_LOOP_13_1  |        ?|        ?|         4|          2|          2|     ?|       yes|
        +-------------------+---------+---------+----------+-----------+-----------+------+----------+



================================================================
== Utilization Estimates
================================================================
* Summary: 
+---------------------+---------+------+---------+---------+-----+
|         Name        | BRAM_18K|  DSP |    FF   |   LUT   | URAM|
+---------------------+---------+------+---------+---------+-----+
|DSP                  |        -|     -|        -|        -|    -|
|Expression           |        -|     -|        0|      108|    -|
|FIFO                 |        -|     -|        -|        -|    -|
|Instance             |        -|     -|        -|        -|    -|
|Memory               |        -|     -|        -|        -|    -|
|Multiplexer          |        -|     -|        -|       86|    -|
|Register             |        -|     -|      136|        -|    -|
+---------------------+---------+------+---------+---------+-----+
|Total                |        0|     0|      136|      194|    0|
+---------------------+---------+------+---------+---------+-----+
|Available SLR        |     1344|  3008|   869120|   434560|  320|
+---------------------+---------+------+---------+---------+-----+
|Utilization SLR (%)  |        0|     0|       ~0|       ~0|    0|
+---------------------+---------+------+---------+---------+-----+
|Available            |     4032|  9024|  2607360|  1303680|  960|
+---------------------+---------+------+---------+---------+-----+
|Utilization (%)      |        0|     0|       ~0|       ~0|    0|
+---------------------+---------+------+---------+---------+-----+

+ Detail: 
    * Instance: 
    N/A

    * DSP: 
    N/A

    * Memory: 
    N/A

    * FIFO: 
    N/A

    * Expression: 
    +----------------------------------+----------+----+---+----+------------+------------+
    |           Variable Name          | Operation| DSP| FF| LUT| Bitwidth P0| Bitwidth P1|
    +----------------------------------+----------+----+---+----+------------+------------+
    |i_2_fu_99_p2                      |         +|   0|  0|  71|          64|           1|
    |ap_block_pp0_stage1_11001         |       and|   0|  0|   2|           1|           1|
    |ap_block_state3_pp0_stage0_iter1  |       and|   0|  0|   2|           1|           1|
    |icmp_ln13_fu_94_p2                |      icmp|   0|  0|  29|          64|          64|
    |ap_block_pp0_stage0_01001         |        or|   0|  0|   2|           1|           1|
    |ap_enable_pp0                     |       xor|   0|  0|   2|           1|           2|
    +----------------------------------+----------+----+---+----+------------+------------+
    |Total                             |          |   0|  0| 108|         132|          70|
    +----------------------------------+----------+----+---+----+------------+------------+

    * Multiplexer: 
    +----------------------------------+----+-----------+-----+-----------+
    |               Name               | LUT| Input Size| Bits| Total Bits|
    +----------------------------------+----+-----------+-----+-----------+
    |ap_NS_fsm                         |  14|          3|    1|          3|
    |ap_done_int                       |   9|          2|    1|          2|
    |ap_enable_reg_pp0_iter0           |   9|          2|    1|          2|
    |ap_enable_reg_pp0_iter1           |   9|          2|    1|          2|
    |ap_enable_reg_pp0_iter2           |   9|          2|    1|          2|
    |ap_loop_exit_ready_pp0_iter1_reg  |   9|          2|    1|          2|
    |i_fu_54                           |   9|          2|   64|        128|
    |mmap_blk_n_R                      |   9|          2|    1|          2|
    |stream_blk_n                      |   9|          2|    1|          2|
    +----------------------------------+----+-----------+-----+-----------+
    |Total                             |  86|         19|   72|        145|
    +----------------------------------+----+-----------+-----+-----------+

    * Register: 
    +----------------------------------+----+----+-----+-----------+
    |               Name               | FF | LUT| Bits| Const Bits|
    +----------------------------------+----+----+-----+-----------+
    |ap_CS_fsm                         |   2|   0|    2|          0|
    |ap_done_reg                       |   1|   0|    1|          0|
    |ap_enable_reg_pp0_iter0_reg       |   1|   0|    1|          0|
    |ap_enable_reg_pp0_iter1           |   1|   0|    1|          0|
    |ap_enable_reg_pp0_iter2           |   1|   0|    1|          0|
    |ap_loop_exit_ready_pp0_iter1_reg  |   1|   0|    1|          0|
    |i_fu_54                           |  64|   0|   64|          0|
    |icmp_ln13_reg_142                 |   1|   0|    1|          0|
    |mmap_addr_read_1_reg_156          |  32|   0|   32|          0|
    |mmap_addr_read_reg_151            |  32|   0|   32|          0|
    +----------------------------------+----+----+-----+-----------+
    |Total                             | 136|   0|  136|          0|
    +----------------------------------+----+----+-----+-----------+



================================================================
== Interface
================================================================
* Summary: 
+---------------------+-----+-----+------------+--------------------------------------+--------------+
|      RTL Ports      | Dir | Bits|  Protocol  |             Source Object            |    C Type    |
+---------------------+-----+-----+------------+--------------------------------------+--------------+
|ap_clk               |   in|    1|  ap_ctrl_hs|  Mmap2Stream_Pipeline_VITIS_LOOP_13_1|  return value|
|ap_rst               |   in|    1|  ap_ctrl_hs|  Mmap2Stream_Pipeline_VITIS_LOOP_13_1|  return value|
|ap_start             |   in|    1|  ap_ctrl_hs|  Mmap2Stream_Pipeline_VITIS_LOOP_13_1|  return value|
|ap_done              |  out|    1|  ap_ctrl_hs|  Mmap2Stream_Pipeline_VITIS_LOOP_13_1|  return value|
|ap_idle              |  out|    1|  ap_ctrl_hs|  Mmap2Stream_Pipeline_VITIS_LOOP_13_1|  return value|
|ap_ready             |  out|    1|  ap_ctrl_hs|  Mmap2Stream_Pipeline_VITIS_LOOP_13_1|  return value|
|m_axi_mmap_AWVALID   |  out|    1|       m_axi|                                  mmap|       pointer|
|m_axi_mmap_AWREADY   |   in|    1|       m_axi|                                  mmap|       pointer|
|m_axi_mmap_AWADDR    |  out|   64|       m_axi|                                  mmap|       pointer|
|m_axi_mmap_AWID      |  out|    1|       m_axi|                                  mmap|       pointer|
|m_axi_mmap_AWLEN     |  out|   32|       m_axi|                                  mmap|       pointer|
|m_axi_mmap_AWSIZE    |  out|    3|       m_axi|                                  mmap|       pointer|
|m_axi_mmap_AWBURST   |  out|    2|       m_axi|                                  mmap|       pointer|
|m_axi_mmap_AWLOCK    |  out|    2|       m_axi|                                  mmap|       pointer|
|m_axi_mmap_AWCACHE   |  out|    4|       m_axi|                                  mmap|       pointer|
|m_axi_mmap_AWPROT    |  out|    3|       m_axi|                                  mmap|       pointer|
|m_axi_mmap_AWQOS     |  out|    4|       m_axi|                                  mmap|       pointer|
|m_axi_mmap_AWREGION  |  out|    4|       m_axi|                                  mmap|       pointer|
|m_axi_mmap_AWUSER    |  out|    1|       m_axi|                                  mmap|       pointer|
|m_axi_mmap_WVALID    |  out|    1|       m_axi|                                  mmap|       pointer|
|m_axi_mmap_WREADY    |   in|    1|       m_axi|                                  mmap|       pointer|
|m_axi_mmap_WDATA     |  out|   32|       m_axi|                                  mmap|       pointer|
|m_axi_mmap_WSTRB     |  out|    4|       m_axi|                                  mmap|       pointer|
|m_axi_mmap_WLAST     |  out|    1|       m_axi|                                  mmap|       pointer|
|m_axi_mmap_WID       |  out|    1|       m_axi|                                  mmap|       pointer|
|m_axi_mmap_WUSER     |  out|    1|       m_axi|                                  mmap|       pointer|
|m_axi_mmap_ARVALID   |  out|    1|       m_axi|                                  mmap|       pointer|
|m_axi_mmap_ARREADY   |   in|    1|       m_axi|                                  mmap|       pointer|
|m_axi_mmap_ARADDR    |  out|   64|       m_axi|                                  mmap|       pointer|
|m_axi_mmap_ARID      |  out|    1|       m_axi|                                  mmap|       pointer|
|m_axi_mmap_ARLEN     |  out|   32|       m_axi|                                  mmap|       pointer|
|m_axi_mmap_ARSIZE    |  out|    3|       m_axi|                                  mmap|       pointer|
|m_axi_mmap_ARBURST   |  out|    2|       m_axi|                                  mmap|       pointer|
|m_axi_mmap_ARLOCK    |  out|    2|       m_axi|                                  mmap|       pointer|
|m_axi_mmap_ARCACHE   |  out|    4|       m_axi|                                  mmap|       pointer|
|m_axi_mmap_ARPROT    |  out|    3|       m_axi|                                  mmap|       pointer|
|m_axi_mmap_ARQOS     |  out|    4|       m_axi|                                  mmap|       pointer|
|m_axi_mmap_ARREGION  |  out|    4|       m_axi|                                  mmap|       pointer|
|m_axi_mmap_ARUSER    |  out|    1|       m_axi|                                  mmap|       pointer|
|m_axi_mmap_RVALID    |   in|    1|       m_axi|                                  mmap|       pointer|
|m_axi_mmap_RREADY    |  out|    1|       m_axi|                                  mmap|       pointer|
|m_axi_mmap_RDATA     |   in|   32|       m_axi|                                  mmap|       pointer|
|m_axi_mmap_RLAST     |   in|    1|       m_axi|                                  mmap|       pointer|
|m_axi_mmap_RID       |   in|    1|       m_axi|                                  mmap|       pointer|
|m_axi_mmap_RFIFONUM  |   in|    9|       m_axi|                                  mmap|       pointer|
|m_axi_mmap_RUSER     |   in|    1|       m_axi|                                  mmap|       pointer|
|m_axi_mmap_RRESP     |   in|    2|       m_axi|                                  mmap|       pointer|
|m_axi_mmap_BVALID    |   in|    1|       m_axi|                                  mmap|       pointer|
|m_axi_mmap_BREADY    |  out|    1|       m_axi|                                  mmap|       pointer|
|m_axi_mmap_BRESP     |   in|    2|       m_axi|                                  mmap|       pointer|
|m_axi_mmap_BID       |   in|    1|       m_axi|                                  mmap|       pointer|
|m_axi_mmap_BUSER     |   in|    1|       m_axi|                                  mmap|       pointer|
|sext_ln13            |   in|   62|     ap_none|                             sext_ln13|        scalar|
|n                    |   in|   64|     ap_none|                                     n|        scalar|
|stream_din           |  out|   65|     ap_fifo|                                stream|       pointer|
|stream_full_n        |   in|    1|     ap_fifo|                                stream|       pointer|
|stream_write         |  out|    1|     ap_fifo|                                stream|       pointer|
+---------------------+-----+-----+------------+--------------------------------------+--------------+

