

================================================================
== Vitis HLS Report for 'Module3Func2_Pipeline_module_3_2_epoch'
================================================================
* Date:           Tue May  9 20:42:10 2023

* Version:        2022.1 (Build 3526262 on Mon Apr 18 15:47:01 MDT 2022)
* Project:        project
* Solution:       Module3Func2 (Vivado IP Flow Target)
* Product family: virtexuplus
* Target device:  xcu55c-fsvh2892-2L-e


================================================================
== Performance Estimates
================================================================
+ Timing: 
    * Summary: 
    +--------+---------+----------+------------+
    |  Clock |  Target | Estimated| Uncertainty|
    +--------+---------+----------+------------+
    |ap_clk  |  3.33 ns|  3.559 ns|     0.90 ns|
    +--------+---------+----------+------------+

+ Latency: 
    * Summary: 
    +---------+---------+----------+----------+-----+-----+---------+
    |  Latency (cycles) |  Latency (absolute) |  Interval | Pipeline|
    |   min   |   max   |    min   |    max   | min | max |   Type  |
    +---------+---------+----------+----------+-----+-----+---------+
    |        ?|        ?|         ?|         ?|    ?|    ?|       no|
    +---------+---------+----------+----------+-----+-----+---------+

    + Detail: 
        * Instance: 
        N/A

        * Loop: 
        +--------------------+---------+---------+----------+-----------+-----------+------+----------+
        |                    |  Latency (cycles) | Iteration|  Initiation Interval  | Trip |          |
        |      Loop Name     |   min   |   max   |  Latency |  achieved |   target  | Count| Pipelined|
        +--------------------+---------+---------+----------+-----------+-----------+------+----------+
        |- module_3_2_epoch  |        ?|        ?|         8|          1|          1|     ?|       yes|
        +--------------------+---------+---------+----------+-----------+-----------+------+----------+

============================================================
+ Verbose Summary: Synthesis Manager
============================================================
InlineROM: 1
ExposeGlobal: 0
============================================================
+ Verbose Summary: CDFG Model
============================================================
IsTopModel: 0
ResetActiveHigh: 1
IsCombinational: 0
IsDatapathOnly: 0
HasWiredReturn: 1
HasMFsm: 2
HasVarLatency: 1
IsPipeline: 0
IsRtlPipelined: 0
IsInstanceOverlapped: 0
IsDontTouch: 0
HasImplIP: 0
IsGatedGlobalClock: 0

+ Individual pipeline summary: 
  * Pipeline-0: initiation interval (II) = 1, depth = 8


============================================================
+ Verbose Summary: Schedule
============================================================
* Number of FSM states : 8
* Pipeline : 1
  Pipeline-0 : II = 1, D = 8, States = { 1 2 3 4 5 6 7 8 }
* Dataflow Pipeline: 0

* FSM state transitions: 
1 --> 2 
2 --> 3 
3 --> 4 
4 --> 5 
5 --> 6 
6 --> 7 
7 --> 8 
8 --> 

* FSM state operations: 

State 1 <SV = 0> <Delay = 3.18>
ST_1 : Operation 11 [1/1] (0.00ns)   --->   "%count = alloca i32 1"   --->   Operation 11 'alloca' 'count' <Predicate = true> <Delay = 0.00>
ST_1 : Operation 12 [1/1] (0.00ns)   --->   "%specinterface_ln0 = specinterface void @_ssdm_op_SpecInterface, i33 %fifo_ld_1_peek, void @empty_0, i32 0, i32 0, void @empty, i32 0, i32 0, void @empty, void @empty, void @empty, i32 0, i32 0, i32 0, i32 0, void @empty, void @empty, i32 4294967295, i32 0"   --->   Operation 12 'specinterface' 'specinterface_ln0' <Predicate = true> <Delay = 0.00>
ST_1 : Operation 13 [1/1] (0.00ns)   --->   "%specinterface_ln0 = specinterface void @_ssdm_op_SpecInterface, i33 %fifo_ld_1_s, void @empty_0, i32 0, i32 0, void @empty, i32 0, i32 0, void @empty, void @empty, void @empty, i32 0, i32 0, i32 0, i32 0, void @empty, void @empty, i32 4294967295, i32 0"   --->   Operation 13 'specinterface' 'specinterface_ln0' <Predicate = true> <Delay = 0.00>
ST_1 : Operation 14 [1/1] (0.00ns)   --->   "%specinterface_ln0 = specinterface void @_ssdm_op_SpecInterface, i33 %fifo_ld_0_peek, void @empty_0, i32 0, i32 0, void @empty, i32 0, i32 0, void @empty, void @empty, void @empty, i32 0, i32 0, i32 0, i32 0, void @empty, void @empty, i32 4294967295, i32 0"   --->   Operation 14 'specinterface' 'specinterface_ln0' <Predicate = true> <Delay = 0.00>
ST_1 : Operation 15 [1/1] (0.00ns)   --->   "%specinterface_ln0 = specinterface void @_ssdm_op_SpecInterface, i33 %fifo_ld_0_s, void @empty_0, i32 0, i32 0, void @empty, i32 0, i32 0, void @empty, void @empty, void @empty, i32 0, i32 0, i32 0, i32 0, void @empty, void @empty, i32 4294967295, i32 0"   --->   Operation 15 'specinterface' 'specinterface_ln0' <Predicate = true> <Delay = 0.00>
ST_1 : Operation 16 [1/1] (0.00ns)   --->   "%specinterface_ln0 = specinterface void @_ssdm_op_SpecInterface, i33 %fifo_st_0, void @empty_0, i32 0, i32 0, void @empty, i32 0, i32 0, void @empty, void @empty, void @empty, i32 0, i32 0, i32 0, i32 0, void @empty, void @empty, i32 4294967295, i32 0"   --->   Operation 16 'specinterface' 'specinterface_ln0' <Predicate = true> <Delay = 0.00>
ST_1 : Operation 17 [1/1] (0.38ns)   --->   "%store_ln0 = store i32 0, i32 %count"   --->   Operation 17 'store' 'store_ln0' <Predicate = true> <Delay = 0.38>
ST_1 : Operation 18 [1/1] (0.00ns)   --->   "%br_ln0 = br void %for.cond"   --->   Operation 18 'br' 'br_ln0' <Predicate = true> <Delay = 0.00>
ST_1 : Operation 19 [1/1] (0.00ns)   --->   "%specpipeline_ln48 = specpipeline void @_ssdm_op_SpecPipeline, i32 1, i32 0, i32 0, i32 0, void @empty" [/home/ubuntu/tapa_m/apps/jacobi/jacobi.xilinx_u55c_gen3x16_xdma_3_202210_1.hw.xo.tapa/cpp/Module3Func2.cpp:48]   --->   Operation 19 'specpipeline' 'specpipeline_ln48' <Predicate = true> <Delay = 0.00>
ST_1 : Operation 20 [1/1] (0.00ns)   --->   "%specloopname_ln46 = specloopname void @_ssdm_op_SpecLoopName, void @empty_2" [/home/ubuntu/tapa_m/apps/jacobi/jacobi.xilinx_u55c_gen3x16_xdma_3_202210_1.hw.xo.tapa/cpp/Module3Func2.cpp:46]   --->   Operation 20 'specloopname' 'specloopname_ln46' <Predicate = true> <Delay = 0.00>
ST_1 : Operation 21 [1/1] (0.00ns)   --->   "%tmp = nbreadreq i1 @_ssdm_op_NbReadReq.ap_fifo.i33P0A, i33 %fifo_ld_0_s, i32 1" [/tools/Xilinx/Vitis_HLS/2022.1/common/technology/autopilot/hls_stream_39.h:136]   --->   Operation 21 'nbreadreq' 'tmp' <Predicate = true> <Delay = 0.00> <CoreInst = "FIFO">   --->   Core 78 'FIFO' <Latency = 0> <II = 1> <Delay = 1.42> <Storage> <Opcode : 'read' 'write' 'nbread' 'nbwrite'> <Ports = 0> <Width = -1> <Depth = -1> <FIFO>
ST_1 : Operation 22 [1/1] (0.38ns)   --->   "%br_ln27 = br i1 %tmp, void %_ZNK4tapa7istreamIfE3eotERb.exit30, void %land.rhs.i.i24" [/usr/local/include/tapa/xilinx/hls/stream.h:27]   --->   Operation 22 'br' 'br_ln27' <Predicate = true> <Delay = 0.38>
ST_1 : Operation 23 [1/1] (1.21ns)   --->   "%fifo_ld_0_peek_read = nbread i34 @_ssdm_op_NbRead.ap_fifo.volatile.i33P0A, i33 %fifo_ld_0_peek" [/tools/Xilinx/Vitis_HLS/2022.1/common/technology/autopilot/hls_stream_39.h:164]   --->   Operation 23 'nbread' 'fifo_ld_0_peek_read' <Predicate = (tmp)> <Delay = 1.21> <CoreInst = "FIFO">   --->   Core 78 'FIFO' <Latency = 0> <II = 1> <Delay = 1.42> <Storage> <Opcode : 'read' 'write' 'nbread' 'nbwrite'> <Ports = 0> <Width = -1> <Depth = -1> <FIFO>
ST_1 : Operation 24 [1/1] (0.00ns) (grouped into LUT with out node phitmp1)   --->   "%p_vld = extractvalue i34 %fifo_ld_0_peek_read" [/tools/Xilinx/Vitis_HLS/2022.1/common/technology/autopilot/hls_stream_39.h:164]   --->   Operation 24 'extractvalue' 'p_vld' <Predicate = (tmp)> <Delay = 0.00>
ST_1 : Operation 25 [1/1] (0.00ns) (grouped into LUT with out node phitmp)   --->   "%p_s = extractvalue i34 %fifo_ld_0_peek_read" [/tools/Xilinx/Vitis_HLS/2022.1/common/technology/autopilot/hls_stream_39.h:164]   --->   Operation 25 'extractvalue' 'p_s' <Predicate = (tmp)> <Delay = 0.00>
ST_1 : Operation 26 [1/1] (0.00ns) (grouped into LUT with out node phitmp)   --->   "%elem_eot = bitselect i1 @_ssdm_op_BitSelect.i1.i33.i32, i33 %p_s, i32 32" [/tools/Xilinx/Vitis_HLS/2022.1/common/technology/autopilot/hls_stream_39.h:164]   --->   Operation 26 'bitselect' 'elem_eot' <Predicate = (tmp)> <Delay = 0.00>
ST_1 : Operation 27 [1/1] (0.12ns) (out node of the LUT)   --->   "%phitmp = xor i1 %elem_eot, i1 1" [/tools/Xilinx/Vitis_HLS/2022.1/common/technology/autopilot/hls_stream_39.h:164]   --->   Operation 27 'xor' 'phitmp' <Predicate = (tmp)> <Delay = 0.12> <CoreInst = "LogicGate">   --->   Core 74 'LogicGate' <Latency = 0> <II = 1> <Delay = 0.12> <FuncUnit> <Opcode : 'and' 'or' 'xor'> <InPorts = 2> <OutPorts = 1>
ST_1 : Operation 28 [1/1] (0.12ns) (out node of the LUT)   --->   "%phitmp1 = xor i1 %p_vld, i1 1" [/tools/Xilinx/Vitis_HLS/2022.1/common/technology/autopilot/hls_stream_39.h:164]   --->   Operation 28 'xor' 'phitmp1' <Predicate = (tmp)> <Delay = 0.12> <CoreInst = "LogicGate">   --->   Core 74 'LogicGate' <Latency = 0> <II = 1> <Delay = 0.12> <FuncUnit> <Opcode : 'and' 'or' 'xor'> <InPorts = 2> <OutPorts = 1>
ST_1 : Operation 29 [1/1] (0.38ns)   --->   "%br_ln0 = br void %_ZNK4tapa7istreamIfE3eotERb.exit30"   --->   Operation 29 'br' 'br_ln0' <Predicate = (tmp)> <Delay = 0.38>
ST_1 : Operation 30 [1/1] (0.00ns) (grouped into LUT with out node or_ln48)   --->   "%phi_ln48 = phi i1 %phitmp, void %land.rhs.i.i24, i1 0, void %for.cond" [/home/ubuntu/tapa_m/apps/jacobi/jacobi.xilinx_u55c_gen3x16_xdma_3_202210_1.hw.xo.tapa/cpp/Module3Func2.cpp:48]   --->   Operation 30 'phi' 'phi_ln48' <Predicate = true> <Delay = 0.00>
ST_1 : Operation 31 [1/1] (0.00ns)   --->   "%phi_ln48_1 = phi i1 %phitmp1, void %land.rhs.i.i24, i1 1, void %for.cond" [/home/ubuntu/tapa_m/apps/jacobi/jacobi.xilinx_u55c_gen3x16_xdma_3_202210_1.hw.xo.tapa/cpp/Module3Func2.cpp:48]   --->   Operation 31 'phi' 'phi_ln48_1' <Predicate = true> <Delay = 0.00>
ST_1 : Operation 32 [1/1] (0.12ns) (out node of the LUT)   --->   "%or_ln48 = or i1 %phi_ln48, i1 %phi_ln48_1" [/home/ubuntu/tapa_m/apps/jacobi/jacobi.xilinx_u55c_gen3x16_xdma_3_202210_1.hw.xo.tapa/cpp/Module3Func2.cpp:48]   --->   Operation 32 'or' 'or_ln48' <Predicate = true> <Delay = 0.12> <CoreInst = "LogicGate">   --->   Core 74 'LogicGate' <Latency = 0> <II = 1> <Delay = 0.12> <FuncUnit> <Opcode : 'and' 'or' 'xor'> <InPorts = 2> <OutPorts = 1>
ST_1 : Operation 33 [1/1] (0.00ns)   --->   "%br_ln48 = br i1 %or_ln48, void %_ZNK4tapa7istreamIfE3eotERb.exit.for.end_crit_edge.exitStub, void %land.rhs" [/home/ubuntu/tapa_m/apps/jacobi/jacobi.xilinx_u55c_gen3x16_xdma_3_202210_1.hw.xo.tapa/cpp/Module3Func2.cpp:48]   --->   Operation 33 'br' 'br_ln48' <Predicate = true> <Delay = 0.00>
ST_1 : Operation 34 [1/1] (0.00ns)   --->   "%tmp_3 = nbreadreq i1 @_ssdm_op_NbReadReq.ap_fifo.i33P0A, i33 %fifo_ld_1_s, i32 1" [/tools/Xilinx/Vitis_HLS/2022.1/common/technology/autopilot/hls_stream_39.h:136]   --->   Operation 34 'nbreadreq' 'tmp_3' <Predicate = (or_ln48)> <Delay = 0.00> <CoreInst = "FIFO">   --->   Core 78 'FIFO' <Latency = 0> <II = 1> <Delay = 1.42> <Storage> <Opcode : 'read' 'write' 'nbread' 'nbwrite'> <Ports = 0> <Width = -1> <Depth = -1> <FIFO>
ST_1 : Operation 35 [1/1] (0.38ns)   --->   "%br_ln27 = br i1 %tmp_3, void %_ZNK4tapa7istreamIfE3eotERb.exit, void %land.rhs.i.i" [/usr/local/include/tapa/xilinx/hls/stream.h:27]   --->   Operation 35 'br' 'br_ln27' <Predicate = (or_ln48)> <Delay = 0.38>
ST_1 : Operation 36 [1/1] (1.21ns)   --->   "%fifo_ld_1_peek_read = nbread i34 @_ssdm_op_NbRead.ap_fifo.volatile.i33P0A, i33 %fifo_ld_1_peek" [/tools/Xilinx/Vitis_HLS/2022.1/common/technology/autopilot/hls_stream_39.h:164]   --->   Operation 36 'nbread' 'fifo_ld_1_peek_read' <Predicate = (or_ln48 & tmp_3)> <Delay = 1.21> <CoreInst = "FIFO">   --->   Core 78 'FIFO' <Latency = 0> <II = 1> <Delay = 1.42> <Storage> <Opcode : 'read' 'write' 'nbread' 'nbwrite'> <Ports = 0> <Width = -1> <Depth = -1> <FIFO>
ST_1 : Operation 37 [1/1] (0.00ns) (grouped into LUT with out node phitmp2)   --->   "%p_vld1 = extractvalue i34 %fifo_ld_1_peek_read" [/tools/Xilinx/Vitis_HLS/2022.1/common/technology/autopilot/hls_stream_39.h:164]   --->   Operation 37 'extractvalue' 'p_vld1' <Predicate = (or_ln48 & tmp_3)> <Delay = 0.00>
ST_1 : Operation 38 [1/1] (0.00ns) (grouped into LUT with out node phitmp3)   --->   "%p_1 = extractvalue i34 %fifo_ld_1_peek_read" [/tools/Xilinx/Vitis_HLS/2022.1/common/technology/autopilot/hls_stream_39.h:164]   --->   Operation 38 'extractvalue' 'p_1' <Predicate = (or_ln48 & tmp_3)> <Delay = 0.00>
ST_1 : Operation 39 [1/1] (0.00ns) (grouped into LUT with out node phitmp3)   --->   "%elem_eot_1 = bitselect i1 @_ssdm_op_BitSelect.i1.i33.i32, i33 %p_1, i32 32" [/tools/Xilinx/Vitis_HLS/2022.1/common/technology/autopilot/hls_stream_39.h:164]   --->   Operation 39 'bitselect' 'elem_eot_1' <Predicate = (or_ln48 & tmp_3)> <Delay = 0.00>
ST_1 : Operation 40 [1/1] (0.12ns) (out node of the LUT)   --->   "%phitmp2 = xor i1 %p_vld1, i1 1" [/tools/Xilinx/Vitis_HLS/2022.1/common/technology/autopilot/hls_stream_39.h:164]   --->   Operation 40 'xor' 'phitmp2' <Predicate = (or_ln48 & tmp_3)> <Delay = 0.12> <CoreInst = "LogicGate">   --->   Core 74 'LogicGate' <Latency = 0> <II = 1> <Delay = 0.12> <FuncUnit> <Opcode : 'and' 'or' 'xor'> <InPorts = 2> <OutPorts = 1>
ST_1 : Operation 41 [1/1] (0.12ns) (out node of the LUT)   --->   "%phitmp3 = xor i1 %elem_eot_1, i1 1" [/tools/Xilinx/Vitis_HLS/2022.1/common/technology/autopilot/hls_stream_39.h:164]   --->   Operation 41 'xor' 'phitmp3' <Predicate = (or_ln48 & tmp_3)> <Delay = 0.12> <CoreInst = "LogicGate">   --->   Core 74 'LogicGate' <Latency = 0> <II = 1> <Delay = 0.12> <FuncUnit> <Opcode : 'and' 'or' 'xor'> <InPorts = 2> <OutPorts = 1>
ST_1 : Operation 42 [1/1] (0.38ns)   --->   "%br_ln0 = br void %_ZNK4tapa7istreamIfE3eotERb.exit"   --->   Operation 42 'br' 'br_ln0' <Predicate = (or_ln48 & tmp_3)> <Delay = 0.38>
ST_1 : Operation 43 [1/1] (0.00ns) (grouped into LUT with out node or_ln48_1)   --->   "%phi_ln48_2 = phi i1 %phitmp3, void %land.rhs.i.i, i1 0, void %land.rhs" [/home/ubuntu/tapa_m/apps/jacobi/jacobi.xilinx_u55c_gen3x16_xdma_3_202210_1.hw.xo.tapa/cpp/Module3Func2.cpp:48]   --->   Operation 43 'phi' 'phi_ln48_2' <Predicate = (or_ln48)> <Delay = 0.00>
ST_1 : Operation 44 [1/1] (0.00ns)   --->   "%phi_ln48_3 = phi i1 %phitmp2, void %land.rhs.i.i, i1 1, void %land.rhs" [/home/ubuntu/tapa_m/apps/jacobi/jacobi.xilinx_u55c_gen3x16_xdma_3_202210_1.hw.xo.tapa/cpp/Module3Func2.cpp:48]   --->   Operation 44 'phi' 'phi_ln48_3' <Predicate = (or_ln48)> <Delay = 0.00>
ST_1 : Operation 45 [1/1] (0.12ns) (out node of the LUT)   --->   "%or_ln48_1 = or i1 %phi_ln48_3, i1 %phi_ln48_2" [/home/ubuntu/tapa_m/apps/jacobi/jacobi.xilinx_u55c_gen3x16_xdma_3_202210_1.hw.xo.tapa/cpp/Module3Func2.cpp:48]   --->   Operation 45 'or' 'or_ln48_1' <Predicate = (or_ln48)> <Delay = 0.12> <CoreInst = "LogicGate">   --->   Core 74 'LogicGate' <Latency = 0> <II = 1> <Delay = 0.12> <FuncUnit> <Opcode : 'and' 'or' 'xor'> <InPorts = 2> <OutPorts = 1>
ST_1 : Operation 46 [1/1] (0.00ns)   --->   "%br_ln48 = br i1 %or_ln48_1, void %_ZNK4tapa7istreamIfE3eotERb.exit.for.end_crit_edge.exitStub, void %for.body" [/home/ubuntu/tapa_m/apps/jacobi/jacobi.xilinx_u55c_gen3x16_xdma_3_202210_1.hw.xo.tapa/cpp/Module3Func2.cpp:48]   --->   Operation 46 'br' 'br_ln48' <Predicate = (or_ln48)> <Delay = 0.00>
ST_1 : Operation 47 [1/1] (0.12ns)   --->   "%or_ln48_2 = or i1 %phi_ln48_1, i1 %phi_ln48_3" [/home/ubuntu/tapa_m/apps/jacobi/jacobi.xilinx_u55c_gen3x16_xdma_3_202210_1.hw.xo.tapa/cpp/Module3Func2.cpp:48]   --->   Operation 47 'or' 'or_ln48_2' <Predicate = (or_ln48 & or_ln48_1)> <Delay = 0.12> <CoreInst = "LogicGate">   --->   Core 74 'LogicGate' <Latency = 0> <II = 1> <Delay = 0.12> <FuncUnit> <Opcode : 'and' 'or' 'xor'> <InPorts = 2> <OutPorts = 1>
ST_1 : Operation 48 [1/1] (0.00ns)   --->   "%br_ln48 = br i1 %or_ln48_2, void %if.then, void %if.end15" [/home/ubuntu/tapa_m/apps/jacobi/jacobi.xilinx_u55c_gen3x16_xdma_3_202210_1.hw.xo.tapa/cpp/Module3Func2.cpp:48]   --->   Operation 48 'br' 'br_ln48' <Predicate = (or_ln48 & or_ln48_1)> <Delay = 0.00>
ST_1 : Operation 49 [1/1] (0.00ns)   --->   "%count_load_1 = load i32 %count" [/home/ubuntu/tapa_m/apps/jacobi/jacobi.xilinx_u55c_gen3x16_xdma_3_202210_1.hw.xo.tapa/cpp/Module3Func2.cpp:50]   --->   Operation 49 'load' 'count_load_1' <Predicate = (or_ln48 & or_ln48_1 & !or_ln48_2)> <Delay = 0.00>
ST_1 : Operation 50 [1/1] (0.85ns)   --->   "%do_ld_0 = icmp_sgt  i32 %count_load_1, i32 50" [/home/ubuntu/tapa_m/apps/jacobi/jacobi.xilinx_u55c_gen3x16_xdma_3_202210_1.hw.xo.tapa/cpp/Module3Func2.cpp:50]   --->   Operation 50 'icmp' 'do_ld_0' <Predicate = (or_ln48 & or_ln48_1 & !or_ln48_2)> <Delay = 0.85> <CoreInst = "Cmp">   --->   Core 9 'Cmp' <Latency = 0> <II = 1> <Delay = 0.85> <FuncUnit> <Opcode : 'icmp'> <InPorts = 2> <OutPorts = 1>
ST_1 : Operation 51 [1/1] (0.38ns)   --->   "%br_ln51 = br i1 %do_ld_0, void %if.end, void %if.then10" [/home/ubuntu/tapa_m/apps/jacobi/jacobi.xilinx_u55c_gen3x16_xdma_3_202210_1.hw.xo.tapa/cpp/Module3Func2.cpp:51]   --->   Operation 51 'br' 'br_ln51' <Predicate = (or_ln48 & or_ln48_1 & !or_ln48_2)> <Delay = 0.38>
ST_1 : Operation 52 [1/1] (1.21ns)   --->   "%fifo_ld_0_s_read = nbread i34 @_ssdm_op_NbRead.ap_fifo.volatile.i33P0A, i33 %fifo_ld_0_s" [/tools/Xilinx/Vitis_HLS/2022.1/common/technology/autopilot/hls_stream_39.h:164]   --->   Operation 52 'nbread' 'fifo_ld_0_s_read' <Predicate = (or_ln48 & or_ln48_1 & !or_ln48_2 & do_ld_0)> <Delay = 1.21> <CoreInst = "FIFO">   --->   Core 78 'FIFO' <Latency = 0> <II = 1> <Delay = 1.42> <Storage> <Opcode : 'read' 'write' 'nbread' 'nbwrite'> <Ports = 0> <Width = -1> <Depth = -1> <FIFO>
ST_1 : Operation 53 [1/1] (0.00ns)   --->   "%p_2 = extractvalue i34 %fifo_ld_0_s_read" [/tools/Xilinx/Vitis_HLS/2022.1/common/technology/autopilot/hls_stream_39.h:164]   --->   Operation 53 'extractvalue' 'p_2' <Predicate = (or_ln48 & or_ln48_1 & !or_ln48_2 & do_ld_0)> <Delay = 0.00>
ST_1 : Operation 54 [1/1] (0.00ns)   --->   "%trunc_ln164 = trunc i33 %p_2" [/tools/Xilinx/Vitis_HLS/2022.1/common/technology/autopilot/hls_stream_39.h:164]   --->   Operation 54 'trunc' 'trunc_ln164' <Predicate = (or_ln48 & or_ln48_1 & !or_ln48_2 & do_ld_0)> <Delay = 0.00>
ST_1 : Operation 55 [1/1] (0.00ns)   --->   "%count_load = load i32 %count" [/home/ubuntu/tapa_m/apps/jacobi/jacobi.xilinx_u55c_gen3x16_xdma_3_202210_1.hw.xo.tapa/cpp/Module3Func2.cpp:57]   --->   Operation 55 'load' 'count_load' <Predicate = (or_ln48 & or_ln48_1 & !or_ln48_2)> <Delay = 0.00>
ST_1 : Operation 56 [1/1] (1.21ns)   --->   "%fifo_ld_1_s_read = nbread i34 @_ssdm_op_NbRead.ap_fifo.volatile.i33P0A, i33 %fifo_ld_1_s" [/tools/Xilinx/Vitis_HLS/2022.1/common/technology/autopilot/hls_stream_39.h:164]   --->   Operation 56 'nbread' 'fifo_ld_1_s_read' <Predicate = (or_ln48 & or_ln48_1 & !or_ln48_2)> <Delay = 1.21> <CoreInst = "FIFO">   --->   Core 78 'FIFO' <Latency = 0> <II = 1> <Delay = 1.42> <Storage> <Opcode : 'read' 'write' 'nbread' 'nbwrite'> <Ports = 0> <Width = -1> <Depth = -1> <FIFO>
ST_1 : Operation 57 [1/1] (0.00ns)   --->   "%p_3 = extractvalue i34 %fifo_ld_1_s_read" [/tools/Xilinx/Vitis_HLS/2022.1/common/technology/autopilot/hls_stream_39.h:164]   --->   Operation 57 'extractvalue' 'p_3' <Predicate = (or_ln48 & or_ln48_1 & !or_ln48_2)> <Delay = 0.00>
ST_1 : Operation 58 [1/1] (0.00ns)   --->   "%trunc_ln164_1 = trunc i33 %p_3" [/tools/Xilinx/Vitis_HLS/2022.1/common/technology/autopilot/hls_stream_39.h:164]   --->   Operation 58 'trunc' 'trunc_ln164_1' <Predicate = (or_ln48 & or_ln48_1 & !or_ln48_2)> <Delay = 0.00>
ST_1 : Operation 59 [1/1] (0.88ns)   --->   "%add_ln57 = add i32 %count_load, i32 1" [/home/ubuntu/tapa_m/apps/jacobi/jacobi.xilinx_u55c_gen3x16_xdma_3_202210_1.hw.xo.tapa/cpp/Module3Func2.cpp:57]   --->   Operation 59 'add' 'add_ln57' <Predicate = (or_ln48 & or_ln48_1 & !or_ln48_2)> <Delay = 0.88> <CoreInst = "Adder">   --->   Core 1 'Adder' <Latency = 0> <II = 1> <Delay = 0.88> <FuncUnit> <Opcode : 'add' 'sub'> <InPorts = 2> <OutPorts = 1>
ST_1 : Operation 60 [1/1] (0.22ns)   --->   "%count_1 = select i1 %do_ld_0, i32 %count_load, i32 %add_ln57" [/home/ubuntu/tapa_m/apps/jacobi/jacobi.xilinx_u55c_gen3x16_xdma_3_202210_1.hw.xo.tapa/cpp/Module3Func2.cpp:56]   --->   Operation 60 'select' 'count_1' <Predicate = (or_ln48 & or_ln48_1 & !or_ln48_2)> <Delay = 0.22> <CoreInst = "Sel">   --->   Core 73 'Sel' <Latency = 0> <II = 1> <Delay = 0.22> <FuncUnit> <Opcode : 'select'> <InPorts = 3> <OutPorts = 1>
ST_1 : Operation 61 [1/1] (0.38ns)   --->   "%store_ln59 = store i32 %count_1, i32 %count" [/home/ubuntu/tapa_m/apps/jacobi/jacobi.xilinx_u55c_gen3x16_xdma_3_202210_1.hw.xo.tapa/cpp/Module3Func2.cpp:59]   --->   Operation 61 'store' 'store_ln59' <Predicate = (or_ln48 & or_ln48_1 & !or_ln48_2)> <Delay = 0.38>
ST_1 : Operation 62 [1/1] (0.00ns)   --->   "%br_ln48 = br void %for.cond" [/home/ubuntu/tapa_m/apps/jacobi/jacobi.xilinx_u55c_gen3x16_xdma_3_202210_1.hw.xo.tapa/cpp/Module3Func2.cpp:48]   --->   Operation 62 'br' 'br_ln48' <Predicate = (or_ln48 & or_ln48_1)> <Delay = 0.00>

State 2 <SV = 1> <Delay = 2.72>
ST_2 : Operation 63 [1/1] (0.00ns)   --->   "%elem_val_1 = bitcast i32 %trunc_ln164" [/tools/Xilinx/Vitis_HLS/2022.1/common/technology/autopilot/hls_stream_39.h:164]   --->   Operation 63 'bitcast' 'elem_val_1' <Predicate = (or_ln48 & or_ln48_1 & !or_ln48_2 & do_ld_0)> <Delay = 0.00>
ST_2 : Operation 64 [1/1] (0.38ns)   --->   "%br_ln53 = br void %if.end" [/home/ubuntu/tapa_m/apps/jacobi/jacobi.xilinx_u55c_gen3x16_xdma_3_202210_1.hw.xo.tapa/cpp/Module3Func2.cpp:53]   --->   Operation 64 'br' 'br_ln53' <Predicate = (or_ln48 & or_ln48_1 & !or_ln48_2 & do_ld_0)> <Delay = 0.38>
ST_2 : Operation 65 [1/1] (0.00ns)   --->   "%fifo_ref_0_1 = phi i32 %elem_val_1, void %if.then10, i32 0, void %if.then"   --->   Operation 65 'phi' 'fifo_ref_0_1' <Predicate = (!or_ln48_2)> <Delay = 0.00>
ST_2 : Operation 66 [1/1] (0.00ns)   --->   "%elem_val = bitcast i32 %trunc_ln164_1" [/tools/Xilinx/Vitis_HLS/2022.1/common/technology/autopilot/hls_stream_39.h:164]   --->   Operation 66 'bitcast' 'elem_val' <Predicate = (!or_ln48_2)> <Delay = 0.00>
ST_2 : Operation 67 [7/7] (2.34ns)   --->   "%add = fadd i32 %fifo_ref_0_1, i32 %elem_val" [/home/ubuntu/tapa_m/apps/jacobi/jacobi.xilinx_u55c_gen3x16_xdma_3_202210_1.hw.xo.tapa/cpp/Module3Func2.cpp:55]   --->   Operation 67 'fadd' 'add' <Predicate = (!or_ln48_2)> <Delay = 2.34> <CoreInst = "FAddSub_fulldsp">   --->   Core 18 'FAddSub_fulldsp' <Latency = 6> <II = 1> <Delay = 2.34> <FuncUnit> <Opcode : 'fadd' 'fsub'> <InPorts = 2> <OutPorts = 1>

State 3 <SV = 2> <Delay = 2.34>
ST_3 : Operation 68 [6/7] (2.34ns)   --->   "%add = fadd i32 %fifo_ref_0_1, i32 %elem_val" [/home/ubuntu/tapa_m/apps/jacobi/jacobi.xilinx_u55c_gen3x16_xdma_3_202210_1.hw.xo.tapa/cpp/Module3Func2.cpp:55]   --->   Operation 68 'fadd' 'add' <Predicate = (!or_ln48_2)> <Delay = 2.34> <CoreInst = "FAddSub_fulldsp">   --->   Core 18 'FAddSub_fulldsp' <Latency = 6> <II = 1> <Delay = 2.34> <FuncUnit> <Opcode : 'fadd' 'fsub'> <InPorts = 2> <OutPorts = 1>

State 4 <SV = 3> <Delay = 2.34>
ST_4 : Operation 69 [5/7] (2.34ns)   --->   "%add = fadd i32 %fifo_ref_0_1, i32 %elem_val" [/home/ubuntu/tapa_m/apps/jacobi/jacobi.xilinx_u55c_gen3x16_xdma_3_202210_1.hw.xo.tapa/cpp/Module3Func2.cpp:55]   --->   Operation 69 'fadd' 'add' <Predicate = (!or_ln48_2)> <Delay = 2.34> <CoreInst = "FAddSub_fulldsp">   --->   Core 18 'FAddSub_fulldsp' <Latency = 6> <II = 1> <Delay = 2.34> <FuncUnit> <Opcode : 'fadd' 'fsub'> <InPorts = 2> <OutPorts = 1>

State 5 <SV = 4> <Delay = 2.34>
ST_5 : Operation 70 [4/7] (2.34ns)   --->   "%add = fadd i32 %fifo_ref_0_1, i32 %elem_val" [/home/ubuntu/tapa_m/apps/jacobi/jacobi.xilinx_u55c_gen3x16_xdma_3_202210_1.hw.xo.tapa/cpp/Module3Func2.cpp:55]   --->   Operation 70 'fadd' 'add' <Predicate = (!or_ln48_2)> <Delay = 2.34> <CoreInst = "FAddSub_fulldsp">   --->   Core 18 'FAddSub_fulldsp' <Latency = 6> <II = 1> <Delay = 2.34> <FuncUnit> <Opcode : 'fadd' 'fsub'> <InPorts = 2> <OutPorts = 1>

State 6 <SV = 5> <Delay = 2.34>
ST_6 : Operation 71 [3/7] (2.34ns)   --->   "%add = fadd i32 %fifo_ref_0_1, i32 %elem_val" [/home/ubuntu/tapa_m/apps/jacobi/jacobi.xilinx_u55c_gen3x16_xdma_3_202210_1.hw.xo.tapa/cpp/Module3Func2.cpp:55]   --->   Operation 71 'fadd' 'add' <Predicate = (!or_ln48_2)> <Delay = 2.34> <CoreInst = "FAddSub_fulldsp">   --->   Core 18 'FAddSub_fulldsp' <Latency = 6> <II = 1> <Delay = 2.34> <FuncUnit> <Opcode : 'fadd' 'fsub'> <InPorts = 2> <OutPorts = 1>

State 7 <SV = 6> <Delay = 2.34>
ST_7 : Operation 72 [2/7] (2.34ns)   --->   "%add = fadd i32 %fifo_ref_0_1, i32 %elem_val" [/home/ubuntu/tapa_m/apps/jacobi/jacobi.xilinx_u55c_gen3x16_xdma_3_202210_1.hw.xo.tapa/cpp/Module3Func2.cpp:55]   --->   Operation 72 'fadd' 'add' <Predicate = (!or_ln48_2)> <Delay = 2.34> <CoreInst = "FAddSub_fulldsp">   --->   Core 18 'FAddSub_fulldsp' <Latency = 6> <II = 1> <Delay = 2.34> <FuncUnit> <Opcode : 'fadd' 'fsub'> <InPorts = 2> <OutPorts = 1>
ST_7 : Operation 78 [1/1] (0.00ns)   --->   "%ret_ln0 = ret"   --->   Operation 78 'ret' 'ret_ln0' <Predicate = (!or_ln48_1) | (!or_ln48)> <Delay = 0.00>

State 8 <SV = 7> <Delay = 3.55>
ST_8 : Operation 73 [1/7] (2.34ns)   --->   "%add = fadd i32 %fifo_ref_0_1, i32 %elem_val" [/home/ubuntu/tapa_m/apps/jacobi/jacobi.xilinx_u55c_gen3x16_xdma_3_202210_1.hw.xo.tapa/cpp/Module3Func2.cpp:55]   --->   Operation 73 'fadd' 'add' <Predicate = (!or_ln48_2)> <Delay = 2.34> <CoreInst = "FAddSub_fulldsp">   --->   Core 18 'FAddSub_fulldsp' <Latency = 6> <II = 1> <Delay = 2.34> <FuncUnit> <Opcode : 'fadd' 'fsub'> <InPorts = 2> <OutPorts = 1>
ST_8 : Operation 74 [1/1] (0.00ns)   --->   "%bitcast_ln174 = bitcast i32 %add" [/tools/Xilinx/Vitis_HLS/2022.1/common/technology/autopilot/hls_stream_39.h:174]   --->   Operation 74 'bitcast' 'bitcast_ln174' <Predicate = (!or_ln48_2)> <Delay = 0.00>
ST_8 : Operation 75 [1/1] (0.00ns)   --->   "%p_0 = bitconcatenate i33 @_ssdm_op_BitConcatenate.i33.i1.i32, i1 0, i32 %bitcast_ln174" [/tools/Xilinx/Vitis_HLS/2022.1/common/technology/autopilot/hls_stream_39.h:174]   --->   Operation 75 'bitconcatenate' 'p_0' <Predicate = (!or_ln48_2)> <Delay = 0.00>
ST_8 : Operation 76 [1/1] (1.21ns)   --->   "%write_ln174 = write void @_ssdm_op_Write.ap_fifo.volatile.i33P0A, i33 %fifo_st_0, i33 %p_0" [/tools/Xilinx/Vitis_HLS/2022.1/common/technology/autopilot/hls_stream_39.h:174]   --->   Operation 76 'write' 'write_ln174' <Predicate = (!or_ln48_2)> <Delay = 1.21> <CoreInst = "FIFO">   --->   Core 78 'FIFO' <Latency = 0> <II = 1> <Delay = 1.42> <Storage> <Opcode : 'read' 'write' 'nbread' 'nbwrite'> <Ports = 0> <Width = -1> <Depth = -1> <FIFO>
ST_8 : Operation 77 [1/1] (0.00ns)   --->   "%br_ln59 = br void %if.end15" [/home/ubuntu/tapa_m/apps/jacobi/jacobi.xilinx_u55c_gen3x16_xdma_3_202210_1.hw.xo.tapa/cpp/Module3Func2.cpp:59]   --->   Operation 77 'br' 'br_ln59' <Predicate = (!or_ln48_2)> <Delay = 0.00>


============================================================
+ Verbose Summary: Timing violations
============================================================
Target clock period: 3.33ns, clock uncertainty: 0.9ns.

 <State 1>: 3.19ns
The critical path consists of the following:
	fifo read operation ('fifo_ld_0_peek_read', /tools/Xilinx/Vitis_HLS/2022.1/common/technology/autopilot/hls_stream_39.h:164) on port 'fifo_ld_0_peek' (/tools/Xilinx/Vitis_HLS/2022.1/common/technology/autopilot/hls_stream_39.h:164) [20]  (1.22 ns)
	'xor' operation ('phitmp1', /tools/Xilinx/Vitis_HLS/2022.1/common/technology/autopilot/hls_stream_39.h:164) [25]  (0.122 ns)
	multiplexor before 'phi' operation ('phi_ln48_1', /home/ubuntu/tapa_m/apps/jacobi/jacobi.xilinx_u55c_gen3x16_xdma_3_202210_1.hw.xo.tapa/cpp/Module3Func2.cpp:48) with incoming values : ('phitmp1', /tools/Xilinx/Vitis_HLS/2022.1/common/technology/autopilot/hls_stream_39.h:164) [29]  (0.387 ns)
	'phi' operation ('phi_ln48_1', /home/ubuntu/tapa_m/apps/jacobi/jacobi.xilinx_u55c_gen3x16_xdma_3_202210_1.hw.xo.tapa/cpp/Module3Func2.cpp:48) with incoming values : ('phitmp1', /tools/Xilinx/Vitis_HLS/2022.1/common/technology/autopilot/hls_stream_39.h:164) [29]  (0 ns)
	'or' operation ('or_ln48_2', /home/ubuntu/tapa_m/apps/jacobi/jacobi.xilinx_u55c_gen3x16_xdma_3_202210_1.hw.xo.tapa/cpp/Module3Func2.cpp:48) [49]  (0.122 ns)
	blocking operation 1.34 ns on control path)

 <State 2>: 2.73ns
The critical path consists of the following:
	multiplexor before 'phi' operation ('elem.val') with incoming values : ('elem.val', /tools/Xilinx/Vitis_HLS/2022.1/common/technology/autopilot/hls_stream_39.h:164) [62]  (0.387 ns)
	'phi' operation ('elem.val') with incoming values : ('elem.val', /tools/Xilinx/Vitis_HLS/2022.1/common/technology/autopilot/hls_stream_39.h:164) [62]  (0 ns)
	'fadd' operation ('add', /home/ubuntu/tapa_m/apps/jacobi/jacobi.xilinx_u55c_gen3x16_xdma_3_202210_1.hw.xo.tapa/cpp/Module3Func2.cpp:55) [68]  (2.34 ns)

 <State 3>: 2.34ns
The critical path consists of the following:
	'fadd' operation ('add', /home/ubuntu/tapa_m/apps/jacobi/jacobi.xilinx_u55c_gen3x16_xdma_3_202210_1.hw.xo.tapa/cpp/Module3Func2.cpp:55) [68]  (2.34 ns)

 <State 4>: 2.34ns
The critical path consists of the following:
	'fadd' operation ('add', /home/ubuntu/tapa_m/apps/jacobi/jacobi.xilinx_u55c_gen3x16_xdma_3_202210_1.hw.xo.tapa/cpp/Module3Func2.cpp:55) [68]  (2.34 ns)

 <State 5>: 2.34ns
The critical path consists of the following:
	'fadd' operation ('add', /home/ubuntu/tapa_m/apps/jacobi/jacobi.xilinx_u55c_gen3x16_xdma_3_202210_1.hw.xo.tapa/cpp/Module3Func2.cpp:55) [68]  (2.34 ns)

 <State 6>: 2.34ns
The critical path consists of the following:
	'fadd' operation ('add', /home/ubuntu/tapa_m/apps/jacobi/jacobi.xilinx_u55c_gen3x16_xdma_3_202210_1.hw.xo.tapa/cpp/Module3Func2.cpp:55) [68]  (2.34 ns)

 <State 7>: 2.34ns
The critical path consists of the following:
	'fadd' operation ('add', /home/ubuntu/tapa_m/apps/jacobi/jacobi.xilinx_u55c_gen3x16_xdma_3_202210_1.hw.xo.tapa/cpp/Module3Func2.cpp:55) [68]  (2.34 ns)

 <State 8>: 3.56ns
The critical path consists of the following:
	'fadd' operation ('add', /home/ubuntu/tapa_m/apps/jacobi/jacobi.xilinx_u55c_gen3x16_xdma_3_202210_1.hw.xo.tapa/cpp/Module3Func2.cpp:55) [68]  (2.34 ns)
	fifo write operation ('write_ln174', /tools/Xilinx/Vitis_HLS/2022.1/common/technology/autopilot/hls_stream_39.h:174) on port 'fifo_st_0' (/tools/Xilinx/Vitis_HLS/2022.1/common/technology/autopilot/hls_stream_39.h:174) [71]  (1.22 ns)


============================================================
+ Verbose Summary: Binding
============================================================
N/A
* FSMD analyzer results:
  - Output states:
 - Input state : 
  - Chain level:
	State 1
	State 2
	State 3
	State 4
	State 5
	State 6
	State 7
	State 8


============================================================
+ Verbose Summary: Datapath Resource usage 
============================================================
N/A
