

================================================================
== Vitis HLS Report for 'Module8Func_Pipeline_module_8_epoch'
================================================================
* Date:           Tue May  9 20:42:10 2023

* Version:        2022.1 (Build 3526262 on Mon Apr 18 15:47:01 MDT 2022)
* Project:        project
* Solution:       Module8Func (Vivado IP Flow Target)
* Product family: virtexuplus
* Target device:  xcu55c-fsvh2892-2L-e


================================================================
== Performance Estimates
================================================================
+ Timing: 
    * Summary: 
    +--------+---------+----------+------------+
    |  Clock |  Target | Estimated| Uncertainty|
    +--------+---------+----------+------------+
    |ap_clk  |  3.33 ns|  3.186 ns|     0.90 ns|
    +--------+---------+----------+------------+

+ Latency: 
    * Summary: 
    +---------+---------+----------+----------+-----+-----+---------+
    |  Latency (cycles) |  Latency (absolute) |  Interval | Pipeline|
    |   min   |   max   |    min   |    max   | min | max |   Type  |
    +---------+---------+----------+----------+-----+-----+---------+
    |        ?|        ?|         ?|         ?|    ?|    ?|       no|
    +---------+---------+----------+----------+-----+-----+---------+

    + Detail: 
        * Instance: 
        N/A

        * Loop: 
        +------------------+---------+---------+----------+-----------+-----------+------+----------+
        |                  |  Latency (cycles) | Iteration|  Initiation Interval  | Trip |          |
        |     Loop Name    |   min   |   max   |  Latency |  achieved |   target  | Count| Pipelined|
        +------------------+---------+---------+----------+-----------+-----------+------+----------+
        |- module_8_epoch  |        ?|        ?|         2|          1|          1|     ?|       yes|
        +------------------+---------+---------+----------+-----------+-----------+------+----------+



================================================================
== Utilization Estimates
================================================================
* Summary: 
+---------------------+---------+------+---------+---------+-----+
|         Name        | BRAM_18K|  DSP |    FF   |   LUT   | URAM|
+---------------------+---------+------+---------+---------+-----+
|DSP                  |        -|     -|        -|        -|    -|
|Expression           |        -|     -|        0|       28|    -|
|FIFO                 |        -|     -|        -|        -|    -|
|Instance             |        -|     -|        -|        -|    -|
|Memory               |        -|     -|        -|        -|    -|
|Multiplexer          |        -|     -|        -|       73|    -|
|Register             |        -|     -|       68|        -|    -|
+---------------------+---------+------+---------+---------+-----+
|Total                |        0|     0|       68|      101|    0|
+---------------------+---------+------+---------+---------+-----+
|Available SLR        |     1344|  3008|   869120|   434560|  320|
+---------------------+---------+------+---------+---------+-----+
|Utilization SLR (%)  |        0|     0|       ~0|       ~0|    0|
+---------------------+---------+------+---------+---------+-----+
|Available            |     4032|  9024|  2607360|  1303680|  960|
+---------------------+---------+------+---------+---------+-----+
|Utilization (%)      |        0|     0|       ~0|       ~0|    0|
+---------------------+---------+------+---------+---------+-----+

+ Detail: 
    * Instance: 
    N/A

    * DSP: 
    N/A

    * Memory: 
    N/A

    * FIFO: 
    N/A

    * Expression: 
    +---------------------------------------+----------+----+---+----+------------+------------+
    |             Variable Name             | Operation| DSP| FF| LUT| Bitwidth P0| Bitwidth P1|
    +---------------------------------------+----------+----+---+----+------------+------------+
    |ap_block_pp0_stage0_01001              |       and|   0|  0|   2|           1|           1|
    |ap_block_state2_pp0_stage0_iter1       |       and|   0|  0|   2|           1|           1|
    |fifo_ld_0_peek_read_nbread_fu_54_p2_0  |       and|   0|  0|   2|           1|           0|
    |fifo_ld_1_peek_read_nbread_fu_68_p2_0  |       and|   0|  0|   2|           1|           0|
    |tmp_3_nbreadreq_fu_60_p3               |       and|   0|  0|   2|           1|           0|
    |tmp_nbreadreq_fu_46_p3                 |       and|   0|  0|   2|           1|           0|
    |or_ln59_1_fu_199_p2                    |        or|   0|  0|   2|           1|           1|
    |or_ln59_2_fu_205_p2                    |        or|   0|  0|   2|           1|           1|
    |or_ln59_fu_163_p2                      |        or|   0|  0|   2|           1|           1|
    |ap_enable_pp0                          |       xor|   0|  0|   2|           1|           2|
    |phitmp1_fu_156_p2                      |       xor|   0|  0|   2|           1|           2|
    |phitmp2_fu_185_p2                      |       xor|   0|  0|   2|           1|           2|
    |phitmp3_fu_192_p2                      |       xor|   0|  0|   2|           1|           2|
    |phitmp_fu_149_p2                       |       xor|   0|  0|   2|           1|           2|
    +---------------------------------------+----------+----+---+----+------------+------------+
    |Total                                  |          |   0|  0|  28|          14|          15|
    +---------------------------------------+----------+----+---+----+------------+------------+

    * Multiplexer: 
    +-------------------------------------+----+-----------+-----+-----------+
    |                 Name                | LUT| Input Size| Bits| Total Bits|
    +-------------------------------------+----+-----------+-----+-----------+
    |ap_done_int                          |   9|          2|    1|          2|
    |ap_enable_reg_pp0_iter1              |   9|          2|    1|          2|
    |ap_phi_mux_phi_ln59_1_phi_fu_106_p4  |  14|          3|    1|          3|
    |ap_phi_mux_phi_ln59_2_phi_fu_116_p4  |   9|          2|    1|          2|
    |ap_phi_mux_phi_ln59_3_phi_fu_126_p4  |  14|          3|    1|          3|
    |ap_phi_mux_phi_ln59_phi_fu_96_p4     |   9|          2|    1|          2|
    |dram_t0_bank_0_fifo_blk_n            |   9|          2|    1|          2|
    +-------------------------------------+----+-----------+-----+-----------+
    |Total                                |  73|         16|    7|         16|
    +-------------------------------------+----+-----------+-----+-----------+

    * Register: 
    +-------------------------+----+----+-----+-----------+
    |           Name          | FF | LUT| Bits| Const Bits|
    +-------------------------+----+----+-----+-----------+
    |ap_CS_fsm                |   1|   0|    1|          0|
    |ap_done_reg              |   1|   0|    1|          0|
    |ap_enable_reg_pp0_iter1  |   1|   0|    1|          0|
    |elem_val_1_reg_260       |  32|   0|   32|          0|
    |elem_val_reg_255         |  32|   0|   32|          0|
    |or_ln59_2_reg_251        |   1|   0|    1|          0|
    +-------------------------+----+----+-----+-----------+
    |Total                    |  68|   0|   68|          0|
    +-------------------------+----+----+-----+-----------+



================================================================
== Interface
================================================================
* Summary: 
+----------------------------+-----+-----+------------+-------------------------------------+--------------+
|          RTL Ports         | Dir | Bits|  Protocol  |            Source Object            |    C Type    |
+----------------------------+-----+-----+------------+-------------------------------------+--------------+
|ap_clk                      |   in|    1|  ap_ctrl_hs|  Module8Func_Pipeline_module_8_epoch|  return value|
|ap_rst                      |   in|    1|  ap_ctrl_hs|  Module8Func_Pipeline_module_8_epoch|  return value|
|ap_start                    |   in|    1|  ap_ctrl_hs|  Module8Func_Pipeline_module_8_epoch|  return value|
|ap_done                     |  out|    1|  ap_ctrl_hs|  Module8Func_Pipeline_module_8_epoch|  return value|
|ap_idle                     |  out|    1|  ap_ctrl_hs|  Module8Func_Pipeline_module_8_epoch|  return value|
|ap_ready                    |  out|    1|  ap_ctrl_hs|  Module8Func_Pipeline_module_8_epoch|  return value|
|dram_t0_bank_0_fifo_din     |  out|   65|     ap_fifo|                  dram_t0_bank_0_fifo|       pointer|
|dram_t0_bank_0_fifo_full_n  |   in|    1|     ap_fifo|                  dram_t0_bank_0_fifo|       pointer|
|dram_t0_bank_0_fifo_write   |  out|    1|     ap_fifo|                  dram_t0_bank_0_fifo|       pointer|
|fifo_ld_0_s_dout            |   in|   33|     ap_fifo|                          fifo_ld_0_s|       pointer|
|fifo_ld_0_s_empty_n         |   in|    1|     ap_fifo|                          fifo_ld_0_s|       pointer|
|fifo_ld_0_s_read            |  out|    1|     ap_fifo|                          fifo_ld_0_s|       pointer|
|fifo_ld_1_s_dout            |   in|   33|     ap_fifo|                          fifo_ld_1_s|       pointer|
|fifo_ld_1_s_empty_n         |   in|    1|     ap_fifo|                          fifo_ld_1_s|       pointer|
|fifo_ld_1_s_read            |  out|    1|     ap_fifo|                          fifo_ld_1_s|       pointer|
|fifo_ld_0_peek_dout         |   in|   33|     ap_fifo|                       fifo_ld_0_peek|       pointer|
|fifo_ld_0_peek_empty_n      |   in|    1|     ap_fifo|                       fifo_ld_0_peek|       pointer|
|fifo_ld_0_peek_read         |  out|    1|     ap_fifo|                       fifo_ld_0_peek|       pointer|
|fifo_ld_1_peek_dout         |   in|   33|     ap_fifo|                       fifo_ld_1_peek|       pointer|
|fifo_ld_1_peek_empty_n      |   in|    1|     ap_fifo|                       fifo_ld_1_peek|       pointer|
|fifo_ld_1_peek_read         |  out|    1|     ap_fifo|                       fifo_ld_1_peek|       pointer|
+----------------------------+-----+-----+------------+-------------------------------------+--------------+

