

================================================================
== Vitis HLS Report for 'Stream2Mmap_Pipeline_VITIS_LOOP_18_1'
================================================================
* Date:           Tue May  9 20:42:10 2023

* Version:        2022.1 (Build 3526262 on Mon Apr 18 15:47:01 MDT 2022)
* Project:        project
* Solution:       Stream2Mmap (Vivado IP Flow Target)
* Product family: virtexuplus
* Target device:  xcu55c-fsvh2892-2L-e


================================================================
== Performance Estimates
================================================================
+ Timing: 
    * Summary: 
    +--------+---------+----------+------------+
    |  Clock |  Target | Estimated| Uncertainty|
    +--------+---------+----------+------------+
    |ap_clk  |  3.33 ns|  2.433 ns|     0.90 ns|
    +--------+---------+----------+------------+

+ Latency: 
    * Summary: 
    +---------+---------+----------+----------+-----+-----+---------+
    |  Latency (cycles) |  Latency (absolute) |  Interval | Pipeline|
    |   min   |   max   |    min   |    max   | min | max |   Type  |
    +---------+---------+----------+----------+-----+-----+---------+
    |        ?|        ?|         ?|         ?|    ?|    ?|       no|
    +---------+---------+----------+----------+-----+-----+---------+

    + Detail: 
        * Instance: 
        N/A

        * Loop: 
        +-------------------+---------+---------+----------+-----------+-----------+------+----------+
        |                   |  Latency (cycles) | Iteration|  Initiation Interval  | Trip |          |
        |     Loop Name     |   min   |   max   |  Latency |  achieved |   target  | Count| Pipelined|
        +-------------------+---------+---------+----------+-----------+-----------+------+----------+
        |- VITIS_LOOP_18_1  |        ?|        ?|         9|          2|          2|     ?|       yes|
        +-------------------+---------+---------+----------+-----------+-----------+------+----------+



================================================================
== Utilization Estimates
================================================================
* Summary: 
+---------------------+---------+------+---------+---------+-----+
|         Name        | BRAM_18K|  DSP |    FF   |   LUT   | URAM|
+---------------------+---------+------+---------+---------+-----+
|DSP                  |        -|     -|        -|        -|    -|
|Expression           |        -|     -|        0|      166|    -|
|FIFO                 |        -|     -|        -|        -|    -|
|Instance             |        -|     -|        -|        -|    -|
|Memory               |        -|     -|        -|        -|    -|
|Multiplexer          |        -|     -|        -|      114|    -|
|Register             |        -|     -|      268|       32|    -|
+---------------------+---------+------+---------+---------+-----+
|Total                |        0|     0|      268|      312|    0|
+---------------------+---------+------+---------+---------+-----+
|Available SLR        |     1344|  3008|   869120|   434560|  320|
+---------------------+---------+------+---------+---------+-----+
|Utilization SLR (%)  |        0|     0|       ~0|       ~0|    0|
+---------------------+---------+------+---------+---------+-----+
|Available            |     4032|  9024|  2607360|  1303680|  960|
+---------------------+---------+------+---------+---------+-----+
|Utilization (%)      |        0|     0|       ~0|       ~0|    0|
+---------------------+---------+------+---------+---------+-----+

+ Detail: 
    * Instance: 
    N/A

    * DSP: 
    N/A

    * Memory: 
    N/A

    * FIFO: 
    N/A

    * Expression: 
    +------------------------------------+----------+----+---+----+------------+------------+
    |            Variable Name           | Operation| DSP| FF| LUT| Bitwidth P0| Bitwidth P1|
    +------------------------------------+----------+----+---+----+------------+------------+
    |add_ln25_fu_193_p2                  |         +|   0|  0|  71|          64|          64|
    |i_1_fu_218_p2                       |         +|   0|  0|  71|          64|           1|
    |ap_block_pp0_stage1_01001           |       and|   0|  0|   2|           1|           1|
    |ap_block_state10_pp0_stage1_iter4   |       and|   0|  0|   2|           1|           1|
    |ap_block_state3_io                  |       and|   0|  0|   2|           1|           1|
    |ap_block_state4_io                  |       and|   0|  0|   2|           1|           1|
    |ap_block_state5_io                  |       and|   0|  0|   2|           1|           1|
    |stream_peek_read_nbread_fu_92_p2_0  |       and|   0|  0|   2|           1|           0|
    |tmp_nbreadreq_fu_84_p3              |       and|   0|  0|   2|           1|           0|
    |ap_block_pp0_stage0_11001           |        or|   0|  0|   2|           1|           1|
    |ap_block_pp0_stage1_11001           |        or|   0|  0|   2|           1|           1|
    |or_ln22_fu_178_p2                   |        or|   0|  0|   2|           1|           1|
    |ap_enable_pp0                       |       xor|   0|  0|   2|           1|           2|
    |phitmp_fu_171_p2                    |       xor|   0|  0|   2|           1|           2|
    +------------------------------------+----------+----+---+----+------------+------------+
    |Total                               |          |   0|  0| 166|         140|          77|
    +------------------------------------+----------+----+---+----+------------+------------+

    * Multiplexer: 
    +-------------------------------------+----+-----------+-----+-----------+
    |                 Name                | LUT| Input Size| Bits| Total Bits|
    +-------------------------------------+----+-----------+-----+-----------+
    |ap_NS_fsm                            |  14|          3|    1|          3|
    |ap_done_int                          |   9|          2|    1|          2|
    |ap_enable_reg_pp0_iter0              |   9|          2|    1|          2|
    |ap_enable_reg_pp0_iter1              |   9|          2|    1|          2|
    |ap_phi_mux_elem_eot_2_phi_fu_131_p4  |   9|          2|    1|          2|
    |ap_phi_mux_phi_ln22_phi_fu_141_p4    |  14|          3|    1|          3|
    |i_fu_74                              |   9|          2|   64|        128|
    |m_axi_mmap_WDATA                     |  14|          3|   32|         96|
    |mmap_blk_n_AW                        |   9|          2|    1|          2|
    |mmap_blk_n_B                         |   9|          2|    1|          2|
    |mmap_blk_n_W                         |   9|          2|    1|          2|
    +-------------------------------------+----+-----------+-----+-----------+
    |Total                                | 114|         25|  105|        244|
    +-------------------------------------+----+-----------+-----+-----------+

    * Register: 
    +----------------------------------+----+----+-----+-----------+
    |               Name               | FF | LUT| Bits| Const Bits|
    +----------------------------------+----+----+-----+-----------+
    |ap_CS_fsm                         |   2|   0|    2|          0|
    |ap_done_reg                       |   1|   0|    1|          0|
    |ap_enable_reg_pp0_iter0_reg       |   1|   0|    1|          0|
    |ap_enable_reg_pp0_iter1           |   1|   0|    1|          0|
    |ap_enable_reg_pp0_iter2           |   1|   0|    1|          0|
    |ap_enable_reg_pp0_iter3           |   1|   0|    1|          0|
    |ap_enable_reg_pp0_iter4           |   1|   0|    1|          0|
    |ap_loop_exit_ready_pp0_iter1_reg  |   1|   0|    1|          0|
    |ap_loop_exit_ready_pp0_iter2_reg  |   1|   0|    1|          0|
    |ap_loop_exit_ready_pp0_iter3_reg  |   1|   0|    1|          0|
    |elem_val_M_elems_1_reg_279        |  32|   0|   32|          0|
    |elem_val_M_elems_reg_274          |  32|   0|   32|          0|
    |i_fu_74                           |  64|   0|   64|          0|
    |mmap_addr_reg_267                 |  64|   0|   64|          0|
    |or_ln22_reg_263                   |   1|   0|    1|          0|
    |or_ln22_reg_263                   |  64|  32|    1|          0|
    +----------------------------------+----+----+-----+-----------+
    |Total                             | 268|  32|  205|          0|
    +----------------------------------+----+----+-----+-----------+



================================================================
== Interface
================================================================
* Summary: 
+---------------------+-----+-----+------------+--------------------------------------+--------------+
|      RTL Ports      | Dir | Bits|  Protocol  |             Source Object            |    C Type    |
+---------------------+-----+-----+------------+--------------------------------------+--------------+
|ap_clk               |   in|    1|  ap_ctrl_hs|  Stream2Mmap_Pipeline_VITIS_LOOP_18_1|  return value|
|ap_rst               |   in|    1|  ap_ctrl_hs|  Stream2Mmap_Pipeline_VITIS_LOOP_18_1|  return value|
|ap_start             |   in|    1|  ap_ctrl_hs|  Stream2Mmap_Pipeline_VITIS_LOOP_18_1|  return value|
|ap_done              |  out|    1|  ap_ctrl_hs|  Stream2Mmap_Pipeline_VITIS_LOOP_18_1|  return value|
|ap_idle              |  out|    1|  ap_ctrl_hs|  Stream2Mmap_Pipeline_VITIS_LOOP_18_1|  return value|
|ap_ready             |  out|    1|  ap_ctrl_hs|  Stream2Mmap_Pipeline_VITIS_LOOP_18_1|  return value|
|m_axi_mmap_AWVALID   |  out|    1|       m_axi|                                  mmap|       pointer|
|m_axi_mmap_AWREADY   |   in|    1|       m_axi|                                  mmap|       pointer|
|m_axi_mmap_AWADDR    |  out|   64|       m_axi|                                  mmap|       pointer|
|m_axi_mmap_AWID      |  out|    1|       m_axi|                                  mmap|       pointer|
|m_axi_mmap_AWLEN     |  out|   32|       m_axi|                                  mmap|       pointer|
|m_axi_mmap_AWSIZE    |  out|    3|       m_axi|                                  mmap|       pointer|
|m_axi_mmap_AWBURST   |  out|    2|       m_axi|                                  mmap|       pointer|
|m_axi_mmap_AWLOCK    |  out|    2|       m_axi|                                  mmap|       pointer|
|m_axi_mmap_AWCACHE   |  out|    4|       m_axi|                                  mmap|       pointer|
|m_axi_mmap_AWPROT    |  out|    3|       m_axi|                                  mmap|       pointer|
|m_axi_mmap_AWQOS     |  out|    4|       m_axi|                                  mmap|       pointer|
|m_axi_mmap_AWREGION  |  out|    4|       m_axi|                                  mmap|       pointer|
|m_axi_mmap_AWUSER    |  out|    1|       m_axi|                                  mmap|       pointer|
|m_axi_mmap_WVALID    |  out|    1|       m_axi|                                  mmap|       pointer|
|m_axi_mmap_WREADY    |   in|    1|       m_axi|                                  mmap|       pointer|
|m_axi_mmap_WDATA     |  out|   32|       m_axi|                                  mmap|       pointer|
|m_axi_mmap_WSTRB     |  out|    4|       m_axi|                                  mmap|       pointer|
|m_axi_mmap_WLAST     |  out|    1|       m_axi|                                  mmap|       pointer|
|m_axi_mmap_WID       |  out|    1|       m_axi|                                  mmap|       pointer|
|m_axi_mmap_WUSER     |  out|    1|       m_axi|                                  mmap|       pointer|
|m_axi_mmap_ARVALID   |  out|    1|       m_axi|                                  mmap|       pointer|
|m_axi_mmap_ARREADY   |   in|    1|       m_axi|                                  mmap|       pointer|
|m_axi_mmap_ARADDR    |  out|   64|       m_axi|                                  mmap|       pointer|
|m_axi_mmap_ARID      |  out|    1|       m_axi|                                  mmap|       pointer|
|m_axi_mmap_ARLEN     |  out|   32|       m_axi|                                  mmap|       pointer|
|m_axi_mmap_ARSIZE    |  out|    3|       m_axi|                                  mmap|       pointer|
|m_axi_mmap_ARBURST   |  out|    2|       m_axi|                                  mmap|       pointer|
|m_axi_mmap_ARLOCK    |  out|    2|       m_axi|                                  mmap|       pointer|
|m_axi_mmap_ARCACHE   |  out|    4|       m_axi|                                  mmap|       pointer|
|m_axi_mmap_ARPROT    |  out|    3|       m_axi|                                  mmap|       pointer|
|m_axi_mmap_ARQOS     |  out|    4|       m_axi|                                  mmap|       pointer|
|m_axi_mmap_ARREGION  |  out|    4|       m_axi|                                  mmap|       pointer|
|m_axi_mmap_ARUSER    |  out|    1|       m_axi|                                  mmap|       pointer|
|m_axi_mmap_RVALID    |   in|    1|       m_axi|                                  mmap|       pointer|
|m_axi_mmap_RREADY    |  out|    1|       m_axi|                                  mmap|       pointer|
|m_axi_mmap_RDATA     |   in|   32|       m_axi|                                  mmap|       pointer|
|m_axi_mmap_RLAST     |   in|    1|       m_axi|                                  mmap|       pointer|
|m_axi_mmap_RID       |   in|    1|       m_axi|                                  mmap|       pointer|
|m_axi_mmap_RFIFONUM  |   in|    9|       m_axi|                                  mmap|       pointer|
|m_axi_mmap_RUSER     |   in|    1|       m_axi|                                  mmap|       pointer|
|m_axi_mmap_RRESP     |   in|    2|       m_axi|                                  mmap|       pointer|
|m_axi_mmap_BVALID    |   in|    1|       m_axi|                                  mmap|       pointer|
|m_axi_mmap_BREADY    |  out|    1|       m_axi|                                  mmap|       pointer|
|m_axi_mmap_BRESP     |   in|    2|       m_axi|                                  mmap|       pointer|
|m_axi_mmap_BID       |   in|    1|       m_axi|                                  mmap|       pointer|
|m_axi_mmap_BUSER     |   in|    1|       m_axi|                                  mmap|       pointer|
|stream_s_dout        |   in|   65|     ap_fifo|                              stream_s|       pointer|
|stream_s_empty_n     |   in|    1|     ap_fifo|                              stream_s|       pointer|
|stream_s_read        |  out|    1|     ap_fifo|                              stream_s|       pointer|
|stream_peek_dout     |   in|   65|     ap_fifo|                           stream_peek|       pointer|
|stream_peek_empty_n  |   in|    1|     ap_fifo|                           stream_peek|       pointer|
|stream_peek_read     |  out|    1|     ap_fifo|                           stream_peek|       pointer|
|mmap_offset          |   in|   64|     ap_none|                           mmap_offset|        scalar|
+---------------------+-----+-----+------------+--------------------------------------+--------------+

