

================================================================
== Vitis HLS Report for 'krnl_partialKnn_wrapper_10_Pipeline_LOAD_QUERY'
================================================================
* Date:           Wed May 22 14:54:36 2024

* Version:        2022.1 (Build 3526262 on Mon Apr 18 15:47:01 MDT 2022)
* Project:        project
* Solution:       krnl_partialKnn_wrapper_10 (Vivado IP Flow Target)
* Product family: virtexuplus
* Target device:  xcu55c-fsvh2892-2L-e


================================================================
== Performance Estimates
================================================================
+ Timing: 
    * Summary: 
    +--------+---------+----------+------------+
    |  Clock |  Target | Estimated| Uncertainty|
    +--------+---------+----------+------------+
    |ap_clk  |  3.33 ns|  3.847 ns|     0.90 ns|
    +--------+---------+----------+------------+

+ Latency: 
    * Summary: 
    +---------+---------+----------+----------+-----+-----+---------+
    |  Latency (cycles) |  Latency (absolute) |  Interval | Pipeline|
    |   min   |   max   |    min   |    max   | min | max |   Type  |
    +---------+---------+----------+----------+-----+-----+---------+
    |        ?|        ?|         ?|         ?|    ?|    ?|       no|
    +---------+---------+----------+----------+-----+-----+---------+

    + Detail: 
        * Instance: 
        N/A

        * Loop: 
        +--------------+---------+---------+----------+-----------+-----------+------+----------+
        |              |  Latency (cycles) | Iteration|  Initiation Interval  | Trip |          |
        |   Loop Name  |   min   |   max   |  Latency |  achieved |   target  | Count| Pipelined|
        +--------------+---------+---------+----------+-----------+-----------+------+----------+
        |- LOAD_QUERY  |        ?|        ?|         2|          1|          1|     ?|       yes|
        +--------------+---------+---------+----------+-----------+-----------+------+----------+

============================================================
+ Verbose Summary: Synthesis Manager
============================================================
InlineROM: 1
ExposeGlobal: 0
============================================================
+ Verbose Summary: CDFG Model
============================================================
IsTopModel: 0
ResetActiveHigh: 1
IsCombinational: 0
IsDatapathOnly: 0
HasWiredReturn: 1
HasMFsm: 2
HasVarLatency: 1
IsPipeline: 0
IsRtlPipelined: 0
IsInstanceOverlapped: 0
IsDontTouch: 0
HasImplIP: 0
IsGatedGlobalClock: 0

+ Individual pipeline summary: 
  * Pipeline-0: initiation interval (II) = 1, depth = 2


============================================================
+ Verbose Summary: Schedule
============================================================
* Number of FSM states : 2
* Pipeline : 1
  Pipeline-0 : II = 1, D = 2, States = { 1 2 }
* Dataflow Pipeline: 0

* FSM state transitions: 
1 --> 2 
2 --> 

* FSM state operations: 

State 1 <SV = 0> <Delay = 2.06>
ST_1 : Operation 5 [1/1] (0.00ns)   --->   "%i_req = alloca i32 1"   --->   Operation 5 'alloca' 'i_req' <Predicate = true> <Delay = 0.00>
ST_1 : Operation 6 [1/1] (0.00ns)   --->   "%i_resp = alloca i32 1"   --->   Operation 6 'alloca' 'i_resp' <Predicate = true> <Delay = 0.00>
ST_1 : Operation 7 [1/1] (0.00ns)   --->   "%local_Query_0 = alloca i32 1"   --->   Operation 7 'alloca' 'local_Query_0' <Predicate = true> <Delay = 0.00>
ST_1 : Operation 8 [1/1] (0.00ns)   --->   "%local_Query_0_1 = alloca i32 1"   --->   Operation 8 'alloca' 'local_Query_0_1' <Predicate = true> <Delay = 0.00>
ST_1 : Operation 9 [1/1] (0.00ns)   --->   "%specinterface_ln0 = specinterface void @_ssdm_op_SpecInterface, i257 %searchSpace_0_read_data_s, void @empty_12, i32 0, i32 0, void @empty_10, i32 0, i32 0, void @empty_10, void @empty_10, void @empty_10, i32 0, i32 0, i32 0, i32 0, void @empty_10, void @empty_10, i32 4294967295, i32 0"   --->   Operation 9 'specinterface' 'specinterface_ln0' <Predicate = true> <Delay = 0.00>
ST_1 : Operation 10 [1/1] (0.00ns)   --->   "%specinterface_ln0 = specinterface void @_ssdm_op_SpecInterface, i65 %searchSpace_0_read_addr, void @empty_12, i32 0, i32 0, void @empty_10, i32 0, i32 0, void @empty_10, void @empty_10, void @empty_10, i32 0, i32 0, i32 0, i32 0, void @empty_10, void @empty_10, i32 4294967295, i32 0"   --->   Operation 10 'specinterface' 'specinterface_ln0' <Predicate = true> <Delay = 0.00>
ST_1 : Operation 11 [1/1] (0.38ns)   --->   "%store_ln0 = store i32 0, i32 %i_resp"   --->   Operation 11 'store' 'store_ln0' <Predicate = true> <Delay = 0.38>
ST_1 : Operation 12 [1/1] (0.38ns)   --->   "%store_ln0 = store i32 0, i32 %i_req"   --->   Operation 12 'store' 'store_ln0' <Predicate = true> <Delay = 0.38>
ST_1 : Operation 13 [1/1] (0.00ns)   --->   "%br_ln0 = br void %for.cond.i"   --->   Operation 13 'br' 'br_ln0' <Predicate = true> <Delay = 0.00>
ST_1 : Operation 14 [1/1] (0.00ns)   --->   "%i_resp_4 = load i32 %i_resp" [/home/nehaprakriya/Documents/tapa/regression/knn/src/run_split_check/cpp/krnl_partialKnn_wrapper_10.cpp:412]   --->   Operation 14 'load' 'i_resp_4' <Predicate = true> <Delay = 0.00>
ST_1 : Operation 15 [1/1] (0.00ns)   --->   "%trunc_ln396 = trunc i32 %i_resp_4" [/home/nehaprakriya/Documents/tapa/regression/knn/src/run_split_check/cpp/krnl_partialKnn_wrapper_10.cpp:396]   --->   Operation 15 'trunc' 'trunc_ln396' <Predicate = true> <Delay = 0.00>
ST_1 : Operation 16 [1/1] (0.00ns)   --->   "%tmp = partselect i31 @_ssdm_op_PartSelect.i31.i32.i32.i32, i32 %i_resp_4, i32 1, i32 31" [/home/nehaprakriya/Documents/tapa/regression/knn/src/run_split_check/cpp/krnl_partialKnn_wrapper_10.cpp:396]   --->   Operation 16 'partselect' 'tmp' <Predicate = true> <Delay = 0.00>
ST_1 : Operation 17 [1/1] (0.84ns)   --->   "%icmp_ln396 = icmp_slt  i31 %tmp, i31 1" [/home/nehaprakriya/Documents/tapa/regression/knn/src/run_split_check/cpp/krnl_partialKnn_wrapper_10.cpp:396]   --->   Operation 17 'icmp' 'icmp_ln396' <Predicate = true> <Delay = 0.84> <CoreInst = "Cmp">   --->   Core 9 'Cmp' <Latency = 0> <II = 1> <Delay = 0.84> <FuncUnit> <Opcode : 'icmp'> <InPorts = 2> <OutPorts = 1>
ST_1 : Operation 18 [1/1] (0.00ns)   --->   "%br_ln396 = br i1 %icmp_ln396, void %for.cond.cleanup.i.exitStub, void %for.body.i" [/home/nehaprakriya/Documents/tapa/regression/knn/src/run_split_check/cpp/krnl_partialKnn_wrapper_10.cpp:396]   --->   Operation 18 'br' 'br_ln396' <Predicate = true> <Delay = 0.00>
ST_1 : Operation 19 [1/1] (0.00ns)   --->   "%tmp_7 = nbreadreq i1 @_ssdm_op_NbReadReq.ap_fifo.i257P0A, i257 %searchSpace_0_read_data_s, i32 1" [/tools/Xilinx/Vitis_HLS/2022.1/common/technology/autopilot/hls_stream_39.h:136]   --->   Operation 19 'nbreadreq' 'tmp_7' <Predicate = (icmp_ln396)> <Delay = 0.00> <CoreInst = "FIFO">   --->   Core 78 'FIFO' <Latency = 0> <II = 1> <Delay = 1.42> <Storage> <Opcode : 'read' 'write' 'nbread' 'nbwrite'> <Ports = 0> <Width = -1> <Depth = -1> <FIFO>
ST_1 : Operation 20 [1/1] (0.00ns)   --->   "%br_ln405 = br i1 %tmp_7, void %if.end19.i, void %if.then12.i" [/home/nehaprakriya/Documents/tapa/regression/knn/src/run_split_check/cpp/krnl_partialKnn_wrapper_10.cpp:405]   --->   Operation 20 'br' 'br_ln405' <Predicate = (icmp_ln396)> <Delay = 0.00>
ST_1 : Operation 21 [1/1] (1.21ns)   --->   "%searchSpace_0_read_data_s_read = nbread i258 @_ssdm_op_NbRead.ap_fifo.volatile.i257P0A, i257 %searchSpace_0_read_data_s" [/tools/Xilinx/Vitis_HLS/2022.1/common/technology/autopilot/hls_stream_39.h:164]   --->   Operation 21 'nbread' 'searchSpace_0_read_data_s_read' <Predicate = (icmp_ln396 & tmp_7)> <Delay = 1.21> <CoreInst = "FIFO">   --->   Core 78 'FIFO' <Latency = 0> <II = 1> <Delay = 1.42> <Storage> <Opcode : 'read' 'write' 'nbread' 'nbwrite'> <Ports = 0> <Width = -1> <Depth = -1> <FIFO>
ST_1 : Operation 22 [1/1] (0.57ns)   --->   "%sub_ln407 = sub i3 0, i3 %trunc_ln396" [/home/nehaprakriya/Documents/tapa/regression/knn/src/run_split_check/cpp/krnl_partialKnn_wrapper_10.cpp:407]   --->   Operation 22 'sub' 'sub_ln407' <Predicate = (icmp_ln396 & tmp_7)> <Delay = 0.57> <CoreInst = "Adder">   --->   Core 1 'Adder' <Latency = 0> <II = 1> <Delay = 0.57> <FuncUnit> <Opcode : 'add' 'sub'> <InPorts = 2> <OutPorts = 1>
ST_1 : Operation 23 [1/1] (0.88ns)   --->   "%i_resp_5 = add i32 %i_resp_4, i32 1" [/home/nehaprakriya/Documents/tapa/regression/knn/src/run_split_check/cpp/krnl_partialKnn_wrapper_10.cpp:414]   --->   Operation 23 'add' 'i_resp_5' <Predicate = (icmp_ln396 & tmp_7)> <Delay = 0.88> <CoreInst = "Adder">   --->   Core 1 'Adder' <Latency = 0> <II = 1> <Delay = 0.88> <FuncUnit> <Opcode : 'add' 'sub'> <InPorts = 2> <OutPorts = 1>
ST_1 : Operation 24 [1/1] (0.38ns)   --->   "%store_ln415 = store i32 %i_resp_5, i32 %i_resp" [/home/nehaprakriya/Documents/tapa/regression/knn/src/run_split_check/cpp/krnl_partialKnn_wrapper_10.cpp:415]   --->   Operation 24 'store' 'store_ln415' <Predicate = (icmp_ln396 & tmp_7)> <Delay = 0.38>
ST_1 : Operation 25 [1/1] (0.00ns)   --->   "%br_ln396 = br void %for.cond.i" [/home/nehaprakriya/Documents/tapa/regression/knn/src/run_split_check/cpp/krnl_partialKnn_wrapper_10.cpp:396]   --->   Operation 25 'br' 'br_ln396' <Predicate = (icmp_ln396)> <Delay = 0.00>
ST_1 : Operation 68 [1/1] (0.00ns)   --->   "%local_Query_0_load = load i32 %local_Query_0"   --->   Operation 68 'load' 'local_Query_0_load' <Predicate = (!icmp_ln396)> <Delay = 0.00>
ST_1 : Operation 69 [1/1] (0.00ns)   --->   "%local_Query_0_1_load = load i32 %local_Query_0_1"   --->   Operation 69 'load' 'local_Query_0_1_load' <Predicate = (!icmp_ln396)> <Delay = 0.00>
ST_1 : Operation 70 [1/1] (0.00ns)   --->   "%write_ln0 = write void @_ssdm_op_Write.ap_auto.floatP0A, i32 %local_Query_0_1_out, i32 %local_Query_0_1_load"   --->   Operation 70 'write' 'write_ln0' <Predicate = (!icmp_ln396)> <Delay = 0.00>
ST_1 : Operation 71 [1/1] (0.00ns)   --->   "%write_ln0 = write void @_ssdm_op_Write.ap_auto.floatP0A, i32 %local_Query_0_out, i32 %local_Query_0_load"   --->   Operation 71 'write' 'write_ln0' <Predicate = (!icmp_ln396)> <Delay = 0.00>
ST_1 : Operation 72 [1/1] (0.00ns)   --->   "%ret_ln0 = ret"   --->   Operation 72 'ret' 'ret_ln0' <Predicate = (!icmp_ln396)> <Delay = 0.00>

State 2 <SV = 1> <Delay = 3.84>
ST_2 : Operation 26 [1/1] (0.00ns)   --->   "%i_req_load = load i32 %i_req" [/home/nehaprakriya/Documents/tapa/regression/knn/src/run_split_check/cpp/krnl_partialKnn_wrapper_10.cpp:400]   --->   Operation 26 'load' 'i_req_load' <Predicate = true> <Delay = 0.00>
ST_2 : Operation 27 [1/1] (0.00ns)   --->   "%specpipeline_ln397 = specpipeline void @_ssdm_op_SpecPipeline, i32 1, i32 0, i32 0, i32 0, void @empty_10" [/home/nehaprakriya/Documents/tapa/regression/knn/src/run_split_check/cpp/krnl_partialKnn_wrapper_10.cpp:397]   --->   Operation 27 'specpipeline' 'specpipeline_ln397' <Predicate = true> <Delay = 0.00>
ST_2 : Operation 28 [1/1] (0.00ns)   --->   "%specloopname_ln399 = specloopname void @_ssdm_op_SpecLoopName, void @empty_6" [/home/nehaprakriya/Documents/tapa/regression/knn/src/run_split_check/cpp/krnl_partialKnn_wrapper_10.cpp:399]   --->   Operation 28 'specloopname' 'specloopname_ln399' <Predicate = true> <Delay = 0.00>
ST_2 : Operation 29 [1/1] (0.00ns)   --->   "%tmp_5 = bitselect i1 @_ssdm_op_BitSelect.i1.i32.i32, i32 %i_req_load, i32 31" [/home/nehaprakriya/Documents/tapa/regression/knn/src/run_split_check/cpp/krnl_partialKnn_wrapper_10.cpp:399]   --->   Operation 29 'bitselect' 'tmp_5' <Predicate = true> <Delay = 0.00>
ST_2 : Operation 30 [1/1] (0.88ns)   --->   "%sub_ln399 = sub i32 0, i32 %i_req_load" [/home/nehaprakriya/Documents/tapa/regression/knn/src/run_split_check/cpp/krnl_partialKnn_wrapper_10.cpp:399]   --->   Operation 30 'sub' 'sub_ln399' <Predicate = true> <Delay = 0.88> <CoreInst = "Adder">   --->   Core 1 'Adder' <Latency = 0> <II = 1> <Delay = 0.88> <FuncUnit> <Opcode : 'add' 'sub'> <InPorts = 2> <OutPorts = 1>
ST_2 : Operation 31 [1/1] (0.00ns)   --->   "%trunc_ln399_1 = partselect i29 @_ssdm_op_PartSelect.i29.i32.i32.i32, i32 %sub_ln399, i32 3, i32 31" [/home/nehaprakriya/Documents/tapa/regression/knn/src/run_split_check/cpp/krnl_partialKnn_wrapper_10.cpp:399]   --->   Operation 31 'partselect' 'trunc_ln399_1' <Predicate = true> <Delay = 0.00>
ST_2 : Operation 32 [1/1] (0.00ns)   --->   "%zext_ln399 = zext i29 %trunc_ln399_1" [/home/nehaprakriya/Documents/tapa/regression/knn/src/run_split_check/cpp/krnl_partialKnn_wrapper_10.cpp:399]   --->   Operation 32 'zext' 'zext_ln399' <Predicate = true> <Delay = 0.00>
ST_2 : Operation 33 [1/1] (0.86ns)   --->   "%sub_ln399_1 = sub i30 0, i30 %zext_ln399" [/home/nehaprakriya/Documents/tapa/regression/knn/src/run_split_check/cpp/krnl_partialKnn_wrapper_10.cpp:399]   --->   Operation 33 'sub' 'sub_ln399_1' <Predicate = true> <Delay = 0.86> <CoreInst = "Adder">   --->   Core 1 'Adder' <Latency = 0> <II = 1> <Delay = 0.86> <FuncUnit> <Opcode : 'add' 'sub'> <InPorts = 2> <OutPorts = 1>
ST_2 : Operation 34 [1/1] (0.00ns)   --->   "%trunc_ln399_2 = partselect i29 @_ssdm_op_PartSelect.i29.i32.i32.i32, i32 %i_req_load, i32 3, i32 31" [/home/nehaprakriya/Documents/tapa/regression/knn/src/run_split_check/cpp/krnl_partialKnn_wrapper_10.cpp:399]   --->   Operation 34 'partselect' 'trunc_ln399_2' <Predicate = true> <Delay = 0.00>
ST_2 : Operation 35 [1/1] (0.00ns)   --->   "%zext_ln399_1 = zext i29 %trunc_ln399_2" [/home/nehaprakriya/Documents/tapa/regression/knn/src/run_split_check/cpp/krnl_partialKnn_wrapper_10.cpp:399]   --->   Operation 35 'zext' 'zext_ln399_1' <Predicate = true> <Delay = 0.00>
ST_2 : Operation 36 [1/1] (0.27ns)   --->   "%input_rd_idx = select i1 %tmp_5, i30 %sub_ln399_1, i30 %zext_ln399_1" [/home/nehaprakriya/Documents/tapa/regression/knn/src/run_split_check/cpp/krnl_partialKnn_wrapper_10.cpp:399]   --->   Operation 36 'select' 'input_rd_idx' <Predicate = true> <Delay = 0.27> <CoreInst = "Sel">   --->   Core 73 'Sel' <Latency = 0> <II = 1> <Delay = 0.27> <FuncUnit> <Opcode : 'select'> <InPorts = 3> <OutPorts = 1>
ST_2 : Operation 37 [1/1] (0.00ns)   --->   "%tmp_8 = partselect i31 @_ssdm_op_PartSelect.i31.i32.i32.i32, i32 %i_req_load, i32 1, i32 31" [/home/nehaprakriya/Documents/tapa/regression/knn/src/run_split_check/cpp/krnl_partialKnn_wrapper_10.cpp:400]   --->   Operation 37 'partselect' 'tmp_8' <Predicate = true> <Delay = 0.00>
ST_2 : Operation 38 [1/1] (0.84ns)   --->   "%icmp_ln400 = icmp_slt  i31 %tmp_8, i31 1" [/home/nehaprakriya/Documents/tapa/regression/knn/src/run_split_check/cpp/krnl_partialKnn_wrapper_10.cpp:400]   --->   Operation 38 'icmp' 'icmp_ln400' <Predicate = true> <Delay = 0.84> <CoreInst = "Cmp">   --->   Core 9 'Cmp' <Latency = 0> <II = 1> <Delay = 0.84> <FuncUnit> <Opcode : 'icmp'> <InPorts = 2> <OutPorts = 1>
ST_2 : Operation 39 [1/1] (0.00ns)   --->   "%br_ln400 = br i1 %icmp_ln400, void %land.end.i, void %land.rhs.i" [/home/nehaprakriya/Documents/tapa/regression/knn/src/run_split_check/cpp/krnl_partialKnn_wrapper_10.cpp:400]   --->   Operation 39 'br' 'br_ln400' <Predicate = true> <Delay = 0.00>
ST_2 : Operation 40 [1/1] (0.00ns)   --->   "%sext_ln400 = sext i30 %input_rd_idx" [/home/nehaprakriya/Documents/tapa/regression/knn/src/run_split_check/cpp/krnl_partialKnn_wrapper_10.cpp:400]   --->   Operation 40 'sext' 'sext_ln400' <Predicate = (icmp_ln400)> <Delay = 0.00>
ST_2 : Operation 41 [1/1] (0.00ns)   --->   "%p_0 = bitconcatenate i65 @_ssdm_op_BitConcatenate.i65.i1.i64, i1 0, i64 %sext_ln400" [/tools/Xilinx/Vitis_HLS/2022.1/common/technology/autopilot/hls_stream_39.h:185]   --->   Operation 41 'bitconcatenate' 'p_0' <Predicate = (icmp_ln400)> <Delay = 0.00>
ST_2 : Operation 42 [1/1] (1.21ns)   --->   "%tmp_6 = nbwrite i1 @_ssdm_op_NbWrite.ap_fifo.volatile.i65P0A, i65 %searchSpace_0_read_addr, i65 %p_0" [/tools/Xilinx/Vitis_HLS/2022.1/common/technology/autopilot/hls_stream_39.h:185]   --->   Operation 42 'nbwrite' 'tmp_6' <Predicate = (icmp_ln400)> <Delay = 1.21> <CoreInst = "FIFO">   --->   Core 78 'FIFO' <Latency = 0> <II = 1> <Delay = 1.42> <Storage> <Opcode : 'read' 'write' 'nbread' 'nbwrite'> <Ports = 0> <Width = -1> <Depth = -1> <FIFO>
ST_2 : Operation 43 [1/1] (0.88ns)   --->   "%add_ln401 = add i32 %i_req_load, i32 1" [/home/nehaprakriya/Documents/tapa/regression/knn/src/run_split_check/cpp/krnl_partialKnn_wrapper_10.cpp:401]   --->   Operation 43 'add' 'add_ln401' <Predicate = (icmp_ln400)> <Delay = 0.88> <CoreInst = "Adder">   --->   Core 1 'Adder' <Latency = 0> <II = 1> <Delay = 0.88> <FuncUnit> <Opcode : 'add' 'sub'> <InPorts = 2> <OutPorts = 1>
ST_2 : Operation 44 [1/1] (0.22ns)   --->   "%select_ln400 = select i1 %tmp_6, i32 %add_ln401, i32 %i_req_load" [/home/nehaprakriya/Documents/tapa/regression/knn/src/run_split_check/cpp/krnl_partialKnn_wrapper_10.cpp:400]   --->   Operation 44 'select' 'select_ln400' <Predicate = (icmp_ln400)> <Delay = 0.22> <CoreInst = "Sel">   --->   Core 73 'Sel' <Latency = 0> <II = 1> <Delay = 0.22> <FuncUnit> <Opcode : 'select'> <InPorts = 3> <OutPorts = 1>
ST_2 : Operation 45 [1/1] (0.38ns)   --->   "%store_ln400 = store i32 %select_ln400, i32 %i_req" [/home/nehaprakriya/Documents/tapa/regression/knn/src/run_split_check/cpp/krnl_partialKnn_wrapper_10.cpp:400]   --->   Operation 45 'store' 'store_ln400' <Predicate = (icmp_ln400)> <Delay = 0.38>
ST_2 : Operation 46 [1/1] (0.00ns)   --->   "%br_ln400 = br void %land.end.i" [/home/nehaprakriya/Documents/tapa/regression/knn/src/run_split_check/cpp/krnl_partialKnn_wrapper_10.cpp:400]   --->   Operation 46 'br' 'br_ln400' <Predicate = (icmp_ln400)> <Delay = 0.00>
ST_2 : Operation 47 [1/1] (0.00ns)   --->   "%local_Query_0_load_1 = load i32 %local_Query_0" [/home/nehaprakriya/Documents/tapa/regression/knn/src/run_split_check/cpp/krnl_partialKnn_wrapper_10.cpp:412]   --->   Operation 47 'load' 'local_Query_0_load_1' <Predicate = (tmp_7)> <Delay = 0.00>
ST_2 : Operation 48 [1/1] (0.00ns)   --->   "%local_Query_0_1_load_1 = load i32 %local_Query_0_1" [/home/nehaprakriya/Documents/tapa/regression/knn/src/run_split_check/cpp/krnl_partialKnn_wrapper_10.cpp:412]   --->   Operation 48 'load' 'local_Query_0_1_load_1' <Predicate = (tmp_7)> <Delay = 0.00>
ST_2 : Operation 49 [1/1] (0.00ns) (grouped into LUT with out node lshr_ln674)   --->   "%p_s = extractvalue i258 %searchSpace_0_read_data_s_read" [/tools/Xilinx/Vitis_HLS/2022.1/common/technology/autopilot/hls_stream_39.h:164]   --->   Operation 49 'extractvalue' 'p_s' <Predicate = (tmp_7)> <Delay = 0.00>
ST_2 : Operation 50 [1/1] (0.00ns) (grouped into LUT with out node lshr_ln674)   --->   "%elem_val_V = trunc i257 %p_s" [/tools/Xilinx/Vitis_HLS/2022.1/common/technology/autopilot/hls_stream_39.h:164]   --->   Operation 50 'trunc' 'elem_val_V' <Predicate = (tmp_7)> <Delay = 0.00>
ST_2 : Operation 51 [1/1] (0.00ns) (grouped into LUT with out node lshr_ln674)   --->   "%tmp_9 = bitselect i1 @_ssdm_op_BitSelect.i1.i32.i32, i32 %i_resp_4, i32 31" [/home/nehaprakriya/Documents/tapa/regression/knn/src/run_split_check/cpp/krnl_partialKnn_wrapper_10.cpp:407]   --->   Operation 51 'bitselect' 'tmp_9' <Predicate = (tmp_7)> <Delay = 0.00>
ST_2 : Operation 52 [1/1] (0.00ns)   --->   "%p_and_t = bitconcatenate i4 @_ssdm_op_BitConcatenate.i4.i1.i3, i1 0, i3 %sub_ln407" [/home/nehaprakriya/Documents/tapa/regression/knn/src/run_split_check/cpp/krnl_partialKnn_wrapper_10.cpp:407]   --->   Operation 52 'bitconcatenate' 'p_and_t' <Predicate = (tmp_7)> <Delay = 0.00>
ST_2 : Operation 53 [1/1] (0.00ns)   --->   "%zext_ln407 = zext i4 %p_and_t" [/home/nehaprakriya/Documents/tapa/regression/knn/src/run_split_check/cpp/krnl_partialKnn_wrapper_10.cpp:407]   --->   Operation 53 'zext' 'zext_ln407' <Predicate = (tmp_7)> <Delay = 0.00>
ST_2 : Operation 54 [1/1] (0.70ns)   --->   "%sub_ln407_1 = sub i5 0, i5 %zext_ln407" [/home/nehaprakriya/Documents/tapa/regression/knn/src/run_split_check/cpp/krnl_partialKnn_wrapper_10.cpp:407]   --->   Operation 54 'sub' 'sub_ln407_1' <Predicate = (tmp_7)> <Delay = 0.70> <CoreInst = "Adder">   --->   Core 1 'Adder' <Latency = 0> <II = 1> <Delay = 0.70> <FuncUnit> <Opcode : 'add' 'sub'> <InPorts = 2> <OutPorts = 1>
ST_2 : Operation 55 [1/1] (0.00ns) (grouped into LUT with out node lshr_ln674)   --->   "%trunc_ln407 = trunc i5 %sub_ln407_1" [/home/nehaprakriya/Documents/tapa/regression/knn/src/run_split_check/cpp/krnl_partialKnn_wrapper_10.cpp:407]   --->   Operation 55 'trunc' 'trunc_ln407' <Predicate = (tmp_7)> <Delay = 0.00>
ST_2 : Operation 56 [1/1] (0.00ns) (grouped into LUT with out node lshr_ln674)   --->   "%select_ln407 = select i1 %tmp_9, i3 %trunc_ln407, i3 %trunc_ln396" [/home/nehaprakriya/Documents/tapa/regression/knn/src/run_split_check/cpp/krnl_partialKnn_wrapper_10.cpp:407]   --->   Operation 56 'select' 'select_ln407' <Predicate = (tmp_7)> <Delay = 0.00> <CoreInst = "Sel">   --->   Core 73 'Sel' <Latency = 0> <II = 1> <Delay = 0.27> <FuncUnit> <Opcode : 'select'> <InPorts = 3> <OutPorts = 1>
ST_2 : Operation 57 [1/1] (0.00ns) (grouped into LUT with out node lshr_ln674)   --->   "%tmp_10 = bitconcatenate i8 @_ssdm_op_BitConcatenate.i8.i3.i5, i3 %select_ln407, i5 0"   --->   Operation 57 'bitconcatenate' 'tmp_10' <Predicate = (tmp_7)> <Delay = 0.00>
ST_2 : Operation 58 [1/1] (0.00ns) (grouped into LUT with out node lshr_ln674)   --->   "%zext_ln674 = zext i8 %tmp_10"   --->   Operation 58 'zext' 'zext_ln674' <Predicate = (tmp_7)> <Delay = 0.00>
ST_2 : Operation 59 [1/1] (1.20ns) (out node of the LUT)   --->   "%lshr_ln674 = lshr i256 %elem_val_V, i256 %zext_ln674"   --->   Operation 59 'lshr' 'lshr_ln674' <Predicate = (tmp_7)> <Delay = 1.20> <CoreInst = "Shifter">   --->   Core 75 'Shifter' <Latency = 0> <II = 1> <Delay = 1.20> <FuncUnit> <Opcode : 'shl' 'lshr' 'ashr'> <InPorts = 2> <OutPorts = 1>
ST_2 : Operation 60 [1/1] (0.00ns)   --->   "%tmp_11 = trunc i256 %lshr_ln674"   --->   Operation 60 'trunc' 'tmp_11' <Predicate = (tmp_7)> <Delay = 0.00>
ST_2 : Operation 61 [1/1] (0.00ns)   --->   "%bitcast_ln412 = bitcast i32 %tmp_11" [/home/nehaprakriya/Documents/tapa/regression/knn/src/run_split_check/cpp/krnl_partialKnn_wrapper_10.cpp:412]   --->   Operation 61 'bitcast' 'bitcast_ln412' <Predicate = (tmp_7)> <Delay = 0.00>
ST_2 : Operation 62 [1/1] (0.00ns)   --->   "%trunc_ln412 = trunc i32 %i_resp_4" [/home/nehaprakriya/Documents/tapa/regression/knn/src/run_split_check/cpp/krnl_partialKnn_wrapper_10.cpp:412]   --->   Operation 62 'trunc' 'trunc_ln412' <Predicate = (tmp_7)> <Delay = 0.00>
ST_2 : Operation 63 [1/1] (0.22ns)   --->   "%local_Query_0_2 = select i1 %trunc_ln412, i32 %local_Query_0_1_load_1, i32 %bitcast_ln412" [/home/nehaprakriya/Documents/tapa/regression/knn/src/run_split_check/cpp/krnl_partialKnn_wrapper_10.cpp:412]   --->   Operation 63 'select' 'local_Query_0_2' <Predicate = (tmp_7)> <Delay = 0.22> <CoreInst = "Sel">   --->   Core 73 'Sel' <Latency = 0> <II = 1> <Delay = 0.22> <FuncUnit> <Opcode : 'select'> <InPorts = 3> <OutPorts = 1>
ST_2 : Operation 64 [1/1] (0.22ns)   --->   "%local_Query_0_3 = select i1 %trunc_ln412, i32 %bitcast_ln412, i32 %local_Query_0_load_1" [/home/nehaprakriya/Documents/tapa/regression/knn/src/run_split_check/cpp/krnl_partialKnn_wrapper_10.cpp:412]   --->   Operation 64 'select' 'local_Query_0_3' <Predicate = (tmp_7)> <Delay = 0.22> <CoreInst = "Sel">   --->   Core 73 'Sel' <Latency = 0> <II = 1> <Delay = 0.22> <FuncUnit> <Opcode : 'select'> <InPorts = 3> <OutPorts = 1>
ST_2 : Operation 65 [1/1] (0.00ns)   --->   "%store_ln415 = store i32 %local_Query_0_2, i32 %local_Query_0_1" [/home/nehaprakriya/Documents/tapa/regression/knn/src/run_split_check/cpp/krnl_partialKnn_wrapper_10.cpp:415]   --->   Operation 65 'store' 'store_ln415' <Predicate = (tmp_7)> <Delay = 0.00>
ST_2 : Operation 66 [1/1] (0.00ns)   --->   "%store_ln415 = store i32 %local_Query_0_3, i32 %local_Query_0" [/home/nehaprakriya/Documents/tapa/regression/knn/src/run_split_check/cpp/krnl_partialKnn_wrapper_10.cpp:415]   --->   Operation 66 'store' 'store_ln415' <Predicate = (tmp_7)> <Delay = 0.00>
ST_2 : Operation 67 [1/1] (0.00ns)   --->   "%br_ln415 = br void %if.end19.i" [/home/nehaprakriya/Documents/tapa/regression/knn/src/run_split_check/cpp/krnl_partialKnn_wrapper_10.cpp:415]   --->   Operation 67 'br' 'br_ln415' <Predicate = (tmp_7)> <Delay = 0.00>


============================================================
+ Verbose Summary: Timing violations
============================================================
Target clock period: 3.33ns, clock uncertainty: 0.899ns.

 <State 1>: 2.06ns
The critical path consists of the following:
	'alloca' operation ('i_resp') [6]  (0 ns)
	'load' operation ('i_resp', /home/nehaprakriya/Documents/tapa/regression/knn/src/run_split_check/cpp/krnl_partialKnn_wrapper_10.cpp:412) on local variable 'i_resp' [15]  (0 ns)
	'add' operation ('i_resp', /home/nehaprakriya/Documents/tapa/regression/knn/src/run_split_check/cpp/krnl_partialKnn_wrapper_10.cpp:414) [67]  (0.88 ns)
	'store' operation ('store_ln415', /home/nehaprakriya/Documents/tapa/regression/knn/src/run_split_check/cpp/krnl_partialKnn_wrapper_10.cpp:415) of variable 'i_resp', /home/nehaprakriya/Documents/tapa/regression/knn/src/run_split_check/cpp/krnl_partialKnn_wrapper_10.cpp:414 on local variable 'i_resp' [70]  (0.387 ns)
	blocking operation 0.796 ns on control path)

 <State 2>: 3.85ns
The critical path consists of the following:
	'load' operation ('i_req_load', /home/nehaprakriya/Documents/tapa/regression/knn/src/run_split_check/cpp/krnl_partialKnn_wrapper_10.cpp:400) on local variable 'i_req' [21]  (0 ns)
	'sub' operation ('sub_ln399', /home/nehaprakriya/Documents/tapa/regression/knn/src/run_split_check/cpp/krnl_partialKnn_wrapper_10.cpp:399) [25]  (0.88 ns)
	'sub' operation ('sub_ln399_1', /home/nehaprakriya/Documents/tapa/regression/knn/src/run_split_check/cpp/krnl_partialKnn_wrapper_10.cpp:399) [28]  (0.862 ns)
	'select' operation ('input_rd_idx', /home/nehaprakriya/Documents/tapa/regression/knn/src/run_split_check/cpp/krnl_partialKnn_wrapper_10.cpp:399) [31]  (0.276 ns)
	fifo write operation ('tmp_6', /tools/Xilinx/Vitis_HLS/2022.1/common/technology/autopilot/hls_stream_39.h:185) on port 'searchSpace_0_read_addr' (/tools/Xilinx/Vitis_HLS/2022.1/common/technology/autopilot/hls_stream_39.h:185) [38]  (1.22 ns)
	'select' operation ('select_ln400', /home/nehaprakriya/Documents/tapa/regression/knn/src/run_split_check/cpp/krnl_partialKnn_wrapper_10.cpp:400) [40]  (0.227 ns)
	'store' operation ('store_ln400', /home/nehaprakriya/Documents/tapa/regression/knn/src/run_split_check/cpp/krnl_partialKnn_wrapper_10.cpp:400) of variable 'select_ln400', /home/nehaprakriya/Documents/tapa/regression/knn/src/run_split_check/cpp/krnl_partialKnn_wrapper_10.cpp:400 on local variable 'i_req' [41]  (0.387 ns)


============================================================
+ Verbose Summary: Binding
============================================================
N/A
* FSMD analyzer results:
  - Output states:
 - Input state : 
  - Chain level:
	State 1
	State 2


============================================================
+ Verbose Summary: Datapath Resource usage 
============================================================
N/A
