

================================================================
== Vitis HLS Report for 'seq_global_merge_L1_L2'
================================================================
* Date:           Wed May 22 14:54:24 2024

* Version:        2022.1 (Build 3526262 on Mon Apr 18 15:47:01 MDT 2022)
* Project:        project
* Solution:       krnl_globalSort_L1_L2 (Vivado IP Flow Target)
* Product family: virtexuplus
* Target device:  xcu55c-fsvh2892-2L-e


================================================================
== Performance Estimates
================================================================
+ Timing: 
    * Summary: 
    +--------+---------+----------+------------+
    |  Clock |  Target | Estimated| Uncertainty|
    +--------+---------+----------+------------+
    |ap_clk  |  3.33 ns|  2.385 ns|     0.90 ns|
    +--------+---------+----------+------------+

+ Latency: 
    * Summary: 
    +---------+---------+----------+----------+-----+-----+---------+
    |  Latency (cycles) |  Latency (absolute) |  Interval | Pipeline|
    |   min   |   max   |    min   |    max   | min | max |   Type  |
    +---------+---------+----------+----------+-----+-----+---------+
    |       91|       91|  0.303 us|  0.303 us|   91|   91|       no|
    +---------+---------+----------+----------+-----+-----+---------+

    + Detail: 
        * Instance: 
        N/A

        * Loop: 
        +--------------------+---------+---------+----------+-----------+-----------+------+----------+
        |                    |  Latency (cycles) | Iteration|  Initiation Interval  | Trip |          |
        |      Loop Name     |   min   |   max   |  Latency |  achieved |   target  | Count| Pipelined|
        +--------------------+---------+---------+----------+-----------+-----------+------+----------+
        |- VITIS_LOOP_714_2  |       90|       90|         9|          -|          -|    10|        no|
        +--------------------+---------+---------+----------+-----------+-----------+------+----------+

============================================================
+ Verbose Summary: Synthesis Manager
============================================================
InlineROM: 1
ExposeGlobal: 0
============================================================
+ Verbose Summary: CDFG Model
============================================================
IsTopModel: 0
ResetActiveHigh: 1
IsCombinational: 0
IsDatapathOnly: 0
HasWiredReturn: 1
HasMFsm: 0
HasVarLatency: 1
IsPipeline: 0
IsRtlPipelined: 0
IsInstanceOverlapped: 0
IsDontTouch: 0
HasImplIP: 0
IsGatedGlobalClock: 0


============================================================
+ Verbose Summary: Schedule
============================================================
* Number of FSM states : 4
* Pipeline : 0
* Dataflow Pipeline: 0

* FSM state transitions: 
1 --> 2 
2 --> 3 
3 --> 4 
4 --> 2 

* FSM state operations: 

State 1 <SV = 0> <Delay = 0.38>
ST_1 : Operation 5 [1/1] (0.00ns)   --->   "%i = alloca i32 1"   --->   Operation 5 'alloca' 'i' <Predicate = true> <Delay = 0.00>
ST_1 : Operation 6 [1/1] (0.00ns)   --->   "%id_9_080 = alloca i32 1"   --->   Operation 6 'alloca' 'id_9_080' <Predicate = true> <Delay = 0.00>
ST_1 : Operation 7 [1/1] (0.00ns)   --->   "%id_8_081 = alloca i32 1"   --->   Operation 7 'alloca' 'id_8_081' <Predicate = true> <Delay = 0.00>
ST_1 : Operation 8 [1/1] (0.00ns)   --->   "%dist_0_082 = alloca i32 1"   --->   Operation 8 'alloca' 'dist_0_082' <Predicate = true> <Delay = 0.00>
ST_1 : Operation 9 [1/1] (0.00ns)   --->   "%id_7_083 = alloca i32 1"   --->   Operation 9 'alloca' 'id_7_083' <Predicate = true> <Delay = 0.00>
ST_1 : Operation 10 [1/1] (0.00ns)   --->   "%id_6_084 = alloca i32 1"   --->   Operation 10 'alloca' 'id_6_084' <Predicate = true> <Delay = 0.00>
ST_1 : Operation 11 [1/1] (0.00ns)   --->   "%dist_1_085 = alloca i32 1"   --->   Operation 11 'alloca' 'dist_1_085' <Predicate = true> <Delay = 0.00>
ST_1 : Operation 12 [1/1] (0.00ns)   --->   "%id_5_086 = alloca i32 1"   --->   Operation 12 'alloca' 'id_5_086' <Predicate = true> <Delay = 0.00>
ST_1 : Operation 13 [1/1] (0.00ns)   --->   "%id_4_087 = alloca i32 1"   --->   Operation 13 'alloca' 'id_4_087' <Predicate = true> <Delay = 0.00>
ST_1 : Operation 14 [1/1] (0.00ns)   --->   "%dist_2_088 = alloca i32 1"   --->   Operation 14 'alloca' 'dist_2_088' <Predicate = true> <Delay = 0.00>
ST_1 : Operation 15 [1/1] (0.00ns)   --->   "%id_3_089 = alloca i32 1"   --->   Operation 15 'alloca' 'id_3_089' <Predicate = true> <Delay = 0.00>
ST_1 : Operation 16 [1/1] (0.00ns)   --->   "%id_2_090 = alloca i32 1"   --->   Operation 16 'alloca' 'id_2_090' <Predicate = true> <Delay = 0.00>
ST_1 : Operation 17 [1/1] (0.00ns)   --->   "%dist_3_091 = alloca i32 1"   --->   Operation 17 'alloca' 'dist_3_091' <Predicate = true> <Delay = 0.00>
ST_1 : Operation 18 [1/1] (0.00ns)   --->   "%id_1_092 = alloca i32 1"   --->   Operation 18 'alloca' 'id_1_092' <Predicate = true> <Delay = 0.00>
ST_1 : Operation 19 [1/1] (0.00ns)   --->   "%id_0_093 = alloca i32 1"   --->   Operation 19 'alloca' 'id_0_093' <Predicate = true> <Delay = 0.00>
ST_1 : Operation 20 [1/1] (0.00ns)   --->   "%dist_4_094 = alloca i32 1"   --->   Operation 20 'alloca' 'dist_4_094' <Predicate = true> <Delay = 0.00>
ST_1 : Operation 21 [1/1] (0.00ns)   --->   "%dist_9_095 = alloca i32 1"   --->   Operation 21 'alloca' 'dist_9_095' <Predicate = true> <Delay = 0.00>
ST_1 : Operation 22 [1/1] (0.00ns)   --->   "%dist_8_096 = alloca i32 1"   --->   Operation 22 'alloca' 'dist_8_096' <Predicate = true> <Delay = 0.00>
ST_1 : Operation 23 [1/1] (0.00ns)   --->   "%dist_5_097 = alloca i32 1"   --->   Operation 23 'alloca' 'dist_5_097' <Predicate = true> <Delay = 0.00>
ST_1 : Operation 24 [1/1] (0.00ns)   --->   "%dist_7_098 = alloca i32 1"   --->   Operation 24 'alloca' 'dist_7_098' <Predicate = true> <Delay = 0.00>
ST_1 : Operation 25 [1/1] (0.00ns)   --->   "%dist_6_099 = alloca i32 1"   --->   Operation 25 'alloca' 'dist_6_099' <Predicate = true> <Delay = 0.00>
ST_1 : Operation 26 [1/1] (0.00ns)   --->   "%idx = alloca i32 1"   --->   Operation 26 'alloca' 'idx' <Predicate = true> <Delay = 0.00>
ST_1 : Operation 27 [1/1] (0.00ns)   --->   "%idx_1 = alloca i32 1"   --->   Operation 27 'alloca' 'idx_1' <Predicate = true> <Delay = 0.00>
ST_1 : Operation 28 [1/1] (0.00ns)   --->   "%idx_2 = alloca i32 1"   --->   Operation 28 'alloca' 'idx_2' <Predicate = true> <Delay = 0.00>
ST_1 : Operation 29 [1/1] (0.00ns)   --->   "%p_read_31 = read i32 @_ssdm_op_Read.ap_auto.i32, i32 %p_read59"   --->   Operation 29 'read' 'p_read_31' <Predicate = true> <Delay = 0.00>
ST_1 : Operation 30 [1/1] (0.00ns)   --->   "%p_read_32 = read i32 @_ssdm_op_Read.ap_auto.i32, i32 %p_read58"   --->   Operation 30 'read' 'p_read_32' <Predicate = true> <Delay = 0.00>
ST_1 : Operation 31 [1/1] (0.00ns)   --->   "%p_read_33 = read i32 @_ssdm_op_Read.ap_auto.i32, i32 %p_read57"   --->   Operation 31 'read' 'p_read_33' <Predicate = true> <Delay = 0.00>
ST_1 : Operation 32 [1/1] (0.00ns)   --->   "%p_read_34 = read i32 @_ssdm_op_Read.ap_auto.i32, i32 %p_read56"   --->   Operation 32 'read' 'p_read_34' <Predicate = true> <Delay = 0.00>
ST_1 : Operation 33 [1/1] (0.00ns)   --->   "%p_read_35 = read i32 @_ssdm_op_Read.ap_auto.i32, i32 %p_read55"   --->   Operation 33 'read' 'p_read_35' <Predicate = true> <Delay = 0.00>
ST_1 : Operation 34 [1/1] (0.00ns)   --->   "%p_read_36 = read i32 @_ssdm_op_Read.ap_auto.i32, i32 %p_read54"   --->   Operation 34 'read' 'p_read_36' <Predicate = true> <Delay = 0.00>
ST_1 : Operation 35 [1/1] (0.00ns)   --->   "%p_read_37 = read i32 @_ssdm_op_Read.ap_auto.i32, i32 %p_read53"   --->   Operation 35 'read' 'p_read_37' <Predicate = true> <Delay = 0.00>
ST_1 : Operation 36 [1/1] (0.00ns)   --->   "%p_read_38 = read i32 @_ssdm_op_Read.ap_auto.i32, i32 %p_read52"   --->   Operation 36 'read' 'p_read_38' <Predicate = true> <Delay = 0.00>
ST_1 : Operation 37 [1/1] (0.00ns)   --->   "%p_read_39 = read i32 @_ssdm_op_Read.ap_auto.i32, i32 %p_read51"   --->   Operation 37 'read' 'p_read_39' <Predicate = true> <Delay = 0.00>
ST_1 : Operation 38 [1/1] (0.00ns)   --->   "%p_read_40 = read i32 @_ssdm_op_Read.ap_auto.i32, i32 %p_read50"   --->   Operation 38 'read' 'p_read_40' <Predicate = true> <Delay = 0.00>
ST_1 : Operation 39 [1/1] (0.00ns)   --->   "%p_read_41 = read i32 @_ssdm_op_Read.ap_auto.i32, i32 %p_read49"   --->   Operation 39 'read' 'p_read_41' <Predicate = true> <Delay = 0.00>
ST_1 : Operation 40 [1/1] (0.00ns)   --->   "%p_read_42 = read i32 @_ssdm_op_Read.ap_auto.i32, i32 %p_read48"   --->   Operation 40 'read' 'p_read_42' <Predicate = true> <Delay = 0.00>
ST_1 : Operation 41 [1/1] (0.00ns)   --->   "%p_read_43 = read i32 @_ssdm_op_Read.ap_auto.i32, i32 %p_read47"   --->   Operation 41 'read' 'p_read_43' <Predicate = true> <Delay = 0.00>
ST_1 : Operation 42 [1/1] (0.00ns)   --->   "%p_read_44 = read i32 @_ssdm_op_Read.ap_auto.i32, i32 %p_read46"   --->   Operation 42 'read' 'p_read_44' <Predicate = true> <Delay = 0.00>
ST_1 : Operation 43 [1/1] (0.00ns)   --->   "%p_read_45 = read i32 @_ssdm_op_Read.ap_auto.i32, i32 %p_read45"   --->   Operation 43 'read' 'p_read_45' <Predicate = true> <Delay = 0.00>
ST_1 : Operation 44 [1/1] (0.00ns)   --->   "%p_read_46 = read i32 @_ssdm_op_Read.ap_auto.i32, i32 %p_read44"   --->   Operation 44 'read' 'p_read_46' <Predicate = true> <Delay = 0.00>
ST_1 : Operation 45 [1/1] (0.00ns)   --->   "%p_read_47 = read i32 @_ssdm_op_Read.ap_auto.i32, i32 %p_read43"   --->   Operation 45 'read' 'p_read_47' <Predicate = true> <Delay = 0.00>
ST_1 : Operation 46 [1/1] (0.00ns)   --->   "%p_read_48 = read i32 @_ssdm_op_Read.ap_auto.i32, i32 %p_read42"   --->   Operation 46 'read' 'p_read_48' <Predicate = true> <Delay = 0.00>
ST_1 : Operation 47 [1/1] (0.00ns)   --->   "%p_read_49 = read i32 @_ssdm_op_Read.ap_auto.i32, i32 %p_read41"   --->   Operation 47 'read' 'p_read_49' <Predicate = true> <Delay = 0.00>
ST_1 : Operation 48 [1/1] (0.00ns)   --->   "%p_read_50 = read i32 @_ssdm_op_Read.ap_auto.i32, i32 %p_read40"   --->   Operation 48 'read' 'p_read_50' <Predicate = true> <Delay = 0.00>
ST_1 : Operation 49 [1/1] (0.00ns)   --->   "%p_read_51 = read i32 @_ssdm_op_Read.ap_auto.i32, i32 %p_read39"   --->   Operation 49 'read' 'p_read_51' <Predicate = true> <Delay = 0.00>
ST_1 : Operation 50 [1/1] (0.00ns)   --->   "%p_read_52 = read i32 @_ssdm_op_Read.ap_auto.i32, i32 %p_read38"   --->   Operation 50 'read' 'p_read_52' <Predicate = true> <Delay = 0.00>
ST_1 : Operation 51 [1/1] (0.00ns)   --->   "%p_read_53 = read i32 @_ssdm_op_Read.ap_auto.i32, i32 %p_read37"   --->   Operation 51 'read' 'p_read_53' <Predicate = true> <Delay = 0.00>
ST_1 : Operation 52 [1/1] (0.00ns)   --->   "%p_read_54 = read i32 @_ssdm_op_Read.ap_auto.i32, i32 %p_read36"   --->   Operation 52 'read' 'p_read_54' <Predicate = true> <Delay = 0.00>
ST_1 : Operation 53 [1/1] (0.00ns)   --->   "%p_read_55 = read i32 @_ssdm_op_Read.ap_auto.i32, i32 %p_read35"   --->   Operation 53 'read' 'p_read_55' <Predicate = true> <Delay = 0.00>
ST_1 : Operation 54 [1/1] (0.00ns)   --->   "%p_read_56 = read i32 @_ssdm_op_Read.ap_auto.i32, i32 %p_read34"   --->   Operation 54 'read' 'p_read_56' <Predicate = true> <Delay = 0.00>
ST_1 : Operation 55 [1/1] (0.00ns)   --->   "%p_read_57 = read i32 @_ssdm_op_Read.ap_auto.i32, i32 %p_read33"   --->   Operation 55 'read' 'p_read_57' <Predicate = true> <Delay = 0.00>
ST_1 : Operation 56 [1/1] (0.00ns)   --->   "%p_read_58 = read i32 @_ssdm_op_Read.ap_auto.i32, i32 %p_read32"   --->   Operation 56 'read' 'p_read_58' <Predicate = true> <Delay = 0.00>
ST_1 : Operation 57 [1/1] (0.00ns)   --->   "%p_read_59 = read i32 @_ssdm_op_Read.ap_auto.i32, i32 %p_read31"   --->   Operation 57 'read' 'p_read_59' <Predicate = true> <Delay = 0.00>
ST_1 : Operation 58 [1/1] (0.00ns)   --->   "%p_read_60 = read i32 @_ssdm_op_Read.ap_auto.i32, i32 %p_read30"   --->   Operation 58 'read' 'p_read_60' <Predicate = true> <Delay = 0.00>
ST_1 : Operation 59 [1/1] (0.00ns)   --->   "%p_read_61 = read i32 @_ssdm_op_Read.ap_auto.float, i32 %p_read29"   --->   Operation 59 'read' 'p_read_61' <Predicate = true> <Delay = 0.00>
ST_1 : Operation 60 [1/1] (0.00ns)   --->   "%p_read_62 = read i32 @_ssdm_op_Read.ap_auto.float, i32 %p_read28"   --->   Operation 60 'read' 'p_read_62' <Predicate = true> <Delay = 0.00>
ST_1 : Operation 61 [1/1] (0.00ns)   --->   "%p_read_63 = read i32 @_ssdm_op_Read.ap_auto.float, i32 %p_read27"   --->   Operation 61 'read' 'p_read_63' <Predicate = true> <Delay = 0.00>
ST_1 : Operation 62 [1/1] (0.00ns)   --->   "%p_read_64 = read i32 @_ssdm_op_Read.ap_auto.float, i32 %p_read26"   --->   Operation 62 'read' 'p_read_64' <Predicate = true> <Delay = 0.00>
ST_1 : Operation 63 [1/1] (0.00ns)   --->   "%p_read_65 = read i32 @_ssdm_op_Read.ap_auto.float, i32 %p_read25"   --->   Operation 63 'read' 'p_read_65' <Predicate = true> <Delay = 0.00>
ST_1 : Operation 64 [1/1] (0.00ns)   --->   "%p_read_66 = read i32 @_ssdm_op_Read.ap_auto.float, i32 %p_read24"   --->   Operation 64 'read' 'p_read_66' <Predicate = true> <Delay = 0.00>
ST_1 : Operation 65 [1/1] (0.00ns)   --->   "%p_read_67 = read i32 @_ssdm_op_Read.ap_auto.float, i32 %p_read23"   --->   Operation 65 'read' 'p_read_67' <Predicate = true> <Delay = 0.00>
ST_1 : Operation 66 [1/1] (0.00ns)   --->   "%p_read_68 = read i32 @_ssdm_op_Read.ap_auto.float, i32 %p_read22"   --->   Operation 66 'read' 'p_read_68' <Predicate = true> <Delay = 0.00>
ST_1 : Operation 67 [1/1] (0.00ns)   --->   "%p_read_69 = read i32 @_ssdm_op_Read.ap_auto.float, i32 %p_read21"   --->   Operation 67 'read' 'p_read_69' <Predicate = true> <Delay = 0.00>
ST_1 : Operation 68 [1/1] (0.00ns)   --->   "%p_read_70 = read i32 @_ssdm_op_Read.ap_auto.float, i32 %p_read20"   --->   Operation 68 'read' 'p_read_70' <Predicate = true> <Delay = 0.00>
ST_1 : Operation 69 [1/1] (0.00ns)   --->   "%p_read_71 = read i32 @_ssdm_op_Read.ap_auto.float, i32 %p_read19"   --->   Operation 69 'read' 'p_read_71' <Predicate = true> <Delay = 0.00>
ST_1 : Operation 70 [1/1] (0.00ns)   --->   "%p_read_72 = read i32 @_ssdm_op_Read.ap_auto.float, i32 %p_read18"   --->   Operation 70 'read' 'p_read_72' <Predicate = true> <Delay = 0.00>
ST_1 : Operation 71 [1/1] (0.00ns)   --->   "%p_read_73 = read i32 @_ssdm_op_Read.ap_auto.float, i32 %p_read17"   --->   Operation 71 'read' 'p_read_73' <Predicate = true> <Delay = 0.00>
ST_1 : Operation 72 [1/1] (0.00ns)   --->   "%p_read_74 = read i32 @_ssdm_op_Read.ap_auto.float, i32 %p_read16"   --->   Operation 72 'read' 'p_read_74' <Predicate = true> <Delay = 0.00>
ST_1 : Operation 73 [1/1] (0.00ns)   --->   "%p_read_75 = read i32 @_ssdm_op_Read.ap_auto.float, i32 %p_read15"   --->   Operation 73 'read' 'p_read_75' <Predicate = true> <Delay = 0.00>
ST_1 : Operation 74 [1/1] (0.00ns)   --->   "%p_read_76 = read i32 @_ssdm_op_Read.ap_auto.float, i32 %p_read14"   --->   Operation 74 'read' 'p_read_76' <Predicate = true> <Delay = 0.00>
ST_1 : Operation 75 [1/1] (0.00ns)   --->   "%p_read_77 = read i32 @_ssdm_op_Read.ap_auto.float, i32 %p_read13"   --->   Operation 75 'read' 'p_read_77' <Predicate = true> <Delay = 0.00>
ST_1 : Operation 76 [1/1] (0.00ns)   --->   "%p_read_78 = read i32 @_ssdm_op_Read.ap_auto.float, i32 %p_read12"   --->   Operation 76 'read' 'p_read_78' <Predicate = true> <Delay = 0.00>
ST_1 : Operation 77 [1/1] (0.00ns)   --->   "%p_read_79 = read i32 @_ssdm_op_Read.ap_auto.float, i32 %p_read11"   --->   Operation 77 'read' 'p_read_79' <Predicate = true> <Delay = 0.00>
ST_1 : Operation 78 [1/1] (0.00ns)   --->   "%p_read1070 = read i32 @_ssdm_op_Read.ap_auto.float, i32 %p_read10"   --->   Operation 78 'read' 'p_read1070' <Predicate = true> <Delay = 0.00>
ST_1 : Operation 79 [1/1] (0.00ns)   --->   "%p_read969 = read i32 @_ssdm_op_Read.ap_auto.float, i32 %p_read9"   --->   Operation 79 'read' 'p_read969' <Predicate = true> <Delay = 0.00>
ST_1 : Operation 80 [1/1] (0.00ns)   --->   "%p_read868 = read i32 @_ssdm_op_Read.ap_auto.float, i32 %p_read8"   --->   Operation 80 'read' 'p_read868' <Predicate = true> <Delay = 0.00>
ST_1 : Operation 81 [1/1] (0.00ns)   --->   "%p_read767 = read i32 @_ssdm_op_Read.ap_auto.float, i32 %p_read7"   --->   Operation 81 'read' 'p_read767' <Predicate = true> <Delay = 0.00>
ST_1 : Operation 82 [1/1] (0.00ns)   --->   "%p_read666 = read i32 @_ssdm_op_Read.ap_auto.float, i32 %p_read6"   --->   Operation 82 'read' 'p_read666' <Predicate = true> <Delay = 0.00>
ST_1 : Operation 83 [1/1] (0.00ns)   --->   "%p_read565 = read i32 @_ssdm_op_Read.ap_auto.float, i32 %p_read5"   --->   Operation 83 'read' 'p_read565' <Predicate = true> <Delay = 0.00>
ST_1 : Operation 84 [1/1] (0.00ns)   --->   "%p_read464 = read i32 @_ssdm_op_Read.ap_auto.float, i32 %p_read4"   --->   Operation 84 'read' 'p_read464' <Predicate = true> <Delay = 0.00>
ST_1 : Operation 85 [1/1] (0.00ns)   --->   "%p_read363 = read i32 @_ssdm_op_Read.ap_auto.float, i32 %p_read3"   --->   Operation 85 'read' 'p_read363' <Predicate = true> <Delay = 0.00>
ST_1 : Operation 86 [1/1] (0.00ns)   --->   "%p_read262 = read i32 @_ssdm_op_Read.ap_auto.float, i32 %p_read2"   --->   Operation 86 'read' 'p_read262' <Predicate = true> <Delay = 0.00>
ST_1 : Operation 87 [1/1] (0.00ns)   --->   "%p_read161 = read i32 @_ssdm_op_Read.ap_auto.float, i32 %p_read1"   --->   Operation 87 'read' 'p_read161' <Predicate = true> <Delay = 0.00>
ST_1 : Operation 88 [1/1] (0.00ns)   --->   "%p_read_80 = read i32 @_ssdm_op_Read.ap_auto.float, i32 %p_read"   --->   Operation 88 'read' 'p_read_80' <Predicate = true> <Delay = 0.00>
ST_1 : Operation 89 [1/1] (0.00ns)   --->   "%min_value_loc = alloca i64 1"   --->   Operation 89 'alloca' 'min_value_loc' <Predicate = true> <Delay = 0.00>
ST_1 : Operation 90 [1/1] (0.00ns)   --->   "%min_idx_loc = alloca i64 1"   --->   Operation 90 'alloca' 'min_idx_loc' <Predicate = true> <Delay = 0.00>
ST_1 : Operation 91 [1/1] (0.38ns)   --->   "%store_ln714 = store i32 9, i32 %idx_2" [/home/nehaprakriya/Documents/tapa/regression/knn/src/run_split_check/cpp/krnl_globalSort_L1_L2.cpp:714]   --->   Operation 91 'store' 'store_ln714' <Predicate = true> <Delay = 0.38>
ST_1 : Operation 92 [1/1] (0.38ns)   --->   "%store_ln714 = store i32 9, i32 %idx_1" [/home/nehaprakriya/Documents/tapa/regression/knn/src/run_split_check/cpp/krnl_globalSort_L1_L2.cpp:714]   --->   Operation 92 'store' 'store_ln714' <Predicate = true> <Delay = 0.38>
ST_1 : Operation 93 [1/1] (0.38ns)   --->   "%store_ln714 = store i32 9, i32 %idx" [/home/nehaprakriya/Documents/tapa/regression/knn/src/run_split_check/cpp/krnl_globalSort_L1_L2.cpp:714]   --->   Operation 93 'store' 'store_ln714' <Predicate = true> <Delay = 0.38>
ST_1 : Operation 94 [1/1] (0.38ns)   --->   "%store_ln714 = store i5 9, i5 %i" [/home/nehaprakriya/Documents/tapa/regression/knn/src/run_split_check/cpp/krnl_globalSort_L1_L2.cpp:714]   --->   Operation 94 'store' 'store_ln714' <Predicate = true> <Delay = 0.38>
ST_1 : Operation 95 [1/1] (0.00ns)   --->   "%br_ln714 = br void %VITIS_LOOP_718_3" [/home/nehaprakriya/Documents/tapa/regression/knn/src/run_split_check/cpp/krnl_globalSort_L1_L2.cpp:714]   --->   Operation 95 'br' 'br_ln714' <Predicate = true> <Delay = 0.00>

State 2 <SV = 1> <Delay = 1.45>
ST_2 : Operation 96 [1/1] (0.00ns)   --->   "%i_1 = load i5 %i" [/home/nehaprakriya/Documents/tapa/regression/knn/src/run_split_check/cpp/krnl_globalSort_L1_L2.cpp:726]   --->   Operation 96 'load' 'i_1' <Predicate = true> <Delay = 0.00>
ST_2 : Operation 97 [1/1] (0.00ns)   --->   "%tmp_4 = bitselect i1 @_ssdm_op_BitSelect.i1.i5.i32, i5 %i_1, i32 4" [/home/nehaprakriya/Documents/tapa/regression/knn/src/run_split_check/cpp/krnl_globalSort_L1_L2.cpp:714]   --->   Operation 97 'bitselect' 'tmp_4' <Predicate = true> <Delay = 0.00>
ST_2 : Operation 98 [1/1] (0.00ns)   --->   "%empty = speclooptripcount i32 @_ssdm_op_SpecLoopTripCount, i64 10, i64 10, i64 10"   --->   Operation 98 'speclooptripcount' 'empty' <Predicate = true> <Delay = 0.00>
ST_2 : Operation 99 [1/1] (0.00ns)   --->   "%br_ln714 = br i1 %tmp_4, void %VITIS_LOOP_718_3.split, void %for.end41" [/home/nehaprakriya/Documents/tapa/regression/knn/src/run_split_check/cpp/krnl_globalSort_L1_L2.cpp:714]   --->   Operation 99 'br' 'br_ln714' <Predicate = true> <Delay = 0.00>
ST_2 : Operation 100 [1/1] (0.00ns)   --->   "%idx_load = load i32 %idx"   --->   Operation 100 'load' 'idx_load' <Predicate = (!tmp_4)> <Delay = 0.00>
ST_2 : Operation 101 [1/1] (0.00ns)   --->   "%idx_1_load = load i32 %idx_1"   --->   Operation 101 'load' 'idx_1_load' <Predicate = (!tmp_4)> <Delay = 0.00>
ST_2 : Operation 102 [1/1] (0.00ns)   --->   "%idx_2_load = load i32 %idx_2"   --->   Operation 102 'load' 'idx_2_load' <Predicate = (!tmp_4)> <Delay = 0.00>
ST_2 : Operation 103 [2/2] (1.45ns)   --->   "%call_ln0 = call void @seq_global_merge_L1_L2_Pipeline_VITIS_LOOP_718_3, i32 %idx_load, i32 %idx_1_load, i32 %idx_2_load, i32 %p_read_80, i32 %p_read161, i32 %p_read262, i32 %p_read363, i32 %p_read464, i32 %p_read565, i32 %p_read666, i32 %p_read767, i32 %p_read868, i32 %p_read969, i32 %p_read1070, i32 %p_read_79, i32 %p_read_78, i32 %p_read_77, i32 %p_read_76, i32 %p_read_75, i32 %p_read_74, i32 %p_read_73, i32 %p_read_72, i32 %p_read_71, i32 %p_read_70, i32 %p_read_69, i32 %p_read_68, i32 %p_read_67, i32 %p_read_66, i32 %p_read_65, i32 %p_read_64, i32 %p_read_63, i32 %p_read_62, i32 %p_read_61, i32 %min_idx_loc, i32 %min_value_loc"   --->   Operation 103 'call' 'call_ln0' <Predicate = (!tmp_4)> <Delay = 1.45> <CoreType = "Generic">   --->   Core 0 '' <Latency = 0> <II = 1> <Delay = 1.00> <Generic> <Opcode : >
ST_2 : Operation 104 [1/1] (0.00ns)   --->   "%id_9_080_load = load i32 %id_9_080" [/home/nehaprakriya/Documents/tapa/regression/knn/src/run_split_check/cpp/krnl_globalSort_L1_L2.cpp:730]   --->   Operation 104 'load' 'id_9_080_load' <Predicate = (tmp_4)> <Delay = 0.00>
ST_2 : Operation 105 [1/1] (0.00ns)   --->   "%id_8_081_load = load i32 %id_8_081" [/home/nehaprakriya/Documents/tapa/regression/knn/src/run_split_check/cpp/krnl_globalSort_L1_L2.cpp:730]   --->   Operation 105 'load' 'id_8_081_load' <Predicate = (tmp_4)> <Delay = 0.00>
ST_2 : Operation 106 [1/1] (0.00ns)   --->   "%dist_0_082_load = load i32 %dist_0_082" [/home/nehaprakriya/Documents/tapa/regression/knn/src/run_split_check/cpp/krnl_globalSort_L1_L2.cpp:730]   --->   Operation 106 'load' 'dist_0_082_load' <Predicate = (tmp_4)> <Delay = 0.00>
ST_2 : Operation 107 [1/1] (0.00ns)   --->   "%id_7_083_load = load i32 %id_7_083" [/home/nehaprakriya/Documents/tapa/regression/knn/src/run_split_check/cpp/krnl_globalSort_L1_L2.cpp:730]   --->   Operation 107 'load' 'id_7_083_load' <Predicate = (tmp_4)> <Delay = 0.00>
ST_2 : Operation 108 [1/1] (0.00ns)   --->   "%id_6_084_load = load i32 %id_6_084" [/home/nehaprakriya/Documents/tapa/regression/knn/src/run_split_check/cpp/krnl_globalSort_L1_L2.cpp:730]   --->   Operation 108 'load' 'id_6_084_load' <Predicate = (tmp_4)> <Delay = 0.00>
ST_2 : Operation 109 [1/1] (0.00ns)   --->   "%dist_1_085_load = load i32 %dist_1_085" [/home/nehaprakriya/Documents/tapa/regression/knn/src/run_split_check/cpp/krnl_globalSort_L1_L2.cpp:730]   --->   Operation 109 'load' 'dist_1_085_load' <Predicate = (tmp_4)> <Delay = 0.00>
ST_2 : Operation 110 [1/1] (0.00ns)   --->   "%id_5_086_load = load i32 %id_5_086" [/home/nehaprakriya/Documents/tapa/regression/knn/src/run_split_check/cpp/krnl_globalSort_L1_L2.cpp:730]   --->   Operation 110 'load' 'id_5_086_load' <Predicate = (tmp_4)> <Delay = 0.00>
ST_2 : Operation 111 [1/1] (0.00ns)   --->   "%id_4_087_load = load i32 %id_4_087" [/home/nehaprakriya/Documents/tapa/regression/knn/src/run_split_check/cpp/krnl_globalSort_L1_L2.cpp:730]   --->   Operation 111 'load' 'id_4_087_load' <Predicate = (tmp_4)> <Delay = 0.00>
ST_2 : Operation 112 [1/1] (0.00ns)   --->   "%dist_2_088_load = load i32 %dist_2_088" [/home/nehaprakriya/Documents/tapa/regression/knn/src/run_split_check/cpp/krnl_globalSort_L1_L2.cpp:730]   --->   Operation 112 'load' 'dist_2_088_load' <Predicate = (tmp_4)> <Delay = 0.00>
ST_2 : Operation 113 [1/1] (0.00ns)   --->   "%id_3_089_load = load i32 %id_3_089" [/home/nehaprakriya/Documents/tapa/regression/knn/src/run_split_check/cpp/krnl_globalSort_L1_L2.cpp:730]   --->   Operation 113 'load' 'id_3_089_load' <Predicate = (tmp_4)> <Delay = 0.00>
ST_2 : Operation 114 [1/1] (0.00ns)   --->   "%id_2_090_load = load i32 %id_2_090" [/home/nehaprakriya/Documents/tapa/regression/knn/src/run_split_check/cpp/krnl_globalSort_L1_L2.cpp:730]   --->   Operation 114 'load' 'id_2_090_load' <Predicate = (tmp_4)> <Delay = 0.00>
ST_2 : Operation 115 [1/1] (0.00ns)   --->   "%dist_3_091_load = load i32 %dist_3_091" [/home/nehaprakriya/Documents/tapa/regression/knn/src/run_split_check/cpp/krnl_globalSort_L1_L2.cpp:730]   --->   Operation 115 'load' 'dist_3_091_load' <Predicate = (tmp_4)> <Delay = 0.00>
ST_2 : Operation 116 [1/1] (0.00ns)   --->   "%id_1_092_load = load i32 %id_1_092" [/home/nehaprakriya/Documents/tapa/regression/knn/src/run_split_check/cpp/krnl_globalSort_L1_L2.cpp:730]   --->   Operation 116 'load' 'id_1_092_load' <Predicate = (tmp_4)> <Delay = 0.00>
ST_2 : Operation 117 [1/1] (0.00ns)   --->   "%id_0_093_load = load i32 %id_0_093" [/home/nehaprakriya/Documents/tapa/regression/knn/src/run_split_check/cpp/krnl_globalSort_L1_L2.cpp:730]   --->   Operation 117 'load' 'id_0_093_load' <Predicate = (tmp_4)> <Delay = 0.00>
ST_2 : Operation 118 [1/1] (0.00ns)   --->   "%dist_4_094_load = load i32 %dist_4_094" [/home/nehaprakriya/Documents/tapa/regression/knn/src/run_split_check/cpp/krnl_globalSort_L1_L2.cpp:730]   --->   Operation 118 'load' 'dist_4_094_load' <Predicate = (tmp_4)> <Delay = 0.00>
ST_2 : Operation 119 [1/1] (0.00ns)   --->   "%dist_9_095_load = load i32 %dist_9_095" [/home/nehaprakriya/Documents/tapa/regression/knn/src/run_split_check/cpp/krnl_globalSort_L1_L2.cpp:730]   --->   Operation 119 'load' 'dist_9_095_load' <Predicate = (tmp_4)> <Delay = 0.00>
ST_2 : Operation 120 [1/1] (0.00ns)   --->   "%dist_8_096_load = load i32 %dist_8_096" [/home/nehaprakriya/Documents/tapa/regression/knn/src/run_split_check/cpp/krnl_globalSort_L1_L2.cpp:730]   --->   Operation 120 'load' 'dist_8_096_load' <Predicate = (tmp_4)> <Delay = 0.00>
ST_2 : Operation 121 [1/1] (0.00ns)   --->   "%dist_5_097_load = load i32 %dist_5_097" [/home/nehaprakriya/Documents/tapa/regression/knn/src/run_split_check/cpp/krnl_globalSort_L1_L2.cpp:730]   --->   Operation 121 'load' 'dist_5_097_load' <Predicate = (tmp_4)> <Delay = 0.00>
ST_2 : Operation 122 [1/1] (0.00ns)   --->   "%dist_7_098_load = load i32 %dist_7_098" [/home/nehaprakriya/Documents/tapa/regression/knn/src/run_split_check/cpp/krnl_globalSort_L1_L2.cpp:730]   --->   Operation 122 'load' 'dist_7_098_load' <Predicate = (tmp_4)> <Delay = 0.00>
ST_2 : Operation 123 [1/1] (0.00ns)   --->   "%dist_6_099_load = load i32 %dist_6_099" [/home/nehaprakriya/Documents/tapa/regression/knn/src/run_split_check/cpp/krnl_globalSort_L1_L2.cpp:730]   --->   Operation 123 'load' 'dist_6_099_load' <Predicate = (tmp_4)> <Delay = 0.00>
ST_2 : Operation 124 [1/1] (0.00ns)   --->   "%mrv = insertvalue i640 <undef>, i32 %dist_0_082_load" [/home/nehaprakriya/Documents/tapa/regression/knn/src/run_split_check/cpp/krnl_globalSort_L1_L2.cpp:730]   --->   Operation 124 'insertvalue' 'mrv' <Predicate = (tmp_4)> <Delay = 0.00>
ST_2 : Operation 125 [1/1] (0.00ns)   --->   "%mrv_1 = insertvalue i640 %mrv, i32 %dist_1_085_load" [/home/nehaprakriya/Documents/tapa/regression/knn/src/run_split_check/cpp/krnl_globalSort_L1_L2.cpp:730]   --->   Operation 125 'insertvalue' 'mrv_1' <Predicate = (tmp_4)> <Delay = 0.00>
ST_2 : Operation 126 [1/1] (0.00ns)   --->   "%mrv_2 = insertvalue i640 %mrv_1, i32 %dist_2_088_load" [/home/nehaprakriya/Documents/tapa/regression/knn/src/run_split_check/cpp/krnl_globalSort_L1_L2.cpp:730]   --->   Operation 126 'insertvalue' 'mrv_2' <Predicate = (tmp_4)> <Delay = 0.00>
ST_2 : Operation 127 [1/1] (0.00ns)   --->   "%mrv_3 = insertvalue i640 %mrv_2, i32 %dist_3_091_load" [/home/nehaprakriya/Documents/tapa/regression/knn/src/run_split_check/cpp/krnl_globalSort_L1_L2.cpp:730]   --->   Operation 127 'insertvalue' 'mrv_3' <Predicate = (tmp_4)> <Delay = 0.00>
ST_2 : Operation 128 [1/1] (0.00ns)   --->   "%mrv_4 = insertvalue i640 %mrv_3, i32 %dist_4_094_load" [/home/nehaprakriya/Documents/tapa/regression/knn/src/run_split_check/cpp/krnl_globalSort_L1_L2.cpp:730]   --->   Operation 128 'insertvalue' 'mrv_4' <Predicate = (tmp_4)> <Delay = 0.00>
ST_2 : Operation 129 [1/1] (0.00ns)   --->   "%mrv_5 = insertvalue i640 %mrv_4, i32 %dist_5_097_load" [/home/nehaprakriya/Documents/tapa/regression/knn/src/run_split_check/cpp/krnl_globalSort_L1_L2.cpp:730]   --->   Operation 129 'insertvalue' 'mrv_5' <Predicate = (tmp_4)> <Delay = 0.00>
ST_2 : Operation 130 [1/1] (0.00ns)   --->   "%mrv_6 = insertvalue i640 %mrv_5, i32 %dist_6_099_load" [/home/nehaprakriya/Documents/tapa/regression/knn/src/run_split_check/cpp/krnl_globalSort_L1_L2.cpp:730]   --->   Operation 130 'insertvalue' 'mrv_6' <Predicate = (tmp_4)> <Delay = 0.00>
ST_2 : Operation 131 [1/1] (0.00ns)   --->   "%mrv_7 = insertvalue i640 %mrv_6, i32 %dist_7_098_load" [/home/nehaprakriya/Documents/tapa/regression/knn/src/run_split_check/cpp/krnl_globalSort_L1_L2.cpp:730]   --->   Operation 131 'insertvalue' 'mrv_7' <Predicate = (tmp_4)> <Delay = 0.00>
ST_2 : Operation 132 [1/1] (0.00ns)   --->   "%mrv_8 = insertvalue i640 %mrv_7, i32 %dist_8_096_load" [/home/nehaprakriya/Documents/tapa/regression/knn/src/run_split_check/cpp/krnl_globalSort_L1_L2.cpp:730]   --->   Operation 132 'insertvalue' 'mrv_8' <Predicate = (tmp_4)> <Delay = 0.00>
ST_2 : Operation 133 [1/1] (0.00ns)   --->   "%mrv_9 = insertvalue i640 %mrv_8, i32 %dist_9_095_load" [/home/nehaprakriya/Documents/tapa/regression/knn/src/run_split_check/cpp/krnl_globalSort_L1_L2.cpp:730]   --->   Operation 133 'insertvalue' 'mrv_9' <Predicate = (tmp_4)> <Delay = 0.00>
ST_2 : Operation 134 [1/1] (0.00ns)   --->   "%mrv_s = insertvalue i640 %mrv_9, i32 %id_0_093_load" [/home/nehaprakriya/Documents/tapa/regression/knn/src/run_split_check/cpp/krnl_globalSort_L1_L2.cpp:730]   --->   Operation 134 'insertvalue' 'mrv_s' <Predicate = (tmp_4)> <Delay = 0.00>
ST_2 : Operation 135 [1/1] (0.00ns)   --->   "%mrv_10 = insertvalue i640 %mrv_s, i32 %id_1_092_load" [/home/nehaprakriya/Documents/tapa/regression/knn/src/run_split_check/cpp/krnl_globalSort_L1_L2.cpp:730]   --->   Operation 135 'insertvalue' 'mrv_10' <Predicate = (tmp_4)> <Delay = 0.00>
ST_2 : Operation 136 [1/1] (0.00ns)   --->   "%mrv_11 = insertvalue i640 %mrv_10, i32 %id_2_090_load" [/home/nehaprakriya/Documents/tapa/regression/knn/src/run_split_check/cpp/krnl_globalSort_L1_L2.cpp:730]   --->   Operation 136 'insertvalue' 'mrv_11' <Predicate = (tmp_4)> <Delay = 0.00>
ST_2 : Operation 137 [1/1] (0.00ns)   --->   "%mrv_12 = insertvalue i640 %mrv_11, i32 %id_3_089_load" [/home/nehaprakriya/Documents/tapa/regression/knn/src/run_split_check/cpp/krnl_globalSort_L1_L2.cpp:730]   --->   Operation 137 'insertvalue' 'mrv_12' <Predicate = (tmp_4)> <Delay = 0.00>
ST_2 : Operation 138 [1/1] (0.00ns)   --->   "%mrv_13 = insertvalue i640 %mrv_12, i32 %id_4_087_load" [/home/nehaprakriya/Documents/tapa/regression/knn/src/run_split_check/cpp/krnl_globalSort_L1_L2.cpp:730]   --->   Operation 138 'insertvalue' 'mrv_13' <Predicate = (tmp_4)> <Delay = 0.00>
ST_2 : Operation 139 [1/1] (0.00ns)   --->   "%mrv_14 = insertvalue i640 %mrv_13, i32 %id_5_086_load" [/home/nehaprakriya/Documents/tapa/regression/knn/src/run_split_check/cpp/krnl_globalSort_L1_L2.cpp:730]   --->   Operation 139 'insertvalue' 'mrv_14' <Predicate = (tmp_4)> <Delay = 0.00>
ST_2 : Operation 140 [1/1] (0.00ns)   --->   "%mrv_15 = insertvalue i640 %mrv_14, i32 %id_6_084_load" [/home/nehaprakriya/Documents/tapa/regression/knn/src/run_split_check/cpp/krnl_globalSort_L1_L2.cpp:730]   --->   Operation 140 'insertvalue' 'mrv_15' <Predicate = (tmp_4)> <Delay = 0.00>
ST_2 : Operation 141 [1/1] (0.00ns)   --->   "%mrv_16 = insertvalue i640 %mrv_15, i32 %id_7_083_load" [/home/nehaprakriya/Documents/tapa/regression/knn/src/run_split_check/cpp/krnl_globalSort_L1_L2.cpp:730]   --->   Operation 141 'insertvalue' 'mrv_16' <Predicate = (tmp_4)> <Delay = 0.00>
ST_2 : Operation 142 [1/1] (0.00ns)   --->   "%mrv_17 = insertvalue i640 %mrv_16, i32 %id_8_081_load" [/home/nehaprakriya/Documents/tapa/regression/knn/src/run_split_check/cpp/krnl_globalSort_L1_L2.cpp:730]   --->   Operation 142 'insertvalue' 'mrv_17' <Predicate = (tmp_4)> <Delay = 0.00>
ST_2 : Operation 143 [1/1] (0.00ns)   --->   "%mrv_18 = insertvalue i640 %mrv_17, i32 %id_9_080_load" [/home/nehaprakriya/Documents/tapa/regression/knn/src/run_split_check/cpp/krnl_globalSort_L1_L2.cpp:730]   --->   Operation 143 'insertvalue' 'mrv_18' <Predicate = (tmp_4)> <Delay = 0.00>
ST_2 : Operation 144 [1/1] (0.00ns)   --->   "%ret_ln730 = ret i640 %mrv_18" [/home/nehaprakriya/Documents/tapa/regression/knn/src/run_split_check/cpp/krnl_globalSort_L1_L2.cpp:730]   --->   Operation 144 'ret' 'ret_ln730' <Predicate = (tmp_4)> <Delay = 0.00>

State 3 <SV = 2> <Delay = 0.00>
ST_3 : Operation 145 [1/2] (0.00ns)   --->   "%call_ln0 = call void @seq_global_merge_L1_L2_Pipeline_VITIS_LOOP_718_3, i32 %idx_load, i32 %idx_1_load, i32 %idx_2_load, i32 %p_read_80, i32 %p_read161, i32 %p_read262, i32 %p_read363, i32 %p_read464, i32 %p_read565, i32 %p_read666, i32 %p_read767, i32 %p_read868, i32 %p_read969, i32 %p_read1070, i32 %p_read_79, i32 %p_read_78, i32 %p_read_77, i32 %p_read_76, i32 %p_read_75, i32 %p_read_74, i32 %p_read_73, i32 %p_read_72, i32 %p_read_71, i32 %p_read_70, i32 %p_read_69, i32 %p_read_68, i32 %p_read_67, i32 %p_read_66, i32 %p_read_65, i32 %p_read_64, i32 %p_read_63, i32 %p_read_62, i32 %p_read_61, i32 %min_idx_loc, i32 %min_value_loc"   --->   Operation 145 'call' 'call_ln0' <Predicate = true> <Delay = 0.00> <CoreType = "Generic">   --->   Core 0 '' <Latency = 0> <II = 1> <Delay = 1.00> <Generic> <Opcode : >

State 4 <SV = 3> <Delay = 1.68>
ST_4 : Operation 146 [1/1] (0.00ns)   --->   "%specloopname_ln707 = specloopname void @_ssdm_op_SpecLoopName, void @empty_7" [/home/nehaprakriya/Documents/tapa/regression/knn/src/run_split_check/cpp/krnl_globalSort_L1_L2.cpp:707]   --->   Operation 146 'specloopname' 'specloopname_ln707' <Predicate = true> <Delay = 0.00>
ST_4 : Operation 147 [1/1] (0.00ns)   --->   "%min_idx_loc_load = load i32 %min_idx_loc"   --->   Operation 147 'load' 'min_idx_loc_load' <Predicate = true> <Delay = 0.00>
ST_4 : Operation 148 [1/1] (0.00ns)   --->   "%min_value_loc_load = load i32 %min_value_loc"   --->   Operation 148 'load' 'min_value_loc_load' <Predicate = true> <Delay = 0.00>
ST_4 : Operation 149 [1/1] (0.00ns)   --->   "%trunc_ln726 = trunc i5 %i_1" [/home/nehaprakriya/Documents/tapa/regression/knn/src/run_split_check/cpp/krnl_globalSort_L1_L2.cpp:726]   --->   Operation 149 'trunc' 'trunc_ln726' <Predicate = true> <Delay = 0.00>
ST_4 : Operation 150 [1/1] (0.41ns)   --->   "%tmp = mux i32 @_ssdm_op_Mux.ap_auto.3i32.i32, i32 %idx_load, i32 %idx_1_load, i32 %idx_2_load, i32 %min_idx_loc_load" [/home/nehaprakriya/Documents/tapa/regression/knn/src/run_split_check/cpp/krnl_globalSort_L1_L2.cpp:727]   --->   Operation 150 'mux' 'tmp' <Predicate = true> <Delay = 0.41> <CoreInst = "Multiplexer">   --->   Core 76 'Multiplexer' <Latency = 0> <II = 1> <Delay = 0.41> <FuncUnit> <Opcode : 'mux'> <InPorts = 2> <OutPorts = 1>
ST_4 : Operation 151 [1/1] (0.61ns)   --->   "%tmp_1 = mux i32 @_ssdm_op_Mux.ap_auto.10i32.i32, i32 %p_read_60, i32 %p_read_59, i32 %p_read_58, i32 %p_read_57, i32 %p_read_56, i32 %p_read_55, i32 %p_read_54, i32 %p_read_53, i32 %p_read_52, i32 %p_read_51, i32 %tmp" [/home/nehaprakriya/Documents/tapa/regression/knn/src/run_split_check/cpp/krnl_globalSort_L1_L2.cpp:727]   --->   Operation 151 'mux' 'tmp_1' <Predicate = true> <Delay = 0.61> <CoreInst = "Multiplexer">   --->   Core 76 'Multiplexer' <Latency = 0> <II = 1> <Delay = 0.61> <FuncUnit> <Opcode : 'mux'> <InPorts = 2> <OutPorts = 1>
ST_4 : Operation 152 [1/1] (0.61ns)   --->   "%tmp_2 = mux i32 @_ssdm_op_Mux.ap_auto.10i32.i32, i32 %p_read_50, i32 %p_read_49, i32 %p_read_48, i32 %p_read_47, i32 %p_read_46, i32 %p_read_45, i32 %p_read_44, i32 %p_read_43, i32 %p_read_42, i32 %p_read_41, i32 %tmp" [/home/nehaprakriya/Documents/tapa/regression/knn/src/run_split_check/cpp/krnl_globalSort_L1_L2.cpp:727]   --->   Operation 152 'mux' 'tmp_2' <Predicate = true> <Delay = 0.61> <CoreInst = "Multiplexer">   --->   Core 76 'Multiplexer' <Latency = 0> <II = 1> <Delay = 0.61> <FuncUnit> <Opcode : 'mux'> <InPorts = 2> <OutPorts = 1>
ST_4 : Operation 153 [1/1] (0.61ns)   --->   "%tmp_3 = mux i32 @_ssdm_op_Mux.ap_auto.10i32.i32, i32 %p_read_40, i32 %p_read_39, i32 %p_read_38, i32 %p_read_37, i32 %p_read_36, i32 %p_read_35, i32 %p_read_34, i32 %p_read_33, i32 %p_read_32, i32 %p_read_31, i32 %tmp" [/home/nehaprakriya/Documents/tapa/regression/knn/src/run_split_check/cpp/krnl_globalSort_L1_L2.cpp:727]   --->   Operation 153 'mux' 'tmp_3' <Predicate = true> <Delay = 0.61> <CoreInst = "Multiplexer">   --->   Core 76 'Multiplexer' <Latency = 0> <II = 1> <Delay = 0.61> <FuncUnit> <Opcode : 'mux'> <InPorts = 2> <OutPorts = 1>
ST_4 : Operation 154 [1/1] (0.41ns)   --->   "%id_0 = mux i32 @_ssdm_op_Mux.ap_auto.3i32.i32, i32 %tmp_1, i32 %tmp_2, i32 %tmp_3, i32 %min_idx_loc_load" [/home/nehaprakriya/Documents/tapa/regression/knn/src/run_split_check/cpp/krnl_globalSort_L1_L2.cpp:727]   --->   Operation 154 'mux' 'id_0' <Predicate = true> <Delay = 0.41> <CoreInst = "Multiplexer">   --->   Core 76 'Multiplexer' <Latency = 0> <II = 1> <Delay = 0.41> <FuncUnit> <Opcode : 'mux'> <InPorts = 2> <OutPorts = 1>
ST_4 : Operation 155 [1/1] (0.34ns)   --->   "%switch_ln726 = switch i4 %trunc_ln726, void %arrayidx354.case.9, i4 0, void %VITIS_LOOP_718_3.split.arrayidx354.exit_crit_edge, i4 1, void %arrayidx354.case.1, i4 2, void %arrayidx354.case.2, i4 3, void %arrayidx354.case.3, i4 4, void %arrayidx354.case.4, i4 5, void %arrayidx354.case.5, i4 6, void %arrayidx354.case.6, i4 7, void %arrayidx354.case.7, i4 8, void %arrayidx354.case.8" [/home/nehaprakriya/Documents/tapa/regression/knn/src/run_split_check/cpp/krnl_globalSort_L1_L2.cpp:726]   --->   Operation 155 'switch' 'switch_ln726' <Predicate = true> <Delay = 0.34>
ST_4 : Operation 156 [1/1] (0.00ns)   --->   "%store_ln727 = store i32 %min_value_loc_load, i32 %dist_8_096" [/home/nehaprakriya/Documents/tapa/regression/knn/src/run_split_check/cpp/krnl_globalSort_L1_L2.cpp:727]   --->   Operation 156 'store' 'store_ln727' <Predicate = (trunc_ln726 == 8)> <Delay = 0.00>
ST_4 : Operation 157 [1/1] (0.00ns)   --->   "%store_ln727 = store i32 %id_0, i32 %id_8_081" [/home/nehaprakriya/Documents/tapa/regression/knn/src/run_split_check/cpp/krnl_globalSort_L1_L2.cpp:727]   --->   Operation 157 'store' 'store_ln727' <Predicate = (trunc_ln726 == 8)> <Delay = 0.00>
ST_4 : Operation 158 [1/1] (0.00ns)   --->   "%br_ln727 = br void %arrayidx354.exit" [/home/nehaprakriya/Documents/tapa/regression/knn/src/run_split_check/cpp/krnl_globalSort_L1_L2.cpp:727]   --->   Operation 158 'br' 'br_ln727' <Predicate = (trunc_ln726 == 8)> <Delay = 0.00>
ST_4 : Operation 159 [1/1] (0.00ns)   --->   "%store_ln727 = store i32 %min_value_loc_load, i32 %dist_7_098" [/home/nehaprakriya/Documents/tapa/regression/knn/src/run_split_check/cpp/krnl_globalSort_L1_L2.cpp:727]   --->   Operation 159 'store' 'store_ln727' <Predicate = (trunc_ln726 == 7)> <Delay = 0.00>
ST_4 : Operation 160 [1/1] (0.00ns)   --->   "%store_ln727 = store i32 %id_0, i32 %id_7_083" [/home/nehaprakriya/Documents/tapa/regression/knn/src/run_split_check/cpp/krnl_globalSort_L1_L2.cpp:727]   --->   Operation 160 'store' 'store_ln727' <Predicate = (trunc_ln726 == 7)> <Delay = 0.00>
ST_4 : Operation 161 [1/1] (0.00ns)   --->   "%br_ln727 = br void %arrayidx354.exit" [/home/nehaprakriya/Documents/tapa/regression/knn/src/run_split_check/cpp/krnl_globalSort_L1_L2.cpp:727]   --->   Operation 161 'br' 'br_ln727' <Predicate = (trunc_ln726 == 7)> <Delay = 0.00>
ST_4 : Operation 162 [1/1] (0.00ns)   --->   "%store_ln727 = store i32 %min_value_loc_load, i32 %dist_6_099" [/home/nehaprakriya/Documents/tapa/regression/knn/src/run_split_check/cpp/krnl_globalSort_L1_L2.cpp:727]   --->   Operation 162 'store' 'store_ln727' <Predicate = (trunc_ln726 == 6)> <Delay = 0.00>
ST_4 : Operation 163 [1/1] (0.00ns)   --->   "%store_ln727 = store i32 %id_0, i32 %id_6_084" [/home/nehaprakriya/Documents/tapa/regression/knn/src/run_split_check/cpp/krnl_globalSort_L1_L2.cpp:727]   --->   Operation 163 'store' 'store_ln727' <Predicate = (trunc_ln726 == 6)> <Delay = 0.00>
ST_4 : Operation 164 [1/1] (0.00ns)   --->   "%br_ln727 = br void %arrayidx354.exit" [/home/nehaprakriya/Documents/tapa/regression/knn/src/run_split_check/cpp/krnl_globalSort_L1_L2.cpp:727]   --->   Operation 164 'br' 'br_ln727' <Predicate = (trunc_ln726 == 6)> <Delay = 0.00>
ST_4 : Operation 165 [1/1] (0.00ns)   --->   "%store_ln727 = store i32 %min_value_loc_load, i32 %dist_5_097" [/home/nehaprakriya/Documents/tapa/regression/knn/src/run_split_check/cpp/krnl_globalSort_L1_L2.cpp:727]   --->   Operation 165 'store' 'store_ln727' <Predicate = (trunc_ln726 == 5)> <Delay = 0.00>
ST_4 : Operation 166 [1/1] (0.00ns)   --->   "%store_ln727 = store i32 %id_0, i32 %id_5_086" [/home/nehaprakriya/Documents/tapa/regression/knn/src/run_split_check/cpp/krnl_globalSort_L1_L2.cpp:727]   --->   Operation 166 'store' 'store_ln727' <Predicate = (trunc_ln726 == 5)> <Delay = 0.00>
ST_4 : Operation 167 [1/1] (0.00ns)   --->   "%br_ln727 = br void %arrayidx354.exit" [/home/nehaprakriya/Documents/tapa/regression/knn/src/run_split_check/cpp/krnl_globalSort_L1_L2.cpp:727]   --->   Operation 167 'br' 'br_ln727' <Predicate = (trunc_ln726 == 5)> <Delay = 0.00>
ST_4 : Operation 168 [1/1] (0.00ns)   --->   "%store_ln727 = store i32 %min_value_loc_load, i32 %dist_4_094" [/home/nehaprakriya/Documents/tapa/regression/knn/src/run_split_check/cpp/krnl_globalSort_L1_L2.cpp:727]   --->   Operation 168 'store' 'store_ln727' <Predicate = (trunc_ln726 == 4)> <Delay = 0.00>
ST_4 : Operation 169 [1/1] (0.00ns)   --->   "%store_ln727 = store i32 %id_0, i32 %id_4_087" [/home/nehaprakriya/Documents/tapa/regression/knn/src/run_split_check/cpp/krnl_globalSort_L1_L2.cpp:727]   --->   Operation 169 'store' 'store_ln727' <Predicate = (trunc_ln726 == 4)> <Delay = 0.00>
ST_4 : Operation 170 [1/1] (0.00ns)   --->   "%br_ln727 = br void %arrayidx354.exit" [/home/nehaprakriya/Documents/tapa/regression/knn/src/run_split_check/cpp/krnl_globalSort_L1_L2.cpp:727]   --->   Operation 170 'br' 'br_ln727' <Predicate = (trunc_ln726 == 4)> <Delay = 0.00>
ST_4 : Operation 171 [1/1] (0.00ns)   --->   "%store_ln727 = store i32 %min_value_loc_load, i32 %dist_3_091" [/home/nehaprakriya/Documents/tapa/regression/knn/src/run_split_check/cpp/krnl_globalSort_L1_L2.cpp:727]   --->   Operation 171 'store' 'store_ln727' <Predicate = (trunc_ln726 == 3)> <Delay = 0.00>
ST_4 : Operation 172 [1/1] (0.00ns)   --->   "%store_ln727 = store i32 %id_0, i32 %id_3_089" [/home/nehaprakriya/Documents/tapa/regression/knn/src/run_split_check/cpp/krnl_globalSort_L1_L2.cpp:727]   --->   Operation 172 'store' 'store_ln727' <Predicate = (trunc_ln726 == 3)> <Delay = 0.00>
ST_4 : Operation 173 [1/1] (0.00ns)   --->   "%br_ln727 = br void %arrayidx354.exit" [/home/nehaprakriya/Documents/tapa/regression/knn/src/run_split_check/cpp/krnl_globalSort_L1_L2.cpp:727]   --->   Operation 173 'br' 'br_ln727' <Predicate = (trunc_ln726 == 3)> <Delay = 0.00>
ST_4 : Operation 174 [1/1] (0.00ns)   --->   "%store_ln727 = store i32 %id_0, i32 %id_2_090" [/home/nehaprakriya/Documents/tapa/regression/knn/src/run_split_check/cpp/krnl_globalSort_L1_L2.cpp:727]   --->   Operation 174 'store' 'store_ln727' <Predicate = (trunc_ln726 == 2)> <Delay = 0.00>
ST_4 : Operation 175 [1/1] (0.00ns)   --->   "%store_ln727 = store i32 %min_value_loc_load, i32 %dist_2_088" [/home/nehaprakriya/Documents/tapa/regression/knn/src/run_split_check/cpp/krnl_globalSort_L1_L2.cpp:727]   --->   Operation 175 'store' 'store_ln727' <Predicate = (trunc_ln726 == 2)> <Delay = 0.00>
ST_4 : Operation 176 [1/1] (0.00ns)   --->   "%br_ln727 = br void %arrayidx354.exit" [/home/nehaprakriya/Documents/tapa/regression/knn/src/run_split_check/cpp/krnl_globalSort_L1_L2.cpp:727]   --->   Operation 176 'br' 'br_ln727' <Predicate = (trunc_ln726 == 2)> <Delay = 0.00>
ST_4 : Operation 177 [1/1] (0.00ns)   --->   "%store_ln727 = store i32 %id_0, i32 %id_1_092" [/home/nehaprakriya/Documents/tapa/regression/knn/src/run_split_check/cpp/krnl_globalSort_L1_L2.cpp:727]   --->   Operation 177 'store' 'store_ln727' <Predicate = (trunc_ln726 == 1)> <Delay = 0.00>
ST_4 : Operation 178 [1/1] (0.00ns)   --->   "%store_ln727 = store i32 %min_value_loc_load, i32 %dist_1_085" [/home/nehaprakriya/Documents/tapa/regression/knn/src/run_split_check/cpp/krnl_globalSort_L1_L2.cpp:727]   --->   Operation 178 'store' 'store_ln727' <Predicate = (trunc_ln726 == 1)> <Delay = 0.00>
ST_4 : Operation 179 [1/1] (0.00ns)   --->   "%br_ln727 = br void %arrayidx354.exit" [/home/nehaprakriya/Documents/tapa/regression/knn/src/run_split_check/cpp/krnl_globalSort_L1_L2.cpp:727]   --->   Operation 179 'br' 'br_ln727' <Predicate = (trunc_ln726 == 1)> <Delay = 0.00>
ST_4 : Operation 180 [1/1] (0.00ns)   --->   "%store_ln726 = store i32 %id_0, i32 %id_0_093" [/home/nehaprakriya/Documents/tapa/regression/knn/src/run_split_check/cpp/krnl_globalSort_L1_L2.cpp:726]   --->   Operation 180 'store' 'store_ln726' <Predicate = (trunc_ln726 == 0)> <Delay = 0.00>
ST_4 : Operation 181 [1/1] (0.00ns)   --->   "%store_ln726 = store i32 %min_value_loc_load, i32 %dist_0_082" [/home/nehaprakriya/Documents/tapa/regression/knn/src/run_split_check/cpp/krnl_globalSort_L1_L2.cpp:726]   --->   Operation 181 'store' 'store_ln726' <Predicate = (trunc_ln726 == 0)> <Delay = 0.00>
ST_4 : Operation 182 [1/1] (0.00ns)   --->   "%br_ln726 = br void %arrayidx354.exit" [/home/nehaprakriya/Documents/tapa/regression/knn/src/run_split_check/cpp/krnl_globalSort_L1_L2.cpp:726]   --->   Operation 182 'br' 'br_ln726' <Predicate = (trunc_ln726 == 0)> <Delay = 0.00>
ST_4 : Operation 183 [1/1] (0.00ns)   --->   "%store_ln727 = store i32 %min_value_loc_load, i32 %dist_9_095" [/home/nehaprakriya/Documents/tapa/regression/knn/src/run_split_check/cpp/krnl_globalSort_L1_L2.cpp:727]   --->   Operation 183 'store' 'store_ln727' <Predicate = (trunc_ln726 == 15) | (trunc_ln726 == 14) | (trunc_ln726 == 13) | (trunc_ln726 == 12) | (trunc_ln726 == 11) | (trunc_ln726 == 10) | (trunc_ln726 == 9)> <Delay = 0.00>
ST_4 : Operation 184 [1/1] (0.00ns)   --->   "%store_ln727 = store i32 %id_0, i32 %id_9_080" [/home/nehaprakriya/Documents/tapa/regression/knn/src/run_split_check/cpp/krnl_globalSort_L1_L2.cpp:727]   --->   Operation 184 'store' 'store_ln727' <Predicate = (trunc_ln726 == 15) | (trunc_ln726 == 14) | (trunc_ln726 == 13) | (trunc_ln726 == 12) | (trunc_ln726 == 11) | (trunc_ln726 == 10) | (trunc_ln726 == 9)> <Delay = 0.00>
ST_4 : Operation 185 [1/1] (0.00ns)   --->   "%br_ln727 = br void %arrayidx354.exit" [/home/nehaprakriya/Documents/tapa/regression/knn/src/run_split_check/cpp/krnl_globalSort_L1_L2.cpp:727]   --->   Operation 185 'br' 'br_ln727' <Predicate = (trunc_ln726 == 15) | (trunc_ln726 == 14) | (trunc_ln726 == 13) | (trunc_ln726 == 12) | (trunc_ln726 == 11) | (trunc_ln726 == 10) | (trunc_ln726 == 9)> <Delay = 0.00>
ST_4 : Operation 186 [1/1] (0.88ns)   --->   "%idx_3 = add i32 %tmp, i32 4294967295" [/home/nehaprakriya/Documents/tapa/regression/knn/src/run_split_check/cpp/krnl_globalSort_L1_L2.cpp:728]   --->   Operation 186 'add' 'idx_3' <Predicate = true> <Delay = 0.88> <CoreInst = "Adder">   --->   Core 1 'Adder' <Latency = 0> <II = 1> <Delay = 0.88> <FuncUnit> <Opcode : 'add' 'sub'> <InPorts = 2> <OutPorts = 1>
ST_4 : Operation 187 [1/1] (0.00ns)   --->   "%trunc_ln728 = trunc i32 %min_idx_loc_load" [/home/nehaprakriya/Documents/tapa/regression/knn/src/run_split_check/cpp/krnl_globalSort_L1_L2.cpp:728]   --->   Operation 187 'trunc' 'trunc_ln728' <Predicate = true> <Delay = 0.00>
ST_4 : Operation 188 [1/1] (0.34ns)   --->   "%switch_ln728 = switch i2 %trunc_ln728, void %arrayidx31.case.2, i2 0, void %arrayidx354.exit.arrayidx31.exit_crit_edge, i2 1, void %arrayidx31.case.1" [/home/nehaprakriya/Documents/tapa/regression/knn/src/run_split_check/cpp/krnl_globalSort_L1_L2.cpp:728]   --->   Operation 188 'switch' 'switch_ln728' <Predicate = true> <Delay = 0.34>
ST_4 : Operation 189 [1/1] (0.38ns)   --->   "%store_ln728 = store i32 %idx_3, i32 %idx_1" [/home/nehaprakriya/Documents/tapa/regression/knn/src/run_split_check/cpp/krnl_globalSort_L1_L2.cpp:728]   --->   Operation 189 'store' 'store_ln728' <Predicate = (trunc_ln728 == 1)> <Delay = 0.38>
ST_4 : Operation 190 [1/1] (0.00ns)   --->   "%br_ln728 = br void %arrayidx31.exit" [/home/nehaprakriya/Documents/tapa/regression/knn/src/run_split_check/cpp/krnl_globalSort_L1_L2.cpp:728]   --->   Operation 190 'br' 'br_ln728' <Predicate = (trunc_ln728 == 1)> <Delay = 0.00>
ST_4 : Operation 191 [1/1] (0.38ns)   --->   "%store_ln728 = store i32 %idx_3, i32 %idx" [/home/nehaprakriya/Documents/tapa/regression/knn/src/run_split_check/cpp/krnl_globalSort_L1_L2.cpp:728]   --->   Operation 191 'store' 'store_ln728' <Predicate = (trunc_ln728 == 0)> <Delay = 0.38>
ST_4 : Operation 192 [1/1] (0.00ns)   --->   "%br_ln728 = br void %arrayidx31.exit" [/home/nehaprakriya/Documents/tapa/regression/knn/src/run_split_check/cpp/krnl_globalSort_L1_L2.cpp:728]   --->   Operation 192 'br' 'br_ln728' <Predicate = (trunc_ln728 == 0)> <Delay = 0.00>
ST_4 : Operation 193 [1/1] (0.38ns)   --->   "%store_ln728 = store i32 %idx_3, i32 %idx_2" [/home/nehaprakriya/Documents/tapa/regression/knn/src/run_split_check/cpp/krnl_globalSort_L1_L2.cpp:728]   --->   Operation 193 'store' 'store_ln728' <Predicate = (trunc_ln728 != 0 & trunc_ln728 != 1)> <Delay = 0.38>
ST_4 : Operation 194 [1/1] (0.00ns)   --->   "%br_ln728 = br void %arrayidx31.exit" [/home/nehaprakriya/Documents/tapa/regression/knn/src/run_split_check/cpp/krnl_globalSort_L1_L2.cpp:728]   --->   Operation 194 'br' 'br_ln728' <Predicate = (trunc_ln728 != 0 & trunc_ln728 != 1)> <Delay = 0.00>
ST_4 : Operation 195 [1/1] (0.70ns)   --->   "%add_ln714 = add i5 %i_1, i5 31" [/home/nehaprakriya/Documents/tapa/regression/knn/src/run_split_check/cpp/krnl_globalSort_L1_L2.cpp:714]   --->   Operation 195 'add' 'add_ln714' <Predicate = true> <Delay = 0.70> <CoreInst = "Adder">   --->   Core 1 'Adder' <Latency = 0> <II = 1> <Delay = 0.70> <FuncUnit> <Opcode : 'add' 'sub'> <InPorts = 2> <OutPorts = 1>
ST_4 : Operation 196 [1/1] (0.38ns)   --->   "%store_ln714 = store i5 %add_ln714, i5 %i" [/home/nehaprakriya/Documents/tapa/regression/knn/src/run_split_check/cpp/krnl_globalSort_L1_L2.cpp:714]   --->   Operation 196 'store' 'store_ln714' <Predicate = true> <Delay = 0.38>
ST_4 : Operation 197 [1/1] (0.00ns)   --->   "%br_ln714 = br void %VITIS_LOOP_718_3" [/home/nehaprakriya/Documents/tapa/regression/knn/src/run_split_check/cpp/krnl_globalSort_L1_L2.cpp:714]   --->   Operation 197 'br' 'br_ln714' <Predicate = true> <Delay = 0.00>


============================================================
+ Verbose Summary: Timing violations
============================================================
Target clock period: 3.33ns, clock uncertainty: 0.899ns.

 <State 1>: 0.387ns
The critical path consists of the following:
	'alloca' operation ('idx') [84]  (0 ns)
	'store' operation ('store_ln714', /home/nehaprakriya/Documents/tapa/regression/knn/src/run_split_check/cpp/krnl_globalSort_L1_L2.cpp:714) of constant 9 on local variable 'idx' [147]  (0.387 ns)

 <State 2>: 1.46ns
The critical path consists of the following:
	'load' operation ('idx_load') on local variable 'idx' [158]  (0 ns)
	'call' operation ('call_ln0') to 'seq_global_merge_L1_L2_Pipeline_VITIS_LOOP_718_3' [162]  (1.46 ns)

 <State 3>: 0ns
The critical path consists of the following:

 <State 4>: 1.69ns
The critical path consists of the following:
	'load' operation ('min_idx_loc_load') on local variable 'min_idx_loc' [163]  (0 ns)
	'mux' operation ('tmp', /home/nehaprakriya/Documents/tapa/regression/knn/src/run_split_check/cpp/krnl_globalSort_L1_L2.cpp:727) [166]  (0.42 ns)
	'add' operation ('idx', /home/nehaprakriya/Documents/tapa/regression/knn/src/run_split_check/cpp/krnl_globalSort_L1_L2.cpp:728) [213]  (0.88 ns)
	'store' operation ('store_ln728', /home/nehaprakriya/Documents/tapa/regression/knn/src/run_split_check/cpp/krnl_globalSort_L1_L2.cpp:728) of variable 'idx', /home/nehaprakriya/Documents/tapa/regression/knn/src/run_split_check/cpp/krnl_globalSort_L1_L2.cpp:728 on local variable 'idx' [217]  (0.387 ns)


============================================================
+ Verbose Summary: Binding
============================================================
N/A
* FSMD analyzer results:
  - Output states:
 - Input state : 
  - Chain level:
	State 1
	State 2
	State 3
	State 4


============================================================
+ Verbose Summary: Datapath Resource usage 
============================================================
N/A
