

================================================================
== Synthesis Summary Report of 'Knn'
================================================================
+ General Information: 
    * Date:           Wed May 22 14:58:20 2024
    * Version:        2022.1 (Build 3526262 on Mon Apr 18 15:47:01 MDT 2022)
    * Project:        project
    * Solution:       Knn (Vivado IP Flow Target)
    * Product family: virtexuplus
    * Target device:  xcu55c-fsvh2892-2L-e
    

+ Performance & Resource Estimates: 
    
    PS: '+' for module; 'o' for loop; '*' for dataflow
    +--------+------+------+---------+--------+----------+---------+------+----------+------+----+------------+------------+-----+
    | Modules| Issue|      | Latency | Latency| Iteration|         | Trip |          |      |    |            |            |     |
    | & Loops| Type | Slack| (cycles)|  (ns)  |  Latency | Interval| Count| Pipelined| BRAM | DSP|     FF     |     LUT    | URAM|
    +--------+------+------+---------+--------+----------+---------+------+----------+------+----+------------+------------+-----+
    |+ Knn   |     -|  1.43|        0|   0.000|         -|        1|     -|        no|     -|   -|  1436 (~0%)|  2600 (~0%)|    -|
    +--------+------+------+---------+--------+----------+---------+------+----------+------+----+------------+------------+-----+


================================================================
== HW Interfaces
================================================================
* S_AXILITE Interfaces
+---------------+------------+---------------+--------+----------+
| Interface     | Data Width | Address Width | Offset | Register |
+---------------+------------+---------------+--------+----------+
| s_axi_control | 32         | 8             | 16     | 0        |
+---------------+------------+---------------+--------+----------+

* S_AXILITE Registers
+---------------+---------------+--------+-------+--------+----------------------------------+----------------------------------------------------------------------+
| Interface     | Register      | Offset | Width | Access | Description                      | Bit Fields                                                           |
+---------------+---------------+--------+-------+--------+----------------------------------+----------------------------------------------------------------------+
| s_axi_control | CTRL          | 0x00   | 32    | RW     | Control signals                  | 0=AP_START 1=AP_DONE 2=AP_IDLE 3=AP_READY 7=AUTO_RESTART 9=INTERRUPT |
| s_axi_control | GIER          | 0x04   | 32    | RW     | Global Interrupt Enable Register | 0=Enable                                                             |
| s_axi_control | IP_IER        | 0x08   | 32    | RW     | IP Interrupt Enable Register     | 0=CHAN0_INT_EN 1=CHAN1_INT_EN                                        |
| s_axi_control | IP_ISR        | 0x0c   | 32    | RW     | IP Interrupt Status Register     | 0=CHAN0_INT_ST 1=CHAN1_INT_ST                                        |
| s_axi_control | in_0_1        | 0x10   | 32    | W      | Data signal of in_0              |                                                                      |
| s_axi_control | in_0_2        | 0x14   | 32    | W      | Data signal of in_0              |                                                                      |
| s_axi_control | in_1_1        | 0x1c   | 32    | W      | Data signal of in_1              |                                                                      |
| s_axi_control | in_1_2        | 0x20   | 32    | W      | Data signal of in_1              |                                                                      |
| s_axi_control | in_2_1        | 0x28   | 32    | W      | Data signal of in_2              |                                                                      |
| s_axi_control | in_2_2        | 0x2c   | 32    | W      | Data signal of in_2              |                                                                      |
| s_axi_control | in_3_1        | 0x34   | 32    | W      | Data signal of in_3              |                                                                      |
| s_axi_control | in_3_2        | 0x38   | 32    | W      | Data signal of in_3              |                                                                      |
| s_axi_control | in_4_1        | 0x40   | 32    | W      | Data signal of in_4              |                                                                      |
| s_axi_control | in_4_2        | 0x44   | 32    | W      | Data signal of in_4              |                                                                      |
| s_axi_control | in_5_1        | 0x4c   | 32    | W      | Data signal of in_5              |                                                                      |
| s_axi_control | in_5_2        | 0x50   | 32    | W      | Data signal of in_5              |                                                                      |
| s_axi_control | in_6_1        | 0x58   | 32    | W      | Data signal of in_6              |                                                                      |
| s_axi_control | in_6_2        | 0x5c   | 32    | W      | Data signal of in_6              |                                                                      |
| s_axi_control | in_7_1        | 0x64   | 32    | W      | Data signal of in_7              |                                                                      |
| s_axi_control | in_7_2        | 0x68   | 32    | W      | Data signal of in_7              |                                                                      |
| s_axi_control | in_8_1        | 0x70   | 32    | W      | Data signal of in_8              |                                                                      |
| s_axi_control | in_8_2        | 0x74   | 32    | W      | Data signal of in_8              |                                                                      |
| s_axi_control | in_9_1        | 0x7c   | 32    | W      | Data signal of in_9              |                                                                      |
| s_axi_control | in_9_2        | 0x80   | 32    | W      | Data signal of in_9              |                                                                      |
| s_axi_control | in_10_1       | 0x88   | 32    | W      | Data signal of in_10             |                                                                      |
| s_axi_control | in_10_2       | 0x8c   | 32    | W      | Data signal of in_10             |                                                                      |
| s_axi_control | in_11_1       | 0x94   | 32    | W      | Data signal of in_11             |                                                                      |
| s_axi_control | in_11_2       | 0x98   | 32    | W      | Data signal of in_11             |                                                                      |
| s_axi_control | in_12_1       | 0xa0   | 32    | W      | Data signal of in_12             |                                                                      |
| s_axi_control | in_12_2       | 0xa4   | 32    | W      | Data signal of in_12             |                                                                      |
| s_axi_control | in_13_1       | 0xac   | 32    | W      | Data signal of in_13             |                                                                      |
| s_axi_control | in_13_2       | 0xb0   | 32    | W      | Data signal of in_13             |                                                                      |
| s_axi_control | in_14_1       | 0xb8   | 32    | W      | Data signal of in_14             |                                                                      |
| s_axi_control | in_14_2       | 0xbc   | 32    | W      | Data signal of in_14             |                                                                      |
| s_axi_control | in_15_1       | 0xc4   | 32    | W      | Data signal of in_15             |                                                                      |
| s_axi_control | in_15_2       | 0xc8   | 32    | W      | Data signal of in_15             |                                                                      |
| s_axi_control | in_16_1       | 0xd0   | 32    | W      | Data signal of in_16             |                                                                      |
| s_axi_control | in_16_2       | 0xd4   | 32    | W      | Data signal of in_16             |                                                                      |
| s_axi_control | in_17_1       | 0xdc   | 32    | W      | Data signal of in_17             |                                                                      |
| s_axi_control | in_17_2       | 0xe0   | 32    | W      | Data signal of in_17             |                                                                      |
| s_axi_control | L3_out_dist_1 | 0xe8   | 32    | W      | Data signal of L3_out_dist       |                                                                      |
| s_axi_control | L3_out_dist_2 | 0xec   | 32    | W      | Data signal of L3_out_dist       |                                                                      |
| s_axi_control | L3_out_id_1   | 0xf4   | 32    | W      | Data signal of L3_out_id         |                                                                      |
| s_axi_control | L3_out_id_2   | 0xf8   | 32    | W      | Data signal of L3_out_id         |                                                                      |
+---------------+---------------+--------+-------+--------+----------------------------------+----------------------------------------------------------------------+

* TOP LEVEL CONTROL
+-----------+------------+-----------+
| Interface | Type       | Ports     |
+-----------+------------+-----------+
| ap_clk    | clock      | ap_clk    |
| ap_rst_n  | reset      | ap_rst_n  |
| interrupt | interrupt  | interrupt |
| ap_ctrl   | ap_ctrl_hs |           |
+-----------+------------+-----------+


================================================================
== SW I/O Information
================================================================
* Top Function Arguments
+-------------+-----------+-------------------+
| Argument    | Direction | Datatype          |
+-------------+-----------+-------------------+
| in_0        | in        | long unsigned int |
| in_1        | in        | long unsigned int |
| in_2        | in        | long unsigned int |
| in_3        | in        | long unsigned int |
| in_4        | in        | long unsigned int |
| in_5        | in        | long unsigned int |
| in_6        | in        | long unsigned int |
| in_7        | in        | long unsigned int |
| in_8        | in        | long unsigned int |
| in_9        | in        | long unsigned int |
| in_10       | in        | long unsigned int |
| in_11       | in        | long unsigned int |
| in_12       | in        | long unsigned int |
| in_13       | in        | long unsigned int |
| in_14       | in        | long unsigned int |
| in_15       | in        | long unsigned int |
| in_16       | in        | long unsigned int |
| in_17       | in        | long unsigned int |
| L3_out_dist | in        | long unsigned int |
| L3_out_id   | in        | long unsigned int |
+-------------+-----------+-------------------+

* SW-to-HW Mapping
+-------------+---------------+----------+-----------------------------------------+
| Argument    | HW Interface  | HW Type  | HW Info                                 |
+-------------+---------------+----------+-----------------------------------------+
| in_0        | s_axi_control | register | name=in_0_1 offset=0x10 range=32        |
| in_0        | s_axi_control | register | name=in_0_2 offset=0x14 range=32        |
| in_1        | s_axi_control | register | name=in_1_1 offset=0x1c range=32        |
| in_1        | s_axi_control | register | name=in_1_2 offset=0x20 range=32        |
| in_2        | s_axi_control | register | name=in_2_1 offset=0x28 range=32        |
| in_2        | s_axi_control | register | name=in_2_2 offset=0x2c range=32        |
| in_3        | s_axi_control | register | name=in_3_1 offset=0x34 range=32        |
| in_3        | s_axi_control | register | name=in_3_2 offset=0x38 range=32        |
| in_4        | s_axi_control | register | name=in_4_1 offset=0x40 range=32        |
| in_4        | s_axi_control | register | name=in_4_2 offset=0x44 range=32        |
| in_5        | s_axi_control | register | name=in_5_1 offset=0x4c range=32        |
| in_5        | s_axi_control | register | name=in_5_2 offset=0x50 range=32        |
| in_6        | s_axi_control | register | name=in_6_1 offset=0x58 range=32        |
| in_6        | s_axi_control | register | name=in_6_2 offset=0x5c range=32        |
| in_7        | s_axi_control | register | name=in_7_1 offset=0x64 range=32        |
| in_7        | s_axi_control | register | name=in_7_2 offset=0x68 range=32        |
| in_8        | s_axi_control | register | name=in_8_1 offset=0x70 range=32        |
| in_8        | s_axi_control | register | name=in_8_2 offset=0x74 range=32        |
| in_9        | s_axi_control | register | name=in_9_1 offset=0x7c range=32        |
| in_9        | s_axi_control | register | name=in_9_2 offset=0x80 range=32        |
| in_10       | s_axi_control | register | name=in_10_1 offset=0x88 range=32       |
| in_10       | s_axi_control | register | name=in_10_2 offset=0x8c range=32       |
| in_11       | s_axi_control | register | name=in_11_1 offset=0x94 range=32       |
| in_11       | s_axi_control | register | name=in_11_2 offset=0x98 range=32       |
| in_12       | s_axi_control | register | name=in_12_1 offset=0xa0 range=32       |
| in_12       | s_axi_control | register | name=in_12_2 offset=0xa4 range=32       |
| in_13       | s_axi_control | register | name=in_13_1 offset=0xac range=32       |
| in_13       | s_axi_control | register | name=in_13_2 offset=0xb0 range=32       |
| in_14       | s_axi_control | register | name=in_14_1 offset=0xb8 range=32       |
| in_14       | s_axi_control | register | name=in_14_2 offset=0xbc range=32       |
| in_15       | s_axi_control | register | name=in_15_1 offset=0xc4 range=32       |
| in_15       | s_axi_control | register | name=in_15_2 offset=0xc8 range=32       |
| in_16       | s_axi_control | register | name=in_16_1 offset=0xd0 range=32       |
| in_16       | s_axi_control | register | name=in_16_2 offset=0xd4 range=32       |
| in_17       | s_axi_control | register | name=in_17_1 offset=0xdc range=32       |
| in_17       | s_axi_control | register | name=in_17_2 offset=0xe0 range=32       |
| L3_out_dist | s_axi_control | register | name=L3_out_dist_1 offset=0xe8 range=32 |
| L3_out_dist | s_axi_control | register | name=L3_out_dist_2 offset=0xec range=32 |
| L3_out_id   | s_axi_control | register | name=L3_out_id_1 offset=0xf4 range=32   |
| L3_out_id   | s_axi_control | register | name=L3_out_id_2 offset=0xf8 range=32   |
+-------------+---------------+----------+-----------------------------------------+


================================================================
== M_AXI Burst Information
================================================================
 Note: All burst requests might be further partitioned into multiple requests during RTL generation based on max_read_burst_length or max_write_burst_length settings.

  No burst in design

================================================================
== Bind Op Report
================================================================
  No bind op info in design

================================================================
== Bind Storage Report
================================================================
  No bind storage info in design

================================================================
== Pragma Report
================================================================
* Pragmas with Warnings
+----------+----------------------------------------------+--------------------------------------------------------------------------------------------------------------------------------+-----------------------------------------------------------------------------------------+
| Type     | Options                                      | Location                                                                                                                       | Messages                                                                                |
+----------+----------------------------------------------+--------------------------------------------------------------------------------------------------------------------------------+-----------------------------------------------------------------------------------------+
| resource | variable=local_SP_0_A core=XPM_MEMORY uram   | ../../home/nehaprakriya/Documents/tapa/regression/knn/src/run_split_check/cpp/Knn.cpp:366 in krnl_partialknn, local_SP_0_A     | 'Resource pragma' is deprecated, use 'bind_op/bind_storage pragma' instead              |
|          |                                              |                                                                                                                                | 'xpm_memory' in '#pragma HLS Resource' is deprecated, use 'Bind_Storage Pragma' instead |
| resource | variable=local_SP_0_B core=XPM_MEMORY uram   | ../../home/nehaprakriya/Documents/tapa/regression/knn/src/run_split_check/cpp/Knn.cpp:368 in krnl_partialknn, local_SP_0_B     | 'Resource pragma' is deprecated, use 'bind_op/bind_storage pragma' instead              |
|          |                                              |                                                                                                                                | 'xpm_memory' in '#pragma HLS Resource' is deprecated, use 'Bind_Storage Pragma' instead |
| resource | variable=temp_kNearstDist core=RAM_1P_LUTRAM | ../../home/nehaprakriya/Documents/tapa/regression/knn/src/run_split_check/cpp/Knn.cpp:469 in krnl_partialknn, temp_kNearstDist | 'Resource pragma' is deprecated, use 'bind_op/bind_storage pragma' instead              |
| resource | variable=temp_kNearstId core=RAM_1P_LUTRAM   | ../../home/nehaprakriya/Documents/tapa/regression/knn/src/run_split_check/cpp/Knn.cpp:474 in krnl_partialknn, temp_kNearstId   | 'Resource pragma' is deprecated, use 'bind_op/bind_storage pragma' instead              |
+----------+----------------------------------------------+--------------------------------------------------------------------------------------------------------------------------------+-----------------------------------------------------------------------------------------+

* Valid Pragma Syntax
+-----------------+--------------------------------------------------------------+-------------------------------------------------------------------------------------------------------------------------------------------+
| Type            | Options                                                      | Location                                                                                                                                  |
+-----------------+--------------------------------------------------------------+-------------------------------------------------------------------------------------------------------------------------------------------+
| pipeline        |                                                              | ../../home/nehaprakriya/Documents/tapa/regression/knn/src/run_split_check/cpp/Knn.cpp:80 in compare_with_register                         |
| inline          | off                                                          | ../../home/nehaprakriya/Documents/tapa/regression/knn/src/run_split_check/cpp/Knn.cpp:81 in compare_with_register                         |
| latency         | min=2 max=2                                                  | ../../home/nehaprakriya/Documents/tapa/regression/knn/src/run_split_check/cpp/Knn.cpp:82 in compare_with_register                         |
| inline          | OFF                                                          | ../../home/nehaprakriya/Documents/tapa/regression/knn/src/run_split_check/cpp/Knn.cpp:92 in load                                          |
| pipeline        | II=1                                                         | ../../home/nehaprakriya/Documents/tapa/regression/knn/src/run_split_check/cpp/Knn.cpp:95 in load                                          |
| inline          | OFF                                                          | ../../home/nehaprakriya/Documents/tapa/regression/knn/src/run_split_check/cpp/Knn.cpp:116 in compute                                      |
| pipeline        | II=1                                                         | ../../home/nehaprakriya/Documents/tapa/regression/knn/src/run_split_check/cpp/Knn.cpp:121 in compute                                      |
| unroll          |                                                              | ../../home/nehaprakriya/Documents/tapa/regression/knn/src/run_split_check/cpp/Knn.cpp:127 in compute                                      |
| inline          |                                                              | ../../home/nehaprakriya/Documents/tapa/regression/knn/src/run_split_check/cpp/Knn.cpp:169 in swap                                         |
| inline          | OFF                                                          | ../../home/nehaprakriya/Documents/tapa/regression/knn/src/run_split_check/cpp/Knn.cpp:192 in para_partial_sort                            |
| pipeline        | II=2                                                         | ../../home/nehaprakriya/Documents/tapa/regression/knn/src/run_split_check/cpp/Knn.cpp:194 in para_partial_sort                            |
| unroll          | FACTOR=D2L_FACTOR_W                                          | ../../home/nehaprakriya/Documents/tapa/regression/knn/src/run_split_check/cpp/Knn.cpp:195 in para_partial_sort                            |
| unroll          |                                                              | ../../home/nehaprakriya/Documents/tapa/regression/knn/src/run_split_check/cpp/Knn.cpp:210 in para_partial_sort                            |
| dependence      | variable="local_kNearstDist" inter false                     | ../../home/nehaprakriya/Documents/tapa/regression/knn/src/run_split_check/cpp/Knn.cpp:211 in para_partial_sort, "local_kNearstDist"       |
| dependence      | variable="local_kNearstId" inter false                       | ../../home/nehaprakriya/Documents/tapa/regression/knn/src/run_split_check/cpp/Knn.cpp:212 in para_partial_sort, "local_kNearstId"         |
| unroll          |                                                              | ../../home/nehaprakriya/Documents/tapa/regression/knn/src/run_split_check/cpp/Knn.cpp:225 in para_partial_sort                            |
| dependence      | variable="local_kNearstDist" inter false                     | ../../home/nehaprakriya/Documents/tapa/regression/knn/src/run_split_check/cpp/Knn.cpp:226 in para_partial_sort, "local_kNearstDist"       |
| dependence      | variable="local_kNearstId" inter false                       | ../../home/nehaprakriya/Documents/tapa/regression/knn/src/run_split_check/cpp/Knn.cpp:227 in para_partial_sort, "local_kNearstId"         |
| inline          | OFF                                                          | ../../home/nehaprakriya/Documents/tapa/regression/knn/src/run_split_check/cpp/Knn.cpp:242 in sort                                         |
| array_partition | variable=starting_id complete dim=0                          | ../../home/nehaprakriya/Documents/tapa/regression/knn/src/run_split_check/cpp/Knn.cpp:245 in sort, starting_id                            |
| unroll          |                                                              | ../../home/nehaprakriya/Documents/tapa/regression/knn/src/run_split_check/cpp/Knn.cpp:248 in sort                                         |
| pipeline        | II=1                                                         | ../../home/nehaprakriya/Documents/tapa/regression/knn/src/run_split_check/cpp/Knn.cpp:255 in sort                                         |
| unroll          | FACTOR=L2I_FACTOR_W                                          | ../../home/nehaprakriya/Documents/tapa/regression/knn/src/run_split_check/cpp/Knn.cpp:256 in sort                                         |
| pipeline        | II=1                                                         | ../../home/nehaprakriya/Documents/tapa/regression/knn/src/run_split_check/cpp/Knn.cpp:271 in sort                                         |
| unroll          |                                                              | ../../home/nehaprakriya/Documents/tapa/regression/knn/src/run_split_check/cpp/Knn.cpp:286 in sort                                         |
| unroll          |                                                              | ../../home/nehaprakriya/Documents/tapa/regression/knn/src/run_split_check/cpp/Knn.cpp:344 in merge_dual_all_pes                           |
| inline          |                                                              | ../../home/nehaprakriya/Documents/tapa/regression/knn/src/run_split_check/cpp/Knn.cpp:361 in krnl_partialknn                              |
| array_partition | variable=local_Query_0 complete dim=1                        | ../../home/nehaprakriya/Documents/tapa/regression/knn/src/run_split_check/cpp/Knn.cpp:364 in krnl_partialknn, local_Query_0               |
| array_partition | variable=local_distance_0_A complete dim=1                   | ../../home/nehaprakriya/Documents/tapa/regression/knn/src/run_split_check/cpp/Knn.cpp:371 in krnl_partialknn, local_distance_0_A          |
| array_partition | variable=local_distance_0_A cyclic factor=L2I_FACTOR_W dim=2 | ../../home/nehaprakriya/Documents/tapa/regression/knn/src/run_split_check/cpp/Knn.cpp:372 in krnl_partialknn, local_distance_0_A          |
| array_partition | variable=local_distance_0_B complete dim=1                   | ../../home/nehaprakriya/Documents/tapa/regression/knn/src/run_split_check/cpp/Knn.cpp:374 in krnl_partialknn, local_distance_0_B          |
| array_partition | variable=local_distance_0_B cyclic factor=L2I_FACTOR_W dim=2 | ../../home/nehaprakriya/Documents/tapa/regression/knn/src/run_split_check/cpp/Knn.cpp:375 in krnl_partialknn, local_distance_0_B          |
| array_partition | variable=local_kNearstDist_partial_0 complete dim=0          | ../../home/nehaprakriya/Documents/tapa/regression/knn/src/run_split_check/cpp/Knn.cpp:380 in krnl_partialknn, local_kNearstDist_partial_0 |
| array_partition | variable=local_kNearstId_partial_0 complete dim=0            | ../../home/nehaprakriya/Documents/tapa/regression/knn/src/run_split_check/cpp/Knn.cpp:382 in krnl_partialknn, local_kNearstId_partial_0   |
| array_partition | variable=local_kNearstDist complete dim=0                    | ../../home/nehaprakriya/Documents/tapa/regression/knn/src/run_split_check/cpp/Knn.cpp:386 in krnl_partialknn, local_kNearstDist           |
| array_partition | variable=local_kNearstId complete dim=0                      | ../../home/nehaprakriya/Documents/tapa/regression/knn/src/run_split_check/cpp/Knn.cpp:388 in krnl_partialknn, local_kNearstId             |
| array_partition | variable=global_kNearstDist complete                         | ../../home/nehaprakriya/Documents/tapa/regression/knn/src/run_split_check/cpp/Knn.cpp:392 in krnl_partialknn, global_kNearstDist          |
| array_partition | variable=global_kNearstId complete                           | ../../home/nehaprakriya/Documents/tapa/regression/knn/src/run_split_check/cpp/Knn.cpp:394 in krnl_partialknn, global_kNearstId            |
| pipeline        | II=1                                                         | ../../home/nehaprakriya/Documents/tapa/regression/knn/src/run_split_check/cpp/Knn.cpp:397 in krnl_partialknn                              |
| pipeline        | II=1                                                         | ../../home/nehaprakriya/Documents/tapa/regression/knn/src/run_split_check/cpp/Knn.cpp:422 in krnl_partialknn                              |
| unroll          |                                                              | ../../home/nehaprakriya/Documents/tapa/regression/knn/src/run_split_check/cpp/Knn.cpp:440 in krnl_partialknn                              |
| array_partition | variable=temp_kNearstDist complete dim=1                     | ../../home/nehaprakriya/Documents/tapa/regression/knn/src/run_split_check/cpp/Knn.cpp:466 in krnl_partialknn, temp_kNearstDist            |
| array_partition | variable=temp_kNearstDist complete dim=2                     | ../../home/nehaprakriya/Documents/tapa/regression/knn/src/run_split_check/cpp/Knn.cpp:467 in krnl_partialknn, temp_kNearstDist            |
| array_partition | variable=temp_kNearstDist complete dim=3                     | ../../home/nehaprakriya/Documents/tapa/regression/knn/src/run_split_check/cpp/Knn.cpp:468 in krnl_partialknn, temp_kNearstDist            |
| array_partition | variable=temp_kNearstId complete dim=1                       | ../../home/nehaprakriya/Documents/tapa/regression/knn/src/run_split_check/cpp/Knn.cpp:471 in krnl_partialknn, temp_kNearstId              |
| array_partition | variable=temp_kNearstId complete dim=2                       | ../../home/nehaprakriya/Documents/tapa/regression/knn/src/run_split_check/cpp/Knn.cpp:472 in krnl_partialknn, temp_kNearstId              |
| array_partition | variable=temp_kNearstId complete dim=3                       | ../../home/nehaprakriya/Documents/tapa/regression/knn/src/run_split_check/cpp/Knn.cpp:473 in krnl_partialknn, temp_kNearstId              |
| unroll          |                                                              | ../../home/nehaprakriya/Documents/tapa/regression/knn/src/run_split_check/cpp/Knn.cpp:478 in krnl_partialknn                              |
| unroll          |                                                              | ../../home/nehaprakriya/Documents/tapa/regression/knn/src/run_split_check/cpp/Knn.cpp:481 in krnl_partialknn                              |
| unroll          |                                                              | ../../home/nehaprakriya/Documents/tapa/regression/knn/src/run_split_check/cpp/Knn.cpp:484 in krnl_partialknn                              |
| unroll          |                                                              | ../../home/nehaprakriya/Documents/tapa/regression/knn/src/run_split_check/cpp/Knn.cpp:497 in krnl_partialknn                              |
| unroll          |                                                              | ../../home/nehaprakriya/Documents/tapa/regression/knn/src/run_split_check/cpp/Knn.cpp:506 in krnl_partialknn                              |
| unroll          |                                                              | ../../home/nehaprakriya/Documents/tapa/regression/knn/src/run_split_check/cpp/Knn.cpp:516 in krnl_partialknn                              |
| pipeline        | II=1                                                         | ../../home/nehaprakriya/Documents/tapa/regression/knn/src/run_split_check/cpp/Knn.cpp:536 in krnl_partialknn                              |
| pipeline        | II=1                                                         | ../../home/nehaprakriya/Documents/tapa/regression/knn/src/run_split_check/cpp/Knn.cpp:547 in krnl_partialknn                              |
| inline          | OFF                                                          | ../../home/nehaprakriya/Documents/tapa/regression/knn/src/run_split_check/cpp/Knn.cpp:706 in seq_global_merge_l1_l2                       |
| array_partition | variable=idx complete dim=0                                  | ../../home/nehaprakriya/Documents/tapa/regression/knn/src/run_split_check/cpp/Knn.cpp:708 in seq_global_merge_l1_l2, idx                  |
| unroll          |                                                              | ../../home/nehaprakriya/Documents/tapa/regression/knn/src/run_split_check/cpp/Knn.cpp:711 in seq_global_merge_l1_l2                       |
| pipeline        | II=1                                                         | ../../home/nehaprakriya/Documents/tapa/regression/knn/src/run_split_check/cpp/Knn.cpp:720 in seq_global_merge_l1_l2                       |
| inline          | OFF                                                          | ../../home/nehaprakriya/Documents/tapa/regression/knn/src/run_split_check/cpp/Knn.cpp:748 in seq_global_merge_l3                          |
| array_partition | variable=idx complete dim=0                                  | ../../home/nehaprakriya/Documents/tapa/regression/knn/src/run_split_check/cpp/Knn.cpp:750 in seq_global_merge_l3, idx                     |
| unroll          |                                                              | ../../home/nehaprakriya/Documents/tapa/regression/knn/src/run_split_check/cpp/Knn.cpp:753 in seq_global_merge_l3                          |
| pipeline        | II=1                                                         | ../../home/nehaprakriya/Documents/tapa/regression/knn/src/run_split_check/cpp/Knn.cpp:762 in seq_global_merge_l3                          |
| interface       | s_axilite port = in_0 bundle = control                       | ../../home/nehaprakriya/Documents/tapa/regression/knn/src/run_split_check/cpp/Knn.cpp:808 in knn                                          |
| interface       | s_axilite port = in_1 bundle = control                       | ../../home/nehaprakriya/Documents/tapa/regression/knn/src/run_split_check/cpp/Knn.cpp:812 in knn                                          |
| interface       | s_axilite port = in_2 bundle = control                       | ../../home/nehaprakriya/Documents/tapa/regression/knn/src/run_split_check/cpp/Knn.cpp:816 in knn                                          |
| interface       | s_axilite port = in_3 bundle = control                       | ../../home/nehaprakriya/Documents/tapa/regression/knn/src/run_split_check/cpp/Knn.cpp:820 in knn                                          |
| interface       | s_axilite port = in_4 bundle = control                       | ../../home/nehaprakriya/Documents/tapa/regression/knn/src/run_split_check/cpp/Knn.cpp:824 in knn                                          |
| interface       | s_axilite port = in_5 bundle = control                       | ../../home/nehaprakriya/Documents/tapa/regression/knn/src/run_split_check/cpp/Knn.cpp:828 in knn                                          |
| interface       | s_axilite port = in_6 bundle = control                       | ../../home/nehaprakriya/Documents/tapa/regression/knn/src/run_split_check/cpp/Knn.cpp:832 in knn                                          |
| interface       | s_axilite port = in_7 bundle = control                       | ../../home/nehaprakriya/Documents/tapa/regression/knn/src/run_split_check/cpp/Knn.cpp:836 in knn                                          |
| interface       | s_axilite port = in_8 bundle = control                       | ../../home/nehaprakriya/Documents/tapa/regression/knn/src/run_split_check/cpp/Knn.cpp:840 in knn                                          |
| interface       | s_axilite port = in_9 bundle = control                       | ../../home/nehaprakriya/Documents/tapa/regression/knn/src/run_split_check/cpp/Knn.cpp:844 in knn                                          |
| interface       | s_axilite port = in_10 bundle = control                      | ../../home/nehaprakriya/Documents/tapa/regression/knn/src/run_split_check/cpp/Knn.cpp:848 in knn                                          |
| interface       | s_axilite port = in_11 bundle = control                      | ../../home/nehaprakriya/Documents/tapa/regression/knn/src/run_split_check/cpp/Knn.cpp:852 in knn                                          |
| interface       | s_axilite port = in_12 bundle = control                      | ../../home/nehaprakriya/Documents/tapa/regression/knn/src/run_split_check/cpp/Knn.cpp:856 in knn                                          |
| interface       | s_axilite port = in_13 bundle = control                      | ../../home/nehaprakriya/Documents/tapa/regression/knn/src/run_split_check/cpp/Knn.cpp:860 in knn                                          |
| interface       | s_axilite port = in_14 bundle = control                      | ../../home/nehaprakriya/Documents/tapa/regression/knn/src/run_split_check/cpp/Knn.cpp:864 in knn                                          |
| interface       | s_axilite port = in_15 bundle = control                      | ../../home/nehaprakriya/Documents/tapa/regression/knn/src/run_split_check/cpp/Knn.cpp:868 in knn                                          |
| interface       | s_axilite port = in_16 bundle = control                      | ../../home/nehaprakriya/Documents/tapa/regression/knn/src/run_split_check/cpp/Knn.cpp:872 in knn                                          |
| interface       | s_axilite port = in_17 bundle = control                      | ../../home/nehaprakriya/Documents/tapa/regression/knn/src/run_split_check/cpp/Knn.cpp:876 in knn                                          |
| interface       | s_axilite port = L3_out_dist bundle = control                | ../../home/nehaprakriya/Documents/tapa/regression/knn/src/run_split_check/cpp/Knn.cpp:880 in knn                                          |
| interface       | s_axilite port = L3_out_id bundle = control                  | ../../home/nehaprakriya/Documents/tapa/regression/knn/src/run_split_check/cpp/Knn.cpp:884 in knn                                          |
| interface       | s_axilite port = return bundle = control                     | ../../home/nehaprakriya/Documents/tapa/regression/knn/src/run_split_check/cpp/Knn.cpp:889 in knn                                          |
+-----------------+--------------------------------------------------------------+-------------------------------------------------------------------------------------------------------------------------------------------+


