

================================================================
== Vitis HLS Report for 'krnl_globalSort_L3'
================================================================
* Date:           Wed May 22 14:54:26 2024

* Version:        2022.1 (Build 3526262 on Mon Apr 18 15:47:01 MDT 2022)
* Project:        project
* Solution:       krnl_globalSort_L3 (Vivado IP Flow Target)
* Product family: virtexuplus
* Target device:  xcu55c-fsvh2892-2L-e


================================================================
== Performance Estimates
================================================================
+ Timing: 
    * Summary: 
    +--------+---------+----------+------------+
    |  Clock |  Target | Estimated| Uncertainty|
    +--------+---------+----------+------------+
    |ap_clk  |  3.33 ns|  3.187 ns|     0.90 ns|
    +--------+---------+----------+------------+

+ Latency: 
    * Summary: 
    +---------+---------+----------+----------+-----+-----+---------+
    |  Latency (cycles) |  Latency (absolute) |  Interval | Pipeline|
    |   min   |   max   |    min   |    max   | min | max |   Type  |
    +---------+---------+----------+----------+-----+-----+---------+
    |        ?|        ?|         ?|         ?|    ?|    ?|       no|
    +---------+---------+----------+----------+-----+-----+---------+

    + Detail: 
        * Instance: 
        N/A

        * Loop: 
        N/A

============================================================
+ Verbose Summary: Synthesis Manager
============================================================
InlineROM: 1
ExposeGlobal: 0
============================================================
+ Verbose Summary: CDFG Model
============================================================
IsTopModel: 1
ResetActiveHigh: 1
IsCombinational: 0
IsDatapathOnly: 0
HasWiredReturn: 1
HasMFsm: 0
HasVarLatency: 1
IsPipeline: 0
IsRtlPipelined: 0
IsInstanceOverlapped: 0
IsDontTouch: 0
HasImplIP: 0
IsGatedGlobalClock: 0


============================================================
+ Verbose Summary: Schedule
============================================================
* Number of FSM states : 9
* Pipeline : 0
* Dataflow Pipeline: 0

* FSM state transitions: 
1 --> 2 
2 --> 3 
3 --> 4 
4 --> 5 
5 --> 6 
6 --> 7 
7 --> 8 
8 --> 9 
9 --> 

* FSM state operations: 

State 1 <SV = 0> <Delay = 0.00>
ST_1 : Operation 10 [1/1] (0.00ns)   --->   "%local_kNearstId_partial29_loc = alloca i64 1"   --->   Operation 10 'alloca' 'local_kNearstId_partial29_loc' <Predicate = true> <Delay = 0.00>
ST_1 : Operation 11 [1/1] (0.00ns)   --->   "%local_kNearstId_partial_130_loc = alloca i64 1"   --->   Operation 11 'alloca' 'local_kNearstId_partial_130_loc' <Predicate = true> <Delay = 0.00>
ST_1 : Operation 12 [1/1] (0.00ns)   --->   "%local_kNearstId_partial_231_loc = alloca i64 1"   --->   Operation 12 'alloca' 'local_kNearstId_partial_231_loc' <Predicate = true> <Delay = 0.00>
ST_1 : Operation 13 [1/1] (0.00ns)   --->   "%local_kNearstId_partial_332_loc = alloca i64 1"   --->   Operation 13 'alloca' 'local_kNearstId_partial_332_loc' <Predicate = true> <Delay = 0.00>
ST_1 : Operation 14 [1/1] (0.00ns)   --->   "%local_kNearstId_partial_433_loc = alloca i64 1"   --->   Operation 14 'alloca' 'local_kNearstId_partial_433_loc' <Predicate = true> <Delay = 0.00>
ST_1 : Operation 15 [1/1] (0.00ns)   --->   "%local_kNearstId_partial_534_loc = alloca i64 1"   --->   Operation 15 'alloca' 'local_kNearstId_partial_534_loc' <Predicate = true> <Delay = 0.00>
ST_1 : Operation 16 [1/1] (0.00ns)   --->   "%local_kNearstId_partial_635_loc = alloca i64 1"   --->   Operation 16 'alloca' 'local_kNearstId_partial_635_loc' <Predicate = true> <Delay = 0.00>
ST_1 : Operation 17 [1/1] (0.00ns)   --->   "%local_kNearstId_partial_736_loc = alloca i64 1"   --->   Operation 17 'alloca' 'local_kNearstId_partial_736_loc' <Predicate = true> <Delay = 0.00>
ST_1 : Operation 18 [1/1] (0.00ns)   --->   "%local_kNearstId_partial_837_loc = alloca i64 1"   --->   Operation 18 'alloca' 'local_kNearstId_partial_837_loc' <Predicate = true> <Delay = 0.00>
ST_1 : Operation 19 [1/1] (0.00ns)   --->   "%local_kNearstId_partial_938_loc = alloca i64 1"   --->   Operation 19 'alloca' 'local_kNearstId_partial_938_loc' <Predicate = true> <Delay = 0.00>
ST_1 : Operation 20 [1/1] (0.00ns)   --->   "%local_kNearstId_partial_1039_loc = alloca i64 1"   --->   Operation 20 'alloca' 'local_kNearstId_partial_1039_loc' <Predicate = true> <Delay = 0.00>
ST_1 : Operation 21 [1/1] (0.00ns)   --->   "%local_kNearstId_partial_1140_loc = alloca i64 1"   --->   Operation 21 'alloca' 'local_kNearstId_partial_1140_loc' <Predicate = true> <Delay = 0.00>
ST_1 : Operation 22 [1/1] (0.00ns)   --->   "%local_kNearstId_partial_1241_loc = alloca i64 1"   --->   Operation 22 'alloca' 'local_kNearstId_partial_1241_loc' <Predicate = true> <Delay = 0.00>
ST_1 : Operation 23 [1/1] (0.00ns)   --->   "%local_kNearstId_partial_1342_loc = alloca i64 1"   --->   Operation 23 'alloca' 'local_kNearstId_partial_1342_loc' <Predicate = true> <Delay = 0.00>
ST_1 : Operation 24 [1/1] (0.00ns)   --->   "%local_kNearstId_partial_1443_loc = alloca i64 1"   --->   Operation 24 'alloca' 'local_kNearstId_partial_1443_loc' <Predicate = true> <Delay = 0.00>
ST_1 : Operation 25 [1/1] (0.00ns)   --->   "%local_kNearstId_partial_1544_loc = alloca i64 1"   --->   Operation 25 'alloca' 'local_kNearstId_partial_1544_loc' <Predicate = true> <Delay = 0.00>
ST_1 : Operation 26 [1/1] (0.00ns)   --->   "%local_kNearstId_partial_1645_loc = alloca i64 1"   --->   Operation 26 'alloca' 'local_kNearstId_partial_1645_loc' <Predicate = true> <Delay = 0.00>
ST_1 : Operation 27 [1/1] (0.00ns)   --->   "%local_kNearstId_partial_1746_loc = alloca i64 1"   --->   Operation 27 'alloca' 'local_kNearstId_partial_1746_loc' <Predicate = true> <Delay = 0.00>
ST_1 : Operation 28 [1/1] (0.00ns)   --->   "%local_kNearstId_partial_1847_loc = alloca i64 1"   --->   Operation 28 'alloca' 'local_kNearstId_partial_1847_loc' <Predicate = true> <Delay = 0.00>
ST_1 : Operation 29 [1/1] (0.00ns)   --->   "%local_kNearstId_partial_1948_loc = alloca i64 1"   --->   Operation 29 'alloca' 'local_kNearstId_partial_1948_loc' <Predicate = true> <Delay = 0.00>
ST_1 : Operation 30 [1/1] (0.00ns)   --->   "%local_kNearstDist_partial1_loc = alloca i64 1"   --->   Operation 30 'alloca' 'local_kNearstDist_partial1_loc' <Predicate = true> <Delay = 0.00>
ST_1 : Operation 31 [1/1] (0.00ns)   --->   "%local_kNearstDist_partial_110_loc = alloca i64 1"   --->   Operation 31 'alloca' 'local_kNearstDist_partial_110_loc' <Predicate = true> <Delay = 0.00>
ST_1 : Operation 32 [1/1] (0.00ns)   --->   "%local_kNearstDist_partial_211_loc = alloca i64 1"   --->   Operation 32 'alloca' 'local_kNearstDist_partial_211_loc' <Predicate = true> <Delay = 0.00>
ST_1 : Operation 33 [1/1] (0.00ns)   --->   "%local_kNearstDist_partial_312_loc = alloca i64 1"   --->   Operation 33 'alloca' 'local_kNearstDist_partial_312_loc' <Predicate = true> <Delay = 0.00>
ST_1 : Operation 34 [1/1] (0.00ns)   --->   "%local_kNearstDist_partial_413_loc = alloca i64 1"   --->   Operation 34 'alloca' 'local_kNearstDist_partial_413_loc' <Predicate = true> <Delay = 0.00>
ST_1 : Operation 35 [1/1] (0.00ns)   --->   "%local_kNearstDist_partial_514_loc = alloca i64 1"   --->   Operation 35 'alloca' 'local_kNearstDist_partial_514_loc' <Predicate = true> <Delay = 0.00>
ST_1 : Operation 36 [1/1] (0.00ns)   --->   "%local_kNearstDist_partial_615_loc = alloca i64 1"   --->   Operation 36 'alloca' 'local_kNearstDist_partial_615_loc' <Predicate = true> <Delay = 0.00>
ST_1 : Operation 37 [1/1] (0.00ns)   --->   "%local_kNearstDist_partial_716_loc = alloca i64 1"   --->   Operation 37 'alloca' 'local_kNearstDist_partial_716_loc' <Predicate = true> <Delay = 0.00>
ST_1 : Operation 38 [1/1] (0.00ns)   --->   "%local_kNearstDist_partial_817_loc = alloca i64 1"   --->   Operation 38 'alloca' 'local_kNearstDist_partial_817_loc' <Predicate = true> <Delay = 0.00>
ST_1 : Operation 39 [1/1] (0.00ns)   --->   "%local_kNearstDist_partial_918_loc = alloca i64 1"   --->   Operation 39 'alloca' 'local_kNearstDist_partial_918_loc' <Predicate = true> <Delay = 0.00>
ST_1 : Operation 40 [1/1] (0.00ns)   --->   "%local_kNearstDist_partial_1019_loc = alloca i64 1"   --->   Operation 40 'alloca' 'local_kNearstDist_partial_1019_loc' <Predicate = true> <Delay = 0.00>
ST_1 : Operation 41 [1/1] (0.00ns)   --->   "%local_kNearstDist_partial_1120_loc = alloca i64 1"   --->   Operation 41 'alloca' 'local_kNearstDist_partial_1120_loc' <Predicate = true> <Delay = 0.00>
ST_1 : Operation 42 [1/1] (0.00ns)   --->   "%local_kNearstDist_partial_1221_loc = alloca i64 1"   --->   Operation 42 'alloca' 'local_kNearstDist_partial_1221_loc' <Predicate = true> <Delay = 0.00>
ST_1 : Operation 43 [1/1] (0.00ns)   --->   "%local_kNearstDist_partial_1322_loc = alloca i64 1"   --->   Operation 43 'alloca' 'local_kNearstDist_partial_1322_loc' <Predicate = true> <Delay = 0.00>
ST_1 : Operation 44 [1/1] (0.00ns)   --->   "%local_kNearstDist_partial_1423_loc = alloca i64 1"   --->   Operation 44 'alloca' 'local_kNearstDist_partial_1423_loc' <Predicate = true> <Delay = 0.00>
ST_1 : Operation 45 [1/1] (0.00ns)   --->   "%local_kNearstDist_partial_1524_loc = alloca i64 1"   --->   Operation 45 'alloca' 'local_kNearstDist_partial_1524_loc' <Predicate = true> <Delay = 0.00>
ST_1 : Operation 46 [1/1] (0.00ns)   --->   "%local_kNearstDist_partial_1625_loc = alloca i64 1"   --->   Operation 46 'alloca' 'local_kNearstDist_partial_1625_loc' <Predicate = true> <Delay = 0.00>
ST_1 : Operation 47 [1/1] (0.00ns)   --->   "%local_kNearstDist_partial_1726_loc = alloca i64 1"   --->   Operation 47 'alloca' 'local_kNearstDist_partial_1726_loc' <Predicate = true> <Delay = 0.00>
ST_1 : Operation 48 [1/1] (0.00ns)   --->   "%local_kNearstDist_partial_1827_loc = alloca i64 1"   --->   Operation 48 'alloca' 'local_kNearstDist_partial_1827_loc' <Predicate = true> <Delay = 0.00>
ST_1 : Operation 49 [1/1] (0.00ns)   --->   "%local_kNearstDist_partial_1928_loc = alloca i64 1"   --->   Operation 49 'alloca' 'local_kNearstDist_partial_1928_loc' <Predicate = true> <Delay = 0.00>
ST_1 : Operation 50 [1/1] (0.00ns)   --->   "%empty = nbreadreq i1 @_ssdm_op_NbReadReq.ap_fifo.i45P0A, i45 %in_dist0_s, i32 1" [/tools/Xilinx/Vitis_HLS/2022.1/common/technology/autopilot/hls_stream_39.h:136]   --->   Operation 50 'nbreadreq' 'empty' <Predicate = true> <Delay = 0.00> <CoreInst = "FIFO">   --->   Core 78 'FIFO' <Latency = 0> <II = 1> <Delay = 1.42> <Storage> <Opcode : 'read' 'write' 'nbread' 'nbwrite'> <Ports = 0> <Width = -1> <Depth = -1> <FIFO>
ST_1 : Operation 51 [1/1] (0.00ns)   --->   "%empty_18 = nbreadreq i1 @_ssdm_op_NbReadReq.ap_fifo.i45P0A, i45 %in_dist0_peek, i32 1" [/tools/Xilinx/Vitis_HLS/2022.1/common/technology/autopilot/hls_stream_39.h:136]   --->   Operation 51 'nbreadreq' 'empty_18' <Predicate = true> <Delay = 0.00> <CoreInst = "FIFO">   --->   Core 78 'FIFO' <Latency = 0> <II = 1> <Delay = 1.42> <Storage> <Opcode : 'read' 'write' 'nbread' 'nbwrite'> <Ports = 0> <Width = -1> <Depth = -1> <FIFO>
ST_1 : Operation 52 [1/1] (0.00ns)   --->   "%empty_19 = nbreadreq i1 @_ssdm_op_NbReadReq.ap_fifo.i45P0A, i45 %in_id0_s, i32 1" [/tools/Xilinx/Vitis_HLS/2022.1/common/technology/autopilot/hls_stream_39.h:136]   --->   Operation 52 'nbreadreq' 'empty_19' <Predicate = true> <Delay = 0.00> <CoreInst = "FIFO">   --->   Core 78 'FIFO' <Latency = 0> <II = 1> <Delay = 1.42> <Storage> <Opcode : 'read' 'write' 'nbread' 'nbwrite'> <Ports = 0> <Width = -1> <Depth = -1> <FIFO>
ST_1 : Operation 53 [1/1] (0.00ns)   --->   "%empty_20 = nbreadreq i1 @_ssdm_op_NbReadReq.ap_fifo.i45P0A, i45 %in_id0_peek, i32 1" [/tools/Xilinx/Vitis_HLS/2022.1/common/technology/autopilot/hls_stream_39.h:136]   --->   Operation 53 'nbreadreq' 'empty_20' <Predicate = true> <Delay = 0.00> <CoreInst = "FIFO">   --->   Core 78 'FIFO' <Latency = 0> <II = 1> <Delay = 1.42> <Storage> <Opcode : 'read' 'write' 'nbread' 'nbwrite'> <Ports = 0> <Width = -1> <Depth = -1> <FIFO>
ST_1 : Operation 54 [1/1] (0.00ns)   --->   "%empty_21 = nbreadreq i1 @_ssdm_op_NbReadReq.ap_fifo.i45P0A, i45 %in_dist1_s, i32 1" [/tools/Xilinx/Vitis_HLS/2022.1/common/technology/autopilot/hls_stream_39.h:136]   --->   Operation 54 'nbreadreq' 'empty_21' <Predicate = true> <Delay = 0.00> <CoreInst = "FIFO">   --->   Core 78 'FIFO' <Latency = 0> <II = 1> <Delay = 1.42> <Storage> <Opcode : 'read' 'write' 'nbread' 'nbwrite'> <Ports = 0> <Width = -1> <Depth = -1> <FIFO>
ST_1 : Operation 55 [1/1] (0.00ns)   --->   "%empty_22 = nbreadreq i1 @_ssdm_op_NbReadReq.ap_fifo.i45P0A, i45 %in_dist1_peek, i32 1" [/tools/Xilinx/Vitis_HLS/2022.1/common/technology/autopilot/hls_stream_39.h:136]   --->   Operation 55 'nbreadreq' 'empty_22' <Predicate = true> <Delay = 0.00> <CoreInst = "FIFO">   --->   Core 78 'FIFO' <Latency = 0> <II = 1> <Delay = 1.42> <Storage> <Opcode : 'read' 'write' 'nbread' 'nbwrite'> <Ports = 0> <Width = -1> <Depth = -1> <FIFO>
ST_1 : Operation 56 [1/1] (0.00ns)   --->   "%empty_23 = nbreadreq i1 @_ssdm_op_NbReadReq.ap_fifo.i45P0A, i45 %in_id1_s, i32 1" [/tools/Xilinx/Vitis_HLS/2022.1/common/technology/autopilot/hls_stream_39.h:136]   --->   Operation 56 'nbreadreq' 'empty_23' <Predicate = true> <Delay = 0.00> <CoreInst = "FIFO">   --->   Core 78 'FIFO' <Latency = 0> <II = 1> <Delay = 1.42> <Storage> <Opcode : 'read' 'write' 'nbread' 'nbwrite'> <Ports = 0> <Width = -1> <Depth = -1> <FIFO>
ST_1 : Operation 57 [1/1] (0.00ns)   --->   "%empty_24 = nbreadreq i1 @_ssdm_op_NbReadReq.ap_fifo.i45P0A, i45 %in_id1_peek, i32 1" [/tools/Xilinx/Vitis_HLS/2022.1/common/technology/autopilot/hls_stream_39.h:136]   --->   Operation 57 'nbreadreq' 'empty_24' <Predicate = true> <Delay = 0.00> <CoreInst = "FIFO">   --->   Core 78 'FIFO' <Latency = 0> <II = 1> <Delay = 1.42> <Storage> <Opcode : 'read' 'write' 'nbread' 'nbwrite'> <Ports = 0> <Width = -1> <Depth = -1> <FIFO>
ST_1 : Operation 58 [1/1] (0.00ns)   --->   "%empty_25 = nbwritereq i1 @_ssdm_op_NbWriteReq.ap_fifo.i65P0A, i65 %output_knnDist_read_addr, i32 1" [/tools/Xilinx/Vitis_HLS/2022.1/common/technology/autopilot/hls_stream_39.h:140]   --->   Operation 58 'nbwritereq' 'empty_25' <Predicate = true> <Delay = 0.00> <CoreInst = "FIFO">   --->   Core 78 'FIFO' <Latency = 0> <II = 1> <Delay = 1.42> <Storage> <Opcode : 'read' 'write' 'nbread' 'nbwrite'> <Ports = 0> <Width = -1> <Depth = -1> <FIFO>
ST_1 : Operation 59 [1/1] (0.00ns)   --->   "%empty_26 = nbreadreq i1 @_ssdm_op_NbReadReq.ap_fifo.i33P0A, i33 %output_knnDist_read_data_s, i32 1" [/tools/Xilinx/Vitis_HLS/2022.1/common/technology/autopilot/hls_stream_39.h:136]   --->   Operation 59 'nbreadreq' 'empty_26' <Predicate = true> <Delay = 0.00> <CoreInst = "FIFO">   --->   Core 78 'FIFO' <Latency = 0> <II = 1> <Delay = 1.42> <Storage> <Opcode : 'read' 'write' 'nbread' 'nbwrite'> <Ports = 0> <Width = -1> <Depth = -1> <FIFO>
ST_1 : Operation 60 [1/1] (0.00ns)   --->   "%empty_27 = nbreadreq i1 @_ssdm_op_NbReadReq.ap_fifo.i33P0A, i33 %output_knnDist_read_data_peek, i32 1" [/tools/Xilinx/Vitis_HLS/2022.1/common/technology/autopilot/hls_stream_39.h:136]   --->   Operation 60 'nbreadreq' 'empty_27' <Predicate = true> <Delay = 0.00> <CoreInst = "FIFO">   --->   Core 78 'FIFO' <Latency = 0> <II = 1> <Delay = 1.42> <Storage> <Opcode : 'read' 'write' 'nbread' 'nbwrite'> <Ports = 0> <Width = -1> <Depth = -1> <FIFO>
ST_1 : Operation 61 [1/1] (0.00ns)   --->   "%empty_28 = nbwritereq i1 @_ssdm_op_NbWriteReq.ap_fifo.i65P0A, i65 %output_knnDist_write_addr, i32 1" [/tools/Xilinx/Vitis_HLS/2022.1/common/technology/autopilot/hls_stream_39.h:140]   --->   Operation 61 'nbwritereq' 'empty_28' <Predicate = true> <Delay = 0.00> <CoreInst = "FIFO">   --->   Core 78 'FIFO' <Latency = 0> <II = 1> <Delay = 1.42> <Storage> <Opcode : 'read' 'write' 'nbread' 'nbwrite'> <Ports = 0> <Width = -1> <Depth = -1> <FIFO>
ST_1 : Operation 62 [1/1] (0.00ns)   --->   "%empty_29 = nbwritereq i1 @_ssdm_op_NbWriteReq.ap_fifo.i33P0A, i33 %output_knnDist_write_data, i32 1" [/tools/Xilinx/Vitis_HLS/2022.1/common/technology/autopilot/hls_stream_39.h:140]   --->   Operation 62 'nbwritereq' 'empty_29' <Predicate = true> <Delay = 0.00> <CoreInst = "FIFO">   --->   Core 78 'FIFO' <Latency = 0> <II = 1> <Delay = 1.42> <Storage> <Opcode : 'read' 'write' 'nbread' 'nbwrite'> <Ports = 0> <Width = -1> <Depth = -1> <FIFO>
ST_1 : Operation 63 [1/1] (0.00ns)   --->   "%empty_30 = nbreadreq i1 @_ssdm_op_NbReadReq.ap_fifo.i9P0A, i9 %output_knnDist_write_resp_s, i32 1" [/tools/Xilinx/Vitis_HLS/2022.1/common/technology/autopilot/hls_stream_39.h:136]   --->   Operation 63 'nbreadreq' 'empty_30' <Predicate = true> <Delay = 0.00> <CoreInst = "FIFO">   --->   Core 78 'FIFO' <Latency = 0> <II = 1> <Delay = 1.42> <Storage> <Opcode : 'read' 'write' 'nbread' 'nbwrite'> <Ports = 0> <Width = -1> <Depth = -1> <FIFO>
ST_1 : Operation 64 [1/1] (0.00ns)   --->   "%empty_31 = nbreadreq i1 @_ssdm_op_NbReadReq.ap_fifo.i9P0A, i9 %output_knnDist_write_resp_peek, i32 1" [/tools/Xilinx/Vitis_HLS/2022.1/common/technology/autopilot/hls_stream_39.h:136]   --->   Operation 64 'nbreadreq' 'empty_31' <Predicate = true> <Delay = 0.00> <CoreInst = "FIFO">   --->   Core 78 'FIFO' <Latency = 0> <II = 1> <Delay = 1.42> <Storage> <Opcode : 'read' 'write' 'nbread' 'nbwrite'> <Ports = 0> <Width = -1> <Depth = -1> <FIFO>
ST_1 : Operation 65 [1/1] (0.00ns)   --->   "%empty_32 = nbwritereq i1 @_ssdm_op_NbWriteReq.ap_fifo.i65P0A, i65 %output_knnId_read_addr, i32 1" [/tools/Xilinx/Vitis_HLS/2022.1/common/technology/autopilot/hls_stream_39.h:140]   --->   Operation 65 'nbwritereq' 'empty_32' <Predicate = true> <Delay = 0.00> <CoreInst = "FIFO">   --->   Core 78 'FIFO' <Latency = 0> <II = 1> <Delay = 1.42> <Storage> <Opcode : 'read' 'write' 'nbread' 'nbwrite'> <Ports = 0> <Width = -1> <Depth = -1> <FIFO>
ST_1 : Operation 66 [1/1] (0.00ns)   --->   "%empty_33 = nbreadreq i1 @_ssdm_op_NbReadReq.ap_fifo.i33P0A, i33 %output_knnId_read_data_s, i32 1" [/tools/Xilinx/Vitis_HLS/2022.1/common/technology/autopilot/hls_stream_39.h:136]   --->   Operation 66 'nbreadreq' 'empty_33' <Predicate = true> <Delay = 0.00> <CoreInst = "FIFO">   --->   Core 78 'FIFO' <Latency = 0> <II = 1> <Delay = 1.42> <Storage> <Opcode : 'read' 'write' 'nbread' 'nbwrite'> <Ports = 0> <Width = -1> <Depth = -1> <FIFO>
ST_1 : Operation 67 [1/1] (0.00ns)   --->   "%empty_34 = nbreadreq i1 @_ssdm_op_NbReadReq.ap_fifo.i33P0A, i33 %output_knnId_read_data_peek, i32 1" [/tools/Xilinx/Vitis_HLS/2022.1/common/technology/autopilot/hls_stream_39.h:136]   --->   Operation 67 'nbreadreq' 'empty_34' <Predicate = true> <Delay = 0.00> <CoreInst = "FIFO">   --->   Core 78 'FIFO' <Latency = 0> <II = 1> <Delay = 1.42> <Storage> <Opcode : 'read' 'write' 'nbread' 'nbwrite'> <Ports = 0> <Width = -1> <Depth = -1> <FIFO>
ST_1 : Operation 68 [1/1] (0.00ns)   --->   "%empty_35 = nbwritereq i1 @_ssdm_op_NbWriteReq.ap_fifo.i65P0A, i65 %output_knnId_write_addr, i32 1" [/tools/Xilinx/Vitis_HLS/2022.1/common/technology/autopilot/hls_stream_39.h:140]   --->   Operation 68 'nbwritereq' 'empty_35' <Predicate = true> <Delay = 0.00> <CoreInst = "FIFO">   --->   Core 78 'FIFO' <Latency = 0> <II = 1> <Delay = 1.42> <Storage> <Opcode : 'read' 'write' 'nbread' 'nbwrite'> <Ports = 0> <Width = -1> <Depth = -1> <FIFO>
ST_1 : Operation 69 [1/1] (0.00ns)   --->   "%empty_36 = nbwritereq i1 @_ssdm_op_NbWriteReq.ap_fifo.i33P0A, i33 %output_knnId_write_data, i32 1" [/tools/Xilinx/Vitis_HLS/2022.1/common/technology/autopilot/hls_stream_39.h:140]   --->   Operation 69 'nbwritereq' 'empty_36' <Predicate = true> <Delay = 0.00> <CoreInst = "FIFO">   --->   Core 78 'FIFO' <Latency = 0> <II = 1> <Delay = 1.42> <Storage> <Opcode : 'read' 'write' 'nbread' 'nbwrite'> <Ports = 0> <Width = -1> <Depth = -1> <FIFO>
ST_1 : Operation 70 [1/1] (0.00ns)   --->   "%empty_37 = nbreadreq i1 @_ssdm_op_NbReadReq.ap_fifo.i9P0A, i9 %output_knnId_write_resp_s, i32 1" [/tools/Xilinx/Vitis_HLS/2022.1/common/technology/autopilot/hls_stream_39.h:136]   --->   Operation 70 'nbreadreq' 'empty_37' <Predicate = true> <Delay = 0.00> <CoreInst = "FIFO">   --->   Core 78 'FIFO' <Latency = 0> <II = 1> <Delay = 1.42> <Storage> <Opcode : 'read' 'write' 'nbread' 'nbwrite'> <Ports = 0> <Width = -1> <Depth = -1> <FIFO>
ST_1 : Operation 71 [1/1] (0.00ns)   --->   "%empty_38 = nbreadreq i1 @_ssdm_op_NbReadReq.ap_fifo.i9P0A, i9 %output_knnId_write_resp_peek, i32 1" [/tools/Xilinx/Vitis_HLS/2022.1/common/technology/autopilot/hls_stream_39.h:136]   --->   Operation 71 'nbreadreq' 'empty_38' <Predicate = true> <Delay = 0.00> <CoreInst = "FIFO">   --->   Core 78 'FIFO' <Latency = 0> <II = 1> <Delay = 1.42> <Storage> <Opcode : 'read' 'write' 'nbread' 'nbwrite'> <Ports = 0> <Width = -1> <Depth = -1> <FIFO>

State 2 <SV = 1> <Delay = 0.00>
ST_2 : Operation 72 [1/1] (0.00ns)   --->   "%empty_39 = wait i32 @_ssdm_op_Wait"   --->   Operation 72 'wait' 'empty_39' <Predicate = true> <Delay = 0.00>
ST_2 : Operation 73 [2/2] (0.00ns)   --->   "%call_ln0 = call void @krnl_globalSort_L3_Pipeline_VITIS_LOOP_875_1, i45 %in_dist1_s, i45 %in_dist0_s, i32 %local_kNearstDist_partial_1928_loc, i32 %local_kNearstDist_partial_1827_loc, i32 %local_kNearstDist_partial_1726_loc, i32 %local_kNearstDist_partial_1625_loc, i32 %local_kNearstDist_partial_1524_loc, i32 %local_kNearstDist_partial_1423_loc, i32 %local_kNearstDist_partial_1322_loc, i32 %local_kNearstDist_partial_1221_loc, i32 %local_kNearstDist_partial_1120_loc, i32 %local_kNearstDist_partial_1019_loc, i32 %local_kNearstDist_partial_918_loc, i32 %local_kNearstDist_partial_817_loc, i32 %local_kNearstDist_partial_716_loc, i32 %local_kNearstDist_partial_615_loc, i32 %local_kNearstDist_partial_514_loc, i32 %local_kNearstDist_partial_413_loc, i32 %local_kNearstDist_partial_312_loc, i32 %local_kNearstDist_partial_211_loc, i32 %local_kNearstDist_partial_110_loc, i32 %local_kNearstDist_partial1_loc"   --->   Operation 73 'call' 'call_ln0' <Predicate = true> <Delay = 0.00> <CoreType = "Generic">   --->   Core 0 '' <Latency = 0> <II = 1> <Delay = 1.00> <Generic> <Opcode : >

State 3 <SV = 2> <Delay = 1.04>
ST_3 : Operation 74 [1/2] (1.04ns)   --->   "%call_ln0 = call void @krnl_globalSort_L3_Pipeline_VITIS_LOOP_875_1, i45 %in_dist1_s, i45 %in_dist0_s, i32 %local_kNearstDist_partial_1928_loc, i32 %local_kNearstDist_partial_1827_loc, i32 %local_kNearstDist_partial_1726_loc, i32 %local_kNearstDist_partial_1625_loc, i32 %local_kNearstDist_partial_1524_loc, i32 %local_kNearstDist_partial_1423_loc, i32 %local_kNearstDist_partial_1322_loc, i32 %local_kNearstDist_partial_1221_loc, i32 %local_kNearstDist_partial_1120_loc, i32 %local_kNearstDist_partial_1019_loc, i32 %local_kNearstDist_partial_918_loc, i32 %local_kNearstDist_partial_817_loc, i32 %local_kNearstDist_partial_716_loc, i32 %local_kNearstDist_partial_615_loc, i32 %local_kNearstDist_partial_514_loc, i32 %local_kNearstDist_partial_413_loc, i32 %local_kNearstDist_partial_312_loc, i32 %local_kNearstDist_partial_211_loc, i32 %local_kNearstDist_partial_110_loc, i32 %local_kNearstDist_partial1_loc"   --->   Operation 74 'call' 'call_ln0' <Predicate = true> <Delay = 1.04> <CoreType = "Generic">   --->   Core 0 '' <Latency = 0> <II = 1> <Delay = 1.00> <Generic> <Opcode : >

State 4 <SV = 3> <Delay = 0.00>
ST_4 : Operation 75 [1/1] (0.00ns)   --->   "%empty_40 = wait i32 @_ssdm_op_Wait"   --->   Operation 75 'wait' 'empty_40' <Predicate = true> <Delay = 0.00>

State 5 <SV = 4> <Delay = 0.00>
ST_5 : Operation 76 [1/1] (0.00ns)   --->   "%empty_41 = wait i32 @_ssdm_op_Wait"   --->   Operation 76 'wait' 'empty_41' <Predicate = true> <Delay = 0.00>
ST_5 : Operation 77 [2/2] (0.00ns)   --->   "%call_ln0 = call void @krnl_globalSort_L3_Pipeline_VITIS_LOOP_885_2, i45 %in_id1_s, i45 %in_id0_s, i32 %local_kNearstId_partial_1948_loc, i32 %local_kNearstId_partial_1847_loc, i32 %local_kNearstId_partial_1746_loc, i32 %local_kNearstId_partial_1645_loc, i32 %local_kNearstId_partial_1544_loc, i32 %local_kNearstId_partial_1443_loc, i32 %local_kNearstId_partial_1342_loc, i32 %local_kNearstId_partial_1241_loc, i32 %local_kNearstId_partial_1140_loc, i32 %local_kNearstId_partial_1039_loc, i32 %local_kNearstId_partial_938_loc, i32 %local_kNearstId_partial_837_loc, i32 %local_kNearstId_partial_736_loc, i32 %local_kNearstId_partial_635_loc, i32 %local_kNearstId_partial_534_loc, i32 %local_kNearstId_partial_433_loc, i32 %local_kNearstId_partial_332_loc, i32 %local_kNearstId_partial_231_loc, i32 %local_kNearstId_partial_130_loc, i32 %local_kNearstId_partial29_loc"   --->   Operation 77 'call' 'call_ln0' <Predicate = true> <Delay = 0.00> <CoreType = "Generic">   --->   Core 0 '' <Latency = 0> <II = 1> <Delay = 1.00> <Generic> <Opcode : >

State 6 <SV = 5> <Delay = 1.04>
ST_6 : Operation 78 [1/2] (1.04ns)   --->   "%call_ln0 = call void @krnl_globalSort_L3_Pipeline_VITIS_LOOP_885_2, i45 %in_id1_s, i45 %in_id0_s, i32 %local_kNearstId_partial_1948_loc, i32 %local_kNearstId_partial_1847_loc, i32 %local_kNearstId_partial_1746_loc, i32 %local_kNearstId_partial_1645_loc, i32 %local_kNearstId_partial_1544_loc, i32 %local_kNearstId_partial_1443_loc, i32 %local_kNearstId_partial_1342_loc, i32 %local_kNearstId_partial_1241_loc, i32 %local_kNearstId_partial_1140_loc, i32 %local_kNearstId_partial_1039_loc, i32 %local_kNearstId_partial_938_loc, i32 %local_kNearstId_partial_837_loc, i32 %local_kNearstId_partial_736_loc, i32 %local_kNearstId_partial_635_loc, i32 %local_kNearstId_partial_534_loc, i32 %local_kNearstId_partial_433_loc, i32 %local_kNearstId_partial_332_loc, i32 %local_kNearstId_partial_231_loc, i32 %local_kNearstId_partial_130_loc, i32 %local_kNearstId_partial29_loc"   --->   Operation 78 'call' 'call_ln0' <Predicate = true> <Delay = 1.04> <CoreType = "Generic">   --->   Core 0 '' <Latency = 0> <II = 1> <Delay = 1.00> <Generic> <Opcode : >

State 7 <SV = 6> <Delay = 0.00>
ST_7 : Operation 79 [1/1] (0.00ns)   --->   "%local_kNearstDist_partial_1928_loc_load = load i32 %local_kNearstDist_partial_1928_loc"   --->   Operation 79 'load' 'local_kNearstDist_partial_1928_loc_load' <Predicate = true> <Delay = 0.00>
ST_7 : Operation 80 [1/1] (0.00ns)   --->   "%local_kNearstDist_partial_1827_loc_load = load i32 %local_kNearstDist_partial_1827_loc"   --->   Operation 80 'load' 'local_kNearstDist_partial_1827_loc_load' <Predicate = true> <Delay = 0.00>
ST_7 : Operation 81 [1/1] (0.00ns)   --->   "%local_kNearstDist_partial_1726_loc_load = load i32 %local_kNearstDist_partial_1726_loc"   --->   Operation 81 'load' 'local_kNearstDist_partial_1726_loc_load' <Predicate = true> <Delay = 0.00>
ST_7 : Operation 82 [1/1] (0.00ns)   --->   "%local_kNearstDist_partial_1625_loc_load = load i32 %local_kNearstDist_partial_1625_loc"   --->   Operation 82 'load' 'local_kNearstDist_partial_1625_loc_load' <Predicate = true> <Delay = 0.00>
ST_7 : Operation 83 [1/1] (0.00ns)   --->   "%local_kNearstDist_partial_1524_loc_load = load i32 %local_kNearstDist_partial_1524_loc"   --->   Operation 83 'load' 'local_kNearstDist_partial_1524_loc_load' <Predicate = true> <Delay = 0.00>
ST_7 : Operation 84 [1/1] (0.00ns)   --->   "%local_kNearstDist_partial_1423_loc_load = load i32 %local_kNearstDist_partial_1423_loc"   --->   Operation 84 'load' 'local_kNearstDist_partial_1423_loc_load' <Predicate = true> <Delay = 0.00>
ST_7 : Operation 85 [1/1] (0.00ns)   --->   "%local_kNearstDist_partial_1322_loc_load = load i32 %local_kNearstDist_partial_1322_loc"   --->   Operation 85 'load' 'local_kNearstDist_partial_1322_loc_load' <Predicate = true> <Delay = 0.00>
ST_7 : Operation 86 [1/1] (0.00ns)   --->   "%local_kNearstDist_partial_1221_loc_load = load i32 %local_kNearstDist_partial_1221_loc"   --->   Operation 86 'load' 'local_kNearstDist_partial_1221_loc_load' <Predicate = true> <Delay = 0.00>
ST_7 : Operation 87 [1/1] (0.00ns)   --->   "%local_kNearstDist_partial_1120_loc_load = load i32 %local_kNearstDist_partial_1120_loc"   --->   Operation 87 'load' 'local_kNearstDist_partial_1120_loc_load' <Predicate = true> <Delay = 0.00>
ST_7 : Operation 88 [1/1] (0.00ns)   --->   "%local_kNearstDist_partial_1019_loc_load = load i32 %local_kNearstDist_partial_1019_loc"   --->   Operation 88 'load' 'local_kNearstDist_partial_1019_loc_load' <Predicate = true> <Delay = 0.00>
ST_7 : Operation 89 [1/1] (0.00ns)   --->   "%local_kNearstDist_partial_918_loc_load = load i32 %local_kNearstDist_partial_918_loc"   --->   Operation 89 'load' 'local_kNearstDist_partial_918_loc_load' <Predicate = true> <Delay = 0.00>
ST_7 : Operation 90 [1/1] (0.00ns)   --->   "%local_kNearstDist_partial_817_loc_load = load i32 %local_kNearstDist_partial_817_loc"   --->   Operation 90 'load' 'local_kNearstDist_partial_817_loc_load' <Predicate = true> <Delay = 0.00>
ST_7 : Operation 91 [1/1] (0.00ns)   --->   "%local_kNearstDist_partial_716_loc_load = load i32 %local_kNearstDist_partial_716_loc"   --->   Operation 91 'load' 'local_kNearstDist_partial_716_loc_load' <Predicate = true> <Delay = 0.00>
ST_7 : Operation 92 [1/1] (0.00ns)   --->   "%local_kNearstDist_partial_615_loc_load = load i32 %local_kNearstDist_partial_615_loc"   --->   Operation 92 'load' 'local_kNearstDist_partial_615_loc_load' <Predicate = true> <Delay = 0.00>
ST_7 : Operation 93 [1/1] (0.00ns)   --->   "%local_kNearstDist_partial_514_loc_load = load i32 %local_kNearstDist_partial_514_loc"   --->   Operation 93 'load' 'local_kNearstDist_partial_514_loc_load' <Predicate = true> <Delay = 0.00>
ST_7 : Operation 94 [1/1] (0.00ns)   --->   "%local_kNearstDist_partial_413_loc_load = load i32 %local_kNearstDist_partial_413_loc"   --->   Operation 94 'load' 'local_kNearstDist_partial_413_loc_load' <Predicate = true> <Delay = 0.00>
ST_7 : Operation 95 [1/1] (0.00ns)   --->   "%local_kNearstDist_partial_312_loc_load = load i32 %local_kNearstDist_partial_312_loc"   --->   Operation 95 'load' 'local_kNearstDist_partial_312_loc_load' <Predicate = true> <Delay = 0.00>
ST_7 : Operation 96 [1/1] (0.00ns)   --->   "%local_kNearstDist_partial_211_loc_load = load i32 %local_kNearstDist_partial_211_loc"   --->   Operation 96 'load' 'local_kNearstDist_partial_211_loc_load' <Predicate = true> <Delay = 0.00>
ST_7 : Operation 97 [1/1] (0.00ns)   --->   "%local_kNearstDist_partial_110_loc_load = load i32 %local_kNearstDist_partial_110_loc"   --->   Operation 97 'load' 'local_kNearstDist_partial_110_loc_load' <Predicate = true> <Delay = 0.00>
ST_7 : Operation 98 [1/1] (0.00ns)   --->   "%local_kNearstDist_partial1_loc_load = load i32 %local_kNearstDist_partial1_loc"   --->   Operation 98 'load' 'local_kNearstDist_partial1_loc_load' <Predicate = true> <Delay = 0.00>
ST_7 : Operation 99 [1/1] (0.00ns)   --->   "%local_kNearstId_partial_1948_loc_load = load i32 %local_kNearstId_partial_1948_loc"   --->   Operation 99 'load' 'local_kNearstId_partial_1948_loc_load' <Predicate = true> <Delay = 0.00>
ST_7 : Operation 100 [1/1] (0.00ns)   --->   "%local_kNearstId_partial_1847_loc_load = load i32 %local_kNearstId_partial_1847_loc"   --->   Operation 100 'load' 'local_kNearstId_partial_1847_loc_load' <Predicate = true> <Delay = 0.00>
ST_7 : Operation 101 [1/1] (0.00ns)   --->   "%local_kNearstId_partial_1746_loc_load = load i32 %local_kNearstId_partial_1746_loc"   --->   Operation 101 'load' 'local_kNearstId_partial_1746_loc_load' <Predicate = true> <Delay = 0.00>
ST_7 : Operation 102 [1/1] (0.00ns)   --->   "%local_kNearstId_partial_1645_loc_load = load i32 %local_kNearstId_partial_1645_loc"   --->   Operation 102 'load' 'local_kNearstId_partial_1645_loc_load' <Predicate = true> <Delay = 0.00>
ST_7 : Operation 103 [1/1] (0.00ns)   --->   "%local_kNearstId_partial_1544_loc_load = load i32 %local_kNearstId_partial_1544_loc"   --->   Operation 103 'load' 'local_kNearstId_partial_1544_loc_load' <Predicate = true> <Delay = 0.00>
ST_7 : Operation 104 [1/1] (0.00ns)   --->   "%local_kNearstId_partial_1443_loc_load = load i32 %local_kNearstId_partial_1443_loc"   --->   Operation 104 'load' 'local_kNearstId_partial_1443_loc_load' <Predicate = true> <Delay = 0.00>
ST_7 : Operation 105 [1/1] (0.00ns)   --->   "%local_kNearstId_partial_1342_loc_load = load i32 %local_kNearstId_partial_1342_loc"   --->   Operation 105 'load' 'local_kNearstId_partial_1342_loc_load' <Predicate = true> <Delay = 0.00>
ST_7 : Operation 106 [1/1] (0.00ns)   --->   "%local_kNearstId_partial_1241_loc_load = load i32 %local_kNearstId_partial_1241_loc"   --->   Operation 106 'load' 'local_kNearstId_partial_1241_loc_load' <Predicate = true> <Delay = 0.00>
ST_7 : Operation 107 [1/1] (0.00ns)   --->   "%local_kNearstId_partial_1140_loc_load = load i32 %local_kNearstId_partial_1140_loc"   --->   Operation 107 'load' 'local_kNearstId_partial_1140_loc_load' <Predicate = true> <Delay = 0.00>
ST_7 : Operation 108 [1/1] (0.00ns)   --->   "%local_kNearstId_partial_1039_loc_load = load i32 %local_kNearstId_partial_1039_loc"   --->   Operation 108 'load' 'local_kNearstId_partial_1039_loc_load' <Predicate = true> <Delay = 0.00>
ST_7 : Operation 109 [1/1] (0.00ns)   --->   "%local_kNearstId_partial_938_loc_load = load i32 %local_kNearstId_partial_938_loc"   --->   Operation 109 'load' 'local_kNearstId_partial_938_loc_load' <Predicate = true> <Delay = 0.00>
ST_7 : Operation 110 [1/1] (0.00ns)   --->   "%local_kNearstId_partial_837_loc_load = load i32 %local_kNearstId_partial_837_loc"   --->   Operation 110 'load' 'local_kNearstId_partial_837_loc_load' <Predicate = true> <Delay = 0.00>
ST_7 : Operation 111 [1/1] (0.00ns)   --->   "%local_kNearstId_partial_736_loc_load = load i32 %local_kNearstId_partial_736_loc"   --->   Operation 111 'load' 'local_kNearstId_partial_736_loc_load' <Predicate = true> <Delay = 0.00>
ST_7 : Operation 112 [1/1] (0.00ns)   --->   "%local_kNearstId_partial_635_loc_load = load i32 %local_kNearstId_partial_635_loc"   --->   Operation 112 'load' 'local_kNearstId_partial_635_loc_load' <Predicate = true> <Delay = 0.00>
ST_7 : Operation 113 [1/1] (0.00ns)   --->   "%local_kNearstId_partial_534_loc_load = load i32 %local_kNearstId_partial_534_loc"   --->   Operation 113 'load' 'local_kNearstId_partial_534_loc_load' <Predicate = true> <Delay = 0.00>
ST_7 : Operation 114 [1/1] (0.00ns)   --->   "%local_kNearstId_partial_433_loc_load = load i32 %local_kNearstId_partial_433_loc"   --->   Operation 114 'load' 'local_kNearstId_partial_433_loc_load' <Predicate = true> <Delay = 0.00>
ST_7 : Operation 115 [1/1] (0.00ns)   --->   "%local_kNearstId_partial_332_loc_load = load i32 %local_kNearstId_partial_332_loc"   --->   Operation 115 'load' 'local_kNearstId_partial_332_loc_load' <Predicate = true> <Delay = 0.00>
ST_7 : Operation 116 [1/1] (0.00ns)   --->   "%local_kNearstId_partial_231_loc_load = load i32 %local_kNearstId_partial_231_loc"   --->   Operation 116 'load' 'local_kNearstId_partial_231_loc_load' <Predicate = true> <Delay = 0.00>
ST_7 : Operation 117 [1/1] (0.00ns)   --->   "%local_kNearstId_partial_130_loc_load = load i32 %local_kNearstId_partial_130_loc"   --->   Operation 117 'load' 'local_kNearstId_partial_130_loc_load' <Predicate = true> <Delay = 0.00>
ST_7 : Operation 118 [1/1] (0.00ns)   --->   "%local_kNearstId_partial29_loc_load = load i32 %local_kNearstId_partial29_loc"   --->   Operation 118 'load' 'local_kNearstId_partial29_loc_load' <Predicate = true> <Delay = 0.00>
ST_7 : Operation 119 [1/1] (0.00ns)   --->   "%empty_42 = wait i32 @_ssdm_op_Wait"   --->   Operation 119 'wait' 'empty_42' <Predicate = true> <Delay = 0.00>
ST_7 : Operation 120 [2/2] (0.00ns)   --->   "%call_ret = call i640 @seq_global_merge_L3, i32 %local_kNearstDist_partial1_loc_load, i32 %local_kNearstDist_partial_110_loc_load, i32 %local_kNearstDist_partial_211_loc_load, i32 %local_kNearstDist_partial_312_loc_load, i32 %local_kNearstDist_partial_413_loc_load, i32 %local_kNearstDist_partial_514_loc_load, i32 %local_kNearstDist_partial_615_loc_load, i32 %local_kNearstDist_partial_716_loc_load, i32 %local_kNearstDist_partial_817_loc_load, i32 %local_kNearstDist_partial_918_loc_load, i32 %local_kNearstDist_partial_1019_loc_load, i32 %local_kNearstDist_partial_1120_loc_load, i32 %local_kNearstDist_partial_1221_loc_load, i32 %local_kNearstDist_partial_1322_loc_load, i32 %local_kNearstDist_partial_1423_loc_load, i32 %local_kNearstDist_partial_1524_loc_load, i32 %local_kNearstDist_partial_1625_loc_load, i32 %local_kNearstDist_partial_1726_loc_load, i32 %local_kNearstDist_partial_1827_loc_load, i32 %local_kNearstDist_partial_1928_loc_load, i32 %local_kNearstId_partial29_loc_load, i32 %local_kNearstId_partial_130_loc_load, i32 %local_kNearstId_partial_231_loc_load, i32 %local_kNearstId_partial_332_loc_load, i32 %local_kNearstId_partial_433_loc_load, i32 %local_kNearstId_partial_534_loc_load, i32 %local_kNearstId_partial_635_loc_load, i32 %local_kNearstId_partial_736_loc_load, i32 %local_kNearstId_partial_837_loc_load, i32 %local_kNearstId_partial_938_loc_load, i32 %local_kNearstId_partial_1039_loc_load, i32 %local_kNearstId_partial_1140_loc_load, i32 %local_kNearstId_partial_1241_loc_load, i32 %local_kNearstId_partial_1342_loc_load, i32 %local_kNearstId_partial_1443_loc_load, i32 %local_kNearstId_partial_1544_loc_load, i32 %local_kNearstId_partial_1645_loc_load, i32 %local_kNearstId_partial_1746_loc_load, i32 %local_kNearstId_partial_1847_loc_load, i32 %local_kNearstId_partial_1948_loc_load" [/home/nehaprakriya/Documents/tapa/regression/knn/src/run_split_check/cpp/krnl_globalSort_L3.cpp:893]   --->   Operation 120 'call' 'call_ret' <Predicate = true> <Delay = 0.00> <CoreType = "Generic">   --->   Core 0 '' <Latency = 0> <II = 1> <Delay = 1.00> <Generic> <Opcode : >

State 8 <SV = 7> <Delay = 0.00>
ST_8 : Operation 121 [1/2] (0.00ns)   --->   "%call_ret = call i640 @seq_global_merge_L3, i32 %local_kNearstDist_partial1_loc_load, i32 %local_kNearstDist_partial_110_loc_load, i32 %local_kNearstDist_partial_211_loc_load, i32 %local_kNearstDist_partial_312_loc_load, i32 %local_kNearstDist_partial_413_loc_load, i32 %local_kNearstDist_partial_514_loc_load, i32 %local_kNearstDist_partial_615_loc_load, i32 %local_kNearstDist_partial_716_loc_load, i32 %local_kNearstDist_partial_817_loc_load, i32 %local_kNearstDist_partial_918_loc_load, i32 %local_kNearstDist_partial_1019_loc_load, i32 %local_kNearstDist_partial_1120_loc_load, i32 %local_kNearstDist_partial_1221_loc_load, i32 %local_kNearstDist_partial_1322_loc_load, i32 %local_kNearstDist_partial_1423_loc_load, i32 %local_kNearstDist_partial_1524_loc_load, i32 %local_kNearstDist_partial_1625_loc_load, i32 %local_kNearstDist_partial_1726_loc_load, i32 %local_kNearstDist_partial_1827_loc_load, i32 %local_kNearstDist_partial_1928_loc_load, i32 %local_kNearstId_partial29_loc_load, i32 %local_kNearstId_partial_130_loc_load, i32 %local_kNearstId_partial_231_loc_load, i32 %local_kNearstId_partial_332_loc_load, i32 %local_kNearstId_partial_433_loc_load, i32 %local_kNearstId_partial_534_loc_load, i32 %local_kNearstId_partial_635_loc_load, i32 %local_kNearstId_partial_736_loc_load, i32 %local_kNearstId_partial_837_loc_load, i32 %local_kNearstId_partial_938_loc_load, i32 %local_kNearstId_partial_1039_loc_load, i32 %local_kNearstId_partial_1140_loc_load, i32 %local_kNearstId_partial_1241_loc_load, i32 %local_kNearstId_partial_1342_loc_load, i32 %local_kNearstId_partial_1443_loc_load, i32 %local_kNearstId_partial_1544_loc_load, i32 %local_kNearstId_partial_1645_loc_load, i32 %local_kNearstId_partial_1746_loc_load, i32 %local_kNearstId_partial_1847_loc_load, i32 %local_kNearstId_partial_1948_loc_load" [/home/nehaprakriya/Documents/tapa/regression/knn/src/run_split_check/cpp/krnl_globalSort_L3.cpp:893]   --->   Operation 121 'call' 'call_ret' <Predicate = true> <Delay = 0.00> <CoreType = "Generic">   --->   Core 0 '' <Latency = 0> <II = 1> <Delay = 1.00> <Generic> <Opcode : >
ST_8 : Operation 122 [1/1] (0.00ns)   --->   "%output_dist = extractvalue i640 %call_ret" [/home/nehaprakriya/Documents/tapa/regression/knn/src/run_split_check/cpp/krnl_globalSort_L3.cpp:893]   --->   Operation 122 'extractvalue' 'output_dist' <Predicate = true> <Delay = 0.00>
ST_8 : Operation 123 [1/1] (0.00ns)   --->   "%output_dist_1 = extractvalue i640 %call_ret" [/home/nehaprakriya/Documents/tapa/regression/knn/src/run_split_check/cpp/krnl_globalSort_L3.cpp:893]   --->   Operation 123 'extractvalue' 'output_dist_1' <Predicate = true> <Delay = 0.00>
ST_8 : Operation 124 [1/1] (0.00ns)   --->   "%output_dist_2 = extractvalue i640 %call_ret" [/home/nehaprakriya/Documents/tapa/regression/knn/src/run_split_check/cpp/krnl_globalSort_L3.cpp:893]   --->   Operation 124 'extractvalue' 'output_dist_2' <Predicate = true> <Delay = 0.00>
ST_8 : Operation 125 [1/1] (0.00ns)   --->   "%output_dist_3 = extractvalue i640 %call_ret" [/home/nehaprakriya/Documents/tapa/regression/knn/src/run_split_check/cpp/krnl_globalSort_L3.cpp:893]   --->   Operation 125 'extractvalue' 'output_dist_3' <Predicate = true> <Delay = 0.00>
ST_8 : Operation 126 [1/1] (0.00ns)   --->   "%output_dist_4 = extractvalue i640 %call_ret" [/home/nehaprakriya/Documents/tapa/regression/knn/src/run_split_check/cpp/krnl_globalSort_L3.cpp:893]   --->   Operation 126 'extractvalue' 'output_dist_4' <Predicate = true> <Delay = 0.00>
ST_8 : Operation 127 [1/1] (0.00ns)   --->   "%output_dist_5 = extractvalue i640 %call_ret" [/home/nehaprakriya/Documents/tapa/regression/knn/src/run_split_check/cpp/krnl_globalSort_L3.cpp:893]   --->   Operation 127 'extractvalue' 'output_dist_5' <Predicate = true> <Delay = 0.00>
ST_8 : Operation 128 [1/1] (0.00ns)   --->   "%output_dist_6 = extractvalue i640 %call_ret" [/home/nehaprakriya/Documents/tapa/regression/knn/src/run_split_check/cpp/krnl_globalSort_L3.cpp:893]   --->   Operation 128 'extractvalue' 'output_dist_6' <Predicate = true> <Delay = 0.00>
ST_8 : Operation 129 [1/1] (0.00ns)   --->   "%output_dist_7 = extractvalue i640 %call_ret" [/home/nehaprakriya/Documents/tapa/regression/knn/src/run_split_check/cpp/krnl_globalSort_L3.cpp:893]   --->   Operation 129 'extractvalue' 'output_dist_7' <Predicate = true> <Delay = 0.00>
ST_8 : Operation 130 [1/1] (0.00ns)   --->   "%output_dist_8 = extractvalue i640 %call_ret" [/home/nehaprakriya/Documents/tapa/regression/knn/src/run_split_check/cpp/krnl_globalSort_L3.cpp:893]   --->   Operation 130 'extractvalue' 'output_dist_8' <Predicate = true> <Delay = 0.00>
ST_8 : Operation 131 [1/1] (0.00ns)   --->   "%output_dist_9 = extractvalue i640 %call_ret" [/home/nehaprakriya/Documents/tapa/regression/knn/src/run_split_check/cpp/krnl_globalSort_L3.cpp:893]   --->   Operation 131 'extractvalue' 'output_dist_9' <Predicate = true> <Delay = 0.00>
ST_8 : Operation 132 [1/1] (0.00ns)   --->   "%output_id = extractvalue i640 %call_ret" [/home/nehaprakriya/Documents/tapa/regression/knn/src/run_split_check/cpp/krnl_globalSort_L3.cpp:893]   --->   Operation 132 'extractvalue' 'output_id' <Predicate = true> <Delay = 0.00>
ST_8 : Operation 133 [1/1] (0.00ns)   --->   "%output_id_1 = extractvalue i640 %call_ret" [/home/nehaprakriya/Documents/tapa/regression/knn/src/run_split_check/cpp/krnl_globalSort_L3.cpp:893]   --->   Operation 133 'extractvalue' 'output_id_1' <Predicate = true> <Delay = 0.00>
ST_8 : Operation 134 [1/1] (0.00ns)   --->   "%output_id_2 = extractvalue i640 %call_ret" [/home/nehaprakriya/Documents/tapa/regression/knn/src/run_split_check/cpp/krnl_globalSort_L3.cpp:893]   --->   Operation 134 'extractvalue' 'output_id_2' <Predicate = true> <Delay = 0.00>
ST_8 : Operation 135 [1/1] (0.00ns)   --->   "%output_id_3 = extractvalue i640 %call_ret" [/home/nehaprakriya/Documents/tapa/regression/knn/src/run_split_check/cpp/krnl_globalSort_L3.cpp:893]   --->   Operation 135 'extractvalue' 'output_id_3' <Predicate = true> <Delay = 0.00>
ST_8 : Operation 136 [1/1] (0.00ns)   --->   "%output_id_4 = extractvalue i640 %call_ret" [/home/nehaprakriya/Documents/tapa/regression/knn/src/run_split_check/cpp/krnl_globalSort_L3.cpp:893]   --->   Operation 136 'extractvalue' 'output_id_4' <Predicate = true> <Delay = 0.00>
ST_8 : Operation 137 [1/1] (0.00ns)   --->   "%output_id_5 = extractvalue i640 %call_ret" [/home/nehaprakriya/Documents/tapa/regression/knn/src/run_split_check/cpp/krnl_globalSort_L3.cpp:893]   --->   Operation 137 'extractvalue' 'output_id_5' <Predicate = true> <Delay = 0.00>
ST_8 : Operation 138 [1/1] (0.00ns)   --->   "%output_id_6 = extractvalue i640 %call_ret" [/home/nehaprakriya/Documents/tapa/regression/knn/src/run_split_check/cpp/krnl_globalSort_L3.cpp:893]   --->   Operation 138 'extractvalue' 'output_id_6' <Predicate = true> <Delay = 0.00>
ST_8 : Operation 139 [1/1] (0.00ns)   --->   "%output_id_7 = extractvalue i640 %call_ret" [/home/nehaprakriya/Documents/tapa/regression/knn/src/run_split_check/cpp/krnl_globalSort_L3.cpp:893]   --->   Operation 139 'extractvalue' 'output_id_7' <Predicate = true> <Delay = 0.00>
ST_8 : Operation 140 [1/1] (0.00ns)   --->   "%output_id_8 = extractvalue i640 %call_ret" [/home/nehaprakriya/Documents/tapa/regression/knn/src/run_split_check/cpp/krnl_globalSort_L3.cpp:893]   --->   Operation 140 'extractvalue' 'output_id_8' <Predicate = true> <Delay = 0.00>
ST_8 : Operation 141 [1/1] (0.00ns)   --->   "%output_id_9 = extractvalue i640 %call_ret" [/home/nehaprakriya/Documents/tapa/regression/knn/src/run_split_check/cpp/krnl_globalSort_L3.cpp:893]   --->   Operation 141 'extractvalue' 'output_id_9' <Predicate = true> <Delay = 0.00>
ST_8 : Operation 142 [1/1] (0.00ns)   --->   "%empty_43 = wait i32 @_ssdm_op_Wait"   --->   Operation 142 'wait' 'empty_43' <Predicate = true> <Delay = 0.00>
ST_8 : Operation 143 [2/2] (0.00ns)   --->   "%call_ln893 = call void @krnl_globalSort_L3_Pipeline_VITIS_LOOP_895_3, i9 %output_knnId_write_resp_s, i9 %output_knnDist_write_resp_s, i65 %output_knnDist_write_addr, i33 %output_knnDist_write_data, i32 %output_dist, i32 %output_dist_1, i32 %output_dist_2, i32 %output_dist_3, i32 %output_dist_4, i32 %output_dist_5, i32 %output_dist_6, i32 %output_dist_7, i32 %output_dist_8, i32 %output_dist_9, i65 %output_knnId_write_addr, i33 %output_knnId_write_data, i32 %output_id, i32 %output_id_1, i32 %output_id_2, i32 %output_id_3, i32 %output_id_4, i32 %output_id_5, i32 %output_id_6, i32 %output_id_7, i32 %output_id_8, i32 %output_id_9" [/home/nehaprakriya/Documents/tapa/regression/knn/src/run_split_check/cpp/krnl_globalSort_L3.cpp:893]   --->   Operation 143 'call' 'call_ln893' <Predicate = true> <Delay = 0.00> <CoreType = "Generic">   --->   Core 0 '' <Latency = 0> <II = 1> <Delay = 1.00> <Generic> <Opcode : >

State 9 <SV = 8> <Delay = 0.00>
ST_9 : Operation 144 [1/1] (0.00ns)   --->   "%spectopmodule_ln774 = spectopmodule void @_ssdm_op_SpecTopModule, void @empty_1" [/home/nehaprakriya/Documents/tapa/regression/knn/src/run_split_check/cpp/krnl_globalSort_L3.cpp:774]   --->   Operation 144 'spectopmodule' 'spectopmodule_ln774' <Predicate = true> <Delay = 0.00>
ST_9 : Operation 145 [1/1] (0.00ns)   --->   "%specinterface_ln0 = specinterface void @_ssdm_op_SpecInterface, i45 %in_dist0_s, void @empty_0, i32 0, i32 0, void @empty, i32 0, i32 0, void @empty, void @empty, void @empty, i32 0, i32 0, i32 0, i32 0, void @empty, void @empty, i32 4294967295, i32 0"   --->   Operation 145 'specinterface' 'specinterface_ln0' <Predicate = true> <Delay = 0.00>
ST_9 : Operation 146 [1/1] (0.00ns)   --->   "%specbitsmap_ln0 = specbitsmap void @_ssdm_op_SpecBitsMap, i45 %in_dist0_s"   --->   Operation 146 'specbitsmap' 'specbitsmap_ln0' <Predicate = true> <Delay = 0.00>
ST_9 : Operation 147 [1/1] (0.00ns)   --->   "%specinterface_ln0 = specinterface void @_ssdm_op_SpecInterface, i45 %in_dist0_peek, void @empty_0, i32 0, i32 0, void @empty, i32 0, i32 0, void @empty, void @empty, void @empty, i32 0, i32 0, i32 0, i32 0, void @empty, void @empty, i32 4294967295, i32 0"   --->   Operation 147 'specinterface' 'specinterface_ln0' <Predicate = true> <Delay = 0.00>
ST_9 : Operation 148 [1/1] (0.00ns)   --->   "%specbitsmap_ln0 = specbitsmap void @_ssdm_op_SpecBitsMap, i45 %in_dist0_peek"   --->   Operation 148 'specbitsmap' 'specbitsmap_ln0' <Predicate = true> <Delay = 0.00>
ST_9 : Operation 149 [1/1] (0.00ns)   --->   "%specinterface_ln0 = specinterface void @_ssdm_op_SpecInterface, i45 %in_id0_s, void @empty_0, i32 0, i32 0, void @empty, i32 0, i32 0, void @empty, void @empty, void @empty, i32 0, i32 0, i32 0, i32 0, void @empty, void @empty, i32 4294967295, i32 0"   --->   Operation 149 'specinterface' 'specinterface_ln0' <Predicate = true> <Delay = 0.00>
ST_9 : Operation 150 [1/1] (0.00ns)   --->   "%specbitsmap_ln0 = specbitsmap void @_ssdm_op_SpecBitsMap, i45 %in_id0_s"   --->   Operation 150 'specbitsmap' 'specbitsmap_ln0' <Predicate = true> <Delay = 0.00>
ST_9 : Operation 151 [1/1] (0.00ns)   --->   "%specinterface_ln0 = specinterface void @_ssdm_op_SpecInterface, i45 %in_id0_peek, void @empty_0, i32 0, i32 0, void @empty, i32 0, i32 0, void @empty, void @empty, void @empty, i32 0, i32 0, i32 0, i32 0, void @empty, void @empty, i32 4294967295, i32 0"   --->   Operation 151 'specinterface' 'specinterface_ln0' <Predicate = true> <Delay = 0.00>
ST_9 : Operation 152 [1/1] (0.00ns)   --->   "%specbitsmap_ln0 = specbitsmap void @_ssdm_op_SpecBitsMap, i45 %in_id0_peek"   --->   Operation 152 'specbitsmap' 'specbitsmap_ln0' <Predicate = true> <Delay = 0.00>
ST_9 : Operation 153 [1/1] (0.00ns)   --->   "%specinterface_ln0 = specinterface void @_ssdm_op_SpecInterface, i45 %in_dist1_s, void @empty_0, i32 0, i32 0, void @empty, i32 0, i32 0, void @empty, void @empty, void @empty, i32 0, i32 0, i32 0, i32 0, void @empty, void @empty, i32 4294967295, i32 0"   --->   Operation 153 'specinterface' 'specinterface_ln0' <Predicate = true> <Delay = 0.00>
ST_9 : Operation 154 [1/1] (0.00ns)   --->   "%specbitsmap_ln0 = specbitsmap void @_ssdm_op_SpecBitsMap, i45 %in_dist1_s"   --->   Operation 154 'specbitsmap' 'specbitsmap_ln0' <Predicate = true> <Delay = 0.00>
ST_9 : Operation 155 [1/1] (0.00ns)   --->   "%specinterface_ln0 = specinterface void @_ssdm_op_SpecInterface, i45 %in_dist1_peek, void @empty_0, i32 0, i32 0, void @empty, i32 0, i32 0, void @empty, void @empty, void @empty, i32 0, i32 0, i32 0, i32 0, void @empty, void @empty, i32 4294967295, i32 0"   --->   Operation 155 'specinterface' 'specinterface_ln0' <Predicate = true> <Delay = 0.00>
ST_9 : Operation 156 [1/1] (0.00ns)   --->   "%specbitsmap_ln0 = specbitsmap void @_ssdm_op_SpecBitsMap, i45 %in_dist1_peek"   --->   Operation 156 'specbitsmap' 'specbitsmap_ln0' <Predicate = true> <Delay = 0.00>
ST_9 : Operation 157 [1/1] (0.00ns)   --->   "%specinterface_ln0 = specinterface void @_ssdm_op_SpecInterface, i45 %in_id1_s, void @empty_0, i32 0, i32 0, void @empty, i32 0, i32 0, void @empty, void @empty, void @empty, i32 0, i32 0, i32 0, i32 0, void @empty, void @empty, i32 4294967295, i32 0"   --->   Operation 157 'specinterface' 'specinterface_ln0' <Predicate = true> <Delay = 0.00>
ST_9 : Operation 158 [1/1] (0.00ns)   --->   "%specbitsmap_ln0 = specbitsmap void @_ssdm_op_SpecBitsMap, i45 %in_id1_s"   --->   Operation 158 'specbitsmap' 'specbitsmap_ln0' <Predicate = true> <Delay = 0.00>
ST_9 : Operation 159 [1/1] (0.00ns)   --->   "%specinterface_ln0 = specinterface void @_ssdm_op_SpecInterface, i45 %in_id1_peek, void @empty_0, i32 0, i32 0, void @empty, i32 0, i32 0, void @empty, void @empty, void @empty, i32 0, i32 0, i32 0, i32 0, void @empty, void @empty, i32 4294967295, i32 0"   --->   Operation 159 'specinterface' 'specinterface_ln0' <Predicate = true> <Delay = 0.00>
ST_9 : Operation 160 [1/1] (0.00ns)   --->   "%specbitsmap_ln0 = specbitsmap void @_ssdm_op_SpecBitsMap, i45 %in_id1_peek"   --->   Operation 160 'specbitsmap' 'specbitsmap_ln0' <Predicate = true> <Delay = 0.00>
ST_9 : Operation 161 [1/1] (0.00ns)   --->   "%specinterface_ln0 = specinterface void @_ssdm_op_SpecInterface, i65 %output_knnDist_read_addr, void @empty_0, i32 0, i32 0, void @empty, i32 0, i32 0, void @empty, void @empty, void @empty, i32 0, i32 0, i32 0, i32 0, void @empty, void @empty, i32 4294967295, i32 0"   --->   Operation 161 'specinterface' 'specinterface_ln0' <Predicate = true> <Delay = 0.00>
ST_9 : Operation 162 [1/1] (0.00ns)   --->   "%specbitsmap_ln0 = specbitsmap void @_ssdm_op_SpecBitsMap, i65 %output_knnDist_read_addr"   --->   Operation 162 'specbitsmap' 'specbitsmap_ln0' <Predicate = true> <Delay = 0.00>
ST_9 : Operation 163 [1/1] (0.00ns)   --->   "%specinterface_ln0 = specinterface void @_ssdm_op_SpecInterface, i33 %output_knnDist_read_data_s, void @empty_0, i32 0, i32 0, void @empty, i32 0, i32 0, void @empty, void @empty, void @empty, i32 0, i32 0, i32 0, i32 0, void @empty, void @empty, i32 4294967295, i32 0"   --->   Operation 163 'specinterface' 'specinterface_ln0' <Predicate = true> <Delay = 0.00>
ST_9 : Operation 164 [1/1] (0.00ns)   --->   "%specbitsmap_ln0 = specbitsmap void @_ssdm_op_SpecBitsMap, i33 %output_knnDist_read_data_s"   --->   Operation 164 'specbitsmap' 'specbitsmap_ln0' <Predicate = true> <Delay = 0.00>
ST_9 : Operation 165 [1/1] (0.00ns)   --->   "%specinterface_ln0 = specinterface void @_ssdm_op_SpecInterface, i33 %output_knnDist_read_data_peek, void @empty_0, i32 0, i32 0, void @empty, i32 0, i32 0, void @empty, void @empty, void @empty, i32 0, i32 0, i32 0, i32 0, void @empty, void @empty, i32 4294967295, i32 0"   --->   Operation 165 'specinterface' 'specinterface_ln0' <Predicate = true> <Delay = 0.00>
ST_9 : Operation 166 [1/1] (0.00ns)   --->   "%specbitsmap_ln0 = specbitsmap void @_ssdm_op_SpecBitsMap, i33 %output_knnDist_read_data_peek"   --->   Operation 166 'specbitsmap' 'specbitsmap_ln0' <Predicate = true> <Delay = 0.00>
ST_9 : Operation 167 [1/1] (0.00ns)   --->   "%specinterface_ln0 = specinterface void @_ssdm_op_SpecInterface, i65 %output_knnDist_write_addr, void @empty_0, i32 0, i32 0, void @empty, i32 0, i32 0, void @empty, void @empty, void @empty, i32 0, i32 0, i32 0, i32 0, void @empty, void @empty, i32 4294967295, i32 0"   --->   Operation 167 'specinterface' 'specinterface_ln0' <Predicate = true> <Delay = 0.00>
ST_9 : Operation 168 [1/1] (0.00ns)   --->   "%specbitsmap_ln0 = specbitsmap void @_ssdm_op_SpecBitsMap, i65 %output_knnDist_write_addr"   --->   Operation 168 'specbitsmap' 'specbitsmap_ln0' <Predicate = true> <Delay = 0.00>
ST_9 : Operation 169 [1/1] (0.00ns)   --->   "%specinterface_ln0 = specinterface void @_ssdm_op_SpecInterface, i33 %output_knnDist_write_data, void @empty_0, i32 0, i32 0, void @empty, i32 0, i32 0, void @empty, void @empty, void @empty, i32 0, i32 0, i32 0, i32 0, void @empty, void @empty, i32 4294967295, i32 0"   --->   Operation 169 'specinterface' 'specinterface_ln0' <Predicate = true> <Delay = 0.00>
ST_9 : Operation 170 [1/1] (0.00ns)   --->   "%specbitsmap_ln0 = specbitsmap void @_ssdm_op_SpecBitsMap, i33 %output_knnDist_write_data"   --->   Operation 170 'specbitsmap' 'specbitsmap_ln0' <Predicate = true> <Delay = 0.00>
ST_9 : Operation 171 [1/1] (0.00ns)   --->   "%specinterface_ln0 = specinterface void @_ssdm_op_SpecInterface, i9 %output_knnDist_write_resp_s, void @empty_0, i32 0, i32 0, void @empty, i32 0, i32 0, void @empty, void @empty, void @empty, i32 0, i32 0, i32 0, i32 0, void @empty, void @empty, i32 4294967295, i32 0"   --->   Operation 171 'specinterface' 'specinterface_ln0' <Predicate = true> <Delay = 0.00>
ST_9 : Operation 172 [1/1] (0.00ns)   --->   "%specbitsmap_ln0 = specbitsmap void @_ssdm_op_SpecBitsMap, i9 %output_knnDist_write_resp_s"   --->   Operation 172 'specbitsmap' 'specbitsmap_ln0' <Predicate = true> <Delay = 0.00>
ST_9 : Operation 173 [1/1] (0.00ns)   --->   "%specinterface_ln0 = specinterface void @_ssdm_op_SpecInterface, i9 %output_knnDist_write_resp_peek, void @empty_0, i32 0, i32 0, void @empty, i32 0, i32 0, void @empty, void @empty, void @empty, i32 0, i32 0, i32 0, i32 0, void @empty, void @empty, i32 4294967295, i32 0"   --->   Operation 173 'specinterface' 'specinterface_ln0' <Predicate = true> <Delay = 0.00>
ST_9 : Operation 174 [1/1] (0.00ns)   --->   "%specbitsmap_ln0 = specbitsmap void @_ssdm_op_SpecBitsMap, i9 %output_knnDist_write_resp_peek"   --->   Operation 174 'specbitsmap' 'specbitsmap_ln0' <Predicate = true> <Delay = 0.00>
ST_9 : Operation 175 [1/1] (0.00ns)   --->   "%specinterface_ln0 = specinterface void @_ssdm_op_SpecInterface, i65 %output_knnId_read_addr, void @empty_0, i32 0, i32 0, void @empty, i32 0, i32 0, void @empty, void @empty, void @empty, i32 0, i32 0, i32 0, i32 0, void @empty, void @empty, i32 4294967295, i32 0"   --->   Operation 175 'specinterface' 'specinterface_ln0' <Predicate = true> <Delay = 0.00>
ST_9 : Operation 176 [1/1] (0.00ns)   --->   "%specbitsmap_ln0 = specbitsmap void @_ssdm_op_SpecBitsMap, i65 %output_knnId_read_addr"   --->   Operation 176 'specbitsmap' 'specbitsmap_ln0' <Predicate = true> <Delay = 0.00>
ST_9 : Operation 177 [1/1] (0.00ns)   --->   "%specinterface_ln0 = specinterface void @_ssdm_op_SpecInterface, i33 %output_knnId_read_data_s, void @empty_0, i32 0, i32 0, void @empty, i32 0, i32 0, void @empty, void @empty, void @empty, i32 0, i32 0, i32 0, i32 0, void @empty, void @empty, i32 4294967295, i32 0"   --->   Operation 177 'specinterface' 'specinterface_ln0' <Predicate = true> <Delay = 0.00>
ST_9 : Operation 178 [1/1] (0.00ns)   --->   "%specbitsmap_ln0 = specbitsmap void @_ssdm_op_SpecBitsMap, i33 %output_knnId_read_data_s"   --->   Operation 178 'specbitsmap' 'specbitsmap_ln0' <Predicate = true> <Delay = 0.00>
ST_9 : Operation 179 [1/1] (0.00ns)   --->   "%specinterface_ln0 = specinterface void @_ssdm_op_SpecInterface, i33 %output_knnId_read_data_peek, void @empty_0, i32 0, i32 0, void @empty, i32 0, i32 0, void @empty, void @empty, void @empty, i32 0, i32 0, i32 0, i32 0, void @empty, void @empty, i32 4294967295, i32 0"   --->   Operation 179 'specinterface' 'specinterface_ln0' <Predicate = true> <Delay = 0.00>
ST_9 : Operation 180 [1/1] (0.00ns)   --->   "%specbitsmap_ln0 = specbitsmap void @_ssdm_op_SpecBitsMap, i33 %output_knnId_read_data_peek"   --->   Operation 180 'specbitsmap' 'specbitsmap_ln0' <Predicate = true> <Delay = 0.00>
ST_9 : Operation 181 [1/1] (0.00ns)   --->   "%specinterface_ln0 = specinterface void @_ssdm_op_SpecInterface, i65 %output_knnId_write_addr, void @empty_0, i32 0, i32 0, void @empty, i32 0, i32 0, void @empty, void @empty, void @empty, i32 0, i32 0, i32 0, i32 0, void @empty, void @empty, i32 4294967295, i32 0"   --->   Operation 181 'specinterface' 'specinterface_ln0' <Predicate = true> <Delay = 0.00>
ST_9 : Operation 182 [1/1] (0.00ns)   --->   "%specbitsmap_ln0 = specbitsmap void @_ssdm_op_SpecBitsMap, i65 %output_knnId_write_addr"   --->   Operation 182 'specbitsmap' 'specbitsmap_ln0' <Predicate = true> <Delay = 0.00>
ST_9 : Operation 183 [1/1] (0.00ns)   --->   "%specinterface_ln0 = specinterface void @_ssdm_op_SpecInterface, i33 %output_knnId_write_data, void @empty_0, i32 0, i32 0, void @empty, i32 0, i32 0, void @empty, void @empty, void @empty, i32 0, i32 0, i32 0, i32 0, void @empty, void @empty, i32 4294967295, i32 0"   --->   Operation 183 'specinterface' 'specinterface_ln0' <Predicate = true> <Delay = 0.00>
ST_9 : Operation 184 [1/1] (0.00ns)   --->   "%specbitsmap_ln0 = specbitsmap void @_ssdm_op_SpecBitsMap, i33 %output_knnId_write_data"   --->   Operation 184 'specbitsmap' 'specbitsmap_ln0' <Predicate = true> <Delay = 0.00>
ST_9 : Operation 185 [1/1] (0.00ns)   --->   "%specinterface_ln0 = specinterface void @_ssdm_op_SpecInterface, i9 %output_knnId_write_resp_s, void @empty_0, i32 0, i32 0, void @empty, i32 0, i32 0, void @empty, void @empty, void @empty, i32 0, i32 0, i32 0, i32 0, void @empty, void @empty, i32 4294967295, i32 0"   --->   Operation 185 'specinterface' 'specinterface_ln0' <Predicate = true> <Delay = 0.00>
ST_9 : Operation 186 [1/1] (0.00ns)   --->   "%specbitsmap_ln0 = specbitsmap void @_ssdm_op_SpecBitsMap, i9 %output_knnId_write_resp_s"   --->   Operation 186 'specbitsmap' 'specbitsmap_ln0' <Predicate = true> <Delay = 0.00>
ST_9 : Operation 187 [1/1] (0.00ns)   --->   "%specinterface_ln0 = specinterface void @_ssdm_op_SpecInterface, i9 %output_knnId_write_resp_peek, void @empty_0, i32 0, i32 0, void @empty, i32 0, i32 0, void @empty, void @empty, void @empty, i32 0, i32 0, i32 0, i32 0, void @empty, void @empty, i32 4294967295, i32 0"   --->   Operation 187 'specinterface' 'specinterface_ln0' <Predicate = true> <Delay = 0.00>
ST_9 : Operation 188 [1/1] (0.00ns)   --->   "%specbitsmap_ln0 = specbitsmap void @_ssdm_op_SpecBitsMap, i9 %output_knnId_write_resp_peek"   --->   Operation 188 'specbitsmap' 'specbitsmap_ln0' <Predicate = true> <Delay = 0.00>
ST_9 : Operation 189 [1/2] (0.00ns)   --->   "%call_ln893 = call void @krnl_globalSort_L3_Pipeline_VITIS_LOOP_895_3, i9 %output_knnId_write_resp_s, i9 %output_knnDist_write_resp_s, i65 %output_knnDist_write_addr, i33 %output_knnDist_write_data, i32 %output_dist, i32 %output_dist_1, i32 %output_dist_2, i32 %output_dist_3, i32 %output_dist_4, i32 %output_dist_5, i32 %output_dist_6, i32 %output_dist_7, i32 %output_dist_8, i32 %output_dist_9, i65 %output_knnId_write_addr, i33 %output_knnId_write_data, i32 %output_id, i32 %output_id_1, i32 %output_id_2, i32 %output_id_3, i32 %output_id_4, i32 %output_id_5, i32 %output_id_6, i32 %output_id_7, i32 %output_id_8, i32 %output_id_9" [/home/nehaprakriya/Documents/tapa/regression/knn/src/run_split_check/cpp/krnl_globalSort_L3.cpp:893]   --->   Operation 189 'call' 'call_ln893' <Predicate = true> <Delay = 0.00> <CoreType = "Generic">   --->   Core 0 '' <Latency = 0> <II = 1> <Delay = 1.00> <Generic> <Opcode : >
ST_9 : Operation 190 [1/1] (0.00ns)   --->   "%ret_ln929 = ret" [/home/nehaprakriya/Documents/tapa/regression/knn/src/run_split_check/cpp/krnl_globalSort_L3.cpp:929]   --->   Operation 190 'ret' 'ret_ln929' <Predicate = true> <Delay = 0.00>


============================================================
+ Verbose Summary: Timing violations
============================================================
Target clock period: 3.33ns, clock uncertainty: 0.899ns.

 <State 1>: 0ns
The critical path consists of the following:

 <State 2>: 0ns
The critical path consists of the following:

 <State 3>: 1.04ns
The critical path consists of the following:
	'call' operation ('call_ln0') to 'krnl_globalSort_L3_Pipeline_VITIS_LOOP_875_1' [131]  (1.04 ns)

 <State 4>: 0ns
The critical path consists of the following:

 <State 5>: 0ns
The critical path consists of the following:

 <State 6>: 1.04ns
The critical path consists of the following:
	'call' operation ('call_ln0') to 'krnl_globalSort_L3_Pipeline_VITIS_LOOP_885_2' [154]  (1.04 ns)

 <State 7>: 0ns
The critical path consists of the following:

 <State 8>: 0ns
The critical path consists of the following:

 <State 9>: 0ns
The critical path consists of the following:


============================================================
+ Verbose Summary: Binding
============================================================
N/A
* FSMD analyzer results:
  - Output states:
 - Input state : 
  - Chain level:
	State 1
	State 2
	State 3
	State 4
	State 5
	State 6
	State 7
	State 8
	State 9


============================================================
+ Verbose Summary: Datapath Resource usage 
============================================================
N/A
