

================================================================
== Vitis HLS Report for 'krnl_partialKnn_wrapper_0_Pipeline_VITIS_LOOP_526_14'
================================================================
* Date:           Wed May 22 14:54:51 2024

* Version:        2022.1 (Build 3526262 on Mon Apr 18 15:47:01 MDT 2022)
* Project:        project
* Solution:       krnl_partialKnn_wrapper_0 (Vivado IP Flow Target)
* Product family: virtexuplus
* Target device:  xcu55c-fsvh2892-2L-e


================================================================
== Performance Estimates
================================================================
+ Timing: 
    * Summary: 
    +--------+---------+----------+------------+
    |  Clock |  Target | Estimated| Uncertainty|
    +--------+---------+----------+------------+
    |ap_clk  |  3.33 ns|  1.095 ns|     0.90 ns|
    +--------+---------+----------+------------+

+ Latency: 
    * Summary: 
    +---------+---------+-----------+-----------+-----+-----+---------+
    |  Latency (cycles) |   Latency (absolute)  |  Interval | Pipeline|
    |   min   |   max   |    min    |    max    | min | max |   Type  |
    +---------+---------+-----------+-----------+-----+-----+---------+
    |       13|       13|  43.290 ns|  43.290 ns|   13|   13|       no|
    +---------+---------+-----------+-----------+-----+-----+---------+

    + Detail: 
        * Instance: 
        N/A

        * Loop: 
        +---------------------+---------+---------+----------+-----------+-----------+------+----------+
        |                     |  Latency (cycles) | Iteration|  Initiation Interval  | Trip |          |
        |      Loop Name      |   min   |   max   |  Latency |  achieved |   target  | Count| Pipelined|
        +---------------------+---------+---------+----------+-----------+-----------+------+----------+
        |- VITIS_LOOP_526_14  |       11|       11|         1|          1|          1|    11|       yes|
        +---------------------+---------+---------+----------+-----------+-----------+------+----------+

============================================================
+ Verbose Summary: Synthesis Manager
============================================================
InlineROM: 1
ExposeGlobal: 0
============================================================
+ Verbose Summary: CDFG Model
============================================================
IsTopModel: 0
ResetActiveHigh: 1
IsCombinational: 0
IsDatapathOnly: 0
HasWiredReturn: 1
HasMFsm: 2
HasVarLatency: 1
IsPipeline: 0
IsRtlPipelined: 0
IsInstanceOverlapped: 0
IsDontTouch: 0
HasImplIP: 0
IsGatedGlobalClock: 0

+ Individual pipeline summary: 
  * Pipeline-0: initiation interval (II) = 1, depth = 1


============================================================
+ Verbose Summary: Schedule
============================================================
* Number of FSM states : 1
* Pipeline : 1
  Pipeline-0 : II = 1, D = 1, States = { 1 }
* Dataflow Pipeline: 0

* FSM state transitions: 
1 --> 

* FSM state operations: 

State 1 <SV = 0> <Delay = 1.09>
ST_1 : Operation 4 [1/1] (0.00ns)   --->   "%j = alloca i32 1"   --->   Operation 4 'alloca' 'j' <Predicate = true> <Delay = 0.00>
ST_1 : Operation 5 [1/1] (0.00ns)   --->   "%global_kNearstId = alloca i32 1"   --->   Operation 5 'alloca' 'global_kNearstId' <Predicate = true> <Delay = 0.00>
ST_1 : Operation 6 [1/1] (0.00ns)   --->   "%global_kNearstDist = alloca i32 1"   --->   Operation 6 'alloca' 'global_kNearstDist' <Predicate = true> <Delay = 0.00>
ST_1 : Operation 7 [1/1] (0.00ns)   --->   "%global_kNearstDist_1 = alloca i32 1"   --->   Operation 7 'alloca' 'global_kNearstDist_1' <Predicate = true> <Delay = 0.00>
ST_1 : Operation 8 [1/1] (0.00ns)   --->   "%global_kNearstDist_2 = alloca i32 1"   --->   Operation 8 'alloca' 'global_kNearstDist_2' <Predicate = true> <Delay = 0.00>
ST_1 : Operation 9 [1/1] (0.00ns)   --->   "%global_kNearstDist_3 = alloca i32 1"   --->   Operation 9 'alloca' 'global_kNearstDist_3' <Predicate = true> <Delay = 0.00>
ST_1 : Operation 10 [1/1] (0.00ns)   --->   "%global_kNearstDist_4 = alloca i32 1"   --->   Operation 10 'alloca' 'global_kNearstDist_4' <Predicate = true> <Delay = 0.00>
ST_1 : Operation 11 [1/1] (0.00ns)   --->   "%global_kNearstDist_5 = alloca i32 1"   --->   Operation 11 'alloca' 'global_kNearstDist_5' <Predicate = true> <Delay = 0.00>
ST_1 : Operation 12 [1/1] (0.00ns)   --->   "%global_kNearstDist_6 = alloca i32 1"   --->   Operation 12 'alloca' 'global_kNearstDist_6' <Predicate = true> <Delay = 0.00>
ST_1 : Operation 13 [1/1] (0.00ns)   --->   "%global_kNearstDist_7 = alloca i32 1"   --->   Operation 13 'alloca' 'global_kNearstDist_7' <Predicate = true> <Delay = 0.00>
ST_1 : Operation 14 [1/1] (0.00ns)   --->   "%global_kNearstDist_8 = alloca i32 1"   --->   Operation 14 'alloca' 'global_kNearstDist_8' <Predicate = true> <Delay = 0.00>
ST_1 : Operation 15 [1/1] (0.00ns)   --->   "%global_kNearstDist_9 = alloca i32 1"   --->   Operation 15 'alloca' 'global_kNearstDist_9' <Predicate = true> <Delay = 0.00>
ST_1 : Operation 16 [1/1] (0.00ns)   --->   "%global_kNearstId_1 = alloca i32 1"   --->   Operation 16 'alloca' 'global_kNearstId_1' <Predicate = true> <Delay = 0.00>
ST_1 : Operation 17 [1/1] (0.00ns)   --->   "%global_kNearstId_2 = alloca i32 1"   --->   Operation 17 'alloca' 'global_kNearstId_2' <Predicate = true> <Delay = 0.00>
ST_1 : Operation 18 [1/1] (0.00ns)   --->   "%global_kNearstId_3 = alloca i32 1"   --->   Operation 18 'alloca' 'global_kNearstId_3' <Predicate = true> <Delay = 0.00>
ST_1 : Operation 19 [1/1] (0.00ns)   --->   "%global_kNearstId_4 = alloca i32 1"   --->   Operation 19 'alloca' 'global_kNearstId_4' <Predicate = true> <Delay = 0.00>
ST_1 : Operation 20 [1/1] (0.00ns)   --->   "%global_kNearstId_5 = alloca i32 1"   --->   Operation 20 'alloca' 'global_kNearstId_5' <Predicate = true> <Delay = 0.00>
ST_1 : Operation 21 [1/1] (0.00ns)   --->   "%global_kNearstId_6 = alloca i32 1"   --->   Operation 21 'alloca' 'global_kNearstId_6' <Predicate = true> <Delay = 0.00>
ST_1 : Operation 22 [1/1] (0.00ns)   --->   "%global_kNearstId_7 = alloca i32 1"   --->   Operation 22 'alloca' 'global_kNearstId_7' <Predicate = true> <Delay = 0.00>
ST_1 : Operation 23 [1/1] (0.00ns)   --->   "%global_kNearstId_8 = alloca i32 1"   --->   Operation 23 'alloca' 'global_kNearstId_8' <Predicate = true> <Delay = 0.00>
ST_1 : Operation 24 [1/1] (0.00ns)   --->   "%global_kNearstId_9 = alloca i32 1"   --->   Operation 24 'alloca' 'global_kNearstId_9' <Predicate = true> <Delay = 0.00>
ST_1 : Operation 25 [1/1] (0.00ns)   --->   "%local_kNearstDist_10_reload_read = read i32 @_ssdm_op_Read.ap_auto.float, i32 %local_kNearstDist_10_reload"   --->   Operation 25 'read' 'local_kNearstDist_10_reload_read' <Predicate = true> <Delay = 0.00>
ST_1 : Operation 26 [1/1] (0.00ns)   --->   "%local_kNearstDist_9_reload_read = read i32 @_ssdm_op_Read.ap_auto.float, i32 %local_kNearstDist_9_reload"   --->   Operation 26 'read' 'local_kNearstDist_9_reload_read' <Predicate = true> <Delay = 0.00>
ST_1 : Operation 27 [1/1] (0.00ns)   --->   "%local_kNearstDist_8_reload_read = read i32 @_ssdm_op_Read.ap_auto.float, i32 %local_kNearstDist_8_reload"   --->   Operation 27 'read' 'local_kNearstDist_8_reload_read' <Predicate = true> <Delay = 0.00>
ST_1 : Operation 28 [1/1] (0.00ns)   --->   "%local_kNearstDist_7_reload_read = read i32 @_ssdm_op_Read.ap_auto.float, i32 %local_kNearstDist_7_reload"   --->   Operation 28 'read' 'local_kNearstDist_7_reload_read' <Predicate = true> <Delay = 0.00>
ST_1 : Operation 29 [1/1] (0.00ns)   --->   "%local_kNearstDist_6_reload_read = read i32 @_ssdm_op_Read.ap_auto.float, i32 %local_kNearstDist_6_reload"   --->   Operation 29 'read' 'local_kNearstDist_6_reload_read' <Predicate = true> <Delay = 0.00>
ST_1 : Operation 30 [1/1] (0.00ns)   --->   "%local_kNearstDist_5_reload_read = read i32 @_ssdm_op_Read.ap_auto.float, i32 %local_kNearstDist_5_reload"   --->   Operation 30 'read' 'local_kNearstDist_5_reload_read' <Predicate = true> <Delay = 0.00>
ST_1 : Operation 31 [1/1] (0.00ns)   --->   "%local_kNearstDist_4_reload_read = read i32 @_ssdm_op_Read.ap_auto.float, i32 %local_kNearstDist_4_reload"   --->   Operation 31 'read' 'local_kNearstDist_4_reload_read' <Predicate = true> <Delay = 0.00>
ST_1 : Operation 32 [1/1] (0.00ns)   --->   "%local_kNearstDist_3_reload_read = read i32 @_ssdm_op_Read.ap_auto.float, i32 %local_kNearstDist_3_reload"   --->   Operation 32 'read' 'local_kNearstDist_3_reload_read' <Predicate = true> <Delay = 0.00>
ST_1 : Operation 33 [1/1] (0.00ns)   --->   "%local_kNearstDist_2_reload_read = read i32 @_ssdm_op_Read.ap_auto.float, i32 %local_kNearstDist_2_reload"   --->   Operation 33 'read' 'local_kNearstDist_2_reload_read' <Predicate = true> <Delay = 0.00>
ST_1 : Operation 34 [1/1] (0.00ns)   --->   "%local_kNearstDist_1_reload_read = read i32 @_ssdm_op_Read.ap_auto.float, i32 %local_kNearstDist_1_reload"   --->   Operation 34 'read' 'local_kNearstDist_1_reload_read' <Predicate = true> <Delay = 0.00>
ST_1 : Operation 35 [1/1] (0.00ns)   --->   "%local_kNearstDist_reload_read = read i32 @_ssdm_op_Read.ap_auto.float, i32 %local_kNearstDist_reload"   --->   Operation 35 'read' 'local_kNearstDist_reload_read' <Predicate = true> <Delay = 0.00>
ST_1 : Operation 36 [1/1] (0.00ns)   --->   "%local_kNearstId_10_reload_read = read i32 @_ssdm_op_Read.ap_auto.i32, i32 %local_kNearstId_10_reload"   --->   Operation 36 'read' 'local_kNearstId_10_reload_read' <Predicate = true> <Delay = 0.00>
ST_1 : Operation 37 [1/1] (0.00ns)   --->   "%local_kNearstId_9_reload_read = read i32 @_ssdm_op_Read.ap_auto.i32, i32 %local_kNearstId_9_reload"   --->   Operation 37 'read' 'local_kNearstId_9_reload_read' <Predicate = true> <Delay = 0.00>
ST_1 : Operation 38 [1/1] (0.00ns)   --->   "%local_kNearstId_8_reload_read = read i32 @_ssdm_op_Read.ap_auto.i32, i32 %local_kNearstId_8_reload"   --->   Operation 38 'read' 'local_kNearstId_8_reload_read' <Predicate = true> <Delay = 0.00>
ST_1 : Operation 39 [1/1] (0.00ns)   --->   "%local_kNearstId_7_reload_read = read i32 @_ssdm_op_Read.ap_auto.i32, i32 %local_kNearstId_7_reload"   --->   Operation 39 'read' 'local_kNearstId_7_reload_read' <Predicate = true> <Delay = 0.00>
ST_1 : Operation 40 [1/1] (0.00ns)   --->   "%local_kNearstId_6_reload_read = read i32 @_ssdm_op_Read.ap_auto.i32, i32 %local_kNearstId_6_reload"   --->   Operation 40 'read' 'local_kNearstId_6_reload_read' <Predicate = true> <Delay = 0.00>
ST_1 : Operation 41 [1/1] (0.00ns)   --->   "%local_kNearstId_5_reload_read = read i32 @_ssdm_op_Read.ap_auto.i32, i32 %local_kNearstId_5_reload"   --->   Operation 41 'read' 'local_kNearstId_5_reload_read' <Predicate = true> <Delay = 0.00>
ST_1 : Operation 42 [1/1] (0.00ns)   --->   "%local_kNearstId_4_reload_read = read i32 @_ssdm_op_Read.ap_auto.i32, i32 %local_kNearstId_4_reload"   --->   Operation 42 'read' 'local_kNearstId_4_reload_read' <Predicate = true> <Delay = 0.00>
ST_1 : Operation 43 [1/1] (0.00ns)   --->   "%local_kNearstId_3_reload_read = read i32 @_ssdm_op_Read.ap_auto.i32, i32 %local_kNearstId_3_reload"   --->   Operation 43 'read' 'local_kNearstId_3_reload_read' <Predicate = true> <Delay = 0.00>
ST_1 : Operation 44 [1/1] (0.00ns)   --->   "%local_kNearstId_2_reload_read = read i32 @_ssdm_op_Read.ap_auto.i32, i32 %local_kNearstId_2_reload"   --->   Operation 44 'read' 'local_kNearstId_2_reload_read' <Predicate = true> <Delay = 0.00>
ST_1 : Operation 45 [1/1] (0.00ns)   --->   "%local_kNearstId_1_reload_read = read i32 @_ssdm_op_Read.ap_auto.i32, i32 %local_kNearstId_1_reload"   --->   Operation 45 'read' 'local_kNearstId_1_reload_read' <Predicate = true> <Delay = 0.00>
ST_1 : Operation 46 [1/1] (0.00ns)   --->   "%local_kNearstId_reload_read = read i32 @_ssdm_op_Read.ap_auto.i32, i32 %local_kNearstId_reload"   --->   Operation 46 'read' 'local_kNearstId_reload_read' <Predicate = true> <Delay = 0.00>
ST_1 : Operation 47 [1/1] (0.38ns)   --->   "%store_ln0 = store i4 0, i4 %j"   --->   Operation 47 'store' 'store_ln0' <Predicate = true> <Delay = 0.38>
ST_1 : Operation 48 [1/1] (0.00ns)   --->   "%br_ln0 = br void %for.body299.i"   --->   Operation 48 'br' 'br_ln0' <Predicate = true> <Delay = 0.00>
ST_1 : Operation 49 [1/1] (0.00ns)   --->   "%j_1 = load i4 %j" [/home/nehaprakriya/Documents/tapa/regression/knn/src/run_split_check/cpp/krnl_partialKnn_wrapper_0.cpp:526]   --->   Operation 49 'load' 'j_1' <Predicate = true> <Delay = 0.00>
ST_1 : Operation 50 [1/1] (0.00ns)   --->   "%specpipeline_ln0 = specpipeline void @_ssdm_op_SpecPipeline, i32 4294967295, i32 0, i32 1, i32 0, void @p_str"   --->   Operation 50 'specpipeline' 'specpipeline_ln0' <Predicate = true> <Delay = 0.00>
ST_1 : Operation 51 [1/1] (0.65ns)   --->   "%icmp_ln526 = icmp_eq  i4 %j_1, i4 11" [/home/nehaprakriya/Documents/tapa/regression/knn/src/run_split_check/cpp/krnl_partialKnn_wrapper_0.cpp:526]   --->   Operation 51 'icmp' 'icmp_ln526' <Predicate = true> <Delay = 0.65> <CoreInst = "Cmp">   --->   Core 9 'Cmp' <Latency = 0> <II = 1> <Delay = 0.65> <FuncUnit> <Opcode : 'icmp'> <InPorts = 2> <OutPorts = 1>
ST_1 : Operation 52 [1/1] (0.00ns)   --->   "%empty = speclooptripcount i32 @_ssdm_op_SpecLoopTripCount, i64 11, i64 11, i64 11"   --->   Operation 52 'speclooptripcount' 'empty' <Predicate = true> <Delay = 0.00>
ST_1 : Operation 53 [1/1] (0.70ns)   --->   "%add_ln526 = add i4 %j_1, i4 1" [/home/nehaprakriya/Documents/tapa/regression/knn/src/run_split_check/cpp/krnl_partialKnn_wrapper_0.cpp:526]   --->   Operation 53 'add' 'add_ln526' <Predicate = true> <Delay = 0.70> <CoreInst = "Adder">   --->   Core 1 'Adder' <Latency = 0> <II = 1> <Delay = 0.70> <FuncUnit> <Opcode : 'add' 'sub'> <InPorts = 2> <OutPorts = 1>
ST_1 : Operation 54 [1/1] (0.00ns)   --->   "%br_ln526 = br i1 %icmp_ln526, void %for.body299.i.split, void %for.body320.i.preheader.exitStub" [/home/nehaprakriya/Documents/tapa/regression/knn/src/run_split_check/cpp/krnl_partialKnn_wrapper_0.cpp:526]   --->   Operation 54 'br' 'br_ln526' <Predicate = true> <Delay = 0.00>
ST_1 : Operation 55 [1/1] (0.00ns)   --->   "%specloopname_ln393 = specloopname void @_ssdm_op_SpecLoopName, void @empty_3" [/home/nehaprakriya/Documents/tapa/regression/knn/src/run_split_check/cpp/krnl_partialKnn_wrapper_0.cpp:393]   --->   Operation 55 'specloopname' 'specloopname_ln393' <Predicate = (!icmp_ln526)> <Delay = 0.00>
ST_1 : Operation 56 [1/1] (0.61ns)   --->   "%global_kNearstDist_10 = mux i32 @_ssdm_op_Mux.ap_auto.11float.i4, i32 %local_kNearstDist_reload_read, i32 %local_kNearstDist_1_reload_read, i32 %local_kNearstDist_2_reload_read, i32 %local_kNearstDist_3_reload_read, i32 %local_kNearstDist_4_reload_read, i32 %local_kNearstDist_5_reload_read, i32 %local_kNearstDist_6_reload_read, i32 %local_kNearstDist_7_reload_read, i32 %local_kNearstDist_8_reload_read, i32 %local_kNearstDist_9_reload_read, i32 %local_kNearstDist_10_reload_read, i4 %j_1" [/home/nehaprakriya/Documents/tapa/regression/knn/src/run_split_check/cpp/krnl_partialKnn_wrapper_0.cpp:527]   --->   Operation 56 'mux' 'global_kNearstDist_10' <Predicate = (!icmp_ln526)> <Delay = 0.61> <CoreInst = "Multiplexer">   --->   Core 76 'Multiplexer' <Latency = 0> <II = 1> <Delay = 0.61> <FuncUnit> <Opcode : 'mux'> <InPorts = 2> <OutPorts = 1>
ST_1 : Operation 57 [1/1] (0.34ns)   --->   "%switch_ln527 = switch i4 %j_1, void %arrayidx304.i.case.10, i4 0, void %arrayidx304.i.exit, i4 1, void %for.body299.i.split.arrayidx304.i.exit_crit_edge24, i4 2, void %arrayidx304.i.case.2, i4 3, void %arrayidx304.i.case.3, i4 4, void %arrayidx304.i.case.4, i4 5, void %arrayidx304.i.case.5, i4 6, void %arrayidx304.i.case.6, i4 7, void %arrayidx304.i.case.7, i4 8, void %arrayidx304.i.case.8, i4 9, void %arrayidx304.i.case.9" [/home/nehaprakriya/Documents/tapa/regression/knn/src/run_split_check/cpp/krnl_partialKnn_wrapper_0.cpp:527]   --->   Operation 57 'switch' 'switch_ln527' <Predicate = (!icmp_ln526)> <Delay = 0.34>
ST_1 : Operation 58 [1/1] (0.00ns)   --->   "%store_ln527 = store i32 %global_kNearstDist_10, i32 %global_kNearstDist_8" [/home/nehaprakriya/Documents/tapa/regression/knn/src/run_split_check/cpp/krnl_partialKnn_wrapper_0.cpp:527]   --->   Operation 58 'store' 'store_ln527' <Predicate = (!icmp_ln526 & j_1 == 9)> <Delay = 0.00>
ST_1 : Operation 59 [1/1] (0.00ns)   --->   "%br_ln527 = br void %arrayidx304.i.exit" [/home/nehaprakriya/Documents/tapa/regression/knn/src/run_split_check/cpp/krnl_partialKnn_wrapper_0.cpp:527]   --->   Operation 59 'br' 'br_ln527' <Predicate = (!icmp_ln526 & j_1 == 9)> <Delay = 0.00>
ST_1 : Operation 60 [1/1] (0.00ns)   --->   "%store_ln527 = store i32 %global_kNearstDist_10, i32 %global_kNearstDist_7" [/home/nehaprakriya/Documents/tapa/regression/knn/src/run_split_check/cpp/krnl_partialKnn_wrapper_0.cpp:527]   --->   Operation 60 'store' 'store_ln527' <Predicate = (!icmp_ln526 & j_1 == 8)> <Delay = 0.00>
ST_1 : Operation 61 [1/1] (0.00ns)   --->   "%br_ln527 = br void %arrayidx304.i.exit" [/home/nehaprakriya/Documents/tapa/regression/knn/src/run_split_check/cpp/krnl_partialKnn_wrapper_0.cpp:527]   --->   Operation 61 'br' 'br_ln527' <Predicate = (!icmp_ln526 & j_1 == 8)> <Delay = 0.00>
ST_1 : Operation 62 [1/1] (0.00ns)   --->   "%store_ln527 = store i32 %global_kNearstDist_10, i32 %global_kNearstDist_6" [/home/nehaprakriya/Documents/tapa/regression/knn/src/run_split_check/cpp/krnl_partialKnn_wrapper_0.cpp:527]   --->   Operation 62 'store' 'store_ln527' <Predicate = (!icmp_ln526 & j_1 == 7)> <Delay = 0.00>
ST_1 : Operation 63 [1/1] (0.00ns)   --->   "%br_ln527 = br void %arrayidx304.i.exit" [/home/nehaprakriya/Documents/tapa/regression/knn/src/run_split_check/cpp/krnl_partialKnn_wrapper_0.cpp:527]   --->   Operation 63 'br' 'br_ln527' <Predicate = (!icmp_ln526 & j_1 == 7)> <Delay = 0.00>
ST_1 : Operation 64 [1/1] (0.00ns)   --->   "%store_ln527 = store i32 %global_kNearstDist_10, i32 %global_kNearstDist_5" [/home/nehaprakriya/Documents/tapa/regression/knn/src/run_split_check/cpp/krnl_partialKnn_wrapper_0.cpp:527]   --->   Operation 64 'store' 'store_ln527' <Predicate = (!icmp_ln526 & j_1 == 6)> <Delay = 0.00>
ST_1 : Operation 65 [1/1] (0.00ns)   --->   "%br_ln527 = br void %arrayidx304.i.exit" [/home/nehaprakriya/Documents/tapa/regression/knn/src/run_split_check/cpp/krnl_partialKnn_wrapper_0.cpp:527]   --->   Operation 65 'br' 'br_ln527' <Predicate = (!icmp_ln526 & j_1 == 6)> <Delay = 0.00>
ST_1 : Operation 66 [1/1] (0.00ns)   --->   "%store_ln527 = store i32 %global_kNearstDist_10, i32 %global_kNearstDist_4" [/home/nehaprakriya/Documents/tapa/regression/knn/src/run_split_check/cpp/krnl_partialKnn_wrapper_0.cpp:527]   --->   Operation 66 'store' 'store_ln527' <Predicate = (!icmp_ln526 & j_1 == 5)> <Delay = 0.00>
ST_1 : Operation 67 [1/1] (0.00ns)   --->   "%br_ln527 = br void %arrayidx304.i.exit" [/home/nehaprakriya/Documents/tapa/regression/knn/src/run_split_check/cpp/krnl_partialKnn_wrapper_0.cpp:527]   --->   Operation 67 'br' 'br_ln527' <Predicate = (!icmp_ln526 & j_1 == 5)> <Delay = 0.00>
ST_1 : Operation 68 [1/1] (0.00ns)   --->   "%store_ln527 = store i32 %global_kNearstDist_10, i32 %global_kNearstDist_3" [/home/nehaprakriya/Documents/tapa/regression/knn/src/run_split_check/cpp/krnl_partialKnn_wrapper_0.cpp:527]   --->   Operation 68 'store' 'store_ln527' <Predicate = (!icmp_ln526 & j_1 == 4)> <Delay = 0.00>
ST_1 : Operation 69 [1/1] (0.00ns)   --->   "%br_ln527 = br void %arrayidx304.i.exit" [/home/nehaprakriya/Documents/tapa/regression/knn/src/run_split_check/cpp/krnl_partialKnn_wrapper_0.cpp:527]   --->   Operation 69 'br' 'br_ln527' <Predicate = (!icmp_ln526 & j_1 == 4)> <Delay = 0.00>
ST_1 : Operation 70 [1/1] (0.00ns)   --->   "%store_ln527 = store i32 %global_kNearstDist_10, i32 %global_kNearstDist_2" [/home/nehaprakriya/Documents/tapa/regression/knn/src/run_split_check/cpp/krnl_partialKnn_wrapper_0.cpp:527]   --->   Operation 70 'store' 'store_ln527' <Predicate = (!icmp_ln526 & j_1 == 3)> <Delay = 0.00>
ST_1 : Operation 71 [1/1] (0.00ns)   --->   "%br_ln527 = br void %arrayidx304.i.exit" [/home/nehaprakriya/Documents/tapa/regression/knn/src/run_split_check/cpp/krnl_partialKnn_wrapper_0.cpp:527]   --->   Operation 71 'br' 'br_ln527' <Predicate = (!icmp_ln526 & j_1 == 3)> <Delay = 0.00>
ST_1 : Operation 72 [1/1] (0.00ns)   --->   "%store_ln527 = store i32 %global_kNearstDist_10, i32 %global_kNearstDist_1" [/home/nehaprakriya/Documents/tapa/regression/knn/src/run_split_check/cpp/krnl_partialKnn_wrapper_0.cpp:527]   --->   Operation 72 'store' 'store_ln527' <Predicate = (!icmp_ln526 & j_1 == 2)> <Delay = 0.00>
ST_1 : Operation 73 [1/1] (0.00ns)   --->   "%br_ln527 = br void %arrayidx304.i.exit" [/home/nehaprakriya/Documents/tapa/regression/knn/src/run_split_check/cpp/krnl_partialKnn_wrapper_0.cpp:527]   --->   Operation 73 'br' 'br_ln527' <Predicate = (!icmp_ln526 & j_1 == 2)> <Delay = 0.00>
ST_1 : Operation 74 [1/1] (0.00ns)   --->   "%store_ln527 = store i32 %global_kNearstDist_10, i32 %global_kNearstDist" [/home/nehaprakriya/Documents/tapa/regression/knn/src/run_split_check/cpp/krnl_partialKnn_wrapper_0.cpp:527]   --->   Operation 74 'store' 'store_ln527' <Predicate = (!icmp_ln526 & j_1 == 1)> <Delay = 0.00>
ST_1 : Operation 75 [1/1] (0.00ns)   --->   "%br_ln527 = br void %arrayidx304.i.exit" [/home/nehaprakriya/Documents/tapa/regression/knn/src/run_split_check/cpp/krnl_partialKnn_wrapper_0.cpp:527]   --->   Operation 75 'br' 'br_ln527' <Predicate = (!icmp_ln526 & j_1 == 1)> <Delay = 0.00>
ST_1 : Operation 76 [1/1] (0.00ns)   --->   "%store_ln527 = store i32 %global_kNearstDist_10, i32 %global_kNearstDist_9" [/home/nehaprakriya/Documents/tapa/regression/knn/src/run_split_check/cpp/krnl_partialKnn_wrapper_0.cpp:527]   --->   Operation 76 'store' 'store_ln527' <Predicate = (!icmp_ln526 & j_1 != 0 & j_1 != 1 & j_1 != 2 & j_1 != 3 & j_1 != 4 & j_1 != 5 & j_1 != 6 & j_1 != 7 & j_1 != 8 & j_1 != 9)> <Delay = 0.00>
ST_1 : Operation 77 [1/1] (0.00ns)   --->   "%br_ln527 = br void %arrayidx304.i.exit" [/home/nehaprakriya/Documents/tapa/regression/knn/src/run_split_check/cpp/krnl_partialKnn_wrapper_0.cpp:527]   --->   Operation 77 'br' 'br_ln527' <Predicate = (!icmp_ln526 & j_1 != 0 & j_1 != 1 & j_1 != 2 & j_1 != 3 & j_1 != 4 & j_1 != 5 & j_1 != 6 & j_1 != 7 & j_1 != 8 & j_1 != 9)> <Delay = 0.00>
ST_1 : Operation 78 [1/1] (0.61ns)   --->   "%global_kNearstId_10 = mux i32 @_ssdm_op_Mux.ap_auto.11i32.i4, i32 %local_kNearstId_reload_read, i32 %local_kNearstId_1_reload_read, i32 %local_kNearstId_2_reload_read, i32 %local_kNearstId_3_reload_read, i32 %local_kNearstId_4_reload_read, i32 %local_kNearstId_5_reload_read, i32 %local_kNearstId_6_reload_read, i32 %local_kNearstId_7_reload_read, i32 %local_kNearstId_8_reload_read, i32 %local_kNearstId_9_reload_read, i32 %local_kNearstId_10_reload_read, i4 %j_1" [/home/nehaprakriya/Documents/tapa/regression/knn/src/run_split_check/cpp/krnl_partialKnn_wrapper_0.cpp:528]   --->   Operation 78 'mux' 'global_kNearstId_10' <Predicate = (!icmp_ln526)> <Delay = 0.61> <CoreInst = "Multiplexer">   --->   Core 76 'Multiplexer' <Latency = 0> <II = 1> <Delay = 0.61> <FuncUnit> <Opcode : 'mux'> <InPorts = 2> <OutPorts = 1>
ST_1 : Operation 79 [1/1] (0.34ns)   --->   "%switch_ln528 = switch i4 %j_1, void %arrayidx309.i.case.10, i4 0, void %arrayidx309.i.exit, i4 1, void %arrayidx304.i.exit.arrayidx309.i.exit_crit_edge23, i4 2, void %arrayidx309.i.case.2, i4 3, void %arrayidx309.i.case.3, i4 4, void %arrayidx309.i.case.4, i4 5, void %arrayidx309.i.case.5, i4 6, void %arrayidx309.i.case.6, i4 7, void %arrayidx309.i.case.7, i4 8, void %arrayidx309.i.case.8, i4 9, void %arrayidx309.i.case.9" [/home/nehaprakriya/Documents/tapa/regression/knn/src/run_split_check/cpp/krnl_partialKnn_wrapper_0.cpp:528]   --->   Operation 79 'switch' 'switch_ln528' <Predicate = (!icmp_ln526)> <Delay = 0.34>
ST_1 : Operation 80 [1/1] (0.00ns)   --->   "%store_ln528 = store i32 %global_kNearstId_10, i32 %global_kNearstId_1" [/home/nehaprakriya/Documents/tapa/regression/knn/src/run_split_check/cpp/krnl_partialKnn_wrapper_0.cpp:528]   --->   Operation 80 'store' 'store_ln528' <Predicate = (!icmp_ln526 & j_1 == 9)> <Delay = 0.00>
ST_1 : Operation 81 [1/1] (0.00ns)   --->   "%br_ln528 = br void %arrayidx309.i.exit" [/home/nehaprakriya/Documents/tapa/regression/knn/src/run_split_check/cpp/krnl_partialKnn_wrapper_0.cpp:528]   --->   Operation 81 'br' 'br_ln528' <Predicate = (!icmp_ln526 & j_1 == 9)> <Delay = 0.00>
ST_1 : Operation 82 [1/1] (0.00ns)   --->   "%store_ln528 = store i32 %global_kNearstId_10, i32 %global_kNearstId_9" [/home/nehaprakriya/Documents/tapa/regression/knn/src/run_split_check/cpp/krnl_partialKnn_wrapper_0.cpp:528]   --->   Operation 82 'store' 'store_ln528' <Predicate = (!icmp_ln526 & j_1 == 8)> <Delay = 0.00>
ST_1 : Operation 83 [1/1] (0.00ns)   --->   "%br_ln528 = br void %arrayidx309.i.exit" [/home/nehaprakriya/Documents/tapa/regression/knn/src/run_split_check/cpp/krnl_partialKnn_wrapper_0.cpp:528]   --->   Operation 83 'br' 'br_ln528' <Predicate = (!icmp_ln526 & j_1 == 8)> <Delay = 0.00>
ST_1 : Operation 84 [1/1] (0.00ns)   --->   "%store_ln528 = store i32 %global_kNearstId_10, i32 %global_kNearstId_8" [/home/nehaprakriya/Documents/tapa/regression/knn/src/run_split_check/cpp/krnl_partialKnn_wrapper_0.cpp:528]   --->   Operation 84 'store' 'store_ln528' <Predicate = (!icmp_ln526 & j_1 == 7)> <Delay = 0.00>
ST_1 : Operation 85 [1/1] (0.00ns)   --->   "%br_ln528 = br void %arrayidx309.i.exit" [/home/nehaprakriya/Documents/tapa/regression/knn/src/run_split_check/cpp/krnl_partialKnn_wrapper_0.cpp:528]   --->   Operation 85 'br' 'br_ln528' <Predicate = (!icmp_ln526 & j_1 == 7)> <Delay = 0.00>
ST_1 : Operation 86 [1/1] (0.00ns)   --->   "%store_ln528 = store i32 %global_kNearstId_10, i32 %global_kNearstId_7" [/home/nehaprakriya/Documents/tapa/regression/knn/src/run_split_check/cpp/krnl_partialKnn_wrapper_0.cpp:528]   --->   Operation 86 'store' 'store_ln528' <Predicate = (!icmp_ln526 & j_1 == 6)> <Delay = 0.00>
ST_1 : Operation 87 [1/1] (0.00ns)   --->   "%br_ln528 = br void %arrayidx309.i.exit" [/home/nehaprakriya/Documents/tapa/regression/knn/src/run_split_check/cpp/krnl_partialKnn_wrapper_0.cpp:528]   --->   Operation 87 'br' 'br_ln528' <Predicate = (!icmp_ln526 & j_1 == 6)> <Delay = 0.00>
ST_1 : Operation 88 [1/1] (0.00ns)   --->   "%store_ln528 = store i32 %global_kNearstId_10, i32 %global_kNearstId_6" [/home/nehaprakriya/Documents/tapa/regression/knn/src/run_split_check/cpp/krnl_partialKnn_wrapper_0.cpp:528]   --->   Operation 88 'store' 'store_ln528' <Predicate = (!icmp_ln526 & j_1 == 5)> <Delay = 0.00>
ST_1 : Operation 89 [1/1] (0.00ns)   --->   "%br_ln528 = br void %arrayidx309.i.exit" [/home/nehaprakriya/Documents/tapa/regression/knn/src/run_split_check/cpp/krnl_partialKnn_wrapper_0.cpp:528]   --->   Operation 89 'br' 'br_ln528' <Predicate = (!icmp_ln526 & j_1 == 5)> <Delay = 0.00>
ST_1 : Operation 90 [1/1] (0.00ns)   --->   "%store_ln528 = store i32 %global_kNearstId_10, i32 %global_kNearstId_5" [/home/nehaprakriya/Documents/tapa/regression/knn/src/run_split_check/cpp/krnl_partialKnn_wrapper_0.cpp:528]   --->   Operation 90 'store' 'store_ln528' <Predicate = (!icmp_ln526 & j_1 == 4)> <Delay = 0.00>
ST_1 : Operation 91 [1/1] (0.00ns)   --->   "%br_ln528 = br void %arrayidx309.i.exit" [/home/nehaprakriya/Documents/tapa/regression/knn/src/run_split_check/cpp/krnl_partialKnn_wrapper_0.cpp:528]   --->   Operation 91 'br' 'br_ln528' <Predicate = (!icmp_ln526 & j_1 == 4)> <Delay = 0.00>
ST_1 : Operation 92 [1/1] (0.00ns)   --->   "%store_ln528 = store i32 %global_kNearstId_10, i32 %global_kNearstId_4" [/home/nehaprakriya/Documents/tapa/regression/knn/src/run_split_check/cpp/krnl_partialKnn_wrapper_0.cpp:528]   --->   Operation 92 'store' 'store_ln528' <Predicate = (!icmp_ln526 & j_1 == 3)> <Delay = 0.00>
ST_1 : Operation 93 [1/1] (0.00ns)   --->   "%br_ln528 = br void %arrayidx309.i.exit" [/home/nehaprakriya/Documents/tapa/regression/knn/src/run_split_check/cpp/krnl_partialKnn_wrapper_0.cpp:528]   --->   Operation 93 'br' 'br_ln528' <Predicate = (!icmp_ln526 & j_1 == 3)> <Delay = 0.00>
ST_1 : Operation 94 [1/1] (0.00ns)   --->   "%store_ln528 = store i32 %global_kNearstId_10, i32 %global_kNearstId_3" [/home/nehaprakriya/Documents/tapa/regression/knn/src/run_split_check/cpp/krnl_partialKnn_wrapper_0.cpp:528]   --->   Operation 94 'store' 'store_ln528' <Predicate = (!icmp_ln526 & j_1 == 2)> <Delay = 0.00>
ST_1 : Operation 95 [1/1] (0.00ns)   --->   "%br_ln528 = br void %arrayidx309.i.exit" [/home/nehaprakriya/Documents/tapa/regression/knn/src/run_split_check/cpp/krnl_partialKnn_wrapper_0.cpp:528]   --->   Operation 95 'br' 'br_ln528' <Predicate = (!icmp_ln526 & j_1 == 2)> <Delay = 0.00>
ST_1 : Operation 96 [1/1] (0.00ns)   --->   "%store_ln528 = store i32 %global_kNearstId_10, i32 %global_kNearstId_2" [/home/nehaprakriya/Documents/tapa/regression/knn/src/run_split_check/cpp/krnl_partialKnn_wrapper_0.cpp:528]   --->   Operation 96 'store' 'store_ln528' <Predicate = (!icmp_ln526 & j_1 == 1)> <Delay = 0.00>
ST_1 : Operation 97 [1/1] (0.00ns)   --->   "%br_ln528 = br void %arrayidx309.i.exit" [/home/nehaprakriya/Documents/tapa/regression/knn/src/run_split_check/cpp/krnl_partialKnn_wrapper_0.cpp:528]   --->   Operation 97 'br' 'br_ln528' <Predicate = (!icmp_ln526 & j_1 == 1)> <Delay = 0.00>
ST_1 : Operation 98 [1/1] (0.00ns)   --->   "%store_ln528 = store i32 %global_kNearstId_10, i32 %global_kNearstId" [/home/nehaprakriya/Documents/tapa/regression/knn/src/run_split_check/cpp/krnl_partialKnn_wrapper_0.cpp:528]   --->   Operation 98 'store' 'store_ln528' <Predicate = (!icmp_ln526 & j_1 != 0 & j_1 != 1 & j_1 != 2 & j_1 != 3 & j_1 != 4 & j_1 != 5 & j_1 != 6 & j_1 != 7 & j_1 != 8 & j_1 != 9)> <Delay = 0.00>
ST_1 : Operation 99 [1/1] (0.00ns)   --->   "%br_ln528 = br void %arrayidx309.i.exit" [/home/nehaprakriya/Documents/tapa/regression/knn/src/run_split_check/cpp/krnl_partialKnn_wrapper_0.cpp:528]   --->   Operation 99 'br' 'br_ln528' <Predicate = (!icmp_ln526 & j_1 != 0 & j_1 != 1 & j_1 != 2 & j_1 != 3 & j_1 != 4 & j_1 != 5 & j_1 != 6 & j_1 != 7 & j_1 != 8 & j_1 != 9)> <Delay = 0.00>
ST_1 : Operation 100 [1/1] (0.38ns)   --->   "%store_ln526 = store i4 %add_ln526, i4 %j" [/home/nehaprakriya/Documents/tapa/regression/knn/src/run_split_check/cpp/krnl_partialKnn_wrapper_0.cpp:526]   --->   Operation 100 'store' 'store_ln526' <Predicate = (!icmp_ln526)> <Delay = 0.38>
ST_1 : Operation 101 [1/1] (0.00ns)   --->   "%br_ln526 = br void %for.body299.i" [/home/nehaprakriya/Documents/tapa/regression/knn/src/run_split_check/cpp/krnl_partialKnn_wrapper_0.cpp:526]   --->   Operation 101 'br' 'br_ln526' <Predicate = (!icmp_ln526)> <Delay = 0.00>
ST_1 : Operation 102 [1/1] (0.00ns)   --->   "%global_kNearstId_load = load i32 %global_kNearstId"   --->   Operation 102 'load' 'global_kNearstId_load' <Predicate = (icmp_ln526)> <Delay = 0.00>
ST_1 : Operation 103 [1/1] (0.00ns)   --->   "%global_kNearstDist_load = load i32 %global_kNearstDist"   --->   Operation 103 'load' 'global_kNearstDist_load' <Predicate = (icmp_ln526)> <Delay = 0.00>
ST_1 : Operation 104 [1/1] (0.00ns)   --->   "%global_kNearstDist_1_load = load i32 %global_kNearstDist_1"   --->   Operation 104 'load' 'global_kNearstDist_1_load' <Predicate = (icmp_ln526)> <Delay = 0.00>
ST_1 : Operation 105 [1/1] (0.00ns)   --->   "%global_kNearstDist_2_load = load i32 %global_kNearstDist_2"   --->   Operation 105 'load' 'global_kNearstDist_2_load' <Predicate = (icmp_ln526)> <Delay = 0.00>
ST_1 : Operation 106 [1/1] (0.00ns)   --->   "%global_kNearstDist_3_load = load i32 %global_kNearstDist_3"   --->   Operation 106 'load' 'global_kNearstDist_3_load' <Predicate = (icmp_ln526)> <Delay = 0.00>
ST_1 : Operation 107 [1/1] (0.00ns)   --->   "%global_kNearstDist_4_load = load i32 %global_kNearstDist_4"   --->   Operation 107 'load' 'global_kNearstDist_4_load' <Predicate = (icmp_ln526)> <Delay = 0.00>
ST_1 : Operation 108 [1/1] (0.00ns)   --->   "%global_kNearstDist_5_load = load i32 %global_kNearstDist_5"   --->   Operation 108 'load' 'global_kNearstDist_5_load' <Predicate = (icmp_ln526)> <Delay = 0.00>
ST_1 : Operation 109 [1/1] (0.00ns)   --->   "%global_kNearstDist_6_load = load i32 %global_kNearstDist_6"   --->   Operation 109 'load' 'global_kNearstDist_6_load' <Predicate = (icmp_ln526)> <Delay = 0.00>
ST_1 : Operation 110 [1/1] (0.00ns)   --->   "%global_kNearstDist_7_load = load i32 %global_kNearstDist_7"   --->   Operation 110 'load' 'global_kNearstDist_7_load' <Predicate = (icmp_ln526)> <Delay = 0.00>
ST_1 : Operation 111 [1/1] (0.00ns)   --->   "%global_kNearstDist_8_load = load i32 %global_kNearstDist_8"   --->   Operation 111 'load' 'global_kNearstDist_8_load' <Predicate = (icmp_ln526)> <Delay = 0.00>
ST_1 : Operation 112 [1/1] (0.00ns)   --->   "%global_kNearstDist_9_load = load i32 %global_kNearstDist_9"   --->   Operation 112 'load' 'global_kNearstDist_9_load' <Predicate = (icmp_ln526)> <Delay = 0.00>
ST_1 : Operation 113 [1/1] (0.00ns)   --->   "%global_kNearstId_1_load = load i32 %global_kNearstId_1"   --->   Operation 113 'load' 'global_kNearstId_1_load' <Predicate = (icmp_ln526)> <Delay = 0.00>
ST_1 : Operation 114 [1/1] (0.00ns)   --->   "%global_kNearstId_2_load = load i32 %global_kNearstId_2"   --->   Operation 114 'load' 'global_kNearstId_2_load' <Predicate = (icmp_ln526)> <Delay = 0.00>
ST_1 : Operation 115 [1/1] (0.00ns)   --->   "%global_kNearstId_3_load = load i32 %global_kNearstId_3"   --->   Operation 115 'load' 'global_kNearstId_3_load' <Predicate = (icmp_ln526)> <Delay = 0.00>
ST_1 : Operation 116 [1/1] (0.00ns)   --->   "%global_kNearstId_4_load = load i32 %global_kNearstId_4"   --->   Operation 116 'load' 'global_kNearstId_4_load' <Predicate = (icmp_ln526)> <Delay = 0.00>
ST_1 : Operation 117 [1/1] (0.00ns)   --->   "%global_kNearstId_5_load = load i32 %global_kNearstId_5"   --->   Operation 117 'load' 'global_kNearstId_5_load' <Predicate = (icmp_ln526)> <Delay = 0.00>
ST_1 : Operation 118 [1/1] (0.00ns)   --->   "%global_kNearstId_6_load = load i32 %global_kNearstId_6"   --->   Operation 118 'load' 'global_kNearstId_6_load' <Predicate = (icmp_ln526)> <Delay = 0.00>
ST_1 : Operation 119 [1/1] (0.00ns)   --->   "%global_kNearstId_7_load = load i32 %global_kNearstId_7"   --->   Operation 119 'load' 'global_kNearstId_7_load' <Predicate = (icmp_ln526)> <Delay = 0.00>
ST_1 : Operation 120 [1/1] (0.00ns)   --->   "%global_kNearstId_8_load = load i32 %global_kNearstId_8"   --->   Operation 120 'load' 'global_kNearstId_8_load' <Predicate = (icmp_ln526)> <Delay = 0.00>
ST_1 : Operation 121 [1/1] (0.00ns)   --->   "%global_kNearstId_9_load = load i32 %global_kNearstId_9"   --->   Operation 121 'load' 'global_kNearstId_9_load' <Predicate = (icmp_ln526)> <Delay = 0.00>
ST_1 : Operation 122 [1/1] (0.00ns)   --->   "%write_ln0 = write void @_ssdm_op_Write.ap_auto.i32P0A, i32 %global_kNearstId_9_out, i32 %global_kNearstId_9_load"   --->   Operation 122 'write' 'write_ln0' <Predicate = (icmp_ln526)> <Delay = 0.00>
ST_1 : Operation 123 [1/1] (0.00ns)   --->   "%write_ln0 = write void @_ssdm_op_Write.ap_auto.i32P0A, i32 %global_kNearstId_8_out, i32 %global_kNearstId_8_load"   --->   Operation 123 'write' 'write_ln0' <Predicate = (icmp_ln526)> <Delay = 0.00>
ST_1 : Operation 124 [1/1] (0.00ns)   --->   "%write_ln0 = write void @_ssdm_op_Write.ap_auto.i32P0A, i32 %global_kNearstId_7_out, i32 %global_kNearstId_7_load"   --->   Operation 124 'write' 'write_ln0' <Predicate = (icmp_ln526)> <Delay = 0.00>
ST_1 : Operation 125 [1/1] (0.00ns)   --->   "%write_ln0 = write void @_ssdm_op_Write.ap_auto.i32P0A, i32 %global_kNearstId_6_out, i32 %global_kNearstId_6_load"   --->   Operation 125 'write' 'write_ln0' <Predicate = (icmp_ln526)> <Delay = 0.00>
ST_1 : Operation 126 [1/1] (0.00ns)   --->   "%write_ln0 = write void @_ssdm_op_Write.ap_auto.i32P0A, i32 %global_kNearstId_5_out, i32 %global_kNearstId_5_load"   --->   Operation 126 'write' 'write_ln0' <Predicate = (icmp_ln526)> <Delay = 0.00>
ST_1 : Operation 127 [1/1] (0.00ns)   --->   "%write_ln0 = write void @_ssdm_op_Write.ap_auto.i32P0A, i32 %global_kNearstId_4_out, i32 %global_kNearstId_4_load"   --->   Operation 127 'write' 'write_ln0' <Predicate = (icmp_ln526)> <Delay = 0.00>
ST_1 : Operation 128 [1/1] (0.00ns)   --->   "%write_ln0 = write void @_ssdm_op_Write.ap_auto.i32P0A, i32 %global_kNearstId_3_out, i32 %global_kNearstId_3_load"   --->   Operation 128 'write' 'write_ln0' <Predicate = (icmp_ln526)> <Delay = 0.00>
ST_1 : Operation 129 [1/1] (0.00ns)   --->   "%write_ln0 = write void @_ssdm_op_Write.ap_auto.i32P0A, i32 %global_kNearstId_2_out, i32 %global_kNearstId_2_load"   --->   Operation 129 'write' 'write_ln0' <Predicate = (icmp_ln526)> <Delay = 0.00>
ST_1 : Operation 130 [1/1] (0.00ns)   --->   "%write_ln0 = write void @_ssdm_op_Write.ap_auto.i32P0A, i32 %global_kNearstId_1_out, i32 %global_kNearstId_1_load"   --->   Operation 130 'write' 'write_ln0' <Predicate = (icmp_ln526)> <Delay = 0.00>
ST_1 : Operation 131 [1/1] (0.00ns)   --->   "%write_ln0 = write void @_ssdm_op_Write.ap_auto.floatP0A, i32 %global_kNearstDist_9_out, i32 %global_kNearstDist_9_load"   --->   Operation 131 'write' 'write_ln0' <Predicate = (icmp_ln526)> <Delay = 0.00>
ST_1 : Operation 132 [1/1] (0.00ns)   --->   "%write_ln0 = write void @_ssdm_op_Write.ap_auto.floatP0A, i32 %global_kNearstDist_8_out, i32 %global_kNearstDist_8_load"   --->   Operation 132 'write' 'write_ln0' <Predicate = (icmp_ln526)> <Delay = 0.00>
ST_1 : Operation 133 [1/1] (0.00ns)   --->   "%write_ln0 = write void @_ssdm_op_Write.ap_auto.floatP0A, i32 %global_kNearstDist_7_out, i32 %global_kNearstDist_7_load"   --->   Operation 133 'write' 'write_ln0' <Predicate = (icmp_ln526)> <Delay = 0.00>
ST_1 : Operation 134 [1/1] (0.00ns)   --->   "%write_ln0 = write void @_ssdm_op_Write.ap_auto.floatP0A, i32 %global_kNearstDist_6_out, i32 %global_kNearstDist_6_load"   --->   Operation 134 'write' 'write_ln0' <Predicate = (icmp_ln526)> <Delay = 0.00>
ST_1 : Operation 135 [1/1] (0.00ns)   --->   "%write_ln0 = write void @_ssdm_op_Write.ap_auto.floatP0A, i32 %global_kNearstDist_5_out, i32 %global_kNearstDist_5_load"   --->   Operation 135 'write' 'write_ln0' <Predicate = (icmp_ln526)> <Delay = 0.00>
ST_1 : Operation 136 [1/1] (0.00ns)   --->   "%write_ln0 = write void @_ssdm_op_Write.ap_auto.floatP0A, i32 %global_kNearstDist_4_out, i32 %global_kNearstDist_4_load"   --->   Operation 136 'write' 'write_ln0' <Predicate = (icmp_ln526)> <Delay = 0.00>
ST_1 : Operation 137 [1/1] (0.00ns)   --->   "%write_ln0 = write void @_ssdm_op_Write.ap_auto.floatP0A, i32 %global_kNearstDist_3_out, i32 %global_kNearstDist_3_load"   --->   Operation 137 'write' 'write_ln0' <Predicate = (icmp_ln526)> <Delay = 0.00>
ST_1 : Operation 138 [1/1] (0.00ns)   --->   "%write_ln0 = write void @_ssdm_op_Write.ap_auto.floatP0A, i32 %global_kNearstDist_2_out, i32 %global_kNearstDist_2_load"   --->   Operation 138 'write' 'write_ln0' <Predicate = (icmp_ln526)> <Delay = 0.00>
ST_1 : Operation 139 [1/1] (0.00ns)   --->   "%write_ln0 = write void @_ssdm_op_Write.ap_auto.floatP0A, i32 %global_kNearstDist_1_out, i32 %global_kNearstDist_1_load"   --->   Operation 139 'write' 'write_ln0' <Predicate = (icmp_ln526)> <Delay = 0.00>
ST_1 : Operation 140 [1/1] (0.00ns)   --->   "%write_ln0 = write void @_ssdm_op_Write.ap_auto.floatP0A, i32 %global_kNearstDist_out, i32 %global_kNearstDist_load"   --->   Operation 140 'write' 'write_ln0' <Predicate = (icmp_ln526)> <Delay = 0.00>
ST_1 : Operation 141 [1/1] (0.00ns)   --->   "%write_ln0 = write void @_ssdm_op_Write.ap_auto.i32P0A, i32 %global_kNearstId_out, i32 %global_kNearstId_load"   --->   Operation 141 'write' 'write_ln0' <Predicate = (icmp_ln526)> <Delay = 0.00>
ST_1 : Operation 142 [1/1] (0.00ns)   --->   "%ret_ln0 = ret"   --->   Operation 142 'ret' 'ret_ln0' <Predicate = (icmp_ln526)> <Delay = 0.00>


============================================================
+ Verbose Summary: Timing violations
============================================================
Target clock period: 3.33ns, clock uncertainty: 0.899ns.

 <State 1>: 1.09ns
The critical path consists of the following:
	'alloca' operation ('j') [43]  (0 ns)
	'load' operation ('j', /home/nehaprakriya/Documents/tapa/regression/knn/src/run_split_check/cpp/krnl_partialKnn_wrapper_0.cpp:526) on local variable 'j' [89]  (0 ns)
	'add' operation ('add_ln526', /home/nehaprakriya/Documents/tapa/regression/knn/src/run_split_check/cpp/krnl_partialKnn_wrapper_0.cpp:526) [93]  (0.708 ns)
	'store' operation ('store_ln526', /home/nehaprakriya/Documents/tapa/regression/knn/src/run_split_check/cpp/krnl_partialKnn_wrapper_0.cpp:526) of variable 'add_ln526', /home/nehaprakriya/Documents/tapa/regression/knn/src/run_split_check/cpp/krnl_partialKnn_wrapper_0.cpp:526 on local variable 'j' [163]  (0.387 ns)


============================================================
+ Verbose Summary: Binding
============================================================
N/A
* FSMD analyzer results:
  - Output states:
 - Input state : 
  - Chain level:
	State 1


============================================================
+ Verbose Summary: Datapath Resource usage 
============================================================
N/A
