

================================================================
== Vitis HLS Report for 'seq_global_merge_L3_Pipeline_VITIS_LOOP_760_3'
================================================================
* Date:           Wed May 22 14:54:25 2024

* Version:        2022.1 (Build 3526262 on Mon Apr 18 15:47:01 MDT 2022)
* Project:        project
* Solution:       krnl_globalSort_L3 (Vivado IP Flow Target)
* Product family: virtexuplus
* Target device:  xcu55c-fsvh2892-2L-e


================================================================
== Performance Estimates
================================================================
+ Timing: 
    * Summary: 
    +--------+---------+----------+------------+
    |  Clock |  Target | Estimated| Uncertainty|
    +--------+---------+----------+------------+
    |ap_clk  |  3.33 ns|  2.385 ns|     0.90 ns|
    +--------+---------+----------+------------+

+ Latency: 
    * Summary: 
    +---------+---------+-----------+-----------+-----+-----+---------+
    |  Latency (cycles) |   Latency (absolute)  |  Interval | Pipeline|
    |   min   |   max   |    min    |    max    | min | max |   Type  |
    +---------+---------+-----------+-----------+-----+-----+---------+
    |        5|        5|  16.650 ns|  16.650 ns|    5|    5|       no|
    +---------+---------+-----------+-----------+-----+-----+---------+

    + Detail: 
        * Instance: 
        N/A

        * Loop: 
        +--------------------+---------+---------+----------+-----------+-----------+------+----------+
        |                    |  Latency (cycles) | Iteration|  Initiation Interval  | Trip |          |
        |      Loop Name     |   min   |   max   |  Latency |  achieved |   target  | Count| Pipelined|
        +--------------------+---------+---------+----------+-----------+-----------+------+----------+
        |- VITIS_LOOP_760_3  |        3|        3|         3|          1|          1|     2|       yes|
        +--------------------+---------+---------+----------+-----------+-----------+------+----------+

============================================================
+ Verbose Summary: Synthesis Manager
============================================================
InlineROM: 1
ExposeGlobal: 0
============================================================
+ Verbose Summary: CDFG Model
============================================================
IsTopModel: 0
ResetActiveHigh: 1
IsCombinational: 0
IsDatapathOnly: 0
HasWiredReturn: 1
HasMFsm: 2
HasVarLatency: 1
IsPipeline: 0
IsRtlPipelined: 0
IsInstanceOverlapped: 0
IsDontTouch: 0
HasImplIP: 0
IsGatedGlobalClock: 0

+ Individual pipeline summary: 
  * Pipeline-0: initiation interval (II) = 1, depth = 3


============================================================
+ Verbose Summary: Schedule
============================================================
* Number of FSM states : 3
* Pipeline : 1
  Pipeline-0 : II = 1, D = 3, States = { 1 2 3 }
* Dataflow Pipeline: 0

* FSM state transitions: 
1 --> 2 
2 --> 3 
3 --> 

* FSM state operations: 

State 1 <SV = 0> <Delay = 1.39>
ST_1 : Operation 6 [1/1] (0.00ns)   --->   "%min_value = alloca i32 1"   --->   Operation 6 'alloca' 'min_value' <Predicate = true> <Delay = 0.00>
ST_1 : Operation 7 [1/1] (0.00ns)   --->   "%min_idx = alloca i32 1"   --->   Operation 7 'alloca' 'min_idx' <Predicate = true> <Delay = 0.00>
ST_1 : Operation 8 [1/1] (0.00ns)   --->   "%min_idx_1 = alloca i32 1"   --->   Operation 8 'alloca' 'min_idx_1' <Predicate = true> <Delay = 0.00>
ST_1 : Operation 9 [1/1] (0.00ns)   --->   "%p_read_1 = read i32 @_ssdm_op_Read.ap_auto.float, i32 %p_read19"   --->   Operation 9 'read' 'p_read_1' <Predicate = true> <Delay = 0.00>
ST_1 : Operation 10 [1/1] (0.00ns)   --->   "%p_read_2 = read i32 @_ssdm_op_Read.ap_auto.float, i32 %p_read18"   --->   Operation 10 'read' 'p_read_2' <Predicate = true> <Delay = 0.00>
ST_1 : Operation 11 [1/1] (0.00ns)   --->   "%p_read_3 = read i32 @_ssdm_op_Read.ap_auto.float, i32 %p_read17"   --->   Operation 11 'read' 'p_read_3' <Predicate = true> <Delay = 0.00>
ST_1 : Operation 12 [1/1] (0.00ns)   --->   "%p_read_4 = read i32 @_ssdm_op_Read.ap_auto.float, i32 %p_read16"   --->   Operation 12 'read' 'p_read_4' <Predicate = true> <Delay = 0.00>
ST_1 : Operation 13 [1/1] (0.00ns)   --->   "%p_read_5 = read i32 @_ssdm_op_Read.ap_auto.float, i32 %p_read15"   --->   Operation 13 'read' 'p_read_5' <Predicate = true> <Delay = 0.00>
ST_1 : Operation 14 [1/1] (0.00ns)   --->   "%p_read_6 = read i32 @_ssdm_op_Read.ap_auto.float, i32 %p_read14"   --->   Operation 14 'read' 'p_read_6' <Predicate = true> <Delay = 0.00>
ST_1 : Operation 15 [1/1] (0.00ns)   --->   "%p_read_7 = read i32 @_ssdm_op_Read.ap_auto.float, i32 %p_read13"   --->   Operation 15 'read' 'p_read_7' <Predicate = true> <Delay = 0.00>
ST_1 : Operation 16 [1/1] (0.00ns)   --->   "%p_read_8 = read i32 @_ssdm_op_Read.ap_auto.float, i32 %p_read12"   --->   Operation 16 'read' 'p_read_8' <Predicate = true> <Delay = 0.00>
ST_1 : Operation 17 [1/1] (0.00ns)   --->   "%p_read_9 = read i32 @_ssdm_op_Read.ap_auto.float, i32 %p_read11"   --->   Operation 17 'read' 'p_read_9' <Predicate = true> <Delay = 0.00>
ST_1 : Operation 18 [1/1] (0.00ns)   --->   "%p_read_10 = read i32 @_ssdm_op_Read.ap_auto.float, i32 %p_read10"   --->   Operation 18 'read' 'p_read_10' <Predicate = true> <Delay = 0.00>
ST_1 : Operation 19 [1/1] (0.00ns)   --->   "%p_read_11 = read i32 @_ssdm_op_Read.ap_auto.float, i32 %p_read9"   --->   Operation 19 'read' 'p_read_11' <Predicate = true> <Delay = 0.00>
ST_1 : Operation 20 [1/1] (0.00ns)   --->   "%p_read_12 = read i32 @_ssdm_op_Read.ap_auto.float, i32 %p_read8"   --->   Operation 20 'read' 'p_read_12' <Predicate = true> <Delay = 0.00>
ST_1 : Operation 21 [1/1] (0.00ns)   --->   "%p_read_13 = read i32 @_ssdm_op_Read.ap_auto.float, i32 %p_read7"   --->   Operation 21 'read' 'p_read_13' <Predicate = true> <Delay = 0.00>
ST_1 : Operation 22 [1/1] (0.00ns)   --->   "%p_read_14 = read i32 @_ssdm_op_Read.ap_auto.float, i32 %p_read6"   --->   Operation 22 'read' 'p_read_14' <Predicate = true> <Delay = 0.00>
ST_1 : Operation 23 [1/1] (0.00ns)   --->   "%p_read_15 = read i32 @_ssdm_op_Read.ap_auto.float, i32 %p_read5"   --->   Operation 23 'read' 'p_read_15' <Predicate = true> <Delay = 0.00>
ST_1 : Operation 24 [1/1] (0.00ns)   --->   "%p_read_16 = read i32 @_ssdm_op_Read.ap_auto.float, i32 %p_read4"   --->   Operation 24 'read' 'p_read_16' <Predicate = true> <Delay = 0.00>
ST_1 : Operation 25 [1/1] (0.00ns)   --->   "%p_read_17 = read i32 @_ssdm_op_Read.ap_auto.float, i32 %p_read3"   --->   Operation 25 'read' 'p_read_17' <Predicate = true> <Delay = 0.00>
ST_1 : Operation 26 [1/1] (0.00ns)   --->   "%p_read_18 = read i32 @_ssdm_op_Read.ap_auto.float, i32 %p_read2"   --->   Operation 26 'read' 'p_read_18' <Predicate = true> <Delay = 0.00>
ST_1 : Operation 27 [1/1] (0.00ns)   --->   "%p_read_19 = read i32 @_ssdm_op_Read.ap_auto.float, i32 %p_read1"   --->   Operation 27 'read' 'p_read_19' <Predicate = true> <Delay = 0.00>
ST_1 : Operation 28 [1/1] (0.00ns)   --->   "%p_read_20 = read i32 @_ssdm_op_Read.ap_auto.float, i32 %p_read"   --->   Operation 28 'read' 'p_read_20' <Predicate = true> <Delay = 0.00>
ST_1 : Operation 29 [1/1] (0.00ns)   --->   "%idx_1_read = read i32 @_ssdm_op_Read.ap_auto.i32, i32 %idx_1"   --->   Operation 29 'read' 'idx_1_read' <Predicate = true> <Delay = 0.00>
ST_1 : Operation 30 [1/1] (0.00ns)   --->   "%idx_read = read i32 @_ssdm_op_Read.ap_auto.i32, i32 %idx"   --->   Operation 30 'read' 'idx_read' <Predicate = true> <Delay = 0.00>
ST_1 : Operation 31 [1/1] (0.38ns)   --->   "%store_ln0 = store i2 0, i2 %min_idx_1"   --->   Operation 31 'store' 'store_ln0' <Predicate = true> <Delay = 0.38>
ST_1 : Operation 32 [1/1] (0.38ns)   --->   "%store_ln0 = store i32 4294967295, i32 %min_idx"   --->   Operation 32 'store' 'store_ln0' <Predicate = true> <Delay = 0.38>
ST_1 : Operation 33 [1/1] (0.38ns)   --->   "%store_ln0 = store i32 3.40282e+38, i32 %min_value"   --->   Operation 33 'store' 'store_ln0' <Predicate = true> <Delay = 0.38>
ST_1 : Operation 34 [1/1] (0.00ns)   --->   "%br_ln0 = br void %for.body9"   --->   Operation 34 'br' 'br_ln0' <Predicate = true> <Delay = 0.00>
ST_1 : Operation 35 [1/1] (0.00ns)   --->   "%j = load i2 %min_idx_1" [/home/nehaprakriya/Documents/tapa/regression/knn/src/run_split_check/cpp/krnl_globalSort_L3.cpp:763]   --->   Operation 35 'load' 'j' <Predicate = true> <Delay = 0.00>
ST_1 : Operation 36 [1/1] (0.34ns)   --->   "%icmp_ln760 = icmp_eq  i2 %j, i2 2" [/home/nehaprakriya/Documents/tapa/regression/knn/src/run_split_check/cpp/krnl_globalSort_L3.cpp:760]   --->   Operation 36 'icmp' 'icmp_ln760' <Predicate = true> <Delay = 0.34> <CoreInst = "Cmp">   --->   Core 9 'Cmp' <Latency = 0> <II = 1> <Delay = 0.34> <FuncUnit> <Opcode : 'icmp'> <InPorts = 2> <OutPorts = 1>
ST_1 : Operation 37 [1/1] (0.00ns)   --->   "%empty = speclooptripcount i32 @_ssdm_op_SpecLoopTripCount, i64 2, i64 2, i64 2"   --->   Operation 37 'speclooptripcount' 'empty' <Predicate = true> <Delay = 0.00>
ST_1 : Operation 38 [1/1] (0.43ns)   --->   "%add_ln760 = add i2 %j, i2 1" [/home/nehaprakriya/Documents/tapa/regression/knn/src/run_split_check/cpp/krnl_globalSort_L3.cpp:760]   --->   Operation 38 'add' 'add_ln760' <Predicate = true> <Delay = 0.43> <CoreInst = "Adder">   --->   Core 1 'Adder' <Latency = 0> <II = 1> <Delay = 0.43> <FuncUnit> <Opcode : 'add' 'sub'> <InPorts = 2> <OutPorts = 1>
ST_1 : Operation 39 [1/1] (0.00ns)   --->   "%br_ln760 = br i1 %icmp_ln760, void %for.body9.split, void %for.inc40.exitStub" [/home/nehaprakriya/Documents/tapa/regression/knn/src/run_split_check/cpp/krnl_globalSort_L3.cpp:760]   --->   Operation 39 'br' 'br_ln760' <Predicate = true> <Delay = 0.00>
ST_1 : Operation 40 [1/1] (0.38ns)   --->   "%tmp_4 = mux i32 @_ssdm_op_Mux.ap_auto.2i32.i2, i32 %idx_read, i32 %idx_1_read, i2 %j" [/home/nehaprakriya/Documents/tapa/regression/knn/src/run_split_check/cpp/krnl_globalSort_L3.cpp:763]   --->   Operation 40 'mux' 'tmp_4' <Predicate = (!icmp_ln760)> <Delay = 0.38> <CoreInst = "Multiplexer">   --->   Core 76 'Multiplexer' <Latency = 0> <II = 1> <Delay = 0.38> <FuncUnit> <Opcode : 'mux'> <InPorts = 2> <OutPorts = 1>
ST_1 : Operation 41 [1/1] (0.61ns)   --->   "%tmp_5 = mux i32 @_ssdm_op_Mux.ap_auto.10f32.i32, i32 %p_read_20, i32 %p_read_19, i32 %p_read_18, i32 %p_read_17, i32 %p_read_16, i32 %p_read_15, i32 %p_read_14, i32 %p_read_13, i32 %p_read_12, i32 %p_read_11, i32 %tmp_4" [/home/nehaprakriya/Documents/tapa/regression/knn/src/run_split_check/cpp/krnl_globalSort_L3.cpp:763]   --->   Operation 41 'mux' 'tmp_5' <Predicate = (!icmp_ln760)> <Delay = 0.61> <CoreInst = "Multiplexer">   --->   Core 76 'Multiplexer' <Latency = 0> <II = 1> <Delay = 0.61> <FuncUnit> <Opcode : 'mux'> <InPorts = 2> <OutPorts = 1>
ST_1 : Operation 42 [1/1] (0.61ns)   --->   "%tmp_6 = mux i32 @_ssdm_op_Mux.ap_auto.10f32.i32, i32 %p_read_10, i32 %p_read_9, i32 %p_read_8, i32 %p_read_7, i32 %p_read_6, i32 %p_read_5, i32 %p_read_4, i32 %p_read_3, i32 %p_read_2, i32 %p_read_1, i32 %tmp_4" [/home/nehaprakriya/Documents/tapa/regression/knn/src/run_split_check/cpp/krnl_globalSort_L3.cpp:763]   --->   Operation 42 'mux' 'tmp_6' <Predicate = (!icmp_ln760)> <Delay = 0.61> <CoreInst = "Multiplexer">   --->   Core 76 'Multiplexer' <Latency = 0> <II = 1> <Delay = 0.61> <FuncUnit> <Opcode : 'mux'> <InPorts = 2> <OutPorts = 1>
ST_1 : Operation 43 [1/1] (0.38ns)   --->   "%min_value_1 = mux i32 @_ssdm_op_Mux.ap_auto.2float.i2, i32 %tmp_5, i32 %tmp_6, i2 %j" [/home/nehaprakriya/Documents/tapa/regression/knn/src/run_split_check/cpp/krnl_globalSort_L3.cpp:763]   --->   Operation 43 'mux' 'min_value_1' <Predicate = (!icmp_ln760)> <Delay = 0.38> <CoreInst = "Multiplexer">   --->   Core 76 'Multiplexer' <Latency = 0> <II = 1> <Delay = 0.38> <FuncUnit> <Opcode : 'mux'> <InPorts = 2> <OutPorts = 1>
ST_1 : Operation 44 [1/1] (0.00ns)   --->   "%trunc_ln763_2 = trunc i2 %j" [/home/nehaprakriya/Documents/tapa/regression/knn/src/run_split_check/cpp/krnl_globalSort_L3.cpp:763]   --->   Operation 44 'trunc' 'trunc_ln763_2' <Predicate = (!icmp_ln760)> <Delay = 0.00>
ST_1 : Operation 45 [1/1] (0.38ns)   --->   "%store_ln760 = store i2 %add_ln760, i2 %min_idx_1" [/home/nehaprakriya/Documents/tapa/regression/knn/src/run_split_check/cpp/krnl_globalSort_L3.cpp:760]   --->   Operation 45 'store' 'store_ln760' <Predicate = (!icmp_ln760)> <Delay = 0.38>

State 2 <SV = 1> <Delay = 1.64>
ST_2 : Operation 46 [1/1] (0.00ns)   --->   "%min_value_load_1 = load i32 %min_value" [/home/nehaprakriya/Documents/tapa/regression/knn/src/run_split_check/cpp/krnl_globalSort_L3.cpp:763]   --->   Operation 46 'load' 'min_value_load_1' <Predicate = true> <Delay = 0.00>
ST_2 : Operation 47 [1/1] (0.00ns)   --->   "%bitcast_ln763 = bitcast i32 %min_value_1" [/home/nehaprakriya/Documents/tapa/regression/knn/src/run_split_check/cpp/krnl_globalSort_L3.cpp:763]   --->   Operation 47 'bitcast' 'bitcast_ln763' <Predicate = true> <Delay = 0.00>
ST_2 : Operation 48 [1/1] (0.00ns)   --->   "%tmp_3 = partselect i8 @_ssdm_op_PartSelect.i8.i32.i32.i32, i32 %bitcast_ln763, i32 23, i32 30" [/home/nehaprakriya/Documents/tapa/regression/knn/src/run_split_check/cpp/krnl_globalSort_L3.cpp:763]   --->   Operation 48 'partselect' 'tmp_3' <Predicate = true> <Delay = 0.00>
ST_2 : Operation 49 [1/1] (0.00ns)   --->   "%trunc_ln763 = trunc i32 %bitcast_ln763" [/home/nehaprakriya/Documents/tapa/regression/knn/src/run_split_check/cpp/krnl_globalSort_L3.cpp:763]   --->   Operation 49 'trunc' 'trunc_ln763' <Predicate = true> <Delay = 0.00>
ST_2 : Operation 50 [1/1] (0.00ns)   --->   "%bitcast_ln763_1 = bitcast i32 %min_value_load_1" [/home/nehaprakriya/Documents/tapa/regression/knn/src/run_split_check/cpp/krnl_globalSort_L3.cpp:763]   --->   Operation 50 'bitcast' 'bitcast_ln763_1' <Predicate = true> <Delay = 0.00>
ST_2 : Operation 51 [1/1] (0.00ns)   --->   "%tmp_7 = partselect i8 @_ssdm_op_PartSelect.i8.i32.i32.i32, i32 %bitcast_ln763_1, i32 23, i32 30" [/home/nehaprakriya/Documents/tapa/regression/knn/src/run_split_check/cpp/krnl_globalSort_L3.cpp:763]   --->   Operation 51 'partselect' 'tmp_7' <Predicate = true> <Delay = 0.00>
ST_2 : Operation 52 [1/1] (0.00ns)   --->   "%trunc_ln763_1 = trunc i32 %bitcast_ln763_1" [/home/nehaprakriya/Documents/tapa/regression/knn/src/run_split_check/cpp/krnl_globalSort_L3.cpp:763]   --->   Operation 52 'trunc' 'trunc_ln763_1' <Predicate = true> <Delay = 0.00>
ST_2 : Operation 53 [1/1] (0.58ns)   --->   "%icmp_ln763 = icmp_ne  i8 %tmp_3, i8 255" [/home/nehaprakriya/Documents/tapa/regression/knn/src/run_split_check/cpp/krnl_globalSort_L3.cpp:763]   --->   Operation 53 'icmp' 'icmp_ln763' <Predicate = true> <Delay = 0.58> <CoreInst = "Cmp">   --->   Core 9 'Cmp' <Latency = 0> <II = 1> <Delay = 0.58> <FuncUnit> <Opcode : 'icmp'> <InPorts = 2> <OutPorts = 1>
ST_2 : Operation 54 [1/1] (0.75ns)   --->   "%icmp_ln763_1 = icmp_eq  i23 %trunc_ln763, i23 0" [/home/nehaprakriya/Documents/tapa/regression/knn/src/run_split_check/cpp/krnl_globalSort_L3.cpp:763]   --->   Operation 54 'icmp' 'icmp_ln763_1' <Predicate = true> <Delay = 0.75> <CoreInst = "Cmp">   --->   Core 9 'Cmp' <Latency = 0> <II = 1> <Delay = 0.75> <FuncUnit> <Opcode : 'icmp'> <InPorts = 2> <OutPorts = 1>
ST_2 : Operation 55 [1/1] (0.58ns)   --->   "%icmp_ln763_2 = icmp_ne  i8 %tmp_7, i8 255" [/home/nehaprakriya/Documents/tapa/regression/knn/src/run_split_check/cpp/krnl_globalSort_L3.cpp:763]   --->   Operation 55 'icmp' 'icmp_ln763_2' <Predicate = true> <Delay = 0.58> <CoreInst = "Cmp">   --->   Core 9 'Cmp' <Latency = 0> <II = 1> <Delay = 0.58> <FuncUnit> <Opcode : 'icmp'> <InPorts = 2> <OutPorts = 1>
ST_2 : Operation 56 [1/1] (0.75ns)   --->   "%icmp_ln763_3 = icmp_eq  i23 %trunc_ln763_1, i23 0" [/home/nehaprakriya/Documents/tapa/regression/knn/src/run_split_check/cpp/krnl_globalSort_L3.cpp:763]   --->   Operation 56 'icmp' 'icmp_ln763_3' <Predicate = true> <Delay = 0.75> <CoreInst = "Cmp">   --->   Core 9 'Cmp' <Latency = 0> <II = 1> <Delay = 0.75> <FuncUnit> <Opcode : 'icmp'> <InPorts = 2> <OutPorts = 1>
ST_2 : Operation 57 [2/2] (1.64ns)   --->   "%tmp_8 = fcmp_olt  i32 %min_value_1, i32 %min_value_load_1" [/home/nehaprakriya/Documents/tapa/regression/knn/src/run_split_check/cpp/krnl_globalSort_L3.cpp:763]   --->   Operation 57 'fcmp' 'tmp_8' <Predicate = true> <Delay = 1.64> <CoreInst = "FCompare">   --->   Core 19 'FCompare' <Latency = 1> <II = 1> <Delay = 1.64> <FuncUnit> <Opcode : 'fcmp'> <InPorts = 2> <OutPorts = 1>
ST_2 : Operation 72 [1/1] (0.00ns)   --->   "%min_value_load = load i32 %min_value"   --->   Operation 72 'load' 'min_value_load' <Predicate = (icmp_ln760)> <Delay = 0.00>
ST_2 : Operation 73 [1/1] (0.00ns)   --->   "%min_idx_load = load i32 %min_idx"   --->   Operation 73 'load' 'min_idx_load' <Predicate = (icmp_ln760)> <Delay = 0.00>
ST_2 : Operation 74 [1/1] (0.00ns)   --->   "%write_ln0 = write void @_ssdm_op_Write.ap_auto.i32P0A, i32 %min_idx_out, i32 %min_idx_load"   --->   Operation 74 'write' 'write_ln0' <Predicate = (icmp_ln760)> <Delay = 0.00>
ST_2 : Operation 75 [1/1] (0.00ns)   --->   "%write_ln0 = write void @_ssdm_op_Write.ap_auto.floatP0A, i32 %min_value_out, i32 %min_value_load"   --->   Operation 75 'write' 'write_ln0' <Predicate = (icmp_ln760)> <Delay = 0.00>
ST_2 : Operation 76 [1/1] (0.00ns)   --->   "%ret_ln0 = ret"   --->   Operation 76 'ret' 'ret_ln0' <Predicate = (icmp_ln760)> <Delay = 0.00>

State 3 <SV = 2> <Delay = 2.38>
ST_3 : Operation 58 [1/1] (0.00ns)   --->   "%min_idx_load_1 = load i32 %min_idx" [/home/nehaprakriya/Documents/tapa/regression/knn/src/run_split_check/cpp/krnl_globalSort_L3.cpp:763]   --->   Operation 58 'load' 'min_idx_load_1' <Predicate = true> <Delay = 0.00>
ST_3 : Operation 59 [1/1] (0.00ns)   --->   "%specpipeline_ln762 = specpipeline void @_ssdm_op_SpecPipeline, i32 1, i32 0, i32 0, i32 0, void @empty" [/home/nehaprakriya/Documents/tapa/regression/knn/src/run_split_check/cpp/krnl_globalSort_L3.cpp:762]   --->   Operation 59 'specpipeline' 'specpipeline_ln762' <Predicate = true> <Delay = 0.00>
ST_3 : Operation 60 [1/1] (0.00ns)   --->   "%specloopname_ln758 = specloopname void @_ssdm_op_SpecLoopName, void @empty_5" [/home/nehaprakriya/Documents/tapa/regression/knn/src/run_split_check/cpp/krnl_globalSort_L3.cpp:758]   --->   Operation 60 'specloopname' 'specloopname_ln758' <Predicate = true> <Delay = 0.00>
ST_3 : Operation 61 [1/1] (0.00ns) (grouped into LUT with out node and_ln763_1)   --->   "%or_ln763 = or i1 %icmp_ln763_1, i1 %icmp_ln763" [/home/nehaprakriya/Documents/tapa/regression/knn/src/run_split_check/cpp/krnl_globalSort_L3.cpp:763]   --->   Operation 61 'or' 'or_ln763' <Predicate = true> <Delay = 0.00> <CoreInst = "LogicGate">   --->   Core 74 'LogicGate' <Latency = 0> <II = 1> <Delay = 0.12> <FuncUnit> <Opcode : 'and' 'or' 'xor'> <InPorts = 2> <OutPorts = 1>
ST_3 : Operation 62 [1/1] (0.00ns) (grouped into LUT with out node and_ln763_1)   --->   "%or_ln763_1 = or i1 %icmp_ln763_3, i1 %icmp_ln763_2" [/home/nehaprakriya/Documents/tapa/regression/knn/src/run_split_check/cpp/krnl_globalSort_L3.cpp:763]   --->   Operation 62 'or' 'or_ln763_1' <Predicate = true> <Delay = 0.00> <CoreInst = "LogicGate">   --->   Core 74 'LogicGate' <Latency = 0> <II = 1> <Delay = 0.12> <FuncUnit> <Opcode : 'and' 'or' 'xor'> <InPorts = 2> <OutPorts = 1>
ST_3 : Operation 63 [1/2] (1.64ns)   --->   "%tmp_8 = fcmp_olt  i32 %min_value_1, i32 %min_value_load_1" [/home/nehaprakriya/Documents/tapa/regression/knn/src/run_split_check/cpp/krnl_globalSort_L3.cpp:763]   --->   Operation 63 'fcmp' 'tmp_8' <Predicate = true> <Delay = 1.64> <CoreInst = "FCompare">   --->   Core 19 'FCompare' <Latency = 1> <II = 1> <Delay = 1.64> <FuncUnit> <Opcode : 'fcmp'> <InPorts = 2> <OutPorts = 1>
ST_3 : Operation 64 [1/1] (0.00ns) (grouped into LUT with out node and_ln763_1)   --->   "%and_ln763 = and i1 %tmp_8, i1 %or_ln763" [/home/nehaprakriya/Documents/tapa/regression/knn/src/run_split_check/cpp/krnl_globalSort_L3.cpp:763]   --->   Operation 64 'and' 'and_ln763' <Predicate = true> <Delay = 0.00> <CoreInst = "LogicGate">   --->   Core 74 'LogicGate' <Latency = 0> <II = 1> <Delay = 0.12> <FuncUnit> <Opcode : 'and' 'or' 'xor'> <InPorts = 2> <OutPorts = 1>
ST_3 : Operation 65 [1/1] (0.12ns) (out node of the LUT)   --->   "%and_ln763_1 = and i1 %and_ln763, i1 %or_ln763_1" [/home/nehaprakriya/Documents/tapa/regression/knn/src/run_split_check/cpp/krnl_globalSort_L3.cpp:763]   --->   Operation 65 'and' 'and_ln763_1' <Predicate = true> <Delay = 0.12> <CoreInst = "LogicGate">   --->   Core 74 'LogicGate' <Latency = 0> <II = 1> <Delay = 0.12> <FuncUnit> <Opcode : 'and' 'or' 'xor'> <InPorts = 2> <OutPorts = 1>
ST_3 : Operation 66 [1/1] (0.22ns)   --->   "%min_value_2 = select i1 %and_ln763_1, i32 %min_value_1, i32 %min_value_load_1" [/home/nehaprakriya/Documents/tapa/regression/knn/src/run_split_check/cpp/krnl_globalSort_L3.cpp:763]   --->   Operation 66 'select' 'min_value_2' <Predicate = true> <Delay = 0.22> <CoreInst = "Sel">   --->   Core 73 'Sel' <Latency = 0> <II = 1> <Delay = 0.22> <FuncUnit> <Opcode : 'select'> <InPorts = 3> <OutPorts = 1>
ST_3 : Operation 67 [1/1] (0.00ns)   --->   "%zext_ln763 = zext i1 %trunc_ln763_2" [/home/nehaprakriya/Documents/tapa/regression/knn/src/run_split_check/cpp/krnl_globalSort_L3.cpp:763]   --->   Operation 67 'zext' 'zext_ln763' <Predicate = true> <Delay = 0.00>
ST_3 : Operation 68 [1/1] (0.22ns)   --->   "%min_idx_4 = select i1 %and_ln763_1, i32 %zext_ln763, i32 %min_idx_load_1" [/home/nehaprakriya/Documents/tapa/regression/knn/src/run_split_check/cpp/krnl_globalSort_L3.cpp:763]   --->   Operation 68 'select' 'min_idx_4' <Predicate = true> <Delay = 0.22> <CoreInst = "Sel">   --->   Core 73 'Sel' <Latency = 0> <II = 1> <Delay = 0.22> <FuncUnit> <Opcode : 'select'> <InPorts = 3> <OutPorts = 1>
ST_3 : Operation 69 [1/1] (0.38ns)   --->   "%store_ln760 = store i32 %min_idx_4, i32 %min_idx" [/home/nehaprakriya/Documents/tapa/regression/knn/src/run_split_check/cpp/krnl_globalSort_L3.cpp:760]   --->   Operation 69 'store' 'store_ln760' <Predicate = true> <Delay = 0.38>
ST_3 : Operation 70 [1/1] (0.38ns)   --->   "%store_ln760 = store i32 %min_value_2, i32 %min_value" [/home/nehaprakriya/Documents/tapa/regression/knn/src/run_split_check/cpp/krnl_globalSort_L3.cpp:760]   --->   Operation 70 'store' 'store_ln760' <Predicate = true> <Delay = 0.38>
ST_3 : Operation 71 [1/1] (0.00ns)   --->   "%br_ln760 = br void %for.body9" [/home/nehaprakriya/Documents/tapa/regression/knn/src/run_split_check/cpp/krnl_globalSort_L3.cpp:760]   --->   Operation 71 'br' 'br_ln760' <Predicate = true> <Delay = 0.00>


============================================================
+ Verbose Summary: Timing violations
============================================================
Target clock period: 3.33ns, clock uncertainty: 0.899ns.

 <State 1>: 1.39ns
The critical path consists of the following:
	'alloca' operation ('min_idx') [27]  (0 ns)
	'load' operation ('j', /home/nehaprakriya/Documents/tapa/regression/knn/src/run_split_check/cpp/krnl_globalSort_L3.cpp:763) on local variable 'min_idx' [55]  (0 ns)
	'mux' operation ('tmp_4', /home/nehaprakriya/Documents/tapa/regression/knn/src/run_split_check/cpp/krnl_globalSort_L3.cpp:763) [65]  (0.387 ns)
	'mux' operation ('tmp_6', /home/nehaprakriya/Documents/tapa/regression/knn/src/run_split_check/cpp/krnl_globalSort_L3.cpp:763) [67]  (0.617 ns)
	'mux' operation ('min_value', /home/nehaprakriya/Documents/tapa/regression/knn/src/run_split_check/cpp/krnl_globalSort_L3.cpp:763) [68]  (0.387 ns)

 <State 2>: 1.65ns
The critical path consists of the following:
	'load' operation ('min_value_load_1', /home/nehaprakriya/Documents/tapa/regression/knn/src/run_split_check/cpp/krnl_globalSort_L3.cpp:763) on local variable 'min_value' [61]  (0 ns)
	'fcmp' operation ('tmp_8', /home/nehaprakriya/Documents/tapa/regression/knn/src/run_split_check/cpp/krnl_globalSort_L3.cpp:763) [81]  (1.65 ns)

 <State 3>: 2.38ns
The critical path consists of the following:
	'fcmp' operation ('tmp_8', /home/nehaprakriya/Documents/tapa/regression/knn/src/run_split_check/cpp/krnl_globalSort_L3.cpp:763) [81]  (1.65 ns)
	'and' operation ('and_ln763', /home/nehaprakriya/Documents/tapa/regression/knn/src/run_split_check/cpp/krnl_globalSort_L3.cpp:763) [82]  (0 ns)
	'and' operation ('and_ln763_1', /home/nehaprakriya/Documents/tapa/regression/knn/src/run_split_check/cpp/krnl_globalSort_L3.cpp:763) [83]  (0.122 ns)
	'select' operation ('min_idx', /home/nehaprakriya/Documents/tapa/regression/knn/src/run_split_check/cpp/krnl_globalSort_L3.cpp:763) [87]  (0.227 ns)
	'store' operation ('store_ln760', /home/nehaprakriya/Documents/tapa/regression/knn/src/run_split_check/cpp/krnl_globalSort_L3.cpp:760) of variable 'min_idx', /home/nehaprakriya/Documents/tapa/regression/knn/src/run_split_check/cpp/krnl_globalSort_L3.cpp:763 on local variable 'min_idx' [89]  (0.387 ns)


============================================================
+ Verbose Summary: Binding
============================================================
N/A
* FSMD analyzer results:
  - Output states:
 - Input state : 
  - Chain level:
	State 1
	State 2
	State 3


============================================================
+ Verbose Summary: Datapath Resource usage 
============================================================
N/A
