

================================================================
== Vitis HLS Report for 'seq_global_merge_L3_Pipeline_VITIS_LOOP_760_3'
================================================================
* Date:           Wed May 22 14:54:27 2024

* Version:        2022.1 (Build 3526262 on Mon Apr 18 15:47:01 MDT 2022)
* Project:        project
* Solution:       krnl_globalSort_L3 (Vivado IP Flow Target)
* Product family: virtexuplus
* Target device:  xcu55c-fsvh2892-2L-e


================================================================
== Performance Estimates
================================================================
+ Timing: 
    * Summary: 
    +--------+---------+----------+------------+
    |  Clock |  Target | Estimated| Uncertainty|
    +--------+---------+----------+------------+
    |ap_clk  |  3.33 ns|  2.385 ns|     0.90 ns|
    +--------+---------+----------+------------+

+ Latency: 
    * Summary: 
    +---------+---------+-----------+-----------+-----+-----+---------+
    |  Latency (cycles) |   Latency (absolute)  |  Interval | Pipeline|
    |   min   |   max   |    min    |    max    | min | max |   Type  |
    +---------+---------+-----------+-----------+-----+-----+---------+
    |        5|        5|  16.650 ns|  16.650 ns|    5|    5|       no|
    +---------+---------+-----------+-----------+-----+-----+---------+

    + Detail: 
        * Instance: 
        N/A

        * Loop: 
        +--------------------+---------+---------+----------+-----------+-----------+------+----------+
        |                    |  Latency (cycles) | Iteration|  Initiation Interval  | Trip |          |
        |      Loop Name     |   min   |   max   |  Latency |  achieved |   target  | Count| Pipelined|
        +--------------------+---------+---------+----------+-----------+-----------+------+----------+
        |- VITIS_LOOP_760_3  |        3|        3|         3|          1|          1|     2|       yes|
        +--------------------+---------+---------+----------+-----------+-----------+------+----------+



================================================================
== Utilization Estimates
================================================================
* Summary: 
+---------------------+---------+------+---------+---------+-----+
|         Name        | BRAM_18K|  DSP |    FF   |   LUT   | URAM|
+---------------------+---------+------+---------+---------+-----+
|DSP                  |        -|     -|        -|        -|    -|
|Expression           |        -|     -|        0|      145|    -|
|FIFO                 |        -|     -|        -|        -|    -|
|Instance             |        -|     -|        0|      126|    -|
|Memory               |        -|     -|        -|        -|    -|
|Multiplexer          |        -|     -|        -|       63|    -|
|Register             |        -|     -|      174|        -|    -|
+---------------------+---------+------+---------+---------+-----+
|Total                |        0|     0|      174|      334|    0|
+---------------------+---------+------+---------+---------+-----+
|Available SLR        |     1344|  3008|   869120|   434560|  320|
+---------------------+---------+------+---------+---------+-----+
|Utilization SLR (%)  |        0|     0|       ~0|       ~0|    0|
+---------------------+---------+------+---------+---------+-----+
|Available            |     4032|  9024|  2607360|  1303680|  960|
+---------------------+---------+------+---------+---------+-----+
|Utilization (%)      |        0|     0|       ~0|       ~0|    0|
+---------------------+---------+------+---------+---------+-----+

+ Detail: 
    * Instance: 
    +---------------------------------+-----------------------------+---------+----+---+----+-----+
    |             Instance            |            Module           | BRAM_18K| DSP| FF| LUT| URAM|
    +---------------------------------+-----------------------------+---------+----+---+----+-----+
    |fcmp_32ns_32ns_1_2_no_dsp_1_U45  |fcmp_32ns_32ns_1_2_no_dsp_1  |        0|   0|  0|   0|    0|
    |mux_1032_32_1_1_U47              |mux_1032_32_1_1              |        0|   0|  0|  54|    0|
    |mux_1032_32_1_1_U48              |mux_1032_32_1_1              |        0|   0|  0|  54|    0|
    |mux_22_32_1_1_U46                |mux_22_32_1_1                |        0|   0|  0|   9|    0|
    |mux_22_32_1_1_U49                |mux_22_32_1_1                |        0|   0|  0|   9|    0|
    +---------------------------------+-----------------------------+---------+----+---+----+-----+
    |Total                            |                             |        0|   0|  0| 126|    0|
    +---------------------------------+-----------------------------+---------+----+---+----+-----+

    * DSP: 
    N/A

    * Memory: 
    N/A

    * FIFO: 
    N/A

    * Expression: 
    +------------------------+----------+----+---+----+------------+------------+
    |      Variable Name     | Operation| DSP| FF| LUT| Bitwidth P0| Bitwidth P1|
    +------------------------+----------+----+---+----+------------+------------+
    |add_ln760_fu_284_p2     |         +|   0|  0|   9|           2|           1|
    |and_ln763_1_fu_451_p2   |       and|   0|  0|   2|           1|           1|
    |and_ln763_fu_445_p2     |       and|   0|  0|   2|           1|           1|
    |icmp_ln760_fu_278_p2    |      icmp|   0|  0|   8|           2|           3|
    |icmp_ln763_1_fu_416_p2  |      icmp|   0|  0|  16|          23|           1|
    |icmp_ln763_2_fu_422_p2  |      icmp|   0|  0|  11|           8|           2|
    |icmp_ln763_3_fu_428_p2  |      icmp|   0|  0|  16|          23|           1|
    |icmp_ln763_fu_410_p2    |      icmp|   0|  0|  11|           8|           2|
    |or_ln763_1_fu_441_p2    |        or|   0|  0|   2|           1|           1|
    |or_ln763_fu_437_p2      |        or|   0|  0|   2|           1|           1|
    |min_idx_4_fu_466_p3     |    select|   0|  0|  32|           1|          32|
    |min_value_2_fu_457_p3   |    select|   0|  0|  32|           1|          32|
    |ap_enable_pp0           |       xor|   0|  0|   2|           1|           2|
    +------------------------+----------+----+---+----+------------+------------+
    |Total                   |          |   0|  0| 145|          73|          80|
    +------------------------+----------+----+---+----+------------+------------+

    * Multiplexer: 
    +-----------------------------------+----+-----------+-----+-----------+
    |                Name               | LUT| Input Size| Bits| Total Bits|
    +-----------------------------------+----+-----------+-----+-----------+
    |ap_done_int                        |   9|          2|    1|          2|
    |ap_enable_reg_pp0_iter1            |   9|          2|    1|          2|
    |ap_sig_allocacmp_j                 |   9|          2|    2|          4|
    |ap_sig_allocacmp_min_value_load_1  |   9|          2|   32|         64|
    |min_idx_1_fu_106                   |   9|          2|    2|          4|
    |min_idx_fu_102                     |   9|          2|   32|         64|
    |min_value_fu_98                    |   9|          2|   32|         64|
    +-----------------------------------+----+-----------+-----+-----------+
    |Total                              |  63|         14|  102|        204|
    +-----------------------------------+----+-----------+-----+-----------+

    * Register: 
    +-------------------------------------+----+----+-----+-----------+
    |                 Name                | FF | LUT| Bits| Const Bits|
    +-------------------------------------+----+----+-----+-----------+
    |ap_CS_fsm                            |   1|   0|    1|          0|
    |ap_done_reg                          |   1|   0|    1|          0|
    |ap_enable_reg_pp0_iter1              |   1|   0|    1|          0|
    |ap_enable_reg_pp0_iter2              |   1|   0|    1|          0|
    |ap_loop_exit_ready_pp0_iter1_reg     |   1|   0|    1|          0|
    |icmp_ln760_reg_515                   |   1|   0|    1|          0|
    |icmp_ln763_1_reg_542                 |   1|   0|    1|          0|
    |icmp_ln763_2_reg_547                 |   1|   0|    1|          0|
    |icmp_ln763_3_reg_552                 |   1|   0|    1|          0|
    |icmp_ln763_reg_537                   |   1|   0|    1|          0|
    |min_idx_1_fu_106                     |   2|   0|    2|          0|
    |min_idx_fu_102                       |  32|   0|   32|          0|
    |min_value_1_reg_519                  |  32|   0|   32|          0|
    |min_value_1_reg_519_pp0_iter1_reg    |  32|   0|   32|          0|
    |min_value_fu_98                      |  32|   0|   32|          0|
    |min_value_load_1_reg_531             |  32|   0|   32|          0|
    |trunc_ln763_2_reg_526                |   1|   0|    1|          0|
    |trunc_ln763_2_reg_526_pp0_iter1_reg  |   1|   0|    1|          0|
    +-------------------------------------+----+----+-----+-----------+
    |Total                                | 174|   0|  174|          0|
    +-------------------------------------+----+----+-----+-----------+



================================================================
== Interface
================================================================
* Summary: 
+----------------------+-----+-----+------------+-----------------------------------------------+--------------+
|       RTL Ports      | Dir | Bits|  Protocol  |                 Source Object                 |    C Type    |
+----------------------+-----+-----+------------+-----------------------------------------------+--------------+
|ap_clk                |   in|    1|  ap_ctrl_hs|  seq_global_merge_L3_Pipeline_VITIS_LOOP_760_3|  return value|
|ap_rst                |   in|    1|  ap_ctrl_hs|  seq_global_merge_L3_Pipeline_VITIS_LOOP_760_3|  return value|
|ap_start              |   in|    1|  ap_ctrl_hs|  seq_global_merge_L3_Pipeline_VITIS_LOOP_760_3|  return value|
|ap_done               |  out|    1|  ap_ctrl_hs|  seq_global_merge_L3_Pipeline_VITIS_LOOP_760_3|  return value|
|ap_idle               |  out|    1|  ap_ctrl_hs|  seq_global_merge_L3_Pipeline_VITIS_LOOP_760_3|  return value|
|ap_ready              |  out|    1|  ap_ctrl_hs|  seq_global_merge_L3_Pipeline_VITIS_LOOP_760_3|  return value|
|idx                   |   in|   32|     ap_none|                                            idx|        scalar|
|idx_1                 |   in|   32|     ap_none|                                          idx_1|        scalar|
|p_read                |   in|   32|     ap_none|                                         p_read|        scalar|
|p_read1               |   in|   32|     ap_none|                                        p_read1|        scalar|
|p_read2               |   in|   32|     ap_none|                                        p_read2|        scalar|
|p_read3               |   in|   32|     ap_none|                                        p_read3|        scalar|
|p_read4               |   in|   32|     ap_none|                                        p_read4|        scalar|
|p_read5               |   in|   32|     ap_none|                                        p_read5|        scalar|
|p_read6               |   in|   32|     ap_none|                                        p_read6|        scalar|
|p_read7               |   in|   32|     ap_none|                                        p_read7|        scalar|
|p_read8               |   in|   32|     ap_none|                                        p_read8|        scalar|
|p_read9               |   in|   32|     ap_none|                                        p_read9|        scalar|
|p_read10              |   in|   32|     ap_none|                                       p_read10|        scalar|
|p_read11              |   in|   32|     ap_none|                                       p_read11|        scalar|
|p_read12              |   in|   32|     ap_none|                                       p_read12|        scalar|
|p_read13              |   in|   32|     ap_none|                                       p_read13|        scalar|
|p_read14              |   in|   32|     ap_none|                                       p_read14|        scalar|
|p_read15              |   in|   32|     ap_none|                                       p_read15|        scalar|
|p_read16              |   in|   32|     ap_none|                                       p_read16|        scalar|
|p_read17              |   in|   32|     ap_none|                                       p_read17|        scalar|
|p_read18              |   in|   32|     ap_none|                                       p_read18|        scalar|
|p_read19              |   in|   32|     ap_none|                                       p_read19|        scalar|
|min_idx_out           |  out|   32|      ap_vld|                                    min_idx_out|       pointer|
|min_idx_out_ap_vld    |  out|    1|      ap_vld|                                    min_idx_out|       pointer|
|min_value_out         |  out|   32|      ap_vld|                                  min_value_out|       pointer|
|min_value_out_ap_vld  |  out|    1|      ap_vld|                                  min_value_out|       pointer|
+----------------------+-----+-----+------------+-----------------------------------------------+--------------+

