

================================================================
== Vitis HLS Report for 'seq_global_merge_L1_L2'
================================================================
* Date:           Wed May 22 14:54:27 2024

* Version:        2022.1 (Build 3526262 on Mon Apr 18 15:47:01 MDT 2022)
* Project:        project
* Solution:       krnl_globalSort_L1_L2 (Vivado IP Flow Target)
* Product family: virtexuplus
* Target device:  xcu55c-fsvh2892-2L-e


================================================================
== Performance Estimates
================================================================
+ Timing: 
    * Summary: 
    +--------+---------+----------+------------+
    |  Clock |  Target | Estimated| Uncertainty|
    +--------+---------+----------+------------+
    |ap_clk  |  3.33 ns|  2.385 ns|     0.90 ns|
    +--------+---------+----------+------------+

+ Latency: 
    * Summary: 
    +---------+---------+----------+----------+-----+-----+---------+
    |  Latency (cycles) |  Latency (absolute) |  Interval | Pipeline|
    |   min   |   max   |    min   |    max   | min | max |   Type  |
    +---------+---------+----------+----------+-----+-----+---------+
    |       91|       91|  0.303 us|  0.303 us|   91|   91|       no|
    +---------+---------+----------+----------+-----+-----+---------+

    + Detail: 
        * Instance: 
        +-------------------------------------------------------------+--------------------------------------------------+---------+---------+-----------+-----------+-----+-----+---------+
        |                                                             |                                                  |  Latency (cycles) |   Latency (absolute)  |  Interval | Pipeline|
        |                           Instance                          |                      Module                      |   min   |   max   |    min    |    max    | min | max |   Type  |
        +-------------------------------------------------------------+--------------------------------------------------+---------+---------+-----------+-----------+-----+-----+---------+
        |grp_seq_global_merge_L1_L2_Pipeline_VITIS_LOOP_718_3_fu_642  |seq_global_merge_L1_L2_Pipeline_VITIS_LOOP_718_3  |        6|        6|  19.980 ns|  19.980 ns|    6|    6|       no|
        +-------------------------------------------------------------+--------------------------------------------------+---------+---------+-----------+-----------+-----+-----+---------+

        * Loop: 
        +--------------------+---------+---------+----------+-----------+-----------+------+----------+
        |                    |  Latency (cycles) | Iteration|  Initiation Interval  | Trip |          |
        |      Loop Name     |   min   |   max   |  Latency |  achieved |   target  | Count| Pipelined|
        +--------------------+---------+---------+----------+-----------+-----------+------+----------+
        |- VITIS_LOOP_714_2  |       90|       90|         9|          -|          -|    10|        no|
        +--------------------+---------+---------+----------+-----------+-----------+------+----------+



================================================================
== Utilization Estimates
================================================================
* Summary: 
+---------------------+---------+------+---------+---------+-----+
|         Name        | BRAM_18K|  DSP |    FF   |   LUT   | URAM|
+---------------------+---------+------+---------+---------+-----+
|DSP                  |        -|     -|        -|        -|    -|
|Expression           |        -|     -|        0|       51|    -|
|FIFO                 |        -|     -|        -|        -|    -|
|Instance             |        -|     -|      176|      588|    -|
|Memory               |        -|     -|        -|        -|    -|
|Multiplexer          |        -|     -|        -|       62|    -|
|Register             |        -|     -|      746|        -|    -|
+---------------------+---------+------+---------+---------+-----+
|Total                |        0|     0|      922|      701|    0|
+---------------------+---------+------+---------+---------+-----+
|Available SLR        |     1344|  3008|   869120|   434560|  320|
+---------------------+---------+------+---------+---------+-----+
|Utilization SLR (%)  |        0|     0|       ~0|       ~0|    0|
+---------------------+---------+------+---------+---------+-----+
|Available            |     4032|  9024|  2607360|  1303680|  960|
+---------------------+---------+------+---------+---------+-----+
|Utilization (%)      |        0|     0|       ~0|       ~0|    0|
+---------------------+---------+------+---------+---------+-----+

+ Detail: 
    * Instance: 
    +-------------------------------------------------------------+--------------------------------------------------+---------+----+-----+-----+-----+
    |                           Instance                          |                      Module                      | BRAM_18K| DSP|  FF | LUT | URAM|
    +-------------------------------------------------------------+--------------------------------------------------+---------+----+-----+-----+-----+
    |mux_1032_32_1_1_U112                                         |mux_1032_32_1_1                                   |        0|   0|    0|   54|    0|
    |mux_1032_32_1_1_U113                                         |mux_1032_32_1_1                                   |        0|   0|    0|   54|    0|
    |mux_1032_32_1_1_U114                                         |mux_1032_32_1_1                                   |        0|   0|    0|   54|    0|
    |mux_332_32_1_1_U111                                          |mux_332_32_1_1                                    |        0|   0|    0|   14|    0|
    |mux_332_32_1_1_U115                                          |mux_332_32_1_1                                    |        0|   0|    0|   14|    0|
    |grp_seq_global_merge_L1_L2_Pipeline_VITIS_LOOP_718_3_fu_642  |seq_global_merge_L1_L2_Pipeline_VITIS_LOOP_718_3  |        0|   0|  176|  398|    0|
    +-------------------------------------------------------------+--------------------------------------------------+---------+----+-----+-----+-----+
    |Total                                                        |                                                  |        0|   0|  176|  588|    0|
    +-------------------------------------------------------------+--------------------------------------------------+---------+----+-----+-----+-----+

    * DSP: 
    N/A

    * Memory: 
    N/A

    * FIFO: 
    N/A

    * Expression: 
    +----------------------+----------+----+---+----+------------+------------+
    |     Variable Name    | Operation| DSP| FF| LUT| Bitwidth P0| Bitwidth P1|
    +----------------------+----------+----+---+----+------------+------------+
    |add_ln714_fu_1107_p2  |         +|   0|  0|  12|           5|           2|
    |idx_3_fu_1082_p2      |         +|   0|  0|  39|          32|           2|
    +----------------------+----------+----+---+----+------------+------------+
    |Total                 |          |   0|  0|  51|          37|           4|
    +----------------------+----------+----+---+----+------------+------------+

    * Multiplexer: 
    +--------------+----+-----------+-----+-----------+
    |     Name     | LUT| Input Size| Bits| Total Bits|
    +--------------+----+-----------+-----+-----------+
    |ap_NS_fsm     |  26|          5|    1|          5|
    |i_fu_178      |   9|          2|    5|         10|
    |idx_1_fu_266  |   9|          2|   32|         64|
    |idx_2_fu_270  |   9|          2|   32|         64|
    |idx_fu_262    |   9|          2|   32|         64|
    +--------------+----+-----------+-----+-----------+
    |Total         |  62|         13|  102|        207|
    +--------------+----+-----------+-----+-----------+

    * Register: 
    +--------------------------------------------------------------------------+----+----+-----+-----------+
    |                                   Name                                   | FF | LUT| Bits| Const Bits|
    +--------------------------------------------------------------------------+----+----+-----+-----------+
    |ap_CS_fsm                                                                 |   4|   0|    4|          0|
    |dist_0_082_fu_190                                                         |  32|   0|   32|          0|
    |dist_1_085_fu_202                                                         |  32|   0|   32|          0|
    |dist_2_088_fu_214                                                         |  32|   0|   32|          0|
    |dist_3_091_fu_226                                                         |  32|   0|   32|          0|
    |dist_4_094_fu_238                                                         |  32|   0|   32|          0|
    |dist_5_097_fu_250                                                         |  32|   0|   32|          0|
    |dist_6_099_fu_258                                                         |  32|   0|   32|          0|
    |dist_7_098_fu_254                                                         |  32|   0|   32|          0|
    |dist_8_096_fu_246                                                         |  32|   0|   32|          0|
    |dist_9_095_fu_242                                                         |  32|   0|   32|          0|
    |grp_seq_global_merge_L1_L2_Pipeline_VITIS_LOOP_718_3_fu_642_ap_start_reg  |   1|   0|    1|          0|
    |i_fu_178                                                                  |   5|   0|    5|          0|
    |id_0_093_fu_234                                                           |  32|   0|   32|          0|
    |id_1_092_fu_230                                                           |  32|   0|   32|          0|
    |id_2_090_fu_222                                                           |  32|   0|   32|          0|
    |id_3_089_fu_218                                                           |  32|   0|   32|          0|
    |id_4_087_fu_210                                                           |  32|   0|   32|          0|
    |id_5_086_fu_206                                                           |  32|   0|   32|          0|
    |id_6_084_fu_198                                                           |  32|   0|   32|          0|
    |id_7_083_fu_194                                                           |  32|   0|   32|          0|
    |id_8_081_fu_186                                                           |  32|   0|   32|          0|
    |id_9_080_fu_182                                                           |  32|   0|   32|          0|
    |idx_1_fu_266                                                              |  32|   0|   32|          0|
    |idx_2_fu_270                                                              |  32|   0|   32|          0|
    |idx_fu_262                                                                |  32|   0|   32|          0|
    +--------------------------------------------------------------------------+----+----+-----+-----------+
    |Total                                                                     | 746|   0|  746|          0|
    +--------------------------------------------------------------------------+----+----+-----+-----------+



================================================================
== Interface
================================================================
* Summary: 
+--------------+-----+-----+------------+------------------------+--------------+
|   RTL Ports  | Dir | Bits|  Protocol  |      Source Object     |    C Type    |
+--------------+-----+-----+------------+------------------------+--------------+
|ap_clk        |   in|    1|  ap_ctrl_hs|  seq_global_merge_L1_L2|  return value|
|ap_rst        |   in|    1|  ap_ctrl_hs|  seq_global_merge_L1_L2|  return value|
|ap_start      |   in|    1|  ap_ctrl_hs|  seq_global_merge_L1_L2|  return value|
|ap_done       |  out|    1|  ap_ctrl_hs|  seq_global_merge_L1_L2|  return value|
|ap_idle       |  out|    1|  ap_ctrl_hs|  seq_global_merge_L1_L2|  return value|
|ap_ready      |  out|    1|  ap_ctrl_hs|  seq_global_merge_L1_L2|  return value|
|ap_return_0   |  out|   32|  ap_ctrl_hs|  seq_global_merge_L1_L2|  return value|
|ap_return_1   |  out|   32|  ap_ctrl_hs|  seq_global_merge_L1_L2|  return value|
|ap_return_2   |  out|   32|  ap_ctrl_hs|  seq_global_merge_L1_L2|  return value|
|ap_return_3   |  out|   32|  ap_ctrl_hs|  seq_global_merge_L1_L2|  return value|
|ap_return_4   |  out|   32|  ap_ctrl_hs|  seq_global_merge_L1_L2|  return value|
|ap_return_5   |  out|   32|  ap_ctrl_hs|  seq_global_merge_L1_L2|  return value|
|ap_return_6   |  out|   32|  ap_ctrl_hs|  seq_global_merge_L1_L2|  return value|
|ap_return_7   |  out|   32|  ap_ctrl_hs|  seq_global_merge_L1_L2|  return value|
|ap_return_8   |  out|   32|  ap_ctrl_hs|  seq_global_merge_L1_L2|  return value|
|ap_return_9   |  out|   32|  ap_ctrl_hs|  seq_global_merge_L1_L2|  return value|
|ap_return_10  |  out|   32|  ap_ctrl_hs|  seq_global_merge_L1_L2|  return value|
|ap_return_11  |  out|   32|  ap_ctrl_hs|  seq_global_merge_L1_L2|  return value|
|ap_return_12  |  out|   32|  ap_ctrl_hs|  seq_global_merge_L1_L2|  return value|
|ap_return_13  |  out|   32|  ap_ctrl_hs|  seq_global_merge_L1_L2|  return value|
|ap_return_14  |  out|   32|  ap_ctrl_hs|  seq_global_merge_L1_L2|  return value|
|ap_return_15  |  out|   32|  ap_ctrl_hs|  seq_global_merge_L1_L2|  return value|
|ap_return_16  |  out|   32|  ap_ctrl_hs|  seq_global_merge_L1_L2|  return value|
|ap_return_17  |  out|   32|  ap_ctrl_hs|  seq_global_merge_L1_L2|  return value|
|ap_return_18  |  out|   32|  ap_ctrl_hs|  seq_global_merge_L1_L2|  return value|
|ap_return_19  |  out|   32|  ap_ctrl_hs|  seq_global_merge_L1_L2|  return value|
|p_read        |   in|   32|     ap_none|                  p_read|        scalar|
|p_read1       |   in|   32|     ap_none|                 p_read1|        scalar|
|p_read2       |   in|   32|     ap_none|                 p_read2|        scalar|
|p_read3       |   in|   32|     ap_none|                 p_read3|        scalar|
|p_read4       |   in|   32|     ap_none|                 p_read4|        scalar|
|p_read5       |   in|   32|     ap_none|                 p_read5|        scalar|
|p_read6       |   in|   32|     ap_none|                 p_read6|        scalar|
|p_read7       |   in|   32|     ap_none|                 p_read7|        scalar|
|p_read8       |   in|   32|     ap_none|                 p_read8|        scalar|
|p_read9       |   in|   32|     ap_none|                 p_read9|        scalar|
|p_read10      |   in|   32|     ap_none|                p_read10|        scalar|
|p_read11      |   in|   32|     ap_none|                p_read11|        scalar|
|p_read12      |   in|   32|     ap_none|                p_read12|        scalar|
|p_read13      |   in|   32|     ap_none|                p_read13|        scalar|
|p_read14      |   in|   32|     ap_none|                p_read14|        scalar|
|p_read15      |   in|   32|     ap_none|                p_read15|        scalar|
|p_read16      |   in|   32|     ap_none|                p_read16|        scalar|
|p_read17      |   in|   32|     ap_none|                p_read17|        scalar|
|p_read18      |   in|   32|     ap_none|                p_read18|        scalar|
|p_read19      |   in|   32|     ap_none|                p_read19|        scalar|
|p_read20      |   in|   32|     ap_none|                p_read20|        scalar|
|p_read21      |   in|   32|     ap_none|                p_read21|        scalar|
|p_read22      |   in|   32|     ap_none|                p_read22|        scalar|
|p_read23      |   in|   32|     ap_none|                p_read23|        scalar|
|p_read24      |   in|   32|     ap_none|                p_read24|        scalar|
|p_read25      |   in|   32|     ap_none|                p_read25|        scalar|
|p_read26      |   in|   32|     ap_none|                p_read26|        scalar|
|p_read27      |   in|   32|     ap_none|                p_read27|        scalar|
|p_read28      |   in|   32|     ap_none|                p_read28|        scalar|
|p_read29      |   in|   32|     ap_none|                p_read29|        scalar|
|p_read30      |   in|   32|     ap_none|                p_read30|        scalar|
|p_read31      |   in|   32|     ap_none|                p_read31|        scalar|
|p_read32      |   in|   32|     ap_none|                p_read32|        scalar|
|p_read33      |   in|   32|     ap_none|                p_read33|        scalar|
|p_read34      |   in|   32|     ap_none|                p_read34|        scalar|
|p_read35      |   in|   32|     ap_none|                p_read35|        scalar|
|p_read36      |   in|   32|     ap_none|                p_read36|        scalar|
|p_read37      |   in|   32|     ap_none|                p_read37|        scalar|
|p_read38      |   in|   32|     ap_none|                p_read38|        scalar|
|p_read39      |   in|   32|     ap_none|                p_read39|        scalar|
|p_read40      |   in|   32|     ap_none|                p_read40|        scalar|
|p_read41      |   in|   32|     ap_none|                p_read41|        scalar|
|p_read42      |   in|   32|     ap_none|                p_read42|        scalar|
|p_read43      |   in|   32|     ap_none|                p_read43|        scalar|
|p_read44      |   in|   32|     ap_none|                p_read44|        scalar|
|p_read45      |   in|   32|     ap_none|                p_read45|        scalar|
|p_read46      |   in|   32|     ap_none|                p_read46|        scalar|
|p_read47      |   in|   32|     ap_none|                p_read47|        scalar|
|p_read48      |   in|   32|     ap_none|                p_read48|        scalar|
|p_read49      |   in|   32|     ap_none|                p_read49|        scalar|
|p_read50      |   in|   32|     ap_none|                p_read50|        scalar|
|p_read51      |   in|   32|     ap_none|                p_read51|        scalar|
|p_read52      |   in|   32|     ap_none|                p_read52|        scalar|
|p_read53      |   in|   32|     ap_none|                p_read53|        scalar|
|p_read54      |   in|   32|     ap_none|                p_read54|        scalar|
|p_read55      |   in|   32|     ap_none|                p_read55|        scalar|
|p_read56      |   in|   32|     ap_none|                p_read56|        scalar|
|p_read57      |   in|   32|     ap_none|                p_read57|        scalar|
|p_read58      |   in|   32|     ap_none|                p_read58|        scalar|
|p_read59      |   in|   32|     ap_none|                p_read59|        scalar|
+--------------+-----+-----+------------+------------------------+--------------+

