

================================================================
== Vitis HLS Report for 'para_partial_sort'
================================================================
* Date:           Wed May 22 14:56:44 2024

* Version:        2022.1 (Build 3526262 on Mon Apr 18 15:47:01 MDT 2022)
* Project:        project
* Solution:       krnl_partialKnn_wrapper_17 (Vivado IP Flow Target)
* Product family: virtexuplus
* Target device:  xcu55c-fsvh2892-2L-e


================================================================
== Performance Estimates
================================================================
+ Timing: 
    * Summary: 
    +--------+---------+----------+------------+
    |  Clock |  Target | Estimated| Uncertainty|
    +--------+---------+----------+------------+
    |ap_clk  |  3.33 ns|  2.277 ns|     0.90 ns|
    +--------+---------+----------+------------+

+ Latency: 
    * Summary: 
    +---------+---------+-----------+-----------+-------+-------+---------+
    |  Latency (cycles) |   Latency (absolute)  |    Interval   | Pipeline|
    |   min   |   max   |    min    |    max    |  min  |  max  |   Type  |
    +---------+---------+-----------+-----------+-------+-------+---------+
    |    12350|    12350|  41.125 us|  41.125 us|  12350|  12350|       no|
    +---------+---------+-----------+-----------+-------+-------+---------+

    + Detail: 
        * Instance: 
        N/A

        * Loop: 
        +--------------------+---------+---------+----------+-----------+-----------+------+----------+
        |                    |  Latency (cycles) | Iteration|  Initiation Interval  | Trip |          |
        |      Loop Name     |   min   |   max   |  Latency |  achieved |   target  | Count| Pipelined|
        +--------------------+---------+---------+----------+-----------+-----------+------+----------+
        |- VITIS_LOOP_193_1  |    12348|    12348|         7|          6|          2|  2058|       yes|
        +--------------------+---------+---------+----------+-----------+-----------+------+----------+

============================================================
+ Verbose Summary: Synthesis Manager
============================================================
InlineROM: 1
ExposeGlobal: 0
============================================================
+ Verbose Summary: CDFG Model
============================================================
IsTopModel: 0
ResetActiveHigh: 1
IsCombinational: 0
IsDatapathOnly: 0
HasWiredReturn: 1
HasMFsm: 2
HasVarLatency: 1
IsPipeline: 0
IsRtlPipelined: 0
IsInstanceOverlapped: 0
IsDontTouch: 0
HasImplIP: 0
IsGatedGlobalClock: 0

+ Individual pipeline summary: 
  * Pipeline-0: initiation interval (II) = 6, depth = 8


============================================================
+ Verbose Summary: Schedule
============================================================
* Number of FSM states : 8
* Pipeline : 1
  Pipeline-0 : II = 6, D = 8, States = { 1 2 3 4 5 6 7 8 }
* Dataflow Pipeline: 0

* FSM state transitions: 
1 --> 2 
2 --> 3 
3 --> 4 
4 --> 5 
5 --> 6 
6 --> 7 
7 --> 8 
8 --> 

* FSM state operations: 

State 1 <SV = 0> <Delay = 0.38>
ST_1 : Operation 10 [1/1] (0.00ns)   --->   "%local_kNearstDist_0_0 = alloca i32 1"   --->   Operation 10 'alloca' 'local_kNearstDist_0_0' <Predicate = true> <Delay = 0.00>
ST_1 : Operation 11 [1/1] (0.00ns)   --->   "%local_kNearstId_0_0 = alloca i32 1"   --->   Operation 11 'alloca' 'local_kNearstId_0_0' <Predicate = true> <Delay = 0.00>
ST_1 : Operation 12 [1/1] (0.00ns)   --->   "%i = alloca i32 1"   --->   Operation 12 'alloca' 'i' <Predicate = true> <Delay = 0.00>
ST_1 : Operation 13 [1/1] (0.00ns)   --->   "%tmpid_y_2 = alloca i32 1"   --->   Operation 13 'alloca' 'tmpid_y_2' <Predicate = true> <Delay = 0.00>
ST_1 : Operation 14 [1/1] (0.00ns)   --->   "%tmpid_x_2 = alloca i32 1"   --->   Operation 14 'alloca' 'tmpid_x_2' <Predicate = true> <Delay = 0.00>
ST_1 : Operation 15 [1/1] (0.00ns)   --->   "%tmpid_y = alloca i32 1"   --->   Operation 15 'alloca' 'tmpid_y' <Predicate = true> <Delay = 0.00>
ST_1 : Operation 16 [1/1] (0.00ns)   --->   "%tmpid_x = alloca i32 1"   --->   Operation 16 'alloca' 'tmpid_x' <Predicate = true> <Delay = 0.00>
ST_1 : Operation 17 [1/1] (0.00ns)   --->   "%tmpid_y_3 = alloca i32 1"   --->   Operation 17 'alloca' 'tmpid_y_3' <Predicate = true> <Delay = 0.00>
ST_1 : Operation 18 [1/1] (0.00ns)   --->   "%tmpid_x_3 = alloca i32 1"   --->   Operation 18 'alloca' 'tmpid_x_3' <Predicate = true> <Delay = 0.00>
ST_1 : Operation 19 [1/1] (0.00ns)   --->   "%tmpid_y_1 = alloca i32 1"   --->   Operation 19 'alloca' 'tmpid_y_1' <Predicate = true> <Delay = 0.00>
ST_1 : Operation 20 [1/1] (0.00ns)   --->   "%tmpid_x_1 = alloca i32 1"   --->   Operation 20 'alloca' 'tmpid_x_1' <Predicate = true> <Delay = 0.00>
ST_1 : Operation 21 [1/1] (0.00ns)   --->   "%tmpid_y_4 = alloca i32 1"   --->   Operation 21 'alloca' 'tmpid_y_4' <Predicate = true> <Delay = 0.00>
ST_1 : Operation 22 [1/1] (0.00ns)   --->   "%tmpid_x_4 = alloca i32 1"   --->   Operation 22 'alloca' 'tmpid_x_4' <Predicate = true> <Delay = 0.00>
ST_1 : Operation 23 [1/1] (0.00ns)   --->   "%tmpdist_a_4 = alloca i32 1"   --->   Operation 23 'alloca' 'tmpdist_a_4' <Predicate = true> <Delay = 0.00>
ST_1 : Operation 24 [1/1] (0.00ns)   --->   "%tmpdist_b_2 = alloca i32 1"   --->   Operation 24 'alloca' 'tmpdist_b_2' <Predicate = true> <Delay = 0.00>
ST_1 : Operation 25 [1/1] (0.00ns)   --->   "%tmpdist_a_2 = alloca i32 1"   --->   Operation 25 'alloca' 'tmpdist_a_2' <Predicate = true> <Delay = 0.00>
ST_1 : Operation 26 [1/1] (0.00ns)   --->   "%tmpdist_b = alloca i32 1"   --->   Operation 26 'alloca' 'tmpdist_b' <Predicate = true> <Delay = 0.00>
ST_1 : Operation 27 [1/1] (0.00ns)   --->   "%tmpdist_a = alloca i32 1"   --->   Operation 27 'alloca' 'tmpdist_a' <Predicate = true> <Delay = 0.00>
ST_1 : Operation 28 [1/1] (0.00ns)   --->   "%tmpdist_b_3 = alloca i32 1"   --->   Operation 28 'alloca' 'tmpdist_b_3' <Predicate = true> <Delay = 0.00>
ST_1 : Operation 29 [1/1] (0.00ns)   --->   "%tmpdist_a_3 = alloca i32 1"   --->   Operation 29 'alloca' 'tmpdist_a_3' <Predicate = true> <Delay = 0.00>
ST_1 : Operation 30 [1/1] (0.00ns)   --->   "%tmpdist_b_1 = alloca i32 1"   --->   Operation 30 'alloca' 'tmpdist_b_1' <Predicate = true> <Delay = 0.00>
ST_1 : Operation 31 [1/1] (0.00ns)   --->   "%tmpdist_a_1 = alloca i32 1"   --->   Operation 31 'alloca' 'tmpdist_a_1' <Predicate = true> <Delay = 0.00>
ST_1 : Operation 32 [1/1] (0.00ns)   --->   "%tmpdist_b_4 = alloca i32 1"   --->   Operation 32 'alloca' 'tmpdist_b_4' <Predicate = true> <Delay = 0.00>
ST_1 : Operation 33 [1/1] (0.00ns)   --->   "%p_read = read i32 @_ssdm_op_Read.ap_auto.i32, i32 %p_read21" [/home/nehaprakriya/Documents/tapa/regression/knn/src/run_split_check/cpp/krnl_partialKnn_wrapper_17.cpp:193]   --->   Operation 33 'read' 'p_read' <Predicate = true> <Delay = 0.00>
ST_1 : Operation 34 [1/1] (0.00ns)   --->   "%p_read_1 = read i32 @_ssdm_op_Read.ap_auto.i32, i32 %p_read20" [/home/nehaprakriya/Documents/tapa/regression/knn/src/run_split_check/cpp/krnl_partialKnn_wrapper_17.cpp:193]   --->   Operation 34 'read' 'p_read_1' <Predicate = true> <Delay = 0.00>
ST_1 : Operation 35 [1/1] (0.00ns)   --->   "%p_read_2 = read i32 @_ssdm_op_Read.ap_auto.i32, i32 %p_read19" [/home/nehaprakriya/Documents/tapa/regression/knn/src/run_split_check/cpp/krnl_partialKnn_wrapper_17.cpp:193]   --->   Operation 35 'read' 'p_read_2' <Predicate = true> <Delay = 0.00>
ST_1 : Operation 36 [1/1] (0.00ns)   --->   "%p_read_3 = read i32 @_ssdm_op_Read.ap_auto.i32, i32 %p_read18" [/home/nehaprakriya/Documents/tapa/regression/knn/src/run_split_check/cpp/krnl_partialKnn_wrapper_17.cpp:193]   --->   Operation 36 'read' 'p_read_3' <Predicate = true> <Delay = 0.00>
ST_1 : Operation 37 [1/1] (0.00ns)   --->   "%p_read_4 = read i32 @_ssdm_op_Read.ap_auto.i32, i32 %p_read17" [/home/nehaprakriya/Documents/tapa/regression/knn/src/run_split_check/cpp/krnl_partialKnn_wrapper_17.cpp:193]   --->   Operation 37 'read' 'p_read_4' <Predicate = true> <Delay = 0.00>
ST_1 : Operation 38 [1/1] (0.00ns)   --->   "%p_read_5 = read i32 @_ssdm_op_Read.ap_auto.i32, i32 %p_read16" [/home/nehaprakriya/Documents/tapa/regression/knn/src/run_split_check/cpp/krnl_partialKnn_wrapper_17.cpp:193]   --->   Operation 38 'read' 'p_read_5' <Predicate = true> <Delay = 0.00>
ST_1 : Operation 39 [1/1] (0.00ns)   --->   "%p_read_6 = read i32 @_ssdm_op_Read.ap_auto.i32, i32 %p_read15" [/home/nehaprakriya/Documents/tapa/regression/knn/src/run_split_check/cpp/krnl_partialKnn_wrapper_17.cpp:193]   --->   Operation 39 'read' 'p_read_6' <Predicate = true> <Delay = 0.00>
ST_1 : Operation 40 [1/1] (0.00ns)   --->   "%p_read_7 = read i32 @_ssdm_op_Read.ap_auto.i32, i32 %p_read14" [/home/nehaprakriya/Documents/tapa/regression/knn/src/run_split_check/cpp/krnl_partialKnn_wrapper_17.cpp:193]   --->   Operation 40 'read' 'p_read_7' <Predicate = true> <Delay = 0.00>
ST_1 : Operation 41 [1/1] (0.00ns)   --->   "%p_read_8 = read i32 @_ssdm_op_Read.ap_auto.i32, i32 %p_read13" [/home/nehaprakriya/Documents/tapa/regression/knn/src/run_split_check/cpp/krnl_partialKnn_wrapper_17.cpp:193]   --->   Operation 41 'read' 'p_read_8' <Predicate = true> <Delay = 0.00>
ST_1 : Operation 42 [1/1] (0.00ns)   --->   "%p_read_9 = read i32 @_ssdm_op_Read.ap_auto.i32, i32 %p_read12" [/home/nehaprakriya/Documents/tapa/regression/knn/src/run_split_check/cpp/krnl_partialKnn_wrapper_17.cpp:193]   --->   Operation 42 'read' 'p_read_9' <Predicate = true> <Delay = 0.00>
ST_1 : Operation 43 [1/1] (0.00ns)   --->   "%p_read_10 = read i32 @_ssdm_op_Read.ap_auto.float, i32 %p_read10" [/home/nehaprakriya/Documents/tapa/regression/knn/src/run_split_check/cpp/krnl_partialKnn_wrapper_17.cpp:193]   --->   Operation 43 'read' 'p_read_10' <Predicate = true> <Delay = 0.00>
ST_1 : Operation 44 [1/1] (0.00ns)   --->   "%p_read_11 = read i32 @_ssdm_op_Read.ap_auto.float, i32 %p_read9" [/home/nehaprakriya/Documents/tapa/regression/knn/src/run_split_check/cpp/krnl_partialKnn_wrapper_17.cpp:193]   --->   Operation 44 'read' 'p_read_11' <Predicate = true> <Delay = 0.00>
ST_1 : Operation 45 [1/1] (0.00ns)   --->   "%p_read_12 = read i32 @_ssdm_op_Read.ap_auto.float, i32 %p_read8" [/home/nehaprakriya/Documents/tapa/regression/knn/src/run_split_check/cpp/krnl_partialKnn_wrapper_17.cpp:193]   --->   Operation 45 'read' 'p_read_12' <Predicate = true> <Delay = 0.00>
ST_1 : Operation 46 [1/1] (0.00ns)   --->   "%p_read_13 = read i32 @_ssdm_op_Read.ap_auto.float, i32 %p_read7" [/home/nehaprakriya/Documents/tapa/regression/knn/src/run_split_check/cpp/krnl_partialKnn_wrapper_17.cpp:193]   --->   Operation 46 'read' 'p_read_13' <Predicate = true> <Delay = 0.00>
ST_1 : Operation 47 [1/1] (0.00ns)   --->   "%p_read_14 = read i32 @_ssdm_op_Read.ap_auto.float, i32 %p_read6" [/home/nehaprakriya/Documents/tapa/regression/knn/src/run_split_check/cpp/krnl_partialKnn_wrapper_17.cpp:193]   --->   Operation 47 'read' 'p_read_14' <Predicate = true> <Delay = 0.00>
ST_1 : Operation 48 [1/1] (0.00ns)   --->   "%p_read_15 = read i32 @_ssdm_op_Read.ap_auto.float, i32 %p_read5" [/home/nehaprakriya/Documents/tapa/regression/knn/src/run_split_check/cpp/krnl_partialKnn_wrapper_17.cpp:193]   --->   Operation 48 'read' 'p_read_15' <Predicate = true> <Delay = 0.00>
ST_1 : Operation 49 [1/1] (0.00ns)   --->   "%p_read_16 = read i32 @_ssdm_op_Read.ap_auto.float, i32 %p_read4" [/home/nehaprakriya/Documents/tapa/regression/knn/src/run_split_check/cpp/krnl_partialKnn_wrapper_17.cpp:193]   --->   Operation 49 'read' 'p_read_16' <Predicate = true> <Delay = 0.00>
ST_1 : Operation 50 [1/1] (0.00ns)   --->   "%p_read_17 = read i32 @_ssdm_op_Read.ap_auto.float, i32 %p_read3" [/home/nehaprakriya/Documents/tapa/regression/knn/src/run_split_check/cpp/krnl_partialKnn_wrapper_17.cpp:193]   --->   Operation 50 'read' 'p_read_17' <Predicate = true> <Delay = 0.00>
ST_1 : Operation 51 [1/1] (0.00ns)   --->   "%p_read_18 = read i32 @_ssdm_op_Read.ap_auto.float, i32 %p_read2" [/home/nehaprakriya/Documents/tapa/regression/knn/src/run_split_check/cpp/krnl_partialKnn_wrapper_17.cpp:193]   --->   Operation 51 'read' 'p_read_18' <Predicate = true> <Delay = 0.00>
ST_1 : Operation 52 [1/1] (0.00ns)   --->   "%p_read_19 = read i32 @_ssdm_op_Read.ap_auto.float, i32 %p_read1" [/home/nehaprakriya/Documents/tapa/regression/knn/src/run_split_check/cpp/krnl_partialKnn_wrapper_17.cpp:193]   --->   Operation 52 'read' 'p_read_19' <Predicate = true> <Delay = 0.00>
ST_1 : Operation 53 [1/1] (0.00ns)   --->   "%start_id_read = read i32 @_ssdm_op_Read.ap_auto.i32, i32 %start_id" [/home/nehaprakriya/Documents/tapa/regression/knn/src/run_split_check/cpp/krnl_partialKnn_wrapper_17.cpp:193]   --->   Operation 53 'read' 'start_id_read' <Predicate = true> <Delay = 0.00>
ST_1 : Operation 54 [1/1] (0.38ns)   --->   "%store_ln193 = store i32 %p_read_18, i32 %tmpdist_b_4" [/home/nehaprakriya/Documents/tapa/regression/knn/src/run_split_check/cpp/krnl_partialKnn_wrapper_17.cpp:193]   --->   Operation 54 'store' 'store_ln193' <Predicate = true> <Delay = 0.38>
ST_1 : Operation 55 [1/1] (0.38ns)   --->   "%store_ln193 = store i32 %p_read_17, i32 %tmpdist_a_1" [/home/nehaprakriya/Documents/tapa/regression/knn/src/run_split_check/cpp/krnl_partialKnn_wrapper_17.cpp:193]   --->   Operation 55 'store' 'store_ln193' <Predicate = true> <Delay = 0.38>
ST_1 : Operation 56 [1/1] (0.38ns)   --->   "%store_ln193 = store i32 %p_read_16, i32 %tmpdist_b_1" [/home/nehaprakriya/Documents/tapa/regression/knn/src/run_split_check/cpp/krnl_partialKnn_wrapper_17.cpp:193]   --->   Operation 56 'store' 'store_ln193' <Predicate = true> <Delay = 0.38>
ST_1 : Operation 57 [1/1] (0.38ns)   --->   "%store_ln193 = store i32 %p_read_15, i32 %tmpdist_a_3" [/home/nehaprakriya/Documents/tapa/regression/knn/src/run_split_check/cpp/krnl_partialKnn_wrapper_17.cpp:193]   --->   Operation 57 'store' 'store_ln193' <Predicate = true> <Delay = 0.38>
ST_1 : Operation 58 [1/1] (0.38ns)   --->   "%store_ln193 = store i32 %p_read_14, i32 %tmpdist_b_3" [/home/nehaprakriya/Documents/tapa/regression/knn/src/run_split_check/cpp/krnl_partialKnn_wrapper_17.cpp:193]   --->   Operation 58 'store' 'store_ln193' <Predicate = true> <Delay = 0.38>
ST_1 : Operation 59 [1/1] (0.38ns)   --->   "%store_ln193 = store i32 %p_read_13, i32 %tmpdist_a" [/home/nehaprakriya/Documents/tapa/regression/knn/src/run_split_check/cpp/krnl_partialKnn_wrapper_17.cpp:193]   --->   Operation 59 'store' 'store_ln193' <Predicate = true> <Delay = 0.38>
ST_1 : Operation 60 [1/1] (0.38ns)   --->   "%store_ln193 = store i32 %p_read_12, i32 %tmpdist_b" [/home/nehaprakriya/Documents/tapa/regression/knn/src/run_split_check/cpp/krnl_partialKnn_wrapper_17.cpp:193]   --->   Operation 60 'store' 'store_ln193' <Predicate = true> <Delay = 0.38>
ST_1 : Operation 61 [1/1] (0.38ns)   --->   "%store_ln193 = store i32 %p_read_11, i32 %tmpdist_a_2" [/home/nehaprakriya/Documents/tapa/regression/knn/src/run_split_check/cpp/krnl_partialKnn_wrapper_17.cpp:193]   --->   Operation 61 'store' 'store_ln193' <Predicate = true> <Delay = 0.38>
ST_1 : Operation 62 [1/1] (0.38ns)   --->   "%store_ln193 = store i32 %p_read_10, i32 %tmpdist_b_2" [/home/nehaprakriya/Documents/tapa/regression/knn/src/run_split_check/cpp/krnl_partialKnn_wrapper_17.cpp:193]   --->   Operation 62 'store' 'store_ln193' <Predicate = true> <Delay = 0.38>
ST_1 : Operation 63 [1/1] (0.38ns)   --->   "%store_ln193 = store i32 %p_read_19, i32 %tmpdist_a_4" [/home/nehaprakriya/Documents/tapa/regression/knn/src/run_split_check/cpp/krnl_partialKnn_wrapper_17.cpp:193]   --->   Operation 63 'store' 'store_ln193' <Predicate = true> <Delay = 0.38>
ST_1 : Operation 64 [1/1] (0.38ns)   --->   "%store_ln193 = store i32 %p_read_9, i32 %tmpid_x_4" [/home/nehaprakriya/Documents/tapa/regression/knn/src/run_split_check/cpp/krnl_partialKnn_wrapper_17.cpp:193]   --->   Operation 64 'store' 'store_ln193' <Predicate = true> <Delay = 0.38>
ST_1 : Operation 65 [1/1] (0.38ns)   --->   "%store_ln193 = store i32 %p_read_8, i32 %tmpid_y_4" [/home/nehaprakriya/Documents/tapa/regression/knn/src/run_split_check/cpp/krnl_partialKnn_wrapper_17.cpp:193]   --->   Operation 65 'store' 'store_ln193' <Predicate = true> <Delay = 0.38>
ST_1 : Operation 66 [1/1] (0.38ns)   --->   "%store_ln193 = store i32 %p_read_7, i32 %tmpid_x_1" [/home/nehaprakriya/Documents/tapa/regression/knn/src/run_split_check/cpp/krnl_partialKnn_wrapper_17.cpp:193]   --->   Operation 66 'store' 'store_ln193' <Predicate = true> <Delay = 0.38>
ST_1 : Operation 67 [1/1] (0.38ns)   --->   "%store_ln193 = store i32 %p_read_6, i32 %tmpid_y_1" [/home/nehaprakriya/Documents/tapa/regression/knn/src/run_split_check/cpp/krnl_partialKnn_wrapper_17.cpp:193]   --->   Operation 67 'store' 'store_ln193' <Predicate = true> <Delay = 0.38>
ST_1 : Operation 68 [1/1] (0.38ns)   --->   "%store_ln193 = store i32 %p_read_5, i32 %tmpid_x_3" [/home/nehaprakriya/Documents/tapa/regression/knn/src/run_split_check/cpp/krnl_partialKnn_wrapper_17.cpp:193]   --->   Operation 68 'store' 'store_ln193' <Predicate = true> <Delay = 0.38>
ST_1 : Operation 69 [1/1] (0.38ns)   --->   "%store_ln193 = store i32 %p_read_4, i32 %tmpid_y_3" [/home/nehaprakriya/Documents/tapa/regression/knn/src/run_split_check/cpp/krnl_partialKnn_wrapper_17.cpp:193]   --->   Operation 69 'store' 'store_ln193' <Predicate = true> <Delay = 0.38>
ST_1 : Operation 70 [1/1] (0.38ns)   --->   "%store_ln193 = store i32 %p_read_3, i32 %tmpid_x" [/home/nehaprakriya/Documents/tapa/regression/knn/src/run_split_check/cpp/krnl_partialKnn_wrapper_17.cpp:193]   --->   Operation 70 'store' 'store_ln193' <Predicate = true> <Delay = 0.38>
ST_1 : Operation 71 [1/1] (0.38ns)   --->   "%store_ln193 = store i32 %p_read_2, i32 %tmpid_y" [/home/nehaprakriya/Documents/tapa/regression/knn/src/run_split_check/cpp/krnl_partialKnn_wrapper_17.cpp:193]   --->   Operation 71 'store' 'store_ln193' <Predicate = true> <Delay = 0.38>
ST_1 : Operation 72 [1/1] (0.38ns)   --->   "%store_ln193 = store i32 %p_read_1, i32 %tmpid_x_2" [/home/nehaprakriya/Documents/tapa/regression/knn/src/run_split_check/cpp/krnl_partialKnn_wrapper_17.cpp:193]   --->   Operation 72 'store' 'store_ln193' <Predicate = true> <Delay = 0.38>
ST_1 : Operation 73 [1/1] (0.38ns)   --->   "%store_ln193 = store i32 %p_read, i32 %tmpid_y_2" [/home/nehaprakriya/Documents/tapa/regression/knn/src/run_split_check/cpp/krnl_partialKnn_wrapper_17.cpp:193]   --->   Operation 73 'store' 'store_ln193' <Predicate = true> <Delay = 0.38>
ST_1 : Operation 74 [1/1] (0.38ns)   --->   "%store_ln193 = store i12 0, i12 %i" [/home/nehaprakriya/Documents/tapa/regression/knn/src/run_split_check/cpp/krnl_partialKnn_wrapper_17.cpp:193]   --->   Operation 74 'store' 'store_ln193' <Predicate = true> <Delay = 0.38>
ST_1 : Operation 75 [1/1] (0.00ns)   --->   "%br_ln193 = br void %for.body12" [/home/nehaprakriya/Documents/tapa/regression/knn/src/run_split_check/cpp/krnl_partialKnn_wrapper_17.cpp:193]   --->   Operation 75 'br' 'br_ln193' <Predicate = true> <Delay = 0.00>

State 2 <SV = 1> <Delay = 2.27>
ST_2 : Operation 76 [1/1] (0.00ns)   --->   "%i_1 = load i12 %i" [/home/nehaprakriya/Documents/tapa/regression/knn/src/run_split_check/cpp/krnl_partialKnn_wrapper_17.cpp:175]   --->   Operation 76 'load' 'i_1' <Predicate = true> <Delay = 0.00>
ST_2 : Operation 77 [1/1] (0.62ns)   --->   "%icmp_ln193 = icmp_eq  i12 %i_1, i12 2058" [/home/nehaprakriya/Documents/tapa/regression/knn/src/run_split_check/cpp/krnl_partialKnn_wrapper_17.cpp:193]   --->   Operation 77 'icmp' 'icmp_ln193' <Predicate = true> <Delay = 0.62> <CoreInst = "Cmp">   --->   Core 9 'Cmp' <Latency = 0> <II = 1> <Delay = 0.62> <FuncUnit> <Opcode : 'icmp'> <InPorts = 2> <OutPorts = 1>
ST_2 : Operation 78 [1/1] (0.00ns)   --->   "%empty = speclooptripcount i32 @_ssdm_op_SpecLoopTripCount, i64 2058, i64 2058, i64 2058"   --->   Operation 78 'speclooptripcount' 'empty' <Predicate = true> <Delay = 0.00>
ST_2 : Operation 79 [1/1] (0.74ns)   --->   "%add_ln193 = add i12 %i_1, i12 1" [/home/nehaprakriya/Documents/tapa/regression/knn/src/run_split_check/cpp/krnl_partialKnn_wrapper_17.cpp:193]   --->   Operation 79 'add' 'add_ln193' <Predicate = true> <Delay = 0.74> <CoreInst = "Adder">   --->   Core 1 'Adder' <Latency = 0> <II = 1> <Delay = 0.74> <FuncUnit> <Opcode : 'add' 'sub'> <InPorts = 2> <OutPorts = 1>
ST_2 : Operation 80 [1/1] (0.00ns)   --->   "%br_ln193 = br i1 %icmp_ln193, void %for.body12.split, void %for.end80" [/home/nehaprakriya/Documents/tapa/regression/knn/src/run_split_check/cpp/krnl_partialKnn_wrapper_17.cpp:193]   --->   Operation 80 'br' 'br_ln193' <Predicate = true> <Delay = 0.00>
ST_2 : Operation 81 [1/1] (0.00ns)   --->   "%tmpdist_a_4_load_1 = load i32 %tmpdist_a_4" [/home/nehaprakriya/Documents/tapa/regression/knn/src/run_split_check/cpp/krnl_partialKnn_wrapper_17.cpp:215]   --->   Operation 81 'load' 'tmpdist_a_4_load_1' <Predicate = (!icmp_ln193)> <Delay = 0.00>
ST_2 : Operation 82 [1/1] (0.00ns)   --->   "%tmpdist_b_2_load_1 = load i32 %tmpdist_b_2" [/home/nehaprakriya/Documents/tapa/regression/knn/src/run_split_check/cpp/krnl_partialKnn_wrapper_17.cpp:215]   --->   Operation 82 'load' 'tmpdist_b_2_load_1' <Predicate = (!icmp_ln193)> <Delay = 0.00>
ST_2 : Operation 83 [1/1] (0.00ns)   --->   "%tmpdist_a_2_load_1 = load i32 %tmpdist_a_2" [/home/nehaprakriya/Documents/tapa/regression/knn/src/run_split_check/cpp/krnl_partialKnn_wrapper_17.cpp:215]   --->   Operation 83 'load' 'tmpdist_a_2_load_1' <Predicate = (!icmp_ln193)> <Delay = 0.00>
ST_2 : Operation 84 [1/1] (0.00ns)   --->   "%tmpdist_b_load_1 = load i32 %tmpdist_b" [/home/nehaprakriya/Documents/tapa/regression/knn/src/run_split_check/cpp/krnl_partialKnn_wrapper_17.cpp:215]   --->   Operation 84 'load' 'tmpdist_b_load_1' <Predicate = (!icmp_ln193)> <Delay = 0.00>
ST_2 : Operation 85 [1/1] (0.00ns)   --->   "%tmpdist_a_load_1 = load i32 %tmpdist_a" [/home/nehaprakriya/Documents/tapa/regression/knn/src/run_split_check/cpp/krnl_partialKnn_wrapper_17.cpp:215]   --->   Operation 85 'load' 'tmpdist_a_load_1' <Predicate = (!icmp_ln193)> <Delay = 0.00>
ST_2 : Operation 86 [1/1] (0.00ns)   --->   "%tmpdist_b_3_load_1 = load i32 %tmpdist_b_3" [/home/nehaprakriya/Documents/tapa/regression/knn/src/run_split_check/cpp/krnl_partialKnn_wrapper_17.cpp:215]   --->   Operation 86 'load' 'tmpdist_b_3_load_1' <Predicate = (!icmp_ln193)> <Delay = 0.00>
ST_2 : Operation 87 [1/1] (0.00ns)   --->   "%tmpdist_a_3_load_1 = load i32 %tmpdist_a_3" [/home/nehaprakriya/Documents/tapa/regression/knn/src/run_split_check/cpp/krnl_partialKnn_wrapper_17.cpp:215]   --->   Operation 87 'load' 'tmpdist_a_3_load_1' <Predicate = (!icmp_ln193)> <Delay = 0.00>
ST_2 : Operation 88 [1/1] (0.00ns)   --->   "%tmpdist_b_1_load_1 = load i32 %tmpdist_b_1" [/home/nehaprakriya/Documents/tapa/regression/knn/src/run_split_check/cpp/krnl_partialKnn_wrapper_17.cpp:215]   --->   Operation 88 'load' 'tmpdist_b_1_load_1' <Predicate = (!icmp_ln193)> <Delay = 0.00>
ST_2 : Operation 89 [1/1] (0.00ns)   --->   "%tmpdist_a_1_load_1 = load i32 %tmpdist_a_1" [/home/nehaprakriya/Documents/tapa/regression/knn/src/run_split_check/cpp/krnl_partialKnn_wrapper_17.cpp:215]   --->   Operation 89 'load' 'tmpdist_a_1_load_1' <Predicate = (!icmp_ln193)> <Delay = 0.00>
ST_2 : Operation 90 [1/1] (0.00ns)   --->   "%tmpdist_b_4_load_1 = load i32 %tmpdist_b_4" [/home/nehaprakriya/Documents/tapa/regression/knn/src/run_split_check/cpp/krnl_partialKnn_wrapper_17.cpp:215]   --->   Operation 90 'load' 'tmpdist_b_4_load_1' <Predicate = (!icmp_ln193)> <Delay = 0.00>
ST_2 : Operation 91 [1/1] (0.00ns)   --->   "%trunc_ln175 = trunc i12 %i_1" [/home/nehaprakriya/Documents/tapa/regression/knn/src/run_split_check/cpp/krnl_partialKnn_wrapper_17.cpp:175]   --->   Operation 91 'trunc' 'trunc_ln175' <Predicate = (!icmp_ln193)> <Delay = 0.00>
ST_2 : Operation 92 [1/1] (0.00ns)   --->   "%lshr_ln = partselect i10 @_ssdm_op_PartSelect.i10.i12.i32.i32, i12 %i_1, i32 2, i32 11" [/home/nehaprakriya/Documents/tapa/regression/knn/src/run_split_check/cpp/krnl_partialKnn_wrapper_17.cpp:197]   --->   Operation 92 'partselect' 'lshr_ln' <Predicate = (!icmp_ln193)> <Delay = 0.00>
ST_2 : Operation 93 [1/1] (0.00ns)   --->   "%zext_ln197 = zext i10 %lshr_ln" [/home/nehaprakriya/Documents/tapa/regression/knn/src/run_split_check/cpp/krnl_partialKnn_wrapper_17.cpp:197]   --->   Operation 93 'zext' 'zext_ln197' <Predicate = (!icmp_ln193)> <Delay = 0.00>
ST_2 : Operation 94 [1/1] (0.00ns)   --->   "%local_distance_0_addr = getelementptr i32 %local_distance_0, i64 0, i64 %zext_ln197" [/home/nehaprakriya/Documents/tapa/regression/knn/src/run_split_check/cpp/krnl_partialKnn_wrapper_17.cpp:197]   --->   Operation 94 'getelementptr' 'local_distance_0_addr' <Predicate = (!icmp_ln193)> <Delay = 0.00>
ST_2 : Operation 95 [1/1] (0.00ns)   --->   "%local_distance_1_addr = getelementptr i32 %local_distance_1, i64 0, i64 %zext_ln197" [/home/nehaprakriya/Documents/tapa/regression/knn/src/run_split_check/cpp/krnl_partialKnn_wrapper_17.cpp:197]   --->   Operation 95 'getelementptr' 'local_distance_1_addr' <Predicate = (!icmp_ln193)> <Delay = 0.00>
ST_2 : Operation 96 [1/1] (0.00ns)   --->   "%local_distance_2_addr = getelementptr i32 %local_distance_2, i64 0, i64 %zext_ln197" [/home/nehaprakriya/Documents/tapa/regression/knn/src/run_split_check/cpp/krnl_partialKnn_wrapper_17.cpp:197]   --->   Operation 96 'getelementptr' 'local_distance_2_addr' <Predicate = (!icmp_ln193)> <Delay = 0.00>
ST_2 : Operation 97 [1/1] (0.00ns)   --->   "%local_distance_3_addr = getelementptr i32 %local_distance_3, i64 0, i64 %zext_ln197" [/home/nehaprakriya/Documents/tapa/regression/knn/src/run_split_check/cpp/krnl_partialKnn_wrapper_17.cpp:197]   --->   Operation 97 'getelementptr' 'local_distance_3_addr' <Predicate = (!icmp_ln193)> <Delay = 0.00>
ST_2 : Operation 98 [2/2] (1.20ns)   --->   "%local_distance_0_load = load i10 %local_distance_0_addr" [/home/nehaprakriya/Documents/tapa/regression/knn/src/run_split_check/cpp/krnl_partialKnn_wrapper_17.cpp:197]   --->   Operation 98 'load' 'local_distance_0_load' <Predicate = (!icmp_ln193)> <Delay = 1.20> <CoreInst = "RAM">   --->   Core 83 'RAM' <Latency = 1> <II = 1> <Delay = 1.20> <Storage> <Opcode : 'load' 'store'> <Ports = 2> <Width = 32> <Depth = 515> <RAM>
ST_2 : Operation 99 [2/2] (1.20ns)   --->   "%local_distance_1_load = load i10 %local_distance_1_addr" [/home/nehaprakriya/Documents/tapa/regression/knn/src/run_split_check/cpp/krnl_partialKnn_wrapper_17.cpp:197]   --->   Operation 99 'load' 'local_distance_1_load' <Predicate = (!icmp_ln193)> <Delay = 1.20> <CoreInst = "RAM">   --->   Core 83 'RAM' <Latency = 1> <II = 1> <Delay = 1.20> <Storage> <Opcode : 'load' 'store'> <Ports = 2> <Width = 32> <Depth = 515> <RAM>
ST_2 : Operation 100 [2/2] (1.20ns)   --->   "%local_distance_2_load = load i10 %local_distance_2_addr" [/home/nehaprakriya/Documents/tapa/regression/knn/src/run_split_check/cpp/krnl_partialKnn_wrapper_17.cpp:197]   --->   Operation 100 'load' 'local_distance_2_load' <Predicate = (!icmp_ln193)> <Delay = 1.20> <CoreInst = "RAM">   --->   Core 83 'RAM' <Latency = 1> <II = 1> <Delay = 1.20> <Storage> <Opcode : 'load' 'store'> <Ports = 2> <Width = 32> <Depth = 515> <RAM>
ST_2 : Operation 101 [2/2] (1.20ns)   --->   "%local_distance_3_load = load i10 %local_distance_3_addr" [/home/nehaprakriya/Documents/tapa/regression/knn/src/run_split_check/cpp/krnl_partialKnn_wrapper_17.cpp:197]   --->   Operation 101 'load' 'local_distance_3_load' <Predicate = (!icmp_ln193)> <Delay = 1.20> <CoreInst = "RAM">   --->   Core 83 'RAM' <Latency = 1> <II = 1> <Delay = 1.20> <Storage> <Opcode : 'load' 'store'> <Ports = 2> <Width = 32> <Depth = 515> <RAM>
ST_2 : Operation 102 [1/1] (0.00ns)   --->   "%zext_ln205 = zext i12 %i_1" [/home/nehaprakriya/Documents/tapa/regression/knn/src/run_split_check/cpp/krnl_partialKnn_wrapper_17.cpp:205]   --->   Operation 102 'zext' 'zext_ln205' <Predicate = (!icmp_ln193)> <Delay = 0.00>
ST_2 : Operation 103 [4/4] (1.64ns)   --->   "%fcmp = call i1 @compare_with_register, i32 %tmpdist_a_4_load_1, i32 %tmpdist_b_4_load_1" [/home/nehaprakriya/Documents/tapa/regression/knn/src/run_split_check/cpp/krnl_partialKnn_wrapper_17.cpp:214]   --->   Operation 103 'call' 'fcmp' <Predicate = (!icmp_ln193)> <Delay = 1.64> <CoreType = "Generic">   --->   Core 0 '' <Latency = 0> <II = 1> <Delay = 1.00> <Generic> <Opcode : >
ST_2 : Operation 104 [4/4] (1.64ns)   --->   "%fcmp_1 = call i1 @compare_with_register, i32 %tmpdist_a_1_load_1, i32 %tmpdist_b_1_load_1" [/home/nehaprakriya/Documents/tapa/regression/knn/src/run_split_check/cpp/krnl_partialKnn_wrapper_17.cpp:214]   --->   Operation 104 'call' 'fcmp_1' <Predicate = (!icmp_ln193)> <Delay = 1.64> <CoreType = "Generic">   --->   Core 0 '' <Latency = 0> <II = 1> <Delay = 1.00> <Generic> <Opcode : >
ST_2 : Operation 105 [4/4] (1.64ns)   --->   "%fcmp_2 = call i1 @compare_with_register, i32 %tmpdist_a_3_load_1, i32 %tmpdist_b_3_load_1" [/home/nehaprakriya/Documents/tapa/regression/knn/src/run_split_check/cpp/krnl_partialKnn_wrapper_17.cpp:214]   --->   Operation 105 'call' 'fcmp_2' <Predicate = (!icmp_ln193)> <Delay = 1.64> <CoreType = "Generic">   --->   Core 0 '' <Latency = 0> <II = 1> <Delay = 1.00> <Generic> <Opcode : >
ST_2 : Operation 106 [4/4] (1.64ns)   --->   "%fcmp_3 = call i1 @compare_with_register, i32 %tmpdist_a_load_1, i32 %tmpdist_b_load_1" [/home/nehaprakriya/Documents/tapa/regression/knn/src/run_split_check/cpp/krnl_partialKnn_wrapper_17.cpp:214]   --->   Operation 106 'call' 'fcmp_3' <Predicate = (!icmp_ln193)> <Delay = 1.64> <CoreType = "Generic">   --->   Core 0 '' <Latency = 0> <II = 1> <Delay = 1.00> <Generic> <Opcode : >
ST_2 : Operation 107 [4/4] (1.64ns)   --->   "%fcmp_4 = call i1 @compare_with_register, i32 %tmpdist_a_2_load_1, i32 %tmpdist_b_2_load_1" [/home/nehaprakriya/Documents/tapa/regression/knn/src/run_split_check/cpp/krnl_partialKnn_wrapper_17.cpp:214]   --->   Operation 107 'call' 'fcmp_4' <Predicate = (!icmp_ln193)> <Delay = 1.64> <CoreType = "Generic">   --->   Core 0 '' <Latency = 0> <II = 1> <Delay = 1.00> <Generic> <Opcode : >
ST_2 : Operation 108 [1/1] (0.88ns)   --->   "%add_ln229 = add i32 %zext_ln205, i32 %start_id_read" [/home/nehaprakriya/Documents/tapa/regression/knn/src/run_split_check/cpp/krnl_partialKnn_wrapper_17.cpp:229]   --->   Operation 108 'add' 'add_ln229' <Predicate = (!icmp_ln193)> <Delay = 0.88> <CoreInst = "Adder">   --->   Core 1 'Adder' <Latency = 0> <II = 1> <Delay = 0.88> <FuncUnit> <Opcode : 'add' 'sub'> <InPorts = 2> <OutPorts = 1>
ST_2 : Operation 109 [1/1] (0.38ns)   --->   "%store_ln193 = store i12 %add_ln193, i12 %i" [/home/nehaprakriya/Documents/tapa/regression/knn/src/run_split_check/cpp/krnl_partialKnn_wrapper_17.cpp:193]   --->   Operation 109 'store' 'store_ln193' <Predicate = (!icmp_ln193)> <Delay = 0.38>
ST_2 : Operation 225 [1/1] (0.00ns)   --->   "%local_kNearstDist_0_0_load = load i32 %local_kNearstDist_0_0" [/home/nehaprakriya/Documents/tapa/regression/knn/src/run_split_check/cpp/krnl_partialKnn_wrapper_17.cpp:236]   --->   Operation 225 'load' 'local_kNearstDist_0_0_load' <Predicate = (icmp_ln193)> <Delay = 0.00>
ST_2 : Operation 226 [1/1] (0.00ns)   --->   "%local_kNearstId_0_0_load = load i32 %local_kNearstId_0_0" [/home/nehaprakriya/Documents/tapa/regression/knn/src/run_split_check/cpp/krnl_partialKnn_wrapper_17.cpp:236]   --->   Operation 226 'load' 'local_kNearstId_0_0_load' <Predicate = (icmp_ln193)> <Delay = 0.00>
ST_2 : Operation 227 [1/1] (0.00ns)   --->   "%tmpid_y_2_load = load i32 %tmpid_y_2" [/home/nehaprakriya/Documents/tapa/regression/knn/src/run_split_check/cpp/krnl_partialKnn_wrapper_17.cpp:236]   --->   Operation 227 'load' 'tmpid_y_2_load' <Predicate = (icmp_ln193)> <Delay = 0.00>
ST_2 : Operation 228 [1/1] (0.00ns)   --->   "%tmpid_x_2_load = load i32 %tmpid_x_2" [/home/nehaprakriya/Documents/tapa/regression/knn/src/run_split_check/cpp/krnl_partialKnn_wrapper_17.cpp:236]   --->   Operation 228 'load' 'tmpid_x_2_load' <Predicate = (icmp_ln193)> <Delay = 0.00>
ST_2 : Operation 229 [1/1] (0.00ns)   --->   "%tmpid_y_load = load i32 %tmpid_y" [/home/nehaprakriya/Documents/tapa/regression/knn/src/run_split_check/cpp/krnl_partialKnn_wrapper_17.cpp:236]   --->   Operation 229 'load' 'tmpid_y_load' <Predicate = (icmp_ln193)> <Delay = 0.00>
ST_2 : Operation 230 [1/1] (0.00ns)   --->   "%tmpid_x_load = load i32 %tmpid_x" [/home/nehaprakriya/Documents/tapa/regression/knn/src/run_split_check/cpp/krnl_partialKnn_wrapper_17.cpp:236]   --->   Operation 230 'load' 'tmpid_x_load' <Predicate = (icmp_ln193)> <Delay = 0.00>
ST_2 : Operation 231 [1/1] (0.00ns)   --->   "%tmpid_y_3_load = load i32 %tmpid_y_3" [/home/nehaprakriya/Documents/tapa/regression/knn/src/run_split_check/cpp/krnl_partialKnn_wrapper_17.cpp:236]   --->   Operation 231 'load' 'tmpid_y_3_load' <Predicate = (icmp_ln193)> <Delay = 0.00>
ST_2 : Operation 232 [1/1] (0.00ns)   --->   "%tmpid_x_3_load = load i32 %tmpid_x_3" [/home/nehaprakriya/Documents/tapa/regression/knn/src/run_split_check/cpp/krnl_partialKnn_wrapper_17.cpp:236]   --->   Operation 232 'load' 'tmpid_x_3_load' <Predicate = (icmp_ln193)> <Delay = 0.00>
ST_2 : Operation 233 [1/1] (0.00ns)   --->   "%tmpid_y_1_load = load i32 %tmpid_y_1" [/home/nehaprakriya/Documents/tapa/regression/knn/src/run_split_check/cpp/krnl_partialKnn_wrapper_17.cpp:236]   --->   Operation 233 'load' 'tmpid_y_1_load' <Predicate = (icmp_ln193)> <Delay = 0.00>
ST_2 : Operation 234 [1/1] (0.00ns)   --->   "%tmpid_x_1_load = load i32 %tmpid_x_1" [/home/nehaprakriya/Documents/tapa/regression/knn/src/run_split_check/cpp/krnl_partialKnn_wrapper_17.cpp:236]   --->   Operation 234 'load' 'tmpid_x_1_load' <Predicate = (icmp_ln193)> <Delay = 0.00>
ST_2 : Operation 235 [1/1] (0.00ns)   --->   "%tmpid_y_4_load = load i32 %tmpid_y_4" [/home/nehaprakriya/Documents/tapa/regression/knn/src/run_split_check/cpp/krnl_partialKnn_wrapper_17.cpp:236]   --->   Operation 235 'load' 'tmpid_y_4_load' <Predicate = (icmp_ln193)> <Delay = 0.00>
ST_2 : Operation 236 [1/1] (0.00ns)   --->   "%tmpid_x_4_load = load i32 %tmpid_x_4" [/home/nehaprakriya/Documents/tapa/regression/knn/src/run_split_check/cpp/krnl_partialKnn_wrapper_17.cpp:236]   --->   Operation 236 'load' 'tmpid_x_4_load' <Predicate = (icmp_ln193)> <Delay = 0.00>
ST_2 : Operation 237 [1/1] (0.00ns)   --->   "%tmpdist_a_4_load = load i32 %tmpdist_a_4" [/home/nehaprakriya/Documents/tapa/regression/knn/src/run_split_check/cpp/krnl_partialKnn_wrapper_17.cpp:236]   --->   Operation 237 'load' 'tmpdist_a_4_load' <Predicate = (icmp_ln193)> <Delay = 0.00>
ST_2 : Operation 238 [1/1] (0.00ns)   --->   "%tmpdist_b_2_load = load i32 %tmpdist_b_2" [/home/nehaprakriya/Documents/tapa/regression/knn/src/run_split_check/cpp/krnl_partialKnn_wrapper_17.cpp:236]   --->   Operation 238 'load' 'tmpdist_b_2_load' <Predicate = (icmp_ln193)> <Delay = 0.00>
ST_2 : Operation 239 [1/1] (0.00ns)   --->   "%tmpdist_a_2_load = load i32 %tmpdist_a_2" [/home/nehaprakriya/Documents/tapa/regression/knn/src/run_split_check/cpp/krnl_partialKnn_wrapper_17.cpp:236]   --->   Operation 239 'load' 'tmpdist_a_2_load' <Predicate = (icmp_ln193)> <Delay = 0.00>
ST_2 : Operation 240 [1/1] (0.00ns)   --->   "%tmpdist_b_load = load i32 %tmpdist_b" [/home/nehaprakriya/Documents/tapa/regression/knn/src/run_split_check/cpp/krnl_partialKnn_wrapper_17.cpp:236]   --->   Operation 240 'load' 'tmpdist_b_load' <Predicate = (icmp_ln193)> <Delay = 0.00>
ST_2 : Operation 241 [1/1] (0.00ns)   --->   "%tmpdist_a_load = load i32 %tmpdist_a" [/home/nehaprakriya/Documents/tapa/regression/knn/src/run_split_check/cpp/krnl_partialKnn_wrapper_17.cpp:236]   --->   Operation 241 'load' 'tmpdist_a_load' <Predicate = (icmp_ln193)> <Delay = 0.00>
ST_2 : Operation 242 [1/1] (0.00ns)   --->   "%tmpdist_b_3_load = load i32 %tmpdist_b_3" [/home/nehaprakriya/Documents/tapa/regression/knn/src/run_split_check/cpp/krnl_partialKnn_wrapper_17.cpp:236]   --->   Operation 242 'load' 'tmpdist_b_3_load' <Predicate = (icmp_ln193)> <Delay = 0.00>
ST_2 : Operation 243 [1/1] (0.00ns)   --->   "%tmpdist_a_3_load = load i32 %tmpdist_a_3" [/home/nehaprakriya/Documents/tapa/regression/knn/src/run_split_check/cpp/krnl_partialKnn_wrapper_17.cpp:236]   --->   Operation 243 'load' 'tmpdist_a_3_load' <Predicate = (icmp_ln193)> <Delay = 0.00>
ST_2 : Operation 244 [1/1] (0.00ns)   --->   "%tmpdist_b_1_load = load i32 %tmpdist_b_1" [/home/nehaprakriya/Documents/tapa/regression/knn/src/run_split_check/cpp/krnl_partialKnn_wrapper_17.cpp:236]   --->   Operation 244 'load' 'tmpdist_b_1_load' <Predicate = (icmp_ln193)> <Delay = 0.00>
ST_2 : Operation 245 [1/1] (0.00ns)   --->   "%tmpdist_a_1_load = load i32 %tmpdist_a_1" [/home/nehaprakriya/Documents/tapa/regression/knn/src/run_split_check/cpp/krnl_partialKnn_wrapper_17.cpp:236]   --->   Operation 245 'load' 'tmpdist_a_1_load' <Predicate = (icmp_ln193)> <Delay = 0.00>
ST_2 : Operation 246 [1/1] (0.00ns)   --->   "%tmpdist_b_4_load = load i32 %tmpdist_b_4" [/home/nehaprakriya/Documents/tapa/regression/knn/src/run_split_check/cpp/krnl_partialKnn_wrapper_17.cpp:236]   --->   Operation 246 'load' 'tmpdist_b_4_load' <Predicate = (icmp_ln193)> <Delay = 0.00>
ST_2 : Operation 247 [1/1] (0.00ns)   --->   "%mrv = insertvalue i704 <undef>, i32 %local_kNearstDist_0_0_load" [/home/nehaprakriya/Documents/tapa/regression/knn/src/run_split_check/cpp/krnl_partialKnn_wrapper_17.cpp:236]   --->   Operation 247 'insertvalue' 'mrv' <Predicate = (icmp_ln193)> <Delay = 0.00>
ST_2 : Operation 248 [1/1] (0.00ns)   --->   "%mrv_1 = insertvalue i704 %mrv, i32 %tmpdist_a_4_load" [/home/nehaprakriya/Documents/tapa/regression/knn/src/run_split_check/cpp/krnl_partialKnn_wrapper_17.cpp:236]   --->   Operation 248 'insertvalue' 'mrv_1' <Predicate = (icmp_ln193)> <Delay = 0.00>
ST_2 : Operation 249 [1/1] (0.00ns)   --->   "%mrv_2 = insertvalue i704 %mrv_1, i32 %tmpdist_b_4_load" [/home/nehaprakriya/Documents/tapa/regression/knn/src/run_split_check/cpp/krnl_partialKnn_wrapper_17.cpp:236]   --->   Operation 249 'insertvalue' 'mrv_2' <Predicate = (icmp_ln193)> <Delay = 0.00>
ST_2 : Operation 250 [1/1] (0.00ns)   --->   "%mrv_3 = insertvalue i704 %mrv_2, i32 %tmpdist_a_1_load" [/home/nehaprakriya/Documents/tapa/regression/knn/src/run_split_check/cpp/krnl_partialKnn_wrapper_17.cpp:236]   --->   Operation 250 'insertvalue' 'mrv_3' <Predicate = (icmp_ln193)> <Delay = 0.00>
ST_2 : Operation 251 [1/1] (0.00ns)   --->   "%mrv_4 = insertvalue i704 %mrv_3, i32 %tmpdist_b_1_load" [/home/nehaprakriya/Documents/tapa/regression/knn/src/run_split_check/cpp/krnl_partialKnn_wrapper_17.cpp:236]   --->   Operation 251 'insertvalue' 'mrv_4' <Predicate = (icmp_ln193)> <Delay = 0.00>
ST_2 : Operation 252 [1/1] (0.00ns)   --->   "%mrv_5 = insertvalue i704 %mrv_4, i32 %tmpdist_a_3_load" [/home/nehaprakriya/Documents/tapa/regression/knn/src/run_split_check/cpp/krnl_partialKnn_wrapper_17.cpp:236]   --->   Operation 252 'insertvalue' 'mrv_5' <Predicate = (icmp_ln193)> <Delay = 0.00>
ST_2 : Operation 253 [1/1] (0.00ns)   --->   "%mrv_6 = insertvalue i704 %mrv_5, i32 %tmpdist_b_3_load" [/home/nehaprakriya/Documents/tapa/regression/knn/src/run_split_check/cpp/krnl_partialKnn_wrapper_17.cpp:236]   --->   Operation 253 'insertvalue' 'mrv_6' <Predicate = (icmp_ln193)> <Delay = 0.00>
ST_2 : Operation 254 [1/1] (0.00ns)   --->   "%mrv_7 = insertvalue i704 %mrv_6, i32 %tmpdist_a_load" [/home/nehaprakriya/Documents/tapa/regression/knn/src/run_split_check/cpp/krnl_partialKnn_wrapper_17.cpp:236]   --->   Operation 254 'insertvalue' 'mrv_7' <Predicate = (icmp_ln193)> <Delay = 0.00>
ST_2 : Operation 255 [1/1] (0.00ns)   --->   "%mrv_8 = insertvalue i704 %mrv_7, i32 %tmpdist_b_load" [/home/nehaprakriya/Documents/tapa/regression/knn/src/run_split_check/cpp/krnl_partialKnn_wrapper_17.cpp:236]   --->   Operation 255 'insertvalue' 'mrv_8' <Predicate = (icmp_ln193)> <Delay = 0.00>
ST_2 : Operation 256 [1/1] (0.00ns)   --->   "%mrv_9 = insertvalue i704 %mrv_8, i32 %tmpdist_a_2_load" [/home/nehaprakriya/Documents/tapa/regression/knn/src/run_split_check/cpp/krnl_partialKnn_wrapper_17.cpp:236]   --->   Operation 256 'insertvalue' 'mrv_9' <Predicate = (icmp_ln193)> <Delay = 0.00>
ST_2 : Operation 257 [1/1] (0.00ns)   --->   "%mrv_s = insertvalue i704 %mrv_9, i32 %tmpdist_b_2_load" [/home/nehaprakriya/Documents/tapa/regression/knn/src/run_split_check/cpp/krnl_partialKnn_wrapper_17.cpp:236]   --->   Operation 257 'insertvalue' 'mrv_s' <Predicate = (icmp_ln193)> <Delay = 0.00>
ST_2 : Operation 258 [1/1] (0.00ns)   --->   "%mrv_10 = insertvalue i704 %mrv_s, i32 %local_kNearstId_0_0_load" [/home/nehaprakriya/Documents/tapa/regression/knn/src/run_split_check/cpp/krnl_partialKnn_wrapper_17.cpp:236]   --->   Operation 258 'insertvalue' 'mrv_10' <Predicate = (icmp_ln193)> <Delay = 0.00>
ST_2 : Operation 259 [1/1] (0.00ns)   --->   "%mrv_11 = insertvalue i704 %mrv_10, i32 %tmpid_x_4_load" [/home/nehaprakriya/Documents/tapa/regression/knn/src/run_split_check/cpp/krnl_partialKnn_wrapper_17.cpp:236]   --->   Operation 259 'insertvalue' 'mrv_11' <Predicate = (icmp_ln193)> <Delay = 0.00>
ST_2 : Operation 260 [1/1] (0.00ns)   --->   "%mrv_12 = insertvalue i704 %mrv_11, i32 %tmpid_y_4_load" [/home/nehaprakriya/Documents/tapa/regression/knn/src/run_split_check/cpp/krnl_partialKnn_wrapper_17.cpp:236]   --->   Operation 260 'insertvalue' 'mrv_12' <Predicate = (icmp_ln193)> <Delay = 0.00>
ST_2 : Operation 261 [1/1] (0.00ns)   --->   "%mrv_13 = insertvalue i704 %mrv_12, i32 %tmpid_x_1_load" [/home/nehaprakriya/Documents/tapa/regression/knn/src/run_split_check/cpp/krnl_partialKnn_wrapper_17.cpp:236]   --->   Operation 261 'insertvalue' 'mrv_13' <Predicate = (icmp_ln193)> <Delay = 0.00>
ST_2 : Operation 262 [1/1] (0.00ns)   --->   "%mrv_14 = insertvalue i704 %mrv_13, i32 %tmpid_y_1_load" [/home/nehaprakriya/Documents/tapa/regression/knn/src/run_split_check/cpp/krnl_partialKnn_wrapper_17.cpp:236]   --->   Operation 262 'insertvalue' 'mrv_14' <Predicate = (icmp_ln193)> <Delay = 0.00>
ST_2 : Operation 263 [1/1] (0.00ns)   --->   "%mrv_15 = insertvalue i704 %mrv_14, i32 %tmpid_x_3_load" [/home/nehaprakriya/Documents/tapa/regression/knn/src/run_split_check/cpp/krnl_partialKnn_wrapper_17.cpp:236]   --->   Operation 263 'insertvalue' 'mrv_15' <Predicate = (icmp_ln193)> <Delay = 0.00>
ST_2 : Operation 264 [1/1] (0.00ns)   --->   "%mrv_16 = insertvalue i704 %mrv_15, i32 %tmpid_y_3_load" [/home/nehaprakriya/Documents/tapa/regression/knn/src/run_split_check/cpp/krnl_partialKnn_wrapper_17.cpp:236]   --->   Operation 264 'insertvalue' 'mrv_16' <Predicate = (icmp_ln193)> <Delay = 0.00>
ST_2 : Operation 265 [1/1] (0.00ns)   --->   "%mrv_17 = insertvalue i704 %mrv_16, i32 %tmpid_x_load" [/home/nehaprakriya/Documents/tapa/regression/knn/src/run_split_check/cpp/krnl_partialKnn_wrapper_17.cpp:236]   --->   Operation 265 'insertvalue' 'mrv_17' <Predicate = (icmp_ln193)> <Delay = 0.00>
ST_2 : Operation 266 [1/1] (0.00ns)   --->   "%mrv_18 = insertvalue i704 %mrv_17, i32 %tmpid_y_load" [/home/nehaprakriya/Documents/tapa/regression/knn/src/run_split_check/cpp/krnl_partialKnn_wrapper_17.cpp:236]   --->   Operation 266 'insertvalue' 'mrv_18' <Predicate = (icmp_ln193)> <Delay = 0.00>
ST_2 : Operation 267 [1/1] (0.00ns)   --->   "%mrv_19 = insertvalue i704 %mrv_18, i32 %tmpid_x_2_load" [/home/nehaprakriya/Documents/tapa/regression/knn/src/run_split_check/cpp/krnl_partialKnn_wrapper_17.cpp:236]   --->   Operation 267 'insertvalue' 'mrv_19' <Predicate = (icmp_ln193)> <Delay = 0.00>
ST_2 : Operation 268 [1/1] (0.00ns)   --->   "%mrv_20 = insertvalue i704 %mrv_19, i32 %tmpid_y_2_load" [/home/nehaprakriya/Documents/tapa/regression/knn/src/run_split_check/cpp/krnl_partialKnn_wrapper_17.cpp:236]   --->   Operation 268 'insertvalue' 'mrv_20' <Predicate = (icmp_ln193)> <Delay = 0.00>
ST_2 : Operation 269 [1/1] (0.00ns)   --->   "%ret_ln236 = ret i704 %mrv_20" [/home/nehaprakriya/Documents/tapa/regression/knn/src/run_split_check/cpp/krnl_partialKnn_wrapper_17.cpp:236]   --->   Operation 269 'ret' 'ret_ln236' <Predicate = (icmp_ln193)> <Delay = 0.00>

State 3 <SV = 2> <Delay = 1.77>
ST_3 : Operation 110 [1/2] (1.20ns)   --->   "%local_distance_0_load = load i10 %local_distance_0_addr" [/home/nehaprakriya/Documents/tapa/regression/knn/src/run_split_check/cpp/krnl_partialKnn_wrapper_17.cpp:197]   --->   Operation 110 'load' 'local_distance_0_load' <Predicate = (!icmp_ln193)> <Delay = 1.20> <CoreInst = "RAM">   --->   Core 83 'RAM' <Latency = 1> <II = 1> <Delay = 1.20> <Storage> <Opcode : 'load' 'store'> <Ports = 2> <Width = 32> <Depth = 515> <RAM>
ST_3 : Operation 111 [1/2] (1.20ns)   --->   "%local_distance_1_load = load i10 %local_distance_1_addr" [/home/nehaprakriya/Documents/tapa/regression/knn/src/run_split_check/cpp/krnl_partialKnn_wrapper_17.cpp:197]   --->   Operation 111 'load' 'local_distance_1_load' <Predicate = (!icmp_ln193)> <Delay = 1.20> <CoreInst = "RAM">   --->   Core 83 'RAM' <Latency = 1> <II = 1> <Delay = 1.20> <Storage> <Opcode : 'load' 'store'> <Ports = 2> <Width = 32> <Depth = 515> <RAM>
ST_3 : Operation 112 [1/2] (1.20ns)   --->   "%local_distance_2_load = load i10 %local_distance_2_addr" [/home/nehaprakriya/Documents/tapa/regression/knn/src/run_split_check/cpp/krnl_partialKnn_wrapper_17.cpp:197]   --->   Operation 112 'load' 'local_distance_2_load' <Predicate = (!icmp_ln193)> <Delay = 1.20> <CoreInst = "RAM">   --->   Core 83 'RAM' <Latency = 1> <II = 1> <Delay = 1.20> <Storage> <Opcode : 'load' 'store'> <Ports = 2> <Width = 32> <Depth = 515> <RAM>
ST_3 : Operation 113 [1/2] (1.20ns)   --->   "%local_distance_3_load = load i10 %local_distance_3_addr" [/home/nehaprakriya/Documents/tapa/regression/knn/src/run_split_check/cpp/krnl_partialKnn_wrapper_17.cpp:197]   --->   Operation 113 'load' 'local_distance_3_load' <Predicate = (!icmp_ln193)> <Delay = 1.20> <CoreInst = "RAM">   --->   Core 83 'RAM' <Latency = 1> <II = 1> <Delay = 1.20> <Storage> <Opcode : 'load' 'store'> <Ports = 2> <Width = 32> <Depth = 515> <RAM>
ST_3 : Operation 114 [1/1] (0.45ns)   --->   "%tmpdist_b_10 = mux i32 @_ssdm_op_Mux.ap_auto.4float.i2, i32 %local_distance_0_load, i32 %local_distance_1_load, i32 %local_distance_2_load, i32 %local_distance_3_load, i2 %trunc_ln175" [/home/nehaprakriya/Documents/tapa/regression/knn/src/run_split_check/cpp/krnl_partialKnn_wrapper_17.cpp:197]   --->   Operation 114 'mux' 'tmpdist_b_10' <Predicate = (!icmp_ln193)> <Delay = 0.45> <CoreInst = "Multiplexer">   --->   Core 76 'Multiplexer' <Latency = 0> <II = 1> <Delay = 0.45> <FuncUnit> <Opcode : 'mux'> <InPorts = 2> <OutPorts = 1>
ST_3 : Operation 115 [3/4] (1.77ns)   --->   "%fcmp = call i1 @compare_with_register, i32 %tmpdist_a_4_load_1, i32 %tmpdist_b_4_load_1" [/home/nehaprakriya/Documents/tapa/regression/knn/src/run_split_check/cpp/krnl_partialKnn_wrapper_17.cpp:214]   --->   Operation 115 'call' 'fcmp' <Predicate = (!icmp_ln193)> <Delay = 1.77> <CoreType = "Generic">   --->   Core 0 '' <Latency = 0> <II = 1> <Delay = 1.00> <Generic> <Opcode : >
ST_3 : Operation 116 [3/4] (1.77ns)   --->   "%fcmp_1 = call i1 @compare_with_register, i32 %tmpdist_a_1_load_1, i32 %tmpdist_b_1_load_1" [/home/nehaprakriya/Documents/tapa/regression/knn/src/run_split_check/cpp/krnl_partialKnn_wrapper_17.cpp:214]   --->   Operation 116 'call' 'fcmp_1' <Predicate = (!icmp_ln193)> <Delay = 1.77> <CoreType = "Generic">   --->   Core 0 '' <Latency = 0> <II = 1> <Delay = 1.00> <Generic> <Opcode : >
ST_3 : Operation 117 [3/4] (1.77ns)   --->   "%fcmp_2 = call i1 @compare_with_register, i32 %tmpdist_a_3_load_1, i32 %tmpdist_b_3_load_1" [/home/nehaprakriya/Documents/tapa/regression/knn/src/run_split_check/cpp/krnl_partialKnn_wrapper_17.cpp:214]   --->   Operation 117 'call' 'fcmp_2' <Predicate = (!icmp_ln193)> <Delay = 1.77> <CoreType = "Generic">   --->   Core 0 '' <Latency = 0> <II = 1> <Delay = 1.00> <Generic> <Opcode : >
ST_3 : Operation 118 [3/4] (1.77ns)   --->   "%fcmp_3 = call i1 @compare_with_register, i32 %tmpdist_a_load_1, i32 %tmpdist_b_load_1" [/home/nehaprakriya/Documents/tapa/regression/knn/src/run_split_check/cpp/krnl_partialKnn_wrapper_17.cpp:214]   --->   Operation 118 'call' 'fcmp_3' <Predicate = (!icmp_ln193)> <Delay = 1.77> <CoreType = "Generic">   --->   Core 0 '' <Latency = 0> <II = 1> <Delay = 1.00> <Generic> <Opcode : >
ST_3 : Operation 119 [3/4] (1.77ns)   --->   "%fcmp_4 = call i1 @compare_with_register, i32 %tmpdist_a_2_load_1, i32 %tmpdist_b_2_load_1" [/home/nehaprakriya/Documents/tapa/regression/knn/src/run_split_check/cpp/krnl_partialKnn_wrapper_17.cpp:214]   --->   Operation 119 'call' 'fcmp_4' <Predicate = (!icmp_ln193)> <Delay = 1.77> <CoreType = "Generic">   --->   Core 0 '' <Latency = 0> <II = 1> <Delay = 1.00> <Generic> <Opcode : >

State 4 <SV = 3> <Delay = 1.77>
ST_4 : Operation 120 [2/4] (1.77ns)   --->   "%fcmp = call i1 @compare_with_register, i32 %tmpdist_a_4_load_1, i32 %tmpdist_b_4_load_1" [/home/nehaprakriya/Documents/tapa/regression/knn/src/run_split_check/cpp/krnl_partialKnn_wrapper_17.cpp:214]   --->   Operation 120 'call' 'fcmp' <Predicate = (!icmp_ln193)> <Delay = 1.77> <CoreType = "Generic">   --->   Core 0 '' <Latency = 0> <II = 1> <Delay = 1.00> <Generic> <Opcode : >
ST_4 : Operation 121 [2/4] (1.77ns)   --->   "%fcmp_1 = call i1 @compare_with_register, i32 %tmpdist_a_1_load_1, i32 %tmpdist_b_1_load_1" [/home/nehaprakriya/Documents/tapa/regression/knn/src/run_split_check/cpp/krnl_partialKnn_wrapper_17.cpp:214]   --->   Operation 121 'call' 'fcmp_1' <Predicate = (!icmp_ln193)> <Delay = 1.77> <CoreType = "Generic">   --->   Core 0 '' <Latency = 0> <II = 1> <Delay = 1.00> <Generic> <Opcode : >
ST_4 : Operation 122 [2/4] (1.77ns)   --->   "%fcmp_2 = call i1 @compare_with_register, i32 %tmpdist_a_3_load_1, i32 %tmpdist_b_3_load_1" [/home/nehaprakriya/Documents/tapa/regression/knn/src/run_split_check/cpp/krnl_partialKnn_wrapper_17.cpp:214]   --->   Operation 122 'call' 'fcmp_2' <Predicate = (!icmp_ln193)> <Delay = 1.77> <CoreType = "Generic">   --->   Core 0 '' <Latency = 0> <II = 1> <Delay = 1.00> <Generic> <Opcode : >
ST_4 : Operation 123 [2/4] (1.77ns)   --->   "%fcmp_3 = call i1 @compare_with_register, i32 %tmpdist_a_load_1, i32 %tmpdist_b_load_1" [/home/nehaprakriya/Documents/tapa/regression/knn/src/run_split_check/cpp/krnl_partialKnn_wrapper_17.cpp:214]   --->   Operation 123 'call' 'fcmp_3' <Predicate = (!icmp_ln193)> <Delay = 1.77> <CoreType = "Generic">   --->   Core 0 '' <Latency = 0> <II = 1> <Delay = 1.00> <Generic> <Opcode : >
ST_4 : Operation 124 [2/4] (1.77ns)   --->   "%fcmp_4 = call i1 @compare_with_register, i32 %tmpdist_a_2_load_1, i32 %tmpdist_b_2_load_1" [/home/nehaprakriya/Documents/tapa/regression/knn/src/run_split_check/cpp/krnl_partialKnn_wrapper_17.cpp:214]   --->   Operation 124 'call' 'fcmp_4' <Predicate = (!icmp_ln193)> <Delay = 1.77> <CoreType = "Generic">   --->   Core 0 '' <Latency = 0> <II = 1> <Delay = 1.00> <Generic> <Opcode : >

State 5 <SV = 4> <Delay = 1.87>
ST_5 : Operation 125 [1/4] (0.00ns)   --->   "%fcmp = call i1 @compare_with_register, i32 %tmpdist_a_4_load_1, i32 %tmpdist_b_4_load_1" [/home/nehaprakriya/Documents/tapa/regression/knn/src/run_split_check/cpp/krnl_partialKnn_wrapper_17.cpp:214]   --->   Operation 125 'call' 'fcmp' <Predicate = (!icmp_ln193)> <Delay = 0.00> <CoreType = "Generic">   --->   Core 0 '' <Latency = 0> <II = 1> <Delay = 1.00> <Generic> <Opcode : >
ST_5 : Operation 126 [1/1] (0.22ns)   --->   "%tmpdist_b_6 = select i1 %fcmp, i32 %tmpdist_a_4_load_1, i32 %tmpdist_b_4_load_1" [/home/nehaprakriya/Documents/tapa/regression/knn/src/run_split_check/cpp/krnl_partialKnn_wrapper_17.cpp:215]   --->   Operation 126 'select' 'tmpdist_b_6' <Predicate = (!icmp_ln193)> <Delay = 0.22> <CoreInst = "Sel">   --->   Core 73 'Sel' <Latency = 0> <II = 1> <Delay = 0.22> <FuncUnit> <Opcode : 'select'> <InPorts = 3> <OutPorts = 1>
ST_5 : Operation 127 [1/1] (0.22ns)   --->   "%tmpdist_a_5 = select i1 %fcmp, i32 %tmpdist_b_4_load_1, i32 %tmpdist_a_4_load_1" [/home/nehaprakriya/Documents/tapa/regression/knn/src/run_split_check/cpp/krnl_partialKnn_wrapper_17.cpp:215]   --->   Operation 127 'select' 'tmpdist_a_5' <Predicate = (!icmp_ln193)> <Delay = 0.22> <CoreInst = "Sel">   --->   Core 73 'Sel' <Latency = 0> <II = 1> <Delay = 0.22> <FuncUnit> <Opcode : 'select'> <InPorts = 3> <OutPorts = 1>
ST_5 : Operation 128 [1/4] (0.00ns)   --->   "%fcmp_1 = call i1 @compare_with_register, i32 %tmpdist_a_1_load_1, i32 %tmpdist_b_1_load_1" [/home/nehaprakriya/Documents/tapa/regression/knn/src/run_split_check/cpp/krnl_partialKnn_wrapper_17.cpp:214]   --->   Operation 128 'call' 'fcmp_1' <Predicate = (!icmp_ln193)> <Delay = 0.00> <CoreType = "Generic">   --->   Core 0 '' <Latency = 0> <II = 1> <Delay = 1.00> <Generic> <Opcode : >
ST_5 : Operation 129 [1/1] (0.22ns)   --->   "%tmpdist_a_6 = select i1 %fcmp_1, i32 %tmpdist_b_1_load_1, i32 %tmpdist_a_1_load_1" [/home/nehaprakriya/Documents/tapa/regression/knn/src/run_split_check/cpp/krnl_partialKnn_wrapper_17.cpp:215]   --->   Operation 129 'select' 'tmpdist_a_6' <Predicate = (!icmp_ln193)> <Delay = 0.22> <CoreInst = "Sel">   --->   Core 73 'Sel' <Latency = 0> <II = 1> <Delay = 0.22> <FuncUnit> <Opcode : 'select'> <InPorts = 3> <OutPorts = 1>
ST_5 : Operation 130 [1/1] (0.22ns)   --->   "%tmpdist_b_7 = select i1 %fcmp_1, i32 %tmpdist_a_1_load_1, i32 %tmpdist_b_1_load_1" [/home/nehaprakriya/Documents/tapa/regression/knn/src/run_split_check/cpp/krnl_partialKnn_wrapper_17.cpp:215]   --->   Operation 130 'select' 'tmpdist_b_7' <Predicate = (!icmp_ln193)> <Delay = 0.22> <CoreInst = "Sel">   --->   Core 73 'Sel' <Latency = 0> <II = 1> <Delay = 0.22> <FuncUnit> <Opcode : 'select'> <InPorts = 3> <OutPorts = 1>
ST_5 : Operation 131 [1/4] (0.00ns)   --->   "%fcmp_2 = call i1 @compare_with_register, i32 %tmpdist_a_3_load_1, i32 %tmpdist_b_3_load_1" [/home/nehaprakriya/Documents/tapa/regression/knn/src/run_split_check/cpp/krnl_partialKnn_wrapper_17.cpp:214]   --->   Operation 131 'call' 'fcmp_2' <Predicate = (!icmp_ln193)> <Delay = 0.00> <CoreType = "Generic">   --->   Core 0 '' <Latency = 0> <II = 1> <Delay = 1.00> <Generic> <Opcode : >
ST_5 : Operation 132 [1/1] (0.22ns)   --->   "%tmpdist_a_7 = select i1 %fcmp_2, i32 %tmpdist_b_3_load_1, i32 %tmpdist_a_3_load_1" [/home/nehaprakriya/Documents/tapa/regression/knn/src/run_split_check/cpp/krnl_partialKnn_wrapper_17.cpp:215]   --->   Operation 132 'select' 'tmpdist_a_7' <Predicate = (!icmp_ln193)> <Delay = 0.22> <CoreInst = "Sel">   --->   Core 73 'Sel' <Latency = 0> <II = 1> <Delay = 0.22> <FuncUnit> <Opcode : 'select'> <InPorts = 3> <OutPorts = 1>
ST_5 : Operation 133 [1/1] (0.22ns)   --->   "%tmpdist_b_8 = select i1 %fcmp_2, i32 %tmpdist_a_3_load_1, i32 %tmpdist_b_3_load_1" [/home/nehaprakriya/Documents/tapa/regression/knn/src/run_split_check/cpp/krnl_partialKnn_wrapper_17.cpp:215]   --->   Operation 133 'select' 'tmpdist_b_8' <Predicate = (!icmp_ln193)> <Delay = 0.22> <CoreInst = "Sel">   --->   Core 73 'Sel' <Latency = 0> <II = 1> <Delay = 0.22> <FuncUnit> <Opcode : 'select'> <InPorts = 3> <OutPorts = 1>
ST_5 : Operation 134 [1/4] (0.00ns)   --->   "%fcmp_3 = call i1 @compare_with_register, i32 %tmpdist_a_load_1, i32 %tmpdist_b_load_1" [/home/nehaprakriya/Documents/tapa/regression/knn/src/run_split_check/cpp/krnl_partialKnn_wrapper_17.cpp:214]   --->   Operation 134 'call' 'fcmp_3' <Predicate = (!icmp_ln193)> <Delay = 0.00> <CoreType = "Generic">   --->   Core 0 '' <Latency = 0> <II = 1> <Delay = 1.00> <Generic> <Opcode : >
ST_5 : Operation 135 [1/1] (0.22ns)   --->   "%tmpdist_a_8 = select i1 %fcmp_3, i32 %tmpdist_b_load_1, i32 %tmpdist_a_load_1" [/home/nehaprakriya/Documents/tapa/regression/knn/src/run_split_check/cpp/krnl_partialKnn_wrapper_17.cpp:215]   --->   Operation 135 'select' 'tmpdist_a_8' <Predicate = (!icmp_ln193)> <Delay = 0.22> <CoreInst = "Sel">   --->   Core 73 'Sel' <Latency = 0> <II = 1> <Delay = 0.22> <FuncUnit> <Opcode : 'select'> <InPorts = 3> <OutPorts = 1>
ST_5 : Operation 136 [1/1] (0.22ns)   --->   "%tmpdist_b_9 = select i1 %fcmp_3, i32 %tmpdist_a_load_1, i32 %tmpdist_b_load_1" [/home/nehaprakriya/Documents/tapa/regression/knn/src/run_split_check/cpp/krnl_partialKnn_wrapper_17.cpp:215]   --->   Operation 136 'select' 'tmpdist_b_9' <Predicate = (!icmp_ln193)> <Delay = 0.22> <CoreInst = "Sel">   --->   Core 73 'Sel' <Latency = 0> <II = 1> <Delay = 0.22> <FuncUnit> <Opcode : 'select'> <InPorts = 3> <OutPorts = 1>
ST_5 : Operation 137 [1/4] (0.00ns)   --->   "%fcmp_4 = call i1 @compare_with_register, i32 %tmpdist_a_2_load_1, i32 %tmpdist_b_2_load_1" [/home/nehaprakriya/Documents/tapa/regression/knn/src/run_split_check/cpp/krnl_partialKnn_wrapper_17.cpp:214]   --->   Operation 137 'call' 'fcmp_4' <Predicate = (!icmp_ln193)> <Delay = 0.00> <CoreType = "Generic">   --->   Core 0 '' <Latency = 0> <II = 1> <Delay = 1.00> <Generic> <Opcode : >
ST_5 : Operation 138 [1/1] (0.22ns)   --->   "%tmpdist_a_9 = select i1 %fcmp_4, i32 %tmpdist_b_2_load_1, i32 %tmpdist_a_2_load_1" [/home/nehaprakriya/Documents/tapa/regression/knn/src/run_split_check/cpp/krnl_partialKnn_wrapper_17.cpp:215]   --->   Operation 138 'select' 'tmpdist_a_9' <Predicate = (!icmp_ln193)> <Delay = 0.22> <CoreInst = "Sel">   --->   Core 73 'Sel' <Latency = 0> <II = 1> <Delay = 0.22> <FuncUnit> <Opcode : 'select'> <InPorts = 3> <OutPorts = 1>
ST_5 : Operation 139 [1/1] (0.22ns)   --->   "%select_ln215_5 = select i1 %fcmp_4, i32 %tmpdist_a_2_load_1, i32 %tmpdist_b_2_load_1" [/home/nehaprakriya/Documents/tapa/regression/knn/src/run_split_check/cpp/krnl_partialKnn_wrapper_17.cpp:215]   --->   Operation 139 'select' 'select_ln215_5' <Predicate = (!icmp_ln193)> <Delay = 0.22> <CoreInst = "Sel">   --->   Core 73 'Sel' <Latency = 0> <II = 1> <Delay = 0.22> <FuncUnit> <Opcode : 'select'> <InPorts = 3> <OutPorts = 1>
ST_5 : Operation 140 [4/4] (1.64ns)   --->   "%fcmp_5 = call i1 @compare_with_register, i32 %tmpdist_b_10, i32 %tmpdist_a_5" [/home/nehaprakriya/Documents/tapa/regression/knn/src/run_split_check/cpp/krnl_partialKnn_wrapper_17.cpp:228]   --->   Operation 140 'call' 'fcmp_5' <Predicate = (!icmp_ln193)> <Delay = 1.64> <CoreType = "Generic">   --->   Core 0 '' <Latency = 0> <II = 1> <Delay = 1.00> <Generic> <Opcode : >
ST_5 : Operation 141 [4/4] (1.64ns)   --->   "%fcmp_6 = call i1 @compare_with_register, i32 %tmpdist_b_6, i32 %tmpdist_a_6" [/home/nehaprakriya/Documents/tapa/regression/knn/src/run_split_check/cpp/krnl_partialKnn_wrapper_17.cpp:228]   --->   Operation 141 'call' 'fcmp_6' <Predicate = (!icmp_ln193)> <Delay = 1.64> <CoreType = "Generic">   --->   Core 0 '' <Latency = 0> <II = 1> <Delay = 1.00> <Generic> <Opcode : >
ST_5 : Operation 142 [4/4] (1.64ns)   --->   "%fcmp_7 = call i1 @compare_with_register, i32 %tmpdist_b_7, i32 %tmpdist_a_7" [/home/nehaprakriya/Documents/tapa/regression/knn/src/run_split_check/cpp/krnl_partialKnn_wrapper_17.cpp:228]   --->   Operation 142 'call' 'fcmp_7' <Predicate = (!icmp_ln193)> <Delay = 1.64> <CoreType = "Generic">   --->   Core 0 '' <Latency = 0> <II = 1> <Delay = 1.00> <Generic> <Opcode : >
ST_5 : Operation 143 [4/4] (1.64ns)   --->   "%fcmp_8 = call i1 @compare_with_register, i32 %tmpdist_b_8, i32 %tmpdist_a_8" [/home/nehaprakriya/Documents/tapa/regression/knn/src/run_split_check/cpp/krnl_partialKnn_wrapper_17.cpp:228]   --->   Operation 143 'call' 'fcmp_8' <Predicate = (!icmp_ln193)> <Delay = 1.64> <CoreType = "Generic">   --->   Core 0 '' <Latency = 0> <II = 1> <Delay = 1.00> <Generic> <Opcode : >
ST_5 : Operation 144 [4/4] (1.64ns)   --->   "%fcmp_9 = call i1 @compare_with_register, i32 %tmpdist_b_9, i32 %tmpdist_a_9" [/home/nehaprakriya/Documents/tapa/regression/knn/src/run_split_check/cpp/krnl_partialKnn_wrapper_17.cpp:228]   --->   Operation 144 'call' 'fcmp_9' <Predicate = (!icmp_ln193)> <Delay = 1.64> <CoreType = "Generic">   --->   Core 0 '' <Latency = 0> <II = 1> <Delay = 1.00> <Generic> <Opcode : >
ST_5 : Operation 145 [1/1] (0.38ns)   --->   "%store_ln193 = store i32 %select_ln215_5, i32 %tmpdist_b_2" [/home/nehaprakriya/Documents/tapa/regression/knn/src/run_split_check/cpp/krnl_partialKnn_wrapper_17.cpp:193]   --->   Operation 145 'store' 'store_ln193' <Predicate = (!icmp_ln193)> <Delay = 0.38>

State 6 <SV = 5> <Delay = 1.77>
ST_6 : Operation 146 [3/4] (1.77ns)   --->   "%fcmp_5 = call i1 @compare_with_register, i32 %tmpdist_b_10, i32 %tmpdist_a_5" [/home/nehaprakriya/Documents/tapa/regression/knn/src/run_split_check/cpp/krnl_partialKnn_wrapper_17.cpp:228]   --->   Operation 146 'call' 'fcmp_5' <Predicate = (!icmp_ln193)> <Delay = 1.77> <CoreType = "Generic">   --->   Core 0 '' <Latency = 0> <II = 1> <Delay = 1.00> <Generic> <Opcode : >
ST_6 : Operation 147 [3/4] (1.77ns)   --->   "%fcmp_6 = call i1 @compare_with_register, i32 %tmpdist_b_6, i32 %tmpdist_a_6" [/home/nehaprakriya/Documents/tapa/regression/knn/src/run_split_check/cpp/krnl_partialKnn_wrapper_17.cpp:228]   --->   Operation 147 'call' 'fcmp_6' <Predicate = (!icmp_ln193)> <Delay = 1.77> <CoreType = "Generic">   --->   Core 0 '' <Latency = 0> <II = 1> <Delay = 1.00> <Generic> <Opcode : >
ST_6 : Operation 148 [3/4] (1.77ns)   --->   "%fcmp_7 = call i1 @compare_with_register, i32 %tmpdist_b_7, i32 %tmpdist_a_7" [/home/nehaprakriya/Documents/tapa/regression/knn/src/run_split_check/cpp/krnl_partialKnn_wrapper_17.cpp:228]   --->   Operation 148 'call' 'fcmp_7' <Predicate = (!icmp_ln193)> <Delay = 1.77> <CoreType = "Generic">   --->   Core 0 '' <Latency = 0> <II = 1> <Delay = 1.00> <Generic> <Opcode : >
ST_6 : Operation 149 [3/4] (1.77ns)   --->   "%fcmp_8 = call i1 @compare_with_register, i32 %tmpdist_b_8, i32 %tmpdist_a_8" [/home/nehaprakriya/Documents/tapa/regression/knn/src/run_split_check/cpp/krnl_partialKnn_wrapper_17.cpp:228]   --->   Operation 149 'call' 'fcmp_8' <Predicate = (!icmp_ln193)> <Delay = 1.77> <CoreType = "Generic">   --->   Core 0 '' <Latency = 0> <II = 1> <Delay = 1.00> <Generic> <Opcode : >
ST_6 : Operation 150 [3/4] (1.77ns)   --->   "%fcmp_9 = call i1 @compare_with_register, i32 %tmpdist_b_9, i32 %tmpdist_a_9" [/home/nehaprakriya/Documents/tapa/regression/knn/src/run_split_check/cpp/krnl_partialKnn_wrapper_17.cpp:228]   --->   Operation 150 'call' 'fcmp_9' <Predicate = (!icmp_ln193)> <Delay = 1.77> <CoreType = "Generic">   --->   Core 0 '' <Latency = 0> <II = 1> <Delay = 1.00> <Generic> <Opcode : >

State 7 <SV = 6> <Delay = 1.77>
ST_7 : Operation 151 [2/4] (1.77ns)   --->   "%fcmp_5 = call i1 @compare_with_register, i32 %tmpdist_b_10, i32 %tmpdist_a_5" [/home/nehaprakriya/Documents/tapa/regression/knn/src/run_split_check/cpp/krnl_partialKnn_wrapper_17.cpp:228]   --->   Operation 151 'call' 'fcmp_5' <Predicate = (!icmp_ln193)> <Delay = 1.77> <CoreType = "Generic">   --->   Core 0 '' <Latency = 0> <II = 1> <Delay = 1.00> <Generic> <Opcode : >
ST_7 : Operation 152 [2/4] (1.77ns)   --->   "%fcmp_6 = call i1 @compare_with_register, i32 %tmpdist_b_6, i32 %tmpdist_a_6" [/home/nehaprakriya/Documents/tapa/regression/knn/src/run_split_check/cpp/krnl_partialKnn_wrapper_17.cpp:228]   --->   Operation 152 'call' 'fcmp_6' <Predicate = (!icmp_ln193)> <Delay = 1.77> <CoreType = "Generic">   --->   Core 0 '' <Latency = 0> <II = 1> <Delay = 1.00> <Generic> <Opcode : >
ST_7 : Operation 153 [2/4] (1.77ns)   --->   "%fcmp_7 = call i1 @compare_with_register, i32 %tmpdist_b_7, i32 %tmpdist_a_7" [/home/nehaprakriya/Documents/tapa/regression/knn/src/run_split_check/cpp/krnl_partialKnn_wrapper_17.cpp:228]   --->   Operation 153 'call' 'fcmp_7' <Predicate = (!icmp_ln193)> <Delay = 1.77> <CoreType = "Generic">   --->   Core 0 '' <Latency = 0> <II = 1> <Delay = 1.00> <Generic> <Opcode : >
ST_7 : Operation 154 [2/4] (1.77ns)   --->   "%fcmp_8 = call i1 @compare_with_register, i32 %tmpdist_b_8, i32 %tmpdist_a_8" [/home/nehaprakriya/Documents/tapa/regression/knn/src/run_split_check/cpp/krnl_partialKnn_wrapper_17.cpp:228]   --->   Operation 154 'call' 'fcmp_8' <Predicate = (!icmp_ln193)> <Delay = 1.77> <CoreType = "Generic">   --->   Core 0 '' <Latency = 0> <II = 1> <Delay = 1.00> <Generic> <Opcode : >
ST_7 : Operation 155 [2/4] (1.77ns)   --->   "%fcmp_9 = call i1 @compare_with_register, i32 %tmpdist_b_9, i32 %tmpdist_a_9" [/home/nehaprakriya/Documents/tapa/regression/knn/src/run_split_check/cpp/krnl_partialKnn_wrapper_17.cpp:228]   --->   Operation 155 'call' 'fcmp_9' <Predicate = (!icmp_ln193)> <Delay = 1.77> <CoreType = "Generic">   --->   Core 0 '' <Latency = 0> <II = 1> <Delay = 1.00> <Generic> <Opcode : >

State 8 <SV = 7> <Delay = 0.84>
ST_8 : Operation 156 [1/1] (0.00ns)   --->   "%tmpid_y_2_load_1 = load i32 %tmpid_y_2" [/home/nehaprakriya/Documents/tapa/regression/knn/src/run_split_check/cpp/krnl_partialKnn_wrapper_17.cpp:215]   --->   Operation 156 'load' 'tmpid_y_2_load_1' <Predicate = true> <Delay = 0.00>
ST_8 : Operation 157 [1/1] (0.00ns)   --->   "%tmpid_x_2_load_1 = load i32 %tmpid_x_2" [/home/nehaprakriya/Documents/tapa/regression/knn/src/run_split_check/cpp/krnl_partialKnn_wrapper_17.cpp:215]   --->   Operation 157 'load' 'tmpid_x_2_load_1' <Predicate = true> <Delay = 0.00>
ST_8 : Operation 158 [1/1] (0.00ns)   --->   "%tmpid_y_load_1 = load i32 %tmpid_y" [/home/nehaprakriya/Documents/tapa/regression/knn/src/run_split_check/cpp/krnl_partialKnn_wrapper_17.cpp:215]   --->   Operation 158 'load' 'tmpid_y_load_1' <Predicate = true> <Delay = 0.00>
ST_8 : Operation 159 [1/1] (0.00ns)   --->   "%tmpid_x_load_1 = load i32 %tmpid_x" [/home/nehaprakriya/Documents/tapa/regression/knn/src/run_split_check/cpp/krnl_partialKnn_wrapper_17.cpp:215]   --->   Operation 159 'load' 'tmpid_x_load_1' <Predicate = true> <Delay = 0.00>
ST_8 : Operation 160 [1/1] (0.00ns)   --->   "%tmpid_y_3_load_1 = load i32 %tmpid_y_3" [/home/nehaprakriya/Documents/tapa/regression/knn/src/run_split_check/cpp/krnl_partialKnn_wrapper_17.cpp:215]   --->   Operation 160 'load' 'tmpid_y_3_load_1' <Predicate = true> <Delay = 0.00>
ST_8 : Operation 161 [1/1] (0.00ns)   --->   "%tmpid_x_3_load_1 = load i32 %tmpid_x_3" [/home/nehaprakriya/Documents/tapa/regression/knn/src/run_split_check/cpp/krnl_partialKnn_wrapper_17.cpp:215]   --->   Operation 161 'load' 'tmpid_x_3_load_1' <Predicate = true> <Delay = 0.00>
ST_8 : Operation 162 [1/1] (0.00ns)   --->   "%tmpid_y_1_load_1 = load i32 %tmpid_y_1" [/home/nehaprakriya/Documents/tapa/regression/knn/src/run_split_check/cpp/krnl_partialKnn_wrapper_17.cpp:215]   --->   Operation 162 'load' 'tmpid_y_1_load_1' <Predicate = true> <Delay = 0.00>
ST_8 : Operation 163 [1/1] (0.00ns)   --->   "%tmpid_x_1_load_1 = load i32 %tmpid_x_1" [/home/nehaprakriya/Documents/tapa/regression/knn/src/run_split_check/cpp/krnl_partialKnn_wrapper_17.cpp:215]   --->   Operation 163 'load' 'tmpid_x_1_load_1' <Predicate = true> <Delay = 0.00>
ST_8 : Operation 164 [1/1] (0.00ns)   --->   "%tmpid_y_4_load_1 = load i32 %tmpid_y_4" [/home/nehaprakriya/Documents/tapa/regression/knn/src/run_split_check/cpp/krnl_partialKnn_wrapper_17.cpp:215]   --->   Operation 164 'load' 'tmpid_y_4_load_1' <Predicate = true> <Delay = 0.00>
ST_8 : Operation 165 [1/1] (0.00ns)   --->   "%tmpid_x_4_load_1 = load i32 %tmpid_x_4" [/home/nehaprakriya/Documents/tapa/regression/knn/src/run_split_check/cpp/krnl_partialKnn_wrapper_17.cpp:215]   --->   Operation 165 'load' 'tmpid_x_4_load_1' <Predicate = true> <Delay = 0.00>
ST_8 : Operation 166 [1/1] (0.00ns)   --->   "%specpipeline_ln194 = specpipeline void @_ssdm_op_SpecPipeline, i32 2, i32 0, i32 0, i32 0, void @empty_10" [/home/nehaprakriya/Documents/tapa/regression/knn/src/run_split_check/cpp/krnl_partialKnn_wrapper_17.cpp:194]   --->   Operation 166 'specpipeline' 'specpipeline_ln194' <Predicate = true> <Delay = 0.00>
ST_8 : Operation 167 [1/1] (0.00ns)   --->   "%specloopname_ln193 = specloopname void @_ssdm_op_SpecLoopName, void @empty_7" [/home/nehaprakriya/Documents/tapa/regression/knn/src/run_split_check/cpp/krnl_partialKnn_wrapper_17.cpp:193]   --->   Operation 167 'specloopname' 'specloopname_ln193' <Predicate = true> <Delay = 0.00>
ST_8 : Operation 168 [1/1] (0.22ns)   --->   "%tmpid_x_5 = select i1 %fcmp, i32 %tmpid_y_4_load_1, i32 %tmpid_x_4_load_1" [/home/nehaprakriya/Documents/tapa/regression/knn/src/run_split_check/cpp/krnl_partialKnn_wrapper_17.cpp:215]   --->   Operation 168 'select' 'tmpid_x_5' <Predicate = true> <Delay = 0.22> <CoreInst = "Sel">   --->   Core 73 'Sel' <Latency = 0> <II = 1> <Delay = 0.22> <FuncUnit> <Opcode : 'select'> <InPorts = 3> <OutPorts = 1>
ST_8 : Operation 169 [1/1] (0.22ns)   --->   "%tmpid_y_5 = select i1 %fcmp, i32 %tmpid_x_4_load_1, i32 %tmpid_y_4_load_1" [/home/nehaprakriya/Documents/tapa/regression/knn/src/run_split_check/cpp/krnl_partialKnn_wrapper_17.cpp:215]   --->   Operation 169 'select' 'tmpid_y_5' <Predicate = true> <Delay = 0.22> <CoreInst = "Sel">   --->   Core 73 'Sel' <Latency = 0> <II = 1> <Delay = 0.22> <FuncUnit> <Opcode : 'select'> <InPorts = 3> <OutPorts = 1>
ST_8 : Operation 170 [1/1] (0.22ns)   --->   "%tmpid_x_6 = select i1 %fcmp_1, i32 %tmpid_y_1_load_1, i32 %tmpid_x_1_load_1" [/home/nehaprakriya/Documents/tapa/regression/knn/src/run_split_check/cpp/krnl_partialKnn_wrapper_17.cpp:215]   --->   Operation 170 'select' 'tmpid_x_6' <Predicate = true> <Delay = 0.22> <CoreInst = "Sel">   --->   Core 73 'Sel' <Latency = 0> <II = 1> <Delay = 0.22> <FuncUnit> <Opcode : 'select'> <InPorts = 3> <OutPorts = 1>
ST_8 : Operation 171 [1/1] (0.22ns)   --->   "%tmpid_y_6 = select i1 %fcmp_1, i32 %tmpid_x_1_load_1, i32 %tmpid_y_1_load_1" [/home/nehaprakriya/Documents/tapa/regression/knn/src/run_split_check/cpp/krnl_partialKnn_wrapper_17.cpp:215]   --->   Operation 171 'select' 'tmpid_y_6' <Predicate = true> <Delay = 0.22> <CoreInst = "Sel">   --->   Core 73 'Sel' <Latency = 0> <II = 1> <Delay = 0.22> <FuncUnit> <Opcode : 'select'> <InPorts = 3> <OutPorts = 1>
ST_8 : Operation 172 [1/1] (0.22ns)   --->   "%tmpid_x_7 = select i1 %fcmp_2, i32 %tmpid_y_3_load_1, i32 %tmpid_x_3_load_1" [/home/nehaprakriya/Documents/tapa/regression/knn/src/run_split_check/cpp/krnl_partialKnn_wrapper_17.cpp:215]   --->   Operation 172 'select' 'tmpid_x_7' <Predicate = true> <Delay = 0.22> <CoreInst = "Sel">   --->   Core 73 'Sel' <Latency = 0> <II = 1> <Delay = 0.22> <FuncUnit> <Opcode : 'select'> <InPorts = 3> <OutPorts = 1>
ST_8 : Operation 173 [1/1] (0.22ns)   --->   "%tmpid_y_7 = select i1 %fcmp_2, i32 %tmpid_x_3_load_1, i32 %tmpid_y_3_load_1" [/home/nehaprakriya/Documents/tapa/regression/knn/src/run_split_check/cpp/krnl_partialKnn_wrapper_17.cpp:215]   --->   Operation 173 'select' 'tmpid_y_7' <Predicate = true> <Delay = 0.22> <CoreInst = "Sel">   --->   Core 73 'Sel' <Latency = 0> <II = 1> <Delay = 0.22> <FuncUnit> <Opcode : 'select'> <InPorts = 3> <OutPorts = 1>
ST_8 : Operation 174 [1/1] (0.22ns)   --->   "%tmpid_x_8 = select i1 %fcmp_3, i32 %tmpid_y_load_1, i32 %tmpid_x_load_1" [/home/nehaprakriya/Documents/tapa/regression/knn/src/run_split_check/cpp/krnl_partialKnn_wrapper_17.cpp:215]   --->   Operation 174 'select' 'tmpid_x_8' <Predicate = true> <Delay = 0.22> <CoreInst = "Sel">   --->   Core 73 'Sel' <Latency = 0> <II = 1> <Delay = 0.22> <FuncUnit> <Opcode : 'select'> <InPorts = 3> <OutPorts = 1>
ST_8 : Operation 175 [1/1] (0.22ns)   --->   "%tmpid_y_8 = select i1 %fcmp_3, i32 %tmpid_x_load_1, i32 %tmpid_y_load_1" [/home/nehaprakriya/Documents/tapa/regression/knn/src/run_split_check/cpp/krnl_partialKnn_wrapper_17.cpp:215]   --->   Operation 175 'select' 'tmpid_y_8' <Predicate = true> <Delay = 0.22> <CoreInst = "Sel">   --->   Core 73 'Sel' <Latency = 0> <II = 1> <Delay = 0.22> <FuncUnit> <Opcode : 'select'> <InPorts = 3> <OutPorts = 1>
ST_8 : Operation 176 [1/1] (0.22ns)   --->   "%tmpid_x_9 = select i1 %fcmp_4, i32 %tmpid_y_2_load_1, i32 %tmpid_x_2_load_1" [/home/nehaprakriya/Documents/tapa/regression/knn/src/run_split_check/cpp/krnl_partialKnn_wrapper_17.cpp:215]   --->   Operation 176 'select' 'tmpid_x_9' <Predicate = true> <Delay = 0.22> <CoreInst = "Sel">   --->   Core 73 'Sel' <Latency = 0> <II = 1> <Delay = 0.22> <FuncUnit> <Opcode : 'select'> <InPorts = 3> <OutPorts = 1>
ST_8 : Operation 177 [1/1] (0.22ns)   --->   "%select_ln215_7 = select i1 %fcmp_4, i32 %tmpid_x_2_load_1, i32 %tmpid_y_2_load_1" [/home/nehaprakriya/Documents/tapa/regression/knn/src/run_split_check/cpp/krnl_partialKnn_wrapper_17.cpp:215]   --->   Operation 177 'select' 'select_ln215_7' <Predicate = true> <Delay = 0.22> <CoreInst = "Sel">   --->   Core 73 'Sel' <Latency = 0> <II = 1> <Delay = 0.22> <FuncUnit> <Opcode : 'select'> <InPorts = 3> <OutPorts = 1>
ST_8 : Operation 178 [1/4] (0.00ns)   --->   "%fcmp_5 = call i1 @compare_with_register, i32 %tmpdist_b_10, i32 %tmpdist_a_5" [/home/nehaprakriya/Documents/tapa/regression/knn/src/run_split_check/cpp/krnl_partialKnn_wrapper_17.cpp:228]   --->   Operation 178 'call' 'fcmp_5' <Predicate = true> <Delay = 0.00> <CoreType = "Generic">   --->   Core 0 '' <Latency = 0> <II = 1> <Delay = 1.00> <Generic> <Opcode : >
ST_8 : Operation 179 [1/1] (0.22ns)   --->   "%select_ln229 = select i1 %fcmp_5, i32 %tmpdist_b_10, i32 %tmpdist_a_5" [/home/nehaprakriya/Documents/tapa/regression/knn/src/run_split_check/cpp/krnl_partialKnn_wrapper_17.cpp:229]   --->   Operation 179 'select' 'select_ln229' <Predicate = true> <Delay = 0.22> <CoreInst = "Sel">   --->   Core 73 'Sel' <Latency = 0> <II = 1> <Delay = 0.22> <FuncUnit> <Opcode : 'select'> <InPorts = 3> <OutPorts = 1>
ST_8 : Operation 180 [1/1] (0.22ns)   --->   "%select_ln229_1 = select i1 %fcmp_5, i32 %add_ln229, i32 %tmpid_x_5" [/home/nehaprakriya/Documents/tapa/regression/knn/src/run_split_check/cpp/krnl_partialKnn_wrapper_17.cpp:229]   --->   Operation 180 'select' 'select_ln229_1' <Predicate = true> <Delay = 0.22> <CoreInst = "Sel">   --->   Core 73 'Sel' <Latency = 0> <II = 1> <Delay = 0.22> <FuncUnit> <Opcode : 'select'> <InPorts = 3> <OutPorts = 1>
ST_8 : Operation 181 [1/1] (0.22ns)   --->   "%select_ln229_2 = select i1 %fcmp_5, i32 %tmpid_x_5, i32 %add_ln229" [/home/nehaprakriya/Documents/tapa/regression/knn/src/run_split_check/cpp/krnl_partialKnn_wrapper_17.cpp:229]   --->   Operation 181 'select' 'select_ln229_2' <Predicate = true> <Delay = 0.22> <CoreInst = "Sel">   --->   Core 73 'Sel' <Latency = 0> <II = 1> <Delay = 0.22> <FuncUnit> <Opcode : 'select'> <InPorts = 3> <OutPorts = 1>
ST_8 : Operation 182 [1/1] (0.22ns)   --->   "%select_ln229_3 = select i1 %fcmp_5, i32 %tmpdist_a_5, i32 %tmpdist_b_10" [/home/nehaprakriya/Documents/tapa/regression/knn/src/run_split_check/cpp/krnl_partialKnn_wrapper_17.cpp:229]   --->   Operation 182 'select' 'select_ln229_3' <Predicate = true> <Delay = 0.22> <CoreInst = "Sel">   --->   Core 73 'Sel' <Latency = 0> <II = 1> <Delay = 0.22> <FuncUnit> <Opcode : 'select'> <InPorts = 3> <OutPorts = 1>
ST_8 : Operation 183 [1/4] (0.00ns)   --->   "%fcmp_6 = call i1 @compare_with_register, i32 %tmpdist_b_6, i32 %tmpdist_a_6" [/home/nehaprakriya/Documents/tapa/regression/knn/src/run_split_check/cpp/krnl_partialKnn_wrapper_17.cpp:228]   --->   Operation 183 'call' 'fcmp_6' <Predicate = true> <Delay = 0.00> <CoreType = "Generic">   --->   Core 0 '' <Latency = 0> <II = 1> <Delay = 1.00> <Generic> <Opcode : >
ST_8 : Operation 184 [1/1] (0.22ns)   --->   "%select_ln229_4 = select i1 %fcmp_6, i32 %tmpdist_a_6, i32 %tmpdist_b_6" [/home/nehaprakriya/Documents/tapa/regression/knn/src/run_split_check/cpp/krnl_partialKnn_wrapper_17.cpp:229]   --->   Operation 184 'select' 'select_ln229_4' <Predicate = true> <Delay = 0.22> <CoreInst = "Sel">   --->   Core 73 'Sel' <Latency = 0> <II = 1> <Delay = 0.22> <FuncUnit> <Opcode : 'select'> <InPorts = 3> <OutPorts = 1>
ST_8 : Operation 185 [1/1] (0.22ns)   --->   "%select_ln229_5 = select i1 %fcmp_6, i32 %tmpdist_b_6, i32 %tmpdist_a_6" [/home/nehaprakriya/Documents/tapa/regression/knn/src/run_split_check/cpp/krnl_partialKnn_wrapper_17.cpp:229]   --->   Operation 185 'select' 'select_ln229_5' <Predicate = true> <Delay = 0.22> <CoreInst = "Sel">   --->   Core 73 'Sel' <Latency = 0> <II = 1> <Delay = 0.22> <FuncUnit> <Opcode : 'select'> <InPorts = 3> <OutPorts = 1>
ST_8 : Operation 186 [1/1] (0.22ns)   --->   "%select_ln229_6 = select i1 %fcmp_6, i32 %tmpid_x_6, i32 %tmpid_y_5" [/home/nehaprakriya/Documents/tapa/regression/knn/src/run_split_check/cpp/krnl_partialKnn_wrapper_17.cpp:229]   --->   Operation 186 'select' 'select_ln229_6' <Predicate = true> <Delay = 0.22> <CoreInst = "Sel">   --->   Core 73 'Sel' <Latency = 0> <II = 1> <Delay = 0.22> <FuncUnit> <Opcode : 'select'> <InPorts = 3> <OutPorts = 1>
ST_8 : Operation 187 [1/1] (0.22ns)   --->   "%select_ln229_7 = select i1 %fcmp_6, i32 %tmpid_y_5, i32 %tmpid_x_6" [/home/nehaprakriya/Documents/tapa/regression/knn/src/run_split_check/cpp/krnl_partialKnn_wrapper_17.cpp:229]   --->   Operation 187 'select' 'select_ln229_7' <Predicate = true> <Delay = 0.22> <CoreInst = "Sel">   --->   Core 73 'Sel' <Latency = 0> <II = 1> <Delay = 0.22> <FuncUnit> <Opcode : 'select'> <InPorts = 3> <OutPorts = 1>
ST_8 : Operation 188 [1/4] (0.00ns)   --->   "%fcmp_7 = call i1 @compare_with_register, i32 %tmpdist_b_7, i32 %tmpdist_a_7" [/home/nehaprakriya/Documents/tapa/regression/knn/src/run_split_check/cpp/krnl_partialKnn_wrapper_17.cpp:228]   --->   Operation 188 'call' 'fcmp_7' <Predicate = true> <Delay = 0.00> <CoreType = "Generic">   --->   Core 0 '' <Latency = 0> <II = 1> <Delay = 1.00> <Generic> <Opcode : >
ST_8 : Operation 189 [1/1] (0.22ns)   --->   "%select_ln229_8 = select i1 %fcmp_7, i32 %tmpdist_a_7, i32 %tmpdist_b_7" [/home/nehaprakriya/Documents/tapa/regression/knn/src/run_split_check/cpp/krnl_partialKnn_wrapper_17.cpp:229]   --->   Operation 189 'select' 'select_ln229_8' <Predicate = true> <Delay = 0.22> <CoreInst = "Sel">   --->   Core 73 'Sel' <Latency = 0> <II = 1> <Delay = 0.22> <FuncUnit> <Opcode : 'select'> <InPorts = 3> <OutPorts = 1>
ST_8 : Operation 190 [1/1] (0.22ns)   --->   "%select_ln229_9 = select i1 %fcmp_7, i32 %tmpdist_b_7, i32 %tmpdist_a_7" [/home/nehaprakriya/Documents/tapa/regression/knn/src/run_split_check/cpp/krnl_partialKnn_wrapper_17.cpp:229]   --->   Operation 190 'select' 'select_ln229_9' <Predicate = true> <Delay = 0.22> <CoreInst = "Sel">   --->   Core 73 'Sel' <Latency = 0> <II = 1> <Delay = 0.22> <FuncUnit> <Opcode : 'select'> <InPorts = 3> <OutPorts = 1>
ST_8 : Operation 191 [1/1] (0.22ns)   --->   "%select_ln229_10 = select i1 %fcmp_7, i32 %tmpid_x_7, i32 %tmpid_y_6" [/home/nehaprakriya/Documents/tapa/regression/knn/src/run_split_check/cpp/krnl_partialKnn_wrapper_17.cpp:229]   --->   Operation 191 'select' 'select_ln229_10' <Predicate = true> <Delay = 0.22> <CoreInst = "Sel">   --->   Core 73 'Sel' <Latency = 0> <II = 1> <Delay = 0.22> <FuncUnit> <Opcode : 'select'> <InPorts = 3> <OutPorts = 1>
ST_8 : Operation 192 [1/1] (0.22ns)   --->   "%select_ln229_11 = select i1 %fcmp_7, i32 %tmpid_y_6, i32 %tmpid_x_7" [/home/nehaprakriya/Documents/tapa/regression/knn/src/run_split_check/cpp/krnl_partialKnn_wrapper_17.cpp:229]   --->   Operation 192 'select' 'select_ln229_11' <Predicate = true> <Delay = 0.22> <CoreInst = "Sel">   --->   Core 73 'Sel' <Latency = 0> <II = 1> <Delay = 0.22> <FuncUnit> <Opcode : 'select'> <InPorts = 3> <OutPorts = 1>
ST_8 : Operation 193 [1/4] (0.00ns)   --->   "%fcmp_8 = call i1 @compare_with_register, i32 %tmpdist_b_8, i32 %tmpdist_a_8" [/home/nehaprakriya/Documents/tapa/regression/knn/src/run_split_check/cpp/krnl_partialKnn_wrapper_17.cpp:228]   --->   Operation 193 'call' 'fcmp_8' <Predicate = true> <Delay = 0.00> <CoreType = "Generic">   --->   Core 0 '' <Latency = 0> <II = 1> <Delay = 1.00> <Generic> <Opcode : >
ST_8 : Operation 194 [1/1] (0.22ns)   --->   "%select_ln229_12 = select i1 %fcmp_8, i32 %tmpdist_a_8, i32 %tmpdist_b_8" [/home/nehaprakriya/Documents/tapa/regression/knn/src/run_split_check/cpp/krnl_partialKnn_wrapper_17.cpp:229]   --->   Operation 194 'select' 'select_ln229_12' <Predicate = true> <Delay = 0.22> <CoreInst = "Sel">   --->   Core 73 'Sel' <Latency = 0> <II = 1> <Delay = 0.22> <FuncUnit> <Opcode : 'select'> <InPorts = 3> <OutPorts = 1>
ST_8 : Operation 195 [1/1] (0.22ns)   --->   "%select_ln229_13 = select i1 %fcmp_8, i32 %tmpdist_b_8, i32 %tmpdist_a_8" [/home/nehaprakriya/Documents/tapa/regression/knn/src/run_split_check/cpp/krnl_partialKnn_wrapper_17.cpp:229]   --->   Operation 195 'select' 'select_ln229_13' <Predicate = true> <Delay = 0.22> <CoreInst = "Sel">   --->   Core 73 'Sel' <Latency = 0> <II = 1> <Delay = 0.22> <FuncUnit> <Opcode : 'select'> <InPorts = 3> <OutPorts = 1>
ST_8 : Operation 196 [1/1] (0.22ns)   --->   "%select_ln229_14 = select i1 %fcmp_8, i32 %tmpid_x_8, i32 %tmpid_y_7" [/home/nehaprakriya/Documents/tapa/regression/knn/src/run_split_check/cpp/krnl_partialKnn_wrapper_17.cpp:229]   --->   Operation 196 'select' 'select_ln229_14' <Predicate = true> <Delay = 0.22> <CoreInst = "Sel">   --->   Core 73 'Sel' <Latency = 0> <II = 1> <Delay = 0.22> <FuncUnit> <Opcode : 'select'> <InPorts = 3> <OutPorts = 1>
ST_8 : Operation 197 [1/1] (0.22ns)   --->   "%select_ln229_15 = select i1 %fcmp_8, i32 %tmpid_y_7, i32 %tmpid_x_8" [/home/nehaprakriya/Documents/tapa/regression/knn/src/run_split_check/cpp/krnl_partialKnn_wrapper_17.cpp:229]   --->   Operation 197 'select' 'select_ln229_15' <Predicate = true> <Delay = 0.22> <CoreInst = "Sel">   --->   Core 73 'Sel' <Latency = 0> <II = 1> <Delay = 0.22> <FuncUnit> <Opcode : 'select'> <InPorts = 3> <OutPorts = 1>
ST_8 : Operation 198 [1/4] (0.00ns)   --->   "%fcmp_9 = call i1 @compare_with_register, i32 %tmpdist_b_9, i32 %tmpdist_a_9" [/home/nehaprakriya/Documents/tapa/regression/knn/src/run_split_check/cpp/krnl_partialKnn_wrapper_17.cpp:228]   --->   Operation 198 'call' 'fcmp_9' <Predicate = true> <Delay = 0.00> <CoreType = "Generic">   --->   Core 0 '' <Latency = 0> <II = 1> <Delay = 1.00> <Generic> <Opcode : >
ST_8 : Operation 199 [1/1] (0.22ns)   --->   "%select_ln229_16 = select i1 %fcmp_9, i32 %tmpdist_a_9, i32 %tmpdist_b_9" [/home/nehaprakriya/Documents/tapa/regression/knn/src/run_split_check/cpp/krnl_partialKnn_wrapper_17.cpp:229]   --->   Operation 199 'select' 'select_ln229_16' <Predicate = true> <Delay = 0.22> <CoreInst = "Sel">   --->   Core 73 'Sel' <Latency = 0> <II = 1> <Delay = 0.22> <FuncUnit> <Opcode : 'select'> <InPorts = 3> <OutPorts = 1>
ST_8 : Operation 200 [1/1] (0.22ns)   --->   "%select_ln229_17 = select i1 %fcmp_9, i32 %tmpdist_b_9, i32 %tmpdist_a_9" [/home/nehaprakriya/Documents/tapa/regression/knn/src/run_split_check/cpp/krnl_partialKnn_wrapper_17.cpp:229]   --->   Operation 200 'select' 'select_ln229_17' <Predicate = true> <Delay = 0.22> <CoreInst = "Sel">   --->   Core 73 'Sel' <Latency = 0> <II = 1> <Delay = 0.22> <FuncUnit> <Opcode : 'select'> <InPorts = 3> <OutPorts = 1>
ST_8 : Operation 201 [1/1] (0.22ns)   --->   "%select_ln229_18 = select i1 %fcmp_9, i32 %tmpid_x_9, i32 %tmpid_y_8" [/home/nehaprakriya/Documents/tapa/regression/knn/src/run_split_check/cpp/krnl_partialKnn_wrapper_17.cpp:229]   --->   Operation 201 'select' 'select_ln229_18' <Predicate = true> <Delay = 0.22> <CoreInst = "Sel">   --->   Core 73 'Sel' <Latency = 0> <II = 1> <Delay = 0.22> <FuncUnit> <Opcode : 'select'> <InPorts = 3> <OutPorts = 1>
ST_8 : Operation 202 [1/1] (0.22ns)   --->   "%select_ln229_19 = select i1 %fcmp_9, i32 %tmpid_y_8, i32 %tmpid_x_9" [/home/nehaprakriya/Documents/tapa/regression/knn/src/run_split_check/cpp/krnl_partialKnn_wrapper_17.cpp:229]   --->   Operation 202 'select' 'select_ln229_19' <Predicate = true> <Delay = 0.22> <CoreInst = "Sel">   --->   Core 73 'Sel' <Latency = 0> <II = 1> <Delay = 0.22> <FuncUnit> <Opcode : 'select'> <InPorts = 3> <OutPorts = 1>
ST_8 : Operation 203 [1/1] (0.38ns)   --->   "%store_ln193 = store i32 %select_ln229_4, i32 %tmpdist_b_4" [/home/nehaprakriya/Documents/tapa/regression/knn/src/run_split_check/cpp/krnl_partialKnn_wrapper_17.cpp:193]   --->   Operation 203 'store' 'store_ln193' <Predicate = true> <Delay = 0.38>
ST_8 : Operation 204 [1/1] (0.38ns)   --->   "%store_ln193 = store i32 %select_ln229_5, i32 %tmpdist_a_1" [/home/nehaprakriya/Documents/tapa/regression/knn/src/run_split_check/cpp/krnl_partialKnn_wrapper_17.cpp:193]   --->   Operation 204 'store' 'store_ln193' <Predicate = true> <Delay = 0.38>
ST_8 : Operation 205 [1/1] (0.38ns)   --->   "%store_ln193 = store i32 %select_ln229_8, i32 %tmpdist_b_1" [/home/nehaprakriya/Documents/tapa/regression/knn/src/run_split_check/cpp/krnl_partialKnn_wrapper_17.cpp:193]   --->   Operation 205 'store' 'store_ln193' <Predicate = true> <Delay = 0.38>
ST_8 : Operation 206 [1/1] (0.38ns)   --->   "%store_ln193 = store i32 %select_ln229_9, i32 %tmpdist_a_3" [/home/nehaprakriya/Documents/tapa/regression/knn/src/run_split_check/cpp/krnl_partialKnn_wrapper_17.cpp:193]   --->   Operation 206 'store' 'store_ln193' <Predicate = true> <Delay = 0.38>
ST_8 : Operation 207 [1/1] (0.38ns)   --->   "%store_ln193 = store i32 %select_ln229_12, i32 %tmpdist_b_3" [/home/nehaprakriya/Documents/tapa/regression/knn/src/run_split_check/cpp/krnl_partialKnn_wrapper_17.cpp:193]   --->   Operation 207 'store' 'store_ln193' <Predicate = true> <Delay = 0.38>
ST_8 : Operation 208 [1/1] (0.38ns)   --->   "%store_ln193 = store i32 %select_ln229_13, i32 %tmpdist_a" [/home/nehaprakriya/Documents/tapa/regression/knn/src/run_split_check/cpp/krnl_partialKnn_wrapper_17.cpp:193]   --->   Operation 208 'store' 'store_ln193' <Predicate = true> <Delay = 0.38>
ST_8 : Operation 209 [1/1] (0.38ns)   --->   "%store_ln193 = store i32 %select_ln229_16, i32 %tmpdist_b" [/home/nehaprakriya/Documents/tapa/regression/knn/src/run_split_check/cpp/krnl_partialKnn_wrapper_17.cpp:193]   --->   Operation 209 'store' 'store_ln193' <Predicate = true> <Delay = 0.38>
ST_8 : Operation 210 [1/1] (0.38ns)   --->   "%store_ln193 = store i32 %select_ln229_17, i32 %tmpdist_a_2" [/home/nehaprakriya/Documents/tapa/regression/knn/src/run_split_check/cpp/krnl_partialKnn_wrapper_17.cpp:193]   --->   Operation 210 'store' 'store_ln193' <Predicate = true> <Delay = 0.38>
ST_8 : Operation 211 [1/1] (0.38ns)   --->   "%store_ln193 = store i32 %select_ln229, i32 %tmpdist_a_4" [/home/nehaprakriya/Documents/tapa/regression/knn/src/run_split_check/cpp/krnl_partialKnn_wrapper_17.cpp:193]   --->   Operation 211 'store' 'store_ln193' <Predicate = true> <Delay = 0.38>
ST_8 : Operation 212 [1/1] (0.38ns)   --->   "%store_ln193 = store i32 %select_ln229_1, i32 %tmpid_x_4" [/home/nehaprakriya/Documents/tapa/regression/knn/src/run_split_check/cpp/krnl_partialKnn_wrapper_17.cpp:193]   --->   Operation 212 'store' 'store_ln193' <Predicate = true> <Delay = 0.38>
ST_8 : Operation 213 [1/1] (0.38ns)   --->   "%store_ln193 = store i32 %select_ln229_6, i32 %tmpid_y_4" [/home/nehaprakriya/Documents/tapa/regression/knn/src/run_split_check/cpp/krnl_partialKnn_wrapper_17.cpp:193]   --->   Operation 213 'store' 'store_ln193' <Predicate = true> <Delay = 0.38>
ST_8 : Operation 214 [1/1] (0.38ns)   --->   "%store_ln193 = store i32 %select_ln229_7, i32 %tmpid_x_1" [/home/nehaprakriya/Documents/tapa/regression/knn/src/run_split_check/cpp/krnl_partialKnn_wrapper_17.cpp:193]   --->   Operation 214 'store' 'store_ln193' <Predicate = true> <Delay = 0.38>
ST_8 : Operation 215 [1/1] (0.38ns)   --->   "%store_ln193 = store i32 %select_ln229_10, i32 %tmpid_y_1" [/home/nehaprakriya/Documents/tapa/regression/knn/src/run_split_check/cpp/krnl_partialKnn_wrapper_17.cpp:193]   --->   Operation 215 'store' 'store_ln193' <Predicate = true> <Delay = 0.38>
ST_8 : Operation 216 [1/1] (0.38ns)   --->   "%store_ln193 = store i32 %select_ln229_11, i32 %tmpid_x_3" [/home/nehaprakriya/Documents/tapa/regression/knn/src/run_split_check/cpp/krnl_partialKnn_wrapper_17.cpp:193]   --->   Operation 216 'store' 'store_ln193' <Predicate = true> <Delay = 0.38>
ST_8 : Operation 217 [1/1] (0.38ns)   --->   "%store_ln193 = store i32 %select_ln229_14, i32 %tmpid_y_3" [/home/nehaprakriya/Documents/tapa/regression/knn/src/run_split_check/cpp/krnl_partialKnn_wrapper_17.cpp:193]   --->   Operation 217 'store' 'store_ln193' <Predicate = true> <Delay = 0.38>
ST_8 : Operation 218 [1/1] (0.38ns)   --->   "%store_ln193 = store i32 %select_ln229_15, i32 %tmpid_x" [/home/nehaprakriya/Documents/tapa/regression/knn/src/run_split_check/cpp/krnl_partialKnn_wrapper_17.cpp:193]   --->   Operation 218 'store' 'store_ln193' <Predicate = true> <Delay = 0.38>
ST_8 : Operation 219 [1/1] (0.38ns)   --->   "%store_ln193 = store i32 %select_ln229_18, i32 %tmpid_y" [/home/nehaprakriya/Documents/tapa/regression/knn/src/run_split_check/cpp/krnl_partialKnn_wrapper_17.cpp:193]   --->   Operation 219 'store' 'store_ln193' <Predicate = true> <Delay = 0.38>
ST_8 : Operation 220 [1/1] (0.38ns)   --->   "%store_ln193 = store i32 %select_ln229_19, i32 %tmpid_x_2" [/home/nehaprakriya/Documents/tapa/regression/knn/src/run_split_check/cpp/krnl_partialKnn_wrapper_17.cpp:193]   --->   Operation 220 'store' 'store_ln193' <Predicate = true> <Delay = 0.38>
ST_8 : Operation 221 [1/1] (0.38ns)   --->   "%store_ln193 = store i32 %select_ln215_7, i32 %tmpid_y_2" [/home/nehaprakriya/Documents/tapa/regression/knn/src/run_split_check/cpp/krnl_partialKnn_wrapper_17.cpp:193]   --->   Operation 221 'store' 'store_ln193' <Predicate = true> <Delay = 0.38>
ST_8 : Operation 222 [1/1] (0.00ns)   --->   "%store_ln193 = store i32 %select_ln229_2, i32 %local_kNearstId_0_0" [/home/nehaprakriya/Documents/tapa/regression/knn/src/run_split_check/cpp/krnl_partialKnn_wrapper_17.cpp:193]   --->   Operation 222 'store' 'store_ln193' <Predicate = true> <Delay = 0.00>
ST_8 : Operation 223 [1/1] (0.00ns)   --->   "%store_ln193 = store i32 %select_ln229_3, i32 %local_kNearstDist_0_0" [/home/nehaprakriya/Documents/tapa/regression/knn/src/run_split_check/cpp/krnl_partialKnn_wrapper_17.cpp:193]   --->   Operation 223 'store' 'store_ln193' <Predicate = true> <Delay = 0.00>
ST_8 : Operation 224 [1/1] (0.00ns)   --->   "%br_ln193 = br void %for.body12" [/home/nehaprakriya/Documents/tapa/regression/knn/src/run_split_check/cpp/krnl_partialKnn_wrapper_17.cpp:193]   --->   Operation 224 'br' 'br_ln193' <Predicate = true> <Delay = 0.00>


============================================================
+ Verbose Summary: Timing violations
============================================================
Target clock period: 3.33ns, clock uncertainty: 0.899ns.

 <State 1>: 0.387ns
The critical path consists of the following:
	'alloca' operation ('tmpdist_b') [48]  (0 ns)
	'store' operation ('store_ln193', /home/nehaprakriya/Documents/tapa/regression/knn/src/run_split_check/cpp/krnl_partialKnn_wrapper_17.cpp:193) of variable 'p_read_18', /home/nehaprakriya/Documents/tapa/regression/knn/src/run_split_check/cpp/krnl_partialKnn_wrapper_17.cpp:193 on local variable 'tmpdist_b' [70]  (0.387 ns)

 <State 2>: 2.28ns
The critical path consists of the following:
	'load' operation ('tmpdist_a_4_load_1', /home/nehaprakriya/Documents/tapa/regression/knn/src/run_split_check/cpp/krnl_partialKnn_wrapper_17.cpp:215) on local variable 'tmpdist_a' [109]  (0 ns)
	'call' operation ('fcmp', /home/nehaprakriya/Documents/tapa/regression/knn/src/run_split_check/cpp/krnl_partialKnn_wrapper_17.cpp:214) to 'compare_with_register' [134]  (1.65 ns)
	blocking operation 0.628 ns on control path)

 <State 3>: 1.77ns
The critical path consists of the following:
	'call' operation ('fcmp', /home/nehaprakriya/Documents/tapa/regression/knn/src/run_split_check/cpp/krnl_partialKnn_wrapper_17.cpp:214) to 'compare_with_register' [134]  (1.77 ns)

 <State 4>: 1.77ns
The critical path consists of the following:
	'call' operation ('fcmp', /home/nehaprakriya/Documents/tapa/regression/knn/src/run_split_check/cpp/krnl_partialKnn_wrapper_17.cpp:214) to 'compare_with_register' [134]  (1.77 ns)

 <State 5>: 1.88ns
The critical path consists of the following:
	'call' operation ('fcmp', /home/nehaprakriya/Documents/tapa/regression/knn/src/run_split_check/cpp/krnl_partialKnn_wrapper_17.cpp:214) to 'compare_with_register' [134]  (0 ns)
	'select' operation ('tmpdist_a', /home/nehaprakriya/Documents/tapa/regression/knn/src/run_split_check/cpp/krnl_partialKnn_wrapper_17.cpp:215) [136]  (0.227 ns)
	'call' operation ('fcmp', /home/nehaprakriya/Documents/tapa/regression/knn/src/run_split_check/cpp/krnl_partialKnn_wrapper_17.cpp:228) to 'compare_with_register' [159]  (1.65 ns)

 <State 6>: 1.77ns
The critical path consists of the following:
	'call' operation ('fcmp', /home/nehaprakriya/Documents/tapa/regression/knn/src/run_split_check/cpp/krnl_partialKnn_wrapper_17.cpp:228) to 'compare_with_register' [159]  (1.77 ns)

 <State 7>: 1.77ns
The critical path consists of the following:
	'call' operation ('fcmp', /home/nehaprakriya/Documents/tapa/regression/knn/src/run_split_check/cpp/krnl_partialKnn_wrapper_17.cpp:228) to 'compare_with_register' [159]  (1.77 ns)

 <State 8>: 0.841ns
The critical path consists of the following:
	'load' operation ('tmpid_y_4_load_1', /home/nehaprakriya/Documents/tapa/regression/knn/src/run_split_check/cpp/krnl_partialKnn_wrapper_17.cpp:215) on local variable 'tmpid_y' [107]  (0 ns)
	'select' operation ('tmpid_x', /home/nehaprakriya/Documents/tapa/regression/knn/src/run_split_check/cpp/krnl_partialKnn_wrapper_17.cpp:215) [137]  (0.227 ns)
	'select' operation ('select_ln229_1', /home/nehaprakriya/Documents/tapa/regression/knn/src/run_split_check/cpp/krnl_partialKnn_wrapper_17.cpp:229) [162]  (0.227 ns)
	'store' operation ('store_ln193', /home/nehaprakriya/Documents/tapa/regression/knn/src/run_split_check/cpp/krnl_partialKnn_wrapper_17.cpp:193) of variable 'select_ln229_1', /home/nehaprakriya/Documents/tapa/regression/knn/src/run_split_check/cpp/krnl_partialKnn_wrapper_17.cpp:229 on local variable 'tmpid_x' [195]  (0.387 ns)


============================================================
+ Verbose Summary: Binding
============================================================
N/A
* FSMD analyzer results:
  - Output states:
 - Input state : 
  - Chain level:
	State 1
	State 2
	State 3
	State 4
	State 5
	State 6
	State 7
	State 8


============================================================
+ Verbose Summary: Datapath Resource usage 
============================================================
N/A
